[0.197s] Invoking command in '/home/ti5/ws_moveit2/build/moveit_ros_move_group': AMENT_PREFIX_PATH=/home/ti5/ws_moveit2/install/moveit_kinematics:/home/ti5/ws_moveit2/install/moveit_ros_planning:/home/ti5/ws_moveit2/install/moveit_ros_occupancy_map_monitor:/home/ti5/ws_moveit2/install/moveit_core:/home/ti5/ws_moveit2/install/moveit_resources_fanuc_moveit_config:/home/ti5/ws_moveit2/install/srdfdom:/home/ti5/ws_moveit2/install/moveit_resources_fanuc_description:/home/ti5/ws_moveit2/install/moveit_common:${AMENT_PREFIX_PATH} CMAKE_PREFIX_PATH=/home/ti5/ws_moveit2/install/moveit_kinematics:/home/ti5/ws_moveit2/install/moveit_ros_planning:/home/ti5/ws_moveit2/install/moveit_ros_occupancy_map_monitor:/home/ti5/ws_moveit2/install/moveit_core:/home/ti5/ws_moveit2/install/moveit_resources_fanuc_moveit_config:/home/ti5/ws_moveit2/install/srdfdom:/home/ti5/ws_moveit2/install/moveit_resources_fanuc_description:/home/ti5/ws_moveit2/install/moveit_common:/opt/ros/humble LD_LIBRARY_PATH=/home/ti5/ws_moveit2/install/moveit_kinematics/lib:/home/ti5/ws_moveit2/install/moveit_ros_planning/lib:/home/ti5/ws_moveit2/install/moveit_ros_occupancy_map_monitor/lib:/home/ti5/ws_moveit2/install/moveit_core/lib:/home/ti5/ws_moveit2/install/srdfdom/lib:${LD_LIBRARY_PATH} PATH=/home/ti5/ws_moveit2/install/moveit_core/bin:${PATH} PYTHONPATH=/home/ti5/ws_moveit2/install/srdfdom/local/lib/python3.10/dist-packages:${PYTHONPATH} /usr/bin/cmake --build /home/ti5/ws_moveit2/build/moveit_ros_move_group -- -j4 -l4
[0.808s] [ 15%] Built target moveit_move_group_capabilities_base
[0.808s] [ 26%] Built target list_move_group_capabilities
[1.086s] [ 36%] Built target move_group
[1.319s] [100%] Built target moveit_move_group_default_capabilities
[1.409s] Invoked command in '/home/ti5/ws_moveit2/build/moveit_ros_move_group' returned '0': AMENT_PREFIX_PATH=/home/ti5/ws_moveit2/install/moveit_kinematics:/home/ti5/ws_moveit2/install/moveit_ros_planning:/home/ti5/ws_moveit2/install/moveit_ros_occupancy_map_monitor:/home/ti5/ws_moveit2/install/moveit_core:/home/ti5/ws_moveit2/install/moveit_resources_fanuc_moveit_config:/home/ti5/ws_moveit2/install/srdfdom:/home/ti5/ws_moveit2/install/moveit_resources_fanuc_description:/home/ti5/ws_moveit2/install/moveit_common:${AMENT_PREFIX_PATH} CMAKE_PREFIX_PATH=/home/ti5/ws_moveit2/install/moveit_kinematics:/home/ti5/ws_moveit2/install/moveit_ros_planning:/home/ti5/ws_moveit2/install/moveit_ros_occupancy_map_monitor:/home/ti5/ws_moveit2/install/moveit_core:/home/ti5/ws_moveit2/install/moveit_resources_fanuc_moveit_config:/home/ti5/ws_moveit2/install/srdfdom:/home/ti5/ws_moveit2/install/moveit_resources_fanuc_description:/home/ti5/ws_moveit2/install/moveit_common:/opt/ros/humble LD_LIBRARY_PATH=/home/ti5/ws_moveit2/install/moveit_kinematics/lib:/home/ti5/ws_moveit2/install/moveit_ros_planning/lib:/home/ti5/ws_moveit2/install/moveit_ros_occupancy_map_monitor/lib:/home/ti5/ws_moveit2/install/moveit_core/lib:/home/ti5/ws_moveit2/install/srdfdom/lib:${LD_LIBRARY_PATH} PATH=/home/ti5/ws_moveit2/install/moveit_core/bin:${PATH} PYTHONPATH=/home/ti5/ws_moveit2/install/srdfdom/local/lib/python3.10/dist-packages:${PYTHONPATH} /usr/bin/cmake --build /home/ti5/ws_moveit2/build/moveit_ros_move_group -- -j4 -l4
[1.874s] Invoking command in '/home/ti5/ws_moveit2/build/moveit_ros_move_group': AMENT_PREFIX_PATH=/home/ti5/ws_moveit2/install/moveit_kinematics:/home/ti5/ws_moveit2/install/moveit_ros_planning:/home/ti5/ws_moveit2/install/moveit_ros_occupancy_map_monitor:/home/ti5/ws_moveit2/install/moveit_core:/home/ti5/ws_moveit2/install/moveit_resources_fanuc_moveit_config:/home/ti5/ws_moveit2/install/srdfdom:/home/ti5/ws_moveit2/install/moveit_resources_fanuc_description:/home/ti5/ws_moveit2/install/moveit_common:${AMENT_PREFIX_PATH} CMAKE_PREFIX_PATH=/home/ti5/ws_moveit2/install/moveit_kinematics:/home/ti5/ws_moveit2/install/moveit_ros_planning:/home/ti5/ws_moveit2/install/moveit_ros_occupancy_map_monitor:/home/ti5/ws_moveit2/install/moveit_core:/home/ti5/ws_moveit2/install/moveit_resources_fanuc_moveit_config:/home/ti5/ws_moveit2/install/srdfdom:/home/ti5/ws_moveit2/install/moveit_resources_fanuc_description:/home/ti5/ws_moveit2/install/moveit_common:/opt/ros/humble LD_LIBRARY_PATH=/home/ti5/ws_moveit2/install/moveit_kinematics/lib:/home/ti5/ws_moveit2/install/moveit_ros_planning/lib:/home/ti5/ws_moveit2/install/moveit_ros_occupancy_map_monitor/lib:/home/ti5/ws_moveit2/install/moveit_core/lib:/home/ti5/ws_moveit2/install/srdfdom/lib:${LD_LIBRARY_PATH} PATH=/home/ti5/ws_moveit2/install/moveit_core/bin:${PATH} PYTHONPATH=/home/ti5/ws_moveit2/install/srdfdom/local/lib/python3.10/dist-packages:${PYTHONPATH} /usr/bin/cmake --install /home/ti5/ws_moveit2/build/moveit_ros_move_group
[1.915s] -- Install configuration: "Release"
[1.920s] -- Up-to-date: /home/ti5/ws_moveit2/install/moveit_ros_move_group/lib/moveit_ros_move_group/move_group
[1.932s] -- Up-to-date: /home/ti5/ws_moveit2/install/moveit_ros_move_group/lib/moveit_ros_move_group/list_move_group_capabilities
[1.934s] -- Up-to-date: /home/ti5/ws_moveit2/install/moveit_ros_move_group/lib/libmoveit_move_group_default_capabilities.so.2.5.5
[1.935s] -- Up-to-date: /home/ti5/ws_moveit2/install/moveit_ros_move_group/lib/libmoveit_move_group_default_capabilities.so
[1.938s] -- Up-to-date: /home/ti5/ws_moveit2/install/moveit_ros_move_group/lib/libmoveit_move_group_capabilities_base.so.2.5.5
[1.939s] -- Up-to-date: /home/ti5/ws_moveit2/install/moveit_ros_move_group/lib/libmoveit_move_group_capabilities_base.so
[1.940s] -- Up-to-date: /home/ti5/ws_moveit2/install/moveit_ros_move_group/include
[1.941s] -- Up-to-date: /home/ti5/ws_moveit2/install/moveit_ros_move_group/include/moveit
[1.941s] -- Up-to-date: /home/ti5/ws_moveit2/install/moveit_ros_move_group/include/moveit/move_group
[1.942s] -- Up-to-date: /home/ti5/ws_moveit2/install/moveit_ros_move_group/include/moveit/move_group/node_name.h
[1.943s] -- Up-to-date: /home/ti5/ws_moveit2/install/moveit_ros_move_group/include/moveit/move_group/move_group_capability.h
[1.944s] -- Up-to-date: /home/ti5/ws_moveit2/install/moveit_ros_move_group/include/moveit/move_group/move_group_context.h
[1.944s] -- Up-to-date: /home/ti5/ws_moveit2/install/moveit_ros_move_group/include/moveit/move_group/capability_names.h
[1.945s] -- Up-to-date: /home/ti5/ws_moveit2/install/moveit_ros_move_group/share/moveit_ros_move_group/environment/library_path.sh
[1.945s] -- Up-to-date: /home/ti5/ws_moveit2/install/moveit_ros_move_group/share/moveit_ros_move_group/environment/library_path.dsv
[1.946s] -- Up-to-date: /home/ti5/ws_moveit2/install/moveit_ros_move_group/lib/moveit_ros_move_group/load_map
[1.947s] -- Up-to-date: /home/ti5/ws_moveit2/install/moveit_ros_move_group/lib/moveit_ros_move_group/save_map
[1.947s] -- Up-to-date: /home/ti5/ws_moveit2/install/moveit_ros_move_group/share/moveit_ros_move_group/default_capabilities_plugin_description.xml
[1.949s] -- Up-to-date: /home/ti5/ws_moveit2/install/moveit_ros_move_group/share/ament_index/resource_index/package_run_dependencies/moveit_ros_move_group
[1.953s] -- Up-to-date: /home/ti5/ws_moveit2/install/moveit_ros_move_group/share/ament_index/resource_index/parent_prefix_path/moveit_ros_move_group
[1.954s] -- Up-to-date: /home/ti5/ws_moveit2/install/moveit_ros_move_group/share/moveit_ros_move_group/environment/ament_prefix_path.sh
[1.954s] -- Up-to-date: /home/ti5/ws_moveit2/install/moveit_ros_move_group/share/moveit_ros_move_group/environment/ament_prefix_path.dsv
[1.955s] -- Up-to-date: /home/ti5/ws_moveit2/install/moveit_ros_move_group/share/moveit_ros_move_group/environment/path.sh
[1.955s] -- Up-to-date: /home/ti5/ws_moveit2/install/moveit_ros_move_group/share/moveit_ros_move_group/environment/path.dsv
[1.956s] -- Up-to-date: /home/ti5/ws_moveit2/install/moveit_ros_move_group/share/moveit_ros_move_group/local_setup.bash
[1.956s] -- Up-to-date: /home/ti5/ws_moveit2/install/moveit_ros_move_group/share/moveit_ros_move_group/local_setup.sh
[1.957s] -- Up-to-date: /home/ti5/ws_moveit2/install/moveit_ros_move_group/share/moveit_ros_move_group/local_setup.zsh
[1.957s] -- Up-to-date: /home/ti5/ws_moveit2/install/moveit_ros_move_group/share/moveit_ros_move_group/local_setup.dsv
[1.958s] -- Installing: /home/ti5/ws_moveit2/install/moveit_ros_move_group/share/moveit_ros_move_group/package.dsv
[1.962s] -- Up-to-date: /home/ti5/ws_moveit2/install/moveit_ros_move_group/share/ament_index/resource_index/packages/moveit_ros_move_group
[1.962s] -- Up-to-date: /home/ti5/ws_moveit2/install/moveit_ros_move_group/share/ament_index/resource_index/moveit_ros_move_group__pluginlib__plugin/moveit_ros_move_group
[1.970s] -- Up-to-date: /home/ti5/ws_moveit2/install/moveit_ros_move_group/share/moveit_ros_move_group/cmake/export_moveit_ros_move_groupExport.cmake
[1.972s] -- Up-to-date: /home/ti5/ws_moveit2/install/moveit_ros_move_group/share/moveit_ros_move_group/cmake/export_moveit_ros_move_groupExport-release.cmake
[1.973s] -- Up-to-date: /home/ti5/ws_moveit2/install/moveit_ros_move_group/share/moveit_ros_move_group/cmake/ConfigExtras.cmake
[1.973s] -- Up-to-date: /home/ti5/ws_moveit2/install/moveit_ros_move_group/share/moveit_ros_move_group/cmake/ament_cmake_export_targets-extras.cmake
[1.975s] -- Up-to-date: /home/ti5/ws_moveit2/install/moveit_ros_move_group/share/moveit_ros_move_group/cmake/ament_cmake_export_dependencies-extras.cmake
[1.975s] -- Up-to-date: /home/ti5/ws_moveit2/install/moveit_ros_move_group/share/moveit_ros_move_group/cmake/moveit_ros_move_groupConfig.cmake
[1.976s] -- Up-to-date: /home/ti5/ws_moveit2/install/moveit_ros_move_group/share/moveit_ros_move_group/cmake/moveit_ros_move_groupConfig-version.cmake
[1.977s] -- Up-to-date: /home/ti5/ws_moveit2/install/moveit_ros_move_group/share/moveit_ros_move_group/package.xml
[2.037s] Invoked command in '/home/ti5/ws_moveit2/build/moveit_ros_move_group' returned '0': AMENT_PREFIX_PATH=/home/ti5/ws_moveit2/install/moveit_kinematics:/home/ti5/ws_moveit2/install/moveit_ros_planning:/home/ti5/ws_moveit2/install/moveit_ros_occupancy_map_monitor:/home/ti5/ws_moveit2/install/moveit_core:/home/ti5/ws_moveit2/install/moveit_resources_fanuc_moveit_config:/home/ti5/ws_moveit2/install/srdfdom:/home/ti5/ws_moveit2/install/moveit_resources_fanuc_description:/home/ti5/ws_moveit2/install/moveit_common:${AMENT_PREFIX_PATH} CMAKE_PREFIX_PATH=/home/ti5/ws_moveit2/install/moveit_kinematics:/home/ti5/ws_moveit2/install/moveit_ros_planning:/home/ti5/ws_moveit2/install/moveit_ros_occupancy_map_monitor:/home/ti5/ws_moveit2/install/moveit_core:/home/ti5/ws_moveit2/install/moveit_resources_fanuc_moveit_config:/home/ti5/ws_moveit2/install/srdfdom:/home/ti5/ws_moveit2/install/moveit_resources_fanuc_description:/home/ti5/ws_moveit2/install/moveit_common:/opt/ros/humble LD_LIBRARY_PATH=/home/ti5/ws_moveit2/install/moveit_kinematics/lib:/home/ti5/ws_moveit2/install/moveit_ros_planning/lib:/home/ti5/ws_moveit2/install/moveit_ros_occupancy_map_monitor/lib:/home/ti5/ws_moveit2/install/moveit_core/lib:/home/ti5/ws_moveit2/install/srdfdom/lib:${LD_LIBRARY_PATH} PATH=/home/ti5/ws_moveit2/install/moveit_core/bin:${PATH} PYTHONPATH=/home/ti5/ws_moveit2/install/srdfdom/local/lib/python3.10/dist-packages:${PYTHONPATH} /usr/bin/cmake --install /home/ti5/ws_moveit2/build/moveit_ros_move_group
