[0.128s] Invoking command in '/home/ti5/ws_moveit2/build/rosparam_shortcuts': CMAKE_PREFIX_PATH=${CMAKE_PREFIX_PATH}:/home/ti5/ws_moveit2/install/moveit_configs_utils:/home/ti5/ws_moveit2/install/launch_param_builder:/opt/ros/humble /usr/bin/cmake --build /home/ti5/ws_moveit2/build/rosparam_shortcuts -- -j4 -l4
[0.796s] [ 15%] Built target gtest_main
[0.872s] [ 30%] Built target gtest
[0.947s] [ 53%] Built target rosparam_shortcuts
[1.401s] [ 69%] Built target test_node_parameters
[1.436s] [ 84%] Built target rosparam_shortcuts_example
[1.446s] [100%] Built target rosparam_shortcuts_node_parameters_example
[1.597s] Invoked command in '/home/ti5/ws_moveit2/build/rosparam_shortcuts' returned '0': CMAKE_PREFIX_PATH=${CMAKE_PREFIX_PATH}:/home/ti5/ws_moveit2/install/moveit_configs_utils:/home/ti5/ws_moveit2/install/launch_param_builder:/opt/ros/humble /usr/bin/cmake --build /home/ti5/ws_moveit2/build/rosparam_shortcuts -- -j4 -l4
[2.364s] Invoking command in '/home/ti5/ws_moveit2/build/rosparam_shortcuts': CMAKE_PREFIX_PATH=${CMAKE_PREFIX_PATH}:/home/ti5/ws_moveit2/install/moveit_configs_utils:/home/ti5/ws_moveit2/install/launch_param_builder:/opt/ros/humble /usr/bin/cmake --install /home/ti5/ws_moveit2/build/rosparam_shortcuts
[2.458s] -- Install configuration: "Release"
[2.460s] -- Up-to-date: /home/ti5/ws_moveit2/install/rosparam_shortcuts/lib/librosparam_shortcuts.so
[2.470s] -- Up-to-date: /home/ti5/ws_moveit2/install/rosparam_shortcuts/lib/rosparam_shortcuts/example
[2.471s] -- Up-to-date: /home/ti5/ws_moveit2/install/rosparam_shortcuts/lib/rosparam_shortcuts/node_parameters_example
[2.473s] -- Up-to-date: /home/ti5/ws_moveit2/install/rosparam_shortcuts/include
[2.473s] -- Up-to-date: /home/ti5/ws_moveit2/install/rosparam_shortcuts/include/rosparam_shortcuts
[2.474s] -- Up-to-date: /home/ti5/ws_moveit2/install/rosparam_shortcuts/include/rosparam_shortcuts/node_parameters.h
[2.475s] -- Up-to-date: /home/ti5/ws_moveit2/install/rosparam_shortcuts/include/rosparam_shortcuts/rosparam_shortcuts.h
[2.476s] -- Up-to-date: /home/ti5/ws_moveit2/install/rosparam_shortcuts/share/rosparam_shortcuts/launch
[2.476s] -- Up-to-date: /home/ti5/ws_moveit2/install/rosparam_shortcuts/share/rosparam_shortcuts/launch/example.launch.py
[2.477s] -- Up-to-date: /home/ti5/ws_moveit2/install/rosparam_shortcuts/share/rosparam_shortcuts/config
[2.477s] -- Up-to-date: /home/ti5/ws_moveit2/install/rosparam_shortcuts/share/rosparam_shortcuts/config/example.yaml
[2.484s] -- Up-to-date: /home/ti5/ws_moveit2/install/rosparam_shortcuts/share/rosparam_shortcuts/environment/library_path.sh
[2.485s] -- Up-to-date: /home/ti5/ws_moveit2/install/rosparam_shortcuts/share/rosparam_shortcuts/environment/library_path.dsv
[2.486s] -- Up-to-date: /home/ti5/ws_moveit2/install/rosparam_shortcuts/share/ament_index/resource_index/package_run_dependencies/rosparam_shortcuts
[2.487s] -- Up-to-date: /home/ti5/ws_moveit2/install/rosparam_shortcuts/share/ament_index/resource_index/parent_prefix_path/rosparam_shortcuts
[2.487s] -- Up-to-date: /home/ti5/ws_moveit2/install/rosparam_shortcuts/share/rosparam_shortcuts/environment/ament_prefix_path.sh
[2.488s] -- Up-to-date: /home/ti5/ws_moveit2/install/rosparam_shortcuts/share/rosparam_shortcuts/environment/ament_prefix_path.dsv
[2.489s] -- Up-to-date: /home/ti5/ws_moveit2/install/rosparam_shortcuts/share/rosparam_shortcuts/environment/path.sh
[2.489s] -- Up-to-date: /home/ti5/ws_moveit2/install/rosparam_shortcuts/share/rosparam_shortcuts/environment/path.dsv
[2.490s] -- Up-to-date: /home/ti5/ws_moveit2/install/rosparam_shortcuts/share/rosparam_shortcuts/local_setup.bash
[2.490s] -- Up-to-date: /home/ti5/ws_moveit2/install/rosparam_shortcuts/share/rosparam_shortcuts/local_setup.sh
[2.491s] -- Up-to-date: /home/ti5/ws_moveit2/install/rosparam_shortcuts/share/rosparam_shortcuts/local_setup.zsh
[2.491s] -- Up-to-date: /home/ti5/ws_moveit2/install/rosparam_shortcuts/share/rosparam_shortcuts/local_setup.dsv
[2.491s] -- Installing: /home/ti5/ws_moveit2/install/rosparam_shortcuts/share/rosparam_shortcuts/package.dsv
[2.499s] -- Up-to-date: /home/ti5/ws_moveit2/install/rosparam_shortcuts/share/ament_index/resource_index/packages/rosparam_shortcuts
[2.505s] -- Up-to-date: /home/ti5/ws_moveit2/install/rosparam_shortcuts/share/rosparam_shortcuts/cmake/export_rosparam_shortcutsExport.cmake
[2.505s] -- Up-to-date: /home/ti5/ws_moveit2/install/rosparam_shortcuts/share/rosparam_shortcuts/cmake/export_rosparam_shortcutsExport-release.cmake
[2.506s] -- Up-to-date: /home/ti5/ws_moveit2/install/rosparam_shortcuts/share/rosparam_shortcuts/cmake/ament_cmake_export_targets-extras.cmake
[2.507s] -- Up-to-date: /home/ti5/ws_moveit2/install/rosparam_shortcuts/share/rosparam_shortcuts/cmake/ament_cmake_export_dependencies-extras.cmake
[2.507s] -- Up-to-date: /home/ti5/ws_moveit2/install/rosparam_shortcuts/share/rosparam_shortcuts/cmake/rosparam_shortcutsConfig.cmake
[2.507s] -- Up-to-date: /home/ti5/ws_moveit2/install/rosparam_shortcuts/share/rosparam_shortcuts/cmake/rosparam_shortcutsConfig-version.cmake
[2.508s] -- Up-to-date: /home/ti5/ws_moveit2/install/rosparam_shortcuts/share/rosparam_shortcuts/package.xml
[2.519s] Invoked command in '/home/ti5/ws_moveit2/build/rosparam_shortcuts' returned '0': CMAKE_PREFIX_PATH=${CMAKE_PREFIX_PATH}:/home/ti5/ws_moveit2/install/moveit_configs_utils:/home/ti5/ws_moveit2/install/launch_param_builder:/opt/ros/humble /usr/bin/cmake --install /home/ti5/ws_moveit2/build/rosparam_shortcuts
