[0.128s] Invoking command in '/home/ti5/ws_moveit2/build/moveit_kinematics': AMENT_PREFIX_PATH=/home/ti5/ws_moveit2/install/moveit_ros_planning:/home/ti5/ws_moveit2/install/moveit_ros_occupancy_map_monitor:/home/ti5/ws_moveit2/install/moveit_core:/home/ti5/ws_moveit2/install/moveit_resources_panda_moveit_config:/home/ti5/ws_moveit2/install/moveit_resources_fanuc_moveit_config:/home/ti5/ws_moveit2/install/moveit_configs_utils:/home/ti5/ws_moveit2/install/srdfdom:/home/ti5/ws_moveit2/install/moveit_resources_panda_description:/home/ti5/ws_moveit2/install/moveit_resources_fanuc_description:/home/ti5/ws_moveit2/install/moveit_common:/home/ti5/ws_moveit2/install/launch_param_builder:${AMENT_PREFIX_PATH} CMAKE_PREFIX_PATH=/home/ti5/ws_moveit2/install/moveit_ros_planning:/home/ti5/ws_moveit2/install/moveit_ros_occupancy_map_monitor:/home/ti5/ws_moveit2/install/moveit_core:/home/ti5/ws_moveit2/install/moveit_resources_panda_moveit_config:/home/ti5/ws_moveit2/install/moveit_resources_fanuc_moveit_config:/home/ti5/ws_moveit2/install/srdfdom:/home/ti5/ws_moveit2/install/moveit_resources_panda_description:/home/ti5/ws_moveit2/install/moveit_resources_fanuc_description:/home/ti5/ws_moveit2/install/moveit_common:/opt/ros/humble LD_LIBRARY_PATH=/home/ti5/ws_moveit2/install/moveit_ros_planning/lib:/home/ti5/ws_moveit2/install/moveit_ros_occupancy_map_monitor/lib:/home/ti5/ws_moveit2/install/moveit_core/lib:/home/ti5/ws_moveit2/install/srdfdom/lib:${LD_LIBRARY_PATH} PATH=/home/ti5/ws_moveit2/install/moveit_core/bin:${PATH} PYTHONPATH=/home/ti5/ws_moveit2/install/moveit_configs_utils/lib/python3.10/site-packages:/home/ti5/ws_moveit2/install/srdfdom/local/lib/python3.10/dist-packages:/home/ti5/ws_moveit2/install/launch_param_builder/lib/python3.10/site-packages:${PYTHONPATH} /usr/bin/cmake /home/ti5/ws_moveit2/moveit2/moveit_kinematics -DCMAKE_INSTALL_PREFIX=/home/ti5/ws_moveit2/install/moveit_kinematics
[0.202s] -- Found moveit_common: 2.5.5 (/home/ti5/ws_moveit2/install/moveit_common/share/moveit_common/cmake)
[0.203s] -- Found ament_cmake: 1.3.8 (/opt/ros/humble/share/ament_cmake/cmake)
[1.249s] -- Could NOT find libbfd (missing: LIBBFD_LIBRARY LIBBFD_INCLUDE_DIR) 
[1.250s] -- BACKWARD_HAS_UNWIND=1
[1.250s] -- BACKWARD_HAS_BACKTRACE=0
[1.251s] -- BACKWARD_HAS_BACKTRACE_SYMBOL=0
[1.252s] -- BACKWARD_HAS_DW=1
[1.253s] -- BACKWARD_HAS_BFD=0
[1.253s] -- Found Backward: /opt/ros/humble/share/backward_ros/cmake  
[1.261s] -- Found tf2_kdl: 0.25.6 (/opt/ros/humble/share/tf2_kdl/cmake)
[1.371s] -- Found rosidl_generator_c: 3.1.5 (/opt/ros/humble/share/rosidl_generator_c/cmake)
[1.387s] -- Found rosidl_adapter: 3.1.5 (/opt/ros/humble/share/rosidl_adapter/cmake)
[1.423s] -- Found rosidl_generator_cpp: 3.1.5 (/opt/ros/humble/share/rosidl_generator_cpp/cmake)
[1.499s] -- Using all available rosidl_typesupport_c: rosidl_typesupport_fastrtps_c;rosidl_typesupport_introspection_c
[1.602s] -- Using all available rosidl_typesupport_cpp: rosidl_typesupport_fastrtps_cpp;rosidl_typesupport_introspection_cpp
[2.349s] -- Found eigen3_cmake_module: 0.1.1 (/opt/ros/humble/share/eigen3_cmake_module/cmake)
[2.350s] -- Ensuring Eigen3 include directory is part of orocos-kdl CMake target
[3.085s] -- Found rmw_implementation_cmake: 6.1.1 (/opt/ros/humble/share/rmw_implementation_cmake/cmake)
[3.094s] -- Found rmw_fastrtps_cpp: 6.2.6 (/opt/ros/humble/share/rmw_fastrtps_cpp/cmake)
[3.655s] -- Using RMW implementation 'rmw_fastrtps_cpp' as default
[6.069s] -- Found kdl_parser: 2.6.4 (/opt/ros/humble/share/kdl_parser/cmake)
[6.081s] -- Found random_numbers: 2.0.1 (/opt/ros/humble/share/random_numbers/cmake)
[6.108s] -- Found pluginlib: 5.1.0 (/opt/ros/humble/share/pluginlib/cmake)
[6.166s] -- Found moveit_core: 2.5.5 (/home/ti5/ws_moveit2/install/moveit_core/share/moveit_core/cmake)
[6.236s] -- Found Boost: /usr/lib/x86_64-linux-gnu/cmake/Boost-1.74.0/BoostConfig.cmake (found version "1.74.0") found components: chrono date_time filesystem iostreams program_options regex serialization system thread 
[6.354s] -- Found parameter_traits: 0.3.8 (/opt/ros/humble/share/parameter_traits/cmake)
[6.434s] -- Found rclcpp_lifecycle: 16.0.8 (/opt/ros/humble/share/rclcpp_lifecycle/cmake)
[6.701s] -- Found Boost: /usr/lib/x86_64-linux-gnu/cmake/Boost-1.74.0/BoostConfig.cmake (found version "1.74.0") found components: filesystem 
[6.881s] -- library: /usr/lib/x86_64-linux-gnu/libcurl.so
[13.352s] -- Found moveit_ros_planning: 2.5.5 (/home/ti5/ws_moveit2/install/moveit_ros_planning/share/moveit_ros_planning/cmake)
[13.376s] -- Found Boost: /usr/lib/x86_64-linux-gnu/cmake/Boost-1.74.0/BoostConfig.cmake (found version "1.74.0") found components: system filesystem date_time program_options thread chrono 
[15.593s] -- Found Boost: /usr/lib/x86_64-linux-gnu/cmake/Boost-1.74.0/BoostConfig.cmake (found version "1.74.0") found components: program_options system 
[15.886s] -- Found ament_cmake_gtest: 1.3.8 (/opt/ros/humble/share/ament_cmake_gtest/cmake)
[15.889s] -- Found ros_testing: 0.4.0 (/opt/ros/humble/share/ros_testing/cmake)
[15.890s] -- Found launch_testing_ament_cmake: 1.0.5 (/opt/ros/humble/share/launch_testing_ament_cmake/cmake)
[15.892s] -- Found python_cmake_module: 0.10.0 (/opt/ros/humble/share/python_cmake_module/cmake)
[16.011s] -- Using PYTHON_EXECUTABLE: /usr/bin/python3
[16.012s] -- Using PYTHON_INCLUDE_DIRS: /usr/include/python3.10
[16.012s] -- Using PYTHON_LIBRARIES: /usr/lib/x86_64-linux-gnu/libpython3.10.so
[16.020s] -- Found moveit_resources_fanuc_description: 2.0.7 (/home/ti5/ws_moveit2/install/moveit_resources_fanuc_description/share/moveit_resources_fanuc_description/cmake)
[16.023s] -- Found moveit_resources_fanuc_moveit_config: 2.0.7 (/home/ti5/ws_moveit2/install/moveit_resources_fanuc_moveit_config/share/moveit_resources_fanuc_moveit_config/cmake)
[16.029s] -- Found moveit_resources_panda_description: 2.0.7 (/home/ti5/ws_moveit2/install/moveit_resources_panda_description/share/moveit_resources_panda_description/cmake)
[16.030s] -- Found moveit_resources_panda_moveit_config: 2.0.7 (/home/ti5/ws_moveit2/install/moveit_resources_panda_moveit_config/share/moveit_resources_panda_moveit_config/cmake)
[16.032s] -- Found gtest sources under '/opt/ros/humble/src/gtest_vendor': C++ tests using 'Google Test' will be built
[16.113s] -- Found ament_lint_auto: 0.12.10 (/opt/ros/humble/share/ament_lint_auto/cmake)
[16.141s] -- Found launch_testing_ament_cmake: 1.0.5 (/opt/ros/humble/share/launch_testing_ament_cmake/cmake)
[16.143s] -- Found python_cmake_module: 0.10.0 (/opt/ros/humble/share/python_cmake_module/cmake)
[16.260s] -- Using PYTHON_EXECUTABLE: /usr/bin/python3
[16.261s] -- Using PYTHON_INCLUDE_DIRS: /usr/include/python3.10
[16.261s] -- Using PYTHON_LIBRARIES: /usr/lib/x86_64-linux-gnu/libpython3.10.so
[16.402s] -- Added test 'cppcheck' to perform static code analysis on C / C++ code
[16.403s] -- Configured cppcheck include dirs: /home/ti5/ws_moveit2/moveit2/moveit_kinematics/kdl_kinematics_plugin/include;/home/ti5/ws_moveit2/moveit2/moveit_kinematics/lma_kinematics_plugin/include;/home/ti5/ws_moveit2/moveit2/moveit_kinematics/srv_kinematics_plugin/include;/home/ti5/ws_moveit2/moveit2/moveit_kinematics/cached_ik_kinematics_plugin/include
[16.403s] -- Configured cppcheck exclude dirs and/or files: 
[16.412s] -- Added test 'lint_cmake' to check CMake code style
[16.422s] -- Configuring done
[17.217s] -- Generating done
[17.240s] -- Build files have been written to: /home/ti5/ws_moveit2/build/moveit_kinematics
[17.318s] Invoked command in '/home/ti5/ws_moveit2/build/moveit_kinematics' returned '0': AMENT_PREFIX_PATH=/home/ti5/ws_moveit2/install/moveit_ros_planning:/home/ti5/ws_moveit2/install/moveit_ros_occupancy_map_monitor:/home/ti5/ws_moveit2/install/moveit_core:/home/ti5/ws_moveit2/install/moveit_resources_panda_moveit_config:/home/ti5/ws_moveit2/install/moveit_resources_fanuc_moveit_config:/home/ti5/ws_moveit2/install/moveit_configs_utils:/home/ti5/ws_moveit2/install/srdfdom:/home/ti5/ws_moveit2/install/moveit_resources_panda_description:/home/ti5/ws_moveit2/install/moveit_resources_fanuc_description:/home/ti5/ws_moveit2/install/moveit_common:/home/ti5/ws_moveit2/install/launch_param_builder:${AMENT_PREFIX_PATH} CMAKE_PREFIX_PATH=/home/ti5/ws_moveit2/install/moveit_ros_planning:/home/ti5/ws_moveit2/install/moveit_ros_occupancy_map_monitor:/home/ti5/ws_moveit2/install/moveit_core:/home/ti5/ws_moveit2/install/moveit_resources_panda_moveit_config:/home/ti5/ws_moveit2/install/moveit_resources_fanuc_moveit_config:/home/ti5/ws_moveit2/install/srdfdom:/home/ti5/ws_moveit2/install/moveit_resources_panda_description:/home/ti5/ws_moveit2/install/moveit_resources_fanuc_description:/home/ti5/ws_moveit2/install/moveit_common:/opt/ros/humble LD_LIBRARY_PATH=/home/ti5/ws_moveit2/install/moveit_ros_planning/lib:/home/ti5/ws_moveit2/install/moveit_ros_occupancy_map_monitor/lib:/home/ti5/ws_moveit2/install/moveit_core/lib:/home/ti5/ws_moveit2/install/srdfdom/lib:${LD_LIBRARY_PATH} PATH=/home/ti5/ws_moveit2/install/moveit_core/bin:${PATH} PYTHONPATH=/home/ti5/ws_moveit2/install/moveit_configs_utils/lib/python3.10/site-packages:/home/ti5/ws_moveit2/install/srdfdom/local/lib/python3.10/dist-packages:/home/ti5/ws_moveit2/install/launch_param_builder/lib/python3.10/site-packages:${PYTHONPATH} /usr/bin/cmake /home/ti5/ws_moveit2/moveit2/moveit_kinematics -DCMAKE_INSTALL_PREFIX=/home/ti5/ws_moveit2/install/moveit_kinematics
[17.326s] Invoking command in '/home/ti5/ws_moveit2/build/moveit_kinematics': AMENT_PREFIX_PATH=/home/ti5/ws_moveit2/install/moveit_ros_planning:/home/ti5/ws_moveit2/install/moveit_ros_occupancy_map_monitor:/home/ti5/ws_moveit2/install/moveit_core:/home/ti5/ws_moveit2/install/moveit_resources_panda_moveit_config:/home/ti5/ws_moveit2/install/moveit_resources_fanuc_moveit_config:/home/ti5/ws_moveit2/install/moveit_configs_utils:/home/ti5/ws_moveit2/install/srdfdom:/home/ti5/ws_moveit2/install/moveit_resources_panda_description:/home/ti5/ws_moveit2/install/moveit_resources_fanuc_description:/home/ti5/ws_moveit2/install/moveit_common:/home/ti5/ws_moveit2/install/launch_param_builder:${AMENT_PREFIX_PATH} CMAKE_PREFIX_PATH=/home/ti5/ws_moveit2/install/moveit_ros_planning:/home/ti5/ws_moveit2/install/moveit_ros_occupancy_map_monitor:/home/ti5/ws_moveit2/install/moveit_core:/home/ti5/ws_moveit2/install/moveit_resources_panda_moveit_config:/home/ti5/ws_moveit2/install/moveit_resources_fanuc_moveit_config:/home/ti5/ws_moveit2/install/srdfdom:/home/ti5/ws_moveit2/install/moveit_resources_panda_description:/home/ti5/ws_moveit2/install/moveit_resources_fanuc_description:/home/ti5/ws_moveit2/install/moveit_common:/opt/ros/humble LD_LIBRARY_PATH=/home/ti5/ws_moveit2/install/moveit_ros_planning/lib:/home/ti5/ws_moveit2/install/moveit_ros_occupancy_map_monitor/lib:/home/ti5/ws_moveit2/install/moveit_core/lib:/home/ti5/ws_moveit2/install/srdfdom/lib:${LD_LIBRARY_PATH} PATH=/home/ti5/ws_moveit2/install/moveit_core/bin:${PATH} PYTHONPATH=/home/ti5/ws_moveit2/install/moveit_configs_utils/lib/python3.10/site-packages:/home/ti5/ws_moveit2/install/srdfdom/local/lib/python3.10/dist-packages:/home/ti5/ws_moveit2/install/launch_param_builder/lib/python3.10/site-packages:${PYTHONPATH} /usr/bin/cmake --build /home/ti5/ws_moveit2/build/moveit_kinematics -- -j4 -l4
[17.688s] [35m[1mConsolidate compiler generated dependencies of target moveit_cached_ik_kinematics_base[0m
[17.730s] [35m[1mConsolidate compiler generated dependencies of target moveit_lma_kinematics_plugin[0m
[17.759s] [35m[1mConsolidate compiler generated dependencies of target moveit_srv_kinematics_plugin[0m
[17.776s] [35m[1mConsolidate compiler generated dependencies of target moveit_kdl_kinematics_plugin[0m
[18.072s] [ 10%] Built target moveit_lma_kinematics_plugin
[18.095s] [ 21%] Built target moveit_cached_ik_kinematics_base
[18.123s] [ 31%] Built target moveit_srv_kinematics_plugin
[18.143s] [35m[1mConsolidate compiler generated dependencies of target gtest_main[0m
[18.165s] [ 47%] Built target moveit_kdl_kinematics_plugin
[18.248s] [35m[1mConsolidate compiler generated dependencies of target gtest[0m
[18.287s] [35m[1mConsolidate compiler generated dependencies of target benchmark_ik[0m
[18.321s] [ 57%] Built target gtest_main
[18.348s] [35m[1mConsolidate compiler generated dependencies of target moveit_cached_ik_kinematics_plugin[0m
[18.401s] [ 68%] Built target gtest
[18.556s] [35m[1mConsolidate compiler generated dependencies of target test_kinematics_plugin[0m
[18.559s] [ 78%] Built target moveit_cached_ik_kinematics_plugin
[18.570s] [ 89%] Built target benchmark_ik
[18.697s] [100%] Built target test_kinematics_plugin
[18.746s] Invoked command in '/home/ti5/ws_moveit2/build/moveit_kinematics' returned '0': AMENT_PREFIX_PATH=/home/ti5/ws_moveit2/install/moveit_ros_planning:/home/ti5/ws_moveit2/install/moveit_ros_occupancy_map_monitor:/home/ti5/ws_moveit2/install/moveit_core:/home/ti5/ws_moveit2/install/moveit_resources_panda_moveit_config:/home/ti5/ws_moveit2/install/moveit_resources_fanuc_moveit_config:/home/ti5/ws_moveit2/install/moveit_configs_utils:/home/ti5/ws_moveit2/install/srdfdom:/home/ti5/ws_moveit2/install/moveit_resources_panda_description:/home/ti5/ws_moveit2/install/moveit_resources_fanuc_description:/home/ti5/ws_moveit2/install/moveit_common:/home/ti5/ws_moveit2/install/launch_param_builder:${AMENT_PREFIX_PATH} CMAKE_PREFIX_PATH=/home/ti5/ws_moveit2/install/moveit_ros_planning:/home/ti5/ws_moveit2/install/moveit_ros_occupancy_map_monitor:/home/ti5/ws_moveit2/install/moveit_core:/home/ti5/ws_moveit2/install/moveit_resources_panda_moveit_config:/home/ti5/ws_moveit2/install/moveit_resources_fanuc_moveit_config:/home/ti5/ws_moveit2/install/srdfdom:/home/ti5/ws_moveit2/install/moveit_resources_panda_description:/home/ti5/ws_moveit2/install/moveit_resources_fanuc_description:/home/ti5/ws_moveit2/install/moveit_common:/opt/ros/humble LD_LIBRARY_PATH=/home/ti5/ws_moveit2/install/moveit_ros_planning/lib:/home/ti5/ws_moveit2/install/moveit_ros_occupancy_map_monitor/lib:/home/ti5/ws_moveit2/install/moveit_core/lib:/home/ti5/ws_moveit2/install/srdfdom/lib:${LD_LIBRARY_PATH} PATH=/home/ti5/ws_moveit2/install/moveit_core/bin:${PATH} PYTHONPATH=/home/ti5/ws_moveit2/install/moveit_configs_utils/lib/python3.10/site-packages:/home/ti5/ws_moveit2/install/srdfdom/local/lib/python3.10/dist-packages:/home/ti5/ws_moveit2/install/launch_param_builder/lib/python3.10/site-packages:${PYTHONPATH} /usr/bin/cmake --build /home/ti5/ws_moveit2/build/moveit_kinematics -- -j4 -l4
[18.903s] Invoking command in '/home/ti5/ws_moveit2/build/moveit_kinematics': AMENT_PREFIX_PATH=/home/ti5/ws_moveit2/install/moveit_ros_planning:/home/ti5/ws_moveit2/install/moveit_ros_occupancy_map_monitor:/home/ti5/ws_moveit2/install/moveit_core:/home/ti5/ws_moveit2/install/moveit_resources_panda_moveit_config:/home/ti5/ws_moveit2/install/moveit_resources_fanuc_moveit_config:/home/ti5/ws_moveit2/install/moveit_configs_utils:/home/ti5/ws_moveit2/install/srdfdom:/home/ti5/ws_moveit2/install/moveit_resources_panda_description:/home/ti5/ws_moveit2/install/moveit_resources_fanuc_description:/home/ti5/ws_moveit2/install/moveit_common:/home/ti5/ws_moveit2/install/launch_param_builder:${AMENT_PREFIX_PATH} CMAKE_PREFIX_PATH=/home/ti5/ws_moveit2/install/moveit_ros_planning:/home/ti5/ws_moveit2/install/moveit_ros_occupancy_map_monitor:/home/ti5/ws_moveit2/install/moveit_core:/home/ti5/ws_moveit2/install/moveit_resources_panda_moveit_config:/home/ti5/ws_moveit2/install/moveit_resources_fanuc_moveit_config:/home/ti5/ws_moveit2/install/srdfdom:/home/ti5/ws_moveit2/install/moveit_resources_panda_description:/home/ti5/ws_moveit2/install/moveit_resources_fanuc_description:/home/ti5/ws_moveit2/install/moveit_common:/opt/ros/humble LD_LIBRARY_PATH=/home/ti5/ws_moveit2/install/moveit_ros_planning/lib:/home/ti5/ws_moveit2/install/moveit_ros_occupancy_map_monitor/lib:/home/ti5/ws_moveit2/install/moveit_core/lib:/home/ti5/ws_moveit2/install/srdfdom/lib:${LD_LIBRARY_PATH} PATH=/home/ti5/ws_moveit2/install/moveit_core/bin:${PATH} PYTHONPATH=/home/ti5/ws_moveit2/install/moveit_configs_utils/lib/python3.10/site-packages:/home/ti5/ws_moveit2/install/srdfdom/local/lib/python3.10/dist-packages:/home/ti5/ws_moveit2/install/launch_param_builder/lib/python3.10/site-packages:${PYTHONPATH} /usr/bin/cmake --install /home/ti5/ws_moveit2/build/moveit_kinematics
[18.979s] -- Install configuration: "Release"
[18.980s] -- Up-to-date: /home/ti5/ws_moveit2/install/moveit_kinematics/share/moveit_kinematics/kdl_kinematics_plugin_description.xml
[18.982s] -- Up-to-date: /home/ti5/ws_moveit2/install/moveit_kinematics/share/moveit_kinematics/lma_kinematics_plugin_description.xml
[18.983s] -- Up-to-date: /home/ti5/ws_moveit2/install/moveit_kinematics/share/moveit_kinematics/srv_kinematics_plugin_description.xml
[18.983s] -- Up-to-date: /home/ti5/ws_moveit2/install/moveit_kinematics/share/moveit_kinematics/cached_ik_kinematics_plugin_description.xml
[18.986s] -- Up-to-date: /home/ti5/ws_moveit2/install/moveit_kinematics/include
[18.986s] -- Up-to-date: /home/ti5/ws_moveit2/install/moveit_kinematics/include/moveit
[18.987s] -- Up-to-date: /home/ti5/ws_moveit2/install/moveit_kinematics/include/moveit/cached_ik_kinematics_plugin
[18.987s] -- Up-to-date: /home/ti5/ws_moveit2/install/moveit_kinematics/include/moveit/cached_ik_kinematics_plugin/cached_ik_kinematics_plugin-inl.h
[18.988s] -- Up-to-date: /home/ti5/ws_moveit2/install/moveit_kinematics/include/moveit/cached_ik_kinematics_plugin/cached_ik_kinematics_plugin.h
[18.988s] -- Up-to-date: /home/ti5/ws_moveit2/install/moveit_kinematics/include/moveit/cached_ik_kinematics_plugin/detail
[18.989s] -- Up-to-date: /home/ti5/ws_moveit2/install/moveit_kinematics/include/moveit/cached_ik_kinematics_plugin/detail/NearestNeighbors.h
[18.989s] -- Up-to-date: /home/ti5/ws_moveit2/install/moveit_kinematics/include/moveit/cached_ik_kinematics_plugin/detail/GreedyKCenters.h
[18.990s] -- Up-to-date: /home/ti5/ws_moveit2/install/moveit_kinematics/include/moveit/cached_ik_kinematics_plugin/detail/NearestNeighborsGNAT.h
[18.990s] -- Up-to-date: /home/ti5/ws_moveit2/install/moveit_kinematics/share/moveit_kinematics/launch
[18.998s] -- Up-to-date: /home/ti5/ws_moveit2/install/moveit_kinematics/share/moveit_kinematics/launch/measure_ik_call_cost.launch
[19.000s] -- Up-to-date: /home/ti5/ws_moveit2/install/moveit_kinematics/lib/moveit_kinematics/auto_create_ikfast_moveit_plugin.sh
[19.001s] -- Up-to-date: /home/ti5/ws_moveit2/install/moveit_kinematics/lib/moveit_kinematics/create_ikfast_moveit_plugin.py
[19.003s] -- Up-to-date: /home/ti5/ws_moveit2/install/moveit_kinematics/lib/moveit_kinematics/round_collada_numbers.py
[19.004s] -- Up-to-date: /home/ti5/ws_moveit2/install/moveit_kinematics/share/moveit_kinematics/ikfast_kinematics_plugin/templates
[19.004s] -- Up-to-date: /home/ti5/ws_moveit2/install/moveit_kinematics/share/moveit_kinematics/ikfast_kinematics_plugin/templates/ikfast.h
[19.004s] -- Up-to-date: /home/ti5/ws_moveit2/install/moveit_kinematics/share/moveit_kinematics/ikfast_kinematics_plugin/templates/ikfast61_moveit_plugin_template.cpp
[19.005s] -- Up-to-date: /home/ti5/ws_moveit2/install/moveit_kinematics/share/moveit_kinematics/ikfast_kinematics_plugin/templates/CMakeLists.txt
[19.005s] -- Up-to-date: /home/ti5/ws_moveit2/install/moveit_kinematics/include
[19.006s] -- Up-to-date: /home/ti5/ws_moveit2/install/moveit_kinematics/include/moveit
[19.006s] -- Up-to-date: /home/ti5/ws_moveit2/install/moveit_kinematics/include/moveit/kdl_kinematics_plugin
[19.006s] -- Up-to-date: /home/ti5/ws_moveit2/install/moveit_kinematics/include/moveit/kdl_kinematics_plugin/joint_mimic.hpp
[19.007s] -- Up-to-date: /home/ti5/ws_moveit2/install/moveit_kinematics/include/moveit/kdl_kinematics_plugin/kdl_kinematics_plugin.h
[19.007s] -- Up-to-date: /home/ti5/ws_moveit2/install/moveit_kinematics/include/moveit/kdl_kinematics_plugin/chainiksolver_vel_mimic_svd.hpp
[19.008s] -- Up-to-date: /home/ti5/ws_moveit2/install/moveit_kinematics/include
[19.008s] -- Up-to-date: /home/ti5/ws_moveit2/install/moveit_kinematics/include/moveit
[19.009s] -- Up-to-date: /home/ti5/ws_moveit2/install/moveit_kinematics/include/moveit/lma_kinematics_plugin
[19.009s] -- Up-to-date: /home/ti5/ws_moveit2/install/moveit_kinematics/include/moveit/lma_kinematics_plugin/lma_kinematics_plugin.h
[19.010s] -- Up-to-date: /home/ti5/ws_moveit2/install/moveit_kinematics/include
[19.010s] -- Up-to-date: /home/ti5/ws_moveit2/install/moveit_kinematics/include/moveit
[19.011s] -- Up-to-date: /home/ti5/ws_moveit2/install/moveit_kinematics/include/moveit/srv_kinematics_plugin
[19.011s] -- Up-to-date: /home/ti5/ws_moveit2/install/moveit_kinematics/include/moveit/srv_kinematics_plugin/srv_kinematics_plugin.h
[19.011s] -- Up-to-date: /home/ti5/ws_moveit2/install/moveit_kinematics/share/moveit_kinematics/config
[19.012s] -- Up-to-date: /home/ti5/ws_moveit2/install/moveit_kinematics/share/moveit_kinematics/config/fanuc-kdl-singular-test.yaml
[19.012s] -- Up-to-date: /home/ti5/ws_moveit2/install/moveit_kinematics/share/moveit_kinematics/config/panda-lma-singular-test.yaml
[19.013s] -- Up-to-date: /home/ti5/ws_moveit2/install/moveit_kinematics/share/moveit_kinematics/config/panda-lma-test.yaml
[19.018s] -- Up-to-date: /home/ti5/ws_moveit2/install/moveit_kinematics/share/moveit_kinematics/config/panda-kdl-test.yaml
[19.023s] -- Up-to-date: /home/ti5/ws_moveit2/install/moveit_kinematics/share/moveit_kinematics/config/fanuc-lma-singular-test.yaml
[19.024s] -- Up-to-date: /home/ti5/ws_moveit2/install/moveit_kinematics/share/moveit_kinematics/config/panda-kdl-singular-test.yaml
[19.027s] -- Up-to-date: /home/ti5/ws_moveit2/install/moveit_kinematics/share/moveit_kinematics/config/fanuc-lma-test.yaml
[19.029s] -- Up-to-date: /home/ti5/ws_moveit2/install/moveit_kinematics/share/moveit_kinematics/config/fanuc-kdl-test.yaml
[19.029s] -- Up-to-date: /home/ti5/ws_moveit2/install/moveit_kinematics/share/moveit_kinematics/launch
[19.031s] -- Up-to-date: /home/ti5/ws_moveit2/install/moveit_kinematics/share/moveit_kinematics/launch/panda-lma.test.py
[19.032s] -- Up-to-date: /home/ti5/ws_moveit2/install/moveit_kinematics/share/moveit_kinematics/launch/panda-kdl.test.py
[19.034s] -- Up-to-date: /home/ti5/ws_moveit2/install/moveit_kinematics/share/moveit_kinematics/launch/fanuc-lma.test.py
[19.034s] -- Up-to-date: /home/ti5/ws_moveit2/install/moveit_kinematics/share/moveit_kinematics/launch/panda-kdl-singular.test.py
[19.036s] -- Up-to-date: /home/ti5/ws_moveit2/install/moveit_kinematics/share/moveit_kinematics/launch/panda-lma-singular.test.py
[19.037s] -- Up-to-date: /home/ti5/ws_moveit2/install/moveit_kinematics/share/moveit_kinematics/launch/fanuc-lma-singular.test.py
[19.038s] -- Up-to-date: /home/ti5/ws_moveit2/install/moveit_kinematics/share/moveit_kinematics/launch/fanuc-kdl-singular.test.py
[19.040s] -- Up-to-date: /home/ti5/ws_moveit2/install/moveit_kinematics/share/moveit_kinematics/launch/fanuc-kdl.test.py
[19.040s] -- Up-to-date: /home/ti5/ws_moveit2/install/moveit_kinematics/lib/moveit_kinematics/benchmark_ik
[19.042s] -- Up-to-date: /home/ti5/ws_moveit2/install/moveit_kinematics/lib/moveit_kinematics/test_kinematics_plugin
[19.042s] -- Up-to-date: /home/ti5/ws_moveit2/install/moveit_kinematics/lib/libmoveit_cached_ik_kinematics_base.so.2.5.5
[19.044s] -- Up-to-date: /home/ti5/ws_moveit2/install/moveit_kinematics/lib/libmoveit_cached_ik_kinematics_base.so
[19.044s] -- Up-to-date: /home/ti5/ws_moveit2/install/moveit_kinematics/lib/libmoveit_cached_ik_kinematics_plugin.so.2.5.5
[19.045s] -- Up-to-date: /home/ti5/ws_moveit2/install/moveit_kinematics/lib/libmoveit_cached_ik_kinematics_plugin.so
[19.046s] -- Up-to-date: /home/ti5/ws_moveit2/install/moveit_kinematics/lib/libmoveit_kdl_kinematics_plugin.so
[19.049s] -- Up-to-date: /home/ti5/ws_moveit2/install/moveit_kinematics/lib/libmoveit_lma_kinematics_plugin.so.2.5.5
[19.050s] -- Up-to-date: /home/ti5/ws_moveit2/install/moveit_kinematics/lib/libmoveit_lma_kinematics_plugin.so
[19.050s] -- Up-to-date: /home/ti5/ws_moveit2/install/moveit_kinematics/lib/libmoveit_srv_kinematics_plugin.so.2.5.5
[19.050s] -- Up-to-date: /home/ti5/ws_moveit2/install/moveit_kinematics/lib/libmoveit_srv_kinematics_plugin.so
[19.051s] -- Up-to-date: /home/ti5/ws_moveit2/install/moveit_kinematics/share/moveit_kinematics/environment/library_path.sh
[19.051s] -- Installing: /home/ti5/ws_moveit2/install/moveit_kinematics/share/moveit_kinematics/environment/library_path.dsv
[19.052s] -- Up-to-date: /home/ti5/ws_moveit2/install/moveit_kinematics/share/ament_index/resource_index/package_run_dependencies/moveit_kinematics
[19.059s] -- Installing: /home/ti5/ws_moveit2/install/moveit_kinematics/share/ament_index/resource_index/parent_prefix_path/moveit_kinematics
[19.060s] -- Up-to-date: /home/ti5/ws_moveit2/install/moveit_kinematics/share/moveit_kinematics/environment/ament_prefix_path.sh
[19.060s] -- Installing: /home/ti5/ws_moveit2/install/moveit_kinematics/share/moveit_kinematics/environment/ament_prefix_path.dsv
[19.061s] -- Up-to-date: /home/ti5/ws_moveit2/install/moveit_kinematics/share/moveit_kinematics/environment/path.sh
[19.061s] -- Installing: /home/ti5/ws_moveit2/install/moveit_kinematics/share/moveit_kinematics/environment/path.dsv
[19.062s] -- Up-to-date: /home/ti5/ws_moveit2/install/moveit_kinematics/share/moveit_kinematics/local_setup.bash
[19.062s] -- Up-to-date: /home/ti5/ws_moveit2/install/moveit_kinematics/share/moveit_kinematics/local_setup.sh
[19.063s] -- Up-to-date: /home/ti5/ws_moveit2/install/moveit_kinematics/share/moveit_kinematics/local_setup.zsh
[19.063s] -- Installing: /home/ti5/ws_moveit2/install/moveit_kinematics/share/moveit_kinematics/local_setup.dsv
[19.063s] -- Installing: /home/ti5/ws_moveit2/install/moveit_kinematics/share/moveit_kinematics/package.dsv
[19.064s] -- Up-to-date: /home/ti5/ws_moveit2/install/moveit_kinematics/share/ament_index/resource_index/packages/moveit_kinematics
[19.064s] -- Up-to-date: /home/ti5/ws_moveit2/install/moveit_kinematics/share/ament_index/resource_index/moveit_core__pluginlib__plugin/moveit_kinematics
[19.065s] -- Up-to-date: /home/ti5/ws_moveit2/install/moveit_kinematics/share/moveit_kinematics/cmake/export_moveit_kinematicsExport.cmake
[19.065s] -- Up-to-date: /home/ti5/ws_moveit2/install/moveit_kinematics/share/moveit_kinematics/cmake/export_moveit_kinematicsExport-release.cmake
[19.067s] -- Up-to-date: /home/ti5/ws_moveit2/install/moveit_kinematics/share/moveit_kinematics/cmake/ConfigExtras.cmake
[19.067s] -- Up-to-date: /home/ti5/ws_moveit2/install/moveit_kinematics/share/moveit_kinematics/cmake/ament_cmake_export_targets-extras.cmake
[19.068s] -- Up-to-date: /home/ti5/ws_moveit2/install/moveit_kinematics/share/moveit_kinematics/cmake/ament_cmake_export_dependencies-extras.cmake
[19.068s] -- Up-to-date: /home/ti5/ws_moveit2/install/moveit_kinematics/share/moveit_kinematics/cmake/moveit_kinematicsConfig.cmake
[19.069s] -- Up-to-date: /home/ti5/ws_moveit2/install/moveit_kinematics/share/moveit_kinematics/cmake/moveit_kinematicsConfig-version.cmake
[19.081s] -- Up-to-date: /home/ti5/ws_moveit2/install/moveit_kinematics/share/moveit_kinematics/package.xml
[19.084s] Invoked command in '/home/ti5/ws_moveit2/build/moveit_kinematics' returned '0': AMENT_PREFIX_PATH=/home/ti5/ws_moveit2/install/moveit_ros_planning:/home/ti5/ws_moveit2/install/moveit_ros_occupancy_map_monitor:/home/ti5/ws_moveit2/install/moveit_core:/home/ti5/ws_moveit2/install/moveit_resources_panda_moveit_config:/home/ti5/ws_moveit2/install/moveit_resources_fanuc_moveit_config:/home/ti5/ws_moveit2/install/moveit_configs_utils:/home/ti5/ws_moveit2/install/srdfdom:/home/ti5/ws_moveit2/install/moveit_resources_panda_description:/home/ti5/ws_moveit2/install/moveit_resources_fanuc_description:/home/ti5/ws_moveit2/install/moveit_common:/home/ti5/ws_moveit2/install/launch_param_builder:${AMENT_PREFIX_PATH} CMAKE_PREFIX_PATH=/home/ti5/ws_moveit2/install/moveit_ros_planning:/home/ti5/ws_moveit2/install/moveit_ros_occupancy_map_monitor:/home/ti5/ws_moveit2/install/moveit_core:/home/ti5/ws_moveit2/install/moveit_resources_panda_moveit_config:/home/ti5/ws_moveit2/install/moveit_resources_fanuc_moveit_config:/home/ti5/ws_moveit2/install/srdfdom:/home/ti5/ws_moveit2/install/moveit_resources_panda_description:/home/ti5/ws_moveit2/install/moveit_resources_fanuc_description:/home/ti5/ws_moveit2/install/moveit_common:/opt/ros/humble LD_LIBRARY_PATH=/home/ti5/ws_moveit2/install/moveit_ros_planning/lib:/home/ti5/ws_moveit2/install/moveit_ros_occupancy_map_monitor/lib:/home/ti5/ws_moveit2/install/moveit_core/lib:/home/ti5/ws_moveit2/install/srdfdom/lib:${LD_LIBRARY_PATH} PATH=/home/ti5/ws_moveit2/install/moveit_core/bin:${PATH} PYTHONPATH=/home/ti5/ws_moveit2/install/moveit_configs_utils/lib/python3.10/site-packages:/home/ti5/ws_moveit2/install/srdfdom/local/lib/python3.10/dist-packages:/home/ti5/ws_moveit2/install/launch_param_builder/lib/python3.10/site-packages:${PYTHONPATH} /usr/bin/cmake --install /home/ti5/ws_moveit2/build/moveit_kinematics
