[0.073s] Invoking command in '/home/ti5/ws_moveit2/build/rviz_marker_tools': AMENT_PREFIX_PATH=/home/ti5/ws_moveit2/install/moveit_common:${AMENT_PREFIX_PATH} CMAKE_PREFIX_PATH=/home/ti5/ws_moveit2/install/moveit_common:/opt/ros/humble /usr/bin/cmake --build /home/ti5/ws_moveit2/build/rviz_marker_tools -- -j4 -l4
[0.445s] [100%] Built target rviz_marker_tools
[0.496s] Invoked command in '/home/ti5/ws_moveit2/build/rviz_marker_tools' returned '0': AMENT_PREFIX_PATH=/home/ti5/ws_moveit2/install/moveit_common:${AMENT_PREFIX_PATH} CMAKE_PREFIX_PATH=/home/ti5/ws_moveit2/install/moveit_common:/opt/ros/humble /usr/bin/cmake --build /home/ti5/ws_moveit2/build/rviz_marker_tools -- -j4 -l4
[0.794s] Invoking command in '/home/ti5/ws_moveit2/build/rviz_marker_tools': AMENT_PREFIX_PATH=/home/ti5/ws_moveit2/install/moveit_common:${AMENT_PREFIX_PATH} CMAKE_PREFIX_PATH=/home/ti5/ws_moveit2/install/moveit_common:/opt/ros/humble /usr/bin/cmake --install /home/ti5/ws_moveit2/build/rviz_marker_tools
[0.983s] -- Install configuration: "Release"
[0.984s] -- Up-to-date: /home/ti5/ws_moveit2/install/rviz_marker_tools/include
[0.985s] -- Up-to-date: /home/ti5/ws_moveit2/install/rviz_marker_tools/include/rviz_marker_tools
[0.992s] -- Up-to-date: /home/ti5/ws_moveit2/install/rviz_marker_tools/include/rviz_marker_tools/marker_creation.h
[0.993s] -- Up-to-date: /home/ti5/ws_moveit2/install/rviz_marker_tools/lib/librviz_marker_tools.so
[0.994s] -- Up-to-date: /home/ti5/ws_moveit2/install/rviz_marker_tools/share/rviz_marker_tools/environment/library_path.sh
[0.995s] -- Up-to-date: /home/ti5/ws_moveit2/install/rviz_marker_tools/share/rviz_marker_tools/environment/library_path.dsv
[0.997s] -- Up-to-date: /home/ti5/ws_moveit2/install/rviz_marker_tools/share/ament_index/resource_index/package_run_dependencies/rviz_marker_tools
[0.998s] -- Up-to-date: /home/ti5/ws_moveit2/install/rviz_marker_tools/share/ament_index/resource_index/parent_prefix_path/rviz_marker_tools
[0.999s] -- Up-to-date: /home/ti5/ws_moveit2/install/rviz_marker_tools/share/rviz_marker_tools/environment/ament_prefix_path.sh
[0.999s] -- Up-to-date: /home/ti5/ws_moveit2/install/rviz_marker_tools/share/rviz_marker_tools/environment/ament_prefix_path.dsv
[1.000s] -- Up-to-date: /home/ti5/ws_moveit2/install/rviz_marker_tools/share/rviz_marker_tools/environment/path.sh
[1.000s] -- Up-to-date: /home/ti5/ws_moveit2/install/rviz_marker_tools/share/rviz_marker_tools/environment/path.dsv
[1.001s] -- Up-to-date: /home/ti5/ws_moveit2/install/rviz_marker_tools/share/rviz_marker_tools/local_setup.bash
[1.001s] -- Up-to-date: /home/ti5/ws_moveit2/install/rviz_marker_tools/share/rviz_marker_tools/local_setup.sh
[1.002s] -- Up-to-date: /home/ti5/ws_moveit2/install/rviz_marker_tools/share/rviz_marker_tools/local_setup.zsh
[1.002s] -- Up-to-date: /home/ti5/ws_moveit2/install/rviz_marker_tools/share/rviz_marker_tools/local_setup.dsv
[1.003s] -- Installing: /home/ti5/ws_moveit2/install/rviz_marker_tools/share/rviz_marker_tools/package.dsv
[1.003s] -- Up-to-date: /home/ti5/ws_moveit2/install/rviz_marker_tools/share/ament_index/resource_index/packages/rviz_marker_tools
[1.004s] -- Up-to-date: /home/ti5/ws_moveit2/install/rviz_marker_tools/share/rviz_marker_tools/cmake/rviz_marker_toolsTargetsExport.cmake
[1.004s] -- Up-to-date: /home/ti5/ws_moveit2/install/rviz_marker_tools/share/rviz_marker_tools/cmake/rviz_marker_toolsTargetsExport-release.cmake
[1.005s] -- Up-to-date: /home/ti5/ws_moveit2/install/rviz_marker_tools/share/rviz_marker_tools/cmake/ament_cmake_export_targets-extras.cmake
[1.005s] -- Up-to-date: /home/ti5/ws_moveit2/install/rviz_marker_tools/share/rviz_marker_tools/cmake/ament_cmake_export_dependencies-extras.cmake
[1.006s] -- Up-to-date: /home/ti5/ws_moveit2/install/rviz_marker_tools/share/rviz_marker_tools/cmake/rviz_marker_toolsConfig.cmake
[1.006s] -- Up-to-date: /home/ti5/ws_moveit2/install/rviz_marker_tools/share/rviz_marker_tools/cmake/rviz_marker_toolsConfig-version.cmake
[1.007s] -- Up-to-date: /home/ti5/ws_moveit2/install/rviz_marker_tools/share/rviz_marker_tools/package.xml
[1.007s] Invoked command in '/home/ti5/ws_moveit2/build/rviz_marker_tools' returned '0': AMENT_PREFIX_PATH=/home/ti5/ws_moveit2/install/moveit_common:${AMENT_PREFIX_PATH} CMAKE_PREFIX_PATH=/home/ti5/ws_moveit2/install/moveit_common:/opt/ros/humble /usr/bin/cmake --install /home/ti5/ws_moveit2/build/rviz_marker_tools
