[0.117s] Invoking command in '/home/ti5/ws_moveit2/build/moveit_common': CMAKE_PREFIX_PATH=/opt/ros/humble /usr/bin/cmake /home/ti5/ws_moveit2/moveit2/moveit_common -DCMAKE_INSTALL_PREFIX=/home/ti5/ws_moveit2/install/moveit_common
[1.668s] -- Found ament_cmake: 1.3.8 (/opt/ros/humble/share/ament_cmake/cmake)
[1.669s] -- Found ament_lint_auto: 0.12.10 (/opt/ros/humble/share/ament_lint_auto/cmake)
[1.671s] -- Added test 'copyright' to check source files copyright and LICENSE
[1.675s] -- Added test 'lint_cmake' to check CMake code style
[1.676s] -- Added test 'xmllint' to check XML markup files
[1.677s] -- Configuring done
[1.678s] -- Generating done
[1.679s] -- Build files have been written to: /home/ti5/ws_moveit2/build/moveit_common
[1.696s] Invoked command in '/home/ti5/ws_moveit2/build/moveit_common' returned '0': CMAKE_PREFIX_PATH=/opt/ros/humble /usr/bin/cmake /home/ti5/ws_moveit2/moveit2/moveit_common -DCMAKE_INSTALL_PREFIX=/home/ti5/ws_moveit2/install/moveit_common
[1.705s] Invoking command in '/home/ti5/ws_moveit2/build/moveit_common': CMAKE_PREFIX_PATH=/opt/ros/humble /usr/bin/cmake --build /home/ti5/ws_moveit2/build/moveit_common -- -j4 -l4
[1.917s] Invoked command in '/home/ti5/ws_moveit2/build/moveit_common' returned '0': CMAKE_PREFIX_PATH=/opt/ros/humble /usr/bin/cmake --build /home/ti5/ws_moveit2/build/moveit_common -- -j4 -l4
[2.177s] Invoking command in '/home/ti5/ws_moveit2/build/moveit_common': CMAKE_PREFIX_PATH=/opt/ros/humble /usr/bin/cmake --install /home/ti5/ws_moveit2/build/moveit_common
[2.253s] -- Install configuration: "Release"
[2.265s] -- Up-to-date: /home/ti5/ws_moveit2/install/moveit_common/share/ament_index/resource_index/package_run_dependencies/moveit_common
[2.266s] -- Up-to-date: /home/ti5/ws_moveit2/install/moveit_common/share/ament_index/resource_index/parent_prefix_path/moveit_common
[2.267s] -- Up-to-date: /home/ti5/ws_moveit2/install/moveit_common/share/moveit_common/environment/ament_prefix_path.sh
[2.268s] -- Installing: /home/ti5/ws_moveit2/install/moveit_common/share/moveit_common/environment/ament_prefix_path.dsv
[2.269s] -- Up-to-date: /home/ti5/ws_moveit2/install/moveit_common/share/moveit_common/environment/path.sh
[2.269s] -- Installing: /home/ti5/ws_moveit2/install/moveit_common/share/moveit_common/environment/path.dsv
[2.270s] -- Up-to-date: /home/ti5/ws_moveit2/install/moveit_common/share/moveit_common/local_setup.bash
[2.275s] -- Up-to-date: /home/ti5/ws_moveit2/install/moveit_common/share/moveit_common/local_setup.sh
[2.278s] -- Up-to-date: /home/ti5/ws_moveit2/install/moveit_common/share/moveit_common/local_setup.zsh
[2.279s] -- Installing: /home/ti5/ws_moveit2/install/moveit_common/share/moveit_common/local_setup.dsv
[2.279s] -- Installing: /home/ti5/ws_moveit2/install/moveit_common/share/moveit_common/package.dsv
[2.280s] -- Up-to-date: /home/ti5/ws_moveit2/install/moveit_common/share/ament_index/resource_index/packages/moveit_common
[2.280s] -- Up-to-date: /home/ti5/ws_moveit2/install/moveit_common/share/moveit_common/cmake/moveit_common-extras.cmake
[2.281s] -- Up-to-date: /home/ti5/ws_moveit2/install/moveit_common/share/moveit_common/cmake/moveit_commonConfig.cmake
[2.281s] -- Up-to-date: /home/ti5/ws_moveit2/install/moveit_common/share/moveit_common/cmake/moveit_commonConfig-version.cmake
[2.285s] -- Up-to-date: /home/ti5/ws_moveit2/install/moveit_common/share/moveit_common/package.xml
[2.285s] -- Up-to-date: /home/ti5/ws_moveit2/install/moveit_common/share/moveit_common/cmake
[2.286s] -- Up-to-date: /home/ti5/ws_moveit2/install/moveit_common/share/moveit_common/cmake/moveit_package.cmake
[2.297s] Invoked command in '/home/ti5/ws_moveit2/build/moveit_common' returned '0': CMAKE_PREFIX_PATH=/opt/ros/humble /usr/bin/cmake --install /home/ti5/ws_moveit2/build/moveit_common
