[  1%] [34m[1mAutomatic MOC for target moveit_rviz_plugin_render_tools[0m
[  1%] Built target moveit_rviz_plugin_render_tools_autogen
[ 18%] Built target moveit_rviz_plugin_render_tools
[ 20%] [34m[1mAutomatic MOC for target moveit_robot_state_rviz_plugin_core[0m
[ 22%] [34m[1mAutomatic MOC for target moveit_planning_scene_rviz_plugin_core[0m
[ 22%] Built target moveit_robot_state_rviz_plugin_core_autogen
[ 22%] Built target moveit_planning_scene_rviz_plugin_core_autogen
[ 27%] Built target moveit_robot_state_rviz_plugin_core
[ 34%] Built target moveit_planning_scene_rviz_plugin_core
[ 36%] [34m[1mAutomatic MOC for target moveit_robot_state_rviz_plugin[0m
[ 37%] [34m[1mAutomatic MOC for target moveit_trajectory_rviz_plugin_core[0m
[ 37%] Built target moveit_robot_state_rviz_plugin_autogen
[ 39%] [34m[1mAutomatic MOC for target moveit_planning_scene_rviz_plugin[0m
[ 39%] Built target moveit_trajectory_rviz_plugin_core_autogen
[ 39%] Built target moveit_planning_scene_rviz_plugin_autogen
[ 44%] Built target moveit_robot_state_rviz_plugin
[ 50%] Built target moveit_trajectory_rviz_plugin_core
[ 55%] Built target moveit_planning_scene_rviz_plugin
[ 56%] [34m[1mAutomatic MOC for target moveit_trajectory_rviz_plugin[0m
[ 58%] [34m[1mAutomatic MOC for target moveit_motion_planning_rviz_plugin_core[0m
[ 58%] Built target moveit_trajectory_rviz_plugin_autogen
[ 58%] Built target moveit_motion_planning_rviz_plugin_core_autogen
[ 63%] Built target moveit_trajectory_rviz_plugin
[35m[1mConsolidate compiler generated dependencies of target moveit_motion_planning_rviz_plugin_core[0m
[ 93%] Built target moveit_motion_planning_rviz_plugin_core
[ 94%] [34m[1mAutomatic MOC for target moveit_motion_planning_rviz_plugin[0m
[ 94%] Built target moveit_motion_planning_rviz_plugin_autogen
[35m[1mConsolidate compiler generated dependencies of target moveit_motion_planning_rviz_plugin[0m
[100%] Built target moveit_motion_planning_rviz_plugin
