[4.555s] Invoking command in '/home/ti5/ws_moveit2/launch_param_builder': PYTHONPATH=/home/ti5/ws_moveit2/build/launch_param_builder/prefix_override:/home/ti5/ws_moveit2/install/launch_param_builder/lib/python3.10/site-packages:${PYTHONPATH} /usr/bin/python3 -W ignore:setup.py install is deprecated setup.py egg_info --egg-base ../build/launch_param_builder build --build-base /home/ti5/ws_moveit2/build/launch_param_builder/build install --record /home/ti5/ws_moveit2/build/launch_param_builder/install.log --single-version-externally-managed install_data
[6.626s] running egg_info
[6.639s] writing ../build/launch_param_builder/launch_param_builder.egg-info/PKG-INFO
[6.647s] writing dependency_links to ../build/launch_param_builder/launch_param_builder.egg-info/dependency_links.txt
[6.648s] writing entry points to ../build/launch_param_builder/launch_param_builder.egg-info/entry_points.txt
[6.652s] writing requirements to ../build/launch_param_builder/launch_param_builder.egg-info/requires.txt
[6.654s] writing top-level names to ../build/launch_param_builder/launch_param_builder.egg-info/top_level.txt
[6.671s] reading manifest file '../build/launch_param_builder/launch_param_builder.egg-info/SOURCES.txt'
[6.674s] adding license file 'LICENSE'
[6.679s] writing manifest file '../build/launch_param_builder/launch_param_builder.egg-info/SOURCES.txt'
[6.680s] running build
[6.680s] running build_py
[6.686s] running install
[6.690s] running install_lib
[6.702s] running install_data
[6.717s] running install_egg_info
[6.742s] removing '/home/ti5/ws_moveit2/install/launch_param_builder/lib/python3.10/site-packages/launch_param_builder-0.1.1-py3.10.egg-info' (and everything under it)
[6.746s] Copying ../build/launch_param_builder/launch_param_builder.egg-info to /home/ti5/ws_moveit2/install/launch_param_builder/lib/python3.10/site-packages/launch_param_builder-0.1.1-py3.10.egg-info
[6.760s] running install_scripts
[7.005s] writing list of installed files to '/home/ti5/ws_moveit2/build/launch_param_builder/install.log'
[7.161s] Invoked command in '/home/ti5/ws_moveit2/launch_param_builder' returned '0': PYTHONPATH=/home/ti5/ws_moveit2/build/launch_param_builder/prefix_override:/home/ti5/ws_moveit2/install/launch_param_builder/lib/python3.10/site-packages:${PYTHONPATH} /usr/bin/python3 -W ignore:setup.py install is deprecated setup.py egg_info --egg-base ../build/launch_param_builder build --build-base /home/ti5/ws_moveit2/build/launch_param_builder/build install --record /home/ti5/ws_moveit2/build/launch_param_builder/install.log --single-version-externally-managed install_data
