[0.157s] Invoking command in '/home/ti5/ws_moveit2/build/moveit_ros_planning': AMENT_PREFIX_PATH=/home/ti5/ws_moveit2/install/moveit_ros_occupancy_map_monitor:/home/ti5/ws_moveit2/install/moveit_core:/home/ti5/ws_moveit2/install/moveit_resources_panda_moveit_config:/home/ti5/ws_moveit2/install/srdfdom:/home/ti5/ws_moveit2/install/moveit_resources_panda_description:/home/ti5/ws_moveit2/install/moveit_common:${AMENT_PREFIX_PATH} CMAKE_PREFIX_PATH=/home/ti5/ws_moveit2/install/moveit_ros_occupancy_map_monitor:/home/ti5/ws_moveit2/install/moveit_core:/home/ti5/ws_moveit2/install/moveit_resources_panda_moveit_config:/home/ti5/ws_moveit2/install/srdfdom:/home/ti5/ws_moveit2/install/moveit_resources_panda_description:/home/ti5/ws_moveit2/install/moveit_common:/opt/ros/humble LD_LIBRARY_PATH=/home/ti5/ws_moveit2/install/moveit_ros_occupancy_map_monitor/lib:/home/ti5/ws_moveit2/install/moveit_core/lib:/home/ti5/ws_moveit2/install/srdfdom/lib:${LD_LIBRARY_PATH} PATH=/home/ti5/ws_moveit2/install/moveit_core/bin:${PATH} PYTHONPATH=/home/ti5/ws_moveit2/install/srdfdom/local/lib/python3.10/dist-packages:${PYTHONPATH} /usr/bin/cmake /home/ti5/ws_moveit2/moveit2/moveit_ros/planning -DCMAKE_INSTALL_PREFIX=/home/ti5/ws_moveit2/install/moveit_ros_planning
[0.223s] -- Found moveit_common: 2.5.5 (/home/ti5/ws_moveit2/install/moveit_common/share/moveit_common/cmake)
[0.224s] -- Found ament_cmake: 1.3.8 (/opt/ros/humble/share/ament_cmake/cmake)
[1.356s] -- Could NOT find libbfd (missing: LIBBFD_LIBRARY LIBBFD_INCLUDE_DIR) 
[1.357s] -- BACKWARD_HAS_UNWIND=1
[1.358s] -- BACKWARD_HAS_BACKTRACE=0
[1.358s] -- BACKWARD_HAS_BACKTRACE_SYMBOL=0
[1.359s] -- BACKWARD_HAS_DW=1
[1.359s] -- BACKWARD_HAS_BFD=0
[1.361s] -- Found Backward: /opt/ros/humble/share/backward_ros/cmake  
[1.365s] -- Found moveit_msgs: 2.2.1 (/opt/ros/humble/share/moveit_msgs/cmake)
[1.487s] -- Found rosidl_generator_c: 3.1.5 (/opt/ros/humble/share/rosidl_generator_c/cmake)
[1.506s] -- Found rosidl_adapter: 3.1.5 (/opt/ros/humble/share/rosidl_adapter/cmake)
[1.544s] -- Found rosidl_generator_cpp: 3.1.5 (/opt/ros/humble/share/rosidl_generator_cpp/cmake)
[1.622s] -- Using all available rosidl_typesupport_c: rosidl_typesupport_fastrtps_c;rosidl_typesupport_introspection_c
[1.735s] -- Using all available rosidl_typesupport_cpp: rosidl_typesupport_fastrtps_cpp;rosidl_typesupport_introspection_cpp
[6.651s] -- Found pluginlib: 5.1.0 (/opt/ros/humble/share/pluginlib/cmake)
[6.722s] -- Found rclcpp: 16.0.8 (/opt/ros/humble/share/rclcpp/cmake)
[7.015s] -- Found rmw_implementation_cmake: 6.1.1 (/opt/ros/humble/share/rmw_implementation_cmake/cmake)
[7.024s] -- Found rmw_fastrtps_cpp: 6.2.6 (/opt/ros/humble/share/rmw_fastrtps_cpp/cmake)
[7.216s] -- Found TinyXML2 via Config file: TinyXML2_DIR-NOTFOUND
[7.259s] -- Found TinyXML2 via Config file: TinyXML2_DIR-NOTFOUND
[7.363s] -- Found TinyXML2 via Config file: TinyXML2_DIR-NOTFOUND
[7.401s] -- Found TinyXML2 via Config file: TinyXML2_DIR-NOTFOUND
[7.452s] -- Using RMW implementation 'rmw_fastrtps_cpp' as default
[8.269s] -- Found message_filters: 4.3.3 (/opt/ros/humble/share/message_filters/cmake)
[8.304s] -- Found srdfdom: 2.0.4 (/home/ti5/ws_moveit2/install/srdfdom/share/srdfdom/cmake)
[8.357s] -- Found tf2: 0.25.6 (/opt/ros/humble/share/tf2/cmake)
[8.402s] -- Found tf2_geometry_msgs: 0.25.6 (/opt/ros/humble/share/tf2_geometry_msgs/cmake)
[8.426s] -- Found eigen3_cmake_module: 0.1.1 (/opt/ros/humble/share/eigen3_cmake_module/cmake)
[8.433s] -- Ensuring Eigen3 include directory is part of orocos-kdl CMake target
[10.066s] -- Found tf2_eigen: 0.25.6 (/opt/ros/humble/share/tf2_eigen/cmake)
[10.100s] -- Found moveit_core: 2.5.5 (/home/ti5/ws_moveit2/install/moveit_core/share/moveit_core/cmake)
[10.173s] -- Found Boost: /usr/lib/x86_64-linux-gnu/cmake/Boost-1.74.0/BoostConfig.cmake (found version "1.74.0") found components: chrono date_time filesystem iostreams program_options regex serialization system thread 
[10.290s] -- Found parameter_traits: 0.3.8 (/opt/ros/humble/share/parameter_traits/cmake)
[10.371s] -- Found rclcpp_lifecycle: 16.0.8 (/opt/ros/humble/share/rclcpp_lifecycle/cmake)
[10.635s] -- Found Boost: /usr/lib/x86_64-linux-gnu/cmake/Boost-1.74.0/BoostConfig.cmake (found version "1.74.0") found components: filesystem 
[10.800s] -- library: /usr/lib/x86_64-linux-gnu/libcurl.so
[12.878s] -- Found moveit_ros_occupancy_map_monitor: 2.5.5 (/home/ti5/ws_moveit2/install/moveit_ros_occupancy_map_monitor/share/moveit_ros_occupancy_map_monitor/cmake)
[13.935s] -- Found Boost: /usr/lib/x86_64-linux-gnu/cmake/Boost-1.74.0/BoostConfig.cmake (found version "1.74.0") found components: system filesystem date_time program_options thread chrono 
[14.284s] -- Found ament_cmake_gtest: 1.3.8 (/opt/ros/humble/share/ament_cmake_gtest/cmake)
[14.285s] -- Found ament_cmake_gmock: 1.3.8 (/opt/ros/humble/share/ament_cmake_gmock/cmake)
[14.286s] -- Found gmock sources under '/opt/ros/humble/src/gmock_vendor': C++ tests using 'Google Mock' will be built
[14.296s] -- Found gtest sources under '/opt/ros/humble/src/gtest_vendor': C++ tests using 'Google Test' will be built
[14.467s] -- Found ament_lint_auto: 0.12.10 (/opt/ros/humble/share/ament_lint_auto/cmake)
[14.495s] -- Found launch_testing_ament_cmake: 1.0.5 (/opt/ros/humble/share/launch_testing_ament_cmake/cmake)
[14.497s] -- Found python_cmake_module: 0.10.0 (/opt/ros/humble/share/python_cmake_module/cmake)
[14.605s] -- Using PYTHON_EXECUTABLE: /usr/bin/python3
[14.605s] -- Using PYTHON_INCLUDE_DIRS: /usr/include/python3.10
[14.605s] -- Using PYTHON_LIBRARIES: /usr/lib/x86_64-linux-gnu/libpython3.10.so
[14.701s] -- Added test 'cppcheck' to perform static code analysis on C / C++ code
[14.704s] -- Configured cppcheck include dirs: /home/ti5/ws_moveit2/moveit2/moveit_ros/planning/rdf_loader/include;/home/ti5/ws_moveit2/moveit2/moveit_ros/planning/kinematics_plugin_loader/include;/home/ti5/ws_moveit2/moveit2/moveit_ros/planning/robot_model_loader/include;/home/ti5/ws_moveit2/moveit2/moveit_ros/planning/constraint_sampler_manager_loader/include;/home/ti5/ws_moveit2/moveit2/moveit_ros/planning/planning_pipeline/include;/home/ti5/ws_moveit2/moveit2/moveit_ros/planning/planning_scene_monitor/include;/home/ti5/ws_moveit2/moveit2/moveit_ros/planning/trajectory_execution_manager/include;/home/ti5/ws_moveit2/moveit2/moveit_ros/planning/plan_execution/include;/home/ti5/ws_moveit2/moveit2/moveit_ros/planning/collision_plugin_loader/include;/home/ti5/ws_moveit2/moveit2/moveit_ros/planning/moveit_cpp/include
[14.705s] -- Configured cppcheck exclude dirs and/or files: 
[14.720s] -- Added test 'lint_cmake' to check CMake code style
[14.728s] -- Added test 'pep257' to check Python code against some of the docstring style conventions in PEP 257
[14.736s] -- Added test 'xmllint' to check XML markup files
[14.749s] -- Configuring done
[16.898s] -- Generating done
[16.930s] -- Build files have been written to: /home/ti5/ws_moveit2/build/moveit_ros_planning
[17.019s] Invoked command in '/home/ti5/ws_moveit2/build/moveit_ros_planning' returned '0': AMENT_PREFIX_PATH=/home/ti5/ws_moveit2/install/moveit_ros_occupancy_map_monitor:/home/ti5/ws_moveit2/install/moveit_core:/home/ti5/ws_moveit2/install/moveit_resources_panda_moveit_config:/home/ti5/ws_moveit2/install/srdfdom:/home/ti5/ws_moveit2/install/moveit_resources_panda_description:/home/ti5/ws_moveit2/install/moveit_common:${AMENT_PREFIX_PATH} CMAKE_PREFIX_PATH=/home/ti5/ws_moveit2/install/moveit_ros_occupancy_map_monitor:/home/ti5/ws_moveit2/install/moveit_core:/home/ti5/ws_moveit2/install/moveit_resources_panda_moveit_config:/home/ti5/ws_moveit2/install/srdfdom:/home/ti5/ws_moveit2/install/moveit_resources_panda_description:/home/ti5/ws_moveit2/install/moveit_common:/opt/ros/humble LD_LIBRARY_PATH=/home/ti5/ws_moveit2/install/moveit_ros_occupancy_map_monitor/lib:/home/ti5/ws_moveit2/install/moveit_core/lib:/home/ti5/ws_moveit2/install/srdfdom/lib:${LD_LIBRARY_PATH} PATH=/home/ti5/ws_moveit2/install/moveit_core/bin:${PATH} PYTHONPATH=/home/ti5/ws_moveit2/install/srdfdom/local/lib/python3.10/dist-packages:${PYTHONPATH} /usr/bin/cmake /home/ti5/ws_moveit2/moveit2/moveit_ros/planning -DCMAKE_INSTALL_PREFIX=/home/ti5/ws_moveit2/install/moveit_ros_planning
[17.026s] Invoking command in '/home/ti5/ws_moveit2/build/moveit_ros_planning': AMENT_PREFIX_PATH=/home/ti5/ws_moveit2/install/moveit_ros_occupancy_map_monitor:/home/ti5/ws_moveit2/install/moveit_core:/home/ti5/ws_moveit2/install/moveit_resources_panda_moveit_config:/home/ti5/ws_moveit2/install/srdfdom:/home/ti5/ws_moveit2/install/moveit_resources_panda_description:/home/ti5/ws_moveit2/install/moveit_common:${AMENT_PREFIX_PATH} CMAKE_PREFIX_PATH=/home/ti5/ws_moveit2/install/moveit_ros_occupancy_map_monitor:/home/ti5/ws_moveit2/install/moveit_core:/home/ti5/ws_moveit2/install/moveit_resources_panda_moveit_config:/home/ti5/ws_moveit2/install/srdfdom:/home/ti5/ws_moveit2/install/moveit_resources_panda_description:/home/ti5/ws_moveit2/install/moveit_common:/opt/ros/humble LD_LIBRARY_PATH=/home/ti5/ws_moveit2/install/moveit_ros_occupancy_map_monitor/lib:/home/ti5/ws_moveit2/install/moveit_core/lib:/home/ti5/ws_moveit2/install/srdfdom/lib:${LD_LIBRARY_PATH} PATH=/home/ti5/ws_moveit2/install/moveit_core/bin:${PATH} PYTHONPATH=/home/ti5/ws_moveit2/install/srdfdom/local/lib/python3.10/dist-packages:${PYTHONPATH} /usr/bin/cmake --build /home/ti5/ws_moveit2/build/moveit_ros_planning -- -j4 -l4
[17.239s] [35m[1mConsolidate compiler generated dependencies of target moveit_collision_plugin_loader[0m
[17.245s] [35m[1mConsolidate compiler generated dependencies of target moveit_planning_pipeline[0m
[17.298s] [35m[1mConsolidate compiler generated dependencies of target moveit_rdf_loader[0m
[17.300s] [35m[1mConsolidate compiler generated dependencies of target moveit_default_planning_request_adapter_plugins[0m
[17.374s] [  3%] Built target moveit_collision_plugin_loader
[17.448s] [  6%] Built target moveit_planning_pipeline
[17.451s] [35m[1mConsolidate compiler generated dependencies of target moveit_list_request_adapter_plugins[0m
[17.470s] [ 11%] Built target moveit_rdf_loader
[17.498s] [35m[1mConsolidate compiler generated dependencies of target gmock_main[0m
[17.550s] [35m[1mConsolidate compiler generated dependencies of target gmock[0m
[17.619s] [ 17%] Built target moveit_list_request_adapter_plugins
[17.620s] [ 17%] Built target gmock_main
[17.662s] [ 22%] Built target gmock
[17.676s] [35m[1mConsolidate compiler generated dependencies of target moveit_kinematics_plugin_loader[0m
[17.705s] [35m[1mConsolidate compiler generated dependencies of target moveit_constraint_sampler_manager_loader[0m
[17.765s] [ 40%] Built target moveit_default_planning_request_adapter_plugins
[17.809s] [ 43%] Built target moveit_kinematics_plugin_loader
[17.847s] [ 46%] Built target moveit_constraint_sampler_manager_loader
[17.864s] [35m[1mConsolidate compiler generated dependencies of target moveit_robot_model_loader[0m
[17.978s] [ 50%] Built target moveit_robot_model_loader
[18.036s] [35m[1mConsolidate compiler generated dependencies of target moveit_print_planning_model_info[0m
[18.067s] [35m[1mConsolidate compiler generated dependencies of target moveit_planning_scene_monitor[0m
[18.150s] [ 53%] Built target moveit_print_planning_model_info
[18.384s] [ 62%] Built target moveit_planning_scene_monitor
[18.448s] [35m[1mConsolidate compiler generated dependencies of target current_state_monitor_tests[0m
[18.456s] [35m[1mConsolidate compiler generated dependencies of target demo_scene[0m
[18.457s] [35m[1mConsolidate compiler generated dependencies of target moveit_print_planning_scene_info[0m
[18.475s] [35m[1mConsolidate compiler generated dependencies of target trajectory_monitor_tests[0m
[18.653s] [ 66%] Built target current_state_monitor_tests
[18.660s] [ 69%] Built target demo_scene
[18.690s] [ 72%] Built target moveit_print_planning_scene_info
[18.700s] [ 75%] Built target trajectory_monitor_tests
[18.723s] [35m[1mConsolidate compiler generated dependencies of target moveit_display_random_state[0m
[18.751s] [35m[1mConsolidate compiler generated dependencies of target moveit_visualize_robot_collision_volume[0m
[18.772s] [35m[1mConsolidate compiler generated dependencies of target moveit_evaluate_collision_checking_speed[0m
[18.828s] [35m[1mConsolidate compiler generated dependencies of target moveit_publish_scene_from_text[0m
[18.899s] [ 79%] Built target moveit_display_random_state
[18.994s] [ 82%] Built target moveit_evaluate_collision_checking_speed
[19.004s] [35m[1mConsolidate compiler generated dependencies of target moveit_trajectory_execution_manager[0m
[19.025s] [ 85%] Built target moveit_visualize_robot_collision_volume
[19.034s] [ 88%] Built target moveit_publish_scene_from_text
[19.164s] [ 91%] Built target moveit_trajectory_execution_manager
[19.225s] [35m[1mConsolidate compiler generated dependencies of target moveit_plan_execution[0m
[19.230s] [35m[1mConsolidate compiler generated dependencies of target moveit_cpp[0m
[19.413s] [ 95%] Built target moveit_plan_execution
[19.442s] [100%] Built target moveit_cpp
[19.491s] Invoked command in '/home/ti5/ws_moveit2/build/moveit_ros_planning' returned '0': AMENT_PREFIX_PATH=/home/ti5/ws_moveit2/install/moveit_ros_occupancy_map_monitor:/home/ti5/ws_moveit2/install/moveit_core:/home/ti5/ws_moveit2/install/moveit_resources_panda_moveit_config:/home/ti5/ws_moveit2/install/srdfdom:/home/ti5/ws_moveit2/install/moveit_resources_panda_description:/home/ti5/ws_moveit2/install/moveit_common:${AMENT_PREFIX_PATH} CMAKE_PREFIX_PATH=/home/ti5/ws_moveit2/install/moveit_ros_occupancy_map_monitor:/home/ti5/ws_moveit2/install/moveit_core:/home/ti5/ws_moveit2/install/moveit_resources_panda_moveit_config:/home/ti5/ws_moveit2/install/srdfdom:/home/ti5/ws_moveit2/install/moveit_resources_panda_description:/home/ti5/ws_moveit2/install/moveit_common:/opt/ros/humble LD_LIBRARY_PATH=/home/ti5/ws_moveit2/install/moveit_ros_occupancy_map_monitor/lib:/home/ti5/ws_moveit2/install/moveit_core/lib:/home/ti5/ws_moveit2/install/srdfdom/lib:${LD_LIBRARY_PATH} PATH=/home/ti5/ws_moveit2/install/moveit_core/bin:${PATH} PYTHONPATH=/home/ti5/ws_moveit2/install/srdfdom/local/lib/python3.10/dist-packages:${PYTHONPATH} /usr/bin/cmake --build /home/ti5/ws_moveit2/build/moveit_ros_planning -- -j4 -l4
[19.670s] Invoking command in '/home/ti5/ws_moveit2/build/moveit_ros_planning': AMENT_PREFIX_PATH=/home/ti5/ws_moveit2/install/moveit_ros_occupancy_map_monitor:/home/ti5/ws_moveit2/install/moveit_core:/home/ti5/ws_moveit2/install/moveit_resources_panda_moveit_config:/home/ti5/ws_moveit2/install/srdfdom:/home/ti5/ws_moveit2/install/moveit_resources_panda_description:/home/ti5/ws_moveit2/install/moveit_common:${AMENT_PREFIX_PATH} CMAKE_PREFIX_PATH=/home/ti5/ws_moveit2/install/moveit_ros_occupancy_map_monitor:/home/ti5/ws_moveit2/install/moveit_core:/home/ti5/ws_moveit2/install/moveit_resources_panda_moveit_config:/home/ti5/ws_moveit2/install/srdfdom:/home/ti5/ws_moveit2/install/moveit_resources_panda_description:/home/ti5/ws_moveit2/install/moveit_common:/opt/ros/humble LD_LIBRARY_PATH=/home/ti5/ws_moveit2/install/moveit_ros_occupancy_map_monitor/lib:/home/ti5/ws_moveit2/install/moveit_core/lib:/home/ti5/ws_moveit2/install/srdfdom/lib:${LD_LIBRARY_PATH} PATH=/home/ti5/ws_moveit2/install/moveit_core/bin:${PATH} PYTHONPATH=/home/ti5/ws_moveit2/install/srdfdom/local/lib/python3.10/dist-packages:${PYTHONPATH} /usr/bin/cmake --install /home/ti5/ws_moveit2/build/moveit_ros_planning
[19.704s] -- Install configuration: "Release"
[19.705s] -- Up-to-date: /home/ti5/ws_moveit2/install/moveit_ros_planning/include
[19.705s] -- Up-to-date: /home/ti5/ws_moveit2/install/moveit_ros_planning/include/moveit
[19.706s] -- Up-to-date: /home/ti5/ws_moveit2/install/moveit_ros_planning/include/moveit/rdf_loader
[19.707s] -- Up-to-date: /home/ti5/ws_moveit2/install/moveit_ros_planning/include/moveit/rdf_loader/synchronized_string_parameter.h
[19.708s] -- Up-to-date: /home/ti5/ws_moveit2/install/moveit_ros_planning/include/moveit/rdf_loader/rdf_loader.h
[19.708s] -- Up-to-date: /home/ti5/ws_moveit2/install/moveit_ros_planning/share/moveit_ros_planning/rdf_loader/test/data
[19.709s] -- Up-to-date: /home/ti5/ws_moveit2/install/moveit_ros_planning/share/moveit_ros_planning/rdf_loader/test/data/gonzo.srdf
[19.710s] -- Up-to-date: /home/ti5/ws_moveit2/install/moveit_ros_planning/share/moveit_ros_planning/rdf_loader/test/data/gonzo.urdf
[19.713s] -- Up-to-date: /home/ti5/ws_moveit2/install/moveit_ros_planning/share/moveit_ros_planning/rdf_loader/test/data/robin.srdf.xacro
[19.714s] -- Up-to-date: /home/ti5/ws_moveit2/install/moveit_ros_planning/share/moveit_ros_planning/rdf_loader/test/data/kermit.srdf
[19.715s] -- Up-to-date: /home/ti5/ws_moveit2/install/moveit_ros_planning/share/moveit_ros_planning/rdf_loader/test/data/kermit.urdf
[19.716s] -- Up-to-date: /home/ti5/ws_moveit2/install/moveit_ros_planning/share/moveit_ros_planning/rdf_loader/test/launch
[19.716s] -- Up-to-date: /home/ti5/ws_moveit2/install/moveit_ros_planning/share/moveit_ros_planning/rdf_loader/test/launch/test_rdf_integration.test.py
[19.717s] -- Up-to-date: /home/ti5/ws_moveit2/install/moveit_ros_planning/include
[19.718s] -- Up-to-date: /home/ti5/ws_moveit2/install/moveit_ros_planning/include/moveit
[19.718s] -- Up-to-date: /home/ti5/ws_moveit2/install/moveit_ros_planning/include/moveit/collision_plugin_loader
[19.719s] -- Up-to-date: /home/ti5/ws_moveit2/install/moveit_ros_planning/include/moveit/collision_plugin_loader/collision_plugin_loader.h
[19.719s] -- Up-to-date: /home/ti5/ws_moveit2/install/moveit_ros_planning/include
[19.720s] -- Up-to-date: /home/ti5/ws_moveit2/install/moveit_ros_planning/include/moveit
[19.720s] -- Up-to-date: /home/ti5/ws_moveit2/install/moveit_ros_planning/include/moveit/kinematics_plugin_loader
[19.721s] -- Up-to-date: /home/ti5/ws_moveit2/install/moveit_ros_planning/include/moveit/kinematics_plugin_loader/kinematics_plugin_loader.h
[19.721s] -- Up-to-date: /home/ti5/ws_moveit2/install/moveit_ros_planning/include
[19.722s] -- Up-to-date: /home/ti5/ws_moveit2/install/moveit_ros_planning/include/moveit
[19.722s] -- Up-to-date: /home/ti5/ws_moveit2/install/moveit_ros_planning/include/moveit/robot_model_loader
[19.723s] -- Up-to-date: /home/ti5/ws_moveit2/install/moveit_ros_planning/include/moveit/robot_model_loader/robot_model_loader.h
[19.723s] -- Up-to-date: /home/ti5/ws_moveit2/install/moveit_ros_planning/include
[19.724s] -- Up-to-date: /home/ti5/ws_moveit2/install/moveit_ros_planning/include/moveit
[19.724s] -- Up-to-date: /home/ti5/ws_moveit2/install/moveit_ros_planning/include/moveit/constraint_sampler_manager_loader
[19.725s] -- Up-to-date: /home/ti5/ws_moveit2/install/moveit_ros_planning/include/moveit/constraint_sampler_manager_loader/constraint_sampler_manager_loader.h
[19.726s] -- Up-to-date: /home/ti5/ws_moveit2/install/moveit_ros_planning/include
[19.727s] -- Up-to-date: /home/ti5/ws_moveit2/install/moveit_ros_planning/include/moveit
[19.727s] -- Up-to-date: /home/ti5/ws_moveit2/install/moveit_ros_planning/include/moveit/planning_pipeline
[19.728s] -- Up-to-date: /home/ti5/ws_moveit2/install/moveit_ros_planning/include/moveit/planning_pipeline/planning_pipeline.h
[19.728s] -- Up-to-date: /home/ti5/ws_moveit2/install/moveit_ros_planning/include/moveit_planning_pipeline_export.h
[19.729s] -- Up-to-date: /home/ti5/ws_moveit2/install/moveit_ros_planning/lib/moveit_ros_planning/moveit_list_request_adapter_plugins
[19.729s] -- Up-to-date: /home/ti5/ws_moveit2/install/moveit_ros_planning/lib/moveit_ros_planning/demo_scene
[19.730s] -- Up-to-date: /home/ti5/ws_moveit2/install/moveit_ros_planning/include
[19.730s] -- Up-to-date: /home/ti5/ws_moveit2/install/moveit_ros_planning/include/moveit
[19.731s] -- Up-to-date: /home/ti5/ws_moveit2/install/moveit_ros_planning/include/moveit/planning_scene_monitor
[19.731s] -- Up-to-date: /home/ti5/ws_moveit2/install/moveit_ros_planning/include/moveit/planning_scene_monitor/current_state_monitor.h
[19.732s] -- Up-to-date: /home/ti5/ws_moveit2/install/moveit_ros_planning/include/moveit/planning_scene_monitor/current_state_monitor_middleware_handle.hpp
[19.732s] -- Up-to-date: /home/ti5/ws_moveit2/install/moveit_ros_planning/include/moveit/planning_scene_monitor/planning_scene_monitor.h
[19.733s] -- Up-to-date: /home/ti5/ws_moveit2/install/moveit_ros_planning/include/moveit/planning_scene_monitor/trajectory_monitor_middleware_handle.hpp
[19.733s] -- Up-to-date: /home/ti5/ws_moveit2/install/moveit_ros_planning/include/moveit/planning_scene_monitor/trajectory_monitor.h
[19.734s] -- Up-to-date: /home/ti5/ws_moveit2/install/moveit_ros_planning/include/moveit_planning_scene_monitor_export.h
[19.734s] -- Up-to-date: /home/ti5/ws_moveit2/install/moveit_ros_planning/lib/moveit_ros_planning/moveit_print_planning_model_info
[19.735s] -- Up-to-date: /home/ti5/ws_moveit2/install/moveit_ros_planning/lib/moveit_ros_planning/moveit_print_planning_scene_info
[19.737s] -- Up-to-date: /home/ti5/ws_moveit2/install/moveit_ros_planning/lib/moveit_ros_planning/moveit_display_random_state
[19.740s] -- Up-to-date: /home/ti5/ws_moveit2/install/moveit_ros_planning/lib/moveit_ros_planning/moveit_visualize_robot_collision_volume
[19.743s] -- Up-to-date: /home/ti5/ws_moveit2/install/moveit_ros_planning/lib/moveit_ros_planning/moveit_evaluate_collision_checking_speed
[19.746s] -- Up-to-date: /home/ti5/ws_moveit2/install/moveit_ros_planning/lib/moveit_ros_planning/moveit_publish_scene_from_text
[19.748s] -- Up-to-date: /home/ti5/ws_moveit2/install/moveit_ros_planning/include
[19.749s] -- Up-to-date: /home/ti5/ws_moveit2/install/moveit_ros_planning/include/moveit
[19.750s] -- Up-to-date: /home/ti5/ws_moveit2/install/moveit_ros_planning/include/moveit/trajectory_execution_manager
[19.751s] -- Up-to-date: /home/ti5/ws_moveit2/install/moveit_ros_planning/include/moveit/trajectory_execution_manager/trajectory_execution_manager.h
[19.751s] -- Up-to-date: /home/ti5/ws_moveit2/install/moveit_ros_planning/include/moveit_trajectory_execution_manager_export.h
[19.752s] -- Up-to-date: /home/ti5/ws_moveit2/install/moveit_ros_planning/include
[19.753s] -- Up-to-date: /home/ti5/ws_moveit2/install/moveit_ros_planning/include/moveit
[19.753s] -- Up-to-date: /home/ti5/ws_moveit2/install/moveit_ros_planning/include/moveit/plan_execution
[19.754s] -- Up-to-date: /home/ti5/ws_moveit2/install/moveit_ros_planning/include/moveit/plan_execution/plan_execution.h
[19.754s] -- Up-to-date: /home/ti5/ws_moveit2/install/moveit_ros_planning/include/moveit/plan_execution/plan_representation.h
[19.755s] -- Up-to-date: /home/ti5/ws_moveit2/install/moveit_ros_planning/include
[19.755s] -- Up-to-date: /home/ti5/ws_moveit2/install/moveit_ros_planning/include/moveit
[19.756s] -- Up-to-date: /home/ti5/ws_moveit2/install/moveit_ros_planning/include/moveit/moveit_cpp
[19.756s] -- Up-to-date: /home/ti5/ws_moveit2/install/moveit_ros_planning/include/moveit/moveit_cpp/moveit_cpp.h
[19.757s] -- Up-to-date: /home/ti5/ws_moveit2/install/moveit_ros_planning/include/moveit/moveit_cpp/planning_component.h
[19.757s] -- Up-to-date: /home/ti5/ws_moveit2/install/moveit_ros_planning/lib/libmoveit_rdf_loader.so.2.5.5
[19.758s] -- Up-to-date: /home/ti5/ws_moveit2/install/moveit_ros_planning/lib/libmoveit_rdf_loader.so
[19.758s] -- Up-to-date: /home/ti5/ws_moveit2/install/moveit_ros_planning/lib/libmoveit_kinematics_plugin_loader.so.2.5.5
[19.759s] -- Up-to-date: /home/ti5/ws_moveit2/install/moveit_ros_planning/lib/libmoveit_kinematics_plugin_loader.so
[19.761s] -- Up-to-date: /home/ti5/ws_moveit2/install/moveit_ros_planning/lib/libmoveit_robot_model_loader.so.2.5.5
[19.762s] -- Up-to-date: /home/ti5/ws_moveit2/install/moveit_ros_planning/lib/libmoveit_robot_model_loader.so
[19.764s] -- Up-to-date: /home/ti5/ws_moveit2/install/moveit_ros_planning/lib/libmoveit_constraint_sampler_manager_loader.so.2.5.5
[19.766s] -- Up-to-date: /home/ti5/ws_moveit2/install/moveit_ros_planning/lib/libmoveit_constraint_sampler_manager_loader.so
[19.768s] -- Up-to-date: /home/ti5/ws_moveit2/install/moveit_ros_planning/lib/libmoveit_planning_pipeline.so.2.5.5
[19.769s] -- Up-to-date: /home/ti5/ws_moveit2/install/moveit_ros_planning/lib/libmoveit_planning_pipeline.so
[19.771s] -- Up-to-date: /home/ti5/ws_moveit2/install/moveit_ros_planning/lib/libmoveit_trajectory_execution_manager.so.2.5.5
[19.773s] -- Up-to-date: /home/ti5/ws_moveit2/install/moveit_ros_planning/lib/libmoveit_trajectory_execution_manager.so
[19.775s] -- Up-to-date: /home/ti5/ws_moveit2/install/moveit_ros_planning/lib/libmoveit_plan_execution.so.2.5.5
[19.776s] -- Up-to-date: /home/ti5/ws_moveit2/install/moveit_ros_planning/lib/libmoveit_plan_execution.so
[19.778s] -- Up-to-date: /home/ti5/ws_moveit2/install/moveit_ros_planning/lib/libmoveit_planning_scene_monitor.so.2.5.5
[19.780s] -- Up-to-date: /home/ti5/ws_moveit2/install/moveit_ros_planning/lib/libmoveit_planning_scene_monitor.so
[19.782s] -- Up-to-date: /home/ti5/ws_moveit2/install/moveit_ros_planning/lib/libmoveit_collision_plugin_loader.so.2.5.5
[19.783s] -- Up-to-date: /home/ti5/ws_moveit2/install/moveit_ros_planning/lib/libmoveit_collision_plugin_loader.so
[19.785s] -- Up-to-date: /home/ti5/ws_moveit2/install/moveit_ros_planning/lib/libmoveit_default_planning_request_adapter_plugins.so.2.5.5
[19.786s] -- Up-to-date: /home/ti5/ws_moveit2/install/moveit_ros_planning/lib/libmoveit_default_planning_request_adapter_plugins.so
[19.788s] -- Up-to-date: /home/ti5/ws_moveit2/install/moveit_ros_planning/lib/libmoveit_cpp.so.2.5.5
[19.790s] -- Up-to-date: /home/ti5/ws_moveit2/install/moveit_ros_planning/lib/libmoveit_cpp.so
[19.791s] -- Up-to-date: /home/ti5/ws_moveit2/install/moveit_ros_planning/share/moveit_ros_planning/environment/library_path.sh
[19.791s] -- Installing: /home/ti5/ws_moveit2/install/moveit_ros_planning/share/moveit_ros_planning/environment/library_path.dsv
[19.792s] -- Up-to-date: /home/ti5/ws_moveit2/install/moveit_ros_planning/share/moveit_ros_planning/planning_request_adapters_plugin_description.xml
[19.793s] -- Up-to-date: /home/ti5/ws_moveit2/install/moveit_ros_planning/share/ament_index/resource_index/package_run_dependencies/moveit_ros_planning
[19.794s] -- Installing: /home/ti5/ws_moveit2/install/moveit_ros_planning/share/ament_index/resource_index/parent_prefix_path/moveit_ros_planning
[19.794s] -- Up-to-date: /home/ti5/ws_moveit2/install/moveit_ros_planning/share/moveit_ros_planning/environment/ament_prefix_path.sh
[19.795s] -- Installing: /home/ti5/ws_moveit2/install/moveit_ros_planning/share/moveit_ros_planning/environment/ament_prefix_path.dsv
[19.796s] -- Up-to-date: /home/ti5/ws_moveit2/install/moveit_ros_planning/share/moveit_ros_planning/environment/path.sh
[19.797s] -- Installing: /home/ti5/ws_moveit2/install/moveit_ros_planning/share/moveit_ros_planning/environment/path.dsv
[19.797s] -- Up-to-date: /home/ti5/ws_moveit2/install/moveit_ros_planning/share/moveit_ros_planning/local_setup.bash
[19.798s] -- Up-to-date: /home/ti5/ws_moveit2/install/moveit_ros_planning/share/moveit_ros_planning/local_setup.sh
[19.798s] -- Up-to-date: /home/ti5/ws_moveit2/install/moveit_ros_planning/share/moveit_ros_planning/local_setup.zsh
[19.799s] -- Installing: /home/ti5/ws_moveit2/install/moveit_ros_planning/share/moveit_ros_planning/local_setup.dsv
[19.800s] -- Installing: /home/ti5/ws_moveit2/install/moveit_ros_planning/share/moveit_ros_planning/package.dsv
[19.801s] -- Up-to-date: /home/ti5/ws_moveit2/install/moveit_ros_planning/share/ament_index/resource_index/packages/moveit_ros_planning
[19.802s] -- Up-to-date: /home/ti5/ws_moveit2/install/moveit_ros_planning/share/ament_index/resource_index/moveit_core__pluginlib__plugin/moveit_ros_planning
[19.804s] -- Up-to-date: /home/ti5/ws_moveit2/install/moveit_ros_planning/share/moveit_ros_planning/cmake/export_moveit_ros_planningExport.cmake
[19.804s] -- Up-to-date: /home/ti5/ws_moveit2/install/moveit_ros_planning/share/moveit_ros_planning/cmake/export_moveit_ros_planningExport-release.cmake
[19.805s] -- Up-to-date: /home/ti5/ws_moveit2/install/moveit_ros_planning/share/moveit_ros_planning/cmake/ConfigExtras.cmake
[19.805s] -- Up-to-date: /home/ti5/ws_moveit2/install/moveit_ros_planning/share/moveit_ros_planning/cmake/ament_cmake_export_targets-extras.cmake
[19.806s] -- Up-to-date: /home/ti5/ws_moveit2/install/moveit_ros_planning/share/moveit_ros_planning/cmake/ament_cmake_export_dependencies-extras.cmake
[19.806s] -- Up-to-date: /home/ti5/ws_moveit2/install/moveit_ros_planning/share/moveit_ros_planning/cmake/moveit_ros_planningConfig.cmake
[19.807s] -- Up-to-date: /home/ti5/ws_moveit2/install/moveit_ros_planning/share/moveit_ros_planning/cmake/moveit_ros_planningConfig-version.cmake
[19.808s] -- Up-to-date: /home/ti5/ws_moveit2/install/moveit_ros_planning/share/moveit_ros_planning/package.xml
[19.815s] Invoked command in '/home/ti5/ws_moveit2/build/moveit_ros_planning' returned '0': AMENT_PREFIX_PATH=/home/ti5/ws_moveit2/install/moveit_ros_occupancy_map_monitor:/home/ti5/ws_moveit2/install/moveit_core:/home/ti5/ws_moveit2/install/moveit_resources_panda_moveit_config:/home/ti5/ws_moveit2/install/srdfdom:/home/ti5/ws_moveit2/install/moveit_resources_panda_description:/home/ti5/ws_moveit2/install/moveit_common:${AMENT_PREFIX_PATH} CMAKE_PREFIX_PATH=/home/ti5/ws_moveit2/install/moveit_ros_occupancy_map_monitor:/home/ti5/ws_moveit2/install/moveit_core:/home/ti5/ws_moveit2/install/moveit_resources_panda_moveit_config:/home/ti5/ws_moveit2/install/srdfdom:/home/ti5/ws_moveit2/install/moveit_resources_panda_description:/home/ti5/ws_moveit2/install/moveit_common:/opt/ros/humble LD_LIBRARY_PATH=/home/ti5/ws_moveit2/install/moveit_ros_occupancy_map_monitor/lib:/home/ti5/ws_moveit2/install/moveit_core/lib:/home/ti5/ws_moveit2/install/srdfdom/lib:${LD_LIBRARY_PATH} PATH=/home/ti5/ws_moveit2/install/moveit_core/bin:${PATH} PYTHONPATH=/home/ti5/ws_moveit2/install/srdfdom/local/lib/python3.10/dist-packages:${PYTHONPATH} /usr/bin/cmake --install /home/ti5/ws_moveit2/build/moveit_ros_planning
