[0.178s] Invoking command in '/home/ti5/ws_moveit2/build/moveit_core': CMAKE_PREFIX_PATH=/home/ti5/ws_moveit2/install/moveit_resources_panda_moveit_config:/home/ti5/ws_moveit2/install/srdfdom:/home/ti5/ws_moveit2/install/moveit_resources_pr2_description:/home/ti5/ws_moveit2/install/moveit_resources_panda_description:/home/ti5/ws_moveit2/install/moveit_common:/home/ti5/ws_moveit2/install/arm5:/home/ti5/ws_moveit2/install/arm3:/home/ti5/ws_moveit2/install/arm2:/home/ti5/ws_moveit2/install/arm1:/home/ti5/ws_moveit2/install/ti5_urdf:/home/ti5/ws_moveit2/install/pilz_industrial_motion_planner_testutils:/home/ti5/ws_moveit2/install/moveit_runtime:/home/ti5/ws_moveit2/install/moveit2_tutorials:/home/ti5/ws_moveit2/install/moveit:/home/ti5/ws_moveit2/install/moveit_planners:/home/ti5/ws_moveit2/install/pilz_industrial_motion_planner:/home/ti5/ws_moveit2/install/moveit_visual_tools:/home/ti5/ws_moveit2/install/moveit_task_constructor_visualization:/home/ti5/ws_moveit2/install/moveit_task_constructor_demo:/home/ti5/ws_moveit2/install/moveit_task_constructor_capabilities:/home/ti5/ws_moveit2/install/moveit_task_constructor_core:/home/ti5/ws_moveit2/install/moveit_ros_control_interface:/home/ti5/ws_moveit2/install/moveit_plugins:/home/ti5/ws_moveit2/install/moveit_simple_controller_manager:/home/ti5/ws_moveit2/install/moveit_setup_assistant:/home/ti5/ws_moveit2/install/moveit_setup_srdf_plugins:/home/ti5/ws_moveit2/install/moveit_setup_core_plugins:/home/ti5/ws_moveit2/install/moveit_setup_controllers:/home/ti5/ws_moveit2/install/moveit_setup_app_plugins:/home/ti5/ws_moveit2/install/moveit_setup_framework:/home/ti5/ws_moveit2/install/moveit_servo:/home/ti5/ws_moveit2/install/moveit_ros:/home/ti5/ws_moveit2/install/moveit_ros_visualization:/home/ti5/ws_moveit2/install/moveit_hybrid_planning:/home/ti5/ws_moveit2/install/moveit_ros_planning_interface:/home/ti5/ws_moveit2/install/moveit_ros_benchmarks:/home/ti5/ws_moveit2/install/moveit_ros_warehouse:/home/ti5/ws_moveit2/install/moveit_ros_robot_interaction:/home/ti5/ws_moveit2/install/moveit_ros_perception:/home/ti5/ws_moveit2/install/moveit_resources_prbt_pg70_support:/home/ti5/ws_moveit2/install/moveit_resources_prbt_moveit_config:/home/ti5/ws_moveit2/install/moveit_ros_move_group:/home/ti5/ws_moveit2/install/moveit_planners_ompl:/home/ti5/ws_moveit2/install/moveit_ros_planning:/home/ti5/ws_moveit2/install/moveit_ros_occupancy_map_monitor:/home/ti5/ws_moveit2/install/moveit_resources_prbt_ikfast_manipulator_plugin:/home/ti5/ws_moveit2/install/moveit_planners_chomp:/home/ti5/ws_moveit2/install/moveit_kinematics:/home/ti5/ws_moveit2/install/moveit_chomp_optimizer_adapter:/home/ti5/ws_moveit2/install/chomp_motion_planner:/home/ti5/ws_moveit2/install/moveit_core:/home/ti5/ws_moveit2/install/rviz_marker_tools:/home/ti5/ws_moveit2/install/rosparam_shortcuts:/home/ti5/ws_moveit2/install/moveit_task_constructor_msgs:/home/ti5/ws_moveit2/install/moveit_resources_prbt_support:/home/ti5/ws_moveit2/install/moveit_resources:/home/ti5/ws_moveit2/install/moveit_resources_fanuc_moveit_config:/home/ti5/ws_moveit2/install/moveit_resources_fanuc_description:/home/ti5/ws_moveit2/install/demo:/home/ti5/ws_moveit2/install/moveit_configs_utils:/home/ti5/ws_moveit2/install/launch_param_builder:/opt/ros/humble LD_LIBRARY_PATH=/home/ti5/ws_moveit2/install/srdfdom/lib:/home/ti5/ws_moveit2/install/pilz_industrial_motion_planner_testutils/lib:/home/ti5/ws_moveit2/install/pilz_industrial_motion_planner/lib:/home/ti5/ws_moveit2/install/moveit_visual_tools/lib:/home/ti5/ws_moveit2/install/moveit_task_constructor_visualization/lib:/home/ti5/ws_moveit2/install/moveit_task_constructor_demo/lib:/home/ti5/ws_moveit2/install/moveit_task_constructor_capabilities/lib:/home/ti5/ws_moveit2/install/moveit_task_constructor_core/lib:/home/ti5/ws_moveit2/install/moveit_ros_control_interface/lib:/home/ti5/ws_moveit2/install/moveit_simple_controller_manager/lib:/home/ti5/ws_moveit2/install/moveit_setup_assistant/lib:/home/ti5/ws_moveit2/install/moveit_setup_srdf_plugins/lib:/home/ti5/ws_moveit2/install/moveit_setup_core_plugins/lib:/home/ti5/ws_moveit2/install/moveit_setup_controllers/lib:/home/ti5/ws_moveit2/install/moveit_setup_app_plugins/lib:/home/ti5/ws_moveit2/install/moveit_setup_framework/lib:/home/ti5/ws_moveit2/install/moveit_servo/lib:/home/ti5/ws_moveit2/install/moveit_ros_visualization/lib:/home/ti5/ws_moveit2/install/moveit_hybrid_planning/lib:/home/ti5/ws_moveit2/install/moveit_ros_planning_interface/lib:/home/ti5/ws_moveit2/install/moveit_ros_benchmarks/lib:/home/ti5/ws_moveit2/install/moveit_ros_warehouse/lib:/home/ti5/ws_moveit2/install/moveit_ros_robot_interaction/lib:/home/ti5/ws_moveit2/install/moveit_ros_perception/lib:/home/ti5/ws_moveit2/install/moveit_ros_move_group/lib:/home/ti5/ws_moveit2/install/moveit_planners_ompl/lib:/home/ti5/ws_moveit2/install/moveit_ros_planning/lib:/home/ti5/ws_moveit2/install/moveit_ros_occupancy_map_monitor/lib:/home/ti5/ws_moveit2/install/moveit_resources_prbt_ikfast_manipulator_plugin/lib:/home/ti5/ws_moveit2/install/moveit_planners_chomp/lib:/home/ti5/ws_moveit2/install/moveit_kinematics/lib:/home/ti5/ws_moveit2/install/moveit_chomp_optimizer_adapter/lib:/home/ti5/ws_moveit2/install/chomp_motion_planner/lib:/home/ti5/ws_moveit2/install/moveit_core/lib:/home/ti5/ws_moveit2/install/rviz_marker_tools/lib:/home/ti5/ws_moveit2/install/rosparam_shortcuts/lib:/home/ti5/ws_moveit2/install/moveit_task_constructor_msgs/lib:/opt/ros/humble/opt/rviz_ogre_vendor/lib:/opt/ros/humble/lib/x86_64-linux-gnu:/opt/ros/humble/lib /usr/bin/cmake --build /home/ti5/ws_moveit2/build/moveit_core -- -j4 -l4
[0.882s] [  1%] Built target moveit_transforms
[1.286s] [  3%] Built target moveit_distance_field
[1.494s] [  5%] Built target moveit_utils
[1.746s] [  6%] Built target gtest
[2.114s] [  7%] Built target gtest_main
[2.380s] [  9%] Built target gmock
[2.584s] [ 10%] Built target gmock_main
[2.806s] [ 11%] Built target test_voxel_grid
[3.069s] [ 12%] Built target test_distance_field
[3.359s] [ 13%] Built target moveit_smoothing_base
[3.565s] [ 14%] Built target moveit_butterworth_parameters
[3.813s] [ 15%] Built target test_transforms
[4.113s] [ 17%] Built target moveit_version
[4.418s] [ 18%] Built target moveit_kinematics_base
[4.743s] [ 19%] Built target moveit_exceptions
[5.106s] [ 26%] Built target moveit_robot_model
[5.568s] [ 29%] Built target moveit_robot_state
[5.763s] [ 30%] Built target moveit_butterworth_filter
[6.045s] [ 31%] Built target moveit_robot_trajectory
[6.319s] [ 33%] Built target moveit_dynamics_solver
[6.547s] [ 34%] Built target moveit_kinematics_metrics
[6.799s] [ 35%] Built target test_butterworth_filter
[7.025s] [ 37%] Built target moveit_planning_interface
[7.268s] [ 41%] Built target moveit_trajectory_processing
[7.546s] [ 47%] Built target moveit_collision_detection
[7.807s] [ 48%] Built target moveit_test_utils
[8.050s] [ 50%] Built target test_world_diff
[8.283s] [ 51%] Built target test_all_valid
[8.582s] [ 56%] Built target moveit_collision_detection_bullet
[8.784s] [ 57%] Built target test_robot_model
[9.013s] [ 59%] Built target test_robot_state
[9.217s] [ 60%] Built target test_robot_state_benchmark
[9.431s] [ 61%] Built target test_robot_state_complex
[9.641s] [ 62%] Built target test_aabb
[9.848s] [ 63%] Built target test_cartesian_interpolator
[10.052s] [ 64%] Built target test_robot_trajectory
[10.257s] [ 65%] Built target test_time_parameterization
[10.466s] [ 67%] Built target test_time_optimal_trajectory_generation
[10.677s] [ 68%] Built target test_ruckig_traj_smoothing
[10.904s] [ 69%] Built target test_bullet_collision_detection
[11.119s] [ 70%] Built target test_bullet_collision_detection_panda
[11.339s] [ 72%] Built target test_bullet_continuous_collision_checking
[11.514s] [ 73%] Built target test_world
[11.746s] [ 75%] Built target moveit_collision_detection_fcl
[11.991s] [ 77%] Built target moveit_kinematic_constraints
[12.218s] [ 78%] Built target test_fcl_collision_detection_panda
[12.457s] [ 79%] Built target moveit_planning_scene
[12.662s] [ 80%] Built target test_constraints
[12.868s] [ 81%] Built target test_orientation_constraints
[13.075s] [ 82%] Built target moveit_planning_request_adapter
[13.305s] [ 83%] Built target test_planning_scene
[13.520s] [ 84%] Built target test_collision_objects
[13.737s] [ 85%] Built target test_multi_threaded
[13.947s] [ 86%] Built target collision_detector_bullet_plugin
[14.164s] [ 87%] Built target collision_detector_fcl_plugin
[14.430s] [ 90%] Built target moveit_collision_distance_field
[14.673s] [ 93%] Built target moveit_constraint_samplers
[14.896s] [ 94%] Built target test_collision_distance_field
[15.143s] [ 97%] Built target test_constraint_samplers
[15.371s] [ 98%] Built target test_fcl_collision_detection
[15.597s] [100%] Built target test_fcl_collision_env
[15.669s] Invoked command in '/home/ti5/ws_moveit2/build/moveit_core' returned '0': CMAKE_PREFIX_PATH=/home/ti5/ws_moveit2/install/moveit_resources_panda_moveit_config:/home/ti5/ws_moveit2/install/srdfdom:/home/ti5/ws_moveit2/install/moveit_resources_pr2_description:/home/ti5/ws_moveit2/install/moveit_resources_panda_description:/home/ti5/ws_moveit2/install/moveit_common:/home/ti5/ws_moveit2/install/arm5:/home/ti5/ws_moveit2/install/arm3:/home/ti5/ws_moveit2/install/arm2:/home/ti5/ws_moveit2/install/arm1:/home/ti5/ws_moveit2/install/ti5_urdf:/home/ti5/ws_moveit2/install/pilz_industrial_motion_planner_testutils:/home/ti5/ws_moveit2/install/moveit_runtime:/home/ti5/ws_moveit2/install/moveit2_tutorials:/home/ti5/ws_moveit2/install/moveit:/home/ti5/ws_moveit2/install/moveit_planners:/home/ti5/ws_moveit2/install/pilz_industrial_motion_planner:/home/ti5/ws_moveit2/install/moveit_visual_tools:/home/ti5/ws_moveit2/install/moveit_task_constructor_visualization:/home/ti5/ws_moveit2/install/moveit_task_constructor_demo:/home/ti5/ws_moveit2/install/moveit_task_constructor_capabilities:/home/ti5/ws_moveit2/install/moveit_task_constructor_core:/home/ti5/ws_moveit2/install/moveit_ros_control_interface:/home/ti5/ws_moveit2/install/moveit_plugins:/home/ti5/ws_moveit2/install/moveit_simple_controller_manager:/home/ti5/ws_moveit2/install/moveit_setup_assistant:/home/ti5/ws_moveit2/install/moveit_setup_srdf_plugins:/home/ti5/ws_moveit2/install/moveit_setup_core_plugins:/home/ti5/ws_moveit2/install/moveit_setup_controllers:/home/ti5/ws_moveit2/install/moveit_setup_app_plugins:/home/ti5/ws_moveit2/install/moveit_setup_framework:/home/ti5/ws_moveit2/install/moveit_servo:/home/ti5/ws_moveit2/install/moveit_ros:/home/ti5/ws_moveit2/install/moveit_ros_visualization:/home/ti5/ws_moveit2/install/moveit_hybrid_planning:/home/ti5/ws_moveit2/install/moveit_ros_planning_interface:/home/ti5/ws_moveit2/install/moveit_ros_benchmarks:/home/ti5/ws_moveit2/install/moveit_ros_warehouse:/home/ti5/ws_moveit2/install/moveit_ros_robot_interaction:/home/ti5/ws_moveit2/install/moveit_ros_perception:/home/ti5/ws_moveit2/install/moveit_resources_prbt_pg70_support:/home/ti5/ws_moveit2/install/moveit_resources_prbt_moveit_config:/home/ti5/ws_moveit2/install/moveit_ros_move_group:/home/ti5/ws_moveit2/install/moveit_planners_ompl:/home/ti5/ws_moveit2/install/moveit_ros_planning:/home/ti5/ws_moveit2/install/moveit_ros_occupancy_map_monitor:/home/ti5/ws_moveit2/install/moveit_resources_prbt_ikfast_manipulator_plugin:/home/ti5/ws_moveit2/install/moveit_planners_chomp:/home/ti5/ws_moveit2/install/moveit_kinematics:/home/ti5/ws_moveit2/install/moveit_chomp_optimizer_adapter:/home/ti5/ws_moveit2/install/chomp_motion_planner:/home/ti5/ws_moveit2/install/moveit_core:/home/ti5/ws_moveit2/install/rviz_marker_tools:/home/ti5/ws_moveit2/install/rosparam_shortcuts:/home/ti5/ws_moveit2/install/moveit_task_constructor_msgs:/home/ti5/ws_moveit2/install/moveit_resources_prbt_support:/home/ti5/ws_moveit2/install/moveit_resources:/home/ti5/ws_moveit2/install/moveit_resources_fanuc_moveit_config:/home/ti5/ws_moveit2/install/moveit_resources_fanuc_description:/home/ti5/ws_moveit2/install/demo:/home/ti5/ws_moveit2/install/moveit_configs_utils:/home/ti5/ws_moveit2/install/launch_param_builder:/opt/ros/humble LD_LIBRARY_PATH=/home/ti5/ws_moveit2/install/srdfdom/lib:/home/ti5/ws_moveit2/install/pilz_industrial_motion_planner_testutils/lib:/home/ti5/ws_moveit2/install/pilz_industrial_motion_planner/lib:/home/ti5/ws_moveit2/install/moveit_visual_tools/lib:/home/ti5/ws_moveit2/install/moveit_task_constructor_visualization/lib:/home/ti5/ws_moveit2/install/moveit_task_constructor_demo/lib:/home/ti5/ws_moveit2/install/moveit_task_constructor_capabilities/lib:/home/ti5/ws_moveit2/install/moveit_task_constructor_core/lib:/home/ti5/ws_moveit2/install/moveit_ros_control_interface/lib:/home/ti5/ws_moveit2/install/moveit_simple_controller_manager/lib:/home/ti5/ws_moveit2/install/moveit_setup_assistant/lib:/home/ti5/ws_moveit2/install/moveit_setup_srdf_plugins/lib:/home/ti5/ws_moveit2/install/moveit_setup_core_plugins/lib:/home/ti5/ws_moveit2/install/moveit_setup_controllers/lib:/home/ti5/ws_moveit2/install/moveit_setup_app_plugins/lib:/home/ti5/ws_moveit2/install/moveit_setup_framework/lib:/home/ti5/ws_moveit2/install/moveit_servo/lib:/home/ti5/ws_moveit2/install/moveit_ros_visualization/lib:/home/ti5/ws_moveit2/install/moveit_hybrid_planning/lib:/home/ti5/ws_moveit2/install/moveit_ros_planning_interface/lib:/home/ti5/ws_moveit2/install/moveit_ros_benchmarks/lib:/home/ti5/ws_moveit2/install/moveit_ros_warehouse/lib:/home/ti5/ws_moveit2/install/moveit_ros_robot_interaction/lib:/home/ti5/ws_moveit2/install/moveit_ros_perception/lib:/home/ti5/ws_moveit2/install/moveit_ros_move_group/lib:/home/ti5/ws_moveit2/install/moveit_planners_ompl/lib:/home/ti5/ws_moveit2/install/moveit_ros_planning/lib:/home/ti5/ws_moveit2/install/moveit_ros_occupancy_map_monitor/lib:/home/ti5/ws_moveit2/install/moveit_resources_prbt_ikfast_manipulator_plugin/lib:/home/ti5/ws_moveit2/install/moveit_planners_chomp/lib:/home/ti5/ws_moveit2/install/moveit_kinematics/lib:/home/ti5/ws_moveit2/install/moveit_chomp_optimizer_adapter/lib:/home/ti5/ws_moveit2/install/chomp_motion_planner/lib:/home/ti5/ws_moveit2/install/moveit_core/lib:/home/ti5/ws_moveit2/install/rviz_marker_tools/lib:/home/ti5/ws_moveit2/install/rosparam_shortcuts/lib:/home/ti5/ws_moveit2/install/moveit_task_constructor_msgs/lib:/opt/ros/humble/opt/rviz_ogre_vendor/lib:/opt/ros/humble/lib/x86_64-linux-gnu:/opt/ros/humble/lib /usr/bin/cmake --build /home/ti5/ws_moveit2/build/moveit_core -- -j4 -l4
[16.396s] Invoking command in '/home/ti5/ws_moveit2/build/moveit_core': CMAKE_PREFIX_PATH=/home/ti5/ws_moveit2/install/moveit_resources_panda_moveit_config:/home/ti5/ws_moveit2/install/srdfdom:/home/ti5/ws_moveit2/install/moveit_resources_pr2_description:/home/ti5/ws_moveit2/install/moveit_resources_panda_description:/home/ti5/ws_moveit2/install/moveit_common:/home/ti5/ws_moveit2/install/arm5:/home/ti5/ws_moveit2/install/arm3:/home/ti5/ws_moveit2/install/arm2:/home/ti5/ws_moveit2/install/arm1:/home/ti5/ws_moveit2/install/ti5_urdf:/home/ti5/ws_moveit2/install/pilz_industrial_motion_planner_testutils:/home/ti5/ws_moveit2/install/moveit_runtime:/home/ti5/ws_moveit2/install/moveit2_tutorials:/home/ti5/ws_moveit2/install/moveit:/home/ti5/ws_moveit2/install/moveit_planners:/home/ti5/ws_moveit2/install/pilz_industrial_motion_planner:/home/ti5/ws_moveit2/install/moveit_visual_tools:/home/ti5/ws_moveit2/install/moveit_task_constructor_visualization:/home/ti5/ws_moveit2/install/moveit_task_constructor_demo:/home/ti5/ws_moveit2/install/moveit_task_constructor_capabilities:/home/ti5/ws_moveit2/install/moveit_task_constructor_core:/home/ti5/ws_moveit2/install/moveit_ros_control_interface:/home/ti5/ws_moveit2/install/moveit_plugins:/home/ti5/ws_moveit2/install/moveit_simple_controller_manager:/home/ti5/ws_moveit2/install/moveit_setup_assistant:/home/ti5/ws_moveit2/install/moveit_setup_srdf_plugins:/home/ti5/ws_moveit2/install/moveit_setup_core_plugins:/home/ti5/ws_moveit2/install/moveit_setup_controllers:/home/ti5/ws_moveit2/install/moveit_setup_app_plugins:/home/ti5/ws_moveit2/install/moveit_setup_framework:/home/ti5/ws_moveit2/install/moveit_servo:/home/ti5/ws_moveit2/install/moveit_ros:/home/ti5/ws_moveit2/install/moveit_ros_visualization:/home/ti5/ws_moveit2/install/moveit_hybrid_planning:/home/ti5/ws_moveit2/install/moveit_ros_planning_interface:/home/ti5/ws_moveit2/install/moveit_ros_benchmarks:/home/ti5/ws_moveit2/install/moveit_ros_warehouse:/home/ti5/ws_moveit2/install/moveit_ros_robot_interaction:/home/ti5/ws_moveit2/install/moveit_ros_perception:/home/ti5/ws_moveit2/install/moveit_resources_prbt_pg70_support:/home/ti5/ws_moveit2/install/moveit_resources_prbt_moveit_config:/home/ti5/ws_moveit2/install/moveit_ros_move_group:/home/ti5/ws_moveit2/install/moveit_planners_ompl:/home/ti5/ws_moveit2/install/moveit_ros_planning:/home/ti5/ws_moveit2/install/moveit_ros_occupancy_map_monitor:/home/ti5/ws_moveit2/install/moveit_resources_prbt_ikfast_manipulator_plugin:/home/ti5/ws_moveit2/install/moveit_planners_chomp:/home/ti5/ws_moveit2/install/moveit_kinematics:/home/ti5/ws_moveit2/install/moveit_chomp_optimizer_adapter:/home/ti5/ws_moveit2/install/chomp_motion_planner:/home/ti5/ws_moveit2/install/moveit_core:/home/ti5/ws_moveit2/install/rviz_marker_tools:/home/ti5/ws_moveit2/install/rosparam_shortcuts:/home/ti5/ws_moveit2/install/moveit_task_constructor_msgs:/home/ti5/ws_moveit2/install/moveit_resources_prbt_support:/home/ti5/ws_moveit2/install/moveit_resources:/home/ti5/ws_moveit2/install/moveit_resources_fanuc_moveit_config:/home/ti5/ws_moveit2/install/moveit_resources_fanuc_description:/home/ti5/ws_moveit2/install/demo:/home/ti5/ws_moveit2/install/moveit_configs_utils:/home/ti5/ws_moveit2/install/launch_param_builder:/opt/ros/humble LD_LIBRARY_PATH=/home/ti5/ws_moveit2/install/srdfdom/lib:/home/ti5/ws_moveit2/install/pilz_industrial_motion_planner_testutils/lib:/home/ti5/ws_moveit2/install/pilz_industrial_motion_planner/lib:/home/ti5/ws_moveit2/install/moveit_visual_tools/lib:/home/ti5/ws_moveit2/install/moveit_task_constructor_visualization/lib:/home/ti5/ws_moveit2/install/moveit_task_constructor_demo/lib:/home/ti5/ws_moveit2/install/moveit_task_constructor_capabilities/lib:/home/ti5/ws_moveit2/install/moveit_task_constructor_core/lib:/home/ti5/ws_moveit2/install/moveit_ros_control_interface/lib:/home/ti5/ws_moveit2/install/moveit_simple_controller_manager/lib:/home/ti5/ws_moveit2/install/moveit_setup_assistant/lib:/home/ti5/ws_moveit2/install/moveit_setup_srdf_plugins/lib:/home/ti5/ws_moveit2/install/moveit_setup_core_plugins/lib:/home/ti5/ws_moveit2/install/moveit_setup_controllers/lib:/home/ti5/ws_moveit2/install/moveit_setup_app_plugins/lib:/home/ti5/ws_moveit2/install/moveit_setup_framework/lib:/home/ti5/ws_moveit2/install/moveit_servo/lib:/home/ti5/ws_moveit2/install/moveit_ros_visualization/lib:/home/ti5/ws_moveit2/install/moveit_hybrid_planning/lib:/home/ti5/ws_moveit2/install/moveit_ros_planning_interface/lib:/home/ti5/ws_moveit2/install/moveit_ros_benchmarks/lib:/home/ti5/ws_moveit2/install/moveit_ros_warehouse/lib:/home/ti5/ws_moveit2/install/moveit_ros_robot_interaction/lib:/home/ti5/ws_moveit2/install/moveit_ros_perception/lib:/home/ti5/ws_moveit2/install/moveit_ros_move_group/lib:/home/ti5/ws_moveit2/install/moveit_planners_ompl/lib:/home/ti5/ws_moveit2/install/moveit_ros_planning/lib:/home/ti5/ws_moveit2/install/moveit_ros_occupancy_map_monitor/lib:/home/ti5/ws_moveit2/install/moveit_resources_prbt_ikfast_manipulator_plugin/lib:/home/ti5/ws_moveit2/install/moveit_planners_chomp/lib:/home/ti5/ws_moveit2/install/moveit_kinematics/lib:/home/ti5/ws_moveit2/install/moveit_chomp_optimizer_adapter/lib:/home/ti5/ws_moveit2/install/chomp_motion_planner/lib:/home/ti5/ws_moveit2/install/moveit_core/lib:/home/ti5/ws_moveit2/install/rviz_marker_tools/lib:/home/ti5/ws_moveit2/install/rosparam_shortcuts/lib:/home/ti5/ws_moveit2/install/moveit_task_constructor_msgs/lib:/opt/ros/humble/opt/rviz_ogre_vendor/lib:/opt/ros/humble/lib/x86_64-linux-gnu:/opt/ros/humble/lib /usr/bin/cmake --install /home/ti5/ws_moveit2/build/moveit_core
[16.451s] -- Install configuration: "Release"
[16.452s] -- Up-to-date: /home/ti5/ws_moveit2/install/moveit_core/include/moveit/version.h
[16.453s] -- Up-to-date: /home/ti5/ws_moveit2/install/moveit_core/include
[16.454s] -- Up-to-date: /home/ti5/ws_moveit2/install/moveit_core/include/moveit
[16.454s] -- Up-to-date: /home/ti5/ws_moveit2/install/moveit_core/include/moveit/collision_distance_field
[16.455s] -- Up-to-date: /home/ti5/ws_moveit2/install/moveit_core/include/moveit/collision_distance_field/collision_common_distance_field.h
[16.455s] -- Up-to-date: /home/ti5/ws_moveit2/install/moveit_core/include/moveit/collision_distance_field/collision_detector_allocator_hybrid.h
[16.456s] -- Up-to-date: /home/ti5/ws_moveit2/install/moveit_core/include/moveit/collision_distance_field/collision_env_distance_field.h
[16.456s] -- Up-to-date: /home/ti5/ws_moveit2/install/moveit_core/include/moveit/collision_distance_field/collision_env_hybrid.h
[16.457s] -- Up-to-date: /home/ti5/ws_moveit2/install/moveit_core/include/moveit/collision_distance_field/collision_detector_allocator_distance_field.h
[16.457s] -- Up-to-date: /home/ti5/ws_moveit2/install/moveit_core/include/moveit/collision_distance_field/collision_distance_field_types.h
[16.458s] -- Up-to-date: /home/ti5/ws_moveit2/install/moveit_core/include/moveit_collision_distance_field_export.h
[16.458s] -- Up-to-date: /home/ti5/ws_moveit2/install/moveit_core/include
[16.459s] -- Up-to-date: /home/ti5/ws_moveit2/install/moveit_core/include/moveit
[16.459s] -- Up-to-date: /home/ti5/ws_moveit2/install/moveit_core/include/moveit/constraint_samplers
[16.460s] -- Up-to-date: /home/ti5/ws_moveit2/install/moveit_core/include/moveit/constraint_samplers/constraint_sampler_allocator.h
[16.460s] -- Up-to-date: /home/ti5/ws_moveit2/install/moveit_core/include/moveit/constraint_samplers/constraint_sampler_tools.h
[16.460s] -- Up-to-date: /home/ti5/ws_moveit2/install/moveit_core/include/moveit/constraint_samplers/constraint_sampler.h
[16.461s] -- Up-to-date: /home/ti5/ws_moveit2/install/moveit_core/include/moveit/constraint_samplers/default_constraint_samplers.h
[16.462s] -- Up-to-date: /home/ti5/ws_moveit2/install/moveit_core/include/moveit/constraint_samplers/constraint_sampler_manager.h
[16.463s] -- Up-to-date: /home/ti5/ws_moveit2/install/moveit_core/include/moveit/constraint_samplers/union_constraint_sampler.h
[16.463s] -- Up-to-date: /home/ti5/ws_moveit2/install/moveit_core/include
[16.464s] -- Up-to-date: /home/ti5/ws_moveit2/install/moveit_core/include/moveit
[16.465s] -- Up-to-date: /home/ti5/ws_moveit2/install/moveit_core/include/moveit/controller_manager
[16.465s] -- Up-to-date: /home/ti5/ws_moveit2/install/moveit_core/include/moveit/controller_manager/controller_manager.h
[16.466s] -- Up-to-date: /home/ti5/ws_moveit2/install/moveit_core/include
[16.467s] -- Up-to-date: /home/ti5/ws_moveit2/install/moveit_core/include/moveit
[16.467s] -- Up-to-date: /home/ti5/ws_moveit2/install/moveit_core/include/moveit/distance_field
[16.468s] -- Up-to-date: /home/ti5/ws_moveit2/install/moveit_core/include/moveit/distance_field/propagation_distance_field.h
[16.469s] -- Up-to-date: /home/ti5/ws_moveit2/install/moveit_core/include/moveit/distance_field/distance_field.h
[16.470s] -- Up-to-date: /home/ti5/ws_moveit2/install/moveit_core/include/moveit/distance_field/find_internal_points.h
[16.470s] -- Up-to-date: /home/ti5/ws_moveit2/install/moveit_core/include/moveit/distance_field/voxel_grid.h
[16.471s] -- Up-to-date: /home/ti5/ws_moveit2/install/moveit_core/include
[16.472s] -- Up-to-date: /home/ti5/ws_moveit2/install/moveit_core/include/moveit
[16.473s] -- Up-to-date: /home/ti5/ws_moveit2/install/moveit_core/include/moveit/dynamics_solver
[16.474s] -- Up-to-date: /home/ti5/ws_moveit2/install/moveit_core/include/moveit/dynamics_solver/dynamics_solver.h
[16.474s] -- Up-to-date: /home/ti5/ws_moveit2/install/moveit_core/include
[16.476s] -- Up-to-date: /home/ti5/ws_moveit2/install/moveit_core/include/moveit
[16.476s] -- Up-to-date: /home/ti5/ws_moveit2/install/moveit_core/include/moveit/exceptions
[16.477s] -- Up-to-date: /home/ti5/ws_moveit2/install/moveit_core/include/moveit/exceptions/exceptions.h
[16.477s] -- Up-to-date: /home/ti5/ws_moveit2/install/moveit_core/include
[16.478s] -- Up-to-date: /home/ti5/ws_moveit2/install/moveit_core/include/moveit
[16.479s] -- Up-to-date: /home/ti5/ws_moveit2/install/moveit_core/include/moveit/kinematics_base
[16.480s] -- Up-to-date: /home/ti5/ws_moveit2/install/moveit_core/include/moveit/kinematics_base/kinematics_base.h
[16.481s] -- Up-to-date: /home/ti5/ws_moveit2/install/moveit_core/include/moveit_kinematics_base_export.h
[16.482s] -- Up-to-date: /home/ti5/ws_moveit2/install/moveit_core/include
[16.482s] -- Up-to-date: /home/ti5/ws_moveit2/install/moveit_core/include/moveit
[16.483s] -- Up-to-date: /home/ti5/ws_moveit2/install/moveit_core/include/moveit/kinematic_constraints
[16.484s] -- Up-to-date: /home/ti5/ws_moveit2/install/moveit_core/include/moveit/kinematic_constraints/kinematic_constraint.h
[16.485s] -- Up-to-date: /home/ti5/ws_moveit2/install/moveit_core/include/moveit/kinematic_constraints/utils.h
[16.486s] -- Up-to-date: /home/ti5/ws_moveit2/install/moveit_core/include
[16.486s] -- Up-to-date: /home/ti5/ws_moveit2/install/moveit_core/include/moveit
[16.487s] -- Up-to-date: /home/ti5/ws_moveit2/install/moveit_core/include/moveit/kinematics_metrics
[16.489s] -- Up-to-date: /home/ti5/ws_moveit2/install/moveit_core/include/moveit/kinematics_metrics/kinematics_metrics.h
[16.489s] -- Up-to-date: /home/ti5/ws_moveit2/install/moveit_core/include
[16.490s] -- Up-to-date: /home/ti5/ws_moveit2/install/moveit_core/include/moveit
[16.491s] -- Up-to-date: /home/ti5/ws_moveit2/install/moveit_core/include/moveit/macros
[16.491s] -- Up-to-date: /home/ti5/ws_moveit2/install/moveit_core/include/moveit/macros/declare_ptr.h
[16.492s] -- Up-to-date: /home/ti5/ws_moveit2/install/moveit_core/include/moveit/macros/class_forward.h
[16.493s] -- Up-to-date: /home/ti5/ws_moveit2/install/moveit_core/include/moveit/macros/console_colors.h
[16.494s] -- Up-to-date: /home/ti5/ws_moveit2/install/moveit_core/include/moveit/macros/deprecation.h
[16.495s] -- Up-to-date: /home/ti5/ws_moveit2/install/moveit_core/include/moveit_butterworth_parameters
[16.496s] -- Up-to-date: /home/ti5/ws_moveit2/install/moveit_core/include/moveit_butterworth_parameters/moveit_butterworth_parameters.hpp
[16.497s] -- Up-to-date: /home/ti5/ws_moveit2/install/moveit_core/include
[16.498s] -- Up-to-date: /home/ti5/ws_moveit2/install/moveit_core/include/moveit
[16.498s] -- Up-to-date: /home/ti5/ws_moveit2/install/moveit_core/include/moveit/online_signal_smoothing
[16.499s] -- Up-to-date: /home/ti5/ws_moveit2/install/moveit_core/include/moveit/online_signal_smoothing/butterworth_filter.h
[16.500s] -- Up-to-date: /home/ti5/ws_moveit2/install/moveit_core/include/moveit/online_signal_smoothing/smoothing_base_class.h
[16.500s] -- Up-to-date: /home/ti5/ws_moveit2/install/moveit_core/include/moveit_smoothing_base_export.h
[16.502s] -- Up-to-date: /home/ti5/ws_moveit2/install/moveit_core/include/moveit_butterworth_filter_export.h
[16.502s] -- Up-to-date: /home/ti5/ws_moveit2/install/moveit_core/include
[16.503s] -- Up-to-date: /home/ti5/ws_moveit2/install/moveit_core/include/moveit
[16.503s] -- Up-to-date: /home/ti5/ws_moveit2/install/moveit_core/include/moveit/planning_interface
[16.504s] -- Up-to-date: /home/ti5/ws_moveit2/install/moveit_core/include/moveit/planning_interface/planning_request.h
[16.504s] -- Up-to-date: /home/ti5/ws_moveit2/install/moveit_core/include/moveit/planning_interface/planning_interface.h
[16.505s] -- Up-to-date: /home/ti5/ws_moveit2/install/moveit_core/include/moveit/planning_interface/planning_response.h
[16.506s] -- Up-to-date: /home/ti5/ws_moveit2/install/moveit_core/include
[16.507s] -- Up-to-date: /home/ti5/ws_moveit2/install/moveit_core/include/moveit
[16.508s] -- Up-to-date: /home/ti5/ws_moveit2/install/moveit_core/include/moveit/planning_request_adapter
[16.509s] -- Up-to-date: /home/ti5/ws_moveit2/install/moveit_core/include/moveit/planning_request_adapter/planning_request_adapter.h
[16.510s] -- Up-to-date: /home/ti5/ws_moveit2/install/moveit_core/include
[16.511s] -- Up-to-date: /home/ti5/ws_moveit2/install/moveit_core/include/moveit
[16.512s] -- Up-to-date: /home/ti5/ws_moveit2/install/moveit_core/include/moveit/planning_scene
[16.513s] -- Up-to-date: /home/ti5/ws_moveit2/install/moveit_core/include/moveit/planning_scene/planning_scene.h
[16.514s] -- Up-to-date: /home/ti5/ws_moveit2/install/moveit_core/include/moveit_planning_scene_export.h
[16.515s] -- Up-to-date: /home/ti5/ws_moveit2/install/moveit_core/include
[16.516s] -- Up-to-date: /home/ti5/ws_moveit2/install/moveit_core/include/moveit
[16.516s] -- Up-to-date: /home/ti5/ws_moveit2/install/moveit_core/include/moveit/robot_model
[16.517s] -- Up-to-date: /home/ti5/ws_moveit2/install/moveit_core/include/moveit/robot_model/floating_joint_model.h
[16.517s] -- Up-to-date: /home/ti5/ws_moveit2/install/moveit_core/include/moveit/robot_model/fixed_joint_model.h
[16.518s] -- Up-to-date: /home/ti5/ws_moveit2/install/moveit_core/include/moveit/robot_model/joint_model.h
[16.518s] -- Up-to-date: /home/ti5/ws_moveit2/install/moveit_core/include/moveit/robot_model/aabb.h
[16.519s] -- Up-to-date: /home/ti5/ws_moveit2/install/moveit_core/include/moveit/robot_model/planar_joint_model.h
[16.520s] -- Up-to-date: /home/ti5/ws_moveit2/install/moveit_core/include/moveit/robot_model/link_model.h
[16.520s] -- Up-to-date: /home/ti5/ws_moveit2/install/moveit_core/include/moveit/robot_model/revolute_joint_model.h
[16.521s] -- Up-to-date: /home/ti5/ws_moveit2/install/moveit_core/include/moveit/robot_model/prismatic_joint_model.h
[16.521s] -- Up-to-date: /home/ti5/ws_moveit2/install/moveit_core/include/moveit/robot_model/robot_model.h
[16.522s] -- Up-to-date: /home/ti5/ws_moveit2/install/moveit_core/include/moveit/robot_model/joint_model_group.h
[16.522s] -- Up-to-date: /home/ti5/ws_moveit2/install/moveit_core/include
[16.523s] -- Up-to-date: /home/ti5/ws_moveit2/install/moveit_core/include/moveit
[16.523s] -- Up-to-date: /home/ti5/ws_moveit2/install/moveit_core/include/moveit/robot_state
[16.524s] -- Up-to-date: /home/ti5/ws_moveit2/install/moveit_core/include/moveit/robot_state/attached_body.h
[16.524s] -- Up-to-date: /home/ti5/ws_moveit2/install/moveit_core/include/moveit/robot_state/robot_state.h
[16.525s] -- Up-to-date: /home/ti5/ws_moveit2/install/moveit_core/include/moveit/robot_state/conversions.h
[16.526s] -- Up-to-date: /home/ti5/ws_moveit2/install/moveit_core/include/moveit/robot_state/cartesian_interpolator.h
[16.526s] -- Up-to-date: /home/ti5/ws_moveit2/install/moveit_core/include
[16.527s] -- Up-to-date: /home/ti5/ws_moveit2/install/moveit_core/include/moveit
[16.527s] -- Up-to-date: /home/ti5/ws_moveit2/install/moveit_core/include/moveit/robot_trajectory
[16.528s] -- Up-to-date: /home/ti5/ws_moveit2/install/moveit_core/include/moveit/robot_trajectory/robot_trajectory.h
[16.528s] -- Up-to-date: /home/ti5/ws_moveit2/install/moveit_core/include
[16.529s] -- Up-to-date: /home/ti5/ws_moveit2/install/moveit_core/include/moveit
[16.529s] -- Up-to-date: /home/ti5/ws_moveit2/install/moveit_core/include/moveit/sensor_manager
[16.530s] -- Up-to-date: /home/ti5/ws_moveit2/install/moveit_core/include/moveit/sensor_manager/sensor_manager.h
[16.531s] -- Up-to-date: /home/ti5/ws_moveit2/install/moveit_core/include
[16.531s] -- Up-to-date: /home/ti5/ws_moveit2/install/moveit_core/include/moveit
[16.532s] -- Up-to-date: /home/ti5/ws_moveit2/install/moveit_core/include/moveit/trajectory_processing
[16.533s] -- Up-to-date: /home/ti5/ws_moveit2/install/moveit_core/include/moveit/trajectory_processing/trajectory_tools.h
[16.533s] -- Up-to-date: /home/ti5/ws_moveit2/install/moveit_core/include/moveit/trajectory_processing/iterative_time_parameterization.h
[16.534s] -- Up-to-date: /home/ti5/ws_moveit2/install/moveit_core/include/moveit/trajectory_processing/time_parameterization.h
[16.534s] -- Up-to-date: /home/ti5/ws_moveit2/install/moveit_core/include/moveit/trajectory_processing/ruckig_traj_smoothing.h
[16.535s] -- Up-to-date: /home/ti5/ws_moveit2/install/moveit_core/include/moveit/trajectory_processing/time_optimal_trajectory_generation.h
[16.536s] -- Up-to-date: /home/ti5/ws_moveit2/install/moveit_core/include/moveit/trajectory_processing/iterative_spline_parameterization.h
[16.536s] -- Up-to-date: /home/ti5/ws_moveit2/install/moveit_core/include
[16.536s] -- Up-to-date: /home/ti5/ws_moveit2/install/moveit_core/include/moveit
[16.537s] -- Up-to-date: /home/ti5/ws_moveit2/install/moveit_core/include/moveit/transforms
[16.538s] -- Up-to-date: /home/ti5/ws_moveit2/install/moveit_core/include/moveit/transforms/transforms.h
[16.538s] -- Up-to-date: /home/ti5/ws_moveit2/install/moveit_core/include
[16.539s] -- Up-to-date: /home/ti5/ws_moveit2/install/moveit_core/include/moveit
[16.539s] -- Up-to-date: /home/ti5/ws_moveit2/install/moveit_core/include/moveit/utils
[16.540s] -- Up-to-date: /home/ti5/ws_moveit2/install/moveit_core/include/moveit/utils/moveit_error_code.h
[16.540s] -- Up-to-date: /home/ti5/ws_moveit2/install/moveit_core/include/moveit/utils/message_checks.h
[16.541s] -- Up-to-date: /home/ti5/ws_moveit2/install/moveit_core/include/moveit/utils/lexical_casts.h
[16.542s] -- Up-to-date: /home/ti5/ws_moveit2/install/moveit_core/include/moveit/utils/robot_model_test_utils.h
[16.542s] -- Up-to-date: /home/ti5/ws_moveit2/install/moveit_core/include/moveit/utils/rclcpp_utils.h
[16.543s] -- Up-to-date: /home/ti5/ws_moveit2/install/moveit_core/bin/moveit_version
[16.543s] -- Up-to-date: /home/ti5/ws_moveit2/install/moveit_core/include
[16.543s] -- Up-to-date: /home/ti5/ws_moveit2/install/moveit_core/include/moveit
[16.544s] -- Up-to-date: /home/ti5/ws_moveit2/install/moveit_core/include/moveit/collision_detection
[16.545s] -- Up-to-date: /home/ti5/ws_moveit2/install/moveit_core/include/moveit/collision_detection/collision_plugin_cache.h
[16.545s] -- Up-to-date: /home/ti5/ws_moveit2/install/moveit_core/include/moveit/collision_detection/collision_plugin.h
[16.546s] -- Up-to-date: /home/ti5/ws_moveit2/install/moveit_core/include/moveit/collision_detection/world.h
[16.546s] -- Up-to-date: /home/ti5/ws_moveit2/install/moveit_core/include/moveit/collision_detection/collision_matrix.h
[16.547s] -- Up-to-date: /home/ti5/ws_moveit2/install/moveit_core/include/moveit/collision_detection/test_collision_common_panda.h
[16.547s] -- Up-to-date: /home/ti5/ws_moveit2/install/moveit_core/include/moveit/collision_detection/test_collision_common_pr2.h
[16.548s] -- Up-to-date: /home/ti5/ws_moveit2/install/moveit_core/include/moveit/collision_detection/collision_octomap_filter.h
[16.548s] -- Up-to-date: /home/ti5/ws_moveit2/install/moveit_core/include/moveit/collision_detection/collision_tools.h
[16.549s] -- Up-to-date: /home/ti5/ws_moveit2/install/moveit_core/include/moveit/collision_detection/collision_common.h
[16.550s] -- Up-to-date: /home/ti5/ws_moveit2/install/moveit_core/include/moveit/collision_detection/world_diff.h
[16.550s] -- Up-to-date: /home/ti5/ws_moveit2/install/moveit_core/include/moveit/collision_detection/occupancy_map.h
[16.551s] -- Up-to-date: /home/ti5/ws_moveit2/install/moveit_core/include/moveit/collision_detection/collision_detector_allocator.h
[16.551s] -- Up-to-date: /home/ti5/ws_moveit2/install/moveit_core/include/moveit/collision_detection/allvalid
[16.552s] -- Up-to-date: /home/ti5/ws_moveit2/install/moveit_core/include/moveit/collision_detection/allvalid/collision_env_allvalid.h
[16.552s] -- Up-to-date: /home/ti5/ws_moveit2/install/moveit_core/include/moveit/collision_detection/allvalid/collision_detector_allocator_allvalid.h
[16.553s] -- Up-to-date: /home/ti5/ws_moveit2/install/moveit_core/include/moveit/collision_detection/collision_env.h
[16.553s] -- Up-to-date: /home/ti5/ws_moveit2/install/moveit_core/include/moveit_collision_detection_export.h
[16.554s] -- Up-to-date: /home/ti5/ws_moveit2/install/moveit_core/include
[16.554s] -- Up-to-date: /home/ti5/ws_moveit2/install/moveit_core/include/moveit
[16.555s] -- Up-to-date: /home/ti5/ws_moveit2/install/moveit_core/include/moveit/collision_detection_bullet
[16.555s] -- Up-to-date: /home/ti5/ws_moveit2/install/moveit_core/include/moveit/collision_detection_bullet/bullet_integration
[16.556s] -- Up-to-date: /home/ti5/ws_moveit2/install/moveit_core/include/moveit/collision_detection_bullet/bullet_integration/bullet_utils.h
[16.556s] -- Up-to-date: /home/ti5/ws_moveit2/install/moveit_core/include/moveit/collision_detection_bullet/bullet_integration/basic_types.h
[16.556s] -- Up-to-date: /home/ti5/ws_moveit2/install/moveit_core/include/moveit/collision_detection_bullet/bullet_integration/bullet_discrete_bvh_manager.h
[16.557s] -- Up-to-date: /home/ti5/ws_moveit2/install/moveit_core/include/moveit/collision_detection_bullet/bullet_integration/bullet_cast_bvh_manager.h
[16.557s] -- Up-to-date: /home/ti5/ws_moveit2/install/moveit_core/include/moveit/collision_detection_bullet/bullet_integration/bullet_bvh_manager.h
[16.558s] -- Up-to-date: /home/ti5/ws_moveit2/install/moveit_core/include/moveit/collision_detection_bullet/bullet_integration/ros_bullet_utils.h
[16.558s] -- Up-to-date: /home/ti5/ws_moveit2/install/moveit_core/include/moveit/collision_detection_bullet/bullet_integration/contact_checker_common.h
[16.559s] -- Up-to-date: /home/ti5/ws_moveit2/install/moveit_core/include/moveit/collision_detection_bullet/collision_env_bullet.h
[16.559s] -- Up-to-date: /home/ti5/ws_moveit2/install/moveit_core/include/moveit/collision_detection_bullet/collision_detector_bullet_plugin_loader.h
[16.560s] -- Up-to-date: /home/ti5/ws_moveit2/install/moveit_core/include/moveit/collision_detection_bullet/collision_detector_allocator_bullet.h
[16.560s] -- Up-to-date: /home/ti5/ws_moveit2/install/moveit_core/include/moveit_collision_detection_bullet_export.h
[16.560s] -- Up-to-date: /home/ti5/ws_moveit2/install/moveit_core/include
[16.561s] -- Up-to-date: /home/ti5/ws_moveit2/install/moveit_core/include/moveit
[16.561s] -- Up-to-date: /home/ti5/ws_moveit2/install/moveit_core/include/moveit/collision_detection_fcl
[16.562s] -- Up-to-date: /home/ti5/ws_moveit2/install/moveit_core/include/moveit/collision_detection_fcl/collision_detector_allocator_fcl.h
[16.562s] -- Up-to-date: /home/ti5/ws_moveit2/install/moveit_core/include/moveit/collision_detection_fcl/fcl_compat.h
[16.563s] -- Up-to-date: /home/ti5/ws_moveit2/install/moveit_core/include/moveit/collision_detection_fcl/collision_common.h
[16.563s] -- Up-to-date: /home/ti5/ws_moveit2/install/moveit_core/include/moveit/collision_detection_fcl/collision_detector_fcl_plugin_loader.h
[16.564s] -- Up-to-date: /home/ti5/ws_moveit2/install/moveit_core/include/moveit/collision_detection_fcl/collision_env_fcl.h
[16.564s] -- Up-to-date: /home/ti5/ws_moveit2/install/moveit_core/include/moveit_collision_detection_fcl_export.h
[16.564s] -- Up-to-date: /home/ti5/ws_moveit2/install/moveit_core/lib/libcollision_detector_bullet_plugin.so.2.5.5
[16.565s] -- Up-to-date: /home/ti5/ws_moveit2/install/moveit_core/lib/libcollision_detector_bullet_plugin.so
[16.565s] -- Up-to-date: /home/ti5/ws_moveit2/install/moveit_core/lib/libmoveit_butterworth_filter.so.2.5.5
[16.566s] -- Up-to-date: /home/ti5/ws_moveit2/install/moveit_core/lib/libmoveit_butterworth_filter.so
[16.566s] -- Up-to-date: /home/ti5/ws_moveit2/install/moveit_core/lib/libmoveit_collision_distance_field.so.2.5.5
[16.567s] -- Up-to-date: /home/ti5/ws_moveit2/install/moveit_core/lib/libmoveit_collision_distance_field.so
[16.567s] -- Up-to-date: /home/ti5/ws_moveit2/install/moveit_core/lib/libmoveit_collision_detection.so.2.5.5
[16.568s] -- Up-to-date: /home/ti5/ws_moveit2/install/moveit_core/lib/libmoveit_collision_detection.so
[16.568s] -- Up-to-date: /home/ti5/ws_moveit2/install/moveit_core/lib/libmoveit_collision_detection_fcl.so.2.5.5
[16.568s] -- Up-to-date: /home/ti5/ws_moveit2/install/moveit_core/lib/libmoveit_collision_detection_fcl.so
[16.569s] -- Up-to-date: /home/ti5/ws_moveit2/install/moveit_core/lib/libmoveit_collision_detection_bullet.so.2.5.5
[16.569s] -- Up-to-date: /home/ti5/ws_moveit2/install/moveit_core/lib/libmoveit_collision_detection_bullet.so
[16.570s] -- Up-to-date: /home/ti5/ws_moveit2/install/moveit_core/lib/libmoveit_dynamics_solver.so.2.5.5
[16.570s] -- Up-to-date: /home/ti5/ws_moveit2/install/moveit_core/lib/libmoveit_dynamics_solver.so
[16.570s] -- Up-to-date: /home/ti5/ws_moveit2/install/moveit_core/lib/libmoveit_constraint_samplers.so.2.5.5
[16.571s] -- Up-to-date: /home/ti5/ws_moveit2/install/moveit_core/lib/libmoveit_constraint_samplers.so
[16.571s] -- Up-to-date: /home/ti5/ws_moveit2/install/moveit_core/lib/libmoveit_distance_field.so.2.5.5
[16.572s] -- Up-to-date: /home/ti5/ws_moveit2/install/moveit_core/lib/libmoveit_distance_field.so
[16.572s] -- Up-to-date: /home/ti5/ws_moveit2/install/moveit_core/lib/libmoveit_exceptions.so.2.5.5
[16.573s] -- Up-to-date: /home/ti5/ws_moveit2/install/moveit_core/lib/libmoveit_exceptions.so
[16.573s] -- Up-to-date: /home/ti5/ws_moveit2/install/moveit_core/lib/libmoveit_kinematics_base.so
[16.573s] -- Up-to-date: /home/ti5/ws_moveit2/install/moveit_core/lib/libmoveit_kinematic_constraints.so.2.5.5
[16.574s] -- Up-to-date: /home/ti5/ws_moveit2/install/moveit_core/lib/libmoveit_kinematic_constraints.so
[16.574s] -- Up-to-date: /home/ti5/ws_moveit2/install/moveit_core/lib/libmoveit_kinematics_metrics.so.2.5.5
[16.575s] -- Up-to-date: /home/ti5/ws_moveit2/install/moveit_core/lib/libmoveit_kinematics_metrics.so
[16.575s] -- Up-to-date: /home/ti5/ws_moveit2/install/moveit_core/lib/libmoveit_planning_interface.so.2.5.5
[16.576s] -- Up-to-date: /home/ti5/ws_moveit2/install/moveit_core/lib/libmoveit_planning_interface.so
[16.576s] -- Up-to-date: /home/ti5/ws_moveit2/install/moveit_core/lib/libmoveit_planning_scene.so.2.5.5
[16.577s] -- Up-to-date: /home/ti5/ws_moveit2/install/moveit_core/lib/libmoveit_planning_scene.so
[16.577s] -- Up-to-date: /home/ti5/ws_moveit2/install/moveit_core/lib/libmoveit_planning_request_adapter.so.2.5.5
[16.577s] -- Up-to-date: /home/ti5/ws_moveit2/install/moveit_core/lib/libmoveit_planning_request_adapter.so
[16.578s] -- Up-to-date: /home/ti5/ws_moveit2/install/moveit_core/lib/libmoveit_robot_model.so.2.5.5
[16.578s] -- Up-to-date: /home/ti5/ws_moveit2/install/moveit_core/lib/libmoveit_robot_model.so
[16.579s] -- Up-to-date: /home/ti5/ws_moveit2/install/moveit_core/lib/libmoveit_robot_state.so.2.5.5
[16.579s] -- Up-to-date: /home/ti5/ws_moveit2/install/moveit_core/lib/libmoveit_robot_state.so
[16.580s] -- Up-to-date: /home/ti5/ws_moveit2/install/moveit_core/lib/libmoveit_robot_trajectory.so.2.5.5
[16.583s] -- Up-to-date: /home/ti5/ws_moveit2/install/moveit_core/lib/libmoveit_robot_trajectory.so
[16.584s] -- Up-to-date: /home/ti5/ws_moveit2/install/moveit_core/lib/libmoveit_smoothing_base.so.2.5.5
[16.585s] -- Up-to-date: /home/ti5/ws_moveit2/install/moveit_core/lib/libmoveit_smoothing_base.so
[16.587s] -- Up-to-date: /home/ti5/ws_moveit2/install/moveit_core/lib/libmoveit_test_utils.so.2.5.5
[16.588s] -- Up-to-date: /home/ti5/ws_moveit2/install/moveit_core/lib/libmoveit_test_utils.so
[16.590s] -- Up-to-date: /home/ti5/ws_moveit2/install/moveit_core/lib/libmoveit_trajectory_processing.so.2.5.5
[16.591s] -- Up-to-date: /home/ti5/ws_moveit2/install/moveit_core/lib/libmoveit_trajectory_processing.so
[16.593s] -- Up-to-date: /home/ti5/ws_moveit2/install/moveit_core/lib/libmoveit_transforms.so.2.5.5
[16.594s] -- Up-to-date: /home/ti5/ws_moveit2/install/moveit_core/lib/libmoveit_transforms.so
[16.596s] -- Up-to-date: /home/ti5/ws_moveit2/install/moveit_core/lib/libmoveit_utils.so.2.5.5
[16.597s] -- Up-to-date: /home/ti5/ws_moveit2/install/moveit_core/lib/libmoveit_utils.so
[16.598s] -- Up-to-date: /home/ti5/ws_moveit2/install/moveit_core/share/moveit_core/environment/library_path.sh
[16.599s] -- Up-to-date: /home/ti5/ws_moveit2/install/moveit_core/share/moveit_core/environment/library_path.dsv
[16.599s] -- Up-to-date: /home/ti5/ws_moveit2/install/moveit_core/share/moveit_core/collision_detector_fcl_description.xml
[16.600s] -- Up-to-date: /home/ti5/ws_moveit2/install/moveit_core/share/moveit_core/collision_detector_bullet_description.xml
[16.601s] -- Up-to-date: /home/ti5/ws_moveit2/install/moveit_core/share/moveit_core/filter_plugin_butterworth.xml
[16.601s] -- Up-to-date: /home/ti5/ws_moveit2/install/moveit_core/share/ament_index/resource_index/package_run_dependencies/moveit_core
[16.602s] -- Up-to-date: /home/ti5/ws_moveit2/install/moveit_core/share/ament_index/resource_index/parent_prefix_path/moveit_core
[16.602s] -- Up-to-date: /home/ti5/ws_moveit2/install/moveit_core/share/moveit_core/environment/ament_prefix_path.sh
[16.602s] -- Up-to-date: /home/ti5/ws_moveit2/install/moveit_core/share/moveit_core/environment/ament_prefix_path.dsv
[16.603s] -- Up-to-date: /home/ti5/ws_moveit2/install/moveit_core/share/moveit_core/environment/path.sh
[16.603s] -- Up-to-date: /home/ti5/ws_moveit2/install/moveit_core/share/moveit_core/environment/path.dsv
[16.604s] -- Up-to-date: /home/ti5/ws_moveit2/install/moveit_core/share/moveit_core/local_setup.bash
[16.604s] -- Up-to-date: /home/ti5/ws_moveit2/install/moveit_core/share/moveit_core/local_setup.sh
[16.605s] -- Up-to-date: /home/ti5/ws_moveit2/install/moveit_core/share/moveit_core/local_setup.zsh
[16.605s] -- Up-to-date: /home/ti5/ws_moveit2/install/moveit_core/share/moveit_core/local_setup.dsv
[16.606s] -- Installing: /home/ti5/ws_moveit2/install/moveit_core/share/moveit_core/package.dsv
[16.606s] -- Up-to-date: /home/ti5/ws_moveit2/install/moveit_core/share/ament_index/resource_index/packages/moveit_core
[16.607s] -- Up-to-date: /home/ti5/ws_moveit2/install/moveit_core/share/ament_index/resource_index/moveit_core__pluginlib__plugin/moveit_core
[16.607s] -- Up-to-date: /home/ti5/ws_moveit2/install/moveit_core/share/moveit_core/cmake/export_moveit_coreExport.cmake
[16.608s] -- Up-to-date: /home/ti5/ws_moveit2/install/moveit_core/share/moveit_core/cmake/export_moveit_coreExport-release.cmake
[16.608s] -- Up-to-date: /home/ti5/ws_moveit2/install/moveit_core/share/moveit_core/cmake/ConfigExtras.cmake
[16.608s] -- Up-to-date: /home/ti5/ws_moveit2/install/moveit_core/share/moveit_core/cmake/ament_cmake_export_targets-extras.cmake
[16.609s] -- Up-to-date: /home/ti5/ws_moveit2/install/moveit_core/share/moveit_core/cmake/ament_cmake_export_dependencies-extras.cmake
[16.609s] -- Up-to-date: /home/ti5/ws_moveit2/install/moveit_core/share/moveit_core/cmake/moveit_coreConfig.cmake
[16.610s] -- Up-to-date: /home/ti5/ws_moveit2/install/moveit_core/share/moveit_core/cmake/moveit_coreConfig-version.cmake
[16.610s] -- Up-to-date: /home/ti5/ws_moveit2/install/moveit_core/share/moveit_core/package.xml
[16.616s] Invoked command in '/home/ti5/ws_moveit2/build/moveit_core' returned '0': CMAKE_PREFIX_PATH=/home/ti5/ws_moveit2/install/moveit_resources_panda_moveit_config:/home/ti5/ws_moveit2/install/srdfdom:/home/ti5/ws_moveit2/install/moveit_resources_pr2_description:/home/ti5/ws_moveit2/install/moveit_resources_panda_description:/home/ti5/ws_moveit2/install/moveit_common:/home/ti5/ws_moveit2/install/arm5:/home/ti5/ws_moveit2/install/arm3:/home/ti5/ws_moveit2/install/arm2:/home/ti5/ws_moveit2/install/arm1:/home/ti5/ws_moveit2/install/ti5_urdf:/home/ti5/ws_moveit2/install/pilz_industrial_motion_planner_testutils:/home/ti5/ws_moveit2/install/moveit_runtime:/home/ti5/ws_moveit2/install/moveit2_tutorials:/home/ti5/ws_moveit2/install/moveit:/home/ti5/ws_moveit2/install/moveit_planners:/home/ti5/ws_moveit2/install/pilz_industrial_motion_planner:/home/ti5/ws_moveit2/install/moveit_visual_tools:/home/ti5/ws_moveit2/install/moveit_task_constructor_visualization:/home/ti5/ws_moveit2/install/moveit_task_constructor_demo:/home/ti5/ws_moveit2/install/moveit_task_constructor_capabilities:/home/ti5/ws_moveit2/install/moveit_task_constructor_core:/home/ti5/ws_moveit2/install/moveit_ros_control_interface:/home/ti5/ws_moveit2/install/moveit_plugins:/home/ti5/ws_moveit2/install/moveit_simple_controller_manager:/home/ti5/ws_moveit2/install/moveit_setup_assistant:/home/ti5/ws_moveit2/install/moveit_setup_srdf_plugins:/home/ti5/ws_moveit2/install/moveit_setup_core_plugins:/home/ti5/ws_moveit2/install/moveit_setup_controllers:/home/ti5/ws_moveit2/install/moveit_setup_app_plugins:/home/ti5/ws_moveit2/install/moveit_setup_framework:/home/ti5/ws_moveit2/install/moveit_servo:/home/ti5/ws_moveit2/install/moveit_ros:/home/ti5/ws_moveit2/install/moveit_ros_visualization:/home/ti5/ws_moveit2/install/moveit_hybrid_planning:/home/ti5/ws_moveit2/install/moveit_ros_planning_interface:/home/ti5/ws_moveit2/install/moveit_ros_benchmarks:/home/ti5/ws_moveit2/install/moveit_ros_warehouse:/home/ti5/ws_moveit2/install/moveit_ros_robot_interaction:/home/ti5/ws_moveit2/install/moveit_ros_perception:/home/ti5/ws_moveit2/install/moveit_resources_prbt_pg70_support:/home/ti5/ws_moveit2/install/moveit_resources_prbt_moveit_config:/home/ti5/ws_moveit2/install/moveit_ros_move_group:/home/ti5/ws_moveit2/install/moveit_planners_ompl:/home/ti5/ws_moveit2/install/moveit_ros_planning:/home/ti5/ws_moveit2/install/moveit_ros_occupancy_map_monitor:/home/ti5/ws_moveit2/install/moveit_resources_prbt_ikfast_manipulator_plugin:/home/ti5/ws_moveit2/install/moveit_planners_chomp:/home/ti5/ws_moveit2/install/moveit_kinematics:/home/ti5/ws_moveit2/install/moveit_chomp_optimizer_adapter:/home/ti5/ws_moveit2/install/chomp_motion_planner:/home/ti5/ws_moveit2/install/moveit_core:/home/ti5/ws_moveit2/install/rviz_marker_tools:/home/ti5/ws_moveit2/install/rosparam_shortcuts:/home/ti5/ws_moveit2/install/moveit_task_constructor_msgs:/home/ti5/ws_moveit2/install/moveit_resources_prbt_support:/home/ti5/ws_moveit2/install/moveit_resources:/home/ti5/ws_moveit2/install/moveit_resources_fanuc_moveit_config:/home/ti5/ws_moveit2/install/moveit_resources_fanuc_description:/home/ti5/ws_moveit2/install/demo:/home/ti5/ws_moveit2/install/moveit_configs_utils:/home/ti5/ws_moveit2/install/launch_param_builder:/opt/ros/humble LD_LIBRARY_PATH=/home/ti5/ws_moveit2/install/srdfdom/lib:/home/ti5/ws_moveit2/install/pilz_industrial_motion_planner_testutils/lib:/home/ti5/ws_moveit2/install/pilz_industrial_motion_planner/lib:/home/ti5/ws_moveit2/install/moveit_visual_tools/lib:/home/ti5/ws_moveit2/install/moveit_task_constructor_visualization/lib:/home/ti5/ws_moveit2/install/moveit_task_constructor_demo/lib:/home/ti5/ws_moveit2/install/moveit_task_constructor_capabilities/lib:/home/ti5/ws_moveit2/install/moveit_task_constructor_core/lib:/home/ti5/ws_moveit2/install/moveit_ros_control_interface/lib:/home/ti5/ws_moveit2/install/moveit_simple_controller_manager/lib:/home/ti5/ws_moveit2/install/moveit_setup_assistant/lib:/home/ti5/ws_moveit2/install/moveit_setup_srdf_plugins/lib:/home/ti5/ws_moveit2/install/moveit_setup_core_plugins/lib:/home/ti5/ws_moveit2/install/moveit_setup_controllers/lib:/home/ti5/ws_moveit2/install/moveit_setup_app_plugins/lib:/home/ti5/ws_moveit2/install/moveit_setup_framework/lib:/home/ti5/ws_moveit2/install/moveit_servo/lib:/home/ti5/ws_moveit2/install/moveit_ros_visualization/lib:/home/ti5/ws_moveit2/install/moveit_hybrid_planning/lib:/home/ti5/ws_moveit2/install/moveit_ros_planning_interface/lib:/home/ti5/ws_moveit2/install/moveit_ros_benchmarks/lib:/home/ti5/ws_moveit2/install/moveit_ros_warehouse/lib:/home/ti5/ws_moveit2/install/moveit_ros_robot_interaction/lib:/home/ti5/ws_moveit2/install/moveit_ros_perception/lib:/home/ti5/ws_moveit2/install/moveit_ros_move_group/lib:/home/ti5/ws_moveit2/install/moveit_planners_ompl/lib:/home/ti5/ws_moveit2/install/moveit_ros_planning/lib:/home/ti5/ws_moveit2/install/moveit_ros_occupancy_map_monitor/lib:/home/ti5/ws_moveit2/install/moveit_resources_prbt_ikfast_manipulator_plugin/lib:/home/ti5/ws_moveit2/install/moveit_planners_chomp/lib:/home/ti5/ws_moveit2/install/moveit_kinematics/lib:/home/ti5/ws_moveit2/install/moveit_chomp_optimizer_adapter/lib:/home/ti5/ws_moveit2/install/chomp_motion_planner/lib:/home/ti5/ws_moveit2/install/moveit_core/lib:/home/ti5/ws_moveit2/install/rviz_marker_tools/lib:/home/ti5/ws_moveit2/install/rosparam_shortcuts/lib:/home/ti5/ws_moveit2/install/moveit_task_constructor_msgs/lib:/opt/ros/humble/opt/rviz_ogre_vendor/lib:/opt/ros/humble/lib/x86_64-linux-gnu:/opt/ros/humble/lib /usr/bin/cmake --install /home/ti5/ws_moveit2/build/moveit_core
