[0.117s] Invoking command in '/home/ti5/ws_moveit2/build/srdfdom': CMAKE_PREFIX_PATH=/opt/ros/humble /usr/bin/cmake --build /home/ti5/ws_moveit2/build/srdfdom -- -j4 -l4
[1.529s] [  0%] Built target ament_cmake_python_copy_srdfdom
[1.529s] [ 18%] Built target gtest
[1.530s] [ 36%] Built target gtest_main
[1.533s] [ 63%] Built target srdfdom
[1.534s] [ 81%] Built target test_cpp_C
[1.535s] [100%] Built target test_cpp_nl_NL.UTF-8
[1.924s] running egg_info
[1.925s] writing srdfdom.egg-info/PKG-INFO
[1.926s] writing dependency_links to srdfdom.egg-info/dependency_links.txt
[1.929s] writing top-level names to srdfdom.egg-info/top_level.txt
[1.938s] reading manifest file 'srdfdom.egg-info/SOURCES.txt'
[1.943s] writing manifest file 'srdfdom.egg-info/SOURCES.txt'
[2.129s] [100%] Built target ament_cmake_python_build_srdfdom_egg
[2.257s] Invoked command in '/home/ti5/ws_moveit2/build/srdfdom' returned '0': CMAKE_PREFIX_PATH=/opt/ros/humble /usr/bin/cmake --build /home/ti5/ws_moveit2/build/srdfdom -- -j4 -l4
[2.501s] Invoking command in '/home/ti5/ws_moveit2/build/srdfdom': CMAKE_PREFIX_PATH=/opt/ros/humble /usr/bin/cmake --install /home/ti5/ws_moveit2/build/srdfdom
[2.546s] -- Install configuration: "Release"
[2.551s] -- Up-to-date: /home/ti5/ws_moveit2/install/srdfdom/lib/libsrdfdom.so.2.0.4
[2.554s] -- Up-to-date: /home/ti5/ws_moveit2/install/srdfdom/lib/libsrdfdom.so
[2.555s] -- Up-to-date: /home/ti5/ws_moveit2/install/srdfdom/include/srdfdom
[2.556s] -- Up-to-date: /home/ti5/ws_moveit2/install/srdfdom/include/srdfdom/visibility_control.h
[2.556s] -- Up-to-date: /home/ti5/ws_moveit2/install/srdfdom/include/srdfdom/srdf_writer.h
[2.557s] -- Up-to-date: /home/ti5/ws_moveit2/install/srdfdom/include/srdfdom/model.h
[2.560s] -- Up-to-date: /home/ti5/ws_moveit2/install/srdfdom/lib/srdfdom/display_srdf
[2.562s] -- Up-to-date: /home/ti5/ws_moveit2/install/srdfdom/share/srdfdom/environment/pythonpath.sh
[2.563s] -- Up-to-date: /home/ti5/ws_moveit2/install/srdfdom/share/srdfdom/environment/pythonpath.dsv
[2.565s] -- Up-to-date: /home/ti5/ws_moveit2/install/srdfdom/local/lib/python3.10/dist-packages/srdfdom-2.0.4-py3.10.egg-info
[2.566s] -- Installing: /home/ti5/ws_moveit2/install/srdfdom/local/lib/python3.10/dist-packages/srdfdom-2.0.4-py3.10.egg-info/dependency_links.txt
[2.572s] -- Installing: /home/ti5/ws_moveit2/install/srdfdom/local/lib/python3.10/dist-packages/srdfdom-2.0.4-py3.10.egg-info/PKG-INFO
[2.574s] -- Installing: /home/ti5/ws_moveit2/install/srdfdom/local/lib/python3.10/dist-packages/srdfdom-2.0.4-py3.10.egg-info/top_level.txt
[2.576s] -- Installing: /home/ti5/ws_moveit2/install/srdfdom/local/lib/python3.10/dist-packages/srdfdom-2.0.4-py3.10.egg-info/SOURCES.txt
[2.578s] -- Up-to-date: /home/ti5/ws_moveit2/install/srdfdom/local/lib/python3.10/dist-packages/srdfdom
[2.580s] -- Up-to-date: /home/ti5/ws_moveit2/install/srdfdom/local/lib/python3.10/dist-packages/srdfdom/__init__.py
[2.581s] -- Up-to-date: /home/ti5/ws_moveit2/install/srdfdom/local/lib/python3.10/dist-packages/srdfdom/srdf.py
[2.755s] Listing '/home/ti5/ws_moveit2/install/srdfdom/local/lib/python3.10/dist-packages/srdfdom'...
[2.790s] -- Up-to-date: /home/ti5/ws_moveit2/install/srdfdom/share/srdfdom/environment/library_path.sh
[2.790s] -- Up-to-date: /home/ti5/ws_moveit2/install/srdfdom/share/srdfdom/environment/library_path.dsv
[2.791s] -- Up-to-date: /home/ti5/ws_moveit2/install/srdfdom/share/ament_index/resource_index/package_run_dependencies/srdfdom
[2.791s] -- Up-to-date: /home/ti5/ws_moveit2/install/srdfdom/share/ament_index/resource_index/parent_prefix_path/srdfdom
[2.792s] -- Up-to-date: /home/ti5/ws_moveit2/install/srdfdom/share/srdfdom/environment/ament_prefix_path.sh
[2.792s] -- Up-to-date: /home/ti5/ws_moveit2/install/srdfdom/share/srdfdom/environment/ament_prefix_path.dsv
[2.793s] -- Up-to-date: /home/ti5/ws_moveit2/install/srdfdom/share/srdfdom/environment/path.sh
[2.794s] -- Up-to-date: /home/ti5/ws_moveit2/install/srdfdom/share/srdfdom/environment/path.dsv
[2.795s] -- Up-to-date: /home/ti5/ws_moveit2/install/srdfdom/share/srdfdom/local_setup.bash
[2.796s] -- Up-to-date: /home/ti5/ws_moveit2/install/srdfdom/share/srdfdom/local_setup.sh
[2.797s] -- Up-to-date: /home/ti5/ws_moveit2/install/srdfdom/share/srdfdom/local_setup.zsh
[2.798s] -- Up-to-date: /home/ti5/ws_moveit2/install/srdfdom/share/srdfdom/local_setup.dsv
[2.799s] -- Installing: /home/ti5/ws_moveit2/install/srdfdom/share/srdfdom/package.dsv
[2.800s] -- Up-to-date: /home/ti5/ws_moveit2/install/srdfdom/share/ament_index/resource_index/packages/srdfdom
[2.801s] -- Up-to-date: /home/ti5/ws_moveit2/install/srdfdom/share/srdfdom/cmake/srdfdomTargetsExport.cmake
[2.803s] -- Up-to-date: /home/ti5/ws_moveit2/install/srdfdom/share/srdfdom/cmake/srdfdomTargetsExport-release.cmake
[2.804s] -- Up-to-date: /home/ti5/ws_moveit2/install/srdfdom/share/srdfdom/cmake/ament_cmake_export_targets-extras.cmake
[2.805s] -- Up-to-date: /home/ti5/ws_moveit2/install/srdfdom/share/srdfdom/cmake/ament_cmake_export_dependencies-extras.cmake
[2.807s] -- Up-to-date: /home/ti5/ws_moveit2/install/srdfdom/share/srdfdom/cmake/srdfdomConfig.cmake
[2.813s] -- Up-to-date: /home/ti5/ws_moveit2/install/srdfdom/share/srdfdom/cmake/srdfdomConfig-version.cmake
[2.814s] -- Up-to-date: /home/ti5/ws_moveit2/install/srdfdom/share/srdfdom/package.xml
[2.843s] Invoked command in '/home/ti5/ws_moveit2/build/srdfdom' returned '0': CMAKE_PREFIX_PATH=/opt/ros/humble /usr/bin/cmake --install /home/ti5/ws_moveit2/build/srdfdom
