[0.186s] Invoking command in '/home/ti5/ws_moveit2/build/rosparam_shortcuts': CMAKE_PREFIX_PATH=${CMAKE_PREFIX_PATH}:/home/ti5/ws_moveit2/install/moveit_configs_utils:/home/ti5/ws_moveit2/install/launch_param_builder:/opt/ros/humble /usr/bin/cmake --build /home/ti5/ws_moveit2/build/rosparam_shortcuts -- -j4 -l4
[1.296s] [ 23%] Built target rosparam_shortcuts
[1.862s] [ 38%] Built target gtest
[2.551s] [ 53%] Built target rosparam_shortcuts_node_parameters_example
[3.007s] [ 69%] Built target rosparam_shortcuts_example
[3.452s] [ 84%] Built target gtest_main
[3.920s] [100%] Built target test_node_parameters
[4.089s] Invoked command in '/home/ti5/ws_moveit2/build/rosparam_shortcuts' returned '0': CMAKE_PREFIX_PATH=${CMAKE_PREFIX_PATH}:/home/ti5/ws_moveit2/install/moveit_configs_utils:/home/ti5/ws_moveit2/install/launch_param_builder:/opt/ros/humble /usr/bin/cmake --build /home/ti5/ws_moveit2/build/rosparam_shortcuts -- -j4 -l4
[5.169s] Invoking command in '/home/ti5/ws_moveit2/build/rosparam_shortcuts': CMAKE_PREFIX_PATH=${CMAKE_PREFIX_PATH}:/home/ti5/ws_moveit2/install/moveit_configs_utils:/home/ti5/ws_moveit2/install/launch_param_builder:/opt/ros/humble /usr/bin/cmake --install /home/ti5/ws_moveit2/build/rosparam_shortcuts
[5.267s] -- Install configuration: "Release"
[5.280s] -- Up-to-date: /home/ti5/ws_moveit2/install/rosparam_shortcuts/lib/librosparam_shortcuts.so
[5.285s] -- Up-to-date: /home/ti5/ws_moveit2/install/rosparam_shortcuts/lib/rosparam_shortcuts/example
[5.296s] -- Up-to-date: /home/ti5/ws_moveit2/install/rosparam_shortcuts/lib/rosparam_shortcuts/node_parameters_example
[5.300s] -- Up-to-date: /home/ti5/ws_moveit2/install/rosparam_shortcuts/include
[5.301s] -- Up-to-date: /home/ti5/ws_moveit2/install/rosparam_shortcuts/include/rosparam_shortcuts
[5.303s] -- Up-to-date: /home/ti5/ws_moveit2/install/rosparam_shortcuts/include/rosparam_shortcuts/node_parameters.h
[5.305s] -- Up-to-date: /home/ti5/ws_moveit2/install/rosparam_shortcuts/include/rosparam_shortcuts/rosparam_shortcuts.h
[5.306s] -- Up-to-date: /home/ti5/ws_moveit2/install/rosparam_shortcuts/share/rosparam_shortcuts/launch
[5.317s] -- Up-to-date: /home/ti5/ws_moveit2/install/rosparam_shortcuts/share/rosparam_shortcuts/launch/example.launch.py
[5.317s] -- Up-to-date: /home/ti5/ws_moveit2/install/rosparam_shortcuts/share/rosparam_shortcuts/config
[5.318s] -- Up-to-date: /home/ti5/ws_moveit2/install/rosparam_shortcuts/share/rosparam_shortcuts/config/example.yaml
[5.318s] -- Up-to-date: /home/ti5/ws_moveit2/install/rosparam_shortcuts/share/rosparam_shortcuts/environment/library_path.sh
[5.319s] -- Up-to-date: /home/ti5/ws_moveit2/install/rosparam_shortcuts/share/rosparam_shortcuts/environment/library_path.dsv
[5.319s] -- Up-to-date: /home/ti5/ws_moveit2/install/rosparam_shortcuts/share/ament_index/resource_index/package_run_dependencies/rosparam_shortcuts
[5.322s] -- Up-to-date: /home/ti5/ws_moveit2/install/rosparam_shortcuts/share/ament_index/resource_index/parent_prefix_path/rosparam_shortcuts
[5.339s] -- Up-to-date: /home/ti5/ws_moveit2/install/rosparam_shortcuts/share/rosparam_shortcuts/environment/ament_prefix_path.sh
[5.351s] -- Up-to-date: /home/ti5/ws_moveit2/install/rosparam_shortcuts/share/rosparam_shortcuts/environment/ament_prefix_path.dsv
[5.353s] -- Up-to-date: /home/ti5/ws_moveit2/install/rosparam_shortcuts/share/rosparam_shortcuts/environment/path.sh
[5.356s] -- Up-to-date: /home/ti5/ws_moveit2/install/rosparam_shortcuts/share/rosparam_shortcuts/environment/path.dsv
[5.357s] -- Up-to-date: /home/ti5/ws_moveit2/install/rosparam_shortcuts/share/rosparam_shortcuts/local_setup.bash
[5.359s] -- Up-to-date: /home/ti5/ws_moveit2/install/rosparam_shortcuts/share/rosparam_shortcuts/local_setup.sh
[5.361s] -- Up-to-date: /home/ti5/ws_moveit2/install/rosparam_shortcuts/share/rosparam_shortcuts/local_setup.zsh
[5.368s] -- Up-to-date: /home/ti5/ws_moveit2/install/rosparam_shortcuts/share/rosparam_shortcuts/local_setup.dsv
[5.371s] -- Installing: /home/ti5/ws_moveit2/install/rosparam_shortcuts/share/rosparam_shortcuts/package.dsv
[5.373s] -- Up-to-date: /home/ti5/ws_moveit2/install/rosparam_shortcuts/share/ament_index/resource_index/packages/rosparam_shortcuts
[5.375s] -- Up-to-date: /home/ti5/ws_moveit2/install/rosparam_shortcuts/share/rosparam_shortcuts/cmake/export_rosparam_shortcutsExport.cmake
[5.384s] -- Up-to-date: /home/ti5/ws_moveit2/install/rosparam_shortcuts/share/rosparam_shortcuts/cmake/export_rosparam_shortcutsExport-release.cmake
[5.385s] -- Up-to-date: /home/ti5/ws_moveit2/install/rosparam_shortcuts/share/rosparam_shortcuts/cmake/ament_cmake_export_targets-extras.cmake
[5.386s] -- Up-to-date: /home/ti5/ws_moveit2/install/rosparam_shortcuts/share/rosparam_shortcuts/cmake/ament_cmake_export_dependencies-extras.cmake
[5.386s] -- Up-to-date: /home/ti5/ws_moveit2/install/rosparam_shortcuts/share/rosparam_shortcuts/cmake/rosparam_shortcutsConfig.cmake
[5.387s] -- Up-to-date: /home/ti5/ws_moveit2/install/rosparam_shortcuts/share/rosparam_shortcuts/cmake/rosparam_shortcutsConfig-version.cmake
[5.393s] -- Up-to-date: /home/ti5/ws_moveit2/install/rosparam_shortcuts/share/rosparam_shortcuts/package.xml
[5.398s] Invoked command in '/home/ti5/ws_moveit2/build/rosparam_shortcuts' returned '0': CMAKE_PREFIX_PATH=${CMAKE_PREFIX_PATH}:/home/ti5/ws_moveit2/install/moveit_configs_utils:/home/ti5/ws_moveit2/install/launch_param_builder:/opt/ros/humble /usr/bin/cmake --install /home/ti5/ws_moveit2/build/rosparam_shortcuts
