[0.147s] Invoking command in '/home/ti5/ws_moveit2/build/moveit_kinematics': AMENT_PREFIX_PATH=/home/ti5/ws_moveit2/install/moveit_ros_planning:/home/ti5/ws_moveit2/install/moveit_ros_occupancy_map_monitor:/home/ti5/ws_moveit2/install/moveit_core:/home/ti5/ws_moveit2/install/moveit_resources_panda_moveit_config:/home/ti5/ws_moveit2/install/moveit_resources_fanuc_moveit_config:/home/ti5/ws_moveit2/install/moveit_configs_utils:/home/ti5/ws_moveit2/install/srdfdom:/home/ti5/ws_moveit2/install/moveit_resources_panda_description:/home/ti5/ws_moveit2/install/moveit_resources_fanuc_description:/home/ti5/ws_moveit2/install/moveit_common:/home/ti5/ws_moveit2/install/launch_param_builder:${AMENT_PREFIX_PATH} CMAKE_PREFIX_PATH=/home/ti5/ws_moveit2/install/moveit_ros_planning:/home/ti5/ws_moveit2/install/moveit_ros_occupancy_map_monitor:/home/ti5/ws_moveit2/install/moveit_core:/home/ti5/ws_moveit2/install/moveit_resources_panda_moveit_config:/home/ti5/ws_moveit2/install/moveit_resources_fanuc_moveit_config:/home/ti5/ws_moveit2/install/srdfdom:/home/ti5/ws_moveit2/install/moveit_resources_panda_description:/home/ti5/ws_moveit2/install/moveit_resources_fanuc_description:/home/ti5/ws_moveit2/install/moveit_common:/opt/ros/humble LD_LIBRARY_PATH=/home/ti5/ws_moveit2/install/moveit_ros_planning/lib:/home/ti5/ws_moveit2/install/moveit_ros_occupancy_map_monitor/lib:/home/ti5/ws_moveit2/install/moveit_core/lib:/home/ti5/ws_moveit2/install/srdfdom/lib:${LD_LIBRARY_PATH} PATH=/home/ti5/ws_moveit2/install/moveit_core/bin:${PATH} PYTHONPATH=/home/ti5/ws_moveit2/install/moveit_configs_utils/lib/python3.10/site-packages:/home/ti5/ws_moveit2/install/srdfdom/local/lib/python3.10/dist-packages:/home/ti5/ws_moveit2/install/launch_param_builder/lib/python3.10/site-packages:${PYTHONPATH} /usr/bin/cmake --build /home/ti5/ws_moveit2/build/moveit_kinematics -- -j4 -l4
[0.720s] [ 10%] Built target moveit_cached_ik_kinematics_base
[0.745s] [ 26%] Built target moveit_kdl_kinematics_plugin
[0.776s] [ 36%] Built target moveit_srv_kinematics_plugin
[0.792s] [ 47%] Built target moveit_lma_kinematics_plugin
[1.038s] [ 57%] Built target gtest_main
[1.058s] [ 68%] Built target gtest
[1.162s] [ 78%] Built target benchmark_ik
[1.229s] [ 89%] Built target moveit_cached_ik_kinematics_plugin
[1.364s] [100%] Built target test_kinematics_plugin
[1.426s] Invoked command in '/home/ti5/ws_moveit2/build/moveit_kinematics' returned '0': AMENT_PREFIX_PATH=/home/ti5/ws_moveit2/install/moveit_ros_planning:/home/ti5/ws_moveit2/install/moveit_ros_occupancy_map_monitor:/home/ti5/ws_moveit2/install/moveit_core:/home/ti5/ws_moveit2/install/moveit_resources_panda_moveit_config:/home/ti5/ws_moveit2/install/moveit_resources_fanuc_moveit_config:/home/ti5/ws_moveit2/install/moveit_configs_utils:/home/ti5/ws_moveit2/install/srdfdom:/home/ti5/ws_moveit2/install/moveit_resources_panda_description:/home/ti5/ws_moveit2/install/moveit_resources_fanuc_description:/home/ti5/ws_moveit2/install/moveit_common:/home/ti5/ws_moveit2/install/launch_param_builder:${AMENT_PREFIX_PATH} CMAKE_PREFIX_PATH=/home/ti5/ws_moveit2/install/moveit_ros_planning:/home/ti5/ws_moveit2/install/moveit_ros_occupancy_map_monitor:/home/ti5/ws_moveit2/install/moveit_core:/home/ti5/ws_moveit2/install/moveit_resources_panda_moveit_config:/home/ti5/ws_moveit2/install/moveit_resources_fanuc_moveit_config:/home/ti5/ws_moveit2/install/srdfdom:/home/ti5/ws_moveit2/install/moveit_resources_panda_description:/home/ti5/ws_moveit2/install/moveit_resources_fanuc_description:/home/ti5/ws_moveit2/install/moveit_common:/opt/ros/humble LD_LIBRARY_PATH=/home/ti5/ws_moveit2/install/moveit_ros_planning/lib:/home/ti5/ws_moveit2/install/moveit_ros_occupancy_map_monitor/lib:/home/ti5/ws_moveit2/install/moveit_core/lib:/home/ti5/ws_moveit2/install/srdfdom/lib:${LD_LIBRARY_PATH} PATH=/home/ti5/ws_moveit2/install/moveit_core/bin:${PATH} PYTHONPATH=/home/ti5/ws_moveit2/install/moveit_configs_utils/lib/python3.10/site-packages:/home/ti5/ws_moveit2/install/srdfdom/local/lib/python3.10/dist-packages:/home/ti5/ws_moveit2/install/launch_param_builder/lib/python3.10/site-packages:${PYTHONPATH} /usr/bin/cmake --build /home/ti5/ws_moveit2/build/moveit_kinematics -- -j4 -l4
[1.869s] Invoking command in '/home/ti5/ws_moveit2/build/moveit_kinematics': AMENT_PREFIX_PATH=/home/ti5/ws_moveit2/install/moveit_ros_planning:/home/ti5/ws_moveit2/install/moveit_ros_occupancy_map_monitor:/home/ti5/ws_moveit2/install/moveit_core:/home/ti5/ws_moveit2/install/moveit_resources_panda_moveit_config:/home/ti5/ws_moveit2/install/moveit_resources_fanuc_moveit_config:/home/ti5/ws_moveit2/install/moveit_configs_utils:/home/ti5/ws_moveit2/install/srdfdom:/home/ti5/ws_moveit2/install/moveit_resources_panda_description:/home/ti5/ws_moveit2/install/moveit_resources_fanuc_description:/home/ti5/ws_moveit2/install/moveit_common:/home/ti5/ws_moveit2/install/launch_param_builder:${AMENT_PREFIX_PATH} CMAKE_PREFIX_PATH=/home/ti5/ws_moveit2/install/moveit_ros_planning:/home/ti5/ws_moveit2/install/moveit_ros_occupancy_map_monitor:/home/ti5/ws_moveit2/install/moveit_core:/home/ti5/ws_moveit2/install/moveit_resources_panda_moveit_config:/home/ti5/ws_moveit2/install/moveit_resources_fanuc_moveit_config:/home/ti5/ws_moveit2/install/srdfdom:/home/ti5/ws_moveit2/install/moveit_resources_panda_description:/home/ti5/ws_moveit2/install/moveit_resources_fanuc_description:/home/ti5/ws_moveit2/install/moveit_common:/opt/ros/humble LD_LIBRARY_PATH=/home/ti5/ws_moveit2/install/moveit_ros_planning/lib:/home/ti5/ws_moveit2/install/moveit_ros_occupancy_map_monitor/lib:/home/ti5/ws_moveit2/install/moveit_core/lib:/home/ti5/ws_moveit2/install/srdfdom/lib:${LD_LIBRARY_PATH} PATH=/home/ti5/ws_moveit2/install/moveit_core/bin:${PATH} PYTHONPATH=/home/ti5/ws_moveit2/install/moveit_configs_utils/lib/python3.10/site-packages:/home/ti5/ws_moveit2/install/srdfdom/local/lib/python3.10/dist-packages:/home/ti5/ws_moveit2/install/launch_param_builder/lib/python3.10/site-packages:${PYTHONPATH} /usr/bin/cmake --install /home/ti5/ws_moveit2/build/moveit_kinematics
[1.943s] -- Install configuration: "Release"
[1.944s] -- Up-to-date: /home/ti5/ws_moveit2/install/moveit_kinematics/share/moveit_kinematics/kdl_kinematics_plugin_description.xml
[1.945s] -- Up-to-date: /home/ti5/ws_moveit2/install/moveit_kinematics/share/moveit_kinematics/lma_kinematics_plugin_description.xml
[1.946s] -- Up-to-date: /home/ti5/ws_moveit2/install/moveit_kinematics/share/moveit_kinematics/srv_kinematics_plugin_description.xml
[1.946s] -- Up-to-date: /home/ti5/ws_moveit2/install/moveit_kinematics/share/moveit_kinematics/cached_ik_kinematics_plugin_description.xml
[1.947s] -- Up-to-date: /home/ti5/ws_moveit2/install/moveit_kinematics/include
[1.949s] -- Up-to-date: /home/ti5/ws_moveit2/install/moveit_kinematics/include/moveit
[1.950s] -- Up-to-date: /home/ti5/ws_moveit2/install/moveit_kinematics/include/moveit/cached_ik_kinematics_plugin
[1.950s] -- Up-to-date: /home/ti5/ws_moveit2/install/moveit_kinematics/include/moveit/cached_ik_kinematics_plugin/cached_ik_kinematics_plugin-inl.h
[1.951s] -- Up-to-date: /home/ti5/ws_moveit2/install/moveit_kinematics/include/moveit/cached_ik_kinematics_plugin/cached_ik_kinematics_plugin.h
[1.952s] -- Up-to-date: /home/ti5/ws_moveit2/install/moveit_kinematics/include/moveit/cached_ik_kinematics_plugin/detail
[1.953s] -- Up-to-date: /home/ti5/ws_moveit2/install/moveit_kinematics/include/moveit/cached_ik_kinematics_plugin/detail/NearestNeighbors.h
[1.953s] -- Up-to-date: /home/ti5/ws_moveit2/install/moveit_kinematics/include/moveit/cached_ik_kinematics_plugin/detail/GreedyKCenters.h
[1.954s] -- Up-to-date: /home/ti5/ws_moveit2/install/moveit_kinematics/include/moveit/cached_ik_kinematics_plugin/detail/NearestNeighborsGNAT.h
[1.954s] -- Up-to-date: /home/ti5/ws_moveit2/install/moveit_kinematics/share/moveit_kinematics/launch
[1.955s] -- Up-to-date: /home/ti5/ws_moveit2/install/moveit_kinematics/share/moveit_kinematics/launch/measure_ik_call_cost.launch
[1.958s] -- Up-to-date: /home/ti5/ws_moveit2/install/moveit_kinematics/lib/moveit_kinematics/auto_create_ikfast_moveit_plugin.sh
[1.959s] -- Up-to-date: /home/ti5/ws_moveit2/install/moveit_kinematics/lib/moveit_kinematics/create_ikfast_moveit_plugin.py
[1.959s] -- Up-to-date: /home/ti5/ws_moveit2/install/moveit_kinematics/lib/moveit_kinematics/round_collada_numbers.py
[1.960s] -- Up-to-date: /home/ti5/ws_moveit2/install/moveit_kinematics/share/moveit_kinematics/ikfast_kinematics_plugin/templates
[1.962s] -- Up-to-date: /home/ti5/ws_moveit2/install/moveit_kinematics/share/moveit_kinematics/ikfast_kinematics_plugin/templates/ikfast.h
[1.962s] -- Up-to-date: /home/ti5/ws_moveit2/install/moveit_kinematics/share/moveit_kinematics/ikfast_kinematics_plugin/templates/ikfast61_moveit_plugin_template.cpp
[1.963s] -- Up-to-date: /home/ti5/ws_moveit2/install/moveit_kinematics/share/moveit_kinematics/ikfast_kinematics_plugin/templates/CMakeLists.txt
[1.964s] -- Up-to-date: /home/ti5/ws_moveit2/install/moveit_kinematics/include
[1.964s] -- Up-to-date: /home/ti5/ws_moveit2/install/moveit_kinematics/include/moveit
[1.965s] -- Up-to-date: /home/ti5/ws_moveit2/install/moveit_kinematics/include/moveit/kdl_kinematics_plugin
[1.966s] -- Up-to-date: /home/ti5/ws_moveit2/install/moveit_kinematics/include/moveit/kdl_kinematics_plugin/joint_mimic.hpp
[1.967s] -- Up-to-date: /home/ti5/ws_moveit2/install/moveit_kinematics/include/moveit/kdl_kinematics_plugin/kdl_kinematics_plugin.h
[1.968s] -- Up-to-date: /home/ti5/ws_moveit2/install/moveit_kinematics/include/moveit/kdl_kinematics_plugin/chainiksolver_vel_mimic_svd.hpp
[1.969s] -- Up-to-date: /home/ti5/ws_moveit2/install/moveit_kinematics/include
[1.969s] -- Up-to-date: /home/ti5/ws_moveit2/install/moveit_kinematics/include/moveit
[1.970s] -- Up-to-date: /home/ti5/ws_moveit2/install/moveit_kinematics/include/moveit/lma_kinematics_plugin
[1.970s] -- Up-to-date: /home/ti5/ws_moveit2/install/moveit_kinematics/include/moveit/lma_kinematics_plugin/lma_kinematics_plugin.h
[1.972s] -- Up-to-date: /home/ti5/ws_moveit2/install/moveit_kinematics/include
[1.973s] -- Up-to-date: /home/ti5/ws_moveit2/install/moveit_kinematics/include/moveit
[1.974s] -- Up-to-date: /home/ti5/ws_moveit2/install/moveit_kinematics/include/moveit/srv_kinematics_plugin
[1.974s] -- Up-to-date: /home/ti5/ws_moveit2/install/moveit_kinematics/include/moveit/srv_kinematics_plugin/srv_kinematics_plugin.h
[1.982s] -- Up-to-date: /home/ti5/ws_moveit2/install/moveit_kinematics/share/moveit_kinematics/config
[1.984s] -- Up-to-date: /home/ti5/ws_moveit2/install/moveit_kinematics/share/moveit_kinematics/config/fanuc-kdl-singular-test.yaml
[1.985s] -- Up-to-date: /home/ti5/ws_moveit2/install/moveit_kinematics/share/moveit_kinematics/config/panda-lma-singular-test.yaml
[1.986s] -- Up-to-date: /home/ti5/ws_moveit2/install/moveit_kinematics/share/moveit_kinematics/config/panda-lma-test.yaml
[1.987s] -- Up-to-date: /home/ti5/ws_moveit2/install/moveit_kinematics/share/moveit_kinematics/config/panda-kdl-test.yaml
[1.988s] -- Up-to-date: /home/ti5/ws_moveit2/install/moveit_kinematics/share/moveit_kinematics/config/fanuc-lma-singular-test.yaml
[1.989s] -- Up-to-date: /home/ti5/ws_moveit2/install/moveit_kinematics/share/moveit_kinematics/config/panda-kdl-singular-test.yaml
[1.991s] -- Up-to-date: /home/ti5/ws_moveit2/install/moveit_kinematics/share/moveit_kinematics/config/fanuc-lma-test.yaml
[1.994s] -- Up-to-date: /home/ti5/ws_moveit2/install/moveit_kinematics/share/moveit_kinematics/config/fanuc-kdl-test.yaml
[1.994s] -- Up-to-date: /home/ti5/ws_moveit2/install/moveit_kinematics/share/moveit_kinematics/launch
[1.997s] -- Up-to-date: /home/ti5/ws_moveit2/install/moveit_kinematics/share/moveit_kinematics/launch/panda-lma.test.py
[1.998s] -- Up-to-date: /home/ti5/ws_moveit2/install/moveit_kinematics/share/moveit_kinematics/launch/panda-kdl.test.py
[1.998s] -- Up-to-date: /home/ti5/ws_moveit2/install/moveit_kinematics/share/moveit_kinematics/launch/fanuc-lma.test.py
[1.999s] -- Up-to-date: /home/ti5/ws_moveit2/install/moveit_kinematics/share/moveit_kinematics/launch/panda-kdl-singular.test.py
[2.002s] -- Up-to-date: /home/ti5/ws_moveit2/install/moveit_kinematics/share/moveit_kinematics/launch/panda-lma-singular.test.py
[2.002s] -- Up-to-date: /home/ti5/ws_moveit2/install/moveit_kinematics/share/moveit_kinematics/launch/fanuc-lma-singular.test.py
[2.009s] -- Up-to-date: /home/ti5/ws_moveit2/install/moveit_kinematics/share/moveit_kinematics/launch/fanuc-kdl-singular.test.py
[2.010s] -- Up-to-date: /home/ti5/ws_moveit2/install/moveit_kinematics/share/moveit_kinematics/launch/fanuc-kdl.test.py
[2.011s] -- Up-to-date: /home/ti5/ws_moveit2/install/moveit_kinematics/lib/moveit_kinematics/benchmark_ik
[2.016s] -- Up-to-date: /home/ti5/ws_moveit2/install/moveit_kinematics/lib/moveit_kinematics/test_kinematics_plugin
[2.021s] -- Up-to-date: /home/ti5/ws_moveit2/install/moveit_kinematics/lib/libmoveit_cached_ik_kinematics_base.so.2.5.5
[2.023s] -- Up-to-date: /home/ti5/ws_moveit2/install/moveit_kinematics/lib/libmoveit_cached_ik_kinematics_base.so
[2.029s] -- Up-to-date: /home/ti5/ws_moveit2/install/moveit_kinematics/lib/libmoveit_cached_ik_kinematics_plugin.so.2.5.5
[2.029s] -- Up-to-date: /home/ti5/ws_moveit2/install/moveit_kinematics/lib/libmoveit_cached_ik_kinematics_plugin.so
[2.031s] -- Up-to-date: /home/ti5/ws_moveit2/install/moveit_kinematics/lib/libmoveit_kdl_kinematics_plugin.so
[2.035s] -- Up-to-date: /home/ti5/ws_moveit2/install/moveit_kinematics/lib/libmoveit_lma_kinematics_plugin.so.2.5.5
[2.036s] -- Up-to-date: /home/ti5/ws_moveit2/install/moveit_kinematics/lib/libmoveit_lma_kinematics_plugin.so
[2.040s] -- Up-to-date: /home/ti5/ws_moveit2/install/moveit_kinematics/lib/libmoveit_srv_kinematics_plugin.so.2.5.5
[2.041s] -- Up-to-date: /home/ti5/ws_moveit2/install/moveit_kinematics/lib/libmoveit_srv_kinematics_plugin.so
[2.042s] -- Up-to-date: /home/ti5/ws_moveit2/install/moveit_kinematics/share/moveit_kinematics/environment/library_path.sh
[2.043s] -- Up-to-date: /home/ti5/ws_moveit2/install/moveit_kinematics/share/moveit_kinematics/environment/library_path.dsv
[2.045s] -- Up-to-date: /home/ti5/ws_moveit2/install/moveit_kinematics/share/ament_index/resource_index/package_run_dependencies/moveit_kinematics
[2.050s] -- Up-to-date: /home/ti5/ws_moveit2/install/moveit_kinematics/share/ament_index/resource_index/parent_prefix_path/moveit_kinematics
[2.050s] -- Up-to-date: /home/ti5/ws_moveit2/install/moveit_kinematics/share/moveit_kinematics/environment/ament_prefix_path.sh
[2.053s] -- Up-to-date: /home/ti5/ws_moveit2/install/moveit_kinematics/share/moveit_kinematics/environment/ament_prefix_path.dsv
[2.055s] -- Up-to-date: /home/ti5/ws_moveit2/install/moveit_kinematics/share/moveit_kinematics/environment/path.sh
[2.056s] -- Up-to-date: /home/ti5/ws_moveit2/install/moveit_kinematics/share/moveit_kinematics/environment/path.dsv
[2.076s] -- Up-to-date: /home/ti5/ws_moveit2/install/moveit_kinematics/share/moveit_kinematics/local_setup.bash
[2.078s] -- Up-to-date: /home/ti5/ws_moveit2/install/moveit_kinematics/share/moveit_kinematics/local_setup.sh
[2.079s] -- Up-to-date: /home/ti5/ws_moveit2/install/moveit_kinematics/share/moveit_kinematics/local_setup.zsh
[2.083s] -- Up-to-date: /home/ti5/ws_moveit2/install/moveit_kinematics/share/moveit_kinematics/local_setup.dsv
[2.086s] -- Installing: /home/ti5/ws_moveit2/install/moveit_kinematics/share/moveit_kinematics/package.dsv
[2.105s] -- Up-to-date: /home/ti5/ws_moveit2/install/moveit_kinematics/share/ament_index/resource_index/packages/moveit_kinematics
[2.108s] -- Up-to-date: /home/ti5/ws_moveit2/install/moveit_kinematics/share/ament_index/resource_index/moveit_core__pluginlib__plugin/moveit_kinematics
[2.108s] -- Up-to-date: /home/ti5/ws_moveit2/install/moveit_kinematics/share/moveit_kinematics/cmake/export_moveit_kinematicsExport.cmake
[2.109s] -- Up-to-date: /home/ti5/ws_moveit2/install/moveit_kinematics/share/moveit_kinematics/cmake/export_moveit_kinematicsExport-release.cmake
[2.109s] -- Up-to-date: /home/ti5/ws_moveit2/install/moveit_kinematics/share/moveit_kinematics/cmake/ConfigExtras.cmake
[2.109s] -- Up-to-date: /home/ti5/ws_moveit2/install/moveit_kinematics/share/moveit_kinematics/cmake/ament_cmake_export_targets-extras.cmake
[2.110s] -- Up-to-date: /home/ti5/ws_moveit2/install/moveit_kinematics/share/moveit_kinematics/cmake/ament_cmake_export_dependencies-extras.cmake
[2.111s] -- Up-to-date: /home/ti5/ws_moveit2/install/moveit_kinematics/share/moveit_kinematics/cmake/moveit_kinematicsConfig.cmake
[2.111s] -- Up-to-date: /home/ti5/ws_moveit2/install/moveit_kinematics/share/moveit_kinematics/cmake/moveit_kinematicsConfig-version.cmake
[2.112s] -- Up-to-date: /home/ti5/ws_moveit2/install/moveit_kinematics/share/moveit_kinematics/package.xml
[2.131s] Invoked command in '/home/ti5/ws_moveit2/build/moveit_kinematics' returned '0': AMENT_PREFIX_PATH=/home/ti5/ws_moveit2/install/moveit_ros_planning:/home/ti5/ws_moveit2/install/moveit_ros_occupancy_map_monitor:/home/ti5/ws_moveit2/install/moveit_core:/home/ti5/ws_moveit2/install/moveit_resources_panda_moveit_config:/home/ti5/ws_moveit2/install/moveit_resources_fanuc_moveit_config:/home/ti5/ws_moveit2/install/moveit_configs_utils:/home/ti5/ws_moveit2/install/srdfdom:/home/ti5/ws_moveit2/install/moveit_resources_panda_description:/home/ti5/ws_moveit2/install/moveit_resources_fanuc_description:/home/ti5/ws_moveit2/install/moveit_common:/home/ti5/ws_moveit2/install/launch_param_builder:${AMENT_PREFIX_PATH} CMAKE_PREFIX_PATH=/home/ti5/ws_moveit2/install/moveit_ros_planning:/home/ti5/ws_moveit2/install/moveit_ros_occupancy_map_monitor:/home/ti5/ws_moveit2/install/moveit_core:/home/ti5/ws_moveit2/install/moveit_resources_panda_moveit_config:/home/ti5/ws_moveit2/install/moveit_resources_fanuc_moveit_config:/home/ti5/ws_moveit2/install/srdfdom:/home/ti5/ws_moveit2/install/moveit_resources_panda_description:/home/ti5/ws_moveit2/install/moveit_resources_fanuc_description:/home/ti5/ws_moveit2/install/moveit_common:/opt/ros/humble LD_LIBRARY_PATH=/home/ti5/ws_moveit2/install/moveit_ros_planning/lib:/home/ti5/ws_moveit2/install/moveit_ros_occupancy_map_monitor/lib:/home/ti5/ws_moveit2/install/moveit_core/lib:/home/ti5/ws_moveit2/install/srdfdom/lib:${LD_LIBRARY_PATH} PATH=/home/ti5/ws_moveit2/install/moveit_core/bin:${PATH} PYTHONPATH=/home/ti5/ws_moveit2/install/moveit_configs_utils/lib/python3.10/site-packages:/home/ti5/ws_moveit2/install/srdfdom/local/lib/python3.10/dist-packages:/home/ti5/ws_moveit2/install/launch_param_builder/lib/python3.10/site-packages:${PYTHONPATH} /usr/bin/cmake --install /home/ti5/ws_moveit2/build/moveit_kinematics
