[0.187s] Invoking command in '/home/ti5/ws_moveit2/build/moveit_servo': AMENT_PREFIX_PATH=/home/ti5/ws_moveit2/install/moveit_ros_planning_interface:/home/ti5/ws_moveit2/install/moveit_ros_move_group:/home/ti5/ws_moveit2/install/moveit_ros_warehouse:/home/ti5/ws_moveit2/install/moveit_kinematics:/home/ti5/ws_moveit2/install/moveit_ros_planning:/home/ti5/ws_moveit2/install/moveit_ros_occupancy_map_monitor:/home/ti5/ws_moveit2/install/moveit_core:/home/ti5/ws_moveit2/install/moveit_resources_panda_moveit_config:/home/ti5/ws_moveit2/install/moveit_configs_utils:/home/ti5/ws_moveit2/install/srdfdom:/home/ti5/ws_moveit2/install/moveit_resources_panda_description:/home/ti5/ws_moveit2/install/moveit_common:/home/ti5/ws_moveit2/install/launch_param_builder:${AMENT_PREFIX_PATH} CMAKE_PREFIX_PATH=/home/ti5/ws_moveit2/install/moveit_ros_planning_interface:/home/ti5/ws_moveit2/install/moveit_ros_move_group:/home/ti5/ws_moveit2/install/moveit_ros_warehouse:/home/ti5/ws_moveit2/install/moveit_kinematics:/home/ti5/ws_moveit2/install/moveit_ros_planning:/home/ti5/ws_moveit2/install/moveit_ros_occupancy_map_monitor:/home/ti5/ws_moveit2/install/moveit_core:/home/ti5/ws_moveit2/install/moveit_resources_panda_moveit_config:/home/ti5/ws_moveit2/install/srdfdom:/home/ti5/ws_moveit2/install/moveit_resources_panda_description:/home/ti5/ws_moveit2/install/moveit_common:/opt/ros/humble LD_LIBRARY_PATH=/home/ti5/ws_moveit2/install/moveit_ros_planning_interface/lib:/home/ti5/ws_moveit2/install/moveit_ros_move_group/lib:/home/ti5/ws_moveit2/install/moveit_ros_warehouse/lib:/home/ti5/ws_moveit2/install/moveit_kinematics/lib:/home/ti5/ws_moveit2/install/moveit_ros_planning/lib:/home/ti5/ws_moveit2/install/moveit_ros_occupancy_map_monitor/lib:/home/ti5/ws_moveit2/install/moveit_core/lib:/home/ti5/ws_moveit2/install/srdfdom/lib:${LD_LIBRARY_PATH} PATH=/home/ti5/ws_moveit2/install/moveit_core/bin:${PATH} PYTHONPATH=/home/ti5/ws_moveit2/install/moveit_configs_utils/lib/python3.10/site-packages:/home/ti5/ws_moveit2/install/srdfdom/local/lib/python3.10/dist-packages:/home/ti5/ws_moveit2/install/launch_param_builder/lib/python3.10/site-packages:${PYTHONPATH} /usr/bin/cmake --build /home/ti5/ws_moveit2/build/moveit_servo -- -j4 -l4
[0.813s] [  6%] Built target fake_command_publisher
[0.837s] [ 12%] Built target gtest_main
[0.846s] [ 18%] Built target servo_controller_input
[1.005s] [ 27%] Built target moveit_servo_lib_parameters
[1.147s] [ 33%] Built target gtest
[1.448s] [ 39%] Built target test_servo_integration
[1.457s] [ 57%] Built target moveit_servo_lib
[1.778s] [ 63%] Built target pose_tracking
[1.805s] [ 69%] Built target test_servo_collision
[2.113s] [ 75%] Built target servo_pose_tracking_demo
[2.153s] [ 81%] Built target servo_calcs_unit_tests
[2.421s] [ 87%] Built target test_servo_pose_tracking
[2.487s] [ 93%] Built target servo_node
[2.736s] [100%] Built target servo_node_main
[2.807s] Invoked command in '/home/ti5/ws_moveit2/build/moveit_servo' returned '0': AMENT_PREFIX_PATH=/home/ti5/ws_moveit2/install/moveit_ros_planning_interface:/home/ti5/ws_moveit2/install/moveit_ros_move_group:/home/ti5/ws_moveit2/install/moveit_ros_warehouse:/home/ti5/ws_moveit2/install/moveit_kinematics:/home/ti5/ws_moveit2/install/moveit_ros_planning:/home/ti5/ws_moveit2/install/moveit_ros_occupancy_map_monitor:/home/ti5/ws_moveit2/install/moveit_core:/home/ti5/ws_moveit2/install/moveit_resources_panda_moveit_config:/home/ti5/ws_moveit2/install/moveit_configs_utils:/home/ti5/ws_moveit2/install/srdfdom:/home/ti5/ws_moveit2/install/moveit_resources_panda_description:/home/ti5/ws_moveit2/install/moveit_common:/home/ti5/ws_moveit2/install/launch_param_builder:${AMENT_PREFIX_PATH} CMAKE_PREFIX_PATH=/home/ti5/ws_moveit2/install/moveit_ros_planning_interface:/home/ti5/ws_moveit2/install/moveit_ros_move_group:/home/ti5/ws_moveit2/install/moveit_ros_warehouse:/home/ti5/ws_moveit2/install/moveit_kinematics:/home/ti5/ws_moveit2/install/moveit_ros_planning:/home/ti5/ws_moveit2/install/moveit_ros_occupancy_map_monitor:/home/ti5/ws_moveit2/install/moveit_core:/home/ti5/ws_moveit2/install/moveit_resources_panda_moveit_config:/home/ti5/ws_moveit2/install/srdfdom:/home/ti5/ws_moveit2/install/moveit_resources_panda_description:/home/ti5/ws_moveit2/install/moveit_common:/opt/ros/humble LD_LIBRARY_PATH=/home/ti5/ws_moveit2/install/moveit_ros_planning_interface/lib:/home/ti5/ws_moveit2/install/moveit_ros_move_group/lib:/home/ti5/ws_moveit2/install/moveit_ros_warehouse/lib:/home/ti5/ws_moveit2/install/moveit_kinematics/lib:/home/ti5/ws_moveit2/install/moveit_ros_planning/lib:/home/ti5/ws_moveit2/install/moveit_ros_occupancy_map_monitor/lib:/home/ti5/ws_moveit2/install/moveit_core/lib:/home/ti5/ws_moveit2/install/srdfdom/lib:${LD_LIBRARY_PATH} PATH=/home/ti5/ws_moveit2/install/moveit_core/bin:${PATH} PYTHONPATH=/home/ti5/ws_moveit2/install/moveit_configs_utils/lib/python3.10/site-packages:/home/ti5/ws_moveit2/install/srdfdom/local/lib/python3.10/dist-packages:/home/ti5/ws_moveit2/install/launch_param_builder/lib/python3.10/site-packages:${PYTHONPATH} /usr/bin/cmake --build /home/ti5/ws_moveit2/build/moveit_servo -- -j4 -l4
[3.358s] Invoking command in '/home/ti5/ws_moveit2/build/moveit_servo': AMENT_PREFIX_PATH=/home/ti5/ws_moveit2/install/moveit_ros_planning_interface:/home/ti5/ws_moveit2/install/moveit_ros_move_group:/home/ti5/ws_moveit2/install/moveit_ros_warehouse:/home/ti5/ws_moveit2/install/moveit_kinematics:/home/ti5/ws_moveit2/install/moveit_ros_planning:/home/ti5/ws_moveit2/install/moveit_ros_occupancy_map_monitor:/home/ti5/ws_moveit2/install/moveit_core:/home/ti5/ws_moveit2/install/moveit_resources_panda_moveit_config:/home/ti5/ws_moveit2/install/moveit_configs_utils:/home/ti5/ws_moveit2/install/srdfdom:/home/ti5/ws_moveit2/install/moveit_resources_panda_description:/home/ti5/ws_moveit2/install/moveit_common:/home/ti5/ws_moveit2/install/launch_param_builder:${AMENT_PREFIX_PATH} CMAKE_PREFIX_PATH=/home/ti5/ws_moveit2/install/moveit_ros_planning_interface:/home/ti5/ws_moveit2/install/moveit_ros_move_group:/home/ti5/ws_moveit2/install/moveit_ros_warehouse:/home/ti5/ws_moveit2/install/moveit_kinematics:/home/ti5/ws_moveit2/install/moveit_ros_planning:/home/ti5/ws_moveit2/install/moveit_ros_occupancy_map_monitor:/home/ti5/ws_moveit2/install/moveit_core:/home/ti5/ws_moveit2/install/moveit_resources_panda_moveit_config:/home/ti5/ws_moveit2/install/srdfdom:/home/ti5/ws_moveit2/install/moveit_resources_panda_description:/home/ti5/ws_moveit2/install/moveit_common:/opt/ros/humble LD_LIBRARY_PATH=/home/ti5/ws_moveit2/install/moveit_ros_planning_interface/lib:/home/ti5/ws_moveit2/install/moveit_ros_move_group/lib:/home/ti5/ws_moveit2/install/moveit_ros_warehouse/lib:/home/ti5/ws_moveit2/install/moveit_kinematics/lib:/home/ti5/ws_moveit2/install/moveit_ros_planning/lib:/home/ti5/ws_moveit2/install/moveit_ros_occupancy_map_monitor/lib:/home/ti5/ws_moveit2/install/moveit_core/lib:/home/ti5/ws_moveit2/install/srdfdom/lib:${LD_LIBRARY_PATH} PATH=/home/ti5/ws_moveit2/install/moveit_core/bin:${PATH} PYTHONPATH=/home/ti5/ws_moveit2/install/moveit_configs_utils/lib/python3.10/site-packages:/home/ti5/ws_moveit2/install/srdfdom/local/lib/python3.10/dist-packages:/home/ti5/ws_moveit2/install/launch_param_builder/lib/python3.10/site-packages:${PYTHONPATH} /usr/bin/cmake --install /home/ti5/ws_moveit2/build/moveit_servo
[3.402s] -- Install configuration: "Release"
[3.404s] -- Up-to-date: /home/ti5/ws_moveit2/install/moveit_servo/lib/libmoveit_servo_lib.so.2.5.5
[3.410s] -- Up-to-date: /home/ti5/ws_moveit2/install/moveit_servo/lib/libmoveit_servo_lib.so
[3.411s] -- Up-to-date: /home/ti5/ws_moveit2/install/moveit_servo/lib/libmoveit_servo_lib_parameters.so.2.5.5
[3.412s] -- Up-to-date: /home/ti5/ws_moveit2/install/moveit_servo/lib/libmoveit_servo_lib_parameters.so
[3.412s] -- Up-to-date: /home/ti5/ws_moveit2/install/moveit_servo/lib/libpose_tracking.so
[3.415s] -- Up-to-date: /home/ti5/ws_moveit2/install/moveit_servo/lib/libservo_node.so
[3.417s] -- Up-to-date: /home/ti5/ws_moveit2/install/moveit_servo/lib/libservo_controller_input.so
[3.419s] -- Up-to-date: /home/ti5/ws_moveit2/install/moveit_servo/lib/moveit_servo/servo_node_main
[3.422s] -- Up-to-date: /home/ti5/ws_moveit2/install/moveit_servo/lib/moveit_servo/servo_pose_tracking_demo
[3.425s] -- Up-to-date: /home/ti5/ws_moveit2/install/moveit_servo/lib/moveit_servo/fake_command_publisher
[3.427s] -- Up-to-date: /home/ti5/ws_moveit2/install/moveit_servo/include
[3.429s] -- Up-to-date: /home/ti5/ws_moveit2/install/moveit_servo/include/moveit_servo
[3.430s] -- Up-to-date: /home/ti5/ws_moveit2/install/moveit_servo/include/moveit_servo/servo.h
[3.431s] -- Up-to-date: /home/ti5/ws_moveit2/install/moveit_servo/include/moveit_servo/parameter_descriptor_builder.hpp
[3.431s] -- Up-to-date: /home/ti5/ws_moveit2/install/moveit_servo/include/moveit_servo/make_shared_from_pool.h
[3.433s] -- Up-to-date: /home/ti5/ws_moveit2/install/moveit_servo/include/moveit_servo/servo_server.h
[3.433s] -- Up-to-date: /home/ti5/ws_moveit2/install/moveit_servo/include/moveit_servo/status_codes.h
[3.434s] -- Up-to-date: /home/ti5/ws_moveit2/install/moveit_servo/include/moveit_servo/enforce_limits.hpp
[3.435s] -- Up-to-date: /home/ti5/ws_moveit2/install/moveit_servo/include/moveit_servo/collision_check.h
[3.437s] -- Up-to-date: /home/ti5/ws_moveit2/install/moveit_servo/include/moveit_servo/utilities.h
[3.437s] -- Up-to-date: /home/ti5/ws_moveit2/install/moveit_servo/include/moveit_servo/servo_parameters.h
[3.438s] -- Up-to-date: /home/ti5/ws_moveit2/install/moveit_servo/include/moveit_servo/pose_tracking.h
[3.439s] -- Up-to-date: /home/ti5/ws_moveit2/install/moveit_servo/include/moveit_servo/servo_calcs.h
[3.439s] -- Up-to-date: /home/ti5/ws_moveit2/install/moveit_servo/include/moveit_servo/servo_node.h
[3.440s] -- Up-to-date: /home/ti5/ws_moveit2/install/moveit_servo/share/moveit_servo/launch
[3.441s] -- Up-to-date: /home/ti5/ws_moveit2/install/moveit_servo/share/moveit_servo/launch/servo_example.launch.py
[3.442s] -- Up-to-date: /home/ti5/ws_moveit2/install/moveit_servo/share/moveit_servo/launch/pose_tracking_example.launch.py
[3.442s] -- Up-to-date: /home/ti5/ws_moveit2/install/moveit_servo/share/moveit_servo/config
[3.443s] -- Up-to-date: /home/ti5/ws_moveit2/install/moveit_servo/share/moveit_servo/config/panda_simulated_config.yaml
[3.443s] -- Up-to-date: /home/ti5/ws_moveit2/install/moveit_servo/share/moveit_servo/config/demo_rviz_pose_tracking.rviz
[3.444s] -- Up-to-date: /home/ti5/ws_moveit2/install/moveit_servo/share/moveit_servo/config/demo_rviz_config.rviz
[3.444s] -- Up-to-date: /home/ti5/ws_moveit2/install/moveit_servo/share/moveit_servo/config/pose_tracking_settings.yaml
[3.445s] -- Up-to-date: /home/ti5/ws_moveit2/install/moveit_servo/share/moveit_servo/config/panda_simulated_config_pose_tracking.yaml
[3.445s] -- Up-to-date: /home/ti5/ws_moveit2/install/moveit_servo/share/moveit_servo/environment/library_path.sh
[3.446s] -- Up-to-date: /home/ti5/ws_moveit2/install/moveit_servo/share/moveit_servo/environment/library_path.dsv
[3.446s] -- Up-to-date: /home/ti5/ws_moveit2/install/moveit_servo/share/ament_index/resource_index/package_run_dependencies/moveit_servo
[3.447s] -- Up-to-date: /home/ti5/ws_moveit2/install/moveit_servo/share/ament_index/resource_index/parent_prefix_path/moveit_servo
[3.448s] -- Up-to-date: /home/ti5/ws_moveit2/install/moveit_servo/share/moveit_servo/environment/ament_prefix_path.sh
[3.448s] -- Up-to-date: /home/ti5/ws_moveit2/install/moveit_servo/share/moveit_servo/environment/ament_prefix_path.dsv
[3.449s] -- Up-to-date: /home/ti5/ws_moveit2/install/moveit_servo/share/moveit_servo/environment/path.sh
[3.449s] -- Up-to-date: /home/ti5/ws_moveit2/install/moveit_servo/share/moveit_servo/environment/path.dsv
[3.450s] -- Up-to-date: /home/ti5/ws_moveit2/install/moveit_servo/share/moveit_servo/local_setup.bash
[3.450s] -- Up-to-date: /home/ti5/ws_moveit2/install/moveit_servo/share/moveit_servo/local_setup.sh
[3.452s] -- Up-to-date: /home/ti5/ws_moveit2/install/moveit_servo/share/moveit_servo/local_setup.zsh
[3.452s] -- Up-to-date: /home/ti5/ws_moveit2/install/moveit_servo/share/moveit_servo/local_setup.dsv
[3.453s] -- Installing: /home/ti5/ws_moveit2/install/moveit_servo/share/moveit_servo/package.dsv
[3.453s] -- Up-to-date: /home/ti5/ws_moveit2/install/moveit_servo/share/ament_index/resource_index/packages/moveit_servo
[3.454s] -- Up-to-date: /home/ti5/ws_moveit2/install/moveit_servo/share/ament_index/resource_index/rclcpp_components/moveit_servo
[3.454s] -- Up-to-date: /home/ti5/ws_moveit2/install/moveit_servo/share/moveit_servo/cmake/export_moveit_servoExport.cmake
[3.454s] -- Up-to-date: /home/ti5/ws_moveit2/install/moveit_servo/share/moveit_servo/cmake/export_moveit_servoExport-release.cmake
[3.455s] -- Up-to-date: /home/ti5/ws_moveit2/install/moveit_servo/share/moveit_servo/cmake/ament_cmake_export_targets-extras.cmake
[3.455s] -- Up-to-date: /home/ti5/ws_moveit2/install/moveit_servo/share/moveit_servo/cmake/ament_cmake_export_dependencies-extras.cmake
[3.456s] -- Up-to-date: /home/ti5/ws_moveit2/install/moveit_servo/share/moveit_servo/cmake/moveit_servoConfig.cmake
[3.456s] -- Up-to-date: /home/ti5/ws_moveit2/install/moveit_servo/share/moveit_servo/cmake/moveit_servoConfig-version.cmake
[3.457s] -- Up-to-date: /home/ti5/ws_moveit2/install/moveit_servo/share/moveit_servo/package.xml
[3.476s] Invoked command in '/home/ti5/ws_moveit2/build/moveit_servo' returned '0': AMENT_PREFIX_PATH=/home/ti5/ws_moveit2/install/moveit_ros_planning_interface:/home/ti5/ws_moveit2/install/moveit_ros_move_group:/home/ti5/ws_moveit2/install/moveit_ros_warehouse:/home/ti5/ws_moveit2/install/moveit_kinematics:/home/ti5/ws_moveit2/install/moveit_ros_planning:/home/ti5/ws_moveit2/install/moveit_ros_occupancy_map_monitor:/home/ti5/ws_moveit2/install/moveit_core:/home/ti5/ws_moveit2/install/moveit_resources_panda_moveit_config:/home/ti5/ws_moveit2/install/moveit_configs_utils:/home/ti5/ws_moveit2/install/srdfdom:/home/ti5/ws_moveit2/install/moveit_resources_panda_description:/home/ti5/ws_moveit2/install/moveit_common:/home/ti5/ws_moveit2/install/launch_param_builder:${AMENT_PREFIX_PATH} CMAKE_PREFIX_PATH=/home/ti5/ws_moveit2/install/moveit_ros_planning_interface:/home/ti5/ws_moveit2/install/moveit_ros_move_group:/home/ti5/ws_moveit2/install/moveit_ros_warehouse:/home/ti5/ws_moveit2/install/moveit_kinematics:/home/ti5/ws_moveit2/install/moveit_ros_planning:/home/ti5/ws_moveit2/install/moveit_ros_occupancy_map_monitor:/home/ti5/ws_moveit2/install/moveit_core:/home/ti5/ws_moveit2/install/moveit_resources_panda_moveit_config:/home/ti5/ws_moveit2/install/srdfdom:/home/ti5/ws_moveit2/install/moveit_resources_panda_description:/home/ti5/ws_moveit2/install/moveit_common:/opt/ros/humble LD_LIBRARY_PATH=/home/ti5/ws_moveit2/install/moveit_ros_planning_interface/lib:/home/ti5/ws_moveit2/install/moveit_ros_move_group/lib:/home/ti5/ws_moveit2/install/moveit_ros_warehouse/lib:/home/ti5/ws_moveit2/install/moveit_kinematics/lib:/home/ti5/ws_moveit2/install/moveit_ros_planning/lib:/home/ti5/ws_moveit2/install/moveit_ros_occupancy_map_monitor/lib:/home/ti5/ws_moveit2/install/moveit_core/lib:/home/ti5/ws_moveit2/install/srdfdom/lib:${LD_LIBRARY_PATH} PATH=/home/ti5/ws_moveit2/install/moveit_core/bin:${PATH} PYTHONPATH=/home/ti5/ws_moveit2/install/moveit_configs_utils/lib/python3.10/site-packages:/home/ti5/ws_moveit2/install/srdfdom/local/lib/python3.10/dist-packages:/home/ti5/ws_moveit2/install/launch_param_builder/lib/python3.10/site-packages:${PYTHONPATH} /usr/bin/cmake --install /home/ti5/ws_moveit2/build/moveit_servo
