[1.812s] Invoking command in '/home/ti5/ws_moveit2/build/moveit_resources_panda_description': CMAKE_PREFIX_PATH=${CMAKE_PREFIX_PATH}:/home/ti5/ws_moveit2/install/moveit_configs_utils:/home/ti5/ws_moveit2/install/launch_param_builder:/opt/ros/humble /usr/bin/cmake /home/ti5/ws_moveit2/moveit_resources/panda_description -DCMAKE_INSTALL_PREFIX=/home/ti5/ws_moveit2/install/moveit_resources_panda_description
[2.382s] -- The C compiler identification is GNU 11.4.0
[2.797s] -- The CXX compiler identification is GNU 11.4.0
[2.841s] -- Detecting C compiler ABI info
[3.353s] -- Detecting C compiler ABI info - done
[3.446s] -- Check for working C compiler: /usr/bin/cc - skipped
[3.447s] -- Detecting C compile features
[3.449s] -- Detecting C compile features - done
[3.469s] -- Detecting CXX compiler ABI info
[4.041s] -- Detecting CXX compiler ABI info - done
[4.097s] -- Check for working CXX compiler: /usr/bin/c++ - skipped
[4.099s] -- Detecting CXX compile features
[4.101s] -- Detecting CXX compile features - done
[4.115s] -- Found ament_cmake: 1.3.8 (/opt/ros/humble/share/ament_cmake/cmake)
[5.234s] -- Found Python3: /usr/bin/python3 (found version "3.10.12") found components: Interpreter 
[6.241s] -- Configuring done
[6.257s] -- Generating done
[6.262s] -- Build files have been written to: /home/ti5/ws_moveit2/build/moveit_resources_panda_description
[6.287s] Invoked command in '/home/ti5/ws_moveit2/build/moveit_resources_panda_description' returned '0': CMAKE_PREFIX_PATH=${CMAKE_PREFIX_PATH}:/home/ti5/ws_moveit2/install/moveit_configs_utils:/home/ti5/ws_moveit2/install/launch_param_builder:/opt/ros/humble /usr/bin/cmake /home/ti5/ws_moveit2/moveit_resources/panda_description -DCMAKE_INSTALL_PREFIX=/home/ti5/ws_moveit2/install/moveit_resources_panda_description
[6.303s] Invoking command in '/home/ti5/ws_moveit2/build/moveit_resources_panda_description': CMAKE_PREFIX_PATH=${CMAKE_PREFIX_PATH}:/home/ti5/ws_moveit2/install/moveit_configs_utils:/home/ti5/ws_moveit2/install/launch_param_builder:/opt/ros/humble /usr/bin/cmake --build /home/ti5/ws_moveit2/build/moveit_resources_panda_description -- -j4 -l4
[6.606s] Invoked command in '/home/ti5/ws_moveit2/build/moveit_resources_panda_description' returned '0': CMAKE_PREFIX_PATH=${CMAKE_PREFIX_PATH}:/home/ti5/ws_moveit2/install/moveit_configs_utils:/home/ti5/ws_moveit2/install/launch_param_builder:/opt/ros/humble /usr/bin/cmake --build /home/ti5/ws_moveit2/build/moveit_resources_panda_description -- -j4 -l4
[6.979s] Invoking command in '/home/ti5/ws_moveit2/build/moveit_resources_panda_description': CMAKE_PREFIX_PATH=${CMAKE_PREFIX_PATH}:/home/ti5/ws_moveit2/install/moveit_configs_utils:/home/ti5/ws_moveit2/install/launch_param_builder:/opt/ros/humble /usr/bin/cmake --install /home/ti5/ws_moveit2/build/moveit_resources_panda_description
[7.032s] -- Install configuration: ""
[7.034s] -- Installing: /home/ti5/ws_moveit2/install/moveit_resources_panda_description/share/ament_index/resource_index/package_run_dependencies/moveit_resources_panda_description
[7.036s] -- Installing: /home/ti5/ws_moveit2/install/moveit_resources_panda_description/share/ament_index/resource_index/parent_prefix_path/moveit_resources_panda_description
[7.038s] -- Installing: /home/ti5/ws_moveit2/install/moveit_resources_panda_description/share/moveit_resources_panda_description/environment/ament_prefix_path.sh
[7.040s] -- Installing: /home/ti5/ws_moveit2/install/moveit_resources_panda_description/share/moveit_resources_panda_description/environment/ament_prefix_path.dsv
[7.042s] -- Installing: /home/ti5/ws_moveit2/install/moveit_resources_panda_description/share/moveit_resources_panda_description/environment/path.sh
[7.044s] -- Installing: /home/ti5/ws_moveit2/install/moveit_resources_panda_description/share/moveit_resources_panda_description/environment/path.dsv
[7.046s] -- Installing: /home/ti5/ws_moveit2/install/moveit_resources_panda_description/share/moveit_resources_panda_description/local_setup.bash
[7.048s] -- Installing: /home/ti5/ws_moveit2/install/moveit_resources_panda_description/share/moveit_resources_panda_description/local_setup.sh
[7.050s] -- Installing: /home/ti5/ws_moveit2/install/moveit_resources_panda_description/share/moveit_resources_panda_description/local_setup.zsh
[7.052s] -- Installing: /home/ti5/ws_moveit2/install/moveit_resources_panda_description/share/moveit_resources_panda_description/local_setup.dsv
[7.054s] -- Installing: /home/ti5/ws_moveit2/install/moveit_resources_panda_description/share/moveit_resources_panda_description/package.dsv
[7.056s] -- Installing: /home/ti5/ws_moveit2/install/moveit_resources_panda_description/share/ament_index/resource_index/packages/moveit_resources_panda_description
[7.058s] -- Installing: /home/ti5/ws_moveit2/install/moveit_resources_panda_description/share/moveit_resources_panda_description/cmake/moveit_resources_panda_descriptionConfig.cmake
[7.059s] -- Installing: /home/ti5/ws_moveit2/install/moveit_resources_panda_description/share/moveit_resources_panda_description/cmake/moveit_resources_panda_descriptionConfig-version.cmake
[7.061s] -- Installing: /home/ti5/ws_moveit2/install/moveit_resources_panda_description/share/moveit_resources_panda_description/package.xml
[7.063s] -- Installing: /home/ti5/ws_moveit2/install/moveit_resources_panda_description/share/moveit_resources_panda_description/meshes
[7.065s] -- Installing: /home/ti5/ws_moveit2/install/moveit_resources_panda_description/share/moveit_resources_panda_description/meshes/collision
[7.066s] -- Installing: /home/ti5/ws_moveit2/install/moveit_resources_panda_description/share/moveit_resources_panda_description/meshes/collision/link2.stl
[7.069s] -- Installing: /home/ti5/ws_moveit2/install/moveit_resources_panda_description/share/moveit_resources_panda_description/meshes/collision/hand.stl
[7.071s] -- Installing: /home/ti5/ws_moveit2/install/moveit_resources_panda_description/share/moveit_resources_panda_description/meshes/collision/link0.stl
[7.073s] -- Installing: /home/ti5/ws_moveit2/install/moveit_resources_panda_description/share/moveit_resources_panda_description/meshes/collision/link6.stl
[7.076s] -- Installing: /home/ti5/ws_moveit2/install/moveit_resources_panda_description/share/moveit_resources_panda_description/meshes/collision/finger.stl
[7.078s] -- Installing: /home/ti5/ws_moveit2/install/moveit_resources_panda_description/share/moveit_resources_panda_description/meshes/collision/link4.stl
[7.082s] -- Installing: /home/ti5/ws_moveit2/install/moveit_resources_panda_description/share/moveit_resources_panda_description/meshes/collision/link3.stl
[7.085s] -- Installing: /home/ti5/ws_moveit2/install/moveit_resources_panda_description/share/moveit_resources_panda_description/meshes/collision/link7.stl
[7.088s] -- Installing: /home/ti5/ws_moveit2/install/moveit_resources_panda_description/share/moveit_resources_panda_description/meshes/collision/link1.stl
[7.090s] -- Installing: /home/ti5/ws_moveit2/install/moveit_resources_panda_description/share/moveit_resources_panda_description/meshes/collision/link5.stl
[7.092s] -- Installing: /home/ti5/ws_moveit2/install/moveit_resources_panda_description/share/moveit_resources_panda_description/meshes/visual
[7.094s] -- Installing: /home/ti5/ws_moveit2/install/moveit_resources_panda_description/share/moveit_resources_panda_description/meshes/visual/link7.dae
[7.105s] -- Installing: /home/ti5/ws_moveit2/install/moveit_resources_panda_description/share/moveit_resources_panda_description/meshes/visual/link5.dae
[7.121s] -- Installing: /home/ti5/ws_moveit2/install/moveit_resources_panda_description/share/moveit_resources_panda_description/meshes/visual/link3.dae
[7.135s] -- Installing: /home/ti5/ws_moveit2/install/moveit_resources_panda_description/share/moveit_resources_panda_description/meshes/visual/link1.dae
[7.148s] -- Installing: /home/ti5/ws_moveit2/install/moveit_resources_panda_description/share/moveit_resources_panda_description/meshes/visual/hand.dae
[7.156s] -- Installing: /home/ti5/ws_moveit2/install/moveit_resources_panda_description/share/moveit_resources_panda_description/meshes/visual/link4.dae
[7.169s] -- Installing: /home/ti5/ws_moveit2/install/moveit_resources_panda_description/share/moveit_resources_panda_description/meshes/visual/link2.dae
[7.193s] -- Installing: /home/ti5/ws_moveit2/install/moveit_resources_panda_description/share/moveit_resources_panda_description/meshes/visual/link6.dae
[7.212s] -- Installing: /home/ti5/ws_moveit2/install/moveit_resources_panda_description/share/moveit_resources_panda_description/meshes/visual/finger.dae
[7.215s] -- Installing: /home/ti5/ws_moveit2/install/moveit_resources_panda_description/share/moveit_resources_panda_description/meshes/visual/link0.dae
[7.234s] -- Installing: /home/ti5/ws_moveit2/install/moveit_resources_panda_description/share/moveit_resources_panda_description/urdf
[7.236s] -- Installing: /home/ti5/ws_moveit2/install/moveit_resources_panda_description/share/moveit_resources_panda_description/urdf/panda.urdf
[7.249s] Invoked command in '/home/ti5/ws_moveit2/build/moveit_resources_panda_description' returned '0': CMAKE_PREFIX_PATH=${CMAKE_PREFIX_PATH}:/home/ti5/ws_moveit2/install/moveit_configs_utils:/home/ti5/ws_moveit2/install/launch_param_builder:/opt/ros/humble /usr/bin/cmake --install /home/ti5/ws_moveit2/build/moveit_resources_panda_description
