[0.177s] Invoking command in '/home/ti5/ws_moveit2/build/moveit_ros_perception': AMENT_PREFIX_PATH=/home/ti5/ws_moveit2/install/moveit_ros_planning:/home/ti5/ws_moveit2/install/moveit_ros_occupancy_map_monitor:/home/ti5/ws_moveit2/install/moveit_core:/home/ti5/ws_moveit2/install/srdfdom:/home/ti5/ws_moveit2/install/moveit_common:${AMENT_PREFIX_PATH} CMAKE_PREFIX_PATH=/home/ti5/ws_moveit2/install/moveit_ros_planning:/home/ti5/ws_moveit2/install/moveit_ros_occupancy_map_monitor:/home/ti5/ws_moveit2/install/moveit_core:/home/ti5/ws_moveit2/install/srdfdom:/home/ti5/ws_moveit2/install/moveit_common:/opt/ros/humble LD_LIBRARY_PATH=/home/ti5/ws_moveit2/install/moveit_ros_planning/lib:/home/ti5/ws_moveit2/install/moveit_ros_occupancy_map_monitor/lib:/home/ti5/ws_moveit2/install/moveit_core/lib:/home/ti5/ws_moveit2/install/srdfdom/lib:${LD_LIBRARY_PATH} PATH=/home/ti5/ws_moveit2/install/moveit_core/bin:${PATH} PYTHONPATH=/home/ti5/ws_moveit2/install/srdfdom/local/lib/python3.10/dist-packages:${PYTHONPATH} /usr/bin/cmake --build /home/ti5/ws_moveit2/build/moveit_ros_perception -- -j4 -l4
[0.669s] [ 10%] Built target moveit_lazy_free_space_updater
[0.726s] [ 40%] Built target moveit_mesh_filter
[0.737s] [ 50%] Built target moveit_point_containment_filter
[0.828s] [ 60%] Built target moveit_semantic_world
[1.033s] [ 70%] Built target moveit_depth_image_octomap_updater_core
[1.049s] [ 80%] Built target moveit_pointcloud_octomap_updater_core
[1.290s] [ 90%] Built target moveit_depth_image_octomap_updater
[1.336s] [100%] Built target moveit_pointcloud_octomap_updater
[1.455s] Invoked command in '/home/ti5/ws_moveit2/build/moveit_ros_perception' returned '0': AMENT_PREFIX_PATH=/home/ti5/ws_moveit2/install/moveit_ros_planning:/home/ti5/ws_moveit2/install/moveit_ros_occupancy_map_monitor:/home/ti5/ws_moveit2/install/moveit_core:/home/ti5/ws_moveit2/install/srdfdom:/home/ti5/ws_moveit2/install/moveit_common:${AMENT_PREFIX_PATH} CMAKE_PREFIX_PATH=/home/ti5/ws_moveit2/install/moveit_ros_planning:/home/ti5/ws_moveit2/install/moveit_ros_occupancy_map_monitor:/home/ti5/ws_moveit2/install/moveit_core:/home/ti5/ws_moveit2/install/srdfdom:/home/ti5/ws_moveit2/install/moveit_common:/opt/ros/humble LD_LIBRARY_PATH=/home/ti5/ws_moveit2/install/moveit_ros_planning/lib:/home/ti5/ws_moveit2/install/moveit_ros_occupancy_map_monitor/lib:/home/ti5/ws_moveit2/install/moveit_core/lib:/home/ti5/ws_moveit2/install/srdfdom/lib:${LD_LIBRARY_PATH} PATH=/home/ti5/ws_moveit2/install/moveit_core/bin:${PATH} PYTHONPATH=/home/ti5/ws_moveit2/install/srdfdom/local/lib/python3.10/dist-packages:${PYTHONPATH} /usr/bin/cmake --build /home/ti5/ws_moveit2/build/moveit_ros_perception -- -j4 -l4
[1.600s] Invoking command in '/home/ti5/ws_moveit2/build/moveit_ros_perception': AMENT_PREFIX_PATH=/home/ti5/ws_moveit2/install/moveit_ros_planning:/home/ti5/ws_moveit2/install/moveit_ros_occupancy_map_monitor:/home/ti5/ws_moveit2/install/moveit_core:/home/ti5/ws_moveit2/install/srdfdom:/home/ti5/ws_moveit2/install/moveit_common:${AMENT_PREFIX_PATH} CMAKE_PREFIX_PATH=/home/ti5/ws_moveit2/install/moveit_ros_planning:/home/ti5/ws_moveit2/install/moveit_ros_occupancy_map_monitor:/home/ti5/ws_moveit2/install/moveit_core:/home/ti5/ws_moveit2/install/srdfdom:/home/ti5/ws_moveit2/install/moveit_common:/opt/ros/humble LD_LIBRARY_PATH=/home/ti5/ws_moveit2/install/moveit_ros_planning/lib:/home/ti5/ws_moveit2/install/moveit_ros_occupancy_map_monitor/lib:/home/ti5/ws_moveit2/install/moveit_core/lib:/home/ti5/ws_moveit2/install/srdfdom/lib:${LD_LIBRARY_PATH} PATH=/home/ti5/ws_moveit2/install/moveit_core/bin:${PATH} PYTHONPATH=/home/ti5/ws_moveit2/install/srdfdom/local/lib/python3.10/dist-packages:${PYTHONPATH} /usr/bin/cmake --install /home/ti5/ws_moveit2/build/moveit_ros_perception
[1.644s] -- Install configuration: "Release"
[1.647s] -- Up-to-date: /home/ti5/ws_moveit2/install/moveit_ros_perception/include
[1.648s] -- Up-to-date: /home/ti5/ws_moveit2/install/moveit_ros_perception/include/moveit
[1.650s] -- Up-to-date: /home/ti5/ws_moveit2/install/moveit_ros_perception/include/moveit/lazy_free_space_updater
[1.651s] -- Up-to-date: /home/ti5/ws_moveit2/install/moveit_ros_perception/include/moveit/lazy_free_space_updater/lazy_free_space_updater.h
[1.654s] -- Up-to-date: /home/ti5/ws_moveit2/install/moveit_ros_perception/include
[1.657s] -- Up-to-date: /home/ti5/ws_moveit2/install/moveit_ros_perception/include/moveit
[1.663s] -- Up-to-date: /home/ti5/ws_moveit2/install/moveit_ros_perception/include/moveit/point_containment_filter
[1.664s] -- Up-to-date: /home/ti5/ws_moveit2/install/moveit_ros_perception/include/moveit/point_containment_filter/shape_mask.h
[1.665s] -- Up-to-date: /home/ti5/ws_moveit2/install/moveit_ros_perception/include
[1.665s] -- Up-to-date: /home/ti5/ws_moveit2/install/moveit_ros_perception/include/moveit
[1.666s] -- Up-to-date: /home/ti5/ws_moveit2/install/moveit_ros_perception/include/moveit/pointcloud_octomap_updater
[1.667s] -- Up-to-date: /home/ti5/ws_moveit2/install/moveit_ros_perception/include/moveit/pointcloud_octomap_updater/pointcloud_octomap_updater.h
[1.669s] -- Up-to-date: /home/ti5/ws_moveit2/install/moveit_ros_perception/include
[1.670s] -- Up-to-date: /home/ti5/ws_moveit2/install/moveit_ros_perception/include/moveit
[1.671s] -- Up-to-date: /home/ti5/ws_moveit2/install/moveit_ros_perception/include/moveit/mesh_filter
[1.674s] -- Up-to-date: /home/ti5/ws_moveit2/install/moveit_ros_perception/include/moveit/mesh_filter/transform_provider.h
[1.674s] -- Up-to-date: /home/ti5/ws_moveit2/install/moveit_ros_perception/include/moveit/mesh_filter/stereo_camera_model.h
[1.676s] -- Up-to-date: /home/ti5/ws_moveit2/install/moveit_ros_perception/include/moveit/mesh_filter/filter_job.h
[1.676s] -- Up-to-date: /home/ti5/ws_moveit2/install/moveit_ros_perception/include/moveit/mesh_filter/sensor_model.h
[1.678s] -- Up-to-date: /home/ti5/ws_moveit2/install/moveit_ros_perception/include/moveit/mesh_filter/gl_mesh.h
[1.679s] -- Up-to-date: /home/ti5/ws_moveit2/install/moveit_ros_perception/include/moveit/mesh_filter/mesh_filter_base.h
[1.679s] -- Up-to-date: /home/ti5/ws_moveit2/install/moveit_ros_perception/include/moveit/mesh_filter/gl_renderer.h
[1.680s] -- Up-to-date: /home/ti5/ws_moveit2/install/moveit_ros_perception/include/moveit/mesh_filter/depth_self_filter_nodelet.h
[1.686s] -- Up-to-date: /home/ti5/ws_moveit2/install/moveit_ros_perception/include/moveit/mesh_filter/mesh_filter.h
[1.688s] -- Up-to-date: /home/ti5/ws_moveit2/install/moveit_ros_perception/include/moveit_mesh_filter_export.h
[1.689s] -- Up-to-date: /home/ti5/ws_moveit2/install/moveit_ros_perception/include
[1.690s] -- Up-to-date: /home/ti5/ws_moveit2/install/moveit_ros_perception/include/moveit
[1.700s] -- Up-to-date: /home/ti5/ws_moveit2/install/moveit_ros_perception/include/moveit/depth_image_octomap_updater
[1.700s] -- Up-to-date: /home/ti5/ws_moveit2/install/moveit_ros_perception/include/moveit/depth_image_octomap_updater/depth_image_octomap_updater.h
[1.702s] -- Up-to-date: /home/ti5/ws_moveit2/install/moveit_ros_perception/include
[1.703s] -- Up-to-date: /home/ti5/ws_moveit2/install/moveit_ros_perception/include/moveit
[1.704s] -- Up-to-date: /home/ti5/ws_moveit2/install/moveit_ros_perception/include/moveit/semantic_world
[1.707s] -- Up-to-date: /home/ti5/ws_moveit2/install/moveit_ros_perception/include/moveit/semantic_world/semantic_world.h
[1.708s] -- Up-to-date: /home/ti5/ws_moveit2/install/moveit_ros_perception/lib/libmoveit_depth_image_octomap_updater.so.2.5.5
[1.709s] -- Up-to-date: /home/ti5/ws_moveit2/install/moveit_ros_perception/lib/libmoveit_depth_image_octomap_updater.so
[1.712s] -- Up-to-date: /home/ti5/ws_moveit2/install/moveit_ros_perception/lib/libmoveit_depth_image_octomap_updater_core.so.2.5.5
[1.717s] -- Up-to-date: /home/ti5/ws_moveit2/install/moveit_ros_perception/lib/libmoveit_depth_image_octomap_updater_core.so
[1.719s] -- Up-to-date: /home/ti5/ws_moveit2/install/moveit_ros_perception/lib/libmoveit_lazy_free_space_updater.so.2.5.5
[1.724s] -- Up-to-date: /home/ti5/ws_moveit2/install/moveit_ros_perception/lib/libmoveit_lazy_free_space_updater.so
[1.738s] -- Up-to-date: /home/ti5/ws_moveit2/install/moveit_ros_perception/lib/libmoveit_mesh_filter.so.2.5.5
[1.741s] -- Up-to-date: /home/ti5/ws_moveit2/install/moveit_ros_perception/lib/libmoveit_mesh_filter.so
[1.746s] -- Up-to-date: /home/ti5/ws_moveit2/install/moveit_ros_perception/lib/libmoveit_point_containment_filter.so.2.5.5
[1.747s] -- Up-to-date: /home/ti5/ws_moveit2/install/moveit_ros_perception/lib/libmoveit_point_containment_filter.so
[1.748s] -- Up-to-date: /home/ti5/ws_moveit2/install/moveit_ros_perception/lib/libmoveit_pointcloud_octomap_updater.so.2.5.5
[1.748s] -- Up-to-date: /home/ti5/ws_moveit2/install/moveit_ros_perception/lib/libmoveit_pointcloud_octomap_updater.so
[1.752s] -- Up-to-date: /home/ti5/ws_moveit2/install/moveit_ros_perception/lib/libmoveit_pointcloud_octomap_updater_core.so.2.5.5
[1.753s] -- Up-to-date: /home/ti5/ws_moveit2/install/moveit_ros_perception/lib/libmoveit_pointcloud_octomap_updater_core.so
[1.756s] -- Up-to-date: /home/ti5/ws_moveit2/install/moveit_ros_perception/lib/libmoveit_semantic_world.so.2.5.5
[1.756s] -- Up-to-date: /home/ti5/ws_moveit2/install/moveit_ros_perception/lib/libmoveit_semantic_world.so
[1.757s] -- Up-to-date: /home/ti5/ws_moveit2/install/moveit_ros_perception/share/moveit_ros_perception/environment/library_path.sh
[1.758s] -- Up-to-date: /home/ti5/ws_moveit2/install/moveit_ros_perception/share/moveit_ros_perception/environment/library_path.dsv
[1.759s] -- Up-to-date: /home/ti5/ws_moveit2/install/moveit_ros_perception/share/moveit_ros_perception/pointcloud_octomap_updater_plugin_description.xml
[1.759s] -- Up-to-date: /home/ti5/ws_moveit2/install/moveit_ros_perception/share/moveit_ros_perception/depth_image_octomap_updater_plugin_description.xml
[1.762s] -- Up-to-date: /home/ti5/ws_moveit2/install/moveit_ros_perception/share/ament_index/resource_index/package_run_dependencies/moveit_ros_perception
[1.764s] -- Up-to-date: /home/ti5/ws_moveit2/install/moveit_ros_perception/share/ament_index/resource_index/parent_prefix_path/moveit_ros_perception
[1.765s] -- Up-to-date: /home/ti5/ws_moveit2/install/moveit_ros_perception/share/moveit_ros_perception/environment/ament_prefix_path.sh
[1.766s] -- Up-to-date: /home/ti5/ws_moveit2/install/moveit_ros_perception/share/moveit_ros_perception/environment/ament_prefix_path.dsv
[1.770s] -- Up-to-date: /home/ti5/ws_moveit2/install/moveit_ros_perception/share/moveit_ros_perception/environment/path.sh
[1.780s] -- Up-to-date: /home/ti5/ws_moveit2/install/moveit_ros_perception/share/moveit_ros_perception/environment/path.dsv
[1.781s] -- Up-to-date: /home/ti5/ws_moveit2/install/moveit_ros_perception/share/moveit_ros_perception/local_setup.bash
[1.784s] -- Up-to-date: /home/ti5/ws_moveit2/install/moveit_ros_perception/share/moveit_ros_perception/local_setup.sh
[1.788s] -- Up-to-date: /home/ti5/ws_moveit2/install/moveit_ros_perception/share/moveit_ros_perception/local_setup.zsh
[1.789s] -- Up-to-date: /home/ti5/ws_moveit2/install/moveit_ros_perception/share/moveit_ros_perception/local_setup.dsv
[1.791s] -- Installing: /home/ti5/ws_moveit2/install/moveit_ros_perception/share/moveit_ros_perception/package.dsv
[1.792s] -- Up-to-date: /home/ti5/ws_moveit2/install/moveit_ros_perception/share/ament_index/resource_index/packages/moveit_ros_perception
[1.793s] -- Up-to-date: /home/ti5/ws_moveit2/install/moveit_ros_perception/share/ament_index/resource_index/moveit_ros_occupancy_map_monitor__pluginlib__plugin/moveit_ros_perception
[1.801s] -- Up-to-date: /home/ti5/ws_moveit2/install/moveit_ros_perception/share/moveit_ros_perception/cmake/export_moveit_ros_perceptionExport.cmake
[1.803s] -- Up-to-date: /home/ti5/ws_moveit2/install/moveit_ros_perception/share/moveit_ros_perception/cmake/export_moveit_ros_perceptionExport-release.cmake
[1.804s] -- Up-to-date: /home/ti5/ws_moveit2/install/moveit_ros_perception/share/moveit_ros_perception/cmake/ConfigExtras.cmake
[1.805s] -- Up-to-date: /home/ti5/ws_moveit2/install/moveit_ros_perception/share/moveit_ros_perception/cmake/ament_cmake_export_targets-extras.cmake
[1.805s] -- Up-to-date: /home/ti5/ws_moveit2/install/moveit_ros_perception/share/moveit_ros_perception/cmake/ament_cmake_export_dependencies-extras.cmake
[1.806s] -- Up-to-date: /home/ti5/ws_moveit2/install/moveit_ros_perception/share/moveit_ros_perception/cmake/moveit_ros_perceptionConfig.cmake
[1.807s] -- Up-to-date: /home/ti5/ws_moveit2/install/moveit_ros_perception/share/moveit_ros_perception/cmake/moveit_ros_perceptionConfig-version.cmake
[1.807s] -- Up-to-date: /home/ti5/ws_moveit2/install/moveit_ros_perception/share/moveit_ros_perception/package.xml
[1.855s] Invoked command in '/home/ti5/ws_moveit2/build/moveit_ros_perception' returned '0': AMENT_PREFIX_PATH=/home/ti5/ws_moveit2/install/moveit_ros_planning:/home/ti5/ws_moveit2/install/moveit_ros_occupancy_map_monitor:/home/ti5/ws_moveit2/install/moveit_core:/home/ti5/ws_moveit2/install/srdfdom:/home/ti5/ws_moveit2/install/moveit_common:${AMENT_PREFIX_PATH} CMAKE_PREFIX_PATH=/home/ti5/ws_moveit2/install/moveit_ros_planning:/home/ti5/ws_moveit2/install/moveit_ros_occupancy_map_monitor:/home/ti5/ws_moveit2/install/moveit_core:/home/ti5/ws_moveit2/install/srdfdom:/home/ti5/ws_moveit2/install/moveit_common:/opt/ros/humble LD_LIBRARY_PATH=/home/ti5/ws_moveit2/install/moveit_ros_planning/lib:/home/ti5/ws_moveit2/install/moveit_ros_occupancy_map_monitor/lib:/home/ti5/ws_moveit2/install/moveit_core/lib:/home/ti5/ws_moveit2/install/srdfdom/lib:${LD_LIBRARY_PATH} PATH=/home/ti5/ws_moveit2/install/moveit_core/bin:${PATH} PYTHONPATH=/home/ti5/ws_moveit2/install/srdfdom/local/lib/python3.10/dist-packages:${PYTHONPATH} /usr/bin/cmake --install /home/ti5/ws_moveit2/build/moveit_ros_perception
