[0.138s] Invoking command in '/home/ti5/ws_moveit2/build/moveit_ros_warehouse': AMENT_PREFIX_PATH=/home/ti5/ws_moveit2/install/moveit_ros_planning:/home/ti5/ws_moveit2/install/moveit_ros_occupancy_map_monitor:/home/ti5/ws_moveit2/install/moveit_core:/home/ti5/ws_moveit2/install/srdfdom:/home/ti5/ws_moveit2/install/moveit_common:${AMENT_PREFIX_PATH} CMAKE_PREFIX_PATH=/home/ti5/ws_moveit2/install/moveit_ros_planning:/home/ti5/ws_moveit2/install/moveit_ros_occupancy_map_monitor:/home/ti5/ws_moveit2/install/moveit_core:/home/ti5/ws_moveit2/install/srdfdom:/home/ti5/ws_moveit2/install/moveit_common:/opt/ros/humble LD_LIBRARY_PATH=/home/ti5/ws_moveit2/install/moveit_ros_planning/lib:/home/ti5/ws_moveit2/install/moveit_ros_occupancy_map_monitor/lib:/home/ti5/ws_moveit2/install/moveit_core/lib:/home/ti5/ws_moveit2/install/srdfdom/lib:${LD_LIBRARY_PATH} PATH=/home/ti5/ws_moveit2/install/moveit_core/bin:${PATH} PYTHONPATH=/home/ti5/ws_moveit2/install/srdfdom/local/lib/python3.10/dist-packages:${PYTHONPATH} /usr/bin/cmake --build /home/ti5/ws_moveit2/build/moveit_ros_warehouse -- -j4 -l4
[0.789s] [ 40%] Built target moveit_warehouse
[1.224s] [ 50%] Built target moveit_warehouse_import_from_text
[1.234s] [ 60%] Built target moveit_warehouse_broadcast
[1.265s] [ 70%] Built target moveit_save_to_warehouse
[1.289s] [ 80%] Built target moveit_warehouse_save_as_text
[1.481s] [ 90%] Built target moveit_warehouse_services
[1.543s] [100%] Built target moveit_init_demo_warehouse
[1.628s] Invoked command in '/home/ti5/ws_moveit2/build/moveit_ros_warehouse' returned '0': AMENT_PREFIX_PATH=/home/ti5/ws_moveit2/install/moveit_ros_planning:/home/ti5/ws_moveit2/install/moveit_ros_occupancy_map_monitor:/home/ti5/ws_moveit2/install/moveit_core:/home/ti5/ws_moveit2/install/srdfdom:/home/ti5/ws_moveit2/install/moveit_common:${AMENT_PREFIX_PATH} CMAKE_PREFIX_PATH=/home/ti5/ws_moveit2/install/moveit_ros_planning:/home/ti5/ws_moveit2/install/moveit_ros_occupancy_map_monitor:/home/ti5/ws_moveit2/install/moveit_core:/home/ti5/ws_moveit2/install/srdfdom:/home/ti5/ws_moveit2/install/moveit_common:/opt/ros/humble LD_LIBRARY_PATH=/home/ti5/ws_moveit2/install/moveit_ros_planning/lib:/home/ti5/ws_moveit2/install/moveit_ros_occupancy_map_monitor/lib:/home/ti5/ws_moveit2/install/moveit_core/lib:/home/ti5/ws_moveit2/install/srdfdom/lib:${LD_LIBRARY_PATH} PATH=/home/ti5/ws_moveit2/install/moveit_core/bin:${PATH} PYTHONPATH=/home/ti5/ws_moveit2/install/srdfdom/local/lib/python3.10/dist-packages:${PYTHONPATH} /usr/bin/cmake --build /home/ti5/ws_moveit2/build/moveit_ros_warehouse -- -j4 -l4
[2.339s] Invoking command in '/home/ti5/ws_moveit2/build/moveit_ros_warehouse': AMENT_PREFIX_PATH=/home/ti5/ws_moveit2/install/moveit_ros_planning:/home/ti5/ws_moveit2/install/moveit_ros_occupancy_map_monitor:/home/ti5/ws_moveit2/install/moveit_core:/home/ti5/ws_moveit2/install/srdfdom:/home/ti5/ws_moveit2/install/moveit_common:${AMENT_PREFIX_PATH} CMAKE_PREFIX_PATH=/home/ti5/ws_moveit2/install/moveit_ros_planning:/home/ti5/ws_moveit2/install/moveit_ros_occupancy_map_monitor:/home/ti5/ws_moveit2/install/moveit_core:/home/ti5/ws_moveit2/install/srdfdom:/home/ti5/ws_moveit2/install/moveit_common:/opt/ros/humble LD_LIBRARY_PATH=/home/ti5/ws_moveit2/install/moveit_ros_planning/lib:/home/ti5/ws_moveit2/install/moveit_ros_occupancy_map_monitor/lib:/home/ti5/ws_moveit2/install/moveit_core/lib:/home/ti5/ws_moveit2/install/srdfdom/lib:${LD_LIBRARY_PATH} PATH=/home/ti5/ws_moveit2/install/moveit_core/bin:${PATH} PYTHONPATH=/home/ti5/ws_moveit2/install/srdfdom/local/lib/python3.10/dist-packages:${PYTHONPATH} /usr/bin/cmake --install /home/ti5/ws_moveit2/build/moveit_ros_warehouse
[2.381s] -- Install configuration: "Release"
[2.385s] -- Up-to-date: /home/ti5/ws_moveit2/install/moveit_ros_warehouse/lib/moveit_ros_warehouse/moveit_save_to_warehouse
[2.388s] -- Up-to-date: /home/ti5/ws_moveit2/install/moveit_ros_warehouse/lib/moveit_ros_warehouse/moveit_warehouse_broadcast
[2.391s] -- Up-to-date: /home/ti5/ws_moveit2/install/moveit_ros_warehouse/lib/moveit_ros_warehouse/moveit_warehouse_import_from_text
[2.394s] -- Up-to-date: /home/ti5/ws_moveit2/install/moveit_ros_warehouse/lib/moveit_ros_warehouse/moveit_warehouse_save_as_text
[2.397s] -- Up-to-date: /home/ti5/ws_moveit2/install/moveit_ros_warehouse/lib/moveit_ros_warehouse/moveit_init_demo_warehouse
[2.400s] -- Up-to-date: /home/ti5/ws_moveit2/install/moveit_ros_warehouse/lib/moveit_ros_warehouse/moveit_warehouse_services
[2.402s] -- Up-to-date: /home/ti5/ws_moveit2/install/moveit_ros_warehouse/include
[2.406s] -- Up-to-date: /home/ti5/ws_moveit2/install/moveit_ros_warehouse/include/moveit
[2.406s] -- Up-to-date: /home/ti5/ws_moveit2/install/moveit_ros_warehouse/include/moveit/warehouse
[2.412s] -- Up-to-date: /home/ti5/ws_moveit2/install/moveit_ros_warehouse/include/moveit/warehouse/state_storage.h
[2.413s] -- Up-to-date: /home/ti5/ws_moveit2/install/moveit_ros_warehouse/include/moveit/warehouse/planning_scene_world_storage.h
[2.418s] -- Up-to-date: /home/ti5/ws_moveit2/install/moveit_ros_warehouse/include/moveit/warehouse/warehouse_connector.h
[2.419s] -- Up-to-date: /home/ti5/ws_moveit2/install/moveit_ros_warehouse/include/moveit/warehouse/planning_scene_storage.h
[2.419s] -- Up-to-date: /home/ti5/ws_moveit2/install/moveit_ros_warehouse/include/moveit/warehouse/moveit_message_storage.h
[2.420s] -- Up-to-date: /home/ti5/ws_moveit2/install/moveit_ros_warehouse/include/moveit/warehouse/trajectory_constraints_storage.h
[2.421s] -- Up-to-date: /home/ti5/ws_moveit2/install/moveit_ros_warehouse/include/moveit/warehouse/constraints_storage.h
[2.422s] -- Up-to-date: /home/ti5/ws_moveit2/install/moveit_ros_warehouse/include/moveit_warehouse_export.h
[2.423s] -- Up-to-date: /home/ti5/ws_moveit2/install/moveit_ros_warehouse/lib/libmoveit_warehouse.so.2.5.5
[2.423s] -- Up-to-date: /home/ti5/ws_moveit2/install/moveit_ros_warehouse/lib/libmoveit_warehouse.so
[2.424s] -- Up-to-date: /home/ti5/ws_moveit2/install/moveit_ros_warehouse/share/moveit_ros_warehouse/environment/library_path.sh
[2.425s] -- Up-to-date: /home/ti5/ws_moveit2/install/moveit_ros_warehouse/share/moveit_ros_warehouse/environment/library_path.dsv
[2.425s] -- Up-to-date: /home/ti5/ws_moveit2/install/moveit_ros_warehouse/share/ament_index/resource_index/package_run_dependencies/moveit_ros_warehouse
[2.426s] -- Up-to-date: /home/ti5/ws_moveit2/install/moveit_ros_warehouse/share/ament_index/resource_index/parent_prefix_path/moveit_ros_warehouse
[2.426s] -- Up-to-date: /home/ti5/ws_moveit2/install/moveit_ros_warehouse/share/moveit_ros_warehouse/environment/ament_prefix_path.sh
[2.427s] -- Up-to-date: /home/ti5/ws_moveit2/install/moveit_ros_warehouse/share/moveit_ros_warehouse/environment/ament_prefix_path.dsv
[2.428s] -- Up-to-date: /home/ti5/ws_moveit2/install/moveit_ros_warehouse/share/moveit_ros_warehouse/environment/path.sh
[2.428s] -- Up-to-date: /home/ti5/ws_moveit2/install/moveit_ros_warehouse/share/moveit_ros_warehouse/environment/path.dsv
[2.429s] -- Up-to-date: /home/ti5/ws_moveit2/install/moveit_ros_warehouse/share/moveit_ros_warehouse/local_setup.bash
[2.429s] -- Up-to-date: /home/ti5/ws_moveit2/install/moveit_ros_warehouse/share/moveit_ros_warehouse/local_setup.sh
[2.433s] -- Up-to-date: /home/ti5/ws_moveit2/install/moveit_ros_warehouse/share/moveit_ros_warehouse/local_setup.zsh
[2.434s] -- Up-to-date: /home/ti5/ws_moveit2/install/moveit_ros_warehouse/share/moveit_ros_warehouse/local_setup.dsv
[2.436s] -- Installing: /home/ti5/ws_moveit2/install/moveit_ros_warehouse/share/moveit_ros_warehouse/package.dsv
[2.436s] -- Up-to-date: /home/ti5/ws_moveit2/install/moveit_ros_warehouse/share/ament_index/resource_index/packages/moveit_ros_warehouse
[2.437s] -- Up-to-date: /home/ti5/ws_moveit2/install/moveit_ros_warehouse/share/moveit_ros_warehouse/cmake/export_moveit_ros_warehouseExport.cmake
[2.438s] -- Up-to-date: /home/ti5/ws_moveit2/install/moveit_ros_warehouse/share/moveit_ros_warehouse/cmake/export_moveit_ros_warehouseExport-release.cmake
[2.445s] -- Up-to-date: /home/ti5/ws_moveit2/install/moveit_ros_warehouse/share/moveit_ros_warehouse/cmake/ConfigExtras.cmake
[2.445s] -- Up-to-date: /home/ti5/ws_moveit2/install/moveit_ros_warehouse/share/moveit_ros_warehouse/cmake/ament_cmake_export_targets-extras.cmake
[2.446s] -- Up-to-date: /home/ti5/ws_moveit2/install/moveit_ros_warehouse/share/moveit_ros_warehouse/cmake/ament_cmake_export_dependencies-extras.cmake
[2.446s] -- Up-to-date: /home/ti5/ws_moveit2/install/moveit_ros_warehouse/share/moveit_ros_warehouse/cmake/moveit_ros_warehouseConfig.cmake
[2.447s] -- Up-to-date: /home/ti5/ws_moveit2/install/moveit_ros_warehouse/share/moveit_ros_warehouse/cmake/moveit_ros_warehouseConfig-version.cmake
[2.447s] -- Up-to-date: /home/ti5/ws_moveit2/install/moveit_ros_warehouse/share/moveit_ros_warehouse/package.xml
[2.464s] Invoked command in '/home/ti5/ws_moveit2/build/moveit_ros_warehouse' returned '0': AMENT_PREFIX_PATH=/home/ti5/ws_moveit2/install/moveit_ros_planning:/home/ti5/ws_moveit2/install/moveit_ros_occupancy_map_monitor:/home/ti5/ws_moveit2/install/moveit_core:/home/ti5/ws_moveit2/install/srdfdom:/home/ti5/ws_moveit2/install/moveit_common:${AMENT_PREFIX_PATH} CMAKE_PREFIX_PATH=/home/ti5/ws_moveit2/install/moveit_ros_planning:/home/ti5/ws_moveit2/install/moveit_ros_occupancy_map_monitor:/home/ti5/ws_moveit2/install/moveit_core:/home/ti5/ws_moveit2/install/srdfdom:/home/ti5/ws_moveit2/install/moveit_common:/opt/ros/humble LD_LIBRARY_PATH=/home/ti5/ws_moveit2/install/moveit_ros_planning/lib:/home/ti5/ws_moveit2/install/moveit_ros_occupancy_map_monitor/lib:/home/ti5/ws_moveit2/install/moveit_core/lib:/home/ti5/ws_moveit2/install/srdfdom/lib:${LD_LIBRARY_PATH} PATH=/home/ti5/ws_moveit2/install/moveit_core/bin:${PATH} PYTHONPATH=/home/ti5/ws_moveit2/install/srdfdom/local/lib/python3.10/dist-packages:${PYTHONPATH} /usr/bin/cmake --install /home/ti5/ws_moveit2/build/moveit_ros_warehouse
