[0.130s] Invoking command in '/home/ti5/ws_moveit2/build/moveit_resources_fanuc_moveit_config': AMENT_PREFIX_PATH=/home/ti5/ws_moveit2/install/moveit_resources_fanuc_description:${AMENT_PREFIX_PATH} CMAKE_PREFIX_PATH=/home/ti5/ws_moveit2/install/moveit_resources_fanuc_description:/opt/ros/humble /usr/bin/cmake --build /home/ti5/ws_moveit2/build/moveit_resources_fanuc_moveit_config -- -j4 -l4
[0.333s] Invoked command in '/home/ti5/ws_moveit2/build/moveit_resources_fanuc_moveit_config' returned '0': AMENT_PREFIX_PATH=/home/ti5/ws_moveit2/install/moveit_resources_fanuc_description:${AMENT_PREFIX_PATH} CMAKE_PREFIX_PATH=/home/ti5/ws_moveit2/install/moveit_resources_fanuc_description:/opt/ros/humble /usr/bin/cmake --build /home/ti5/ws_moveit2/build/moveit_resources_fanuc_moveit_config -- -j4 -l4
[0.485s] Invoking command in '/home/ti5/ws_moveit2/build/moveit_resources_fanuc_moveit_config': AMENT_PREFIX_PATH=/home/ti5/ws_moveit2/install/moveit_resources_fanuc_description:${AMENT_PREFIX_PATH} CMAKE_PREFIX_PATH=/home/ti5/ws_moveit2/install/moveit_resources_fanuc_description:/opt/ros/humble /usr/bin/cmake --install /home/ti5/ws_moveit2/build/moveit_resources_fanuc_moveit_config
[0.538s] -- Install configuration: "Release"
[0.539s] -- Up-to-date: /home/ti5/ws_moveit2/install/moveit_resources_fanuc_moveit_config/share/ament_index/resource_index/package_run_dependencies/moveit_resources_fanuc_moveit_config
[0.540s] -- Up-to-date: /home/ti5/ws_moveit2/install/moveit_resources_fanuc_moveit_config/share/ament_index/resource_index/parent_prefix_path/moveit_resources_fanuc_moveit_config
[0.541s] -- Up-to-date: /home/ti5/ws_moveit2/install/moveit_resources_fanuc_moveit_config/share/moveit_resources_fanuc_moveit_config/environment/ament_prefix_path.sh
[0.542s] -- Up-to-date: /home/ti5/ws_moveit2/install/moveit_resources_fanuc_moveit_config/share/moveit_resources_fanuc_moveit_config/environment/ament_prefix_path.dsv
[0.543s] -- Up-to-date: /home/ti5/ws_moveit2/install/moveit_resources_fanuc_moveit_config/share/moveit_resources_fanuc_moveit_config/environment/path.sh
[0.544s] -- Up-to-date: /home/ti5/ws_moveit2/install/moveit_resources_fanuc_moveit_config/share/moveit_resources_fanuc_moveit_config/environment/path.dsv
[0.544s] -- Up-to-date: /home/ti5/ws_moveit2/install/moveit_resources_fanuc_moveit_config/share/moveit_resources_fanuc_moveit_config/local_setup.bash
[0.545s] -- Up-to-date: /home/ti5/ws_moveit2/install/moveit_resources_fanuc_moveit_config/share/moveit_resources_fanuc_moveit_config/local_setup.sh
[0.545s] -- Up-to-date: /home/ti5/ws_moveit2/install/moveit_resources_fanuc_moveit_config/share/moveit_resources_fanuc_moveit_config/local_setup.zsh
[0.546s] -- Up-to-date: /home/ti5/ws_moveit2/install/moveit_resources_fanuc_moveit_config/share/moveit_resources_fanuc_moveit_config/local_setup.dsv
[0.546s] -- Installing: /home/ti5/ws_moveit2/install/moveit_resources_fanuc_moveit_config/share/moveit_resources_fanuc_moveit_config/package.dsv
[0.548s] -- Up-to-date: /home/ti5/ws_moveit2/install/moveit_resources_fanuc_moveit_config/share/ament_index/resource_index/packages/moveit_resources_fanuc_moveit_config
[0.555s] -- Up-to-date: /home/ti5/ws_moveit2/install/moveit_resources_fanuc_moveit_config/share/moveit_resources_fanuc_moveit_config/cmake/moveit_resources_fanuc_moveit_configConfig.cmake
[0.555s] -- Up-to-date: /home/ti5/ws_moveit2/install/moveit_resources_fanuc_moveit_config/share/moveit_resources_fanuc_moveit_config/cmake/moveit_resources_fanuc_moveit_configConfig-version.cmake
[0.556s] -- Up-to-date: /home/ti5/ws_moveit2/install/moveit_resources_fanuc_moveit_config/share/moveit_resources_fanuc_moveit_config/package.xml
[0.557s] -- Up-to-date: /home/ti5/ws_moveit2/install/moveit_resources_fanuc_moveit_config/share/moveit_resources_fanuc_moveit_config/launch
[0.566s] -- Up-to-date: /home/ti5/ws_moveit2/install/moveit_resources_fanuc_moveit_config/share/moveit_resources_fanuc_moveit_config/launch/demo.launch.py
[0.566s] -- Up-to-date: /home/ti5/ws_moveit2/install/moveit_resources_fanuc_moveit_config/share/moveit_resources_fanuc_moveit_config/launch/moveit.rviz
[0.567s] -- Up-to-date: /home/ti5/ws_moveit2/install/moveit_resources_fanuc_moveit_config/share/moveit_resources_fanuc_moveit_config/config
[0.569s] -- Up-to-date: /home/ti5/ws_moveit2/install/moveit_resources_fanuc_moveit_config/share/moveit_resources_fanuc_moveit_config/config/fanuc.srdf
[0.570s] -- Up-to-date: /home/ti5/ws_moveit2/install/moveit_resources_fanuc_moveit_config/share/moveit_resources_fanuc_moveit_config/config/initial_positions.yaml
[0.571s] -- Up-to-date: /home/ti5/ws_moveit2/install/moveit_resources_fanuc_moveit_config/share/moveit_resources_fanuc_moveit_config/config/kinematics.yaml
[0.572s] -- Up-to-date: /home/ti5/ws_moveit2/install/moveit_resources_fanuc_moveit_config/share/moveit_resources_fanuc_moveit_config/config/fanuc.ros2_control.xacro
[0.572s] -- Up-to-date: /home/ti5/ws_moveit2/install/moveit_resources_fanuc_moveit_config/share/moveit_resources_fanuc_moveit_config/config/chomp_planning.yaml
[0.572s] -- Up-to-date: /home/ti5/ws_moveit2/install/moveit_resources_fanuc_moveit_config/share/moveit_resources_fanuc_moveit_config/config/joint_limits.yaml
[0.573s] -- Up-to-date: /home/ti5/ws_moveit2/install/moveit_resources_fanuc_moveit_config/share/moveit_resources_fanuc_moveit_config/config/pilz_cartesian_limits.yaml
[0.574s] -- Up-to-date: /home/ti5/ws_moveit2/install/moveit_resources_fanuc_moveit_config/share/moveit_resources_fanuc_moveit_config/config/sensors_3d.yaml
[0.574s] -- Up-to-date: /home/ti5/ws_moveit2/install/moveit_resources_fanuc_moveit_config/share/moveit_resources_fanuc_moveit_config/config/fanuc.urdf.xacro
[0.575s] -- Up-to-date: /home/ti5/ws_moveit2/install/moveit_resources_fanuc_moveit_config/share/moveit_resources_fanuc_moveit_config/config/ompl_planning.yaml
[0.575s] -- Up-to-date: /home/ti5/ws_moveit2/install/moveit_resources_fanuc_moveit_config/share/moveit_resources_fanuc_moveit_config/config/ros2_controllers.yaml
[0.576s] -- Up-to-date: /home/ti5/ws_moveit2/install/moveit_resources_fanuc_moveit_config/share/moveit_resources_fanuc_moveit_config/config/moveit_controllers.yaml
[0.584s] -- Up-to-date: /home/ti5/ws_moveit2/install/moveit_resources_fanuc_moveit_config/share/moveit_resources_fanuc_moveit_config/.setup_assistant
[0.587s] Invoked command in '/home/ti5/ws_moveit2/build/moveit_resources_fanuc_moveit_config' returned '0': AMENT_PREFIX_PATH=/home/ti5/ws_moveit2/install/moveit_resources_fanuc_description:${AMENT_PREFIX_PATH} CMAKE_PREFIX_PATH=/home/ti5/ws_moveit2/install/moveit_resources_fanuc_description:/opt/ros/humble /usr/bin/cmake --install /home/ti5/ws_moveit2/build/moveit_resources_fanuc_moveit_config
