[0.213s] Invoking command in '/home/ti5/ws_moveit2/build/srdfdom': CMAKE_PREFIX_PATH=${CMAKE_PREFIX_PATH}:/home/ti5/ws_moveit2/install/moveit_configs_utils:/home/ti5/ws_moveit2/install/launch_param_builder:/opt/ros/humble /usr/bin/cmake --build /home/ti5/ws_moveit2/build/srdfdom -- -j4 -l4
[1.806s] [ 18%] Built target gtest
[1.808s] [ 45%] Built target srdfdom
[1.808s] [ 54%] Built target ament_cmake_python_copy_srdfdom
[1.809s] [ 63%] Built target gtest_main
[1.810s] [ 81%] Built target test_cpp_C
[1.811s] [100%] Built target test_cpp_nl_NL.UTF-8
[2.272s] running egg_info
[2.273s] writing srdfdom.egg-info/PKG-INFO
[2.274s] writing dependency_links to srdfdom.egg-info/dependency_links.txt
[2.274s] writing top-level names to srdfdom.egg-info/top_level.txt
[2.292s] reading manifest file 'srdfdom.egg-info/SOURCES.txt'
[2.293s] writing manifest file 'srdfdom.egg-info/SOURCES.txt'
[2.501s] [100%] Built target ament_cmake_python_build_srdfdom_egg
[2.681s] Invoked command in '/home/ti5/ws_moveit2/build/srdfdom' returned '0': CMAKE_PREFIX_PATH=${CMAKE_PREFIX_PATH}:/home/ti5/ws_moveit2/install/moveit_configs_utils:/home/ti5/ws_moveit2/install/launch_param_builder:/opt/ros/humble /usr/bin/cmake --build /home/ti5/ws_moveit2/build/srdfdom -- -j4 -l4
[3.127s] Invoking command in '/home/ti5/ws_moveit2/build/srdfdom': CMAKE_PREFIX_PATH=${CMAKE_PREFIX_PATH}:/home/ti5/ws_moveit2/install/moveit_configs_utils:/home/ti5/ws_moveit2/install/launch_param_builder:/opt/ros/humble /usr/bin/cmake --install /home/ti5/ws_moveit2/build/srdfdom
[3.200s] -- Install configuration: ""
[3.203s] -- Up-to-date: /home/ti5/ws_moveit2/install/srdfdom/lib/libsrdfdom.so.2.0.4
[3.205s] -- Up-to-date: /home/ti5/ws_moveit2/install/srdfdom/lib/libsrdfdom.so
[3.207s] -- Up-to-date: /home/ti5/ws_moveit2/install/srdfdom/include/srdfdom
[3.209s] -- Up-to-date: /home/ti5/ws_moveit2/install/srdfdom/include/srdfdom/visibility_control.h
[3.210s] -- Up-to-date: /home/ti5/ws_moveit2/install/srdfdom/include/srdfdom/srdf_writer.h
[3.211s] -- Up-to-date: /home/ti5/ws_moveit2/install/srdfdom/include/srdfdom/model.h
[3.212s] -- Up-to-date: /home/ti5/ws_moveit2/install/srdfdom/lib/srdfdom/display_srdf
[3.212s] -- Up-to-date: /home/ti5/ws_moveit2/install/srdfdom/share/srdfdom/environment/pythonpath.sh
[3.213s] -- Up-to-date: /home/ti5/ws_moveit2/install/srdfdom/share/srdfdom/environment/pythonpath.dsv
[3.214s] -- Up-to-date: /home/ti5/ws_moveit2/install/srdfdom/local/lib/python3.10/dist-packages/srdfdom-2.0.4-py3.10.egg-info
[3.215s] -- Installing: /home/ti5/ws_moveit2/install/srdfdom/local/lib/python3.10/dist-packages/srdfdom-2.0.4-py3.10.egg-info/dependency_links.txt
[3.216s] -- Installing: /home/ti5/ws_moveit2/install/srdfdom/local/lib/python3.10/dist-packages/srdfdom-2.0.4-py3.10.egg-info/PKG-INFO
[3.217s] -- Installing: /home/ti5/ws_moveit2/install/srdfdom/local/lib/python3.10/dist-packages/srdfdom-2.0.4-py3.10.egg-info/top_level.txt
[3.217s] -- Installing: /home/ti5/ws_moveit2/install/srdfdom/local/lib/python3.10/dist-packages/srdfdom-2.0.4-py3.10.egg-info/SOURCES.txt
[3.218s] -- Up-to-date: /home/ti5/ws_moveit2/install/srdfdom/local/lib/python3.10/dist-packages/srdfdom
[3.218s] -- Up-to-date: /home/ti5/ws_moveit2/install/srdfdom/local/lib/python3.10/dist-packages/srdfdom/__init__.py
[3.219s] -- Up-to-date: /home/ti5/ws_moveit2/install/srdfdom/local/lib/python3.10/dist-packages/srdfdom/srdf.py
[3.445s] Listing '/home/ti5/ws_moveit2/install/srdfdom/local/lib/python3.10/dist-packages/srdfdom'...
[3.467s] -- Up-to-date: /home/ti5/ws_moveit2/install/srdfdom/share/srdfdom/environment/library_path.sh
[3.469s] -- Up-to-date: /home/ti5/ws_moveit2/install/srdfdom/share/srdfdom/environment/library_path.dsv
[3.470s] -- Up-to-date: /home/ti5/ws_moveit2/install/srdfdom/share/ament_index/resource_index/package_run_dependencies/srdfdom
[3.470s] -- Up-to-date: /home/ti5/ws_moveit2/install/srdfdom/share/ament_index/resource_index/parent_prefix_path/srdfdom
[3.471s] -- Up-to-date: /home/ti5/ws_moveit2/install/srdfdom/share/srdfdom/environment/ament_prefix_path.sh
[3.471s] -- Up-to-date: /home/ti5/ws_moveit2/install/srdfdom/share/srdfdom/environment/ament_prefix_path.dsv
[3.472s] -- Up-to-date: /home/ti5/ws_moveit2/install/srdfdom/share/srdfdom/environment/path.sh
[3.472s] -- Up-to-date: /home/ti5/ws_moveit2/install/srdfdom/share/srdfdom/environment/path.dsv
[3.472s] -- Up-to-date: /home/ti5/ws_moveit2/install/srdfdom/share/srdfdom/local_setup.bash
[3.473s] -- Up-to-date: /home/ti5/ws_moveit2/install/srdfdom/share/srdfdom/local_setup.sh
[3.478s] -- Up-to-date: /home/ti5/ws_moveit2/install/srdfdom/share/srdfdom/local_setup.zsh
[3.479s] -- Up-to-date: /home/ti5/ws_moveit2/install/srdfdom/share/srdfdom/local_setup.dsv
[3.479s] -- Installing: /home/ti5/ws_moveit2/install/srdfdom/share/srdfdom/package.dsv
[3.480s] -- Up-to-date: /home/ti5/ws_moveit2/install/srdfdom/share/ament_index/resource_index/packages/srdfdom
[3.481s] -- Up-to-date: /home/ti5/ws_moveit2/install/srdfdom/share/srdfdom/cmake/srdfdomTargetsExport.cmake
[3.481s] -- Up-to-date: /home/ti5/ws_moveit2/install/srdfdom/share/srdfdom/cmake/srdfdomTargetsExport-noconfig.cmake
[3.482s] -- Up-to-date: /home/ti5/ws_moveit2/install/srdfdom/share/srdfdom/cmake/ament_cmake_export_targets-extras.cmake
[3.488s] -- Up-to-date: /home/ti5/ws_moveit2/install/srdfdom/share/srdfdom/cmake/ament_cmake_export_dependencies-extras.cmake
[3.507s] -- Up-to-date: /home/ti5/ws_moveit2/install/srdfdom/share/srdfdom/cmake/srdfdomConfig.cmake
[3.508s] -- Up-to-date: /home/ti5/ws_moveit2/install/srdfdom/share/srdfdom/cmake/srdfdomConfig-version.cmake
[3.508s] -- Up-to-date: /home/ti5/ws_moveit2/install/srdfdom/share/srdfdom/package.xml
[3.530s] Invoked command in '/home/ti5/ws_moveit2/build/srdfdom' returned '0': CMAKE_PREFIX_PATH=${CMAKE_PREFIX_PATH}:/home/ti5/ws_moveit2/install/moveit_configs_utils:/home/ti5/ws_moveit2/install/launch_param_builder:/opt/ros/humble /usr/bin/cmake --install /home/ti5/ws_moveit2/build/srdfdom
