[0.213s] Invoking command in '/home/ti5/ws_moveit2/build/moveit_visual_tools': AMENT_PREFIX_PATH=/home/ti5/ws_moveit2/install/moveit_ros_planning:/home/ti5/ws_moveit2/install/moveit_ros_occupancy_map_monitor:/home/ti5/ws_moveit2/install/moveit_core:/home/ti5/ws_moveit2/install/srdfdom:/home/ti5/ws_moveit2/install/moveit_common:${AMENT_PREFIX_PATH} CMAKE_PREFIX_PATH=/home/ti5/ws_moveit2/install/moveit_ros_planning:/home/ti5/ws_moveit2/install/moveit_ros_occupancy_map_monitor:/home/ti5/ws_moveit2/install/moveit_core:/home/ti5/ws_moveit2/install/srdfdom:/home/ti5/ws_moveit2/install/moveit_common:/opt/ros/humble LD_LIBRARY_PATH=/home/ti5/ws_moveit2/install/moveit_ros_planning/lib:/home/ti5/ws_moveit2/install/moveit_ros_occupancy_map_monitor/lib:/home/ti5/ws_moveit2/install/moveit_core/lib:/home/ti5/ws_moveit2/install/srdfdom/lib:${LD_LIBRARY_PATH} PATH=/home/ti5/ws_moveit2/install/moveit_core/bin:${PATH} PYTHONPATH=/home/ti5/ws_moveit2/install/srdfdom/local/lib/python3.10/dist-packages:${PYTHONPATH} /usr/bin/cmake --build /home/ti5/ws_moveit2/build/moveit_visual_tools -- -j4 -l4
[0.739s] [ 66%] Built target moveit_visual_tools
[0.979s] [100%] Built target moveit_visual_tools_demo
[1.071s] Invoked command in '/home/ti5/ws_moveit2/build/moveit_visual_tools' returned '0': AMENT_PREFIX_PATH=/home/ti5/ws_moveit2/install/moveit_ros_planning:/home/ti5/ws_moveit2/install/moveit_ros_occupancy_map_monitor:/home/ti5/ws_moveit2/install/moveit_core:/home/ti5/ws_moveit2/install/srdfdom:/home/ti5/ws_moveit2/install/moveit_common:${AMENT_PREFIX_PATH} CMAKE_PREFIX_PATH=/home/ti5/ws_moveit2/install/moveit_ros_planning:/home/ti5/ws_moveit2/install/moveit_ros_occupancy_map_monitor:/home/ti5/ws_moveit2/install/moveit_core:/home/ti5/ws_moveit2/install/srdfdom:/home/ti5/ws_moveit2/install/moveit_common:/opt/ros/humble LD_LIBRARY_PATH=/home/ti5/ws_moveit2/install/moveit_ros_planning/lib:/home/ti5/ws_moveit2/install/moveit_ros_occupancy_map_monitor/lib:/home/ti5/ws_moveit2/install/moveit_core/lib:/home/ti5/ws_moveit2/install/srdfdom/lib:${LD_LIBRARY_PATH} PATH=/home/ti5/ws_moveit2/install/moveit_core/bin:${PATH} PYTHONPATH=/home/ti5/ws_moveit2/install/srdfdom/local/lib/python3.10/dist-packages:${PYTHONPATH} /usr/bin/cmake --build /home/ti5/ws_moveit2/build/moveit_visual_tools -- -j4 -l4
[1.338s] Invoking command in '/home/ti5/ws_moveit2/build/moveit_visual_tools': AMENT_PREFIX_PATH=/home/ti5/ws_moveit2/install/moveit_ros_planning:/home/ti5/ws_moveit2/install/moveit_ros_occupancy_map_monitor:/home/ti5/ws_moveit2/install/moveit_core:/home/ti5/ws_moveit2/install/srdfdom:/home/ti5/ws_moveit2/install/moveit_common:${AMENT_PREFIX_PATH} CMAKE_PREFIX_PATH=/home/ti5/ws_moveit2/install/moveit_ros_planning:/home/ti5/ws_moveit2/install/moveit_ros_occupancy_map_monitor:/home/ti5/ws_moveit2/install/moveit_core:/home/ti5/ws_moveit2/install/srdfdom:/home/ti5/ws_moveit2/install/moveit_common:/opt/ros/humble LD_LIBRARY_PATH=/home/ti5/ws_moveit2/install/moveit_ros_planning/lib:/home/ti5/ws_moveit2/install/moveit_ros_occupancy_map_monitor/lib:/home/ti5/ws_moveit2/install/moveit_core/lib:/home/ti5/ws_moveit2/install/srdfdom/lib:${LD_LIBRARY_PATH} PATH=/home/ti5/ws_moveit2/install/moveit_core/bin:${PATH} PYTHONPATH=/home/ti5/ws_moveit2/install/srdfdom/local/lib/python3.10/dist-packages:${PYTHONPATH} /usr/bin/cmake --install /home/ti5/ws_moveit2/build/moveit_visual_tools
[1.392s] -- Install configuration: "Release"
[1.394s] -- Up-to-date: /home/ti5/ws_moveit2/install/moveit_visual_tools/share/moveit_visual_tools/environment/library_path.sh
[1.396s] -- Up-to-date: /home/ti5/ws_moveit2/install/moveit_visual_tools/share/moveit_visual_tools/environment/library_path.dsv
[1.402s] -- Up-to-date: /home/ti5/ws_moveit2/install/moveit_visual_tools/lib/libmoveit_visual_tools.so
[1.407s] -- Up-to-date: /home/ti5/ws_moveit2/install/moveit_visual_tools/lib/moveit_visual_tools/moveit_visual_tools_demo
[1.408s] -- Up-to-date: /home/ti5/ws_moveit2/install/moveit_visual_tools/include
[1.409s] -- Up-to-date: /home/ti5/ws_moveit2/install/moveit_visual_tools/include/moveit_visual_tools
[1.410s] -- Up-to-date: /home/ti5/ws_moveit2/install/moveit_visual_tools/include/moveit_visual_tools/imarker_robot_state.h
[1.411s] -- Up-to-date: /home/ti5/ws_moveit2/install/moveit_visual_tools/include/moveit_visual_tools/imarker_end_effector.h
[1.412s] -- Up-to-date: /home/ti5/ws_moveit2/install/moveit_visual_tools/include/moveit_visual_tools/moveit_visual_tools.h
[1.415s] -- Up-to-date: /home/ti5/ws_moveit2/install/moveit_visual_tools/share/moveit_visual_tools/launch
[1.416s] -- Up-to-date: /home/ti5/ws_moveit2/install/moveit_visual_tools/share/moveit_visual_tools/launch/demo_rviz.launch.py
[1.418s] -- Up-to-date: /home/ti5/ws_moveit2/install/moveit_visual_tools/share/moveit_visual_tools/launch/demo.rviz
[1.419s] -- Up-to-date: /home/ti5/ws_moveit2/install/moveit_visual_tools/share/moveit_visual_tools/resources
[1.421s] -- Up-to-date: /home/ti5/ws_moveit2/install/moveit_visual_tools/share/moveit_visual_tools/resources/demo.png
[1.421s] -- Up-to-date: /home/ti5/ws_moveit2/install/moveit_visual_tools/share/moveit_visual_tools/resources/rrbot.urdf
[1.422s] -- Up-to-date: /home/ti5/ws_moveit2/install/moveit_visual_tools/share/moveit_visual_tools/resources/demo_mesh.stl
[1.432s] -- Up-to-date: /home/ti5/ws_moveit2/install/moveit_visual_tools/share/moveit_visual_tools/resources/screenshot.png
[1.434s] -- Up-to-date: /home/ti5/ws_moveit2/install/moveit_visual_tools/share/moveit_visual_tools/resources/rrbot.srdf
[1.435s] -- Up-to-date: /home/ti5/ws_moveit2/install/moveit_visual_tools/share/ament_index/resource_index/package_run_dependencies/moveit_visual_tools
[1.436s] -- Up-to-date: /home/ti5/ws_moveit2/install/moveit_visual_tools/share/ament_index/resource_index/parent_prefix_path/moveit_visual_tools
[1.436s] -- Up-to-date: /home/ti5/ws_moveit2/install/moveit_visual_tools/share/moveit_visual_tools/environment/ament_prefix_path.sh
[1.438s] -- Up-to-date: /home/ti5/ws_moveit2/install/moveit_visual_tools/share/moveit_visual_tools/environment/ament_prefix_path.dsv
[1.438s] -- Up-to-date: /home/ti5/ws_moveit2/install/moveit_visual_tools/share/moveit_visual_tools/environment/path.sh
[1.440s] -- Up-to-date: /home/ti5/ws_moveit2/install/moveit_visual_tools/share/moveit_visual_tools/environment/path.dsv
[1.445s] -- Up-to-date: /home/ti5/ws_moveit2/install/moveit_visual_tools/share/moveit_visual_tools/local_setup.bash
[1.447s] -- Up-to-date: /home/ti5/ws_moveit2/install/moveit_visual_tools/share/moveit_visual_tools/local_setup.sh
[1.448s] -- Up-to-date: /home/ti5/ws_moveit2/install/moveit_visual_tools/share/moveit_visual_tools/local_setup.zsh
[1.449s] -- Up-to-date: /home/ti5/ws_moveit2/install/moveit_visual_tools/share/moveit_visual_tools/local_setup.dsv
[1.449s] -- Installing: /home/ti5/ws_moveit2/install/moveit_visual_tools/share/moveit_visual_tools/package.dsv
[1.462s] -- Up-to-date: /home/ti5/ws_moveit2/install/moveit_visual_tools/share/ament_index/resource_index/packages/moveit_visual_tools
[1.463s] -- Up-to-date: /home/ti5/ws_moveit2/install/moveit_visual_tools/share/moveit_visual_tools/cmake/export_moveit_visual_toolsExport.cmake
[1.463s] -- Up-to-date: /home/ti5/ws_moveit2/install/moveit_visual_tools/share/moveit_visual_tools/cmake/export_moveit_visual_toolsExport-release.cmake
[1.467s] -- Up-to-date: /home/ti5/ws_moveit2/install/moveit_visual_tools/share/moveit_visual_tools/cmake/ament_cmake_export_targets-extras.cmake
[1.476s] -- Up-to-date: /home/ti5/ws_moveit2/install/moveit_visual_tools/share/moveit_visual_tools/cmake/ament_cmake_export_dependencies-extras.cmake
[1.477s] -- Up-to-date: /home/ti5/ws_moveit2/install/moveit_visual_tools/share/moveit_visual_tools/cmake/moveit_visual_toolsConfig.cmake
[1.479s] -- Up-to-date: /home/ti5/ws_moveit2/install/moveit_visual_tools/share/moveit_visual_tools/cmake/moveit_visual_toolsConfig-version.cmake
[1.480s] -- Up-to-date: /home/ti5/ws_moveit2/install/moveit_visual_tools/share/moveit_visual_tools/package.xml
[1.603s] Invoked command in '/home/ti5/ws_moveit2/build/moveit_visual_tools' returned '0': AMENT_PREFIX_PATH=/home/ti5/ws_moveit2/install/moveit_ros_planning:/home/ti5/ws_moveit2/install/moveit_ros_occupancy_map_monitor:/home/ti5/ws_moveit2/install/moveit_core:/home/ti5/ws_moveit2/install/srdfdom:/home/ti5/ws_moveit2/install/moveit_common:${AMENT_PREFIX_PATH} CMAKE_PREFIX_PATH=/home/ti5/ws_moveit2/install/moveit_ros_planning:/home/ti5/ws_moveit2/install/moveit_ros_occupancy_map_monitor:/home/ti5/ws_moveit2/install/moveit_core:/home/ti5/ws_moveit2/install/srdfdom:/home/ti5/ws_moveit2/install/moveit_common:/opt/ros/humble LD_LIBRARY_PATH=/home/ti5/ws_moveit2/install/moveit_ros_planning/lib:/home/ti5/ws_moveit2/install/moveit_ros_occupancy_map_monitor/lib:/home/ti5/ws_moveit2/install/moveit_core/lib:/home/ti5/ws_moveit2/install/srdfdom/lib:${LD_LIBRARY_PATH} PATH=/home/ti5/ws_moveit2/install/moveit_core/bin:${PATH} PYTHONPATH=/home/ti5/ws_moveit2/install/srdfdom/local/lib/python3.10/dist-packages:${PYTHONPATH} /usr/bin/cmake --install /home/ti5/ws_moveit2/build/moveit_visual_tools
