[4.243s] Invoking command in '/home/ti5/ws_moveit2/moveit2/moveit_configs_utils': AMENT_PREFIX_PATH=/home/ti5/ws_moveit2/install/srdfdom:/home/ti5/ws_moveit2/install/launch_param_builder:${AMENT_PREFIX_PATH} CMAKE_PREFIX_PATH=/home/ti5/ws_moveit2/install/srdfdom LD_LIBRARY_PATH=/home/ti5/ws_moveit2/install/srdfdom/lib:${LD_LIBRARY_PATH} PYTHONPATH=/home/ti5/ws_moveit2/build/moveit_configs_utils/prefix_override:/home/ti5/ws_moveit2/install/moveit_configs_utils/lib/python3.10/site-packages:/home/ti5/ws_moveit2/install/srdfdom/local/lib/python3.10/dist-packages:/home/ti5/ws_moveit2/install/launch_param_builder/lib/python3.10/site-packages:${PYTHONPATH} /usr/bin/python3 -W ignore:setup.py install is deprecated setup.py egg_info --egg-base ../../build/moveit_configs_utils build --build-base /home/ti5/ws_moveit2/build/moveit_configs_utils/build install --record /home/ti5/ws_moveit2/build/moveit_configs_utils/install.log --single-version-externally-managed install_data
[5.856s] running egg_info
[5.864s] writing ../../build/moveit_configs_utils/moveit_configs_utils.egg-info/PKG-INFO
[5.866s] writing dependency_links to ../../build/moveit_configs_utils/moveit_configs_utils.egg-info/dependency_links.txt
[5.866s] writing entry points to ../../build/moveit_configs_utils/moveit_configs_utils.egg-info/entry_points.txt
[5.867s] writing requirements to ../../build/moveit_configs_utils/moveit_configs_utils.egg-info/requires.txt
[5.868s] writing top-level names to ../../build/moveit_configs_utils/moveit_configs_utils.egg-info/top_level.txt
[5.880s] reading manifest file '../../build/moveit_configs_utils/moveit_configs_utils.egg-info/SOURCES.txt'
[5.895s] writing manifest file '../../build/moveit_configs_utils/moveit_configs_utils.egg-info/SOURCES.txt'
[5.895s] running build
[5.896s] running build_py
[5.902s] running install
[5.903s] running install_lib
[5.913s] running install_data
[5.918s] running install_egg_info
[5.926s] removing '/home/ti5/ws_moveit2/install/moveit_configs_utils/lib/python3.10/site-packages/moveit_configs_utils-2.5.5-py3.10.egg-info' (and everything under it)
[5.940s] Copying ../../build/moveit_configs_utils/moveit_configs_utils.egg-info to /home/ti5/ws_moveit2/install/moveit_configs_utils/lib/python3.10/site-packages/moveit_configs_utils-2.5.5-py3.10.egg-info
[5.947s] running install_scripts
[6.126s] writing list of installed files to '/home/ti5/ws_moveit2/build/moveit_configs_utils/install.log'
[6.261s] Invoked command in '/home/ti5/ws_moveit2/moveit2/moveit_configs_utils' returned '0': AMENT_PREFIX_PATH=/home/ti5/ws_moveit2/install/srdfdom:/home/ti5/ws_moveit2/install/launch_param_builder:${AMENT_PREFIX_PATH} CMAKE_PREFIX_PATH=/home/ti5/ws_moveit2/install/srdfdom LD_LIBRARY_PATH=/home/ti5/ws_moveit2/install/srdfdom/lib:${LD_LIBRARY_PATH} PYTHONPATH=/home/ti5/ws_moveit2/build/moveit_configs_utils/prefix_override:/home/ti5/ws_moveit2/install/moveit_configs_utils/lib/python3.10/site-packages:/home/ti5/ws_moveit2/install/srdfdom/local/lib/python3.10/dist-packages:/home/ti5/ws_moveit2/install/launch_param_builder/lib/python3.10/site-packages:${PYTHONPATH} /usr/bin/python3 -W ignore:setup.py install is deprecated setup.py egg_info --egg-base ../../build/moveit_configs_utils build --build-base /home/ti5/ws_moveit2/build/moveit_configs_utils/build install --record /home/ti5/ws_moveit2/build/moveit_configs_utils/install.log --single-version-externally-managed install_data
