[0.205s] Invoking command in '/home/ti5/ws_moveit2/build/moveit_servo': AMENT_PREFIX_PATH=/home/ti5/ws_moveit2/install/moveit_ros_planning_interface:/home/ti5/ws_moveit2/install/moveit_ros_move_group:/home/ti5/ws_moveit2/install/moveit_ros_warehouse:/home/ti5/ws_moveit2/install/moveit_kinematics:/home/ti5/ws_moveit2/install/moveit_ros_planning:/home/ti5/ws_moveit2/install/moveit_ros_occupancy_map_monitor:/home/ti5/ws_moveit2/install/moveit_core:/home/ti5/ws_moveit2/install/moveit_resources_panda_moveit_config:/home/ti5/ws_moveit2/install/moveit_configs_utils:/home/ti5/ws_moveit2/install/srdfdom:/home/ti5/ws_moveit2/install/moveit_resources_panda_description:/home/ti5/ws_moveit2/install/moveit_common:/home/ti5/ws_moveit2/install/launch_param_builder:${AMENT_PREFIX_PATH} CMAKE_PREFIX_PATH=/home/ti5/ws_moveit2/install/moveit_ros_planning_interface:/home/ti5/ws_moveit2/install/moveit_ros_move_group:/home/ti5/ws_moveit2/install/moveit_ros_warehouse:/home/ti5/ws_moveit2/install/moveit_kinematics:/home/ti5/ws_moveit2/install/moveit_ros_planning:/home/ti5/ws_moveit2/install/moveit_ros_occupancy_map_monitor:/home/ti5/ws_moveit2/install/moveit_core:/home/ti5/ws_moveit2/install/moveit_resources_panda_moveit_config:/home/ti5/ws_moveit2/install/srdfdom:/home/ti5/ws_moveit2/install/moveit_resources_panda_description:/home/ti5/ws_moveit2/install/moveit_common:/opt/ros/humble LD_LIBRARY_PATH=/home/ti5/ws_moveit2/install/moveit_ros_planning_interface/lib:/home/ti5/ws_moveit2/install/moveit_ros_move_group/lib:/home/ti5/ws_moveit2/install/moveit_ros_warehouse/lib:/home/ti5/ws_moveit2/install/moveit_kinematics/lib:/home/ti5/ws_moveit2/install/moveit_ros_planning/lib:/home/ti5/ws_moveit2/install/moveit_ros_occupancy_map_monitor/lib:/home/ti5/ws_moveit2/install/moveit_core/lib:/home/ti5/ws_moveit2/install/srdfdom/lib:${LD_LIBRARY_PATH} PATH=/home/ti5/ws_moveit2/install/moveit_core/bin:${PATH} PYTHONPATH=/home/ti5/ws_moveit2/install/moveit_configs_utils/lib/python3.10/site-packages:/home/ti5/ws_moveit2/install/srdfdom/local/lib/python3.10/dist-packages:/home/ti5/ws_moveit2/install/launch_param_builder/lib/python3.10/site-packages:${PYTHONPATH} /usr/bin/cmake --build /home/ti5/ws_moveit2/build/moveit_servo -- -j4 -l4
[0.842s] [  6%] Built target fake_command_publisher
[0.929s] [ 12%] Built target servo_controller_input
[0.988s] [ 18%] Built target gtest_main
[1.021s] [ 27%] Built target moveit_servo_lib_parameters
[1.243s] [ 33%] Built target gtest
[1.556s] [ 51%] Built target moveit_servo_lib
[1.769s] [35m[1mConsolidate compiler generated dependencies of target pose_tracking[0m
[1.842s] [ 57%] Built target test_servo_collision
[1.914s] [ 63%] Built target test_servo_integration
[2.016s] [ 69%] Built target servo_node
[2.201s] [35m[1mConsolidate compiler generated dependencies of target servo_node_main[0m
[2.336s] [ 75%] Built target pose_tracking
[2.475s] [35m[1mConsolidate compiler generated dependencies of target servo_pose_tracking_demo[0m
[2.478s] [ 81%] Built target servo_calcs_unit_tests
[2.577s] [35m[1mConsolidate compiler generated dependencies of target test_servo_pose_tracking[0m
[2.630s] [ 87%] Built target servo_node_main
[2.875s] [ 93%] Built target servo_pose_tracking_demo
[3.014s] [100%] Built target test_servo_pose_tracking
[3.113s] Invoked command in '/home/ti5/ws_moveit2/build/moveit_servo' returned '0': AMENT_PREFIX_PATH=/home/ti5/ws_moveit2/install/moveit_ros_planning_interface:/home/ti5/ws_moveit2/install/moveit_ros_move_group:/home/ti5/ws_moveit2/install/moveit_ros_warehouse:/home/ti5/ws_moveit2/install/moveit_kinematics:/home/ti5/ws_moveit2/install/moveit_ros_planning:/home/ti5/ws_moveit2/install/moveit_ros_occupancy_map_monitor:/home/ti5/ws_moveit2/install/moveit_core:/home/ti5/ws_moveit2/install/moveit_resources_panda_moveit_config:/home/ti5/ws_moveit2/install/moveit_configs_utils:/home/ti5/ws_moveit2/install/srdfdom:/home/ti5/ws_moveit2/install/moveit_resources_panda_description:/home/ti5/ws_moveit2/install/moveit_common:/home/ti5/ws_moveit2/install/launch_param_builder:${AMENT_PREFIX_PATH} CMAKE_PREFIX_PATH=/home/ti5/ws_moveit2/install/moveit_ros_planning_interface:/home/ti5/ws_moveit2/install/moveit_ros_move_group:/home/ti5/ws_moveit2/install/moveit_ros_warehouse:/home/ti5/ws_moveit2/install/moveit_kinematics:/home/ti5/ws_moveit2/install/moveit_ros_planning:/home/ti5/ws_moveit2/install/moveit_ros_occupancy_map_monitor:/home/ti5/ws_moveit2/install/moveit_core:/home/ti5/ws_moveit2/install/moveit_resources_panda_moveit_config:/home/ti5/ws_moveit2/install/srdfdom:/home/ti5/ws_moveit2/install/moveit_resources_panda_description:/home/ti5/ws_moveit2/install/moveit_common:/opt/ros/humble LD_LIBRARY_PATH=/home/ti5/ws_moveit2/install/moveit_ros_planning_interface/lib:/home/ti5/ws_moveit2/install/moveit_ros_move_group/lib:/home/ti5/ws_moveit2/install/moveit_ros_warehouse/lib:/home/ti5/ws_moveit2/install/moveit_kinematics/lib:/home/ti5/ws_moveit2/install/moveit_ros_planning/lib:/home/ti5/ws_moveit2/install/moveit_ros_occupancy_map_monitor/lib:/home/ti5/ws_moveit2/install/moveit_core/lib:/home/ti5/ws_moveit2/install/srdfdom/lib:${LD_LIBRARY_PATH} PATH=/home/ti5/ws_moveit2/install/moveit_core/bin:${PATH} PYTHONPATH=/home/ti5/ws_moveit2/install/moveit_configs_utils/lib/python3.10/site-packages:/home/ti5/ws_moveit2/install/srdfdom/local/lib/python3.10/dist-packages:/home/ti5/ws_moveit2/install/launch_param_builder/lib/python3.10/site-packages:${PYTHONPATH} /usr/bin/cmake --build /home/ti5/ws_moveit2/build/moveit_servo -- -j4 -l4
[4.278s] Invoking command in '/home/ti5/ws_moveit2/build/moveit_servo': AMENT_PREFIX_PATH=/home/ti5/ws_moveit2/install/moveit_ros_planning_interface:/home/ti5/ws_moveit2/install/moveit_ros_move_group:/home/ti5/ws_moveit2/install/moveit_ros_warehouse:/home/ti5/ws_moveit2/install/moveit_kinematics:/home/ti5/ws_moveit2/install/moveit_ros_planning:/home/ti5/ws_moveit2/install/moveit_ros_occupancy_map_monitor:/home/ti5/ws_moveit2/install/moveit_core:/home/ti5/ws_moveit2/install/moveit_resources_panda_moveit_config:/home/ti5/ws_moveit2/install/moveit_configs_utils:/home/ti5/ws_moveit2/install/srdfdom:/home/ti5/ws_moveit2/install/moveit_resources_panda_description:/home/ti5/ws_moveit2/install/moveit_common:/home/ti5/ws_moveit2/install/launch_param_builder:${AMENT_PREFIX_PATH} CMAKE_PREFIX_PATH=/home/ti5/ws_moveit2/install/moveit_ros_planning_interface:/home/ti5/ws_moveit2/install/moveit_ros_move_group:/home/ti5/ws_moveit2/install/moveit_ros_warehouse:/home/ti5/ws_moveit2/install/moveit_kinematics:/home/ti5/ws_moveit2/install/moveit_ros_planning:/home/ti5/ws_moveit2/install/moveit_ros_occupancy_map_monitor:/home/ti5/ws_moveit2/install/moveit_core:/home/ti5/ws_moveit2/install/moveit_resources_panda_moveit_config:/home/ti5/ws_moveit2/install/srdfdom:/home/ti5/ws_moveit2/install/moveit_resources_panda_description:/home/ti5/ws_moveit2/install/moveit_common:/opt/ros/humble LD_LIBRARY_PATH=/home/ti5/ws_moveit2/install/moveit_ros_planning_interface/lib:/home/ti5/ws_moveit2/install/moveit_ros_move_group/lib:/home/ti5/ws_moveit2/install/moveit_ros_warehouse/lib:/home/ti5/ws_moveit2/install/moveit_kinematics/lib:/home/ti5/ws_moveit2/install/moveit_ros_planning/lib:/home/ti5/ws_moveit2/install/moveit_ros_occupancy_map_monitor/lib:/home/ti5/ws_moveit2/install/moveit_core/lib:/home/ti5/ws_moveit2/install/srdfdom/lib:${LD_LIBRARY_PATH} PATH=/home/ti5/ws_moveit2/install/moveit_core/bin:${PATH} PYTHONPATH=/home/ti5/ws_moveit2/install/moveit_configs_utils/lib/python3.10/site-packages:/home/ti5/ws_moveit2/install/srdfdom/local/lib/python3.10/dist-packages:/home/ti5/ws_moveit2/install/launch_param_builder/lib/python3.10/site-packages:${PYTHONPATH} /usr/bin/cmake --install /home/ti5/ws_moveit2/build/moveit_servo
[4.347s] -- Install configuration: "Release"
[4.356s] -- Installing: /home/ti5/ws_moveit2/install/moveit_servo/lib/libmoveit_servo_lib.so.2.5.5
[4.396s] -- Set runtime path of "/home/ti5/ws_moveit2/install/moveit_servo/lib/libmoveit_servo_lib.so.2.5.5" to ""
[4.398s] -- Installing: /home/ti5/ws_moveit2/install/moveit_servo/lib/libmoveit_servo_lib.so
[4.399s] -- Installing: /home/ti5/ws_moveit2/install/moveit_servo/lib/libmoveit_servo_lib_parameters.so.2.5.5
[4.408s] -- Set runtime path of "/home/ti5/ws_moveit2/install/moveit_servo/lib/libmoveit_servo_lib_parameters.so.2.5.5" to ""
[4.409s] -- Installing: /home/ti5/ws_moveit2/install/moveit_servo/lib/libmoveit_servo_lib_parameters.so
[4.409s] -- Installing: /home/ti5/ws_moveit2/install/moveit_servo/lib/libpose_tracking.so
[4.422s] -- Set runtime path of "/home/ti5/ws_moveit2/install/moveit_servo/lib/libpose_tracking.so" to ""
[4.423s] -- Installing: /home/ti5/ws_moveit2/install/moveit_servo/lib/libservo_node.so
[4.434s] -- Set runtime path of "/home/ti5/ws_moveit2/install/moveit_servo/lib/libservo_node.so" to ""
[4.435s] -- Installing: /home/ti5/ws_moveit2/install/moveit_servo/lib/libservo_controller_input.so
[4.452s] -- Set runtime path of "/home/ti5/ws_moveit2/install/moveit_servo/lib/libservo_controller_input.so" to ""
[4.453s] -- Installing: /home/ti5/ws_moveit2/install/moveit_servo/lib/moveit_servo/servo_node_main
[4.457s] -- Set runtime path of "/home/ti5/ws_moveit2/install/moveit_servo/lib/moveit_servo/servo_node_main" to ""
[4.459s] -- Installing: /home/ti5/ws_moveit2/install/moveit_servo/lib/moveit_servo/servo_pose_tracking_demo
[4.470s] -- Set runtime path of "/home/ti5/ws_moveit2/install/moveit_servo/lib/moveit_servo/servo_pose_tracking_demo" to ""
[4.471s] -- Installing: /home/ti5/ws_moveit2/install/moveit_servo/lib/moveit_servo/fake_command_publisher
[4.486s] -- Set runtime path of "/home/ti5/ws_moveit2/install/moveit_servo/lib/moveit_servo/fake_command_publisher" to ""
[4.487s] -- Installing: /home/ti5/ws_moveit2/install/moveit_servo/include
[4.487s] -- Installing: /home/ti5/ws_moveit2/install/moveit_servo/include/moveit_servo
[4.488s] -- Installing: /home/ti5/ws_moveit2/install/moveit_servo/include/moveit_servo/servo.h
[4.488s] -- Installing: /home/ti5/ws_moveit2/install/moveit_servo/include/moveit_servo/parameter_descriptor_builder.hpp
[4.489s] -- Installing: /home/ti5/ws_moveit2/install/moveit_servo/include/moveit_servo/make_shared_from_pool.h
[4.491s] -- Installing: /home/ti5/ws_moveit2/install/moveit_servo/include/moveit_servo/servo_server.h
[4.509s] -- Installing: /home/ti5/ws_moveit2/install/moveit_servo/include/moveit_servo/status_codes.h
[4.510s] -- Installing: /home/ti5/ws_moveit2/install/moveit_servo/include/moveit_servo/enforce_limits.hpp
[4.511s] -- Installing: /home/ti5/ws_moveit2/install/moveit_servo/include/moveit_servo/collision_check.h
[4.512s] -- Installing: /home/ti5/ws_moveit2/install/moveit_servo/include/moveit_servo/utilities.h
[4.512s] -- Installing: /home/ti5/ws_moveit2/install/moveit_servo/include/moveit_servo/servo_parameters.h
[4.513s] -- Installing: /home/ti5/ws_moveit2/install/moveit_servo/include/moveit_servo/pose_tracking.h
[4.514s] -- Installing: /home/ti5/ws_moveit2/install/moveit_servo/include/moveit_servo/servo_calcs.h
[4.515s] -- Installing: /home/ti5/ws_moveit2/install/moveit_servo/include/moveit_servo/servo_node.h
[4.516s] -- Installing: /home/ti5/ws_moveit2/install/moveit_servo/share/moveit_servo/launch
[4.518s] -- Installing: /home/ti5/ws_moveit2/install/moveit_servo/share/moveit_servo/launch/servo_example.launch.py
[4.523s] -- Installing: /home/ti5/ws_moveit2/install/moveit_servo/share/moveit_servo/launch/pose_tracking_example.launch.py
[4.525s] -- Installing: /home/ti5/ws_moveit2/install/moveit_servo/share/moveit_servo/config
[4.526s] -- Installing: /home/ti5/ws_moveit2/install/moveit_servo/share/moveit_servo/config/panda_simulated_config.yaml
[4.532s] -- Installing: /home/ti5/ws_moveit2/install/moveit_servo/share/moveit_servo/config/demo_rviz_pose_tracking.rviz
[4.534s] -- Installing: /home/ti5/ws_moveit2/install/moveit_servo/share/moveit_servo/config/demo_rviz_config.rviz
[4.536s] -- Installing: /home/ti5/ws_moveit2/install/moveit_servo/share/moveit_servo/config/pose_tracking_settings.yaml
[4.541s] -- Installing: /home/ti5/ws_moveit2/install/moveit_servo/share/moveit_servo/config/panda_simulated_config_pose_tracking.yaml
[4.546s] -- Installing: /home/ti5/ws_moveit2/install/moveit_servo/share/moveit_servo/environment/library_path.sh
[4.547s] -- Installing: /home/ti5/ws_moveit2/install/moveit_servo/share/moveit_servo/environment/library_path.dsv
[4.556s] -- Installing: /home/ti5/ws_moveit2/install/moveit_servo/share/ament_index/resource_index/package_run_dependencies/moveit_servo
[4.557s] -- Installing: /home/ti5/ws_moveit2/install/moveit_servo/share/ament_index/resource_index/parent_prefix_path/moveit_servo
[4.558s] -- Installing: /home/ti5/ws_moveit2/install/moveit_servo/share/moveit_servo/environment/ament_prefix_path.sh
[4.559s] -- Installing: /home/ti5/ws_moveit2/install/moveit_servo/share/moveit_servo/environment/ament_prefix_path.dsv
[4.561s] -- Installing: /home/ti5/ws_moveit2/install/moveit_servo/share/moveit_servo/environment/path.sh
[4.562s] -- Installing: /home/ti5/ws_moveit2/install/moveit_servo/share/moveit_servo/environment/path.dsv
[4.563s] -- Installing: /home/ti5/ws_moveit2/install/moveit_servo/share/moveit_servo/local_setup.bash
[4.564s] -- Installing: /home/ti5/ws_moveit2/install/moveit_servo/share/moveit_servo/local_setup.sh
[4.565s] -- Installing: /home/ti5/ws_moveit2/install/moveit_servo/share/moveit_servo/local_setup.zsh
[4.567s] -- Installing: /home/ti5/ws_moveit2/install/moveit_servo/share/moveit_servo/local_setup.dsv
[4.568s] -- Installing: /home/ti5/ws_moveit2/install/moveit_servo/share/moveit_servo/package.dsv
[4.569s] -- Installing: /home/ti5/ws_moveit2/install/moveit_servo/share/ament_index/resource_index/packages/moveit_servo
[4.570s] -- Installing: /home/ti5/ws_moveit2/install/moveit_servo/share/ament_index/resource_index/rclcpp_components/moveit_servo
[4.572s] -- Installing: /home/ti5/ws_moveit2/install/moveit_servo/share/moveit_servo/cmake/export_moveit_servoExport.cmake
[4.577s] -- Installing: /home/ti5/ws_moveit2/install/moveit_servo/share/moveit_servo/cmake/export_moveit_servoExport-release.cmake
[4.578s] -- Installing: /home/ti5/ws_moveit2/install/moveit_servo/share/moveit_servo/cmake/ament_cmake_export_targets-extras.cmake
[4.579s] -- Installing: /home/ti5/ws_moveit2/install/moveit_servo/share/moveit_servo/cmake/ament_cmake_export_dependencies-extras.cmake
[4.581s] -- Installing: /home/ti5/ws_moveit2/install/moveit_servo/share/moveit_servo/cmake/moveit_servoConfig.cmake
[4.582s] -- Installing: /home/ti5/ws_moveit2/install/moveit_servo/share/moveit_servo/cmake/moveit_servoConfig-version.cmake
[4.583s] -- Installing: /home/ti5/ws_moveit2/install/moveit_servo/share/moveit_servo/package.xml
[4.595s] Invoked command in '/home/ti5/ws_moveit2/build/moveit_servo' returned '0': AMENT_PREFIX_PATH=/home/ti5/ws_moveit2/install/moveit_ros_planning_interface:/home/ti5/ws_moveit2/install/moveit_ros_move_group:/home/ti5/ws_moveit2/install/moveit_ros_warehouse:/home/ti5/ws_moveit2/install/moveit_kinematics:/home/ti5/ws_moveit2/install/moveit_ros_planning:/home/ti5/ws_moveit2/install/moveit_ros_occupancy_map_monitor:/home/ti5/ws_moveit2/install/moveit_core:/home/ti5/ws_moveit2/install/moveit_resources_panda_moveit_config:/home/ti5/ws_moveit2/install/moveit_configs_utils:/home/ti5/ws_moveit2/install/srdfdom:/home/ti5/ws_moveit2/install/moveit_resources_panda_description:/home/ti5/ws_moveit2/install/moveit_common:/home/ti5/ws_moveit2/install/launch_param_builder:${AMENT_PREFIX_PATH} CMAKE_PREFIX_PATH=/home/ti5/ws_moveit2/install/moveit_ros_planning_interface:/home/ti5/ws_moveit2/install/moveit_ros_move_group:/home/ti5/ws_moveit2/install/moveit_ros_warehouse:/home/ti5/ws_moveit2/install/moveit_kinematics:/home/ti5/ws_moveit2/install/moveit_ros_planning:/home/ti5/ws_moveit2/install/moveit_ros_occupancy_map_monitor:/home/ti5/ws_moveit2/install/moveit_core:/home/ti5/ws_moveit2/install/moveit_resources_panda_moveit_config:/home/ti5/ws_moveit2/install/srdfdom:/home/ti5/ws_moveit2/install/moveit_resources_panda_description:/home/ti5/ws_moveit2/install/moveit_common:/opt/ros/humble LD_LIBRARY_PATH=/home/ti5/ws_moveit2/install/moveit_ros_planning_interface/lib:/home/ti5/ws_moveit2/install/moveit_ros_move_group/lib:/home/ti5/ws_moveit2/install/moveit_ros_warehouse/lib:/home/ti5/ws_moveit2/install/moveit_kinematics/lib:/home/ti5/ws_moveit2/install/moveit_ros_planning/lib:/home/ti5/ws_moveit2/install/moveit_ros_occupancy_map_monitor/lib:/home/ti5/ws_moveit2/install/moveit_core/lib:/home/ti5/ws_moveit2/install/srdfdom/lib:${LD_LIBRARY_PATH} PATH=/home/ti5/ws_moveit2/install/moveit_core/bin:${PATH} PYTHONPATH=/home/ti5/ws_moveit2/install/moveit_configs_utils/lib/python3.10/site-packages:/home/ti5/ws_moveit2/install/srdfdom/local/lib/python3.10/dist-packages:/home/ti5/ws_moveit2/install/launch_param_builder/lib/python3.10/site-packages:${PYTHONPATH} /usr/bin/cmake --install /home/ti5/ws_moveit2/build/moveit_servo
