[0.115s] Invoking command in '/home/ti5/ws_moveit2/build/moveit_ros_perception': AMENT_PREFIX_PATH=/home/ti5/ws_moveit2/install/moveit_ros_planning:/home/ti5/ws_moveit2/install/moveit_ros_occupancy_map_monitor:/home/ti5/ws_moveit2/install/moveit_core:/home/ti5/ws_moveit2/install/srdfdom:/home/ti5/ws_moveit2/install/moveit_common:${AMENT_PREFIX_PATH} CMAKE_PREFIX_PATH=/home/ti5/ws_moveit2/install/moveit_ros_planning:/home/ti5/ws_moveit2/install/moveit_ros_occupancy_map_monitor:/home/ti5/ws_moveit2/install/moveit_core:/home/ti5/ws_moveit2/install/srdfdom:/home/ti5/ws_moveit2/install/moveit_common:/opt/ros/humble LD_LIBRARY_PATH=/home/ti5/ws_moveit2/install/moveit_ros_planning/lib:/home/ti5/ws_moveit2/install/moveit_ros_occupancy_map_monitor/lib:/home/ti5/ws_moveit2/install/moveit_core/lib:/home/ti5/ws_moveit2/install/srdfdom/lib:${LD_LIBRARY_PATH} PATH=/home/ti5/ws_moveit2/install/moveit_core/bin:${PATH} PYTHONPATH=/home/ti5/ws_moveit2/install/srdfdom/local/lib/python3.10/dist-packages:${PYTHONPATH} /usr/bin/cmake --build /home/ti5/ws_moveit2/build/moveit_ros_perception -- -j4 -l4
[0.638s] [ 30%] Built target moveit_mesh_filter
[0.645s] [ 40%] Built target moveit_lazy_free_space_updater
[0.667s] [ 50%] Built target moveit_point_containment_filter
[0.759s] [ 60%] Built target moveit_semantic_world
[0.929s] [ 70%] Built target moveit_pointcloud_octomap_updater_core
[0.946s] [ 80%] Built target moveit_depth_image_octomap_updater_core
[1.136s] [ 90%] Built target moveit_pointcloud_octomap_updater
[1.154s] [100%] Built target moveit_depth_image_octomap_updater
[1.209s] Invoked command in '/home/ti5/ws_moveit2/build/moveit_ros_perception' returned '0': AMENT_PREFIX_PATH=/home/ti5/ws_moveit2/install/moveit_ros_planning:/home/ti5/ws_moveit2/install/moveit_ros_occupancy_map_monitor:/home/ti5/ws_moveit2/install/moveit_core:/home/ti5/ws_moveit2/install/srdfdom:/home/ti5/ws_moveit2/install/moveit_common:${AMENT_PREFIX_PATH} CMAKE_PREFIX_PATH=/home/ti5/ws_moveit2/install/moveit_ros_planning:/home/ti5/ws_moveit2/install/moveit_ros_occupancy_map_monitor:/home/ti5/ws_moveit2/install/moveit_core:/home/ti5/ws_moveit2/install/srdfdom:/home/ti5/ws_moveit2/install/moveit_common:/opt/ros/humble LD_LIBRARY_PATH=/home/ti5/ws_moveit2/install/moveit_ros_planning/lib:/home/ti5/ws_moveit2/install/moveit_ros_occupancy_map_monitor/lib:/home/ti5/ws_moveit2/install/moveit_core/lib:/home/ti5/ws_moveit2/install/srdfdom/lib:${LD_LIBRARY_PATH} PATH=/home/ti5/ws_moveit2/install/moveit_core/bin:${PATH} PYTHONPATH=/home/ti5/ws_moveit2/install/srdfdom/local/lib/python3.10/dist-packages:${PYTHONPATH} /usr/bin/cmake --build /home/ti5/ws_moveit2/build/moveit_ros_perception -- -j4 -l4
[1.418s] Invoking command in '/home/ti5/ws_moveit2/build/moveit_ros_perception': AMENT_PREFIX_PATH=/home/ti5/ws_moveit2/install/moveit_ros_planning:/home/ti5/ws_moveit2/install/moveit_ros_occupancy_map_monitor:/home/ti5/ws_moveit2/install/moveit_core:/home/ti5/ws_moveit2/install/srdfdom:/home/ti5/ws_moveit2/install/moveit_common:${AMENT_PREFIX_PATH} CMAKE_PREFIX_PATH=/home/ti5/ws_moveit2/install/moveit_ros_planning:/home/ti5/ws_moveit2/install/moveit_ros_occupancy_map_monitor:/home/ti5/ws_moveit2/install/moveit_core:/home/ti5/ws_moveit2/install/srdfdom:/home/ti5/ws_moveit2/install/moveit_common:/opt/ros/humble LD_LIBRARY_PATH=/home/ti5/ws_moveit2/install/moveit_ros_planning/lib:/home/ti5/ws_moveit2/install/moveit_ros_occupancy_map_monitor/lib:/home/ti5/ws_moveit2/install/moveit_core/lib:/home/ti5/ws_moveit2/install/srdfdom/lib:${LD_LIBRARY_PATH} PATH=/home/ti5/ws_moveit2/install/moveit_core/bin:${PATH} PYTHONPATH=/home/ti5/ws_moveit2/install/srdfdom/local/lib/python3.10/dist-packages:${PYTHONPATH} /usr/bin/cmake --install /home/ti5/ws_moveit2/build/moveit_ros_perception
[1.467s] -- Install configuration: "Release"
[1.468s] -- Up-to-date: /home/ti5/ws_moveit2/install/moveit_ros_perception/include
[1.469s] -- Up-to-date: /home/ti5/ws_moveit2/install/moveit_ros_perception/include/moveit
[1.470s] -- Up-to-date: /home/ti5/ws_moveit2/install/moveit_ros_perception/include/moveit/lazy_free_space_updater
[1.471s] -- Up-to-date: /home/ti5/ws_moveit2/install/moveit_ros_perception/include/moveit/lazy_free_space_updater/lazy_free_space_updater.h
[1.478s] -- Up-to-date: /home/ti5/ws_moveit2/install/moveit_ros_perception/include
[1.478s] -- Up-to-date: /home/ti5/ws_moveit2/install/moveit_ros_perception/include/moveit
[1.479s] -- Up-to-date: /home/ti5/ws_moveit2/install/moveit_ros_perception/include/moveit/point_containment_filter
[1.480s] -- Up-to-date: /home/ti5/ws_moveit2/install/moveit_ros_perception/include/moveit/point_containment_filter/shape_mask.h
[1.481s] -- Up-to-date: /home/ti5/ws_moveit2/install/moveit_ros_perception/include
[1.482s] -- Up-to-date: /home/ti5/ws_moveit2/install/moveit_ros_perception/include/moveit
[1.483s] -- Up-to-date: /home/ti5/ws_moveit2/install/moveit_ros_perception/include/moveit/pointcloud_octomap_updater
[1.483s] -- Up-to-date: /home/ti5/ws_moveit2/install/moveit_ros_perception/include/moveit/pointcloud_octomap_updater/pointcloud_octomap_updater.h
[1.484s] -- Up-to-date: /home/ti5/ws_moveit2/install/moveit_ros_perception/include
[1.485s] -- Up-to-date: /home/ti5/ws_moveit2/install/moveit_ros_perception/include/moveit
[1.486s] -- Up-to-date: /home/ti5/ws_moveit2/install/moveit_ros_perception/include/moveit/mesh_filter
[1.486s] -- Up-to-date: /home/ti5/ws_moveit2/install/moveit_ros_perception/include/moveit/mesh_filter/transform_provider.h
[1.488s] -- Up-to-date: /home/ti5/ws_moveit2/install/moveit_ros_perception/include/moveit/mesh_filter/stereo_camera_model.h
[1.489s] -- Up-to-date: /home/ti5/ws_moveit2/install/moveit_ros_perception/include/moveit/mesh_filter/filter_job.h
[1.489s] -- Up-to-date: /home/ti5/ws_moveit2/install/moveit_ros_perception/include/moveit/mesh_filter/sensor_model.h
[1.490s] -- Up-to-date: /home/ti5/ws_moveit2/install/moveit_ros_perception/include/moveit/mesh_filter/gl_mesh.h
[1.490s] -- Up-to-date: /home/ti5/ws_moveit2/install/moveit_ros_perception/include/moveit/mesh_filter/mesh_filter_base.h
[1.492s] -- Up-to-date: /home/ti5/ws_moveit2/install/moveit_ros_perception/include/moveit/mesh_filter/gl_renderer.h
[1.493s] -- Up-to-date: /home/ti5/ws_moveit2/install/moveit_ros_perception/include/moveit/mesh_filter/depth_self_filter_nodelet.h
[1.495s] -- Up-to-date: /home/ti5/ws_moveit2/install/moveit_ros_perception/include/moveit/mesh_filter/mesh_filter.h
[1.496s] -- Up-to-date: /home/ti5/ws_moveit2/install/moveit_ros_perception/include/moveit_mesh_filter_export.h
[1.496s] -- Up-to-date: /home/ti5/ws_moveit2/install/moveit_ros_perception/include
[1.497s] -- Up-to-date: /home/ti5/ws_moveit2/install/moveit_ros_perception/include/moveit
[1.497s] -- Up-to-date: /home/ti5/ws_moveit2/install/moveit_ros_perception/include/moveit/depth_image_octomap_updater
[1.498s] -- Up-to-date: /home/ti5/ws_moveit2/install/moveit_ros_perception/include/moveit/depth_image_octomap_updater/depth_image_octomap_updater.h
[1.499s] -- Up-to-date: /home/ti5/ws_moveit2/install/moveit_ros_perception/include
[1.499s] -- Up-to-date: /home/ti5/ws_moveit2/install/moveit_ros_perception/include/moveit
[1.500s] -- Up-to-date: /home/ti5/ws_moveit2/install/moveit_ros_perception/include/moveit/semantic_world
[1.501s] -- Up-to-date: /home/ti5/ws_moveit2/install/moveit_ros_perception/include/moveit/semantic_world/semantic_world.h
[1.502s] -- Up-to-date: /home/ti5/ws_moveit2/install/moveit_ros_perception/lib/libmoveit_depth_image_octomap_updater.so.2.5.5
[1.503s] -- Up-to-date: /home/ti5/ws_moveit2/install/moveit_ros_perception/lib/libmoveit_depth_image_octomap_updater.so
[1.503s] -- Up-to-date: /home/ti5/ws_moveit2/install/moveit_ros_perception/lib/libmoveit_depth_image_octomap_updater_core.so.2.5.5
[1.514s] -- Up-to-date: /home/ti5/ws_moveit2/install/moveit_ros_perception/lib/libmoveit_depth_image_octomap_updater_core.so
[1.514s] -- Up-to-date: /home/ti5/ws_moveit2/install/moveit_ros_perception/lib/libmoveit_lazy_free_space_updater.so.2.5.5
[1.515s] -- Up-to-date: /home/ti5/ws_moveit2/install/moveit_ros_perception/lib/libmoveit_lazy_free_space_updater.so
[1.515s] -- Up-to-date: /home/ti5/ws_moveit2/install/moveit_ros_perception/lib/libmoveit_mesh_filter.so.2.5.5
[1.516s] -- Up-to-date: /home/ti5/ws_moveit2/install/moveit_ros_perception/lib/libmoveit_mesh_filter.so
[1.524s] -- Up-to-date: /home/ti5/ws_moveit2/install/moveit_ros_perception/lib/libmoveit_point_containment_filter.so.2.5.5
[1.530s] -- Up-to-date: /home/ti5/ws_moveit2/install/moveit_ros_perception/lib/libmoveit_point_containment_filter.so
[1.531s] -- Up-to-date: /home/ti5/ws_moveit2/install/moveit_ros_perception/lib/libmoveit_pointcloud_octomap_updater.so.2.5.5
[1.531s] -- Up-to-date: /home/ti5/ws_moveit2/install/moveit_ros_perception/lib/libmoveit_pointcloud_octomap_updater.so
[1.532s] -- Up-to-date: /home/ti5/ws_moveit2/install/moveit_ros_perception/lib/libmoveit_pointcloud_octomap_updater_core.so.2.5.5
[1.532s] -- Up-to-date: /home/ti5/ws_moveit2/install/moveit_ros_perception/lib/libmoveit_pointcloud_octomap_updater_core.so
[1.535s] -- Up-to-date: /home/ti5/ws_moveit2/install/moveit_ros_perception/lib/libmoveit_semantic_world.so.2.5.5
[1.535s] -- Up-to-date: /home/ti5/ws_moveit2/install/moveit_ros_perception/lib/libmoveit_semantic_world.so
[1.539s] -- Up-to-date: /home/ti5/ws_moveit2/install/moveit_ros_perception/share/moveit_ros_perception/environment/library_path.sh
[1.541s] -- Up-to-date: /home/ti5/ws_moveit2/install/moveit_ros_perception/share/moveit_ros_perception/environment/library_path.dsv
[1.541s] -- Up-to-date: /home/ti5/ws_moveit2/install/moveit_ros_perception/share/moveit_ros_perception/pointcloud_octomap_updater_plugin_description.xml
[1.542s] -- Up-to-date: /home/ti5/ws_moveit2/install/moveit_ros_perception/share/moveit_ros_perception/depth_image_octomap_updater_plugin_description.xml
[1.551s] -- Up-to-date: /home/ti5/ws_moveit2/install/moveit_ros_perception/share/ament_index/resource_index/package_run_dependencies/moveit_ros_perception
[1.552s] -- Up-to-date: /home/ti5/ws_moveit2/install/moveit_ros_perception/share/ament_index/resource_index/parent_prefix_path/moveit_ros_perception
[1.556s] -- Up-to-date: /home/ti5/ws_moveit2/install/moveit_ros_perception/share/moveit_ros_perception/environment/ament_prefix_path.sh
[1.557s] -- Up-to-date: /home/ti5/ws_moveit2/install/moveit_ros_perception/share/moveit_ros_perception/environment/ament_prefix_path.dsv
[1.558s] -- Up-to-date: /home/ti5/ws_moveit2/install/moveit_ros_perception/share/moveit_ros_perception/environment/path.sh
[1.559s] -- Up-to-date: /home/ti5/ws_moveit2/install/moveit_ros_perception/share/moveit_ros_perception/environment/path.dsv
[1.559s] -- Up-to-date: /home/ti5/ws_moveit2/install/moveit_ros_perception/share/moveit_ros_perception/local_setup.bash
[1.560s] -- Up-to-date: /home/ti5/ws_moveit2/install/moveit_ros_perception/share/moveit_ros_perception/local_setup.sh
[1.560s] -- Up-to-date: /home/ti5/ws_moveit2/install/moveit_ros_perception/share/moveit_ros_perception/local_setup.zsh
[1.561s] -- Up-to-date: /home/ti5/ws_moveit2/install/moveit_ros_perception/share/moveit_ros_perception/local_setup.dsv
[1.562s] -- Installing: /home/ti5/ws_moveit2/install/moveit_ros_perception/share/moveit_ros_perception/package.dsv
[1.562s] -- Up-to-date: /home/ti5/ws_moveit2/install/moveit_ros_perception/share/ament_index/resource_index/packages/moveit_ros_perception
[1.563s] -- Up-to-date: /home/ti5/ws_moveit2/install/moveit_ros_perception/share/ament_index/resource_index/moveit_ros_occupancy_map_monitor__pluginlib__plugin/moveit_ros_perception
[1.581s] -- Up-to-date: /home/ti5/ws_moveit2/install/moveit_ros_perception/share/moveit_ros_perception/cmake/export_moveit_ros_perceptionExport.cmake
[1.581s] -- Up-to-date: /home/ti5/ws_moveit2/install/moveit_ros_perception/share/moveit_ros_perception/cmake/export_moveit_ros_perceptionExport-release.cmake
[1.582s] -- Up-to-date: /home/ti5/ws_moveit2/install/moveit_ros_perception/share/moveit_ros_perception/cmake/ConfigExtras.cmake
[1.582s] -- Up-to-date: /home/ti5/ws_moveit2/install/moveit_ros_perception/share/moveit_ros_perception/cmake/ament_cmake_export_targets-extras.cmake
[1.583s] -- Up-to-date: /home/ti5/ws_moveit2/install/moveit_ros_perception/share/moveit_ros_perception/cmake/ament_cmake_export_dependencies-extras.cmake
[1.584s] -- Up-to-date: /home/ti5/ws_moveit2/install/moveit_ros_perception/share/moveit_ros_perception/cmake/moveit_ros_perceptionConfig.cmake
[1.584s] -- Up-to-date: /home/ti5/ws_moveit2/install/moveit_ros_perception/share/moveit_ros_perception/cmake/moveit_ros_perceptionConfig-version.cmake
[1.585s] -- Up-to-date: /home/ti5/ws_moveit2/install/moveit_ros_perception/share/moveit_ros_perception/package.xml
[1.596s] Invoked command in '/home/ti5/ws_moveit2/build/moveit_ros_perception' returned '0': AMENT_PREFIX_PATH=/home/ti5/ws_moveit2/install/moveit_ros_planning:/home/ti5/ws_moveit2/install/moveit_ros_occupancy_map_monitor:/home/ti5/ws_moveit2/install/moveit_core:/home/ti5/ws_moveit2/install/srdfdom:/home/ti5/ws_moveit2/install/moveit_common:${AMENT_PREFIX_PATH} CMAKE_PREFIX_PATH=/home/ti5/ws_moveit2/install/moveit_ros_planning:/home/ti5/ws_moveit2/install/moveit_ros_occupancy_map_monitor:/home/ti5/ws_moveit2/install/moveit_core:/home/ti5/ws_moveit2/install/srdfdom:/home/ti5/ws_moveit2/install/moveit_common:/opt/ros/humble LD_LIBRARY_PATH=/home/ti5/ws_moveit2/install/moveit_ros_planning/lib:/home/ti5/ws_moveit2/install/moveit_ros_occupancy_map_monitor/lib:/home/ti5/ws_moveit2/install/moveit_core/lib:/home/ti5/ws_moveit2/install/srdfdom/lib:${LD_LIBRARY_PATH} PATH=/home/ti5/ws_moveit2/install/moveit_core/bin:${PATH} PYTHONPATH=/home/ti5/ws_moveit2/install/srdfdom/local/lib/python3.10/dist-packages:${PYTHONPATH} /usr/bin/cmake --install /home/ti5/ws_moveit2/build/moveit_ros_perception
