[35m[1mConsolidate compiler generated dependencies of target joint_limits_common[0m
[35m[1mConsolidate compiler generated dependencies of target trajectory_generation_common[0m
[  2%] Built target gtest_main
[ 10%] Built target joint_limits_common
[ 13%] Built target planning_context_loader_base
[ 18%] Built target trajectory_generation_common
[ 20%] Built target gmock_main
[ 22%] Built target gtest
[ 26%] Built target gmock
[35m[1mConsolidate compiler generated dependencies of target command_list_manager[0m
[35m[1mConsolidate compiler generated dependencies of target planning_context_loader_lin[0m
[35m[1mConsolidate compiler generated dependencies of target planning_context_loader_ptp[0m
[35m[1mConsolidate compiler generated dependencies of target pilz_industrial_motion_planner[0m
[ 30%] Built target command_list_manager
[ 32%] Built target pilz_industrial_motion_planner
[ 37%] Built target planning_context_loader_lin
[35m[1mConsolidate compiler generated dependencies of target planning_context_loader_circ[0m
[ 42%] Built target planning_context_loader_ptp
[35m[1mConsolidate compiler generated dependencies of target sequence_capability[0m
[35m[1mConsolidate compiler generated dependencies of target pilz_industrial_motion_planner_test_utils[0m
[35m[1mConsolidate compiler generated dependencies of target unittest_velocity_profile_atrap[0m
[ 46%] Built target planning_context_loader_circ
[ 50%] Built target unittest_velocity_profile_atrap
[35m[1mConsolidate compiler generated dependencies of target unittest_trajectory_generator[0m
[ 53%] Built target pilz_industrial_motion_planner_test_utils
[ 56%] Built target sequence_capability
[ 57%] [32mBuilding CXX object test/unit_tests/CMakeFiles/unittest_trajectory_generator.dir/__/__/src/trajectory_generator.cpp.o[0m
[ 59%] [32mBuilding CXX object test/unit_tests/CMakeFiles/unittest_pilz_industrial_motion_planner.dir/src/unittest_pilz_industrial_motion_planner.cpp.o[0m
[35m[1mConsolidate compiler generated dependencies of target unittest_joint_limit[0m
[35m[1mConsolidate compiler generated dependencies of target unittest_joint_limits_aggregator[0m
[ 61%] Built target unittest_joint_limit
[35m[1mConsolidate compiler generated dependencies of target unittest_joint_limits_container[0m
[ 63%] Built target unittest_joint_limits_aggregator
[35m[1mConsolidate compiler generated dependencies of target unittest_joint_limits_validator[0m
[ 66%] Built target unittest_joint_limits_container
[35m[1mConsolidate compiler generated dependencies of target unittest_cartesian_limits_aggregator[0m
[ 68%] Built target unittest_joint_limits_validator
[ 71%] Built target unittest_cartesian_limits_aggregator
[ 72%] [32mBuilding CXX object test/unit_tests/CMakeFiles/unittest_planning_context_loaders.dir/src/unittest_planning_context_loaders.cpp.o[0m
[ 73%] [32mBuilding CXX object test/unit_tests/CMakeFiles/unittest_planning_context.dir/src/unittest_planning_context.cpp.o[0m
