[0.179s] Invoking command in '/home/ti5/ws_moveit2/build/moveit_visual_tools': AMENT_PREFIX_PATH=/home/ti5/ws_moveit2/install/moveit_ros_planning:/home/ti5/ws_moveit2/install/moveit_ros_occupancy_map_monitor:/home/ti5/ws_moveit2/install/moveit_core:/home/ti5/ws_moveit2/install/srdfdom:/home/ti5/ws_moveit2/install/moveit_common:${AMENT_PREFIX_PATH} CMAKE_PREFIX_PATH=/home/ti5/ws_moveit2/install/moveit_ros_planning:/home/ti5/ws_moveit2/install/moveit_ros_occupancy_map_monitor:/home/ti5/ws_moveit2/install/moveit_core:/home/ti5/ws_moveit2/install/srdfdom:/home/ti5/ws_moveit2/install/moveit_common:/opt/ros/humble LD_LIBRARY_PATH=/home/ti5/ws_moveit2/install/moveit_ros_planning/lib:/home/ti5/ws_moveit2/install/moveit_ros_occupancy_map_monitor/lib:/home/ti5/ws_moveit2/install/moveit_core/lib:/home/ti5/ws_moveit2/install/srdfdom/lib:${LD_LIBRARY_PATH} PATH=/home/ti5/ws_moveit2/install/moveit_core/bin:${PATH} PYTHONPATH=/home/ti5/ws_moveit2/install/srdfdom/local/lib/python3.10/dist-packages:${PYTHONPATH} /usr/bin/cmake /home/ti5/ws_moveit2/moveit_visual_tools -DCMAKE_INSTALL_PREFIX=/home/ti5/ws_moveit2/install/moveit_visual_tools
[0.772s] -- The C compiler identification is GNU 11.4.0
[1.160s] -- The CXX compiler identification is GNU 11.4.0
[1.213s] -- Detecting C compiler ABI info
[1.651s] -- Detecting C compiler ABI info - done
[1.703s] -- Check for working C compiler: /usr/bin/cc - skipped
[1.705s] -- Detecting C compile features
[1.710s] -- Detecting C compile features - done
[1.740s] -- Detecting CXX compiler ABI info
[2.262s] -- Detecting CXX compiler ABI info - done
[2.324s] -- Check for working CXX compiler: /usr/bin/c++ - skipped
[2.325s] -- Detecting CXX compile features
[2.328s] -- Detecting CXX compile features - done
[2.338s] -- Found moveit_common: 2.5.5 (/home/ti5/ws_moveit2/install/moveit_common/share/moveit_common/cmake)
[2.372s] -- Found ament_cmake: 1.3.8 (/opt/ros/humble/share/ament_cmake/cmake)
[3.392s] -- Found Python3: /usr/bin/python3 (found version "3.10.12") found components: Interpreter 
[4.707s] -- Found libdw: /usr/lib/x86_64-linux-gnu/libdw.so  
[4.757s] -- Could NOT find libbfd (missing: LIBBFD_LIBRARY LIBBFD_INCLUDE_DIR) 
[4.758s] -- BACKWARD_HAS_UNWIND=1
[4.759s] -- BACKWARD_HAS_BACKTRACE=0
[4.760s] -- BACKWARD_HAS_BACKTRACE_SYMBOL=0
[4.760s] -- BACKWARD_HAS_DW=1
[4.761s] -- BACKWARD_HAS_BFD=0
[4.765s] -- Found Backward: /opt/ros/humble/share/backward_ros/cmake  
[4.769s] [0mmoveit_visual_tools: You did not request a specific build type: Choosing 'Release' for maximum performance[0m
[4.896s] -- Found Boost: /usr/lib/x86_64-linux-gnu/cmake/Boost-1.74.0/BoostConfig.cmake (found version "1.74.0") found components: system 
[4.984s] -- Found geometry_msgs: 4.2.3 (/opt/ros/humble/share/geometry_msgs/cmake)
[5.276s] -- Found rosidl_generator_c: 3.1.5 (/opt/ros/humble/share/rosidl_generator_c/cmake)
[5.319s] -- Found rosidl_adapter: 3.1.5 (/opt/ros/humble/share/rosidl_adapter/cmake)
[5.388s] -- Found rosidl_generator_cpp: 3.1.5 (/opt/ros/humble/share/rosidl_generator_cpp/cmake)
[5.522s] -- Using all available rosidl_typesupport_c: rosidl_typesupport_fastrtps_c;rosidl_typesupport_introspection_c
[5.788s] -- Using all available rosidl_typesupport_cpp: rosidl_typesupport_fastrtps_cpp;rosidl_typesupport_introspection_cpp
[6.727s] -- Found graph_msgs: 0.2.0 (/opt/ros/humble/share/graph_msgs/cmake)
[7.311s] -- Found moveit_core: 2.5.5 (/home/ti5/ws_moveit2/install/moveit_core/share/moveit_core/cmake)
[8.919s] -- Found Boost: /usr/lib/x86_64-linux-gnu/cmake/Boost-1.74.0/BoostConfig.cmake (found version "1.74.0") found components: chrono date_time filesystem iostreams program_options regex serialization system thread 
[9.205s] -- Found parameter_traits: 0.3.8 (/opt/ros/humble/share/parameter_traits/cmake)
[9.705s] -- Found rmw_implementation_cmake: 6.1.1 (/opt/ros/humble/share/rmw_implementation_cmake/cmake)
[9.774s] -- Found rmw_fastrtps_cpp: 6.2.6 (/opt/ros/humble/share/rmw_fastrtps_cpp/cmake)
[10.473s] -- Found OpenSSL: /usr/lib/x86_64-linux-gnu/libcrypto.so (found version "3.0.2")  
[10.617s] -- Found FastRTPS: /opt/ros/humble/include  
[10.915s] -- Using RMW implementation 'rmw_fastrtps_cpp' as default
[11.003s] -- Found Threads: TRUE  
[12.246s] -- Found Eigen3: TRUE (found version "3.4.0") 
[12.272s] -- Found rclcpp_lifecycle: 16.0.8 (/opt/ros/humble/share/rclcpp_lifecycle/cmake)
[12.695s] -- Found Boost: /usr/lib/x86_64-linux-gnu/cmake/Boost-1.74.0/BoostConfig.cmake (found version "1.74.0") found components: filesystem 
[13.413s] -- library: /usr/lib/x86_64-linux-gnu/libcurl.so
[15.701s] -- Ensuring Eigen3 include directory is part of orocos-kdl CMake target
[23.717s] -- Found moveit_ros_planning: 2.5.5 (/home/ti5/ws_moveit2/install/moveit_ros_planning/share/moveit_ros_planning/cmake)
[23.767s] -- Found Boost: /usr/lib/x86_64-linux-gnu/cmake/Boost-1.74.0/BoostConfig.cmake (found version "1.74.0") found components: system filesystem date_time program_options thread chrono 
[26.074s] -- Found rviz_visual_tools: 4.1.4 (/opt/ros/humble/share/rviz_visual_tools/cmake)
[26.870s] -- Setting OGRE_DIR to: '/opt/ros/humble/share/rviz_ogre_vendor/cmake/../../../opt/rviz_ogre_vendor/lib/OGRE/cmake'
[26.893s] -- Found OGRE
[26.896s] --   static     : OFF
[26.897s] --   components : HLMS;MeshLodGenerator;Overlay;Paging;Property;RTShaderSystem;Terrain;Volume
[26.898s] --   plugins    : Plugin_BSPSceneManager;Plugin_OctreeSceneManager;Plugin_PCZSceneManager;Plugin_ParticleFX;RenderSystem_GL;RenderSystem_GL3Plus;Codec_STBI
[26.899s] --   media      : /opt/ros/humble/opt/rviz_ogre_vendor/share/OGRE/Media
[26.899s] -- OGRE_LIBRARIES: OgreHLMS;OgreMeshLodGenerator;OgreOverlay;OgrePaging;OgreProperty;OgreRTShaderSystem;OgreTerrain;OgreVolume;OgreMain
[26.900s] -- OGRE_LIBRARY_DIRS: /opt/ros/humble/opt/rviz_ogre_vendor/lib
[26.901s] -- OGRE_PLUGINS: Plugin_BSPSceneManager;Plugin_OctreeSceneManager;Plugin_PCZSceneManager;Plugin_ParticleFX;RenderSystem_GL;RenderSystem_GL3Plus;Codec_STBI
[26.901s] -- OGRE_PLUGIN_DIR: /opt/ros/humble/opt/rviz_ogre_vendor/lib/OGRE
[26.902s] -- rviz_ogre_vendor::OgreOverlay for IMPORTED_LOCATION_RELEASE: /opt/ros/humble/opt/rviz_ogre_vendor/lib/libOgreOverlay.so
[26.902s] -- rviz_ogre_vendor::OgreOverlay for IMPORTED_LOCATION_DEBUG: /opt/ros/humble/opt/rviz_ogre_vendor/lib/libOgreOverlay.so
[26.903s] -- rviz_ogre_vendor::OgreMain for IMPORTED_LOCATION_RELEASE: /opt/ros/humble/opt/rviz_ogre_vendor/lib/libOgreMain.so
[26.903s] -- rviz_ogre_vendor::OgreMain for IMPORTED_LOCATION_DEBUG: /opt/ros/humble/opt/rviz_ogre_vendor/lib/libOgreMain.so
[26.946s] -- Could not find freeimage library
[27.064s] -- Found ZLIB: /usr/lib/x86_64-linux-gnu/libz.so (found version "1.2.11") 
[27.094s] -- Found OpenGL: /usr/lib/x86_64-linux-gnu/libOpenGL.so   
[27.765s] -- Found X11: /usr/include   
[27.772s] -- Looking for XOpenDisplay in /usr/lib/x86_64-linux-gnu/libX11.so;/usr/lib/x86_64-linux-gnu/libXext.so
[29.003s] -- Looking for XOpenDisplay in /usr/lib/x86_64-linux-gnu/libX11.so;/usr/lib/x86_64-linux-gnu/libXext.so - found
[29.005s] -- Looking for gethostbyname
[29.616s] -- Looking for gethostbyname - found
[29.616s] -- Looking for connect
[30.216s] -- Looking for connect - found
[30.217s] -- Looking for remove
[30.816s] -- Looking for remove - found
[30.817s] -- Looking for shmat
[31.399s] -- Looking for shmat - found
[31.400s] -- Looking for IceConnectionNumber in ICE
[32.066s] -- Looking for IceConnectionNumber in ICE - found
[32.082s] -- rviz_ogre_vendor::RenderSystem_GL for IMPORTED_LOCATION_RELEASE: _render_system_gl_static_library_abs-NOTFOUND
[32.083s] -- rviz_ogre_vendor::RenderSystem_GL for IMPORTED_LOCATION_DEBUG: _render_system_gl_static_library_abs-NOTFOUND
[36.094s] -- Found ament_lint_auto: 0.12.10 (/opt/ros/humble/share/ament_lint_auto/cmake)
[36.230s] -- Added test 'copyright' to check source files copyright and LICENSE
[36.248s] -- Added test 'flake8' to check Python code syntax and style conventions
[36.259s] -- Added test 'lint_cmake' to check CMake code style
[36.266s] -- Added test 'pep257' to check Python code against some of the docstring style conventions in PEP 257
[36.272s] -- Added test 'xmllint' to check XML markup files
[36.292s] -- Configuring done
[37.080s] -- Generating done
[37.097s] -- Build files have been written to: /home/ti5/ws_moveit2/build/moveit_visual_tools
[37.547s] Invoked command in '/home/ti5/ws_moveit2/build/moveit_visual_tools' returned '0': AMENT_PREFIX_PATH=/home/ti5/ws_moveit2/install/moveit_ros_planning:/home/ti5/ws_moveit2/install/moveit_ros_occupancy_map_monitor:/home/ti5/ws_moveit2/install/moveit_core:/home/ti5/ws_moveit2/install/srdfdom:/home/ti5/ws_moveit2/install/moveit_common:${AMENT_PREFIX_PATH} CMAKE_PREFIX_PATH=/home/ti5/ws_moveit2/install/moveit_ros_planning:/home/ti5/ws_moveit2/install/moveit_ros_occupancy_map_monitor:/home/ti5/ws_moveit2/install/moveit_core:/home/ti5/ws_moveit2/install/srdfdom:/home/ti5/ws_moveit2/install/moveit_common:/opt/ros/humble LD_LIBRARY_PATH=/home/ti5/ws_moveit2/install/moveit_ros_planning/lib:/home/ti5/ws_moveit2/install/moveit_ros_occupancy_map_monitor/lib:/home/ti5/ws_moveit2/install/moveit_core/lib:/home/ti5/ws_moveit2/install/srdfdom/lib:${LD_LIBRARY_PATH} PATH=/home/ti5/ws_moveit2/install/moveit_core/bin:${PATH} PYTHONPATH=/home/ti5/ws_moveit2/install/srdfdom/local/lib/python3.10/dist-packages:${PYTHONPATH} /usr/bin/cmake /home/ti5/ws_moveit2/moveit_visual_tools -DCMAKE_INSTALL_PREFIX=/home/ti5/ws_moveit2/install/moveit_visual_tools
[37.639s] Invoking command in '/home/ti5/ws_moveit2/build/moveit_visual_tools': AMENT_PREFIX_PATH=/home/ti5/ws_moveit2/install/moveit_ros_planning:/home/ti5/ws_moveit2/install/moveit_ros_occupancy_map_monitor:/home/ti5/ws_moveit2/install/moveit_core:/home/ti5/ws_moveit2/install/srdfdom:/home/ti5/ws_moveit2/install/moveit_common:${AMENT_PREFIX_PATH} CMAKE_PREFIX_PATH=/home/ti5/ws_moveit2/install/moveit_ros_planning:/home/ti5/ws_moveit2/install/moveit_ros_occupancy_map_monitor:/home/ti5/ws_moveit2/install/moveit_core:/home/ti5/ws_moveit2/install/srdfdom:/home/ti5/ws_moveit2/install/moveit_common:/opt/ros/humble LD_LIBRARY_PATH=/home/ti5/ws_moveit2/install/moveit_ros_planning/lib:/home/ti5/ws_moveit2/install/moveit_ros_occupancy_map_monitor/lib:/home/ti5/ws_moveit2/install/moveit_core/lib:/home/ti5/ws_moveit2/install/srdfdom/lib:${LD_LIBRARY_PATH} PATH=/home/ti5/ws_moveit2/install/moveit_core/bin:${PATH} PYTHONPATH=/home/ti5/ws_moveit2/install/srdfdom/local/lib/python3.10/dist-packages:${PYTHONPATH} /usr/bin/cmake --build /home/ti5/ws_moveit2/build/moveit_visual_tools -- -j4 -l4
[38.159s] [ 16%] [32mBuilding CXX object CMakeFiles/moveit_visual_tools.dir/src/moveit_visual_tools.cpp.o[0m
[458.563s] [ 33%] [32mBuilding CXX object CMakeFiles/moveit_visual_tools.dir/src/imarker_end_effector.cpp.o[0m
[849.404s] [ 50%] [32mBuilding CXX object CMakeFiles/moveit_visual_tools.dir/src/imarker_robot_state.cpp.o[0m
[1209.694s] [ 66%] [32m[1mLinking CXX shared library libmoveit_visual_tools.so[0m
[1213.364s] [ 66%] Built target moveit_visual_tools
[1213.524s] [ 83%] [32mBuilding CXX object CMakeFiles/moveit_visual_tools_demo.dir/src/moveit_visual_tools_demo.cpp.o[0m
[1596.916s] [100%] [32m[1mLinking CXX executable moveit_visual_tools_demo[0m
[1600.449s] [100%] Built target moveit_visual_tools_demo
[1600.650s] Invoked command in '/home/ti5/ws_moveit2/build/moveit_visual_tools' returned '0': AMENT_PREFIX_PATH=/home/ti5/ws_moveit2/install/moveit_ros_planning:/home/ti5/ws_moveit2/install/moveit_ros_occupancy_map_monitor:/home/ti5/ws_moveit2/install/moveit_core:/home/ti5/ws_moveit2/install/srdfdom:/home/ti5/ws_moveit2/install/moveit_common:${AMENT_PREFIX_PATH} CMAKE_PREFIX_PATH=/home/ti5/ws_moveit2/install/moveit_ros_planning:/home/ti5/ws_moveit2/install/moveit_ros_occupancy_map_monitor:/home/ti5/ws_moveit2/install/moveit_core:/home/ti5/ws_moveit2/install/srdfdom:/home/ti5/ws_moveit2/install/moveit_common:/opt/ros/humble LD_LIBRARY_PATH=/home/ti5/ws_moveit2/install/moveit_ros_planning/lib:/home/ti5/ws_moveit2/install/moveit_ros_occupancy_map_monitor/lib:/home/ti5/ws_moveit2/install/moveit_core/lib:/home/ti5/ws_moveit2/install/srdfdom/lib:${LD_LIBRARY_PATH} PATH=/home/ti5/ws_moveit2/install/moveit_core/bin:${PATH} PYTHONPATH=/home/ti5/ws_moveit2/install/srdfdom/local/lib/python3.10/dist-packages:${PYTHONPATH} /usr/bin/cmake --build /home/ti5/ws_moveit2/build/moveit_visual_tools -- -j4 -l4
[1600.953s] Invoking command in '/home/ti5/ws_moveit2/build/moveit_visual_tools': AMENT_PREFIX_PATH=/home/ti5/ws_moveit2/install/moveit_ros_planning:/home/ti5/ws_moveit2/install/moveit_ros_occupancy_map_monitor:/home/ti5/ws_moveit2/install/moveit_core:/home/ti5/ws_moveit2/install/srdfdom:/home/ti5/ws_moveit2/install/moveit_common:${AMENT_PREFIX_PATH} CMAKE_PREFIX_PATH=/home/ti5/ws_moveit2/install/moveit_ros_planning:/home/ti5/ws_moveit2/install/moveit_ros_occupancy_map_monitor:/home/ti5/ws_moveit2/install/moveit_core:/home/ti5/ws_moveit2/install/srdfdom:/home/ti5/ws_moveit2/install/moveit_common:/opt/ros/humble LD_LIBRARY_PATH=/home/ti5/ws_moveit2/install/moveit_ros_planning/lib:/home/ti5/ws_moveit2/install/moveit_ros_occupancy_map_monitor/lib:/home/ti5/ws_moveit2/install/moveit_core/lib:/home/ti5/ws_moveit2/install/srdfdom/lib:${LD_LIBRARY_PATH} PATH=/home/ti5/ws_moveit2/install/moveit_core/bin:${PATH} PYTHONPATH=/home/ti5/ws_moveit2/install/srdfdom/local/lib/python3.10/dist-packages:${PYTHONPATH} /usr/bin/cmake --install /home/ti5/ws_moveit2/build/moveit_visual_tools
[1601.009s] -- Install configuration: "Release"
[1601.015s] -- Installing: /home/ti5/ws_moveit2/install/moveit_visual_tools/share/moveit_visual_tools/environment/library_path.sh
[1601.017s] -- Installing: /home/ti5/ws_moveit2/install/moveit_visual_tools/share/moveit_visual_tools/environment/library_path.dsv
[1601.018s] -- Installing: /home/ti5/ws_moveit2/install/moveit_visual_tools/lib/libmoveit_visual_tools.so
[1601.029s] -- Set runtime path of "/home/ti5/ws_moveit2/install/moveit_visual_tools/lib/libmoveit_visual_tools.so" to ""
[1601.030s] -- Installing: /home/ti5/ws_moveit2/install/moveit_visual_tools/lib/moveit_visual_tools/moveit_visual_tools_demo
[1601.033s] -- Set runtime path of "/home/ti5/ws_moveit2/install/moveit_visual_tools/lib/moveit_visual_tools/moveit_visual_tools_demo" to ""
[1601.035s] -- Installing: /home/ti5/ws_moveit2/install/moveit_visual_tools/include
[1601.036s] -- Installing: /home/ti5/ws_moveit2/install/moveit_visual_tools/include/moveit_visual_tools
[1601.037s] -- Installing: /home/ti5/ws_moveit2/install/moveit_visual_tools/include/moveit_visual_tools/imarker_robot_state.h
[1601.038s] -- Installing: /home/ti5/ws_moveit2/install/moveit_visual_tools/include/moveit_visual_tools/imarker_end_effector.h
[1601.039s] -- Installing: /home/ti5/ws_moveit2/install/moveit_visual_tools/include/moveit_visual_tools/moveit_visual_tools.h
[1601.041s] -- Installing: /home/ti5/ws_moveit2/install/moveit_visual_tools/share/moveit_visual_tools/launch
[1601.044s] -- Installing: /home/ti5/ws_moveit2/install/moveit_visual_tools/share/moveit_visual_tools/launch/demo_rviz.launch.py
[1601.047s] -- Installing: /home/ti5/ws_moveit2/install/moveit_visual_tools/share/moveit_visual_tools/launch/demo.rviz
[1601.049s] -- Installing: /home/ti5/ws_moveit2/install/moveit_visual_tools/share/moveit_visual_tools/resources
[1601.052s] -- Installing: /home/ti5/ws_moveit2/install/moveit_visual_tools/share/moveit_visual_tools/resources/demo.png
[1601.054s] -- Installing: /home/ti5/ws_moveit2/install/moveit_visual_tools/share/moveit_visual_tools/resources/rrbot.urdf
[1601.056s] -- Installing: /home/ti5/ws_moveit2/install/moveit_visual_tools/share/moveit_visual_tools/resources/demo_mesh.stl
[1601.059s] -- Installing: /home/ti5/ws_moveit2/install/moveit_visual_tools/share/moveit_visual_tools/resources/screenshot.png
[1601.068s] -- Installing: /home/ti5/ws_moveit2/install/moveit_visual_tools/share/moveit_visual_tools/resources/rrbot.srdf
[1601.073s] -- Installing: /home/ti5/ws_moveit2/install/moveit_visual_tools/share/ament_index/resource_index/package_run_dependencies/moveit_visual_tools
[1601.076s] -- Installing: /home/ti5/ws_moveit2/install/moveit_visual_tools/share/ament_index/resource_index/parent_prefix_path/moveit_visual_tools
[1601.080s] -- Installing: /home/ti5/ws_moveit2/install/moveit_visual_tools/share/moveit_visual_tools/environment/ament_prefix_path.sh
[1601.082s] -- Installing: /home/ti5/ws_moveit2/install/moveit_visual_tools/share/moveit_visual_tools/environment/ament_prefix_path.dsv
[1601.089s] -- Installing: /home/ti5/ws_moveit2/install/moveit_visual_tools/share/moveit_visual_tools/environment/path.sh
[1601.091s] -- Installing: /home/ti5/ws_moveit2/install/moveit_visual_tools/share/moveit_visual_tools/environment/path.dsv
[1601.094s] -- Installing: /home/ti5/ws_moveit2/install/moveit_visual_tools/share/moveit_visual_tools/local_setup.bash
[1601.097s] -- Installing: /home/ti5/ws_moveit2/install/moveit_visual_tools/share/moveit_visual_tools/local_setup.sh
[1601.100s] -- Installing: /home/ti5/ws_moveit2/install/moveit_visual_tools/share/moveit_visual_tools/local_setup.zsh
[1601.103s] -- Installing: /home/ti5/ws_moveit2/install/moveit_visual_tools/share/moveit_visual_tools/local_setup.dsv
[1601.104s] -- Installing: /home/ti5/ws_moveit2/install/moveit_visual_tools/share/moveit_visual_tools/package.dsv
[1601.105s] -- Installing: /home/ti5/ws_moveit2/install/moveit_visual_tools/share/ament_index/resource_index/packages/moveit_visual_tools
[1601.106s] -- Installing: /home/ti5/ws_moveit2/install/moveit_visual_tools/share/moveit_visual_tools/cmake/export_moveit_visual_toolsExport.cmake
[1601.107s] -- Installing: /home/ti5/ws_moveit2/install/moveit_visual_tools/share/moveit_visual_tools/cmake/export_moveit_visual_toolsExport-release.cmake
[1601.108s] -- Installing: /home/ti5/ws_moveit2/install/moveit_visual_tools/share/moveit_visual_tools/cmake/ament_cmake_export_targets-extras.cmake
[1601.108s] -- Installing: /home/ti5/ws_moveit2/install/moveit_visual_tools/share/moveit_visual_tools/cmake/ament_cmake_export_dependencies-extras.cmake
[1601.109s] -- Installing: /home/ti5/ws_moveit2/install/moveit_visual_tools/share/moveit_visual_tools/cmake/moveit_visual_toolsConfig.cmake
[1601.110s] -- Installing: /home/ti5/ws_moveit2/install/moveit_visual_tools/share/moveit_visual_tools/cmake/moveit_visual_toolsConfig-version.cmake
[1601.111s] -- Installing: /home/ti5/ws_moveit2/install/moveit_visual_tools/share/moveit_visual_tools/package.xml
[1601.138s] Invoked command in '/home/ti5/ws_moveit2/build/moveit_visual_tools' returned '0': AMENT_PREFIX_PATH=/home/ti5/ws_moveit2/install/moveit_ros_planning:/home/ti5/ws_moveit2/install/moveit_ros_occupancy_map_monitor:/home/ti5/ws_moveit2/install/moveit_core:/home/ti5/ws_moveit2/install/srdfdom:/home/ti5/ws_moveit2/install/moveit_common:${AMENT_PREFIX_PATH} CMAKE_PREFIX_PATH=/home/ti5/ws_moveit2/install/moveit_ros_planning:/home/ti5/ws_moveit2/install/moveit_ros_occupancy_map_monitor:/home/ti5/ws_moveit2/install/moveit_core:/home/ti5/ws_moveit2/install/srdfdom:/home/ti5/ws_moveit2/install/moveit_common:/opt/ros/humble LD_LIBRARY_PATH=/home/ti5/ws_moveit2/install/moveit_ros_planning/lib:/home/ti5/ws_moveit2/install/moveit_ros_occupancy_map_monitor/lib:/home/ti5/ws_moveit2/install/moveit_core/lib:/home/ti5/ws_moveit2/install/srdfdom/lib:${LD_LIBRARY_PATH} PATH=/home/ti5/ws_moveit2/install/moveit_core/bin:${PATH} PYTHONPATH=/home/ti5/ws_moveit2/install/srdfdom/local/lib/python3.10/dist-packages:${PYTHONPATH} /usr/bin/cmake --install /home/ti5/ws_moveit2/build/moveit_visual_tools
