[0.294s] Invoking command in '/home/ti5/ws_moveit2/build/moveit_chomp_optimizer_adapter': AMENT_PREFIX_PATH=/home/ti5/ws_moveit2/install/chomp_motion_planner:/home/ti5/ws_moveit2/install/moveit_core:/home/ti5/ws_moveit2/install/srdfdom:/home/ti5/ws_moveit2/install/moveit_common:${AMENT_PREFIX_PATH} CMAKE_PREFIX_PATH=/home/ti5/ws_moveit2/install/chomp_motion_planner:/home/ti5/ws_moveit2/install/moveit_core:/home/ti5/ws_moveit2/install/srdfdom:/home/ti5/ws_moveit2/install/moveit_common:/opt/ros/humble LD_LIBRARY_PATH=/home/ti5/ws_moveit2/install/chomp_motion_planner/lib:/home/ti5/ws_moveit2/install/moveit_core/lib:/home/ti5/ws_moveit2/install/srdfdom/lib:${LD_LIBRARY_PATH} PATH=/home/ti5/ws_moveit2/install/moveit_core/bin:${PATH} PYTHONPATH=/home/ti5/ws_moveit2/install/srdfdom/local/lib/python3.10/dist-packages:${PYTHONPATH} /usr/bin/cmake /home/ti5/ws_moveit2/moveit2/moveit_planners/chomp/chomp_optimizer_adapter -DCMAKE_BUILD_TYPE=Release -DCMAKE_INSTALL_PREFIX=/home/ti5/ws_moveit2/install/moveit_chomp_optimizer_adapter
[1.139s] -- The C compiler identification is GNU 11.4.0
[1.715s] -- The CXX compiler identification is GNU 11.4.0
[1.838s] -- Detecting C compiler ABI info
[2.598s] -- Detecting C compiler ABI info - done
[2.663s] -- Check for working C compiler: /usr/bin/cc - skipped
[2.664s] -- Detecting C compile features
[2.680s] -- Detecting C compile features - done
[2.719s] -- Detecting CXX compiler ABI info
[3.504s] -- Detecting CXX compiler ABI info - done
[3.583s] -- Check for working CXX compiler: /usr/bin/c++ - skipped
[3.585s] -- Detecting CXX compile features
[3.588s] -- Detecting CXX compile features - done
[3.625s] -- Found moveit_common: 2.5.5 (/home/ti5/ws_moveit2/install/moveit_common/share/moveit_common/cmake)
[3.674s] -- Found ament_cmake: 1.3.8 (/opt/ros/humble/share/ament_cmake/cmake)
[5.074s] -- Found Python3: /usr/bin/python3 (found version "3.10.12") found components: Interpreter 
[6.197s] -- Found libdw: /usr/lib/x86_64-linux-gnu/libdw.so  
[6.241s] -- Could NOT find libbfd (missing: LIBBFD_LIBRARY LIBBFD_INCLUDE_DIR) 
[6.242s] -- BACKWARD_HAS_UNWIND=1
[6.243s] -- BACKWARD_HAS_BACKTRACE=0
[6.244s] -- BACKWARD_HAS_BACKTRACE_SYMBOL=0
[6.245s] -- BACKWARD_HAS_DW=1
[6.245s] -- BACKWARD_HAS_BFD=0
[6.246s] -- Found Backward: /opt/ros/humble/share/backward_ros/cmake  
[6.250s] -- Found chomp_motion_planner: 2.5.5 (/home/ti5/ws_moveit2/install/chomp_motion_planner/share/chomp_motion_planner/cmake)
[6.258s] -- Found moveit_core: 2.5.5 (/home/ti5/ws_moveit2/install/moveit_core/share/moveit_core/cmake)
[8.117s] -- Found Boost: /usr/lib/x86_64-linux-gnu/cmake/Boost-1.74.0/BoostConfig.cmake (found version "1.74.0") found components: chrono date_time filesystem iostreams program_options regex serialization system thread 
[8.736s] -- Found parameter_traits: 0.3.8 (/opt/ros/humble/share/parameter_traits/cmake)
[9.208s] -- Found rosidl_generator_c: 3.1.5 (/opt/ros/humble/share/rosidl_generator_c/cmake)
[9.258s] -- Found rosidl_adapter: 3.1.5 (/opt/ros/humble/share/rosidl_adapter/cmake)
[9.420s] -- Found rosidl_generator_cpp: 3.1.5 (/opt/ros/humble/share/rosidl_generator_cpp/cmake)
[9.538s] -- Using all available rosidl_typesupport_c: rosidl_typesupport_fastrtps_c;rosidl_typesupport_introspection_c
[9.739s] -- Using all available rosidl_typesupport_cpp: rosidl_typesupport_fastrtps_cpp;rosidl_typesupport_introspection_cpp
[10.647s] -- Found rmw_implementation_cmake: 6.1.1 (/opt/ros/humble/share/rmw_implementation_cmake/cmake)
[10.700s] -- Found rmw_fastrtps_cpp: 6.2.6 (/opt/ros/humble/share/rmw_fastrtps_cpp/cmake)
[11.711s] -- Found OpenSSL: /usr/lib/x86_64-linux-gnu/libcrypto.so (found version "3.0.2")  
[11.840s] -- Found FastRTPS: /opt/ros/humble/include  
[12.069s] -- Using RMW implementation 'rmw_fastrtps_cpp' as default
[12.153s] -- Found Threads: TRUE  
[13.715s] -- Found Eigen3: TRUE (found version "3.4.0") 
[13.746s] -- Found rclcpp_lifecycle: 16.0.8 (/opt/ros/humble/share/rclcpp_lifecycle/cmake)
[14.303s] -- Found Boost: /usr/lib/x86_64-linux-gnu/cmake/Boost-1.74.0/BoostConfig.cmake (found version "1.74.0") found components: filesystem 
[15.787s] -- library: /usr/lib/x86_64-linux-gnu/libcurl.so
[19.143s] -- Ensuring Eigen3 include directory is part of orocos-kdl CMake target
[28.644s] -- Found ament_lint_auto: 0.12.10 (/opt/ros/humble/share/ament_lint_auto/cmake)
[28.767s] -- Added test 'cppcheck' to perform static code analysis on C / C++ code
[28.769s] -- Configured cppcheck include dirs: 
[28.770s] -- Configured cppcheck exclude dirs and/or files: 
[28.792s] -- Added test 'xmllint' to check XML markup files
[28.827s] -- Configuring done
[29.276s] -- Generating done
[29.293s] -- Build files have been written to: /home/ti5/ws_moveit2/build/moveit_chomp_optimizer_adapter
[29.782s] Invoked command in '/home/ti5/ws_moveit2/build/moveit_chomp_optimizer_adapter' returned '0': AMENT_PREFIX_PATH=/home/ti5/ws_moveit2/install/chomp_motion_planner:/home/ti5/ws_moveit2/install/moveit_core:/home/ti5/ws_moveit2/install/srdfdom:/home/ti5/ws_moveit2/install/moveit_common:${AMENT_PREFIX_PATH} CMAKE_PREFIX_PATH=/home/ti5/ws_moveit2/install/chomp_motion_planner:/home/ti5/ws_moveit2/install/moveit_core:/home/ti5/ws_moveit2/install/srdfdom:/home/ti5/ws_moveit2/install/moveit_common:/opt/ros/humble LD_LIBRARY_PATH=/home/ti5/ws_moveit2/install/chomp_motion_planner/lib:/home/ti5/ws_moveit2/install/moveit_core/lib:/home/ti5/ws_moveit2/install/srdfdom/lib:${LD_LIBRARY_PATH} PATH=/home/ti5/ws_moveit2/install/moveit_core/bin:${PATH} PYTHONPATH=/home/ti5/ws_moveit2/install/srdfdom/local/lib/python3.10/dist-packages:${PYTHONPATH} /usr/bin/cmake /home/ti5/ws_moveit2/moveit2/moveit_planners/chomp/chomp_optimizer_adapter -DCMAKE_BUILD_TYPE=Release -DCMAKE_INSTALL_PREFIX=/home/ti5/ws_moveit2/install/moveit_chomp_optimizer_adapter
[29.884s] Invoking command in '/home/ti5/ws_moveit2/build/moveit_chomp_optimizer_adapter': AMENT_PREFIX_PATH=/home/ti5/ws_moveit2/install/chomp_motion_planner:/home/ti5/ws_moveit2/install/moveit_core:/home/ti5/ws_moveit2/install/srdfdom:/home/ti5/ws_moveit2/install/moveit_common:${AMENT_PREFIX_PATH} CMAKE_PREFIX_PATH=/home/ti5/ws_moveit2/install/chomp_motion_planner:/home/ti5/ws_moveit2/install/moveit_core:/home/ti5/ws_moveit2/install/srdfdom:/home/ti5/ws_moveit2/install/moveit_common:/opt/ros/humble LD_LIBRARY_PATH=/home/ti5/ws_moveit2/install/chomp_motion_planner/lib:/home/ti5/ws_moveit2/install/moveit_core/lib:/home/ti5/ws_moveit2/install/srdfdom/lib:${LD_LIBRARY_PATH} PATH=/home/ti5/ws_moveit2/install/moveit_core/bin:${PATH} PYTHONPATH=/home/ti5/ws_moveit2/install/srdfdom/local/lib/python3.10/dist-packages:${PYTHONPATH} /usr/bin/cmake --build /home/ti5/ws_moveit2/build/moveit_chomp_optimizer_adapter -- -j4 -l4
[30.366s] [ 50%] [32mBuilding CXX object CMakeFiles/moveit_chomp_optimizer_adapter.dir/src/chomp_optimizer_adapter.cpp.o[0m
[658.286s] [100%] [32m[1mLinking CXX shared library libmoveit_chomp_optimizer_adapter.so[0m
[660.262s] [100%] Built target moveit_chomp_optimizer_adapter
[660.496s] Invoked command in '/home/ti5/ws_moveit2/build/moveit_chomp_optimizer_adapter' returned '0': AMENT_PREFIX_PATH=/home/ti5/ws_moveit2/install/chomp_motion_planner:/home/ti5/ws_moveit2/install/moveit_core:/home/ti5/ws_moveit2/install/srdfdom:/home/ti5/ws_moveit2/install/moveit_common:${AMENT_PREFIX_PATH} CMAKE_PREFIX_PATH=/home/ti5/ws_moveit2/install/chomp_motion_planner:/home/ti5/ws_moveit2/install/moveit_core:/home/ti5/ws_moveit2/install/srdfdom:/home/ti5/ws_moveit2/install/moveit_common:/opt/ros/humble LD_LIBRARY_PATH=/home/ti5/ws_moveit2/install/chomp_motion_planner/lib:/home/ti5/ws_moveit2/install/moveit_core/lib:/home/ti5/ws_moveit2/install/srdfdom/lib:${LD_LIBRARY_PATH} PATH=/home/ti5/ws_moveit2/install/moveit_core/bin:${PATH} PYTHONPATH=/home/ti5/ws_moveit2/install/srdfdom/local/lib/python3.10/dist-packages:${PYTHONPATH} /usr/bin/cmake --build /home/ti5/ws_moveit2/build/moveit_chomp_optimizer_adapter -- -j4 -l4
[660.752s] Invoking command in '/home/ti5/ws_moveit2/build/moveit_chomp_optimizer_adapter': AMENT_PREFIX_PATH=/home/ti5/ws_moveit2/install/chomp_motion_planner:/home/ti5/ws_moveit2/install/moveit_core:/home/ti5/ws_moveit2/install/srdfdom:/home/ti5/ws_moveit2/install/moveit_common:${AMENT_PREFIX_PATH} CMAKE_PREFIX_PATH=/home/ti5/ws_moveit2/install/chomp_motion_planner:/home/ti5/ws_moveit2/install/moveit_core:/home/ti5/ws_moveit2/install/srdfdom:/home/ti5/ws_moveit2/install/moveit_common:/opt/ros/humble LD_LIBRARY_PATH=/home/ti5/ws_moveit2/install/chomp_motion_planner/lib:/home/ti5/ws_moveit2/install/moveit_core/lib:/home/ti5/ws_moveit2/install/srdfdom/lib:${LD_LIBRARY_PATH} PATH=/home/ti5/ws_moveit2/install/moveit_core/bin:${PATH} PYTHONPATH=/home/ti5/ws_moveit2/install/srdfdom/local/lib/python3.10/dist-packages:${PYTHONPATH} /usr/bin/cmake --install /home/ti5/ws_moveit2/build/moveit_chomp_optimizer_adapter
[660.810s] -- Install configuration: "Release"
[660.813s] -- Installing: /home/ti5/ws_moveit2/install/moveit_chomp_optimizer_adapter/lib/libmoveit_chomp_optimizer_adapter.so.2.5.5
[660.817s] -- Set runtime path of "/home/ti5/ws_moveit2/install/moveit_chomp_optimizer_adapter/lib/libmoveit_chomp_optimizer_adapter.so.2.5.5" to ""
[660.818s] -- Installing: /home/ti5/ws_moveit2/install/moveit_chomp_optimizer_adapter/lib/libmoveit_chomp_optimizer_adapter.so
[660.821s] -- Installing: /home/ti5/ws_moveit2/install/moveit_chomp_optimizer_adapter/share/moveit_chomp_optimizer_adapter/environment/library_path.sh
[660.822s] -- Installing: /home/ti5/ws_moveit2/install/moveit_chomp_optimizer_adapter/share/moveit_chomp_optimizer_adapter/environment/library_path.dsv
[660.825s] -- Installing: /home/ti5/ws_moveit2/install/moveit_chomp_optimizer_adapter/share/moveit_chomp_optimizer_adapter/chomp_optimizer_adapter_plugin_description.xml
[660.828s] -- Installing: /home/ti5/ws_moveit2/install/moveit_chomp_optimizer_adapter/share/ament_index/resource_index/package_run_dependencies/moveit_chomp_optimizer_adapter
[660.831s] -- Installing: /home/ti5/ws_moveit2/install/moveit_chomp_optimizer_adapter/share/ament_index/resource_index/parent_prefix_path/moveit_chomp_optimizer_adapter
[660.839s] -- Installing: /home/ti5/ws_moveit2/install/moveit_chomp_optimizer_adapter/share/moveit_chomp_optimizer_adapter/environment/ament_prefix_path.sh
[660.841s] -- Installing: /home/ti5/ws_moveit2/install/moveit_chomp_optimizer_adapter/share/moveit_chomp_optimizer_adapter/environment/ament_prefix_path.dsv
[660.845s] -- Installing: /home/ti5/ws_moveit2/install/moveit_chomp_optimizer_adapter/share/moveit_chomp_optimizer_adapter/environment/path.sh
[660.847s] -- Installing: /home/ti5/ws_moveit2/install/moveit_chomp_optimizer_adapter/share/moveit_chomp_optimizer_adapter/environment/path.dsv
[660.848s] -- Installing: /home/ti5/ws_moveit2/install/moveit_chomp_optimizer_adapter/share/moveit_chomp_optimizer_adapter/local_setup.bash
[660.850s] -- Installing: /home/ti5/ws_moveit2/install/moveit_chomp_optimizer_adapter/share/moveit_chomp_optimizer_adapter/local_setup.sh
[660.852s] -- Installing: /home/ti5/ws_moveit2/install/moveit_chomp_optimizer_adapter/share/moveit_chomp_optimizer_adapter/local_setup.zsh
[660.854s] -- Installing: /home/ti5/ws_moveit2/install/moveit_chomp_optimizer_adapter/share/moveit_chomp_optimizer_adapter/local_setup.dsv
[660.856s] -- Installing: /home/ti5/ws_moveit2/install/moveit_chomp_optimizer_adapter/share/moveit_chomp_optimizer_adapter/package.dsv
[660.858s] -- Installing: /home/ti5/ws_moveit2/install/moveit_chomp_optimizer_adapter/share/ament_index/resource_index/packages/moveit_chomp_optimizer_adapter
[660.860s] -- Installing: /home/ti5/ws_moveit2/install/moveit_chomp_optimizer_adapter/share/ament_index/resource_index/moveit_core__pluginlib__plugin/moveit_chomp_optimizer_adapter
[660.864s] -- Installing: /home/ti5/ws_moveit2/install/moveit_chomp_optimizer_adapter/share/moveit_chomp_optimizer_adapter/cmake/moveit_chomp_optimizer_adapterTargetsExport.cmake
[660.866s] -- Installing: /home/ti5/ws_moveit2/install/moveit_chomp_optimizer_adapter/share/moveit_chomp_optimizer_adapter/cmake/moveit_chomp_optimizer_adapterTargetsExport-release.cmake
[660.868s] -- Installing: /home/ti5/ws_moveit2/install/moveit_chomp_optimizer_adapter/share/moveit_chomp_optimizer_adapter/cmake/ament_cmake_export_targets-extras.cmake
[660.870s] -- Installing: /home/ti5/ws_moveit2/install/moveit_chomp_optimizer_adapter/share/moveit_chomp_optimizer_adapter/cmake/moveit_chomp_optimizer_adapterConfig.cmake
[660.872s] -- Installing: /home/ti5/ws_moveit2/install/moveit_chomp_optimizer_adapter/share/moveit_chomp_optimizer_adapter/cmake/moveit_chomp_optimizer_adapterConfig-version.cmake
[660.874s] -- Installing: /home/ti5/ws_moveit2/install/moveit_chomp_optimizer_adapter/share/moveit_chomp_optimizer_adapter/package.xml
[660.898s] Invoked command in '/home/ti5/ws_moveit2/build/moveit_chomp_optimizer_adapter' returned '0': AMENT_PREFIX_PATH=/home/ti5/ws_moveit2/install/chomp_motion_planner:/home/ti5/ws_moveit2/install/moveit_core:/home/ti5/ws_moveit2/install/srdfdom:/home/ti5/ws_moveit2/install/moveit_common:${AMENT_PREFIX_PATH} CMAKE_PREFIX_PATH=/home/ti5/ws_moveit2/install/chomp_motion_planner:/home/ti5/ws_moveit2/install/moveit_core:/home/ti5/ws_moveit2/install/srdfdom:/home/ti5/ws_moveit2/install/moveit_common:/opt/ros/humble LD_LIBRARY_PATH=/home/ti5/ws_moveit2/install/chomp_motion_planner/lib:/home/ti5/ws_moveit2/install/moveit_core/lib:/home/ti5/ws_moveit2/install/srdfdom/lib:${LD_LIBRARY_PATH} PATH=/home/ti5/ws_moveit2/install/moveit_core/bin:${PATH} PYTHONPATH=/home/ti5/ws_moveit2/install/srdfdom/local/lib/python3.10/dist-packages:${PYTHONPATH} /usr/bin/cmake --install /home/ti5/ws_moveit2/build/moveit_chomp_optimizer_adapter
