[0.163s] Invoking command in '/home/ti5/ws_moveit2/build/moveit_hybrid_planning': AMENT_PREFIX_PATH=/home/ti5/ws_moveit2/install/moveit_ros_planning_interface:/home/ti5/ws_moveit2/install/moveit_ros_move_group:/home/ti5/ws_moveit2/install/moveit_ros_warehouse:/home/ti5/ws_moveit2/install/moveit_planners_ompl:/home/ti5/ws_moveit2/install/moveit_kinematics:/home/ti5/ws_moveit2/install/moveit_ros_planning:/home/ti5/ws_moveit2/install/moveit_ros_occupancy_map_monitor:/home/ti5/ws_moveit2/install/moveit_core:/home/ti5/ws_moveit2/install/moveit_resources_panda_moveit_config:/home/ti5/ws_moveit2/install/srdfdom:/home/ti5/ws_moveit2/install/moveit_resources_panda_description:/home/ti5/ws_moveit2/install/moveit_common:${AMENT_PREFIX_PATH} CMAKE_PREFIX_PATH=/home/ti5/ws_moveit2/install/moveit_ros_planning_interface:/home/ti5/ws_moveit2/install/moveit_ros_move_group:/home/ti5/ws_moveit2/install/moveit_ros_warehouse:/home/ti5/ws_moveit2/install/moveit_planners_ompl:/home/ti5/ws_moveit2/install/moveit_kinematics:/home/ti5/ws_moveit2/install/moveit_ros_planning:/home/ti5/ws_moveit2/install/moveit_ros_occupancy_map_monitor:/home/ti5/ws_moveit2/install/moveit_core:/home/ti5/ws_moveit2/install/moveit_resources_panda_moveit_config:/home/ti5/ws_moveit2/install/srdfdom:/home/ti5/ws_moveit2/install/moveit_resources_panda_description:/home/ti5/ws_moveit2/install/moveit_common:/opt/ros/humble LD_LIBRARY_PATH=/home/ti5/ws_moveit2/install/moveit_ros_planning_interface/lib:/home/ti5/ws_moveit2/install/moveit_ros_move_group/lib:/home/ti5/ws_moveit2/install/moveit_ros_warehouse/lib:/home/ti5/ws_moveit2/install/moveit_planners_ompl/lib:/home/ti5/ws_moveit2/install/moveit_kinematics/lib:/home/ti5/ws_moveit2/install/moveit_ros_planning/lib:/home/ti5/ws_moveit2/install/moveit_ros_occupancy_map_monitor/lib:/home/ti5/ws_moveit2/install/moveit_core/lib:/home/ti5/ws_moveit2/install/srdfdom/lib:${LD_LIBRARY_PATH} PATH=/home/ti5/ws_moveit2/install/moveit_core/bin:${PATH} PYTHONPATH=/home/ti5/ws_moveit2/install/srdfdom/local/lib/python3.10/dist-packages:${PYTHONPATH} /usr/bin/cmake --build /home/ti5/ws_moveit2/build/moveit_hybrid_planning -- -j4 -l4
[0.823s] [ 10%] Built target moveit_local_planner_component
[0.862s] [ 20%] Built target motion_planning_pipeline_plugin
[0.881s] [ 30%] Built target moveit_hybrid_planning_manager
[1.008s] [ 40%] Built target moveit_global_planner_component
[1.288s] [ 50%] Built target simple_sampler_plugin
[1.364s] [ 60%] Built target forward_trajectory_plugin
[1.394s] [ 70%] Built target single_plan_execution_plugin
[1.741s] [ 80%] Built target replan_invalidated_trajectory_plugin
[2.214s] [ 90%] Built target cancel_action
[2.404s] [100%] Built target hybrid_planning_demo_node
[2.601s] Invoked command in '/home/ti5/ws_moveit2/build/moveit_hybrid_planning' returned '0': AMENT_PREFIX_PATH=/home/ti5/ws_moveit2/install/moveit_ros_planning_interface:/home/ti5/ws_moveit2/install/moveit_ros_move_group:/home/ti5/ws_moveit2/install/moveit_ros_warehouse:/home/ti5/ws_moveit2/install/moveit_planners_ompl:/home/ti5/ws_moveit2/install/moveit_kinematics:/home/ti5/ws_moveit2/install/moveit_ros_planning:/home/ti5/ws_moveit2/install/moveit_ros_occupancy_map_monitor:/home/ti5/ws_moveit2/install/moveit_core:/home/ti5/ws_moveit2/install/moveit_resources_panda_moveit_config:/home/ti5/ws_moveit2/install/srdfdom:/home/ti5/ws_moveit2/install/moveit_resources_panda_description:/home/ti5/ws_moveit2/install/moveit_common:${AMENT_PREFIX_PATH} CMAKE_PREFIX_PATH=/home/ti5/ws_moveit2/install/moveit_ros_planning_interface:/home/ti5/ws_moveit2/install/moveit_ros_move_group:/home/ti5/ws_moveit2/install/moveit_ros_warehouse:/home/ti5/ws_moveit2/install/moveit_planners_ompl:/home/ti5/ws_moveit2/install/moveit_kinematics:/home/ti5/ws_moveit2/install/moveit_ros_planning:/home/ti5/ws_moveit2/install/moveit_ros_occupancy_map_monitor:/home/ti5/ws_moveit2/install/moveit_core:/home/ti5/ws_moveit2/install/moveit_resources_panda_moveit_config:/home/ti5/ws_moveit2/install/srdfdom:/home/ti5/ws_moveit2/install/moveit_resources_panda_description:/home/ti5/ws_moveit2/install/moveit_common:/opt/ros/humble LD_LIBRARY_PATH=/home/ti5/ws_moveit2/install/moveit_ros_planning_interface/lib:/home/ti5/ws_moveit2/install/moveit_ros_move_group/lib:/home/ti5/ws_moveit2/install/moveit_ros_warehouse/lib:/home/ti5/ws_moveit2/install/moveit_planners_ompl/lib:/home/ti5/ws_moveit2/install/moveit_kinematics/lib:/home/ti5/ws_moveit2/install/moveit_ros_planning/lib:/home/ti5/ws_moveit2/install/moveit_ros_occupancy_map_monitor/lib:/home/ti5/ws_moveit2/install/moveit_core/lib:/home/ti5/ws_moveit2/install/srdfdom/lib:${LD_LIBRARY_PATH} PATH=/home/ti5/ws_moveit2/install/moveit_core/bin:${PATH} PYTHONPATH=/home/ti5/ws_moveit2/install/srdfdom/local/lib/python3.10/dist-packages:${PYTHONPATH} /usr/bin/cmake --build /home/ti5/ws_moveit2/build/moveit_hybrid_planning -- -j4 -l4
[3.114s] Invoking command in '/home/ti5/ws_moveit2/build/moveit_hybrid_planning': AMENT_PREFIX_PATH=/home/ti5/ws_moveit2/install/moveit_ros_planning_interface:/home/ti5/ws_moveit2/install/moveit_ros_move_group:/home/ti5/ws_moveit2/install/moveit_ros_warehouse:/home/ti5/ws_moveit2/install/moveit_planners_ompl:/home/ti5/ws_moveit2/install/moveit_kinematics:/home/ti5/ws_moveit2/install/moveit_ros_planning:/home/ti5/ws_moveit2/install/moveit_ros_occupancy_map_monitor:/home/ti5/ws_moveit2/install/moveit_core:/home/ti5/ws_moveit2/install/moveit_resources_panda_moveit_config:/home/ti5/ws_moveit2/install/srdfdom:/home/ti5/ws_moveit2/install/moveit_resources_panda_description:/home/ti5/ws_moveit2/install/moveit_common:${AMENT_PREFIX_PATH} CMAKE_PREFIX_PATH=/home/ti5/ws_moveit2/install/moveit_ros_planning_interface:/home/ti5/ws_moveit2/install/moveit_ros_move_group:/home/ti5/ws_moveit2/install/moveit_ros_warehouse:/home/ti5/ws_moveit2/install/moveit_planners_ompl:/home/ti5/ws_moveit2/install/moveit_kinematics:/home/ti5/ws_moveit2/install/moveit_ros_planning:/home/ti5/ws_moveit2/install/moveit_ros_occupancy_map_monitor:/home/ti5/ws_moveit2/install/moveit_core:/home/ti5/ws_moveit2/install/moveit_resources_panda_moveit_config:/home/ti5/ws_moveit2/install/srdfdom:/home/ti5/ws_moveit2/install/moveit_resources_panda_description:/home/ti5/ws_moveit2/install/moveit_common:/opt/ros/humble LD_LIBRARY_PATH=/home/ti5/ws_moveit2/install/moveit_ros_planning_interface/lib:/home/ti5/ws_moveit2/install/moveit_ros_move_group/lib:/home/ti5/ws_moveit2/install/moveit_ros_warehouse/lib:/home/ti5/ws_moveit2/install/moveit_planners_ompl/lib:/home/ti5/ws_moveit2/install/moveit_kinematics/lib:/home/ti5/ws_moveit2/install/moveit_ros_planning/lib:/home/ti5/ws_moveit2/install/moveit_ros_occupancy_map_monitor/lib:/home/ti5/ws_moveit2/install/moveit_core/lib:/home/ti5/ws_moveit2/install/srdfdom/lib:${LD_LIBRARY_PATH} PATH=/home/ti5/ws_moveit2/install/moveit_core/bin:${PATH} PYTHONPATH=/home/ti5/ws_moveit2/install/srdfdom/local/lib/python3.10/dist-packages:${PYTHONPATH} /usr/bin/cmake --install /home/ti5/ws_moveit2/build/moveit_hybrid_planning
[3.223s] -- Install configuration: "Release"
[3.248s] -- Up-to-date: /home/ti5/ws_moveit2/install/moveit_hybrid_planning/lib/libmoveit_global_planner_component.so.2.5.5
[3.248s] -- Up-to-date: /home/ti5/ws_moveit2/install/moveit_hybrid_planning/lib/libmoveit_global_planner_component.so
[3.252s] -- Up-to-date: /home/ti5/ws_moveit2/install/moveit_hybrid_planning/lib/libmoveit_hybrid_planning_manager.so.2.5.5
[3.254s] -- Up-to-date: /home/ti5/ws_moveit2/install/moveit_hybrid_planning/lib/libmoveit_hybrid_planning_manager.so
[3.260s] -- Up-to-date: /home/ti5/ws_moveit2/install/moveit_hybrid_planning/lib/libmoveit_local_planner_component.so.2.5.5
[3.262s] -- Up-to-date: /home/ti5/ws_moveit2/install/moveit_hybrid_planning/lib/libmoveit_local_planner_component.so
[3.266s] -- Up-to-date: /home/ti5/ws_moveit2/install/moveit_hybrid_planning/lib/libforward_trajectory_plugin.so.2.5.5
[3.267s] -- Up-to-date: /home/ti5/ws_moveit2/install/moveit_hybrid_planning/lib/libforward_trajectory_plugin.so
[3.277s] -- Up-to-date: /home/ti5/ws_moveit2/install/moveit_hybrid_planning/lib/libmotion_planning_pipeline_plugin.so.2.5.5
[3.278s] -- Up-to-date: /home/ti5/ws_moveit2/install/moveit_hybrid_planning/lib/libmotion_planning_pipeline_plugin.so
[3.284s] -- Up-to-date: /home/ti5/ws_moveit2/install/moveit_hybrid_planning/lib/libreplan_invalidated_trajectory_plugin.so.2.5.5
[3.285s] -- Up-to-date: /home/ti5/ws_moveit2/install/moveit_hybrid_planning/lib/libreplan_invalidated_trajectory_plugin.so
[3.287s] -- Up-to-date: /home/ti5/ws_moveit2/install/moveit_hybrid_planning/lib/libsimple_sampler_plugin.so.2.5.5
[3.289s] -- Up-to-date: /home/ti5/ws_moveit2/install/moveit_hybrid_planning/lib/libsimple_sampler_plugin.so
[3.297s] -- Up-to-date: /home/ti5/ws_moveit2/install/moveit_hybrid_planning/lib/libsingle_plan_execution_plugin.so.2.5.5
[3.298s] -- Up-to-date: /home/ti5/ws_moveit2/install/moveit_hybrid_planning/lib/libsingle_plan_execution_plugin.so
[3.309s] -- Up-to-date: /home/ti5/ws_moveit2/install/moveit_hybrid_planning/lib/moveit_hybrid_planning/cancel_action
[3.313s] -- Up-to-date: /home/ti5/ws_moveit2/install/moveit_hybrid_planning/lib/moveit_hybrid_planning/hybrid_planning_demo_node
[3.315s] -- Up-to-date: /home/ti5/ws_moveit2/install/moveit_hybrid_planning/include
[3.316s] -- Up-to-date: /home/ti5/ws_moveit2/install/moveit_hybrid_planning/include/moveit
[3.320s] -- Up-to-date: /home/ti5/ws_moveit2/install/moveit_hybrid_planning/include/moveit/global_planner
[3.321s] -- Up-to-date: /home/ti5/ws_moveit2/install/moveit_hybrid_planning/include/moveit/global_planner/global_planner_component.h
[3.322s] -- Up-to-date: /home/ti5/ws_moveit2/install/moveit_hybrid_planning/include/moveit/global_planner/global_planner_interface.h
[3.323s] -- Up-to-date: /home/ti5/ws_moveit2/install/moveit_hybrid_planning/include
[3.324s] -- Up-to-date: /home/ti5/ws_moveit2/install/moveit_hybrid_planning/include/moveit
[3.324s] -- Up-to-date: /home/ti5/ws_moveit2/install/moveit_hybrid_planning/include/moveit/global_planner
[3.327s] -- Up-to-date: /home/ti5/ws_moveit2/install/moveit_hybrid_planning/include/moveit/global_planner/moveit_planning_pipeline.h
[3.328s] -- Up-to-date: /home/ti5/ws_moveit2/install/moveit_hybrid_planning/include
[3.328s] -- Up-to-date: /home/ti5/ws_moveit2/install/moveit_hybrid_planning/include/moveit
[3.329s] -- Up-to-date: /home/ti5/ws_moveit2/install/moveit_hybrid_planning/include/moveit/hybrid_planning_manager
[3.329s] -- Up-to-date: /home/ti5/ws_moveit2/install/moveit_hybrid_planning/include/moveit/hybrid_planning_manager/hybrid_planning_manager.h
[3.330s] -- Up-to-date: /home/ti5/ws_moveit2/install/moveit_hybrid_planning/include/moveit/hybrid_planning_manager/planner_logic_interface.h
[3.333s] -- Up-to-date: /home/ti5/ws_moveit2/install/moveit_hybrid_planning/include/moveit/hybrid_planning_manager/hybrid_planning_events.h
[3.335s] -- Up-to-date: /home/ti5/ws_moveit2/install/moveit_hybrid_planning/include/moveit/hybrid_planning_manager/moveit_error_code_interface.h
[3.344s] -- Up-to-date: /home/ti5/ws_moveit2/install/moveit_hybrid_planning/include
[3.345s] -- Up-to-date: /home/ti5/ws_moveit2/install/moveit_hybrid_planning/include/moveit
[3.346s] -- Up-to-date: /home/ti5/ws_moveit2/install/moveit_hybrid_planning/include/moveit/planner_logic_plugins
[3.346s] -- Up-to-date: /home/ti5/ws_moveit2/install/moveit_hybrid_planning/include/moveit/planner_logic_plugins/single_plan_execution.h
[3.347s] -- Up-to-date: /home/ti5/ws_moveit2/install/moveit_hybrid_planning/include/moveit/planner_logic_plugins/replan_invalidated_trajectory.h
[3.361s] -- Up-to-date: /home/ti5/ws_moveit2/install/moveit_hybrid_planning/include
[3.366s] -- Up-to-date: /home/ti5/ws_moveit2/install/moveit_hybrid_planning/include/moveit
[3.369s] -- Up-to-date: /home/ti5/ws_moveit2/install/moveit_hybrid_planning/include/moveit/local_planner
[3.369s] -- Up-to-date: /home/ti5/ws_moveit2/install/moveit_hybrid_planning/include/moveit/local_planner/trajectory_operator_interface.h
[3.370s] -- Up-to-date: /home/ti5/ws_moveit2/install/moveit_hybrid_planning/include/moveit/local_planner/local_planner_component.h
[3.372s] -- Up-to-date: /home/ti5/ws_moveit2/install/moveit_hybrid_planning/include/moveit/local_planner/local_constraint_solver_interface.h
[3.387s] -- Up-to-date: /home/ti5/ws_moveit2/install/moveit_hybrid_planning/include/moveit/local_planner/feedback_types.h
[3.388s] -- Up-to-date: /home/ti5/ws_moveit2/install/moveit_hybrid_planning/include
[3.388s] -- Up-to-date: /home/ti5/ws_moveit2/install/moveit_hybrid_planning/include/moveit
[3.389s] -- Up-to-date: /home/ti5/ws_moveit2/install/moveit_hybrid_planning/include/moveit/trajectory_operator_plugins
[3.390s] -- Up-to-date: /home/ti5/ws_moveit2/install/moveit_hybrid_planning/include/moveit/trajectory_operator_plugins/simple_sampler.h
[3.390s] -- Up-to-date: /home/ti5/ws_moveit2/install/moveit_hybrid_planning/include
[3.391s] -- Up-to-date: /home/ti5/ws_moveit2/install/moveit_hybrid_planning/include/moveit
[3.396s] -- Up-to-date: /home/ti5/ws_moveit2/install/moveit_hybrid_planning/include/moveit/local_constraint_solver_plugins
[3.396s] -- Up-to-date: /home/ti5/ws_moveit2/install/moveit_hybrid_planning/include/moveit/local_constraint_solver_plugins/forward_trajectory.h
[3.397s] -- Up-to-date: /home/ti5/ws_moveit2/install/moveit_hybrid_planning/share/moveit_hybrid_planning/launch
[3.397s] -- Up-to-date: /home/ti5/ws_moveit2/install/moveit_hybrid_planning/share/moveit_hybrid_planning/launch/hybrid_planning_demo.launch.py
[3.398s] -- Up-to-date: /home/ti5/ws_moveit2/install/moveit_hybrid_planning/share/moveit_hybrid_planning/launch/hybrid_planning_common.py
[3.408s] -- Up-to-date: /home/ti5/ws_moveit2/install/moveit_hybrid_planning/share/moveit_hybrid_planning/launch/test_basic_integration.test.py
[3.445s] -- Up-to-date: /home/ti5/ws_moveit2/install/moveit_hybrid_planning/share/moveit_hybrid_planning/config
[3.446s] -- Up-to-date: /home/ti5/ws_moveit2/install/moveit_hybrid_planning/share/moveit_hybrid_planning/config/local_planner.yaml
[3.449s] -- Up-to-date: /home/ti5/ws_moveit2/install/moveit_hybrid_planning/share/moveit_hybrid_planning/config/demo_controller.yaml
[3.450s] -- Up-to-date: /home/ti5/ws_moveit2/install/moveit_hybrid_planning/share/moveit_hybrid_planning/config/hybrid_planning_demo.rviz
[3.451s] -- Up-to-date: /home/ti5/ws_moveit2/install/moveit_hybrid_planning/share/moveit_hybrid_planning/config/hybrid_planning_manager.yaml
[3.452s] -- Up-to-date: /home/ti5/ws_moveit2/install/moveit_hybrid_planning/share/moveit_hybrid_planning/config/global_planner.yaml
[3.452s] -- Up-to-date: /home/ti5/ws_moveit2/install/moveit_hybrid_planning/share/moveit_hybrid_planning/config/common_hybrid_planning_params.yaml
[3.455s] -- Up-to-date: /home/ti5/ws_moveit2/install/moveit_hybrid_planning/share/moveit_hybrid_planning/single_plan_execution_plugin.xml
[3.456s] -- Up-to-date: /home/ti5/ws_moveit2/install/moveit_hybrid_planning/share/moveit_hybrid_planning/moveit_planning_pipeline_plugin.xml
[3.457s] -- Up-to-date: /home/ti5/ws_moveit2/install/moveit_hybrid_planning/share/moveit_hybrid_planning/simple_sampler_plugin.xml
[3.457s] -- Up-to-date: /home/ti5/ws_moveit2/install/moveit_hybrid_planning/share/moveit_hybrid_planning/replan_invalidated_trajectory_plugin.xml
[3.460s] -- Up-to-date: /home/ti5/ws_moveit2/install/moveit_hybrid_planning/share/moveit_hybrid_planning/forward_trajectory_plugin.xml
[3.461s] -- Up-to-date: /home/ti5/ws_moveit2/install/moveit_hybrid_planning/share/moveit_hybrid_planning/environment/library_path.sh
[3.462s] -- Up-to-date: /home/ti5/ws_moveit2/install/moveit_hybrid_planning/share/moveit_hybrid_planning/environment/library_path.dsv
[3.462s] -- Up-to-date: /home/ti5/ws_moveit2/install/moveit_hybrid_planning/share/ament_index/resource_index/package_run_dependencies/moveit_hybrid_planning
[3.486s] -- Up-to-date: /home/ti5/ws_moveit2/install/moveit_hybrid_planning/share/ament_index/resource_index/parent_prefix_path/moveit_hybrid_planning
[3.487s] -- Up-to-date: /home/ti5/ws_moveit2/install/moveit_hybrid_planning/share/moveit_hybrid_planning/environment/ament_prefix_path.sh
[3.487s] -- Up-to-date: /home/ti5/ws_moveit2/install/moveit_hybrid_planning/share/moveit_hybrid_planning/environment/ament_prefix_path.dsv
[3.488s] -- Up-to-date: /home/ti5/ws_moveit2/install/moveit_hybrid_planning/share/moveit_hybrid_planning/environment/path.sh
[3.488s] -- Up-to-date: /home/ti5/ws_moveit2/install/moveit_hybrid_planning/share/moveit_hybrid_planning/environment/path.dsv
[3.489s] -- Up-to-date: /home/ti5/ws_moveit2/install/moveit_hybrid_planning/share/moveit_hybrid_planning/local_setup.bash
[3.489s] -- Up-to-date: /home/ti5/ws_moveit2/install/moveit_hybrid_planning/share/moveit_hybrid_planning/local_setup.sh
[3.490s] -- Up-to-date: /home/ti5/ws_moveit2/install/moveit_hybrid_planning/share/moveit_hybrid_planning/local_setup.zsh
[3.490s] -- Up-to-date: /home/ti5/ws_moveit2/install/moveit_hybrid_planning/share/moveit_hybrid_planning/local_setup.dsv
[3.490s] -- Installing: /home/ti5/ws_moveit2/install/moveit_hybrid_planning/share/moveit_hybrid_planning/package.dsv
[3.491s] -- Up-to-date: /home/ti5/ws_moveit2/install/moveit_hybrid_planning/share/ament_index/resource_index/packages/moveit_hybrid_planning
[3.491s] -- Up-to-date: /home/ti5/ws_moveit2/install/moveit_hybrid_planning/share/ament_index/resource_index/moveit_hybrid_planning__pluginlib__plugin/moveit_hybrid_planning
[3.492s] -- Up-to-date: /home/ti5/ws_moveit2/install/moveit_hybrid_planning/share/ament_index/resource_index/rclcpp_components/moveit_hybrid_planning
[3.492s] -- Up-to-date: /home/ti5/ws_moveit2/install/moveit_hybrid_planning/share/moveit_hybrid_planning/cmake/export_moveit_hybrid_planningExport.cmake
[3.493s] -- Up-to-date: /home/ti5/ws_moveit2/install/moveit_hybrid_planning/share/moveit_hybrid_planning/cmake/export_moveit_hybrid_planningExport-release.cmake
[3.493s] -- Up-to-date: /home/ti5/ws_moveit2/install/moveit_hybrid_planning/share/moveit_hybrid_planning/cmake/ament_cmake_export_include_directories-extras.cmake
[3.494s] -- Up-to-date: /home/ti5/ws_moveit2/install/moveit_hybrid_planning/share/moveit_hybrid_planning/cmake/ament_cmake_export_libraries-extras.cmake
[3.494s] -- Up-to-date: /home/ti5/ws_moveit2/install/moveit_hybrid_planning/share/moveit_hybrid_planning/cmake/ament_cmake_export_dependencies-extras.cmake
[3.494s] -- Up-to-date: /home/ti5/ws_moveit2/install/moveit_hybrid_planning/share/moveit_hybrid_planning/cmake/ament_cmake_export_targets-extras.cmake
[3.495s] -- Up-to-date: /home/ti5/ws_moveit2/install/moveit_hybrid_planning/share/moveit_hybrid_planning/cmake/moveit_hybrid_planningConfig.cmake
[3.495s] -- Up-to-date: /home/ti5/ws_moveit2/install/moveit_hybrid_planning/share/moveit_hybrid_planning/cmake/moveit_hybrid_planningConfig-version.cmake
[3.511s] -- Up-to-date: /home/ti5/ws_moveit2/install/moveit_hybrid_planning/share/moveit_hybrid_planning/package.xml
[3.512s] Invoked command in '/home/ti5/ws_moveit2/build/moveit_hybrid_planning' returned '0': AMENT_PREFIX_PATH=/home/ti5/ws_moveit2/install/moveit_ros_planning_interface:/home/ti5/ws_moveit2/install/moveit_ros_move_group:/home/ti5/ws_moveit2/install/moveit_ros_warehouse:/home/ti5/ws_moveit2/install/moveit_planners_ompl:/home/ti5/ws_moveit2/install/moveit_kinematics:/home/ti5/ws_moveit2/install/moveit_ros_planning:/home/ti5/ws_moveit2/install/moveit_ros_occupancy_map_monitor:/home/ti5/ws_moveit2/install/moveit_core:/home/ti5/ws_moveit2/install/moveit_resources_panda_moveit_config:/home/ti5/ws_moveit2/install/srdfdom:/home/ti5/ws_moveit2/install/moveit_resources_panda_description:/home/ti5/ws_moveit2/install/moveit_common:${AMENT_PREFIX_PATH} CMAKE_PREFIX_PATH=/home/ti5/ws_moveit2/install/moveit_ros_planning_interface:/home/ti5/ws_moveit2/install/moveit_ros_move_group:/home/ti5/ws_moveit2/install/moveit_ros_warehouse:/home/ti5/ws_moveit2/install/moveit_planners_ompl:/home/ti5/ws_moveit2/install/moveit_kinematics:/home/ti5/ws_moveit2/install/moveit_ros_planning:/home/ti5/ws_moveit2/install/moveit_ros_occupancy_map_monitor:/home/ti5/ws_moveit2/install/moveit_core:/home/ti5/ws_moveit2/install/moveit_resources_panda_moveit_config:/home/ti5/ws_moveit2/install/srdfdom:/home/ti5/ws_moveit2/install/moveit_resources_panda_description:/home/ti5/ws_moveit2/install/moveit_common:/opt/ros/humble LD_LIBRARY_PATH=/home/ti5/ws_moveit2/install/moveit_ros_planning_interface/lib:/home/ti5/ws_moveit2/install/moveit_ros_move_group/lib:/home/ti5/ws_moveit2/install/moveit_ros_warehouse/lib:/home/ti5/ws_moveit2/install/moveit_planners_ompl/lib:/home/ti5/ws_moveit2/install/moveit_kinematics/lib:/home/ti5/ws_moveit2/install/moveit_ros_planning/lib:/home/ti5/ws_moveit2/install/moveit_ros_occupancy_map_monitor/lib:/home/ti5/ws_moveit2/install/moveit_core/lib:/home/ti5/ws_moveit2/install/srdfdom/lib:${LD_LIBRARY_PATH} PATH=/home/ti5/ws_moveit2/install/moveit_core/bin:${PATH} PYTHONPATH=/home/ti5/ws_moveit2/install/srdfdom/local/lib/python3.10/dist-packages:${PYTHONPATH} /usr/bin/cmake --install /home/ti5/ws_moveit2/build/moveit_hybrid_planning
