[0.083s] Invoking command in '/home/ti5/ws_moveit2/build/moveit_visual_tools': AMENT_PREFIX_PATH=/home/ti5/ws_moveit2/install/moveit_ros_planning:/home/ti5/ws_moveit2/install/moveit_ros_occupancy_map_monitor:/home/ti5/ws_moveit2/install/moveit_core:/home/ti5/ws_moveit2/install/srdfdom:/home/ti5/ws_moveit2/install/moveit_common:${AMENT_PREFIX_PATH} CMAKE_PREFIX_PATH=/home/ti5/ws_moveit2/install/moveit_ros_planning:/home/ti5/ws_moveit2/install/moveit_ros_occupancy_map_monitor:/home/ti5/ws_moveit2/install/moveit_core:/home/ti5/ws_moveit2/install/srdfdom:/home/ti5/ws_moveit2/install/moveit_common:/opt/ros/humble LD_LIBRARY_PATH=/home/ti5/ws_moveit2/install/moveit_ros_planning/lib:/home/ti5/ws_moveit2/install/moveit_ros_occupancy_map_monitor/lib:/home/ti5/ws_moveit2/install/moveit_core/lib:/home/ti5/ws_moveit2/install/srdfdom/lib:${LD_LIBRARY_PATH} PATH=/home/ti5/ws_moveit2/install/moveit_core/bin:${PATH} PYTHONPATH=/home/ti5/ws_moveit2/install/srdfdom/local/lib/python3.10/dist-packages:${PYTHONPATH} /usr/bin/cmake /home/ti5/ws_moveit2/moveit_visual_tools -DCMAKE_INSTALL_PREFIX=/home/ti5/ws_moveit2/install/moveit_visual_tools
[0.161s] -- Found moveit_common: 2.5.5 (/home/ti5/ws_moveit2/install/moveit_common/share/moveit_common/cmake)
[0.163s] -- Found ament_cmake: 1.3.8 (/opt/ros/humble/share/ament_cmake/cmake)
[1.165s] -- Could NOT find libbfd (missing: LIBBFD_LIBRARY LIBBFD_INCLUDE_DIR) 
[1.166s] -- BACKWARD_HAS_UNWIND=1
[1.166s] -- BACKWARD_HAS_BACKTRACE=0
[1.167s] -- BACKWARD_HAS_BACKTRACE_SYMBOL=0
[1.167s] -- BACKWARD_HAS_DW=1
[1.168s] -- BACKWARD_HAS_BFD=0
[1.172s] -- Found Backward: /opt/ros/humble/share/backward_ros/cmake  
[1.195s] -- Found Boost: /usr/lib/x86_64-linux-gnu/cmake/Boost-1.74.0/BoostConfig.cmake (found version "1.74.0") found components: system 
[1.202s] -- Found geometry_msgs: 4.2.3 (/opt/ros/humble/share/geometry_msgs/cmake)
[1.311s] -- Found rosidl_generator_c: 3.1.5 (/opt/ros/humble/share/rosidl_generator_c/cmake)
[1.331s] -- Found rosidl_adapter: 3.1.5 (/opt/ros/humble/share/rosidl_adapter/cmake)
[1.365s] -- Found rosidl_generator_cpp: 3.1.5 (/opt/ros/humble/share/rosidl_generator_cpp/cmake)
[1.441s] -- Using all available rosidl_typesupport_c: rosidl_typesupport_fastrtps_c;rosidl_typesupport_introspection_c
[1.545s] -- Using all available rosidl_typesupport_cpp: rosidl_typesupport_fastrtps_cpp;rosidl_typesupport_introspection_cpp
[2.292s] -- Found graph_msgs: 0.2.0 (/opt/ros/humble/share/graph_msgs/cmake)
[2.811s] -- Found moveit_core: 2.5.5 (/home/ti5/ws_moveit2/install/moveit_core/share/moveit_core/cmake)
[2.884s] -- Found Boost: /usr/lib/x86_64-linux-gnu/cmake/Boost-1.74.0/BoostConfig.cmake (found version "1.74.0") found components: chrono date_time filesystem iostreams program_options regex serialization system thread 
[3.003s] -- Found parameter_traits: 0.3.8 (/opt/ros/humble/share/parameter_traits/cmake)
[3.323s] -- Found rmw_implementation_cmake: 6.1.1 (/opt/ros/humble/share/rmw_implementation_cmake/cmake)
[3.333s] -- Found rmw_fastrtps_cpp: 6.2.6 (/opt/ros/humble/share/rmw_fastrtps_cpp/cmake)
[3.961s] -- Using RMW implementation 'rmw_fastrtps_cpp' as default
[5.036s] -- Found rclcpp_lifecycle: 16.0.8 (/opt/ros/humble/share/rclcpp_lifecycle/cmake)
[5.312s] -- Found Boost: /usr/lib/x86_64-linux-gnu/cmake/Boost-1.74.0/BoostConfig.cmake (found version "1.74.0") found components: filesystem 
[5.506s] -- library: /usr/lib/x86_64-linux-gnu/libcurl.so
[7.347s] -- Ensuring Eigen3 include directory is part of orocos-kdl CMake target
[13.484s] -- Found moveit_ros_planning: 2.5.5 (/home/ti5/ws_moveit2/install/moveit_ros_planning/share/moveit_ros_planning/cmake)
[13.508s] -- Found Boost: /usr/lib/x86_64-linux-gnu/cmake/Boost-1.74.0/BoostConfig.cmake (found version "1.74.0") found components: system filesystem date_time program_options thread chrono 
[15.594s] -- Found rviz_visual_tools: 4.1.4 (/opt/ros/humble/share/rviz_visual_tools/cmake)
[16.193s] -- Setting OGRE_DIR to: '/opt/ros/humble/share/rviz_ogre_vendor/cmake/../../../opt/rviz_ogre_vendor/lib/OGRE/cmake'
[16.202s] -- Found OGRE
[16.203s] --   static     : OFF
[16.204s] --   components : HLMS;MeshLodGenerator;Overlay;Paging;Property;RTShaderSystem;Terrain;Volume
[16.204s] --   plugins    : Plugin_BSPSceneManager;Plugin_OctreeSceneManager;Plugin_PCZSceneManager;Plugin_ParticleFX;RenderSystem_GL;RenderSystem_GL3Plus;Codec_STBI
[16.205s] --   media      : /opt/ros/humble/opt/rviz_ogre_vendor/share/OGRE/Media
[16.205s] -- OGRE_LIBRARIES: OgreHLMS;OgreMeshLodGenerator;OgreOverlay;OgrePaging;OgreProperty;OgreRTShaderSystem;OgreTerrain;OgreVolume;OgreMain
[16.206s] -- OGRE_LIBRARY_DIRS: /opt/ros/humble/opt/rviz_ogre_vendor/lib
[16.206s] -- OGRE_PLUGINS: Plugin_BSPSceneManager;Plugin_OctreeSceneManager;Plugin_PCZSceneManager;Plugin_ParticleFX;RenderSystem_GL;RenderSystem_GL3Plus;Codec_STBI
[16.206s] -- OGRE_PLUGIN_DIR: /opt/ros/humble/opt/rviz_ogre_vendor/lib/OGRE
[16.207s] -- rviz_ogre_vendor::OgreOverlay for IMPORTED_LOCATION_RELEASE: /opt/ros/humble/opt/rviz_ogre_vendor/lib/libOgreOverlay.so
[16.207s] -- rviz_ogre_vendor::OgreOverlay for IMPORTED_LOCATION_DEBUG: /opt/ros/humble/opt/rviz_ogre_vendor/lib/libOgreOverlay.so
[16.208s] -- rviz_ogre_vendor::OgreMain for IMPORTED_LOCATION_RELEASE: /opt/ros/humble/opt/rviz_ogre_vendor/lib/libOgreMain.so
[16.208s] -- rviz_ogre_vendor::OgreMain for IMPORTED_LOCATION_DEBUG: /opt/ros/humble/opt/rviz_ogre_vendor/lib/libOgreMain.so
[16.210s] -- Could not find freeimage library
[16.434s] -- rviz_ogre_vendor::RenderSystem_GL for IMPORTED_LOCATION_RELEASE: _render_system_gl_static_library_abs-NOTFOUND
[16.435s] -- rviz_ogre_vendor::RenderSystem_GL for IMPORTED_LOCATION_DEBUG: _render_system_gl_static_library_abs-NOTFOUND
[19.727s] -- Found ament_lint_auto: 0.12.10 (/opt/ros/humble/share/ament_lint_auto/cmake)
[19.767s] -- Added test 'copyright' to check source files copyright and LICENSE
[19.777s] -- Added test 'flake8' to check Python code syntax and style conventions
[19.784s] -- Added test 'lint_cmake' to check CMake code style
[19.788s] -- Added test 'pep257' to check Python code against some of the docstring style conventions in PEP 257
[19.792s] -- Added test 'xmllint' to check XML markup files
[19.799s] -- Configuring done
[20.169s] -- Generating done
[20.183s] -- Build files have been written to: /home/ti5/ws_moveit2/build/moveit_visual_tools
[20.243s] Invoked command in '/home/ti5/ws_moveit2/build/moveit_visual_tools' returned '0': AMENT_PREFIX_PATH=/home/ti5/ws_moveit2/install/moveit_ros_planning:/home/ti5/ws_moveit2/install/moveit_ros_occupancy_map_monitor:/home/ti5/ws_moveit2/install/moveit_core:/home/ti5/ws_moveit2/install/srdfdom:/home/ti5/ws_moveit2/install/moveit_common:${AMENT_PREFIX_PATH} CMAKE_PREFIX_PATH=/home/ti5/ws_moveit2/install/moveit_ros_planning:/home/ti5/ws_moveit2/install/moveit_ros_occupancy_map_monitor:/home/ti5/ws_moveit2/install/moveit_core:/home/ti5/ws_moveit2/install/srdfdom:/home/ti5/ws_moveit2/install/moveit_common:/opt/ros/humble LD_LIBRARY_PATH=/home/ti5/ws_moveit2/install/moveit_ros_planning/lib:/home/ti5/ws_moveit2/install/moveit_ros_occupancy_map_monitor/lib:/home/ti5/ws_moveit2/install/moveit_core/lib:/home/ti5/ws_moveit2/install/srdfdom/lib:${LD_LIBRARY_PATH} PATH=/home/ti5/ws_moveit2/install/moveit_core/bin:${PATH} PYTHONPATH=/home/ti5/ws_moveit2/install/srdfdom/local/lib/python3.10/dist-packages:${PYTHONPATH} /usr/bin/cmake /home/ti5/ws_moveit2/moveit_visual_tools -DCMAKE_INSTALL_PREFIX=/home/ti5/ws_moveit2/install/moveit_visual_tools
[20.245s] Invoking command in '/home/ti5/ws_moveit2/build/moveit_visual_tools': AMENT_PREFIX_PATH=/home/ti5/ws_moveit2/install/moveit_ros_planning:/home/ti5/ws_moveit2/install/moveit_ros_occupancy_map_monitor:/home/ti5/ws_moveit2/install/moveit_core:/home/ti5/ws_moveit2/install/srdfdom:/home/ti5/ws_moveit2/install/moveit_common:${AMENT_PREFIX_PATH} CMAKE_PREFIX_PATH=/home/ti5/ws_moveit2/install/moveit_ros_planning:/home/ti5/ws_moveit2/install/moveit_ros_occupancy_map_monitor:/home/ti5/ws_moveit2/install/moveit_core:/home/ti5/ws_moveit2/install/srdfdom:/home/ti5/ws_moveit2/install/moveit_common:/opt/ros/humble LD_LIBRARY_PATH=/home/ti5/ws_moveit2/install/moveit_ros_planning/lib:/home/ti5/ws_moveit2/install/moveit_ros_occupancy_map_monitor/lib:/home/ti5/ws_moveit2/install/moveit_core/lib:/home/ti5/ws_moveit2/install/srdfdom/lib:${LD_LIBRARY_PATH} PATH=/home/ti5/ws_moveit2/install/moveit_core/bin:${PATH} PYTHONPATH=/home/ti5/ws_moveit2/install/srdfdom/local/lib/python3.10/dist-packages:${PYTHONPATH} /usr/bin/cmake --build /home/ti5/ws_moveit2/build/moveit_visual_tools -- -j4 -l4
[20.465s] [35m[1mConsolidate compiler generated dependencies of target moveit_visual_tools[0m
[20.713s] [ 66%] Built target moveit_visual_tools
[20.771s] [35m[1mConsolidate compiler generated dependencies of target moveit_visual_tools_demo[0m
[20.950s] [100%] Built target moveit_visual_tools_demo
[20.999s] Invoked command in '/home/ti5/ws_moveit2/build/moveit_visual_tools' returned '0': AMENT_PREFIX_PATH=/home/ti5/ws_moveit2/install/moveit_ros_planning:/home/ti5/ws_moveit2/install/moveit_ros_occupancy_map_monitor:/home/ti5/ws_moveit2/install/moveit_core:/home/ti5/ws_moveit2/install/srdfdom:/home/ti5/ws_moveit2/install/moveit_common:${AMENT_PREFIX_PATH} CMAKE_PREFIX_PATH=/home/ti5/ws_moveit2/install/moveit_ros_planning:/home/ti5/ws_moveit2/install/moveit_ros_occupancy_map_monitor:/home/ti5/ws_moveit2/install/moveit_core:/home/ti5/ws_moveit2/install/srdfdom:/home/ti5/ws_moveit2/install/moveit_common:/opt/ros/humble LD_LIBRARY_PATH=/home/ti5/ws_moveit2/install/moveit_ros_planning/lib:/home/ti5/ws_moveit2/install/moveit_ros_occupancy_map_monitor/lib:/home/ti5/ws_moveit2/install/moveit_core/lib:/home/ti5/ws_moveit2/install/srdfdom/lib:${LD_LIBRARY_PATH} PATH=/home/ti5/ws_moveit2/install/moveit_core/bin:${PATH} PYTHONPATH=/home/ti5/ws_moveit2/install/srdfdom/local/lib/python3.10/dist-packages:${PYTHONPATH} /usr/bin/cmake --build /home/ti5/ws_moveit2/build/moveit_visual_tools -- -j4 -l4
[21.143s] Invoking command in '/home/ti5/ws_moveit2/build/moveit_visual_tools': AMENT_PREFIX_PATH=/home/ti5/ws_moveit2/install/moveit_ros_planning:/home/ti5/ws_moveit2/install/moveit_ros_occupancy_map_monitor:/home/ti5/ws_moveit2/install/moveit_core:/home/ti5/ws_moveit2/install/srdfdom:/home/ti5/ws_moveit2/install/moveit_common:${AMENT_PREFIX_PATH} CMAKE_PREFIX_PATH=/home/ti5/ws_moveit2/install/moveit_ros_planning:/home/ti5/ws_moveit2/install/moveit_ros_occupancy_map_monitor:/home/ti5/ws_moveit2/install/moveit_core:/home/ti5/ws_moveit2/install/srdfdom:/home/ti5/ws_moveit2/install/moveit_common:/opt/ros/humble LD_LIBRARY_PATH=/home/ti5/ws_moveit2/install/moveit_ros_planning/lib:/home/ti5/ws_moveit2/install/moveit_ros_occupancy_map_monitor/lib:/home/ti5/ws_moveit2/install/moveit_core/lib:/home/ti5/ws_moveit2/install/srdfdom/lib:${LD_LIBRARY_PATH} PATH=/home/ti5/ws_moveit2/install/moveit_core/bin:${PATH} PYTHONPATH=/home/ti5/ws_moveit2/install/srdfdom/local/lib/python3.10/dist-packages:${PYTHONPATH} /usr/bin/cmake --install /home/ti5/ws_moveit2/build/moveit_visual_tools
[21.178s] -- Install configuration: "Release"
[21.179s] -- Up-to-date: /home/ti5/ws_moveit2/install/moveit_visual_tools/share/moveit_visual_tools/environment/library_path.sh
[21.180s] -- Installing: /home/ti5/ws_moveit2/install/moveit_visual_tools/share/moveit_visual_tools/environment/library_path.dsv
[21.183s] -- Up-to-date: /home/ti5/ws_moveit2/install/moveit_visual_tools/lib/libmoveit_visual_tools.so
[21.186s] -- Up-to-date: /home/ti5/ws_moveit2/install/moveit_visual_tools/lib/moveit_visual_tools/moveit_visual_tools_demo
[21.187s] -- Up-to-date: /home/ti5/ws_moveit2/install/moveit_visual_tools/include
[21.188s] -- Up-to-date: /home/ti5/ws_moveit2/install/moveit_visual_tools/include/moveit_visual_tools
[21.190s] -- Up-to-date: /home/ti5/ws_moveit2/install/moveit_visual_tools/include/moveit_visual_tools/imarker_robot_state.h
[21.190s] -- Up-to-date: /home/ti5/ws_moveit2/install/moveit_visual_tools/include/moveit_visual_tools/imarker_end_effector.h
[21.191s] -- Up-to-date: /home/ti5/ws_moveit2/install/moveit_visual_tools/include/moveit_visual_tools/moveit_visual_tools.h
[21.191s] -- Up-to-date: /home/ti5/ws_moveit2/install/moveit_visual_tools/share/moveit_visual_tools/launch
[21.192s] -- Up-to-date: /home/ti5/ws_moveit2/install/moveit_visual_tools/share/moveit_visual_tools/launch/demo_rviz.launch.py
[21.193s] -- Up-to-date: /home/ti5/ws_moveit2/install/moveit_visual_tools/share/moveit_visual_tools/launch/demo.rviz
[21.194s] -- Up-to-date: /home/ti5/ws_moveit2/install/moveit_visual_tools/share/moveit_visual_tools/resources
[21.194s] -- Up-to-date: /home/ti5/ws_moveit2/install/moveit_visual_tools/share/moveit_visual_tools/resources/demo.png
[21.195s] -- Up-to-date: /home/ti5/ws_moveit2/install/moveit_visual_tools/share/moveit_visual_tools/resources/rrbot.urdf
[21.196s] -- Up-to-date: /home/ti5/ws_moveit2/install/moveit_visual_tools/share/moveit_visual_tools/resources/demo_mesh.stl
[21.197s] -- Up-to-date: /home/ti5/ws_moveit2/install/moveit_visual_tools/share/moveit_visual_tools/resources/screenshot.png
[21.197s] -- Up-to-date: /home/ti5/ws_moveit2/install/moveit_visual_tools/share/moveit_visual_tools/resources/rrbot.srdf
[21.198s] -- Up-to-date: /home/ti5/ws_moveit2/install/moveit_visual_tools/share/ament_index/resource_index/package_run_dependencies/moveit_visual_tools
[21.198s] -- Installing: /home/ti5/ws_moveit2/install/moveit_visual_tools/share/ament_index/resource_index/parent_prefix_path/moveit_visual_tools
[21.199s] -- Up-to-date: /home/ti5/ws_moveit2/install/moveit_visual_tools/share/moveit_visual_tools/environment/ament_prefix_path.sh
[21.200s] -- Installing: /home/ti5/ws_moveit2/install/moveit_visual_tools/share/moveit_visual_tools/environment/ament_prefix_path.dsv
[21.201s] -- Up-to-date: /home/ti5/ws_moveit2/install/moveit_visual_tools/share/moveit_visual_tools/environment/path.sh
[21.201s] -- Installing: /home/ti5/ws_moveit2/install/moveit_visual_tools/share/moveit_visual_tools/environment/path.dsv
[21.202s] -- Up-to-date: /home/ti5/ws_moveit2/install/moveit_visual_tools/share/moveit_visual_tools/local_setup.bash
[21.202s] -- Up-to-date: /home/ti5/ws_moveit2/install/moveit_visual_tools/share/moveit_visual_tools/local_setup.sh
[21.203s] -- Up-to-date: /home/ti5/ws_moveit2/install/moveit_visual_tools/share/moveit_visual_tools/local_setup.zsh
[21.203s] -- Installing: /home/ti5/ws_moveit2/install/moveit_visual_tools/share/moveit_visual_tools/local_setup.dsv
[21.204s] -- Installing: /home/ti5/ws_moveit2/install/moveit_visual_tools/share/moveit_visual_tools/package.dsv
[21.205s] -- Up-to-date: /home/ti5/ws_moveit2/install/moveit_visual_tools/share/ament_index/resource_index/packages/moveit_visual_tools
[21.207s] -- Up-to-date: /home/ti5/ws_moveit2/install/moveit_visual_tools/share/moveit_visual_tools/cmake/export_moveit_visual_toolsExport.cmake
[21.208s] -- Up-to-date: /home/ti5/ws_moveit2/install/moveit_visual_tools/share/moveit_visual_tools/cmake/export_moveit_visual_toolsExport-release.cmake
[21.211s] -- Up-to-date: /home/ti5/ws_moveit2/install/moveit_visual_tools/share/moveit_visual_tools/cmake/ament_cmake_export_targets-extras.cmake
[21.212s] -- Up-to-date: /home/ti5/ws_moveit2/install/moveit_visual_tools/share/moveit_visual_tools/cmake/ament_cmake_export_dependencies-extras.cmake
[21.212s] -- Up-to-date: /home/ti5/ws_moveit2/install/moveit_visual_tools/share/moveit_visual_tools/cmake/moveit_visual_toolsConfig.cmake
[21.213s] -- Up-to-date: /home/ti5/ws_moveit2/install/moveit_visual_tools/share/moveit_visual_tools/cmake/moveit_visual_toolsConfig-version.cmake
[21.213s] -- Up-to-date: /home/ti5/ws_moveit2/install/moveit_visual_tools/share/moveit_visual_tools/package.xml
[21.214s] Invoked command in '/home/ti5/ws_moveit2/build/moveit_visual_tools' returned '0': AMENT_PREFIX_PATH=/home/ti5/ws_moveit2/install/moveit_ros_planning:/home/ti5/ws_moveit2/install/moveit_ros_occupancy_map_monitor:/home/ti5/ws_moveit2/install/moveit_core:/home/ti5/ws_moveit2/install/srdfdom:/home/ti5/ws_moveit2/install/moveit_common:${AMENT_PREFIX_PATH} CMAKE_PREFIX_PATH=/home/ti5/ws_moveit2/install/moveit_ros_planning:/home/ti5/ws_moveit2/install/moveit_ros_occupancy_map_monitor:/home/ti5/ws_moveit2/install/moveit_core:/home/ti5/ws_moveit2/install/srdfdom:/home/ti5/ws_moveit2/install/moveit_common:/opt/ros/humble LD_LIBRARY_PATH=/home/ti5/ws_moveit2/install/moveit_ros_planning/lib:/home/ti5/ws_moveit2/install/moveit_ros_occupancy_map_monitor/lib:/home/ti5/ws_moveit2/install/moveit_core/lib:/home/ti5/ws_moveit2/install/srdfdom/lib:${LD_LIBRARY_PATH} PATH=/home/ti5/ws_moveit2/install/moveit_core/bin:${PATH} PYTHONPATH=/home/ti5/ws_moveit2/install/srdfdom/local/lib/python3.10/dist-packages:${PYTHONPATH} /usr/bin/cmake --install /home/ti5/ws_moveit2/build/moveit_visual_tools
