[1.709s] Invoking command in '/home/ti5/ws_moveit2/build/moveit_resources_panda_description': CMAKE_PREFIX_PATH=/opt/ros/humble /usr/bin/cmake --build /home/ti5/ws_moveit2/build/moveit_resources_panda_description -- -j4 -l4
[2.012s] Invoked command in '/home/ti5/ws_moveit2/build/moveit_resources_panda_description' returned '0': CMAKE_PREFIX_PATH=/opt/ros/humble /usr/bin/cmake --build /home/ti5/ws_moveit2/build/moveit_resources_panda_description -- -j4 -l4
[2.290s] Invoking command in '/home/ti5/ws_moveit2/build/moveit_resources_panda_description': CMAKE_PREFIX_PATH=/opt/ros/humble /usr/bin/cmake --install /home/ti5/ws_moveit2/build/moveit_resources_panda_description
[2.331s] -- Install configuration: ""
[2.332s] -- Up-to-date: /home/ti5/ws_moveit2/install/moveit_resources_panda_description/share/ament_index/resource_index/package_run_dependencies/moveit_resources_panda_description
[2.336s] -- Up-to-date: /home/ti5/ws_moveit2/install/moveit_resources_panda_description/share/ament_index/resource_index/parent_prefix_path/moveit_resources_panda_description
[2.337s] -- Up-to-date: /home/ti5/ws_moveit2/install/moveit_resources_panda_description/share/moveit_resources_panda_description/environment/ament_prefix_path.sh
[2.338s] -- Up-to-date: /home/ti5/ws_moveit2/install/moveit_resources_panda_description/share/moveit_resources_panda_description/environment/ament_prefix_path.dsv
[2.339s] -- Up-to-date: /home/ti5/ws_moveit2/install/moveit_resources_panda_description/share/moveit_resources_panda_description/environment/path.sh
[2.339s] -- Up-to-date: /home/ti5/ws_moveit2/install/moveit_resources_panda_description/share/moveit_resources_panda_description/environment/path.dsv
[2.340s] -- Up-to-date: /home/ti5/ws_moveit2/install/moveit_resources_panda_description/share/moveit_resources_panda_description/local_setup.bash
[2.340s] -- Up-to-date: /home/ti5/ws_moveit2/install/moveit_resources_panda_description/share/moveit_resources_panda_description/local_setup.sh
[2.341s] -- Up-to-date: /home/ti5/ws_moveit2/install/moveit_resources_panda_description/share/moveit_resources_panda_description/local_setup.zsh
[2.341s] -- Up-to-date: /home/ti5/ws_moveit2/install/moveit_resources_panda_description/share/moveit_resources_panda_description/local_setup.dsv
[2.342s] -- Installing: /home/ti5/ws_moveit2/install/moveit_resources_panda_description/share/moveit_resources_panda_description/package.dsv
[2.343s] -- Up-to-date: /home/ti5/ws_moveit2/install/moveit_resources_panda_description/share/ament_index/resource_index/packages/moveit_resources_panda_description
[2.344s] -- Up-to-date: /home/ti5/ws_moveit2/install/moveit_resources_panda_description/share/moveit_resources_panda_description/cmake/moveit_resources_panda_descriptionConfig.cmake
[2.344s] -- Up-to-date: /home/ti5/ws_moveit2/install/moveit_resources_panda_description/share/moveit_resources_panda_description/cmake/moveit_resources_panda_descriptionConfig-version.cmake
[2.345s] -- Up-to-date: /home/ti5/ws_moveit2/install/moveit_resources_panda_description/share/moveit_resources_panda_description/package.xml
[2.345s] -- Up-to-date: /home/ti5/ws_moveit2/install/moveit_resources_panda_description/share/moveit_resources_panda_description/meshes
[2.347s] -- Up-to-date: /home/ti5/ws_moveit2/install/moveit_resources_panda_description/share/moveit_resources_panda_description/meshes/collision
[2.348s] -- Up-to-date: /home/ti5/ws_moveit2/install/moveit_resources_panda_description/share/moveit_resources_panda_description/meshes/collision/link2.stl
[2.348s] -- Up-to-date: /home/ti5/ws_moveit2/install/moveit_resources_panda_description/share/moveit_resources_panda_description/meshes/collision/hand.stl
[2.349s] -- Up-to-date: /home/ti5/ws_moveit2/install/moveit_resources_panda_description/share/moveit_resources_panda_description/meshes/collision/link0.stl
[2.349s] -- Up-to-date: /home/ti5/ws_moveit2/install/moveit_resources_panda_description/share/moveit_resources_panda_description/meshes/collision/link6.stl
[2.350s] -- Up-to-date: /home/ti5/ws_moveit2/install/moveit_resources_panda_description/share/moveit_resources_panda_description/meshes/collision/finger.stl
[2.350s] -- Up-to-date: /home/ti5/ws_moveit2/install/moveit_resources_panda_description/share/moveit_resources_panda_description/meshes/collision/link4.stl
[2.351s] -- Up-to-date: /home/ti5/ws_moveit2/install/moveit_resources_panda_description/share/moveit_resources_panda_description/meshes/collision/link3.stl
[2.351s] -- Up-to-date: /home/ti5/ws_moveit2/install/moveit_resources_panda_description/share/moveit_resources_panda_description/meshes/collision/link7.stl
[2.351s] -- Up-to-date: /home/ti5/ws_moveit2/install/moveit_resources_panda_description/share/moveit_resources_panda_description/meshes/collision/link1.stl
[2.352s] -- Up-to-date: /home/ti5/ws_moveit2/install/moveit_resources_panda_description/share/moveit_resources_panda_description/meshes/collision/link5.stl
[2.352s] -- Up-to-date: /home/ti5/ws_moveit2/install/moveit_resources_panda_description/share/moveit_resources_panda_description/meshes/visual
[2.358s] -- Up-to-date: /home/ti5/ws_moveit2/install/moveit_resources_panda_description/share/moveit_resources_panda_description/meshes/visual/link7.dae
[2.363s] -- Up-to-date: /home/ti5/ws_moveit2/install/moveit_resources_panda_description/share/moveit_resources_panda_description/meshes/visual/link5.dae
[2.364s] -- Up-to-date: /home/ti5/ws_moveit2/install/moveit_resources_panda_description/share/moveit_resources_panda_description/meshes/visual/link3.dae
[2.365s] -- Up-to-date: /home/ti5/ws_moveit2/install/moveit_resources_panda_description/share/moveit_resources_panda_description/meshes/visual/link1.dae
[2.366s] -- Up-to-date: /home/ti5/ws_moveit2/install/moveit_resources_panda_description/share/moveit_resources_panda_description/meshes/visual/hand.dae
[2.367s] -- Up-to-date: /home/ti5/ws_moveit2/install/moveit_resources_panda_description/share/moveit_resources_panda_description/meshes/visual/link4.dae
[2.368s] -- Up-to-date: /home/ti5/ws_moveit2/install/moveit_resources_panda_description/share/moveit_resources_panda_description/meshes/visual/link2.dae
[2.369s] -- Up-to-date: /home/ti5/ws_moveit2/install/moveit_resources_panda_description/share/moveit_resources_panda_description/meshes/visual/link6.dae
[2.370s] -- Up-to-date: /home/ti5/ws_moveit2/install/moveit_resources_panda_description/share/moveit_resources_panda_description/meshes/visual/finger.dae
[2.371s] -- Up-to-date: /home/ti5/ws_moveit2/install/moveit_resources_panda_description/share/moveit_resources_panda_description/meshes/visual/link0.dae
[2.372s] -- Up-to-date: /home/ti5/ws_moveit2/install/moveit_resources_panda_description/share/moveit_resources_panda_description/urdf
[2.373s] -- Up-to-date: /home/ti5/ws_moveit2/install/moveit_resources_panda_description/share/moveit_resources_panda_description/urdf/panda.urdf
[2.441s] Invoked command in '/home/ti5/ws_moveit2/build/moveit_resources_panda_description' returned '0': CMAKE_PREFIX_PATH=/opt/ros/humble /usr/bin/cmake --install /home/ti5/ws_moveit2/build/moveit_resources_panda_description
