[0.268s] Invoking command in '/home/ti5/ws_moveit2/build/moveit_ros_planning': CMAKE_PREFIX_PATH=/home/ti5/ws_moveit2/install/moveit_ros_occupancy_map_monitor:/home/ti5/ws_moveit2/install/moveit_core:/home/ti5/ws_moveit2/install/moveit_resources_panda_moveit_config:/home/ti5/ws_moveit2/install/srdfdom:/home/ti5/ws_moveit2/install/moveit_resources_panda_description:/home/ti5/ws_moveit2/install/moveit_common:/home/ti5/ws_moveit2/install/arm5:/home/ti5/ws_moveit2/install/arm3:/home/ti5/ws_moveit2/install/arm2:/home/ti5/ws_moveit2/install/arm1:/home/ti5/ws_moveit2/install/ti5_urdf:/home/ti5/ws_moveit2/install/pilz_industrial_motion_planner_testutils:/home/ti5/ws_moveit2/install/moveit_runtime:/home/ti5/ws_moveit2/install/moveit2_tutorials:/home/ti5/ws_moveit2/install/moveit:/home/ti5/ws_moveit2/install/moveit_planners:/home/ti5/ws_moveit2/install/pilz_industrial_motion_planner:/home/ti5/ws_moveit2/install/moveit_visual_tools:/home/ti5/ws_moveit2/install/moveit_task_constructor_visualization:/home/ti5/ws_moveit2/install/moveit_task_constructor_demo:/home/ti5/ws_moveit2/install/moveit_task_constructor_capabilities:/home/ti5/ws_moveit2/install/moveit_task_constructor_core:/home/ti5/ws_moveit2/install/moveit_ros_control_interface:/home/ti5/ws_moveit2/install/moveit_plugins:/home/ti5/ws_moveit2/install/moveit_simple_controller_manager:/home/ti5/ws_moveit2/install/moveit_setup_assistant:/home/ti5/ws_moveit2/install/moveit_setup_srdf_plugins:/home/ti5/ws_moveit2/install/moveit_setup_core_plugins:/home/ti5/ws_moveit2/install/moveit_setup_controllers:/home/ti5/ws_moveit2/install/moveit_setup_app_plugins:/home/ti5/ws_moveit2/install/moveit_setup_framework:/home/ti5/ws_moveit2/install/moveit_servo:/home/ti5/ws_moveit2/install/moveit_ros:/home/ti5/ws_moveit2/install/moveit_ros_visualization:/home/ti5/ws_moveit2/install/moveit_hybrid_planning:/home/ti5/ws_moveit2/install/moveit_ros_planning_interface:/home/ti5/ws_moveit2/install/moveit_ros_benchmarks:/home/ti5/ws_moveit2/install/moveit_ros_warehouse:/home/ti5/ws_moveit2/install/moveit_ros_robot_interaction:/home/ti5/ws_moveit2/install/moveit_ros_perception:/home/ti5/ws_moveit2/install/moveit_resources_prbt_pg70_support:/home/ti5/ws_moveit2/install/moveit_resources_prbt_moveit_config:/home/ti5/ws_moveit2/install/moveit_ros_move_group:/home/ti5/ws_moveit2/install/moveit_planners_ompl:/home/ti5/ws_moveit2/install/moveit_ros_planning:/home/ti5/ws_moveit2/install/moveit_resources_prbt_ikfast_manipulator_plugin:/home/ti5/ws_moveit2/install/moveit_planners_chomp:/home/ti5/ws_moveit2/install/moveit_kinematics:/home/ti5/ws_moveit2/install/moveit_chomp_optimizer_adapter:/home/ti5/ws_moveit2/install/chomp_motion_planner:/home/ti5/ws_moveit2/install/rviz_marker_tools:/home/ti5/ws_moveit2/install/rosparam_shortcuts:/home/ti5/ws_moveit2/install/moveit_task_constructor_msgs:/home/ti5/ws_moveit2/install/moveit_resources_prbt_support:/home/ti5/ws_moveit2/install/moveit_resources:/home/ti5/ws_moveit2/install/moveit_resources_pr2_description:/home/ti5/ws_moveit2/install/moveit_resources_fanuc_moveit_config:/home/ti5/ws_moveit2/install/moveit_resources_fanuc_description:/home/ti5/ws_moveit2/install/moveit_configs_utils:/home/ti5/ws_moveit2/install/launch_param_builder:/opt/ros/humble LD_LIBRARY_PATH=/home/ti5/ws_moveit2/install/moveit_ros_occupancy_map_monitor/lib:/home/ti5/ws_moveit2/install/moveit_core/lib:/home/ti5/ws_moveit2/install/srdfdom/lib:/home/ti5/ws_moveit2/install/pilz_industrial_motion_planner_testutils/lib:/home/ti5/ws_moveit2/install/pilz_industrial_motion_planner/lib:/home/ti5/ws_moveit2/install/moveit_visual_tools/lib:/home/ti5/ws_moveit2/install/moveit_task_constructor_visualization/lib:/home/ti5/ws_moveit2/install/moveit_task_constructor_demo/lib:/home/ti5/ws_moveit2/install/moveit_task_constructor_capabilities/lib:/home/ti5/ws_moveit2/install/moveit_task_constructor_core/lib:/home/ti5/ws_moveit2/install/moveit_ros_control_interface/lib:/home/ti5/ws_moveit2/install/moveit_simple_controller_manager/lib:/home/ti5/ws_moveit2/install/moveit_setup_assistant/lib:/home/ti5/ws_moveit2/install/moveit_setup_srdf_plugins/lib:/home/ti5/ws_moveit2/install/moveit_setup_core_plugins/lib:/home/ti5/ws_moveit2/install/moveit_setup_controllers/lib:/home/ti5/ws_moveit2/install/moveit_setup_app_plugins/lib:/home/ti5/ws_moveit2/install/moveit_setup_framework/lib:/home/ti5/ws_moveit2/install/moveit_servo/lib:/home/ti5/ws_moveit2/install/moveit_ros_visualization/lib:/home/ti5/ws_moveit2/install/moveit_hybrid_planning/lib:/home/ti5/ws_moveit2/install/moveit_ros_planning_interface/lib:/home/ti5/ws_moveit2/install/moveit_ros_benchmarks/lib:/home/ti5/ws_moveit2/install/moveit_ros_warehouse/lib:/home/ti5/ws_moveit2/install/moveit_ros_robot_interaction/lib:/home/ti5/ws_moveit2/install/moveit_ros_perception/lib:/home/ti5/ws_moveit2/install/moveit_ros_move_group/lib:/home/ti5/ws_moveit2/install/moveit_planners_ompl/lib:/home/ti5/ws_moveit2/install/moveit_ros_planning/lib:/home/ti5/ws_moveit2/install/moveit_resources_prbt_ikfast_manipulator_plugin/lib:/home/ti5/ws_moveit2/install/moveit_planners_chomp/lib:/home/ti5/ws_moveit2/install/moveit_kinematics/lib:/home/ti5/ws_moveit2/install/moveit_chomp_optimizer_adapter/lib:/home/ti5/ws_moveit2/install/chomp_motion_planner/lib:/home/ti5/ws_moveit2/install/rviz_marker_tools/lib:/home/ti5/ws_moveit2/install/rosparam_shortcuts/lib:/home/ti5/ws_moveit2/install/moveit_task_constructor_msgs/lib:/opt/ros/humble/opt/rviz_ogre_vendor/lib:/opt/ros/humble/lib/x86_64-linux-gnu:/opt/ros/humble/lib /usr/bin/cmake --build /home/ti5/ws_moveit2/build/moveit_ros_planning -- -j4 -l4
[0.807s] [  4%] Built target moveit_rdf_loader
[0.861s] [  8%] Built target moveit_collision_plugin_loader
[1.142s] [ 11%] Built target moveit_list_request_adapter_plugins
[1.279s] [ 29%] Built target moveit_default_planning_request_adapter_plugins
[1.364s] [ 32%] Built target gmock_main
[1.496s] [ 37%] Built target gmock
[1.676s] [ 40%] Built target moveit_kinematics_plugin_loader
[1.802s] [ 43%] Built target moveit_constraint_sampler_manager_loader
[1.990s] [ 46%] Built target moveit_planning_pipeline
[2.091s] [ 50%] Built target moveit_robot_model_loader
[2.483s] [ 59%] Built target moveit_planning_scene_monitor
[2.771s] [ 62%] Built target moveit_print_planning_model_info
[3.044s] [ 66%] Built target trajectory_monitor_tests
[3.320s] [ 69%] Built target moveit_print_planning_scene_info
[3.604s] [ 72%] Built target moveit_display_random_state
[3.902s] [ 75%] Built target moveit_visualize_robot_collision_volume
[4.189s] [ 79%] Built target moveit_evaluate_collision_checking_speed
[4.475s] [ 82%] Built target moveit_publish_scene_from_text
[4.765s] [ 85%] Built target moveit_trajectory_execution_manager
[5.074s] [ 88%] Built target current_state_monitor_tests
[5.452s] [ 93%] Built target moveit_cpp
[5.771s] [ 96%] Built target moveit_plan_execution
[6.026s] [100%] Built target demo_scene
[6.109s] Invoked command in '/home/ti5/ws_moveit2/build/moveit_ros_planning' returned '0': CMAKE_PREFIX_PATH=/home/ti5/ws_moveit2/install/moveit_ros_occupancy_map_monitor:/home/ti5/ws_moveit2/install/moveit_core:/home/ti5/ws_moveit2/install/moveit_resources_panda_moveit_config:/home/ti5/ws_moveit2/install/srdfdom:/home/ti5/ws_moveit2/install/moveit_resources_panda_description:/home/ti5/ws_moveit2/install/moveit_common:/home/ti5/ws_moveit2/install/arm5:/home/ti5/ws_moveit2/install/arm3:/home/ti5/ws_moveit2/install/arm2:/home/ti5/ws_moveit2/install/arm1:/home/ti5/ws_moveit2/install/ti5_urdf:/home/ti5/ws_moveit2/install/pilz_industrial_motion_planner_testutils:/home/ti5/ws_moveit2/install/moveit_runtime:/home/ti5/ws_moveit2/install/moveit2_tutorials:/home/ti5/ws_moveit2/install/moveit:/home/ti5/ws_moveit2/install/moveit_planners:/home/ti5/ws_moveit2/install/pilz_industrial_motion_planner:/home/ti5/ws_moveit2/install/moveit_visual_tools:/home/ti5/ws_moveit2/install/moveit_task_constructor_visualization:/home/ti5/ws_moveit2/install/moveit_task_constructor_demo:/home/ti5/ws_moveit2/install/moveit_task_constructor_capabilities:/home/ti5/ws_moveit2/install/moveit_task_constructor_core:/home/ti5/ws_moveit2/install/moveit_ros_control_interface:/home/ti5/ws_moveit2/install/moveit_plugins:/home/ti5/ws_moveit2/install/moveit_simple_controller_manager:/home/ti5/ws_moveit2/install/moveit_setup_assistant:/home/ti5/ws_moveit2/install/moveit_setup_srdf_plugins:/home/ti5/ws_moveit2/install/moveit_setup_core_plugins:/home/ti5/ws_moveit2/install/moveit_setup_controllers:/home/ti5/ws_moveit2/install/moveit_setup_app_plugins:/home/ti5/ws_moveit2/install/moveit_setup_framework:/home/ti5/ws_moveit2/install/moveit_servo:/home/ti5/ws_moveit2/install/moveit_ros:/home/ti5/ws_moveit2/install/moveit_ros_visualization:/home/ti5/ws_moveit2/install/moveit_hybrid_planning:/home/ti5/ws_moveit2/install/moveit_ros_planning_interface:/home/ti5/ws_moveit2/install/moveit_ros_benchmarks:/home/ti5/ws_moveit2/install/moveit_ros_warehouse:/home/ti5/ws_moveit2/install/moveit_ros_robot_interaction:/home/ti5/ws_moveit2/install/moveit_ros_perception:/home/ti5/ws_moveit2/install/moveit_resources_prbt_pg70_support:/home/ti5/ws_moveit2/install/moveit_resources_prbt_moveit_config:/home/ti5/ws_moveit2/install/moveit_ros_move_group:/home/ti5/ws_moveit2/install/moveit_planners_ompl:/home/ti5/ws_moveit2/install/moveit_ros_planning:/home/ti5/ws_moveit2/install/moveit_resources_prbt_ikfast_manipulator_plugin:/home/ti5/ws_moveit2/install/moveit_planners_chomp:/home/ti5/ws_moveit2/install/moveit_kinematics:/home/ti5/ws_moveit2/install/moveit_chomp_optimizer_adapter:/home/ti5/ws_moveit2/install/chomp_motion_planner:/home/ti5/ws_moveit2/install/rviz_marker_tools:/home/ti5/ws_moveit2/install/rosparam_shortcuts:/home/ti5/ws_moveit2/install/moveit_task_constructor_msgs:/home/ti5/ws_moveit2/install/moveit_resources_prbt_support:/home/ti5/ws_moveit2/install/moveit_resources:/home/ti5/ws_moveit2/install/moveit_resources_pr2_description:/home/ti5/ws_moveit2/install/moveit_resources_fanuc_moveit_config:/home/ti5/ws_moveit2/install/moveit_resources_fanuc_description:/home/ti5/ws_moveit2/install/moveit_configs_utils:/home/ti5/ws_moveit2/install/launch_param_builder:/opt/ros/humble LD_LIBRARY_PATH=/home/ti5/ws_moveit2/install/moveit_ros_occupancy_map_monitor/lib:/home/ti5/ws_moveit2/install/moveit_core/lib:/home/ti5/ws_moveit2/install/srdfdom/lib:/home/ti5/ws_moveit2/install/pilz_industrial_motion_planner_testutils/lib:/home/ti5/ws_moveit2/install/pilz_industrial_motion_planner/lib:/home/ti5/ws_moveit2/install/moveit_visual_tools/lib:/home/ti5/ws_moveit2/install/moveit_task_constructor_visualization/lib:/home/ti5/ws_moveit2/install/moveit_task_constructor_demo/lib:/home/ti5/ws_moveit2/install/moveit_task_constructor_capabilities/lib:/home/ti5/ws_moveit2/install/moveit_task_constructor_core/lib:/home/ti5/ws_moveit2/install/moveit_ros_control_interface/lib:/home/ti5/ws_moveit2/install/moveit_simple_controller_manager/lib:/home/ti5/ws_moveit2/install/moveit_setup_assistant/lib:/home/ti5/ws_moveit2/install/moveit_setup_srdf_plugins/lib:/home/ti5/ws_moveit2/install/moveit_setup_core_plugins/lib:/home/ti5/ws_moveit2/install/moveit_setup_controllers/lib:/home/ti5/ws_moveit2/install/moveit_setup_app_plugins/lib:/home/ti5/ws_moveit2/install/moveit_setup_framework/lib:/home/ti5/ws_moveit2/install/moveit_servo/lib:/home/ti5/ws_moveit2/install/moveit_ros_visualization/lib:/home/ti5/ws_moveit2/install/moveit_hybrid_planning/lib:/home/ti5/ws_moveit2/install/moveit_ros_planning_interface/lib:/home/ti5/ws_moveit2/install/moveit_ros_benchmarks/lib:/home/ti5/ws_moveit2/install/moveit_ros_warehouse/lib:/home/ti5/ws_moveit2/install/moveit_ros_robot_interaction/lib:/home/ti5/ws_moveit2/install/moveit_ros_perception/lib:/home/ti5/ws_moveit2/install/moveit_ros_move_group/lib:/home/ti5/ws_moveit2/install/moveit_planners_ompl/lib:/home/ti5/ws_moveit2/install/moveit_ros_planning/lib:/home/ti5/ws_moveit2/install/moveit_resources_prbt_ikfast_manipulator_plugin/lib:/home/ti5/ws_moveit2/install/moveit_planners_chomp/lib:/home/ti5/ws_moveit2/install/moveit_kinematics/lib:/home/ti5/ws_moveit2/install/moveit_chomp_optimizer_adapter/lib:/home/ti5/ws_moveit2/install/chomp_motion_planner/lib:/home/ti5/ws_moveit2/install/rviz_marker_tools/lib:/home/ti5/ws_moveit2/install/rosparam_shortcuts/lib:/home/ti5/ws_moveit2/install/moveit_task_constructor_msgs/lib:/opt/ros/humble/opt/rviz_ogre_vendor/lib:/opt/ros/humble/lib/x86_64-linux-gnu:/opt/ros/humble/lib /usr/bin/cmake --build /home/ti5/ws_moveit2/build/moveit_ros_planning -- -j4 -l4
[6.593s] Invoking command in '/home/ti5/ws_moveit2/build/moveit_ros_planning': CMAKE_PREFIX_PATH=/home/ti5/ws_moveit2/install/moveit_ros_occupancy_map_monitor:/home/ti5/ws_moveit2/install/moveit_core:/home/ti5/ws_moveit2/install/moveit_resources_panda_moveit_config:/home/ti5/ws_moveit2/install/srdfdom:/home/ti5/ws_moveit2/install/moveit_resources_panda_description:/home/ti5/ws_moveit2/install/moveit_common:/home/ti5/ws_moveit2/install/arm5:/home/ti5/ws_moveit2/install/arm3:/home/ti5/ws_moveit2/install/arm2:/home/ti5/ws_moveit2/install/arm1:/home/ti5/ws_moveit2/install/ti5_urdf:/home/ti5/ws_moveit2/install/pilz_industrial_motion_planner_testutils:/home/ti5/ws_moveit2/install/moveit_runtime:/home/ti5/ws_moveit2/install/moveit2_tutorials:/home/ti5/ws_moveit2/install/moveit:/home/ti5/ws_moveit2/install/moveit_planners:/home/ti5/ws_moveit2/install/pilz_industrial_motion_planner:/home/ti5/ws_moveit2/install/moveit_visual_tools:/home/ti5/ws_moveit2/install/moveit_task_constructor_visualization:/home/ti5/ws_moveit2/install/moveit_task_constructor_demo:/home/ti5/ws_moveit2/install/moveit_task_constructor_capabilities:/home/ti5/ws_moveit2/install/moveit_task_constructor_core:/home/ti5/ws_moveit2/install/moveit_ros_control_interface:/home/ti5/ws_moveit2/install/moveit_plugins:/home/ti5/ws_moveit2/install/moveit_simple_controller_manager:/home/ti5/ws_moveit2/install/moveit_setup_assistant:/home/ti5/ws_moveit2/install/moveit_setup_srdf_plugins:/home/ti5/ws_moveit2/install/moveit_setup_core_plugins:/home/ti5/ws_moveit2/install/moveit_setup_controllers:/home/ti5/ws_moveit2/install/moveit_setup_app_plugins:/home/ti5/ws_moveit2/install/moveit_setup_framework:/home/ti5/ws_moveit2/install/moveit_servo:/home/ti5/ws_moveit2/install/moveit_ros:/home/ti5/ws_moveit2/install/moveit_ros_visualization:/home/ti5/ws_moveit2/install/moveit_hybrid_planning:/home/ti5/ws_moveit2/install/moveit_ros_planning_interface:/home/ti5/ws_moveit2/install/moveit_ros_benchmarks:/home/ti5/ws_moveit2/install/moveit_ros_warehouse:/home/ti5/ws_moveit2/install/moveit_ros_robot_interaction:/home/ti5/ws_moveit2/install/moveit_ros_perception:/home/ti5/ws_moveit2/install/moveit_resources_prbt_pg70_support:/home/ti5/ws_moveit2/install/moveit_resources_prbt_moveit_config:/home/ti5/ws_moveit2/install/moveit_ros_move_group:/home/ti5/ws_moveit2/install/moveit_planners_ompl:/home/ti5/ws_moveit2/install/moveit_ros_planning:/home/ti5/ws_moveit2/install/moveit_resources_prbt_ikfast_manipulator_plugin:/home/ti5/ws_moveit2/install/moveit_planners_chomp:/home/ti5/ws_moveit2/install/moveit_kinematics:/home/ti5/ws_moveit2/install/moveit_chomp_optimizer_adapter:/home/ti5/ws_moveit2/install/chomp_motion_planner:/home/ti5/ws_moveit2/install/rviz_marker_tools:/home/ti5/ws_moveit2/install/rosparam_shortcuts:/home/ti5/ws_moveit2/install/moveit_task_constructor_msgs:/home/ti5/ws_moveit2/install/moveit_resources_prbt_support:/home/ti5/ws_moveit2/install/moveit_resources:/home/ti5/ws_moveit2/install/moveit_resources_pr2_description:/home/ti5/ws_moveit2/install/moveit_resources_fanuc_moveit_config:/home/ti5/ws_moveit2/install/moveit_resources_fanuc_description:/home/ti5/ws_moveit2/install/moveit_configs_utils:/home/ti5/ws_moveit2/install/launch_param_builder:/opt/ros/humble LD_LIBRARY_PATH=/home/ti5/ws_moveit2/install/moveit_ros_occupancy_map_monitor/lib:/home/ti5/ws_moveit2/install/moveit_core/lib:/home/ti5/ws_moveit2/install/srdfdom/lib:/home/ti5/ws_moveit2/install/pilz_industrial_motion_planner_testutils/lib:/home/ti5/ws_moveit2/install/pilz_industrial_motion_planner/lib:/home/ti5/ws_moveit2/install/moveit_visual_tools/lib:/home/ti5/ws_moveit2/install/moveit_task_constructor_visualization/lib:/home/ti5/ws_moveit2/install/moveit_task_constructor_demo/lib:/home/ti5/ws_moveit2/install/moveit_task_constructor_capabilities/lib:/home/ti5/ws_moveit2/install/moveit_task_constructor_core/lib:/home/ti5/ws_moveit2/install/moveit_ros_control_interface/lib:/home/ti5/ws_moveit2/install/moveit_simple_controller_manager/lib:/home/ti5/ws_moveit2/install/moveit_setup_assistant/lib:/home/ti5/ws_moveit2/install/moveit_setup_srdf_plugins/lib:/home/ti5/ws_moveit2/install/moveit_setup_core_plugins/lib:/home/ti5/ws_moveit2/install/moveit_setup_controllers/lib:/home/ti5/ws_moveit2/install/moveit_setup_app_plugins/lib:/home/ti5/ws_moveit2/install/moveit_setup_framework/lib:/home/ti5/ws_moveit2/install/moveit_servo/lib:/home/ti5/ws_moveit2/install/moveit_ros_visualization/lib:/home/ti5/ws_moveit2/install/moveit_hybrid_planning/lib:/home/ti5/ws_moveit2/install/moveit_ros_planning_interface/lib:/home/ti5/ws_moveit2/install/moveit_ros_benchmarks/lib:/home/ti5/ws_moveit2/install/moveit_ros_warehouse/lib:/home/ti5/ws_moveit2/install/moveit_ros_robot_interaction/lib:/home/ti5/ws_moveit2/install/moveit_ros_perception/lib:/home/ti5/ws_moveit2/install/moveit_ros_move_group/lib:/home/ti5/ws_moveit2/install/moveit_planners_ompl/lib:/home/ti5/ws_moveit2/install/moveit_ros_planning/lib:/home/ti5/ws_moveit2/install/moveit_resources_prbt_ikfast_manipulator_plugin/lib:/home/ti5/ws_moveit2/install/moveit_planners_chomp/lib:/home/ti5/ws_moveit2/install/moveit_kinematics/lib:/home/ti5/ws_moveit2/install/moveit_chomp_optimizer_adapter/lib:/home/ti5/ws_moveit2/install/chomp_motion_planner/lib:/home/ti5/ws_moveit2/install/rviz_marker_tools/lib:/home/ti5/ws_moveit2/install/rosparam_shortcuts/lib:/home/ti5/ws_moveit2/install/moveit_task_constructor_msgs/lib:/opt/ros/humble/opt/rviz_ogre_vendor/lib:/opt/ros/humble/lib/x86_64-linux-gnu:/opt/ros/humble/lib /usr/bin/cmake --install /home/ti5/ws_moveit2/build/moveit_ros_planning
[6.653s] -- Install configuration: "Release"
[6.654s] -- Up-to-date: /home/ti5/ws_moveit2/install/moveit_ros_planning/include
[6.656s] -- Up-to-date: /home/ti5/ws_moveit2/install/moveit_ros_planning/include/moveit
[6.656s] -- Up-to-date: /home/ti5/ws_moveit2/install/moveit_ros_planning/include/moveit/rdf_loader
[6.657s] -- Up-to-date: /home/ti5/ws_moveit2/install/moveit_ros_planning/include/moveit/rdf_loader/synchronized_string_parameter.h
[6.658s] -- Up-to-date: /home/ti5/ws_moveit2/install/moveit_ros_planning/include/moveit/rdf_loader/rdf_loader.h
[6.660s] -- Up-to-date: /home/ti5/ws_moveit2/install/moveit_ros_planning/share/moveit_ros_planning/rdf_loader/test/data
[6.661s] -- Up-to-date: /home/ti5/ws_moveit2/install/moveit_ros_planning/share/moveit_ros_planning/rdf_loader/test/data/gonzo.srdf
[6.662s] -- Up-to-date: /home/ti5/ws_moveit2/install/moveit_ros_planning/share/moveit_ros_planning/rdf_loader/test/data/gonzo.urdf
[6.662s] -- Up-to-date: /home/ti5/ws_moveit2/install/moveit_ros_planning/share/moveit_ros_planning/rdf_loader/test/data/robin.srdf.xacro
[6.663s] -- Up-to-date: /home/ti5/ws_moveit2/install/moveit_ros_planning/share/moveit_ros_planning/rdf_loader/test/data/kermit.srdf
[6.664s] -- Up-to-date: /home/ti5/ws_moveit2/install/moveit_ros_planning/share/moveit_ros_planning/rdf_loader/test/data/kermit.urdf
[6.664s] -- Up-to-date: /home/ti5/ws_moveit2/install/moveit_ros_planning/share/moveit_ros_planning/rdf_loader/test/launch
[6.665s] -- Up-to-date: /home/ti5/ws_moveit2/install/moveit_ros_planning/share/moveit_ros_planning/rdf_loader/test/launch/test_rdf_integration.test.py
[6.665s] -- Up-to-date: /home/ti5/ws_moveit2/install/moveit_ros_planning/include
[6.666s] -- Up-to-date: /home/ti5/ws_moveit2/install/moveit_ros_planning/include/moveit
[6.667s] -- Up-to-date: /home/ti5/ws_moveit2/install/moveit_ros_planning/include/moveit/collision_plugin_loader
[6.667s] -- Up-to-date: /home/ti5/ws_moveit2/install/moveit_ros_planning/include/moveit/collision_plugin_loader/collision_plugin_loader.h
[6.668s] -- Up-to-date: /home/ti5/ws_moveit2/install/moveit_ros_planning/include
[6.668s] -- Up-to-date: /home/ti5/ws_moveit2/install/moveit_ros_planning/include/moveit
[6.669s] -- Up-to-date: /home/ti5/ws_moveit2/install/moveit_ros_planning/include/moveit/kinematics_plugin_loader
[6.673s] -- Up-to-date: /home/ti5/ws_moveit2/install/moveit_ros_planning/include/moveit/kinematics_plugin_loader/kinematics_plugin_loader.h
[6.674s] -- Up-to-date: /home/ti5/ws_moveit2/install/moveit_ros_planning/include
[6.675s] -- Up-to-date: /home/ti5/ws_moveit2/install/moveit_ros_planning/include/moveit
[6.675s] -- Up-to-date: /home/ti5/ws_moveit2/install/moveit_ros_planning/include/moveit/robot_model_loader
[6.676s] -- Up-to-date: /home/ti5/ws_moveit2/install/moveit_ros_planning/include/moveit/robot_model_loader/robot_model_loader.h
[6.676s] -- Up-to-date: /home/ti5/ws_moveit2/install/moveit_ros_planning/include
[6.677s] -- Up-to-date: /home/ti5/ws_moveit2/install/moveit_ros_planning/include/moveit
[6.677s] -- Up-to-date: /home/ti5/ws_moveit2/install/moveit_ros_planning/include/moveit/constraint_sampler_manager_loader
[6.678s] -- Up-to-date: /home/ti5/ws_moveit2/install/moveit_ros_planning/include/moveit/constraint_sampler_manager_loader/constraint_sampler_manager_loader.h
[6.678s] -- Up-to-date: /home/ti5/ws_moveit2/install/moveit_ros_planning/include
[6.678s] -- Up-to-date: /home/ti5/ws_moveit2/install/moveit_ros_planning/include/moveit
[6.679s] -- Up-to-date: /home/ti5/ws_moveit2/install/moveit_ros_planning/include/moveit/planning_pipeline
[6.679s] -- Up-to-date: /home/ti5/ws_moveit2/install/moveit_ros_planning/include/moveit/planning_pipeline/planning_pipeline.h
[6.680s] -- Up-to-date: /home/ti5/ws_moveit2/install/moveit_ros_planning/include/moveit_planning_pipeline_export.h
[6.680s] -- Up-to-date: /home/ti5/ws_moveit2/install/moveit_ros_planning/lib/moveit_ros_planning/moveit_list_request_adapter_plugins
[6.681s] -- Up-to-date: /home/ti5/ws_moveit2/install/moveit_ros_planning/lib/moveit_ros_planning/demo_scene
[6.682s] -- Up-to-date: /home/ti5/ws_moveit2/install/moveit_ros_planning/include
[6.682s] -- Up-to-date: /home/ti5/ws_moveit2/install/moveit_ros_planning/include/moveit
[6.682s] -- Up-to-date: /home/ti5/ws_moveit2/install/moveit_ros_planning/include/moveit/planning_scene_monitor
[6.683s] -- Up-to-date: /home/ti5/ws_moveit2/install/moveit_ros_planning/include/moveit/planning_scene_monitor/current_state_monitor.h
[6.683s] -- Up-to-date: /home/ti5/ws_moveit2/install/moveit_ros_planning/include/moveit/planning_scene_monitor/current_state_monitor_middleware_handle.hpp
[6.684s] -- Up-to-date: /home/ti5/ws_moveit2/install/moveit_ros_planning/include/moveit/planning_scene_monitor/planning_scene_monitor.h
[6.684s] -- Up-to-date: /home/ti5/ws_moveit2/install/moveit_ros_planning/include/moveit/planning_scene_monitor/trajectory_monitor_middleware_handle.hpp
[6.685s] -- Up-to-date: /home/ti5/ws_moveit2/install/moveit_ros_planning/include/moveit/planning_scene_monitor/trajectory_monitor.h
[6.685s] -- Up-to-date: /home/ti5/ws_moveit2/install/moveit_ros_planning/include/moveit_planning_scene_monitor_export.h
[6.686s] -- Up-to-date: /home/ti5/ws_moveit2/install/moveit_ros_planning/lib/moveit_ros_planning/moveit_print_planning_model_info
[6.686s] -- Up-to-date: /home/ti5/ws_moveit2/install/moveit_ros_planning/lib/moveit_ros_planning/moveit_print_planning_scene_info
[6.687s] -- Up-to-date: /home/ti5/ws_moveit2/install/moveit_ros_planning/lib/moveit_ros_planning/moveit_display_random_state
[6.688s] -- Up-to-date: /home/ti5/ws_moveit2/install/moveit_ros_planning/lib/moveit_ros_planning/moveit_visualize_robot_collision_volume
[6.692s] -- Up-to-date: /home/ti5/ws_moveit2/install/moveit_ros_planning/lib/moveit_ros_planning/moveit_evaluate_collision_checking_speed
[6.692s] -- Up-to-date: /home/ti5/ws_moveit2/install/moveit_ros_planning/lib/moveit_ros_planning/moveit_publish_scene_from_text
[6.693s] -- Up-to-date: /home/ti5/ws_moveit2/install/moveit_ros_planning/include
[6.694s] -- Up-to-date: /home/ti5/ws_moveit2/install/moveit_ros_planning/include/moveit
[6.695s] -- Up-to-date: /home/ti5/ws_moveit2/install/moveit_ros_planning/include/moveit/trajectory_execution_manager
[6.695s] -- Up-to-date: /home/ti5/ws_moveit2/install/moveit_ros_planning/include/moveit/trajectory_execution_manager/trajectory_execution_manager.h
[6.696s] -- Up-to-date: /home/ti5/ws_moveit2/install/moveit_ros_planning/include/moveit_trajectory_execution_manager_export.h
[6.697s] -- Up-to-date: /home/ti5/ws_moveit2/install/moveit_ros_planning/include
[6.698s] -- Up-to-date: /home/ti5/ws_moveit2/install/moveit_ros_planning/include/moveit
[6.703s] -- Up-to-date: /home/ti5/ws_moveit2/install/moveit_ros_planning/include/moveit/plan_execution
[6.704s] -- Up-to-date: /home/ti5/ws_moveit2/install/moveit_ros_planning/include/moveit/plan_execution/plan_execution.h
[6.705s] -- Up-to-date: /home/ti5/ws_moveit2/install/moveit_ros_planning/include/moveit/plan_execution/plan_representation.h
[6.706s] -- Up-to-date: /home/ti5/ws_moveit2/install/moveit_ros_planning/include
[6.707s] -- Up-to-date: /home/ti5/ws_moveit2/install/moveit_ros_planning/include/moveit
[6.707s] -- Up-to-date: /home/ti5/ws_moveit2/install/moveit_ros_planning/include/moveit/moveit_cpp
[6.709s] -- Up-to-date: /home/ti5/ws_moveit2/install/moveit_ros_planning/include/moveit/moveit_cpp/moveit_cpp.h
[6.710s] -- Up-to-date: /home/ti5/ws_moveit2/install/moveit_ros_planning/include/moveit/moveit_cpp/planning_component.h
[6.712s] -- Up-to-date: /home/ti5/ws_moveit2/install/moveit_ros_planning/lib/libmoveit_rdf_loader.so.2.5.5
[6.715s] -- Up-to-date: /home/ti5/ws_moveit2/install/moveit_ros_planning/lib/libmoveit_rdf_loader.so
[6.717s] -- Up-to-date: /home/ti5/ws_moveit2/install/moveit_ros_planning/lib/libmoveit_kinematics_plugin_loader.so.2.5.5
[6.718s] -- Up-to-date: /home/ti5/ws_moveit2/install/moveit_ros_planning/lib/libmoveit_kinematics_plugin_loader.so
[6.719s] -- Up-to-date: /home/ti5/ws_moveit2/install/moveit_ros_planning/lib/libmoveit_robot_model_loader.so.2.5.5
[6.726s] -- Up-to-date: /home/ti5/ws_moveit2/install/moveit_ros_planning/lib/libmoveit_robot_model_loader.so
[6.730s] -- Up-to-date: /home/ti5/ws_moveit2/install/moveit_ros_planning/lib/libmoveit_constraint_sampler_manager_loader.so.2.5.5
[6.732s] -- Up-to-date: /home/ti5/ws_moveit2/install/moveit_ros_planning/lib/libmoveit_constraint_sampler_manager_loader.so
[6.735s] -- Up-to-date: /home/ti5/ws_moveit2/install/moveit_ros_planning/lib/libmoveit_planning_pipeline.so.2.5.5
[6.742s] -- Up-to-date: /home/ti5/ws_moveit2/install/moveit_ros_planning/lib/libmoveit_planning_pipeline.so
[6.747s] -- Up-to-date: /home/ti5/ws_moveit2/install/moveit_ros_planning/lib/libmoveit_trajectory_execution_manager.so.2.5.5
[6.754s] -- Up-to-date: /home/ti5/ws_moveit2/install/moveit_ros_planning/lib/libmoveit_trajectory_execution_manager.so
[6.760s] -- Up-to-date: /home/ti5/ws_moveit2/install/moveit_ros_planning/lib/libmoveit_plan_execution.so.2.5.5
[6.764s] -- Up-to-date: /home/ti5/ws_moveit2/install/moveit_ros_planning/lib/libmoveit_plan_execution.so
[6.771s] -- Up-to-date: /home/ti5/ws_moveit2/install/moveit_ros_planning/lib/libmoveit_planning_scene_monitor.so.2.5.5
[6.771s] -- Up-to-date: /home/ti5/ws_moveit2/install/moveit_ros_planning/lib/libmoveit_planning_scene_monitor.so
[6.772s] -- Up-to-date: /home/ti5/ws_moveit2/install/moveit_ros_planning/lib/libmoveit_collision_plugin_loader.so.2.5.5
[6.772s] -- Up-to-date: /home/ti5/ws_moveit2/install/moveit_ros_planning/lib/libmoveit_collision_plugin_loader.so
[6.773s] -- Up-to-date: /home/ti5/ws_moveit2/install/moveit_ros_planning/lib/libmoveit_default_planning_request_adapter_plugins.so.2.5.5
[6.778s] -- Up-to-date: /home/ti5/ws_moveit2/install/moveit_ros_planning/lib/libmoveit_default_planning_request_adapter_plugins.so
[6.778s] -- Up-to-date: /home/ti5/ws_moveit2/install/moveit_ros_planning/lib/libmoveit_cpp.so.2.5.5
[6.779s] -- Up-to-date: /home/ti5/ws_moveit2/install/moveit_ros_planning/lib/libmoveit_cpp.so
[6.779s] -- Up-to-date: /home/ti5/ws_moveit2/install/moveit_ros_planning/share/moveit_ros_planning/environment/library_path.sh
[6.780s] -- Up-to-date: /home/ti5/ws_moveit2/install/moveit_ros_planning/share/moveit_ros_planning/environment/library_path.dsv
[6.781s] -- Up-to-date: /home/ti5/ws_moveit2/install/moveit_ros_planning/share/moveit_ros_planning/planning_request_adapters_plugin_description.xml
[6.782s] -- Up-to-date: /home/ti5/ws_moveit2/install/moveit_ros_planning/share/ament_index/resource_index/package_run_dependencies/moveit_ros_planning
[6.783s] -- Up-to-date: /home/ti5/ws_moveit2/install/moveit_ros_planning/share/ament_index/resource_index/parent_prefix_path/moveit_ros_planning
[6.784s] -- Up-to-date: /home/ti5/ws_moveit2/install/moveit_ros_planning/share/moveit_ros_planning/environment/ament_prefix_path.sh
[6.784s] -- Up-to-date: /home/ti5/ws_moveit2/install/moveit_ros_planning/share/moveit_ros_planning/environment/ament_prefix_path.dsv
[6.785s] -- Up-to-date: /home/ti5/ws_moveit2/install/moveit_ros_planning/share/moveit_ros_planning/environment/path.sh
[6.786s] -- Up-to-date: /home/ti5/ws_moveit2/install/moveit_ros_planning/share/moveit_ros_planning/environment/path.dsv
[6.787s] -- Up-to-date: /home/ti5/ws_moveit2/install/moveit_ros_planning/share/moveit_ros_planning/local_setup.bash
[6.790s] -- Up-to-date: /home/ti5/ws_moveit2/install/moveit_ros_planning/share/moveit_ros_planning/local_setup.sh
[6.798s] -- Up-to-date: /home/ti5/ws_moveit2/install/moveit_ros_planning/share/moveit_ros_planning/local_setup.zsh
[6.801s] -- Up-to-date: /home/ti5/ws_moveit2/install/moveit_ros_planning/share/moveit_ros_planning/local_setup.dsv
[6.802s] -- Installing: /home/ti5/ws_moveit2/install/moveit_ros_planning/share/moveit_ros_planning/package.dsv
[6.805s] -- Up-to-date: /home/ti5/ws_moveit2/install/moveit_ros_planning/share/ament_index/resource_index/packages/moveit_ros_planning
[6.806s] -- Up-to-date: /home/ti5/ws_moveit2/install/moveit_ros_planning/share/ament_index/resource_index/moveit_core__pluginlib__plugin/moveit_ros_planning
[6.808s] -- Up-to-date: /home/ti5/ws_moveit2/install/moveit_ros_planning/share/moveit_ros_planning/cmake/export_moveit_ros_planningExport.cmake
[6.810s] -- Up-to-date: /home/ti5/ws_moveit2/install/moveit_ros_planning/share/moveit_ros_planning/cmake/export_moveit_ros_planningExport-release.cmake
[6.811s] -- Up-to-date: /home/ti5/ws_moveit2/install/moveit_ros_planning/share/moveit_ros_planning/cmake/ConfigExtras.cmake
[6.812s] -- Up-to-date: /home/ti5/ws_moveit2/install/moveit_ros_planning/share/moveit_ros_planning/cmake/ament_cmake_export_targets-extras.cmake
[6.813s] -- Up-to-date: /home/ti5/ws_moveit2/install/moveit_ros_planning/share/moveit_ros_planning/cmake/ament_cmake_export_dependencies-extras.cmake
[6.814s] -- Up-to-date: /home/ti5/ws_moveit2/install/moveit_ros_planning/share/moveit_ros_planning/cmake/moveit_ros_planningConfig.cmake
[6.815s] -- Up-to-date: /home/ti5/ws_moveit2/install/moveit_ros_planning/share/moveit_ros_planning/cmake/moveit_ros_planningConfig-version.cmake
[6.816s] -- Up-to-date: /home/ti5/ws_moveit2/install/moveit_ros_planning/share/moveit_ros_planning/package.xml
[6.829s] Invoked command in '/home/ti5/ws_moveit2/build/moveit_ros_planning' returned '0': CMAKE_PREFIX_PATH=/home/ti5/ws_moveit2/install/moveit_ros_occupancy_map_monitor:/home/ti5/ws_moveit2/install/moveit_core:/home/ti5/ws_moveit2/install/moveit_resources_panda_moveit_config:/home/ti5/ws_moveit2/install/srdfdom:/home/ti5/ws_moveit2/install/moveit_resources_panda_description:/home/ti5/ws_moveit2/install/moveit_common:/home/ti5/ws_moveit2/install/arm5:/home/ti5/ws_moveit2/install/arm3:/home/ti5/ws_moveit2/install/arm2:/home/ti5/ws_moveit2/install/arm1:/home/ti5/ws_moveit2/install/ti5_urdf:/home/ti5/ws_moveit2/install/pilz_industrial_motion_planner_testutils:/home/ti5/ws_moveit2/install/moveit_runtime:/home/ti5/ws_moveit2/install/moveit2_tutorials:/home/ti5/ws_moveit2/install/moveit:/home/ti5/ws_moveit2/install/moveit_planners:/home/ti5/ws_moveit2/install/pilz_industrial_motion_planner:/home/ti5/ws_moveit2/install/moveit_visual_tools:/home/ti5/ws_moveit2/install/moveit_task_constructor_visualization:/home/ti5/ws_moveit2/install/moveit_task_constructor_demo:/home/ti5/ws_moveit2/install/moveit_task_constructor_capabilities:/home/ti5/ws_moveit2/install/moveit_task_constructor_core:/home/ti5/ws_moveit2/install/moveit_ros_control_interface:/home/ti5/ws_moveit2/install/moveit_plugins:/home/ti5/ws_moveit2/install/moveit_simple_controller_manager:/home/ti5/ws_moveit2/install/moveit_setup_assistant:/home/ti5/ws_moveit2/install/moveit_setup_srdf_plugins:/home/ti5/ws_moveit2/install/moveit_setup_core_plugins:/home/ti5/ws_moveit2/install/moveit_setup_controllers:/home/ti5/ws_moveit2/install/moveit_setup_app_plugins:/home/ti5/ws_moveit2/install/moveit_setup_framework:/home/ti5/ws_moveit2/install/moveit_servo:/home/ti5/ws_moveit2/install/moveit_ros:/home/ti5/ws_moveit2/install/moveit_ros_visualization:/home/ti5/ws_moveit2/install/moveit_hybrid_planning:/home/ti5/ws_moveit2/install/moveit_ros_planning_interface:/home/ti5/ws_moveit2/install/moveit_ros_benchmarks:/home/ti5/ws_moveit2/install/moveit_ros_warehouse:/home/ti5/ws_moveit2/install/moveit_ros_robot_interaction:/home/ti5/ws_moveit2/install/moveit_ros_perception:/home/ti5/ws_moveit2/install/moveit_resources_prbt_pg70_support:/home/ti5/ws_moveit2/install/moveit_resources_prbt_moveit_config:/home/ti5/ws_moveit2/install/moveit_ros_move_group:/home/ti5/ws_moveit2/install/moveit_planners_ompl:/home/ti5/ws_moveit2/install/moveit_ros_planning:/home/ti5/ws_moveit2/install/moveit_resources_prbt_ikfast_manipulator_plugin:/home/ti5/ws_moveit2/install/moveit_planners_chomp:/home/ti5/ws_moveit2/install/moveit_kinematics:/home/ti5/ws_moveit2/install/moveit_chomp_optimizer_adapter:/home/ti5/ws_moveit2/install/chomp_motion_planner:/home/ti5/ws_moveit2/install/rviz_marker_tools:/home/ti5/ws_moveit2/install/rosparam_shortcuts:/home/ti5/ws_moveit2/install/moveit_task_constructor_msgs:/home/ti5/ws_moveit2/install/moveit_resources_prbt_support:/home/ti5/ws_moveit2/install/moveit_resources:/home/ti5/ws_moveit2/install/moveit_resources_pr2_description:/home/ti5/ws_moveit2/install/moveit_resources_fanuc_moveit_config:/home/ti5/ws_moveit2/install/moveit_resources_fanuc_description:/home/ti5/ws_moveit2/install/moveit_configs_utils:/home/ti5/ws_moveit2/install/launch_param_builder:/opt/ros/humble LD_LIBRARY_PATH=/home/ti5/ws_moveit2/install/moveit_ros_occupancy_map_monitor/lib:/home/ti5/ws_moveit2/install/moveit_core/lib:/home/ti5/ws_moveit2/install/srdfdom/lib:/home/ti5/ws_moveit2/install/pilz_industrial_motion_planner_testutils/lib:/home/ti5/ws_moveit2/install/pilz_industrial_motion_planner/lib:/home/ti5/ws_moveit2/install/moveit_visual_tools/lib:/home/ti5/ws_moveit2/install/moveit_task_constructor_visualization/lib:/home/ti5/ws_moveit2/install/moveit_task_constructor_demo/lib:/home/ti5/ws_moveit2/install/moveit_task_constructor_capabilities/lib:/home/ti5/ws_moveit2/install/moveit_task_constructor_core/lib:/home/ti5/ws_moveit2/install/moveit_ros_control_interface/lib:/home/ti5/ws_moveit2/install/moveit_simple_controller_manager/lib:/home/ti5/ws_moveit2/install/moveit_setup_assistant/lib:/home/ti5/ws_moveit2/install/moveit_setup_srdf_plugins/lib:/home/ti5/ws_moveit2/install/moveit_setup_core_plugins/lib:/home/ti5/ws_moveit2/install/moveit_setup_controllers/lib:/home/ti5/ws_moveit2/install/moveit_setup_app_plugins/lib:/home/ti5/ws_moveit2/install/moveit_setup_framework/lib:/home/ti5/ws_moveit2/install/moveit_servo/lib:/home/ti5/ws_moveit2/install/moveit_ros_visualization/lib:/home/ti5/ws_moveit2/install/moveit_hybrid_planning/lib:/home/ti5/ws_moveit2/install/moveit_ros_planning_interface/lib:/home/ti5/ws_moveit2/install/moveit_ros_benchmarks/lib:/home/ti5/ws_moveit2/install/moveit_ros_warehouse/lib:/home/ti5/ws_moveit2/install/moveit_ros_robot_interaction/lib:/home/ti5/ws_moveit2/install/moveit_ros_perception/lib:/home/ti5/ws_moveit2/install/moveit_ros_move_group/lib:/home/ti5/ws_moveit2/install/moveit_planners_ompl/lib:/home/ti5/ws_moveit2/install/moveit_ros_planning/lib:/home/ti5/ws_moveit2/install/moveit_resources_prbt_ikfast_manipulator_plugin/lib:/home/ti5/ws_moveit2/install/moveit_planners_chomp/lib:/home/ti5/ws_moveit2/install/moveit_kinematics/lib:/home/ti5/ws_moveit2/install/moveit_chomp_optimizer_adapter/lib:/home/ti5/ws_moveit2/install/chomp_motion_planner/lib:/home/ti5/ws_moveit2/install/rviz_marker_tools/lib:/home/ti5/ws_moveit2/install/rosparam_shortcuts/lib:/home/ti5/ws_moveit2/install/moveit_task_constructor_msgs/lib:/opt/ros/humble/opt/rviz_ogre_vendor/lib:/opt/ros/humble/lib/x86_64-linux-gnu:/opt/ros/humble/lib /usr/bin/cmake --install /home/ti5/ws_moveit2/build/moveit_ros_planning
