[0.064s] Invoking command in '/home/ti5/ws_moveit2/build/rviz_marker_tools': AMENT_PREFIX_PATH=/home/ti5/ws_moveit2/install/moveit_common:${AMENT_PREFIX_PATH} CMAKE_PREFIX_PATH=/home/ti5/ws_moveit2/install/moveit_common:/opt/ros/humble /usr/bin/cmake --build /home/ti5/ws_moveit2/build/rviz_marker_tools -- -j4 -l4
[0.542s] [100%] Built target rviz_marker_tools
[0.642s] Invoked command in '/home/ti5/ws_moveit2/build/rviz_marker_tools' returned '0': AMENT_PREFIX_PATH=/home/ti5/ws_moveit2/install/moveit_common:${AMENT_PREFIX_PATH} CMAKE_PREFIX_PATH=/home/ti5/ws_moveit2/install/moveit_common:/opt/ros/humble /usr/bin/cmake --build /home/ti5/ws_moveit2/build/rviz_marker_tools -- -j4 -l4
[0.923s] Invoking command in '/home/ti5/ws_moveit2/build/rviz_marker_tools': AMENT_PREFIX_PATH=/home/ti5/ws_moveit2/install/moveit_common:${AMENT_PREFIX_PATH} CMAKE_PREFIX_PATH=/home/ti5/ws_moveit2/install/moveit_common:/opt/ros/humble /usr/bin/cmake --install /home/ti5/ws_moveit2/build/rviz_marker_tools
[0.983s] -- Install configuration: "Release"
[0.985s] -- Up-to-date: /home/ti5/ws_moveit2/install/rviz_marker_tools/include
[0.986s] -- Up-to-date: /home/ti5/ws_moveit2/install/rviz_marker_tools/include/rviz_marker_tools
[0.988s] -- Up-to-date: /home/ti5/ws_moveit2/install/rviz_marker_tools/include/rviz_marker_tools/marker_creation.h
[0.991s] -- Up-to-date: /home/ti5/ws_moveit2/install/rviz_marker_tools/lib/librviz_marker_tools.so
[1.006s] -- Up-to-date: /home/ti5/ws_moveit2/install/rviz_marker_tools/share/rviz_marker_tools/environment/library_path.sh
[1.006s] -- Up-to-date: /home/ti5/ws_moveit2/install/rviz_marker_tools/share/rviz_marker_tools/environment/library_path.dsv
[1.007s] -- Up-to-date: /home/ti5/ws_moveit2/install/rviz_marker_tools/share/ament_index/resource_index/package_run_dependencies/rviz_marker_tools
[1.009s] -- Up-to-date: /home/ti5/ws_moveit2/install/rviz_marker_tools/share/ament_index/resource_index/parent_prefix_path/rviz_marker_tools
[1.009s] -- Up-to-date: /home/ti5/ws_moveit2/install/rviz_marker_tools/share/rviz_marker_tools/environment/ament_prefix_path.sh
[1.010s] -- Up-to-date: /home/ti5/ws_moveit2/install/rviz_marker_tools/share/rviz_marker_tools/environment/ament_prefix_path.dsv
[1.011s] -- Up-to-date: /home/ti5/ws_moveit2/install/rviz_marker_tools/share/rviz_marker_tools/environment/path.sh
[1.012s] -- Up-to-date: /home/ti5/ws_moveit2/install/rviz_marker_tools/share/rviz_marker_tools/environment/path.dsv
[1.013s] -- Up-to-date: /home/ti5/ws_moveit2/install/rviz_marker_tools/share/rviz_marker_tools/local_setup.bash
[1.014s] -- Up-to-date: /home/ti5/ws_moveit2/install/rviz_marker_tools/share/rviz_marker_tools/local_setup.sh
[1.014s] -- Up-to-date: /home/ti5/ws_moveit2/install/rviz_marker_tools/share/rviz_marker_tools/local_setup.zsh
[1.015s] -- Up-to-date: /home/ti5/ws_moveit2/install/rviz_marker_tools/share/rviz_marker_tools/local_setup.dsv
[1.016s] -- Installing: /home/ti5/ws_moveit2/install/rviz_marker_tools/share/rviz_marker_tools/package.dsv
[1.016s] -- Up-to-date: /home/ti5/ws_moveit2/install/rviz_marker_tools/share/ament_index/resource_index/packages/rviz_marker_tools
[1.025s] -- Up-to-date: /home/ti5/ws_moveit2/install/rviz_marker_tools/share/rviz_marker_tools/cmake/rviz_marker_toolsTargetsExport.cmake
[1.026s] -- Up-to-date: /home/ti5/ws_moveit2/install/rviz_marker_tools/share/rviz_marker_tools/cmake/rviz_marker_toolsTargetsExport-release.cmake
[1.027s] -- Up-to-date: /home/ti5/ws_moveit2/install/rviz_marker_tools/share/rviz_marker_tools/cmake/ament_cmake_export_targets-extras.cmake
[1.027s] -- Up-to-date: /home/ti5/ws_moveit2/install/rviz_marker_tools/share/rviz_marker_tools/cmake/ament_cmake_export_dependencies-extras.cmake
[1.028s] -- Up-to-date: /home/ti5/ws_moveit2/install/rviz_marker_tools/share/rviz_marker_tools/cmake/rviz_marker_toolsConfig.cmake
[1.029s] -- Up-to-date: /home/ti5/ws_moveit2/install/rviz_marker_tools/share/rviz_marker_tools/cmake/rviz_marker_toolsConfig-version.cmake
[1.029s] -- Up-to-date: /home/ti5/ws_moveit2/install/rviz_marker_tools/share/rviz_marker_tools/package.xml
[1.040s] Invoked command in '/home/ti5/ws_moveit2/build/rviz_marker_tools' returned '0': AMENT_PREFIX_PATH=/home/ti5/ws_moveit2/install/moveit_common:${AMENT_PREFIX_PATH} CMAKE_PREFIX_PATH=/home/ti5/ws_moveit2/install/moveit_common:/opt/ros/humble /usr/bin/cmake --install /home/ti5/ws_moveit2/build/rviz_marker_tools
