[4.406s] Invoking command in '/home/ti5/ws_moveit2/launch_param_builder': PYTHONPATH=/home/ti5/ws_moveit2/build/launch_param_builder/prefix_override:/home/ti5/ws_moveit2/install/launch_param_builder/lib/python3.10/site-packages:${PYTHONPATH} /usr/bin/python3 -W ignore:setup.py install is deprecated setup.py egg_info --egg-base ../build/launch_param_builder build --build-base /home/ti5/ws_moveit2/build/launch_param_builder/build install --record /home/ti5/ws_moveit2/build/launch_param_builder/install.log --single-version-externally-managed install_data
[6.180s] running egg_info
[6.185s] writing ../build/launch_param_builder/launch_param_builder.egg-info/PKG-INFO
[6.191s] writing dependency_links to ../build/launch_param_builder/launch_param_builder.egg-info/dependency_links.txt
[6.193s] writing entry points to ../build/launch_param_builder/launch_param_builder.egg-info/entry_points.txt
[6.195s] writing requirements to ../build/launch_param_builder/launch_param_builder.egg-info/requires.txt
[6.196s] writing top-level names to ../build/launch_param_builder/launch_param_builder.egg-info/top_level.txt
[6.213s] reading manifest file '../build/launch_param_builder/launch_param_builder.egg-info/SOURCES.txt'
[6.218s] adding license file 'LICENSE'
[6.227s] writing manifest file '../build/launch_param_builder/launch_param_builder.egg-info/SOURCES.txt'
[6.231s] running build
[6.232s] running build_py
[6.236s] running install
[6.239s] running install_lib
[6.250s] running install_data
[6.263s] running install_egg_info
[6.273s] removing '/home/ti5/ws_moveit2/install/launch_param_builder/lib/python3.10/site-packages/launch_param_builder-0.1.1-py3.10.egg-info' (and everything under it)
[6.275s] Copying ../build/launch_param_builder/launch_param_builder.egg-info to /home/ti5/ws_moveit2/install/launch_param_builder/lib/python3.10/site-packages/launch_param_builder-0.1.1-py3.10.egg-info
[6.287s] running install_scripts
[6.401s] writing list of installed files to '/home/ti5/ws_moveit2/build/launch_param_builder/install.log'
[6.536s] Invoked command in '/home/ti5/ws_moveit2/launch_param_builder' returned '0': PYTHONPATH=/home/ti5/ws_moveit2/build/launch_param_builder/prefix_override:/home/ti5/ws_moveit2/install/launch_param_builder/lib/python3.10/site-packages:${PYTHONPATH} /usr/bin/python3 -W ignore:setup.py install is deprecated setup.py egg_info --egg-base ../build/launch_param_builder build --build-base /home/ti5/ws_moveit2/build/launch_param_builder/build install --record /home/ti5/ws_moveit2/build/launch_param_builder/install.log --single-version-externally-managed install_data
