[0.173s] Invoking command in '/home/ti5/ws_moveit2/build/moveit_hybrid_planning': AMENT_PREFIX_PATH=/home/ti5/ws_moveit2/install/moveit_ros_planning_interface:/home/ti5/ws_moveit2/install/moveit_ros_move_group:/home/ti5/ws_moveit2/install/moveit_ros_warehouse:/home/ti5/ws_moveit2/install/moveit_planners_ompl:/home/ti5/ws_moveit2/install/moveit_kinematics:/home/ti5/ws_moveit2/install/moveit_ros_planning:/home/ti5/ws_moveit2/install/moveit_ros_occupancy_map_monitor:/home/ti5/ws_moveit2/install/moveit_core:/home/ti5/ws_moveit2/install/moveit_resources_panda_moveit_config:/home/ti5/ws_moveit2/install/srdfdom:/home/ti5/ws_moveit2/install/moveit_resources_panda_description:/home/ti5/ws_moveit2/install/moveit_common:${AMENT_PREFIX_PATH} CMAKE_PREFIX_PATH=/home/ti5/ws_moveit2/install/moveit_ros_planning_interface:/home/ti5/ws_moveit2/install/moveit_ros_move_group:/home/ti5/ws_moveit2/install/moveit_ros_warehouse:/home/ti5/ws_moveit2/install/moveit_planners_ompl:/home/ti5/ws_moveit2/install/moveit_kinematics:/home/ti5/ws_moveit2/install/moveit_ros_planning:/home/ti5/ws_moveit2/install/moveit_ros_occupancy_map_monitor:/home/ti5/ws_moveit2/install/moveit_core:/home/ti5/ws_moveit2/install/moveit_resources_panda_moveit_config:/home/ti5/ws_moveit2/install/srdfdom:/home/ti5/ws_moveit2/install/moveit_resources_panda_description:/home/ti5/ws_moveit2/install/moveit_common:/opt/ros/humble LD_LIBRARY_PATH=/home/ti5/ws_moveit2/install/moveit_ros_planning_interface/lib:/home/ti5/ws_moveit2/install/moveit_ros_move_group/lib:/home/ti5/ws_moveit2/install/moveit_ros_warehouse/lib:/home/ti5/ws_moveit2/install/moveit_planners_ompl/lib:/home/ti5/ws_moveit2/install/moveit_kinematics/lib:/home/ti5/ws_moveit2/install/moveit_ros_planning/lib:/home/ti5/ws_moveit2/install/moveit_ros_occupancy_map_monitor/lib:/home/ti5/ws_moveit2/install/moveit_core/lib:/home/ti5/ws_moveit2/install/srdfdom/lib:${LD_LIBRARY_PATH} PATH=/home/ti5/ws_moveit2/install/moveit_core/bin:${PATH} PYTHONPATH=/home/ti5/ws_moveit2/install/srdfdom/local/lib/python3.10/dist-packages:${PYTHONPATH} /usr/bin/cmake --build /home/ti5/ws_moveit2/build/moveit_hybrid_planning -- -j4 -l4
[0.602s] [ 10%] Built target moveit_hybrid_planning_manager
[0.704s] [ 20%] Built target moveit_global_planner_component
[0.977s] [ 30%] Built target moveit_local_planner_component
[1.037s] [ 40%] Built target simple_sampler_plugin
[1.335s] [ 50%] Built target single_plan_execution_plugin
[1.382s] [ 60%] Built target forward_trajectory_plugin
[1.720s] [ 70%] Built target replan_invalidated_trajectory_plugin
[1.889s] [ 80%] Built target motion_planning_pipeline_plugin
[2.206s] [ 90%] Built target cancel_action
[2.648s] [100%] Built target hybrid_planning_demo_node
[2.735s] Invoked command in '/home/ti5/ws_moveit2/build/moveit_hybrid_planning' returned '0': AMENT_PREFIX_PATH=/home/ti5/ws_moveit2/install/moveit_ros_planning_interface:/home/ti5/ws_moveit2/install/moveit_ros_move_group:/home/ti5/ws_moveit2/install/moveit_ros_warehouse:/home/ti5/ws_moveit2/install/moveit_planners_ompl:/home/ti5/ws_moveit2/install/moveit_kinematics:/home/ti5/ws_moveit2/install/moveit_ros_planning:/home/ti5/ws_moveit2/install/moveit_ros_occupancy_map_monitor:/home/ti5/ws_moveit2/install/moveit_core:/home/ti5/ws_moveit2/install/moveit_resources_panda_moveit_config:/home/ti5/ws_moveit2/install/srdfdom:/home/ti5/ws_moveit2/install/moveit_resources_panda_description:/home/ti5/ws_moveit2/install/moveit_common:${AMENT_PREFIX_PATH} CMAKE_PREFIX_PATH=/home/ti5/ws_moveit2/install/moveit_ros_planning_interface:/home/ti5/ws_moveit2/install/moveit_ros_move_group:/home/ti5/ws_moveit2/install/moveit_ros_warehouse:/home/ti5/ws_moveit2/install/moveit_planners_ompl:/home/ti5/ws_moveit2/install/moveit_kinematics:/home/ti5/ws_moveit2/install/moveit_ros_planning:/home/ti5/ws_moveit2/install/moveit_ros_occupancy_map_monitor:/home/ti5/ws_moveit2/install/moveit_core:/home/ti5/ws_moveit2/install/moveit_resources_panda_moveit_config:/home/ti5/ws_moveit2/install/srdfdom:/home/ti5/ws_moveit2/install/moveit_resources_panda_description:/home/ti5/ws_moveit2/install/moveit_common:/opt/ros/humble LD_LIBRARY_PATH=/home/ti5/ws_moveit2/install/moveit_ros_planning_interface/lib:/home/ti5/ws_moveit2/install/moveit_ros_move_group/lib:/home/ti5/ws_moveit2/install/moveit_ros_warehouse/lib:/home/ti5/ws_moveit2/install/moveit_planners_ompl/lib:/home/ti5/ws_moveit2/install/moveit_kinematics/lib:/home/ti5/ws_moveit2/install/moveit_ros_planning/lib:/home/ti5/ws_moveit2/install/moveit_ros_occupancy_map_monitor/lib:/home/ti5/ws_moveit2/install/moveit_core/lib:/home/ti5/ws_moveit2/install/srdfdom/lib:${LD_LIBRARY_PATH} PATH=/home/ti5/ws_moveit2/install/moveit_core/bin:${PATH} PYTHONPATH=/home/ti5/ws_moveit2/install/srdfdom/local/lib/python3.10/dist-packages:${PYTHONPATH} /usr/bin/cmake --build /home/ti5/ws_moveit2/build/moveit_hybrid_planning -- -j4 -l4
[3.250s] Invoking command in '/home/ti5/ws_moveit2/build/moveit_hybrid_planning': AMENT_PREFIX_PATH=/home/ti5/ws_moveit2/install/moveit_ros_planning_interface:/home/ti5/ws_moveit2/install/moveit_ros_move_group:/home/ti5/ws_moveit2/install/moveit_ros_warehouse:/home/ti5/ws_moveit2/install/moveit_planners_ompl:/home/ti5/ws_moveit2/install/moveit_kinematics:/home/ti5/ws_moveit2/install/moveit_ros_planning:/home/ti5/ws_moveit2/install/moveit_ros_occupancy_map_monitor:/home/ti5/ws_moveit2/install/moveit_core:/home/ti5/ws_moveit2/install/moveit_resources_panda_moveit_config:/home/ti5/ws_moveit2/install/srdfdom:/home/ti5/ws_moveit2/install/moveit_resources_panda_description:/home/ti5/ws_moveit2/install/moveit_common:${AMENT_PREFIX_PATH} CMAKE_PREFIX_PATH=/home/ti5/ws_moveit2/install/moveit_ros_planning_interface:/home/ti5/ws_moveit2/install/moveit_ros_move_group:/home/ti5/ws_moveit2/install/moveit_ros_warehouse:/home/ti5/ws_moveit2/install/moveit_planners_ompl:/home/ti5/ws_moveit2/install/moveit_kinematics:/home/ti5/ws_moveit2/install/moveit_ros_planning:/home/ti5/ws_moveit2/install/moveit_ros_occupancy_map_monitor:/home/ti5/ws_moveit2/install/moveit_core:/home/ti5/ws_moveit2/install/moveit_resources_panda_moveit_config:/home/ti5/ws_moveit2/install/srdfdom:/home/ti5/ws_moveit2/install/moveit_resources_panda_description:/home/ti5/ws_moveit2/install/moveit_common:/opt/ros/humble LD_LIBRARY_PATH=/home/ti5/ws_moveit2/install/moveit_ros_planning_interface/lib:/home/ti5/ws_moveit2/install/moveit_ros_move_group/lib:/home/ti5/ws_moveit2/install/moveit_ros_warehouse/lib:/home/ti5/ws_moveit2/install/moveit_planners_ompl/lib:/home/ti5/ws_moveit2/install/moveit_kinematics/lib:/home/ti5/ws_moveit2/install/moveit_ros_planning/lib:/home/ti5/ws_moveit2/install/moveit_ros_occupancy_map_monitor/lib:/home/ti5/ws_moveit2/install/moveit_core/lib:/home/ti5/ws_moveit2/install/srdfdom/lib:${LD_LIBRARY_PATH} PATH=/home/ti5/ws_moveit2/install/moveit_core/bin:${PATH} PYTHONPATH=/home/ti5/ws_moveit2/install/srdfdom/local/lib/python3.10/dist-packages:${PYTHONPATH} /usr/bin/cmake --install /home/ti5/ws_moveit2/build/moveit_hybrid_planning
[3.339s] -- Install configuration: "Release"
[3.359s] -- Up-to-date: /home/ti5/ws_moveit2/install/moveit_hybrid_planning/lib/libmoveit_global_planner_component.so.2.5.5
[3.361s] -- Up-to-date: /home/ti5/ws_moveit2/install/moveit_hybrid_planning/lib/libmoveit_global_planner_component.so
[3.363s] -- Up-to-date: /home/ti5/ws_moveit2/install/moveit_hybrid_planning/lib/libmoveit_hybrid_planning_manager.so.2.5.5
[3.364s] -- Up-to-date: /home/ti5/ws_moveit2/install/moveit_hybrid_planning/lib/libmoveit_hybrid_planning_manager.so
[3.367s] -- Up-to-date: /home/ti5/ws_moveit2/install/moveit_hybrid_planning/lib/libmoveit_local_planner_component.so.2.5.5
[3.368s] -- Up-to-date: /home/ti5/ws_moveit2/install/moveit_hybrid_planning/lib/libmoveit_local_planner_component.so
[3.386s] -- Up-to-date: /home/ti5/ws_moveit2/install/moveit_hybrid_planning/lib/libforward_trajectory_plugin.so.2.5.5
[3.388s] -- Up-to-date: /home/ti5/ws_moveit2/install/moveit_hybrid_planning/lib/libforward_trajectory_plugin.so
[3.395s] -- Up-to-date: /home/ti5/ws_moveit2/install/moveit_hybrid_planning/lib/libmotion_planning_pipeline_plugin.so.2.5.5
[3.397s] -- Up-to-date: /home/ti5/ws_moveit2/install/moveit_hybrid_planning/lib/libmotion_planning_pipeline_plugin.so
[3.403s] -- Up-to-date: /home/ti5/ws_moveit2/install/moveit_hybrid_planning/lib/libreplan_invalidated_trajectory_plugin.so.2.5.5
[3.404s] -- Up-to-date: /home/ti5/ws_moveit2/install/moveit_hybrid_planning/lib/libreplan_invalidated_trajectory_plugin.so
[3.412s] -- Up-to-date: /home/ti5/ws_moveit2/install/moveit_hybrid_planning/lib/libsimple_sampler_plugin.so.2.5.5
[3.413s] -- Up-to-date: /home/ti5/ws_moveit2/install/moveit_hybrid_planning/lib/libsimple_sampler_plugin.so
[3.414s] -- Up-to-date: /home/ti5/ws_moveit2/install/moveit_hybrid_planning/lib/libsingle_plan_execution_plugin.so.2.5.5
[3.416s] -- Up-to-date: /home/ti5/ws_moveit2/install/moveit_hybrid_planning/lib/libsingle_plan_execution_plugin.so
[3.421s] -- Up-to-date: /home/ti5/ws_moveit2/install/moveit_hybrid_planning/lib/moveit_hybrid_planning/cancel_action
[3.429s] -- Up-to-date: /home/ti5/ws_moveit2/install/moveit_hybrid_planning/lib/moveit_hybrid_planning/hybrid_planning_demo_node
[3.431s] -- Up-to-date: /home/ti5/ws_moveit2/install/moveit_hybrid_planning/include
[3.431s] -- Up-to-date: /home/ti5/ws_moveit2/install/moveit_hybrid_planning/include/moveit
[3.432s] -- Up-to-date: /home/ti5/ws_moveit2/install/moveit_hybrid_planning/include/moveit/global_planner
[3.433s] -- Up-to-date: /home/ti5/ws_moveit2/install/moveit_hybrid_planning/include/moveit/global_planner/global_planner_component.h
[3.434s] -- Up-to-date: /home/ti5/ws_moveit2/install/moveit_hybrid_planning/include/moveit/global_planner/global_planner_interface.h
[3.434s] -- Up-to-date: /home/ti5/ws_moveit2/install/moveit_hybrid_planning/include
[3.436s] -- Up-to-date: /home/ti5/ws_moveit2/install/moveit_hybrid_planning/include/moveit
[3.437s] -- Up-to-date: /home/ti5/ws_moveit2/install/moveit_hybrid_planning/include/moveit/global_planner
[3.438s] -- Up-to-date: /home/ti5/ws_moveit2/install/moveit_hybrid_planning/include/moveit/global_planner/moveit_planning_pipeline.h
[3.439s] -- Up-to-date: /home/ti5/ws_moveit2/install/moveit_hybrid_planning/include
[3.443s] -- Up-to-date: /home/ti5/ws_moveit2/install/moveit_hybrid_planning/include/moveit
[3.444s] -- Up-to-date: /home/ti5/ws_moveit2/install/moveit_hybrid_planning/include/moveit/hybrid_planning_manager
[3.444s] -- Up-to-date: /home/ti5/ws_moveit2/install/moveit_hybrid_planning/include/moveit/hybrid_planning_manager/hybrid_planning_manager.h
[3.445s] -- Up-to-date: /home/ti5/ws_moveit2/install/moveit_hybrid_planning/include/moveit/hybrid_planning_manager/planner_logic_interface.h
[3.445s] -- Up-to-date: /home/ti5/ws_moveit2/install/moveit_hybrid_planning/include/moveit/hybrid_planning_manager/hybrid_planning_events.h
[3.446s] -- Up-to-date: /home/ti5/ws_moveit2/install/moveit_hybrid_planning/include/moveit/hybrid_planning_manager/moveit_error_code_interface.h
[3.446s] -- Up-to-date: /home/ti5/ws_moveit2/install/moveit_hybrid_planning/include
[3.461s] -- Up-to-date: /home/ti5/ws_moveit2/install/moveit_hybrid_planning/include/moveit
[3.462s] -- Up-to-date: /home/ti5/ws_moveit2/install/moveit_hybrid_planning/include/moveit/planner_logic_plugins
[3.467s] -- Up-to-date: /home/ti5/ws_moveit2/install/moveit_hybrid_planning/include/moveit/planner_logic_plugins/single_plan_execution.h
[3.469s] -- Up-to-date: /home/ti5/ws_moveit2/install/moveit_hybrid_planning/include/moveit/planner_logic_plugins/replan_invalidated_trajectory.h
[3.471s] -- Up-to-date: /home/ti5/ws_moveit2/install/moveit_hybrid_planning/include
[3.472s] -- Up-to-date: /home/ti5/ws_moveit2/install/moveit_hybrid_planning/include/moveit
[3.472s] -- Up-to-date: /home/ti5/ws_moveit2/install/moveit_hybrid_planning/include/moveit/local_planner
[3.473s] -- Up-to-date: /home/ti5/ws_moveit2/install/moveit_hybrid_planning/include/moveit/local_planner/trajectory_operator_interface.h
[3.473s] -- Up-to-date: /home/ti5/ws_moveit2/install/moveit_hybrid_planning/include/moveit/local_planner/local_planner_component.h
[3.473s] -- Up-to-date: /home/ti5/ws_moveit2/install/moveit_hybrid_planning/include/moveit/local_planner/local_constraint_solver_interface.h
[3.474s] -- Up-to-date: /home/ti5/ws_moveit2/install/moveit_hybrid_planning/include/moveit/local_planner/feedback_types.h
[3.474s] -- Up-to-date: /home/ti5/ws_moveit2/install/moveit_hybrid_planning/include
[3.475s] -- Up-to-date: /home/ti5/ws_moveit2/install/moveit_hybrid_planning/include/moveit
[3.476s] -- Up-to-date: /home/ti5/ws_moveit2/install/moveit_hybrid_planning/include/moveit/trajectory_operator_plugins
[3.477s] -- Up-to-date: /home/ti5/ws_moveit2/install/moveit_hybrid_planning/include/moveit/trajectory_operator_plugins/simple_sampler.h
[3.477s] -- Up-to-date: /home/ti5/ws_moveit2/install/moveit_hybrid_planning/include
[3.478s] -- Up-to-date: /home/ti5/ws_moveit2/install/moveit_hybrid_planning/include/moveit
[3.478s] -- Up-to-date: /home/ti5/ws_moveit2/install/moveit_hybrid_planning/include/moveit/local_constraint_solver_plugins
[3.478s] -- Up-to-date: /home/ti5/ws_moveit2/install/moveit_hybrid_planning/include/moveit/local_constraint_solver_plugins/forward_trajectory.h
[3.479s] -- Up-to-date: /home/ti5/ws_moveit2/install/moveit_hybrid_planning/share/moveit_hybrid_planning/launch
[3.479s] -- Up-to-date: /home/ti5/ws_moveit2/install/moveit_hybrid_planning/share/moveit_hybrid_planning/launch/hybrid_planning_demo.launch.py
[3.480s] -- Up-to-date: /home/ti5/ws_moveit2/install/moveit_hybrid_planning/share/moveit_hybrid_planning/launch/hybrid_planning_common.py
[3.480s] -- Up-to-date: /home/ti5/ws_moveit2/install/moveit_hybrid_planning/share/moveit_hybrid_planning/launch/test_basic_integration.test.py
[3.480s] -- Up-to-date: /home/ti5/ws_moveit2/install/moveit_hybrid_planning/share/moveit_hybrid_planning/config
[3.481s] -- Up-to-date: /home/ti5/ws_moveit2/install/moveit_hybrid_planning/share/moveit_hybrid_planning/config/local_planner.yaml
[3.481s] -- Up-to-date: /home/ti5/ws_moveit2/install/moveit_hybrid_planning/share/moveit_hybrid_planning/config/demo_controller.yaml
[3.482s] -- Up-to-date: /home/ti5/ws_moveit2/install/moveit_hybrid_planning/share/moveit_hybrid_planning/config/hybrid_planning_demo.rviz
[3.482s] -- Up-to-date: /home/ti5/ws_moveit2/install/moveit_hybrid_planning/share/moveit_hybrid_planning/config/hybrid_planning_manager.yaml
[3.483s] -- Up-to-date: /home/ti5/ws_moveit2/install/moveit_hybrid_planning/share/moveit_hybrid_planning/config/global_planner.yaml
[3.484s] -- Up-to-date: /home/ti5/ws_moveit2/install/moveit_hybrid_planning/share/moveit_hybrid_planning/config/common_hybrid_planning_params.yaml
[3.485s] -- Up-to-date: /home/ti5/ws_moveit2/install/moveit_hybrid_planning/share/moveit_hybrid_planning/single_plan_execution_plugin.xml
[3.486s] -- Up-to-date: /home/ti5/ws_moveit2/install/moveit_hybrid_planning/share/moveit_hybrid_planning/moveit_planning_pipeline_plugin.xml
[3.487s] -- Up-to-date: /home/ti5/ws_moveit2/install/moveit_hybrid_planning/share/moveit_hybrid_planning/simple_sampler_plugin.xml
[3.487s] -- Up-to-date: /home/ti5/ws_moveit2/install/moveit_hybrid_planning/share/moveit_hybrid_planning/replan_invalidated_trajectory_plugin.xml
[3.488s] -- Up-to-date: /home/ti5/ws_moveit2/install/moveit_hybrid_planning/share/moveit_hybrid_planning/forward_trajectory_plugin.xml
[3.489s] -- Up-to-date: /home/ti5/ws_moveit2/install/moveit_hybrid_planning/share/moveit_hybrid_planning/environment/library_path.sh
[3.489s] -- Up-to-date: /home/ti5/ws_moveit2/install/moveit_hybrid_planning/share/moveit_hybrid_planning/environment/library_path.dsv
[3.490s] -- Up-to-date: /home/ti5/ws_moveit2/install/moveit_hybrid_planning/share/ament_index/resource_index/package_run_dependencies/moveit_hybrid_planning
[3.490s] -- Up-to-date: /home/ti5/ws_moveit2/install/moveit_hybrid_planning/share/ament_index/resource_index/parent_prefix_path/moveit_hybrid_planning
[3.499s] -- Up-to-date: /home/ti5/ws_moveit2/install/moveit_hybrid_planning/share/moveit_hybrid_planning/environment/ament_prefix_path.sh
[3.503s] -- Up-to-date: /home/ti5/ws_moveit2/install/moveit_hybrid_planning/share/moveit_hybrid_planning/environment/ament_prefix_path.dsv
[3.504s] -- Up-to-date: /home/ti5/ws_moveit2/install/moveit_hybrid_planning/share/moveit_hybrid_planning/environment/path.sh
[3.505s] -- Up-to-date: /home/ti5/ws_moveit2/install/moveit_hybrid_planning/share/moveit_hybrid_planning/environment/path.dsv
[3.508s] -- Up-to-date: /home/ti5/ws_moveit2/install/moveit_hybrid_planning/share/moveit_hybrid_planning/local_setup.bash
[3.508s] -- Up-to-date: /home/ti5/ws_moveit2/install/moveit_hybrid_planning/share/moveit_hybrid_planning/local_setup.sh
[3.510s] -- Up-to-date: /home/ti5/ws_moveit2/install/moveit_hybrid_planning/share/moveit_hybrid_planning/local_setup.zsh
[3.510s] -- Up-to-date: /home/ti5/ws_moveit2/install/moveit_hybrid_planning/share/moveit_hybrid_planning/local_setup.dsv
[3.511s] -- Installing: /home/ti5/ws_moveit2/install/moveit_hybrid_planning/share/moveit_hybrid_planning/package.dsv
[3.511s] -- Up-to-date: /home/ti5/ws_moveit2/install/moveit_hybrid_planning/share/ament_index/resource_index/packages/moveit_hybrid_planning
[3.512s] -- Up-to-date: /home/ti5/ws_moveit2/install/moveit_hybrid_planning/share/ament_index/resource_index/moveit_hybrid_planning__pluginlib__plugin/moveit_hybrid_planning
[3.512s] -- Up-to-date: /home/ti5/ws_moveit2/install/moveit_hybrid_planning/share/ament_index/resource_index/rclcpp_components/moveit_hybrid_planning
[3.513s] -- Up-to-date: /home/ti5/ws_moveit2/install/moveit_hybrid_planning/share/moveit_hybrid_planning/cmake/export_moveit_hybrid_planningExport.cmake
[3.513s] -- Up-to-date: /home/ti5/ws_moveit2/install/moveit_hybrid_planning/share/moveit_hybrid_planning/cmake/export_moveit_hybrid_planningExport-release.cmake
[3.513s] -- Up-to-date: /home/ti5/ws_moveit2/install/moveit_hybrid_planning/share/moveit_hybrid_planning/cmake/ament_cmake_export_include_directories-extras.cmake
[3.514s] -- Up-to-date: /home/ti5/ws_moveit2/install/moveit_hybrid_planning/share/moveit_hybrid_planning/cmake/ament_cmake_export_libraries-extras.cmake
[3.514s] -- Up-to-date: /home/ti5/ws_moveit2/install/moveit_hybrid_planning/share/moveit_hybrid_planning/cmake/ament_cmake_export_dependencies-extras.cmake
[3.521s] -- Up-to-date: /home/ti5/ws_moveit2/install/moveit_hybrid_planning/share/moveit_hybrid_planning/cmake/ament_cmake_export_targets-extras.cmake
[3.521s] -- Up-to-date: /home/ti5/ws_moveit2/install/moveit_hybrid_planning/share/moveit_hybrid_planning/cmake/moveit_hybrid_planningConfig.cmake
[3.522s] -- Up-to-date: /home/ti5/ws_moveit2/install/moveit_hybrid_planning/share/moveit_hybrid_planning/cmake/moveit_hybrid_planningConfig-version.cmake
[3.522s] -- Up-to-date: /home/ti5/ws_moveit2/install/moveit_hybrid_planning/share/moveit_hybrid_planning/package.xml
[3.535s] Invoked command in '/home/ti5/ws_moveit2/build/moveit_hybrid_planning' returned '0': AMENT_PREFIX_PATH=/home/ti5/ws_moveit2/install/moveit_ros_planning_interface:/home/ti5/ws_moveit2/install/moveit_ros_move_group:/home/ti5/ws_moveit2/install/moveit_ros_warehouse:/home/ti5/ws_moveit2/install/moveit_planners_ompl:/home/ti5/ws_moveit2/install/moveit_kinematics:/home/ti5/ws_moveit2/install/moveit_ros_planning:/home/ti5/ws_moveit2/install/moveit_ros_occupancy_map_monitor:/home/ti5/ws_moveit2/install/moveit_core:/home/ti5/ws_moveit2/install/moveit_resources_panda_moveit_config:/home/ti5/ws_moveit2/install/srdfdom:/home/ti5/ws_moveit2/install/moveit_resources_panda_description:/home/ti5/ws_moveit2/install/moveit_common:${AMENT_PREFIX_PATH} CMAKE_PREFIX_PATH=/home/ti5/ws_moveit2/install/moveit_ros_planning_interface:/home/ti5/ws_moveit2/install/moveit_ros_move_group:/home/ti5/ws_moveit2/install/moveit_ros_warehouse:/home/ti5/ws_moveit2/install/moveit_planners_ompl:/home/ti5/ws_moveit2/install/moveit_kinematics:/home/ti5/ws_moveit2/install/moveit_ros_planning:/home/ti5/ws_moveit2/install/moveit_ros_occupancy_map_monitor:/home/ti5/ws_moveit2/install/moveit_core:/home/ti5/ws_moveit2/install/moveit_resources_panda_moveit_config:/home/ti5/ws_moveit2/install/srdfdom:/home/ti5/ws_moveit2/install/moveit_resources_panda_description:/home/ti5/ws_moveit2/install/moveit_common:/opt/ros/humble LD_LIBRARY_PATH=/home/ti5/ws_moveit2/install/moveit_ros_planning_interface/lib:/home/ti5/ws_moveit2/install/moveit_ros_move_group/lib:/home/ti5/ws_moveit2/install/moveit_ros_warehouse/lib:/home/ti5/ws_moveit2/install/moveit_planners_ompl/lib:/home/ti5/ws_moveit2/install/moveit_kinematics/lib:/home/ti5/ws_moveit2/install/moveit_ros_planning/lib:/home/ti5/ws_moveit2/install/moveit_ros_occupancy_map_monitor/lib:/home/ti5/ws_moveit2/install/moveit_core/lib:/home/ti5/ws_moveit2/install/srdfdom/lib:${LD_LIBRARY_PATH} PATH=/home/ti5/ws_moveit2/install/moveit_core/bin:${PATH} PYTHONPATH=/home/ti5/ws_moveit2/install/srdfdom/local/lib/python3.10/dist-packages:${PYTHONPATH} /usr/bin/cmake --install /home/ti5/ws_moveit2/build/moveit_hybrid_planning
