[0.101s] Invoking command in '/home/ti5/ws_moveit2/build/rosparam_shortcuts': CMAKE_PREFIX_PATH=${CMAKE_PREFIX_PATH}:/home/ti5/ws_moveit2/install/moveit_configs_utils:/home/ti5/ws_moveit2/install/launch_param_builder:/opt/ros/humble /usr/bin/cmake --build /home/ti5/ws_moveit2/build/rosparam_shortcuts -- -j4 -l4
[0.615s] [ 23%] Built target rosparam_shortcuts
[0.821s] [ 38%] Built target gtest
[1.055s] [ 53%] Built target rosparam_shortcuts_node_parameters_example
[1.274s] [ 69%] Built target rosparam_shortcuts_example
[1.462s] [ 84%] Built target gtest_main
[1.918s] [100%] Built target test_node_parameters
[2.022s] Invoked command in '/home/ti5/ws_moveit2/build/rosparam_shortcuts' returned '0': CMAKE_PREFIX_PATH=${CMAKE_PREFIX_PATH}:/home/ti5/ws_moveit2/install/moveit_configs_utils:/home/ti5/ws_moveit2/install/launch_param_builder:/opt/ros/humble /usr/bin/cmake --build /home/ti5/ws_moveit2/build/rosparam_shortcuts -- -j4 -l4
[2.494s] Invoking command in '/home/ti5/ws_moveit2/build/rosparam_shortcuts': CMAKE_PREFIX_PATH=${CMAKE_PREFIX_PATH}:/home/ti5/ws_moveit2/install/moveit_configs_utils:/home/ti5/ws_moveit2/install/launch_param_builder:/opt/ros/humble /usr/bin/cmake --install /home/ti5/ws_moveit2/build/rosparam_shortcuts
[2.562s] -- Install configuration: "Release"
[2.565s] -- Up-to-date: /home/ti5/ws_moveit2/install/rosparam_shortcuts/lib/librosparam_shortcuts.so
[2.569s] -- Up-to-date: /home/ti5/ws_moveit2/install/rosparam_shortcuts/lib/rosparam_shortcuts/example
[2.572s] -- Up-to-date: /home/ti5/ws_moveit2/install/rosparam_shortcuts/lib/rosparam_shortcuts/node_parameters_example
[2.574s] -- Up-to-date: /home/ti5/ws_moveit2/install/rosparam_shortcuts/include
[2.575s] -- Up-to-date: /home/ti5/ws_moveit2/install/rosparam_shortcuts/include/rosparam_shortcuts
[2.576s] -- Up-to-date: /home/ti5/ws_moveit2/install/rosparam_shortcuts/include/rosparam_shortcuts/node_parameters.h
[2.577s] -- Up-to-date: /home/ti5/ws_moveit2/install/rosparam_shortcuts/include/rosparam_shortcuts/rosparam_shortcuts.h
[2.577s] -- Up-to-date: /home/ti5/ws_moveit2/install/rosparam_shortcuts/share/rosparam_shortcuts/launch
[2.578s] -- Up-to-date: /home/ti5/ws_moveit2/install/rosparam_shortcuts/share/rosparam_shortcuts/launch/example.launch.py
[2.578s] -- Up-to-date: /home/ti5/ws_moveit2/install/rosparam_shortcuts/share/rosparam_shortcuts/config
[2.579s] -- Up-to-date: /home/ti5/ws_moveit2/install/rosparam_shortcuts/share/rosparam_shortcuts/config/example.yaml
[2.581s] -- Up-to-date: /home/ti5/ws_moveit2/install/rosparam_shortcuts/share/rosparam_shortcuts/environment/library_path.sh
[2.582s] -- Up-to-date: /home/ti5/ws_moveit2/install/rosparam_shortcuts/share/rosparam_shortcuts/environment/library_path.dsv
[2.584s] -- Up-to-date: /home/ti5/ws_moveit2/install/rosparam_shortcuts/share/ament_index/resource_index/package_run_dependencies/rosparam_shortcuts
[2.586s] -- Up-to-date: /home/ti5/ws_moveit2/install/rosparam_shortcuts/share/ament_index/resource_index/parent_prefix_path/rosparam_shortcuts
[2.587s] -- Up-to-date: /home/ti5/ws_moveit2/install/rosparam_shortcuts/share/rosparam_shortcuts/environment/ament_prefix_path.sh
[2.588s] -- Up-to-date: /home/ti5/ws_moveit2/install/rosparam_shortcuts/share/rosparam_shortcuts/environment/ament_prefix_path.dsv
[2.589s] -- Up-to-date: /home/ti5/ws_moveit2/install/rosparam_shortcuts/share/rosparam_shortcuts/environment/path.sh
[2.590s] -- Up-to-date: /home/ti5/ws_moveit2/install/rosparam_shortcuts/share/rosparam_shortcuts/environment/path.dsv
[2.591s] -- Up-to-date: /home/ti5/ws_moveit2/install/rosparam_shortcuts/share/rosparam_shortcuts/local_setup.bash
[2.591s] -- Up-to-date: /home/ti5/ws_moveit2/install/rosparam_shortcuts/share/rosparam_shortcuts/local_setup.sh
[2.593s] -- Up-to-date: /home/ti5/ws_moveit2/install/rosparam_shortcuts/share/rosparam_shortcuts/local_setup.zsh
[2.594s] -- Up-to-date: /home/ti5/ws_moveit2/install/rosparam_shortcuts/share/rosparam_shortcuts/local_setup.dsv
[2.596s] -- Installing: /home/ti5/ws_moveit2/install/rosparam_shortcuts/share/rosparam_shortcuts/package.dsv
[2.597s] -- Up-to-date: /home/ti5/ws_moveit2/install/rosparam_shortcuts/share/ament_index/resource_index/packages/rosparam_shortcuts
[2.600s] -- Up-to-date: /home/ti5/ws_moveit2/install/rosparam_shortcuts/share/rosparam_shortcuts/cmake/export_rosparam_shortcutsExport.cmake
[2.602s] -- Up-to-date: /home/ti5/ws_moveit2/install/rosparam_shortcuts/share/rosparam_shortcuts/cmake/export_rosparam_shortcutsExport-release.cmake
[2.603s] -- Up-to-date: /home/ti5/ws_moveit2/install/rosparam_shortcuts/share/rosparam_shortcuts/cmake/ament_cmake_export_targets-extras.cmake
[2.604s] -- Up-to-date: /home/ti5/ws_moveit2/install/rosparam_shortcuts/share/rosparam_shortcuts/cmake/ament_cmake_export_dependencies-extras.cmake
[2.604s] -- Up-to-date: /home/ti5/ws_moveit2/install/rosparam_shortcuts/share/rosparam_shortcuts/cmake/rosparam_shortcutsConfig.cmake
[2.605s] -- Up-to-date: /home/ti5/ws_moveit2/install/rosparam_shortcuts/share/rosparam_shortcuts/cmake/rosparam_shortcutsConfig-version.cmake
[2.606s] -- Up-to-date: /home/ti5/ws_moveit2/install/rosparam_shortcuts/share/rosparam_shortcuts/package.xml
[2.625s] Invoked command in '/home/ti5/ws_moveit2/build/rosparam_shortcuts' returned '0': CMAKE_PREFIX_PATH=${CMAKE_PREFIX_PATH}:/home/ti5/ws_moveit2/install/moveit_configs_utils:/home/ti5/ws_moveit2/install/launch_param_builder:/opt/ros/humble /usr/bin/cmake --install /home/ti5/ws_moveit2/build/rosparam_shortcuts
