[0.314s] Invoking command in '/home/ti5/ws_moveit2/build/moveit_visual_tools': AMENT_PREFIX_PATH=/home/ti5/ws_moveit2/install/moveit_ros_planning:/home/ti5/ws_moveit2/install/moveit_ros_occupancy_map_monitor:/home/ti5/ws_moveit2/install/moveit_core:/home/ti5/ws_moveit2/install/srdfdom:/home/ti5/ws_moveit2/install/moveit_common:${AMENT_PREFIX_PATH} CMAKE_PREFIX_PATH=/home/ti5/ws_moveit2/install/moveit_ros_planning:/home/ti5/ws_moveit2/install/moveit_ros_occupancy_map_monitor:/home/ti5/ws_moveit2/install/moveit_core:/home/ti5/ws_moveit2/install/srdfdom:/home/ti5/ws_moveit2/install/moveit_common:/opt/ros/humble LD_LIBRARY_PATH=/home/ti5/ws_moveit2/install/moveit_ros_planning/lib:/home/ti5/ws_moveit2/install/moveit_ros_occupancy_map_monitor/lib:/home/ti5/ws_moveit2/install/moveit_core/lib:/home/ti5/ws_moveit2/install/srdfdom/lib:${LD_LIBRARY_PATH} PATH=/home/ti5/ws_moveit2/install/moveit_core/bin:${PATH} PYTHONPATH=/home/ti5/ws_moveit2/install/srdfdom/local/lib/python3.10/dist-packages:${PYTHONPATH} /usr/bin/cmake --build /home/ti5/ws_moveit2/build/moveit_visual_tools -- -j4 -l4
[0.956s] [ 66%] Built target moveit_visual_tools
[1.212s] [100%] Built target moveit_visual_tools_demo
[1.260s] Invoked command in '/home/ti5/ws_moveit2/build/moveit_visual_tools' returned '0': AMENT_PREFIX_PATH=/home/ti5/ws_moveit2/install/moveit_ros_planning:/home/ti5/ws_moveit2/install/moveit_ros_occupancy_map_monitor:/home/ti5/ws_moveit2/install/moveit_core:/home/ti5/ws_moveit2/install/srdfdom:/home/ti5/ws_moveit2/install/moveit_common:${AMENT_PREFIX_PATH} CMAKE_PREFIX_PATH=/home/ti5/ws_moveit2/install/moveit_ros_planning:/home/ti5/ws_moveit2/install/moveit_ros_occupancy_map_monitor:/home/ti5/ws_moveit2/install/moveit_core:/home/ti5/ws_moveit2/install/srdfdom:/home/ti5/ws_moveit2/install/moveit_common:/opt/ros/humble LD_LIBRARY_PATH=/home/ti5/ws_moveit2/install/moveit_ros_planning/lib:/home/ti5/ws_moveit2/install/moveit_ros_occupancy_map_monitor/lib:/home/ti5/ws_moveit2/install/moveit_core/lib:/home/ti5/ws_moveit2/install/srdfdom/lib:${LD_LIBRARY_PATH} PATH=/home/ti5/ws_moveit2/install/moveit_core/bin:${PATH} PYTHONPATH=/home/ti5/ws_moveit2/install/srdfdom/local/lib/python3.10/dist-packages:${PYTHONPATH} /usr/bin/cmake --build /home/ti5/ws_moveit2/build/moveit_visual_tools -- -j4 -l4
[1.411s] Invoking command in '/home/ti5/ws_moveit2/build/moveit_visual_tools': AMENT_PREFIX_PATH=/home/ti5/ws_moveit2/install/moveit_ros_planning:/home/ti5/ws_moveit2/install/moveit_ros_occupancy_map_monitor:/home/ti5/ws_moveit2/install/moveit_core:/home/ti5/ws_moveit2/install/srdfdom:/home/ti5/ws_moveit2/install/moveit_common:${AMENT_PREFIX_PATH} CMAKE_PREFIX_PATH=/home/ti5/ws_moveit2/install/moveit_ros_planning:/home/ti5/ws_moveit2/install/moveit_ros_occupancy_map_monitor:/home/ti5/ws_moveit2/install/moveit_core:/home/ti5/ws_moveit2/install/srdfdom:/home/ti5/ws_moveit2/install/moveit_common:/opt/ros/humble LD_LIBRARY_PATH=/home/ti5/ws_moveit2/install/moveit_ros_planning/lib:/home/ti5/ws_moveit2/install/moveit_ros_occupancy_map_monitor/lib:/home/ti5/ws_moveit2/install/moveit_core/lib:/home/ti5/ws_moveit2/install/srdfdom/lib:${LD_LIBRARY_PATH} PATH=/home/ti5/ws_moveit2/install/moveit_core/bin:${PATH} PYTHONPATH=/home/ti5/ws_moveit2/install/srdfdom/local/lib/python3.10/dist-packages:${PYTHONPATH} /usr/bin/cmake --install /home/ti5/ws_moveit2/build/moveit_visual_tools
[1.456s] -- Install configuration: "Release"
[1.458s] -- Up-to-date: /home/ti5/ws_moveit2/install/moveit_visual_tools/share/moveit_visual_tools/environment/library_path.sh
[1.459s] -- Up-to-date: /home/ti5/ws_moveit2/install/moveit_visual_tools/share/moveit_visual_tools/environment/library_path.dsv
[1.461s] -- Up-to-date: /home/ti5/ws_moveit2/install/moveit_visual_tools/lib/libmoveit_visual_tools.so
[1.465s] -- Up-to-date: /home/ti5/ws_moveit2/install/moveit_visual_tools/lib/moveit_visual_tools/moveit_visual_tools_demo
[1.467s] -- Up-to-date: /home/ti5/ws_moveit2/install/moveit_visual_tools/include
[1.469s] -- Up-to-date: /home/ti5/ws_moveit2/install/moveit_visual_tools/include/moveit_visual_tools
[1.469s] -- Up-to-date: /home/ti5/ws_moveit2/install/moveit_visual_tools/include/moveit_visual_tools/imarker_robot_state.h
[1.471s] -- Up-to-date: /home/ti5/ws_moveit2/install/moveit_visual_tools/include/moveit_visual_tools/imarker_end_effector.h
[1.472s] -- Up-to-date: /home/ti5/ws_moveit2/install/moveit_visual_tools/include/moveit_visual_tools/moveit_visual_tools.h
[1.474s] -- Up-to-date: /home/ti5/ws_moveit2/install/moveit_visual_tools/share/moveit_visual_tools/launch
[1.483s] -- Up-to-date: /home/ti5/ws_moveit2/install/moveit_visual_tools/share/moveit_visual_tools/launch/demo_rviz.launch.py
[1.484s] -- Up-to-date: /home/ti5/ws_moveit2/install/moveit_visual_tools/share/moveit_visual_tools/launch/demo.rviz
[1.486s] -- Up-to-date: /home/ti5/ws_moveit2/install/moveit_visual_tools/share/moveit_visual_tools/resources
[1.488s] -- Up-to-date: /home/ti5/ws_moveit2/install/moveit_visual_tools/share/moveit_visual_tools/resources/demo.png
[1.496s] -- Up-to-date: /home/ti5/ws_moveit2/install/moveit_visual_tools/share/moveit_visual_tools/resources/rrbot.urdf
[1.497s] -- Up-to-date: /home/ti5/ws_moveit2/install/moveit_visual_tools/share/moveit_visual_tools/resources/demo_mesh.stl
[1.498s] -- Up-to-date: /home/ti5/ws_moveit2/install/moveit_visual_tools/share/moveit_visual_tools/resources/screenshot.png
[1.498s] -- Up-to-date: /home/ti5/ws_moveit2/install/moveit_visual_tools/share/moveit_visual_tools/resources/rrbot.srdf
[1.499s] -- Up-to-date: /home/ti5/ws_moveit2/install/moveit_visual_tools/share/ament_index/resource_index/package_run_dependencies/moveit_visual_tools
[1.499s] -- Up-to-date: /home/ti5/ws_moveit2/install/moveit_visual_tools/share/ament_index/resource_index/parent_prefix_path/moveit_visual_tools
[1.500s] -- Up-to-date: /home/ti5/ws_moveit2/install/moveit_visual_tools/share/moveit_visual_tools/environment/ament_prefix_path.sh
[1.501s] -- Up-to-date: /home/ti5/ws_moveit2/install/moveit_visual_tools/share/moveit_visual_tools/environment/ament_prefix_path.dsv
[1.501s] -- Up-to-date: /home/ti5/ws_moveit2/install/moveit_visual_tools/share/moveit_visual_tools/environment/path.sh
[1.503s] -- Up-to-date: /home/ti5/ws_moveit2/install/moveit_visual_tools/share/moveit_visual_tools/environment/path.dsv
[1.505s] -- Up-to-date: /home/ti5/ws_moveit2/install/moveit_visual_tools/share/moveit_visual_tools/local_setup.bash
[1.508s] -- Up-to-date: /home/ti5/ws_moveit2/install/moveit_visual_tools/share/moveit_visual_tools/local_setup.sh
[1.509s] -- Up-to-date: /home/ti5/ws_moveit2/install/moveit_visual_tools/share/moveit_visual_tools/local_setup.zsh
[1.509s] -- Up-to-date: /home/ti5/ws_moveit2/install/moveit_visual_tools/share/moveit_visual_tools/local_setup.dsv
[1.510s] -- Installing: /home/ti5/ws_moveit2/install/moveit_visual_tools/share/moveit_visual_tools/package.dsv
[1.513s] -- Up-to-date: /home/ti5/ws_moveit2/install/moveit_visual_tools/share/ament_index/resource_index/packages/moveit_visual_tools
[1.524s] -- Up-to-date: /home/ti5/ws_moveit2/install/moveit_visual_tools/share/moveit_visual_tools/cmake/export_moveit_visual_toolsExport.cmake
[1.525s] -- Up-to-date: /home/ti5/ws_moveit2/install/moveit_visual_tools/share/moveit_visual_tools/cmake/export_moveit_visual_toolsExport-release.cmake
[1.526s] -- Up-to-date: /home/ti5/ws_moveit2/install/moveit_visual_tools/share/moveit_visual_tools/cmake/ament_cmake_export_targets-extras.cmake
[1.527s] -- Up-to-date: /home/ti5/ws_moveit2/install/moveit_visual_tools/share/moveit_visual_tools/cmake/ament_cmake_export_dependencies-extras.cmake
[1.528s] -- Up-to-date: /home/ti5/ws_moveit2/install/moveit_visual_tools/share/moveit_visual_tools/cmake/moveit_visual_toolsConfig.cmake
[1.529s] -- Up-to-date: /home/ti5/ws_moveit2/install/moveit_visual_tools/share/moveit_visual_tools/cmake/moveit_visual_toolsConfig-version.cmake
[1.530s] -- Up-to-date: /home/ti5/ws_moveit2/install/moveit_visual_tools/share/moveit_visual_tools/package.xml
[1.541s] Invoked command in '/home/ti5/ws_moveit2/build/moveit_visual_tools' returned '0': AMENT_PREFIX_PATH=/home/ti5/ws_moveit2/install/moveit_ros_planning:/home/ti5/ws_moveit2/install/moveit_ros_occupancy_map_monitor:/home/ti5/ws_moveit2/install/moveit_core:/home/ti5/ws_moveit2/install/srdfdom:/home/ti5/ws_moveit2/install/moveit_common:${AMENT_PREFIX_PATH} CMAKE_PREFIX_PATH=/home/ti5/ws_moveit2/install/moveit_ros_planning:/home/ti5/ws_moveit2/install/moveit_ros_occupancy_map_monitor:/home/ti5/ws_moveit2/install/moveit_core:/home/ti5/ws_moveit2/install/srdfdom:/home/ti5/ws_moveit2/install/moveit_common:/opt/ros/humble LD_LIBRARY_PATH=/home/ti5/ws_moveit2/install/moveit_ros_planning/lib:/home/ti5/ws_moveit2/install/moveit_ros_occupancy_map_monitor/lib:/home/ti5/ws_moveit2/install/moveit_core/lib:/home/ti5/ws_moveit2/install/srdfdom/lib:${LD_LIBRARY_PATH} PATH=/home/ti5/ws_moveit2/install/moveit_core/bin:${PATH} PYTHONPATH=/home/ti5/ws_moveit2/install/srdfdom/local/lib/python3.10/dist-packages:${PYTHONPATH} /usr/bin/cmake --install /home/ti5/ws_moveit2/build/moveit_visual_tools
