[4.807s] Invoking command in '/home/ti5/ws_moveit2/moveit2/moveit_configs_utils': AMENT_PREFIX_PATH=/home/ti5/ws_moveit2/install/srdfdom:/home/ti5/ws_moveit2/install/launch_param_builder:${AMENT_PREFIX_PATH} CMAKE_PREFIX_PATH=/home/ti5/ws_moveit2/install/srdfdom LD_LIBRARY_PATH=/home/ti5/ws_moveit2/install/srdfdom/lib:${LD_LIBRARY_PATH} PYTHONPATH=/home/ti5/ws_moveit2/build/moveit_configs_utils/prefix_override:/home/ti5/ws_moveit2/install/moveit_configs_utils/lib/python3.10/site-packages:/home/ti5/ws_moveit2/install/srdfdom/local/lib/python3.10/dist-packages:/home/ti5/ws_moveit2/install/launch_param_builder/lib/python3.10/site-packages:${PYTHONPATH} /usr/bin/python3 -W ignore:setup.py install is deprecated setup.py egg_info --egg-base ../../build/moveit_configs_utils build --build-base /home/ti5/ws_moveit2/build/moveit_configs_utils/build install --record /home/ti5/ws_moveit2/build/moveit_configs_utils/install.log --single-version-externally-managed install_data
[6.425s] running egg_info
[6.430s] writing ../../build/moveit_configs_utils/moveit_configs_utils.egg-info/PKG-INFO
[6.430s] writing dependency_links to ../../build/moveit_configs_utils/moveit_configs_utils.egg-info/dependency_links.txt
[6.431s] writing entry points to ../../build/moveit_configs_utils/moveit_configs_utils.egg-info/entry_points.txt
[6.433s] writing requirements to ../../build/moveit_configs_utils/moveit_configs_utils.egg-info/requires.txt
[6.433s] writing top-level names to ../../build/moveit_configs_utils/moveit_configs_utils.egg-info/top_level.txt
[6.443s] reading manifest file '../../build/moveit_configs_utils/moveit_configs_utils.egg-info/SOURCES.txt'
[6.448s] writing manifest file '../../build/moveit_configs_utils/moveit_configs_utils.egg-info/SOURCES.txt'
[6.449s] running build
[6.450s] running build_py
[6.454s] running install
[6.455s] running install_lib
[6.464s] running install_data
[6.466s] running install_egg_info
[6.476s] removing '/home/ti5/ws_moveit2/install/moveit_configs_utils/lib/python3.10/site-packages/moveit_configs_utils-2.5.5-py3.10.egg-info' (and everything under it)
[6.476s] Copying ../../build/moveit_configs_utils/moveit_configs_utils.egg-info to /home/ti5/ws_moveit2/install/moveit_configs_utils/lib/python3.10/site-packages/moveit_configs_utils-2.5.5-py3.10.egg-info
[6.495s] running install_scripts
[6.612s] writing list of installed files to '/home/ti5/ws_moveit2/build/moveit_configs_utils/install.log'
[6.744s] Invoked command in '/home/ti5/ws_moveit2/moveit2/moveit_configs_utils' returned '0': AMENT_PREFIX_PATH=/home/ti5/ws_moveit2/install/srdfdom:/home/ti5/ws_moveit2/install/launch_param_builder:${AMENT_PREFIX_PATH} CMAKE_PREFIX_PATH=/home/ti5/ws_moveit2/install/srdfdom LD_LIBRARY_PATH=/home/ti5/ws_moveit2/install/srdfdom/lib:${LD_LIBRARY_PATH} PYTHONPATH=/home/ti5/ws_moveit2/build/moveit_configs_utils/prefix_override:/home/ti5/ws_moveit2/install/moveit_configs_utils/lib/python3.10/site-packages:/home/ti5/ws_moveit2/install/srdfdom/local/lib/python3.10/dist-packages:/home/ti5/ws_moveit2/install/launch_param_builder/lib/python3.10/site-packages:${PYTHONPATH} /usr/bin/python3 -W ignore:setup.py install is deprecated setup.py egg_info --egg-base ../../build/moveit_configs_utils build --build-base /home/ti5/ws_moveit2/build/moveit_configs_utils/build install --record /home/ti5/ws_moveit2/build/moveit_configs_utils/install.log --single-version-externally-managed install_data
