[0.131s] Invoking command in '/home/ti5/ws_moveit2/build/moveit_resources_prbt_support': CMAKE_PREFIX_PATH=/opt/ros/humble /usr/bin/cmake /home/ti5/ws_moveit2/moveit2/moveit_planners/test_configs/prbt_support -DCMAKE_BUILD_TYPE=Release -DCMAKE_INSTALL_PREFIX=/home/ti5/ws_moveit2/install/moveit_resources_prbt_support
[0.911s] -- The C compiler identification is GNU 11.4.0
[1.470s] -- The CXX compiler identification is GNU 11.4.0
[1.507s] -- Detecting C compiler ABI info
[2.174s] -- Detecting C compiler ABI info - done
[2.256s] -- Check for working C compiler: /usr/bin/cc - skipped
[2.257s] -- Detecting C compile features
[2.260s] -- Detecting C compile features - done
[2.286s] -- Detecting CXX compiler ABI info
[2.814s] -- Detecting CXX compiler ABI info - done
[2.872s] -- Check for working CXX compiler: /usr/bin/c++ - skipped
[2.873s] -- Detecting CXX compile features
[2.876s] -- Detecting CXX compile features - done
[2.888s] -- Found ament_cmake: 1.3.8 (/opt/ros/humble/share/ament_cmake/cmake)
[4.248s] -- Found Python3: /usr/bin/python3 (found version "3.10.12") found components: Interpreter 
[5.256s] -- Configuring done
[5.271s] -- Generating done
[5.276s] -- Build files have been written to: /home/ti5/ws_moveit2/build/moveit_resources_prbt_support
[5.295s] Invoked command in '/home/ti5/ws_moveit2/build/moveit_resources_prbt_support' returned '0': CMAKE_PREFIX_PATH=/opt/ros/humble /usr/bin/cmake /home/ti5/ws_moveit2/moveit2/moveit_planners/test_configs/prbt_support -DCMAKE_BUILD_TYPE=Release -DCMAKE_INSTALL_PREFIX=/home/ti5/ws_moveit2/install/moveit_resources_prbt_support
[5.312s] Invoking command in '/home/ti5/ws_moveit2/build/moveit_resources_prbt_support': CMAKE_PREFIX_PATH=/opt/ros/humble /usr/bin/cmake --build /home/ti5/ws_moveit2/build/moveit_resources_prbt_support -- -j4 -l4
[5.690s] Invoked command in '/home/ti5/ws_moveit2/build/moveit_resources_prbt_support' returned '0': CMAKE_PREFIX_PATH=/opt/ros/humble /usr/bin/cmake --build /home/ti5/ws_moveit2/build/moveit_resources_prbt_support -- -j4 -l4
[5.810s] Invoking command in '/home/ti5/ws_moveit2/build/moveit_resources_prbt_support': CMAKE_PREFIX_PATH=/opt/ros/humble /usr/bin/cmake --install /home/ti5/ws_moveit2/build/moveit_resources_prbt_support
[5.887s] -- Install configuration: "Release"
[5.892s] -- Installing: /home/ti5/ws_moveit2/install/moveit_resources_prbt_support/share/ament_index/resource_index/package_run_dependencies/moveit_resources_prbt_support
[5.894s] -- Installing: /home/ti5/ws_moveit2/install/moveit_resources_prbt_support/share/ament_index/resource_index/parent_prefix_path/moveit_resources_prbt_support
[5.899s] -- Installing: /home/ti5/ws_moveit2/install/moveit_resources_prbt_support/share/moveit_resources_prbt_support/environment/ament_prefix_path.sh
[5.901s] -- Installing: /home/ti5/ws_moveit2/install/moveit_resources_prbt_support/share/moveit_resources_prbt_support/environment/ament_prefix_path.dsv
[5.903s] -- Installing: /home/ti5/ws_moveit2/install/moveit_resources_prbt_support/share/moveit_resources_prbt_support/environment/path.sh
[5.907s] -- Installing: /home/ti5/ws_moveit2/install/moveit_resources_prbt_support/share/moveit_resources_prbt_support/environment/path.dsv
[5.912s] -- Installing: /home/ti5/ws_moveit2/install/moveit_resources_prbt_support/share/moveit_resources_prbt_support/local_setup.bash
[5.914s] -- Installing: /home/ti5/ws_moveit2/install/moveit_resources_prbt_support/share/moveit_resources_prbt_support/local_setup.sh
[5.916s] -- Installing: /home/ti5/ws_moveit2/install/moveit_resources_prbt_support/share/moveit_resources_prbt_support/local_setup.zsh
[5.919s] -- Installing: /home/ti5/ws_moveit2/install/moveit_resources_prbt_support/share/moveit_resources_prbt_support/local_setup.dsv
[5.921s] -- Installing: /home/ti5/ws_moveit2/install/moveit_resources_prbt_support/share/moveit_resources_prbt_support/package.dsv
[5.927s] -- Installing: /home/ti5/ws_moveit2/install/moveit_resources_prbt_support/share/ament_index/resource_index/packages/moveit_resources_prbt_support
[5.929s] -- Installing: /home/ti5/ws_moveit2/install/moveit_resources_prbt_support/share/moveit_resources_prbt_support/cmake/moveit_resources_prbt_supportConfig.cmake
[5.931s] -- Installing: /home/ti5/ws_moveit2/install/moveit_resources_prbt_support/share/moveit_resources_prbt_support/cmake/moveit_resources_prbt_supportConfig-version.cmake
[5.935s] -- Installing: /home/ti5/ws_moveit2/install/moveit_resources_prbt_support/share/moveit_resources_prbt_support/package.xml
[5.938s] -- Installing: /home/ti5/ws_moveit2/install/moveit_resources_prbt_support/share/moveit_resources_prbt_support/urdf
[5.944s] -- Installing: /home/ti5/ws_moveit2/install/moveit_resources_prbt_support/share/moveit_resources_prbt_support/urdf/prbt.ros2_control.xacro
[5.947s] -- Installing: /home/ti5/ws_moveit2/install/moveit_resources_prbt_support/share/moveit_resources_prbt_support/urdf/prbt.xacro
[5.949s] -- Installing: /home/ti5/ws_moveit2/install/moveit_resources_prbt_support/share/moveit_resources_prbt_support/urdf/prbt_macro.xacro
[5.952s] -- Installing: /home/ti5/ws_moveit2/install/moveit_resources_prbt_support/share/moveit_resources_prbt_support/urdf/simple_gripper_brackets.urdf.xacro
[5.955s] -- Installing: /home/ti5/ws_moveit2/install/moveit_resources_prbt_support/share/moveit_resources_prbt_support/meshes
[5.959s] -- Installing: /home/ti5/ws_moveit2/install/moveit_resources_prbt_support/share/moveit_resources_prbt_support/meshes/link_2.stl
[5.961s] -- Installing: /home/ti5/ws_moveit2/install/moveit_resources_prbt_support/share/moveit_resources_prbt_support/meshes/link_3.dae
[5.974s] -- Installing: /home/ti5/ws_moveit2/install/moveit_resources_prbt_support/share/moveit_resources_prbt_support/meshes/foot.dae
[5.992s] -- Installing: /home/ti5/ws_moveit2/install/moveit_resources_prbt_support/share/moveit_resources_prbt_support/meshes/link_5.dae
[6.004s] -- Installing: /home/ti5/ws_moveit2/install/moveit_resources_prbt_support/share/moveit_resources_prbt_support/meshes/link_3.stl
[6.009s] -- Installing: /home/ti5/ws_moveit2/install/moveit_resources_prbt_support/share/moveit_resources_prbt_support/meshes/link_2.dae
[6.031s] -- Installing: /home/ti5/ws_moveit2/install/moveit_resources_prbt_support/share/moveit_resources_prbt_support/meshes/foot.stl
[6.034s] -- Installing: /home/ti5/ws_moveit2/install/moveit_resources_prbt_support/share/moveit_resources_prbt_support/meshes/flange.dae
[6.039s] -- Installing: /home/ti5/ws_moveit2/install/moveit_resources_prbt_support/share/moveit_resources_prbt_support/meshes/link_1.stl
[6.047s] -- Installing: /home/ti5/ws_moveit2/install/moveit_resources_prbt_support/share/moveit_resources_prbt_support/meshes/link_5.stl
[6.049s] -- Installing: /home/ti5/ws_moveit2/install/moveit_resources_prbt_support/share/moveit_resources_prbt_support/meshes/flange.stl
[6.052s] -- Installing: /home/ti5/ws_moveit2/install/moveit_resources_prbt_support/share/moveit_resources_prbt_support/meshes/link_4.stl
[6.054s] -- Installing: /home/ti5/ws_moveit2/install/moveit_resources_prbt_support/share/moveit_resources_prbt_support/meshes/link_4.dae
[6.074s] -- Installing: /home/ti5/ws_moveit2/install/moveit_resources_prbt_support/share/moveit_resources_prbt_support/meshes/link_1.dae
[6.089s] -- Installing: /home/ti5/ws_moveit2/install/moveit_resources_prbt_support/share/moveit_resources_prbt_support/config
[6.094s] -- Installing: /home/ti5/ws_moveit2/install/moveit_resources_prbt_support/share/moveit_resources_prbt_support/config/manipulator_driver.yaml
[6.096s] -- Installing: /home/ti5/ws_moveit2/install/moveit_resources_prbt_support/share/moveit_resources_prbt_support/config/prbt_0_1.dcf
[6.100s] -- Installing: /home/ti5/ws_moveit2/install/moveit_resources_prbt_support/share/moveit_resources_prbt_support/config/manipulator_controller.yaml
[6.112s] Invoked command in '/home/ti5/ws_moveit2/build/moveit_resources_prbt_support' returned '0': CMAKE_PREFIX_PATH=/opt/ros/humble /usr/bin/cmake --install /home/ti5/ws_moveit2/build/moveit_resources_prbt_support
