[0.154s] Invoking command in '/home/ti5/ws_moveit2/build/moveit_kinematics': AMENT_PREFIX_PATH=/home/ti5/ws_moveit2/install/moveit_ros_planning:/home/ti5/ws_moveit2/install/moveit_ros_occupancy_map_monitor:/home/ti5/ws_moveit2/install/moveit_core:/home/ti5/ws_moveit2/install/moveit_resources_panda_moveit_config:/home/ti5/ws_moveit2/install/moveit_resources_fanuc_moveit_config:/home/ti5/ws_moveit2/install/moveit_configs_utils:/home/ti5/ws_moveit2/install/srdfdom:/home/ti5/ws_moveit2/install/moveit_resources_panda_description:/home/ti5/ws_moveit2/install/moveit_resources_fanuc_description:/home/ti5/ws_moveit2/install/moveit_common:/home/ti5/ws_moveit2/install/launch_param_builder:${AMENT_PREFIX_PATH} CMAKE_PREFIX_PATH=/home/ti5/ws_moveit2/install/moveit_ros_planning:/home/ti5/ws_moveit2/install/moveit_ros_occupancy_map_monitor:/home/ti5/ws_moveit2/install/moveit_core:/home/ti5/ws_moveit2/install/moveit_resources_panda_moveit_config:/home/ti5/ws_moveit2/install/moveit_resources_fanuc_moveit_config:/home/ti5/ws_moveit2/install/srdfdom:/home/ti5/ws_moveit2/install/moveit_resources_panda_description:/home/ti5/ws_moveit2/install/moveit_resources_fanuc_description:/home/ti5/ws_moveit2/install/moveit_common:/opt/ros/humble LD_LIBRARY_PATH=/home/ti5/ws_moveit2/install/moveit_ros_planning/lib:/home/ti5/ws_moveit2/install/moveit_ros_occupancy_map_monitor/lib:/home/ti5/ws_moveit2/install/moveit_core/lib:/home/ti5/ws_moveit2/install/srdfdom/lib:${LD_LIBRARY_PATH} PATH=/home/ti5/ws_moveit2/install/moveit_core/bin:${PATH} PYTHONPATH=/home/ti5/ws_moveit2/install/moveit_configs_utils/lib/python3.10/site-packages:/home/ti5/ws_moveit2/install/srdfdom/local/lib/python3.10/dist-packages:/home/ti5/ws_moveit2/install/launch_param_builder/lib/python3.10/site-packages:${PYTHONPATH} /usr/bin/cmake --build /home/ti5/ws_moveit2/build/moveit_kinematics -- -j4 -l4
[0.701s] [ 10%] Built target moveit_lma_kinematics_plugin
[0.750s] [ 21%] Built target moveit_srv_kinematics_plugin
[0.791s] [ 31%] Built target moveit_cached_ik_kinematics_base
[0.854s] [ 47%] Built target moveit_kdl_kinematics_plugin
[1.029s] [ 57%] Built target gtest_main
[1.062s] [ 68%] Built target gtest
[1.259s] [ 78%] Built target moveit_cached_ik_kinematics_plugin
[1.283s] [ 89%] Built target benchmark_ik
[1.346s] [100%] Built target test_kinematics_plugin
[1.407s] Invoked command in '/home/ti5/ws_moveit2/build/moveit_kinematics' returned '0': AMENT_PREFIX_PATH=/home/ti5/ws_moveit2/install/moveit_ros_planning:/home/ti5/ws_moveit2/install/moveit_ros_occupancy_map_monitor:/home/ti5/ws_moveit2/install/moveit_core:/home/ti5/ws_moveit2/install/moveit_resources_panda_moveit_config:/home/ti5/ws_moveit2/install/moveit_resources_fanuc_moveit_config:/home/ti5/ws_moveit2/install/moveit_configs_utils:/home/ti5/ws_moveit2/install/srdfdom:/home/ti5/ws_moveit2/install/moveit_resources_panda_description:/home/ti5/ws_moveit2/install/moveit_resources_fanuc_description:/home/ti5/ws_moveit2/install/moveit_common:/home/ti5/ws_moveit2/install/launch_param_builder:${AMENT_PREFIX_PATH} CMAKE_PREFIX_PATH=/home/ti5/ws_moveit2/install/moveit_ros_planning:/home/ti5/ws_moveit2/install/moveit_ros_occupancy_map_monitor:/home/ti5/ws_moveit2/install/moveit_core:/home/ti5/ws_moveit2/install/moveit_resources_panda_moveit_config:/home/ti5/ws_moveit2/install/moveit_resources_fanuc_moveit_config:/home/ti5/ws_moveit2/install/srdfdom:/home/ti5/ws_moveit2/install/moveit_resources_panda_description:/home/ti5/ws_moveit2/install/moveit_resources_fanuc_description:/home/ti5/ws_moveit2/install/moveit_common:/opt/ros/humble LD_LIBRARY_PATH=/home/ti5/ws_moveit2/install/moveit_ros_planning/lib:/home/ti5/ws_moveit2/install/moveit_ros_occupancy_map_monitor/lib:/home/ti5/ws_moveit2/install/moveit_core/lib:/home/ti5/ws_moveit2/install/srdfdom/lib:${LD_LIBRARY_PATH} PATH=/home/ti5/ws_moveit2/install/moveit_core/bin:${PATH} PYTHONPATH=/home/ti5/ws_moveit2/install/moveit_configs_utils/lib/python3.10/site-packages:/home/ti5/ws_moveit2/install/srdfdom/local/lib/python3.10/dist-packages:/home/ti5/ws_moveit2/install/launch_param_builder/lib/python3.10/site-packages:${PYTHONPATH} /usr/bin/cmake --build /home/ti5/ws_moveit2/build/moveit_kinematics -- -j4 -l4
[1.621s] Invoking command in '/home/ti5/ws_moveit2/build/moveit_kinematics': AMENT_PREFIX_PATH=/home/ti5/ws_moveit2/install/moveit_ros_planning:/home/ti5/ws_moveit2/install/moveit_ros_occupancy_map_monitor:/home/ti5/ws_moveit2/install/moveit_core:/home/ti5/ws_moveit2/install/moveit_resources_panda_moveit_config:/home/ti5/ws_moveit2/install/moveit_resources_fanuc_moveit_config:/home/ti5/ws_moveit2/install/moveit_configs_utils:/home/ti5/ws_moveit2/install/srdfdom:/home/ti5/ws_moveit2/install/moveit_resources_panda_description:/home/ti5/ws_moveit2/install/moveit_resources_fanuc_description:/home/ti5/ws_moveit2/install/moveit_common:/home/ti5/ws_moveit2/install/launch_param_builder:${AMENT_PREFIX_PATH} CMAKE_PREFIX_PATH=/home/ti5/ws_moveit2/install/moveit_ros_planning:/home/ti5/ws_moveit2/install/moveit_ros_occupancy_map_monitor:/home/ti5/ws_moveit2/install/moveit_core:/home/ti5/ws_moveit2/install/moveit_resources_panda_moveit_config:/home/ti5/ws_moveit2/install/moveit_resources_fanuc_moveit_config:/home/ti5/ws_moveit2/install/srdfdom:/home/ti5/ws_moveit2/install/moveit_resources_panda_description:/home/ti5/ws_moveit2/install/moveit_resources_fanuc_description:/home/ti5/ws_moveit2/install/moveit_common:/opt/ros/humble LD_LIBRARY_PATH=/home/ti5/ws_moveit2/install/moveit_ros_planning/lib:/home/ti5/ws_moveit2/install/moveit_ros_occupancy_map_monitor/lib:/home/ti5/ws_moveit2/install/moveit_core/lib:/home/ti5/ws_moveit2/install/srdfdom/lib:${LD_LIBRARY_PATH} PATH=/home/ti5/ws_moveit2/install/moveit_core/bin:${PATH} PYTHONPATH=/home/ti5/ws_moveit2/install/moveit_configs_utils/lib/python3.10/site-packages:/home/ti5/ws_moveit2/install/srdfdom/local/lib/python3.10/dist-packages:/home/ti5/ws_moveit2/install/launch_param_builder/lib/python3.10/site-packages:${PYTHONPATH} /usr/bin/cmake --install /home/ti5/ws_moveit2/build/moveit_kinematics
[1.712s] -- Install configuration: "Release"
[1.718s] -- Up-to-date: /home/ti5/ws_moveit2/install/moveit_kinematics/share/moveit_kinematics/kdl_kinematics_plugin_description.xml
[1.718s] -- Up-to-date: /home/ti5/ws_moveit2/install/moveit_kinematics/share/moveit_kinematics/lma_kinematics_plugin_description.xml
[1.719s] -- Up-to-date: /home/ti5/ws_moveit2/install/moveit_kinematics/share/moveit_kinematics/srv_kinematics_plugin_description.xml
[1.722s] -- Up-to-date: /home/ti5/ws_moveit2/install/moveit_kinematics/share/moveit_kinematics/cached_ik_kinematics_plugin_description.xml
[1.723s] -- Up-to-date: /home/ti5/ws_moveit2/install/moveit_kinematics/include
[1.724s] -- Up-to-date: /home/ti5/ws_moveit2/install/moveit_kinematics/include/moveit
[1.724s] -- Up-to-date: /home/ti5/ws_moveit2/install/moveit_kinematics/include/moveit/cached_ik_kinematics_plugin
[1.726s] -- Up-to-date: /home/ti5/ws_moveit2/install/moveit_kinematics/include/moveit/cached_ik_kinematics_plugin/cached_ik_kinematics_plugin-inl.h
[1.727s] -- Up-to-date: /home/ti5/ws_moveit2/install/moveit_kinematics/include/moveit/cached_ik_kinematics_plugin/cached_ik_kinematics_plugin.h
[1.727s] -- Up-to-date: /home/ti5/ws_moveit2/install/moveit_kinematics/include/moveit/cached_ik_kinematics_plugin/detail
[1.731s] -- Up-to-date: /home/ti5/ws_moveit2/install/moveit_kinematics/include/moveit/cached_ik_kinematics_plugin/detail/NearestNeighbors.h
[1.732s] -- Up-to-date: /home/ti5/ws_moveit2/install/moveit_kinematics/include/moveit/cached_ik_kinematics_plugin/detail/GreedyKCenters.h
[1.732s] -- Up-to-date: /home/ti5/ws_moveit2/install/moveit_kinematics/include/moveit/cached_ik_kinematics_plugin/detail/NearestNeighborsGNAT.h
[1.733s] -- Up-to-date: /home/ti5/ws_moveit2/install/moveit_kinematics/share/moveit_kinematics/launch
[1.737s] -- Up-to-date: /home/ti5/ws_moveit2/install/moveit_kinematics/share/moveit_kinematics/launch/measure_ik_call_cost.launch
[1.738s] -- Up-to-date: /home/ti5/ws_moveit2/install/moveit_kinematics/lib/moveit_kinematics/auto_create_ikfast_moveit_plugin.sh
[1.738s] -- Up-to-date: /home/ti5/ws_moveit2/install/moveit_kinematics/lib/moveit_kinematics/create_ikfast_moveit_plugin.py
[1.739s] -- Up-to-date: /home/ti5/ws_moveit2/install/moveit_kinematics/lib/moveit_kinematics/round_collada_numbers.py
[1.740s] -- Up-to-date: /home/ti5/ws_moveit2/install/moveit_kinematics/share/moveit_kinematics/ikfast_kinematics_plugin/templates
[1.740s] -- Up-to-date: /home/ti5/ws_moveit2/install/moveit_kinematics/share/moveit_kinematics/ikfast_kinematics_plugin/templates/ikfast.h
[1.741s] -- Up-to-date: /home/ti5/ws_moveit2/install/moveit_kinematics/share/moveit_kinematics/ikfast_kinematics_plugin/templates/ikfast61_moveit_plugin_template.cpp
[1.741s] -- Up-to-date: /home/ti5/ws_moveit2/install/moveit_kinematics/share/moveit_kinematics/ikfast_kinematics_plugin/templates/CMakeLists.txt
[1.742s] -- Up-to-date: /home/ti5/ws_moveit2/install/moveit_kinematics/include
[1.742s] -- Up-to-date: /home/ti5/ws_moveit2/install/moveit_kinematics/include/moveit
[1.743s] -- Up-to-date: /home/ti5/ws_moveit2/install/moveit_kinematics/include/moveit/kdl_kinematics_plugin
[1.743s] -- Up-to-date: /home/ti5/ws_moveit2/install/moveit_kinematics/include/moveit/kdl_kinematics_plugin/joint_mimic.hpp
[1.747s] -- Up-to-date: /home/ti5/ws_moveit2/install/moveit_kinematics/include/moveit/kdl_kinematics_plugin/kdl_kinematics_plugin.h
[1.747s] -- Up-to-date: /home/ti5/ws_moveit2/install/moveit_kinematics/include/moveit/kdl_kinematics_plugin/chainiksolver_vel_mimic_svd.hpp
[1.749s] -- Up-to-date: /home/ti5/ws_moveit2/install/moveit_kinematics/include
[1.749s] -- Up-to-date: /home/ti5/ws_moveit2/install/moveit_kinematics/include/moveit
[1.750s] -- Up-to-date: /home/ti5/ws_moveit2/install/moveit_kinematics/include/moveit/lma_kinematics_plugin
[1.751s] -- Up-to-date: /home/ti5/ws_moveit2/install/moveit_kinematics/include/moveit/lma_kinematics_plugin/lma_kinematics_plugin.h
[1.751s] -- Up-to-date: /home/ti5/ws_moveit2/install/moveit_kinematics/include
[1.752s] -- Up-to-date: /home/ti5/ws_moveit2/install/moveit_kinematics/include/moveit
[1.759s] -- Up-to-date: /home/ti5/ws_moveit2/install/moveit_kinematics/include/moveit/srv_kinematics_plugin
[1.760s] -- Up-to-date: /home/ti5/ws_moveit2/install/moveit_kinematics/include/moveit/srv_kinematics_plugin/srv_kinematics_plugin.h
[1.764s] -- Up-to-date: /home/ti5/ws_moveit2/install/moveit_kinematics/share/moveit_kinematics/config
[1.764s] -- Up-to-date: /home/ti5/ws_moveit2/install/moveit_kinematics/share/moveit_kinematics/config/fanuc-kdl-singular-test.yaml
[1.765s] -- Up-to-date: /home/ti5/ws_moveit2/install/moveit_kinematics/share/moveit_kinematics/config/panda-lma-singular-test.yaml
[1.766s] -- Up-to-date: /home/ti5/ws_moveit2/install/moveit_kinematics/share/moveit_kinematics/config/panda-lma-test.yaml
[1.767s] -- Up-to-date: /home/ti5/ws_moveit2/install/moveit_kinematics/share/moveit_kinematics/config/panda-kdl-test.yaml
[1.767s] -- Up-to-date: /home/ti5/ws_moveit2/install/moveit_kinematics/share/moveit_kinematics/config/fanuc-lma-singular-test.yaml
[1.768s] -- Up-to-date: /home/ti5/ws_moveit2/install/moveit_kinematics/share/moveit_kinematics/config/panda-kdl-singular-test.yaml
[1.768s] -- Up-to-date: /home/ti5/ws_moveit2/install/moveit_kinematics/share/moveit_kinematics/config/fanuc-lma-test.yaml
[1.769s] -- Up-to-date: /home/ti5/ws_moveit2/install/moveit_kinematics/share/moveit_kinematics/config/fanuc-kdl-test.yaml
[1.769s] -- Up-to-date: /home/ti5/ws_moveit2/install/moveit_kinematics/share/moveit_kinematics/launch
[1.770s] -- Up-to-date: /home/ti5/ws_moveit2/install/moveit_kinematics/share/moveit_kinematics/launch/panda-lma.test.py
[1.770s] -- Up-to-date: /home/ti5/ws_moveit2/install/moveit_kinematics/share/moveit_kinematics/launch/panda-kdl.test.py
[1.771s] -- Up-to-date: /home/ti5/ws_moveit2/install/moveit_kinematics/share/moveit_kinematics/launch/fanuc-lma.test.py
[1.773s] -- Up-to-date: /home/ti5/ws_moveit2/install/moveit_kinematics/share/moveit_kinematics/launch/panda-kdl-singular.test.py
[1.774s] -- Up-to-date: /home/ti5/ws_moveit2/install/moveit_kinematics/share/moveit_kinematics/launch/panda-lma-singular.test.py
[1.774s] -- Up-to-date: /home/ti5/ws_moveit2/install/moveit_kinematics/share/moveit_kinematics/launch/fanuc-lma-singular.test.py
[1.776s] -- Up-to-date: /home/ti5/ws_moveit2/install/moveit_kinematics/share/moveit_kinematics/launch/fanuc-kdl-singular.test.py
[1.776s] -- Up-to-date: /home/ti5/ws_moveit2/install/moveit_kinematics/share/moveit_kinematics/launch/fanuc-kdl.test.py
[1.777s] -- Up-to-date: /home/ti5/ws_moveit2/install/moveit_kinematics/lib/moveit_kinematics/benchmark_ik
[1.778s] -- Up-to-date: /home/ti5/ws_moveit2/install/moveit_kinematics/lib/moveit_kinematics/test_kinematics_plugin
[1.778s] -- Up-to-date: /home/ti5/ws_moveit2/install/moveit_kinematics/lib/libmoveit_cached_ik_kinematics_base.so.2.5.5
[1.779s] -- Up-to-date: /home/ti5/ws_moveit2/install/moveit_kinematics/lib/libmoveit_cached_ik_kinematics_base.so
[1.792s] -- Up-to-date: /home/ti5/ws_moveit2/install/moveit_kinematics/lib/libmoveit_cached_ik_kinematics_plugin.so.2.5.5
[1.792s] -- Up-to-date: /home/ti5/ws_moveit2/install/moveit_kinematics/lib/libmoveit_cached_ik_kinematics_plugin.so
[1.793s] -- Up-to-date: /home/ti5/ws_moveit2/install/moveit_kinematics/lib/libmoveit_kdl_kinematics_plugin.so
[1.802s] -- Up-to-date: /home/ti5/ws_moveit2/install/moveit_kinematics/lib/libmoveit_lma_kinematics_plugin.so.2.5.5
[1.802s] -- Up-to-date: /home/ti5/ws_moveit2/install/moveit_kinematics/lib/libmoveit_lma_kinematics_plugin.so
[1.806s] -- Up-to-date: /home/ti5/ws_moveit2/install/moveit_kinematics/lib/libmoveit_srv_kinematics_plugin.so.2.5.5
[1.806s] -- Up-to-date: /home/ti5/ws_moveit2/install/moveit_kinematics/lib/libmoveit_srv_kinematics_plugin.so
[1.806s] -- Up-to-date: /home/ti5/ws_moveit2/install/moveit_kinematics/share/moveit_kinematics/environment/library_path.sh
[1.807s] -- Up-to-date: /home/ti5/ws_moveit2/install/moveit_kinematics/share/moveit_kinematics/environment/library_path.dsv
[1.807s] -- Up-to-date: /home/ti5/ws_moveit2/install/moveit_kinematics/share/ament_index/resource_index/package_run_dependencies/moveit_kinematics
[1.808s] -- Up-to-date: /home/ti5/ws_moveit2/install/moveit_kinematics/share/ament_index/resource_index/parent_prefix_path/moveit_kinematics
[1.808s] -- Up-to-date: /home/ti5/ws_moveit2/install/moveit_kinematics/share/moveit_kinematics/environment/ament_prefix_path.sh
[1.809s] -- Up-to-date: /home/ti5/ws_moveit2/install/moveit_kinematics/share/moveit_kinematics/environment/ament_prefix_path.dsv
[1.809s] -- Up-to-date: /home/ti5/ws_moveit2/install/moveit_kinematics/share/moveit_kinematics/environment/path.sh
[1.826s] -- Up-to-date: /home/ti5/ws_moveit2/install/moveit_kinematics/share/moveit_kinematics/environment/path.dsv
[1.826s] -- Up-to-date: /home/ti5/ws_moveit2/install/moveit_kinematics/share/moveit_kinematics/local_setup.bash
[1.827s] -- Up-to-date: /home/ti5/ws_moveit2/install/moveit_kinematics/share/moveit_kinematics/local_setup.sh
[1.827s] -- Up-to-date: /home/ti5/ws_moveit2/install/moveit_kinematics/share/moveit_kinematics/local_setup.zsh
[1.828s] -- Up-to-date: /home/ti5/ws_moveit2/install/moveit_kinematics/share/moveit_kinematics/local_setup.dsv
[1.828s] -- Installing: /home/ti5/ws_moveit2/install/moveit_kinematics/share/moveit_kinematics/package.dsv
[1.829s] -- Up-to-date: /home/ti5/ws_moveit2/install/moveit_kinematics/share/ament_index/resource_index/packages/moveit_kinematics
[1.830s] -- Up-to-date: /home/ti5/ws_moveit2/install/moveit_kinematics/share/ament_index/resource_index/moveit_core__pluginlib__plugin/moveit_kinematics
[1.830s] -- Up-to-date: /home/ti5/ws_moveit2/install/moveit_kinematics/share/moveit_kinematics/cmake/export_moveit_kinematicsExport.cmake
[1.831s] -- Up-to-date: /home/ti5/ws_moveit2/install/moveit_kinematics/share/moveit_kinematics/cmake/export_moveit_kinematicsExport-release.cmake
[1.831s] -- Up-to-date: /home/ti5/ws_moveit2/install/moveit_kinematics/share/moveit_kinematics/cmake/ConfigExtras.cmake
[1.832s] -- Up-to-date: /home/ti5/ws_moveit2/install/moveit_kinematics/share/moveit_kinematics/cmake/ament_cmake_export_targets-extras.cmake
[1.832s] -- Up-to-date: /home/ti5/ws_moveit2/install/moveit_kinematics/share/moveit_kinematics/cmake/ament_cmake_export_dependencies-extras.cmake
[1.833s] -- Up-to-date: /home/ti5/ws_moveit2/install/moveit_kinematics/share/moveit_kinematics/cmake/moveit_kinematicsConfig.cmake
[1.833s] -- Up-to-date: /home/ti5/ws_moveit2/install/moveit_kinematics/share/moveit_kinematics/cmake/moveit_kinematicsConfig-version.cmake
[1.842s] -- Up-to-date: /home/ti5/ws_moveit2/install/moveit_kinematics/share/moveit_kinematics/package.xml
[1.843s] Invoked command in '/home/ti5/ws_moveit2/build/moveit_kinematics' returned '0': AMENT_PREFIX_PATH=/home/ti5/ws_moveit2/install/moveit_ros_planning:/home/ti5/ws_moveit2/install/moveit_ros_occupancy_map_monitor:/home/ti5/ws_moveit2/install/moveit_core:/home/ti5/ws_moveit2/install/moveit_resources_panda_moveit_config:/home/ti5/ws_moveit2/install/moveit_resources_fanuc_moveit_config:/home/ti5/ws_moveit2/install/moveit_configs_utils:/home/ti5/ws_moveit2/install/srdfdom:/home/ti5/ws_moveit2/install/moveit_resources_panda_description:/home/ti5/ws_moveit2/install/moveit_resources_fanuc_description:/home/ti5/ws_moveit2/install/moveit_common:/home/ti5/ws_moveit2/install/launch_param_builder:${AMENT_PREFIX_PATH} CMAKE_PREFIX_PATH=/home/ti5/ws_moveit2/install/moveit_ros_planning:/home/ti5/ws_moveit2/install/moveit_ros_occupancy_map_monitor:/home/ti5/ws_moveit2/install/moveit_core:/home/ti5/ws_moveit2/install/moveit_resources_panda_moveit_config:/home/ti5/ws_moveit2/install/moveit_resources_fanuc_moveit_config:/home/ti5/ws_moveit2/install/srdfdom:/home/ti5/ws_moveit2/install/moveit_resources_panda_description:/home/ti5/ws_moveit2/install/moveit_resources_fanuc_description:/home/ti5/ws_moveit2/install/moveit_common:/opt/ros/humble LD_LIBRARY_PATH=/home/ti5/ws_moveit2/install/moveit_ros_planning/lib:/home/ti5/ws_moveit2/install/moveit_ros_occupancy_map_monitor/lib:/home/ti5/ws_moveit2/install/moveit_core/lib:/home/ti5/ws_moveit2/install/srdfdom/lib:${LD_LIBRARY_PATH} PATH=/home/ti5/ws_moveit2/install/moveit_core/bin:${PATH} PYTHONPATH=/home/ti5/ws_moveit2/install/moveit_configs_utils/lib/python3.10/site-packages:/home/ti5/ws_moveit2/install/srdfdom/local/lib/python3.10/dist-packages:/home/ti5/ws_moveit2/install/launch_param_builder/lib/python3.10/site-packages:${PYTHONPATH} /usr/bin/cmake --install /home/ti5/ws_moveit2/build/moveit_kinematics
