[0.239s] Invoking command in '/home/ti5/ws_moveit2/build/moveit_common': CMAKE_PREFIX_PATH=${CMAKE_PREFIX_PATH}:/home/ti5/ws_moveit2/install/moveit_configs_utils:/home/ti5/ws_moveit2/install/launch_param_builder:/opt/ros/humble /usr/bin/cmake --build /home/ti5/ws_moveit2/build/moveit_common -- -j4 -l4
[1.934s] Invoked command in '/home/ti5/ws_moveit2/build/moveit_common' returned '0': CMAKE_PREFIX_PATH=${CMAKE_PREFIX_PATH}:/home/ti5/ws_moveit2/install/moveit_configs_utils:/home/ti5/ws_moveit2/install/launch_param_builder:/opt/ros/humble /usr/bin/cmake --build /home/ti5/ws_moveit2/build/moveit_common -- -j4 -l4
[2.212s] Invoking command in '/home/ti5/ws_moveit2/build/moveit_common': CMAKE_PREFIX_PATH=${CMAKE_PREFIX_PATH}:/home/ti5/ws_moveit2/install/moveit_configs_utils:/home/ti5/ws_moveit2/install/launch_param_builder:/opt/ros/humble /usr/bin/cmake --install /home/ti5/ws_moveit2/build/moveit_common
[2.278s] -- Install configuration: "Release"
[2.278s] -- Up-to-date: /home/ti5/ws_moveit2/install/moveit_common/share/ament_index/resource_index/package_run_dependencies/moveit_common
[2.279s] -- Up-to-date: /home/ti5/ws_moveit2/install/moveit_common/share/ament_index/resource_index/parent_prefix_path/moveit_common
[2.280s] -- Up-to-date: /home/ti5/ws_moveit2/install/moveit_common/share/moveit_common/environment/ament_prefix_path.sh
[2.281s] -- Up-to-date: /home/ti5/ws_moveit2/install/moveit_common/share/moveit_common/environment/ament_prefix_path.dsv
[2.282s] -- Up-to-date: /home/ti5/ws_moveit2/install/moveit_common/share/moveit_common/environment/path.sh
[2.282s] -- Up-to-date: /home/ti5/ws_moveit2/install/moveit_common/share/moveit_common/environment/path.dsv
[2.283s] -- Up-to-date: /home/ti5/ws_moveit2/install/moveit_common/share/moveit_common/local_setup.bash
[2.283s] -- Up-to-date: /home/ti5/ws_moveit2/install/moveit_common/share/moveit_common/local_setup.sh
[2.284s] -- Up-to-date: /home/ti5/ws_moveit2/install/moveit_common/share/moveit_common/local_setup.zsh
[2.284s] -- Up-to-date: /home/ti5/ws_moveit2/install/moveit_common/share/moveit_common/local_setup.dsv
[2.285s] -- Installing: /home/ti5/ws_moveit2/install/moveit_common/share/moveit_common/package.dsv
[2.287s] -- Up-to-date: /home/ti5/ws_moveit2/install/moveit_common/share/ament_index/resource_index/packages/moveit_common
[2.288s] -- Up-to-date: /home/ti5/ws_moveit2/install/moveit_common/share/moveit_common/cmake/moveit_common-extras.cmake
[2.289s] -- Up-to-date: /home/ti5/ws_moveit2/install/moveit_common/share/moveit_common/cmake/moveit_commonConfig.cmake
[2.290s] -- Up-to-date: /home/ti5/ws_moveit2/install/moveit_common/share/moveit_common/cmake/moveit_commonConfig-version.cmake
[2.291s] -- Up-to-date: /home/ti5/ws_moveit2/install/moveit_common/share/moveit_common/package.xml
[2.293s] -- Up-to-date: /home/ti5/ws_moveit2/install/moveit_common/share/moveit_common/cmake
[2.294s] -- Up-to-date: /home/ti5/ws_moveit2/install/moveit_common/share/moveit_common/cmake/moveit_package.cmake
[2.317s] Invoked command in '/home/ti5/ws_moveit2/build/moveit_common' returned '0': CMAKE_PREFIX_PATH=${CMAKE_PREFIX_PATH}:/home/ti5/ws_moveit2/install/moveit_configs_utils:/home/ti5/ws_moveit2/install/launch_param_builder:/opt/ros/humble /usr/bin/cmake --install /home/ti5/ws_moveit2/build/moveit_common
