[0.102s] Invoking command in '/home/ti5/ws_moveit2/build/moveit_plugins': AMENT_PREFIX_PATH=/home/ti5/ws_moveit2/install/moveit_simple_controller_manager:/home/ti5/ws_moveit2/install/moveit_core:/home/ti5/ws_moveit2/install/srdfdom:/home/ti5/ws_moveit2/install/moveit_common:${AMENT_PREFIX_PATH} CMAKE_PREFIX_PATH=/home/ti5/ws_moveit2/install/moveit_simple_controller_manager:/home/ti5/ws_moveit2/install/moveit_core:/home/ti5/ws_moveit2/install/srdfdom:/home/ti5/ws_moveit2/install/moveit_common:/opt/ros/humble LD_LIBRARY_PATH=/home/ti5/ws_moveit2/install/moveit_simple_controller_manager/lib:/home/ti5/ws_moveit2/install/moveit_core/lib:/home/ti5/ws_moveit2/install/srdfdom/lib:${LD_LIBRARY_PATH} PATH=/home/ti5/ws_moveit2/install/moveit_core/bin:${PATH} PYTHONPATH=/home/ti5/ws_moveit2/install/srdfdom/local/lib/python3.10/dist-packages:${PYTHONPATH} /usr/bin/cmake --build /home/ti5/ws_moveit2/build/moveit_plugins -- -j4 -l4
[0.420s] Invoked command in '/home/ti5/ws_moveit2/build/moveit_plugins' returned '0': AMENT_PREFIX_PATH=/home/ti5/ws_moveit2/install/moveit_simple_controller_manager:/home/ti5/ws_moveit2/install/moveit_core:/home/ti5/ws_moveit2/install/srdfdom:/home/ti5/ws_moveit2/install/moveit_common:${AMENT_PREFIX_PATH} CMAKE_PREFIX_PATH=/home/ti5/ws_moveit2/install/moveit_simple_controller_manager:/home/ti5/ws_moveit2/install/moveit_core:/home/ti5/ws_moveit2/install/srdfdom:/home/ti5/ws_moveit2/install/moveit_common:/opt/ros/humble LD_LIBRARY_PATH=/home/ti5/ws_moveit2/install/moveit_simple_controller_manager/lib:/home/ti5/ws_moveit2/install/moveit_core/lib:/home/ti5/ws_moveit2/install/srdfdom/lib:${LD_LIBRARY_PATH} PATH=/home/ti5/ws_moveit2/install/moveit_core/bin:${PATH} PYTHONPATH=/home/ti5/ws_moveit2/install/srdfdom/local/lib/python3.10/dist-packages:${PYTHONPATH} /usr/bin/cmake --build /home/ti5/ws_moveit2/build/moveit_plugins -- -j4 -l4
[0.604s] Invoking command in '/home/ti5/ws_moveit2/build/moveit_plugins': AMENT_PREFIX_PATH=/home/ti5/ws_moveit2/install/moveit_simple_controller_manager:/home/ti5/ws_moveit2/install/moveit_core:/home/ti5/ws_moveit2/install/srdfdom:/home/ti5/ws_moveit2/install/moveit_common:${AMENT_PREFIX_PATH} CMAKE_PREFIX_PATH=/home/ti5/ws_moveit2/install/moveit_simple_controller_manager:/home/ti5/ws_moveit2/install/moveit_core:/home/ti5/ws_moveit2/install/srdfdom:/home/ti5/ws_moveit2/install/moveit_common:/opt/ros/humble LD_LIBRARY_PATH=/home/ti5/ws_moveit2/install/moveit_simple_controller_manager/lib:/home/ti5/ws_moveit2/install/moveit_core/lib:/home/ti5/ws_moveit2/install/srdfdom/lib:${LD_LIBRARY_PATH} PATH=/home/ti5/ws_moveit2/install/moveit_core/bin:${PATH} PYTHONPATH=/home/ti5/ws_moveit2/install/srdfdom/local/lib/python3.10/dist-packages:${PYTHONPATH} /usr/bin/cmake --install /home/ti5/ws_moveit2/build/moveit_plugins
[0.649s] -- Install configuration: ""
[0.651s] -- Up-to-date: /home/ti5/ws_moveit2/install/moveit_plugins/share/ament_index/resource_index/package_run_dependencies/moveit_plugins
[0.651s] -- Up-to-date: /home/ti5/ws_moveit2/install/moveit_plugins/share/ament_index/resource_index/parent_prefix_path/moveit_plugins
[0.653s] -- Up-to-date: /home/ti5/ws_moveit2/install/moveit_plugins/share/moveit_plugins/environment/ament_prefix_path.sh
[0.653s] -- Up-to-date: /home/ti5/ws_moveit2/install/moveit_plugins/share/moveit_plugins/environment/ament_prefix_path.dsv
[0.655s] -- Up-to-date: /home/ti5/ws_moveit2/install/moveit_plugins/share/moveit_plugins/environment/path.sh
[0.655s] -- Up-to-date: /home/ti5/ws_moveit2/install/moveit_plugins/share/moveit_plugins/environment/path.dsv
[0.656s] -- Up-to-date: /home/ti5/ws_moveit2/install/moveit_plugins/share/moveit_plugins/local_setup.bash
[0.657s] -- Up-to-date: /home/ti5/ws_moveit2/install/moveit_plugins/share/moveit_plugins/local_setup.sh
[0.663s] -- Up-to-date: /home/ti5/ws_moveit2/install/moveit_plugins/share/moveit_plugins/local_setup.zsh
[0.663s] -- Up-to-date: /home/ti5/ws_moveit2/install/moveit_plugins/share/moveit_plugins/local_setup.dsv
[0.664s] -- Installing: /home/ti5/ws_moveit2/install/moveit_plugins/share/moveit_plugins/package.dsv
[0.664s] -- Up-to-date: /home/ti5/ws_moveit2/install/moveit_plugins/share/ament_index/resource_index/packages/moveit_plugins
[0.665s] -- Up-to-date: /home/ti5/ws_moveit2/install/moveit_plugins/share/moveit_plugins/cmake/moveit_pluginsConfig.cmake
[0.665s] -- Up-to-date: /home/ti5/ws_moveit2/install/moveit_plugins/share/moveit_plugins/cmake/moveit_pluginsConfig-version.cmake
[0.666s] -- Up-to-date: /home/ti5/ws_moveit2/install/moveit_plugins/share/moveit_plugins/package.xml
[0.674s] Invoked command in '/home/ti5/ws_moveit2/build/moveit_plugins' returned '0': AMENT_PREFIX_PATH=/home/ti5/ws_moveit2/install/moveit_simple_controller_manager:/home/ti5/ws_moveit2/install/moveit_core:/home/ti5/ws_moveit2/install/srdfdom:/home/ti5/ws_moveit2/install/moveit_common:${AMENT_PREFIX_PATH} CMAKE_PREFIX_PATH=/home/ti5/ws_moveit2/install/moveit_simple_controller_manager:/home/ti5/ws_moveit2/install/moveit_core:/home/ti5/ws_moveit2/install/srdfdom:/home/ti5/ws_moveit2/install/moveit_common:/opt/ros/humble LD_LIBRARY_PATH=/home/ti5/ws_moveit2/install/moveit_simple_controller_manager/lib:/home/ti5/ws_moveit2/install/moveit_core/lib:/home/ti5/ws_moveit2/install/srdfdom/lib:${LD_LIBRARY_PATH} PATH=/home/ti5/ws_moveit2/install/moveit_core/bin:${PATH} PYTHONPATH=/home/ti5/ws_moveit2/install/srdfdom/local/lib/python3.10/dist-packages:${PYTHONPATH} /usr/bin/cmake --install /home/ti5/ws_moveit2/build/moveit_plugins
