[0.081s] Invoking command in '/home/ti5/ws_moveit2/build/rosparam_shortcuts': CMAKE_PREFIX_PATH=/opt/ros/humble /usr/bin/cmake --build /home/ti5/ws_moveit2/build/rosparam_shortcuts -- -j4 -l4
[0.578s] [ 15%] Built target gtest_main
[0.617s] [ 30%] Built target gtest
[0.694s] [ 53%] Built target rosparam_shortcuts
[0.955s] [ 69%] Built target rosparam_shortcuts_example
[1.003s] [ 84%] Built target test_node_parameters
[1.045s] [100%] Built target rosparam_shortcuts_node_parameters_example
[1.176s] Invoked command in '/home/ti5/ws_moveit2/build/rosparam_shortcuts' returned '0': CMAKE_PREFIX_PATH=/opt/ros/humble /usr/bin/cmake --build /home/ti5/ws_moveit2/build/rosparam_shortcuts -- -j4 -l4
[2.934s] Invoking command in '/home/ti5/ws_moveit2/build/rosparam_shortcuts': CMAKE_PREFIX_PATH=/opt/ros/humble /usr/bin/cmake --install /home/ti5/ws_moveit2/build/rosparam_shortcuts
[2.991s] -- Install configuration: ""
[3.001s] -- Up-to-date: /home/ti5/ws_moveit2/install/rosparam_shortcuts/lib/librosparam_shortcuts.so
[3.013s] -- Up-to-date: /home/ti5/ws_moveit2/install/rosparam_shortcuts/lib/rosparam_shortcuts/example
[3.019s] -- Up-to-date: /home/ti5/ws_moveit2/install/rosparam_shortcuts/lib/rosparam_shortcuts/node_parameters_example
[3.021s] -- Up-to-date: /home/ti5/ws_moveit2/install/rosparam_shortcuts/include
[3.029s] -- Up-to-date: /home/ti5/ws_moveit2/install/rosparam_shortcuts/include/rosparam_shortcuts
[3.030s] -- Up-to-date: /home/ti5/ws_moveit2/install/rosparam_shortcuts/include/rosparam_shortcuts/node_parameters.h
[3.031s] -- Up-to-date: /home/ti5/ws_moveit2/install/rosparam_shortcuts/include/rosparam_shortcuts/rosparam_shortcuts.h
[3.032s] -- Up-to-date: /home/ti5/ws_moveit2/install/rosparam_shortcuts/share/rosparam_shortcuts/launch
[3.033s] -- Up-to-date: /home/ti5/ws_moveit2/install/rosparam_shortcuts/share/rosparam_shortcuts/launch/example.launch.py
[3.034s] -- Up-to-date: /home/ti5/ws_moveit2/install/rosparam_shortcuts/share/rosparam_shortcuts/config
[3.034s] -- Up-to-date: /home/ti5/ws_moveit2/install/rosparam_shortcuts/share/rosparam_shortcuts/config/example.yaml
[3.035s] -- Up-to-date: /home/ti5/ws_moveit2/install/rosparam_shortcuts/share/rosparam_shortcuts/environment/library_path.sh
[3.036s] -- Up-to-date: /home/ti5/ws_moveit2/install/rosparam_shortcuts/share/rosparam_shortcuts/environment/library_path.dsv
[3.036s] -- Up-to-date: /home/ti5/ws_moveit2/install/rosparam_shortcuts/share/ament_index/resource_index/package_run_dependencies/rosparam_shortcuts
[3.038s] -- Up-to-date: /home/ti5/ws_moveit2/install/rosparam_shortcuts/share/ament_index/resource_index/parent_prefix_path/rosparam_shortcuts
[3.040s] -- Up-to-date: /home/ti5/ws_moveit2/install/rosparam_shortcuts/share/rosparam_shortcuts/environment/ament_prefix_path.sh
[3.041s] -- Up-to-date: /home/ti5/ws_moveit2/install/rosparam_shortcuts/share/rosparam_shortcuts/environment/ament_prefix_path.dsv
[3.042s] -- Up-to-date: /home/ti5/ws_moveit2/install/rosparam_shortcuts/share/rosparam_shortcuts/environment/path.sh
[3.042s] -- Up-to-date: /home/ti5/ws_moveit2/install/rosparam_shortcuts/share/rosparam_shortcuts/environment/path.dsv
[3.043s] -- Up-to-date: /home/ti5/ws_moveit2/install/rosparam_shortcuts/share/rosparam_shortcuts/local_setup.bash
[3.043s] -- Up-to-date: /home/ti5/ws_moveit2/install/rosparam_shortcuts/share/rosparam_shortcuts/local_setup.sh
[3.044s] -- Up-to-date: /home/ti5/ws_moveit2/install/rosparam_shortcuts/share/rosparam_shortcuts/local_setup.zsh
[3.061s] -- Up-to-date: /home/ti5/ws_moveit2/install/rosparam_shortcuts/share/rosparam_shortcuts/local_setup.dsv
[3.061s] -- Installing: /home/ti5/ws_moveit2/install/rosparam_shortcuts/share/rosparam_shortcuts/package.dsv
[3.062s] -- Up-to-date: /home/ti5/ws_moveit2/install/rosparam_shortcuts/share/ament_index/resource_index/packages/rosparam_shortcuts
[3.063s] -- Up-to-date: /home/ti5/ws_moveit2/install/rosparam_shortcuts/share/rosparam_shortcuts/cmake/export_rosparam_shortcutsExport.cmake
[3.064s] -- Up-to-date: /home/ti5/ws_moveit2/install/rosparam_shortcuts/share/rosparam_shortcuts/cmake/export_rosparam_shortcutsExport-noconfig.cmake
[3.065s] -- Up-to-date: /home/ti5/ws_moveit2/install/rosparam_shortcuts/share/rosparam_shortcuts/cmake/ament_cmake_export_targets-extras.cmake
[3.066s] -- Up-to-date: /home/ti5/ws_moveit2/install/rosparam_shortcuts/share/rosparam_shortcuts/cmake/ament_cmake_export_dependencies-extras.cmake
[3.066s] -- Up-to-date: /home/ti5/ws_moveit2/install/rosparam_shortcuts/share/rosparam_shortcuts/cmake/rosparam_shortcutsConfig.cmake
[3.069s] -- Up-to-date: /home/ti5/ws_moveit2/install/rosparam_shortcuts/share/rosparam_shortcuts/cmake/rosparam_shortcutsConfig-version.cmake
[3.070s] -- Up-to-date: /home/ti5/ws_moveit2/install/rosparam_shortcuts/share/rosparam_shortcuts/package.xml
[3.071s] Invoked command in '/home/ti5/ws_moveit2/build/rosparam_shortcuts' returned '0': CMAKE_PREFIX_PATH=/opt/ros/humble /usr/bin/cmake --install /home/ti5/ws_moveit2/build/rosparam_shortcuts
