[0.491s] Invoking command in '/home/ti5/ws_moveit2/build/moveit_resources_pr2_description': CMAKE_PREFIX_PATH=${CMAKE_PREFIX_PATH}:/home/ti5/ws_moveit2/install/moveit_configs_utils:/home/ti5/ws_moveit2/install/launch_param_builder:/opt/ros/humble /usr/bin/cmake --build /home/ti5/ws_moveit2/build/moveit_resources_pr2_description -- -j4 -l4
[2.013s] Invoked command in '/home/ti5/ws_moveit2/build/moveit_resources_pr2_description' returned '0': CMAKE_PREFIX_PATH=${CMAKE_PREFIX_PATH}:/home/ti5/ws_moveit2/install/moveit_configs_utils:/home/ti5/ws_moveit2/install/launch_param_builder:/opt/ros/humble /usr/bin/cmake --build /home/ti5/ws_moveit2/build/moveit_resources_pr2_description -- -j4 -l4
[2.241s] Invoking command in '/home/ti5/ws_moveit2/build/moveit_resources_pr2_description': CMAKE_PREFIX_PATH=${CMAKE_PREFIX_PATH}:/home/ti5/ws_moveit2/install/moveit_configs_utils:/home/ti5/ws_moveit2/install/launch_param_builder:/opt/ros/humble /usr/bin/cmake --install /home/ti5/ws_moveit2/build/moveit_resources_pr2_description
[2.319s] -- Install configuration: "Release"
[2.321s] -- Up-to-date: /home/ti5/ws_moveit2/install/moveit_resources_pr2_description/share/ament_index/resource_index/package_run_dependencies/moveit_resources_pr2_description
[2.322s] -- Up-to-date: /home/ti5/ws_moveit2/install/moveit_resources_pr2_description/share/ament_index/resource_index/parent_prefix_path/moveit_resources_pr2_description
[2.323s] -- Up-to-date: /home/ti5/ws_moveit2/install/moveit_resources_pr2_description/share/moveit_resources_pr2_description/environment/ament_prefix_path.sh
[2.325s] -- Up-to-date: /home/ti5/ws_moveit2/install/moveit_resources_pr2_description/share/moveit_resources_pr2_description/environment/ament_prefix_path.dsv
[2.326s] -- Up-to-date: /home/ti5/ws_moveit2/install/moveit_resources_pr2_description/share/moveit_resources_pr2_description/environment/path.sh
[2.327s] -- Up-to-date: /home/ti5/ws_moveit2/install/moveit_resources_pr2_description/share/moveit_resources_pr2_description/environment/path.dsv
[2.329s] -- Up-to-date: /home/ti5/ws_moveit2/install/moveit_resources_pr2_description/share/moveit_resources_pr2_description/local_setup.bash
[2.330s] -- Up-to-date: /home/ti5/ws_moveit2/install/moveit_resources_pr2_description/share/moveit_resources_pr2_description/local_setup.sh
[2.331s] -- Up-to-date: /home/ti5/ws_moveit2/install/moveit_resources_pr2_description/share/moveit_resources_pr2_description/local_setup.zsh
[2.332s] -- Up-to-date: /home/ti5/ws_moveit2/install/moveit_resources_pr2_description/share/moveit_resources_pr2_description/local_setup.dsv
[2.333s] -- Installing: /home/ti5/ws_moveit2/install/moveit_resources_pr2_description/share/moveit_resources_pr2_description/package.dsv
[2.336s] -- Up-to-date: /home/ti5/ws_moveit2/install/moveit_resources_pr2_description/share/ament_index/resource_index/packages/moveit_resources_pr2_description
[2.337s] -- Up-to-date: /home/ti5/ws_moveit2/install/moveit_resources_pr2_description/share/moveit_resources_pr2_description/cmake/moveit_resources_pr2_descriptionConfig.cmake
[2.338s] -- Up-to-date: /home/ti5/ws_moveit2/install/moveit_resources_pr2_description/share/moveit_resources_pr2_description/cmake/moveit_resources_pr2_descriptionConfig-version.cmake
[2.339s] -- Up-to-date: /home/ti5/ws_moveit2/install/moveit_resources_pr2_description/share/moveit_resources_pr2_description/package.xml
[2.340s] -- Up-to-date: /home/ti5/ws_moveit2/install/moveit_resources_pr2_description/share/moveit_resources_pr2_description/srdf
[2.342s] -- Up-to-date: /home/ti5/ws_moveit2/install/moveit_resources_pr2_description/share/moveit_resources_pr2_description/srdf/robot.xml
[2.343s] -- Up-to-date: /home/ti5/ws_moveit2/install/moveit_resources_pr2_description/share/moveit_resources_pr2_description/urdf
[2.345s] -- Up-to-date: /home/ti5/ws_moveit2/install/moveit_resources_pr2_description/share/moveit_resources_pr2_description/urdf/materials
[2.346s] -- Up-to-date: /home/ti5/ws_moveit2/install/moveit_resources_pr2_description/share/moveit_resources_pr2_description/urdf/materials/textures
[2.347s] -- Up-to-date: /home/ti5/ws_moveit2/install/moveit_resources_pr2_description/share/moveit_resources_pr2_description/urdf/materials/textures/pr2_caster_texture.png
[2.348s] -- Up-to-date: /home/ti5/ws_moveit2/install/moveit_resources_pr2_description/share/moveit_resources_pr2_description/urdf/materials/textures/pr2_wheel_right.png
[2.349s] -- Up-to-date: /home/ti5/ws_moveit2/install/moveit_resources_pr2_description/share/moveit_resources_pr2_description/urdf/materials/textures/pr2_wheel_left.png
[2.350s] -- Up-to-date: /home/ti5/ws_moveit2/install/moveit_resources_pr2_description/share/moveit_resources_pr2_description/urdf/robot.xml
[2.351s] -- Up-to-date: /home/ti5/ws_moveit2/install/moveit_resources_pr2_description/share/moveit_resources_pr2_description/urdf/meshes
[2.352s] -- Up-to-date: /home/ti5/ws_moveit2/install/moveit_resources_pr2_description/share/moveit_resources_pr2_description/urdf/meshes/tilting_laser_v0
[2.354s] -- Up-to-date: /home/ti5/ws_moveit2/install/moveit_resources_pr2_description/share/moveit_resources_pr2_description/urdf/meshes/tilting_laser_v0/tilting_hokuyo.stl
[2.355s] -- Up-to-date: /home/ti5/ws_moveit2/install/moveit_resources_pr2_description/share/moveit_resources_pr2_description/urdf/meshes/tilting_laser_v0/tilting_hokuyo_color.tif
[2.357s] -- Up-to-date: /home/ti5/ws_moveit2/install/moveit_resources_pr2_description/share/moveit_resources_pr2_description/urdf/meshes/tilting_laser_v0/convex
[2.357s] -- Up-to-date: /home/ti5/ws_moveit2/install/moveit_resources_pr2_description/share/moveit_resources_pr2_description/urdf/meshes/tilting_laser_v0/convex/tilting_hokuyo_L_convex.stlb
[2.360s] -- Up-to-date: /home/ti5/ws_moveit2/install/moveit_resources_pr2_description/share/moveit_resources_pr2_description/urdf/meshes/tilting_laser_v0/convex/tilting_hokuyo_L.xml
[2.361s] -- Up-to-date: /home/ti5/ws_moveit2/install/moveit_resources_pr2_description/share/moveit_resources_pr2_description/urdf/meshes/tilting_laser_v0/convex/tilting_hokuyo.dae
[2.361s] -- Up-to-date: /home/ti5/ws_moveit2/install/moveit_resources_pr2_description/share/moveit_resources_pr2_description/urdf/meshes/tilting_laser_v0/convex/tilting_hokuyo_L.dae
[2.362s] -- Up-to-date: /home/ti5/ws_moveit2/install/moveit_resources_pr2_description/share/moveit_resources_pr2_description/urdf/meshes/tilting_laser_v0/convex/hok_tilt_convex.stlb
[2.362s] -- Up-to-date: /home/ti5/ws_moveit2/install/moveit_resources_pr2_description/share/moveit_resources_pr2_description/urdf/meshes/tilting_laser_v0/convex/tilting_hokuyo_L_convex.stla
[2.363s] -- Up-to-date: /home/ti5/ws_moveit2/install/moveit_resources_pr2_description/share/moveit_resources_pr2_description/urdf/meshes/tilting_laser_v0/convex/hok_tilt.xml
[2.369s] -- Up-to-date: /home/ti5/ws_moveit2/install/moveit_resources_pr2_description/share/moveit_resources_pr2_description/urdf/meshes/tilting_laser_v0/convex/hok_tilt.dae
[2.371s] -- Up-to-date: /home/ti5/ws_moveit2/install/moveit_resources_pr2_description/share/moveit_resources_pr2_description/urdf/meshes/tilting_laser_v0/convex/hok_tilt_convex.stla
[2.372s] -- Up-to-date: /home/ti5/ws_moveit2/install/moveit_resources_pr2_description/share/moveit_resources_pr2_description/urdf/meshes/tilting_laser_v0/convex/tilting_hokuyo_convex.stlb
[2.375s] -- Up-to-date: /home/ti5/ws_moveit2/install/moveit_resources_pr2_description/share/moveit_resources_pr2_description/urdf/meshes/tilting_laser_v0/convex/tilting_hokuyo.xml
[2.377s] -- Up-to-date: /home/ti5/ws_moveit2/install/moveit_resources_pr2_description/share/moveit_resources_pr2_description/urdf/meshes/tilting_laser_v0/convex/tilting_hokuyo_convex.stla
[2.379s] -- Up-to-date: /home/ti5/ws_moveit2/install/moveit_resources_pr2_description/share/moveit_resources_pr2_description/urdf/meshes/tilting_laser_v0/tilting_hokuyo.dae
[2.380s] -- Up-to-date: /home/ti5/ws_moveit2/install/moveit_resources_pr2_description/share/moveit_resources_pr2_description/urdf/meshes/tilting_laser_v0/tilting_hokuyo_L.stl
[2.381s] -- Up-to-date: /home/ti5/ws_moveit2/install/moveit_resources_pr2_description/share/moveit_resources_pr2_description/urdf/meshes/tilting_laser_v0/tilting_hokuyo_normals.tif
[2.381s] -- Up-to-date: /home/ti5/ws_moveit2/install/moveit_resources_pr2_description/share/moveit_resources_pr2_description/urdf/meshes/tilting_laser_v0/hok_tilt.stl
[2.382s] -- Up-to-date: /home/ti5/ws_moveit2/install/moveit_resources_pr2_description/share/moveit_resources_pr2_description/urdf/meshes/upper_arm_v0
[2.382s] -- Up-to-date: /home/ti5/ws_moveit2/install/moveit_resources_pr2_description/share/moveit_resources_pr2_description/urdf/meshes/upper_arm_v0/forearm_roll.stl
[2.383s] -- Up-to-date: /home/ti5/ws_moveit2/install/moveit_resources_pr2_description/share/moveit_resources_pr2_description/urdf/meshes/upper_arm_v0/upper_arm.stl
[2.391s] -- Up-to-date: /home/ti5/ws_moveit2/install/moveit_resources_pr2_description/share/moveit_resources_pr2_description/urdf/meshes/upper_arm_v0/convex
[2.396s] -- Up-to-date: /home/ti5/ws_moveit2/install/moveit_resources_pr2_description/share/moveit_resources_pr2_description/urdf/meshes/upper_arm_v0/convex/forearm_roll_convex.stla
[2.398s] -- Up-to-date: /home/ti5/ws_moveit2/install/moveit_resources_pr2_description/share/moveit_resources_pr2_description/urdf/meshes/upper_arm_v0/convex/forearm_roll_L.dae
[2.401s] -- Up-to-date: /home/ti5/ws_moveit2/install/moveit_resources_pr2_description/share/moveit_resources_pr2_description/urdf/meshes/upper_arm_v0/convex/forearm_roll_L_convex.stlb
[2.403s] -- Up-to-date: /home/ti5/ws_moveit2/install/moveit_resources_pr2_description/share/moveit_resources_pr2_description/urdf/meshes/upper_arm_v0/convex/forearm_roll_convex.stlb
[2.404s] -- Up-to-date: /home/ti5/ws_moveit2/install/moveit_resources_pr2_description/share/moveit_resources_pr2_description/urdf/meshes/upper_arm_v0/convex/elbow_flex_convex.stlb
[2.405s] -- Up-to-date: /home/ti5/ws_moveit2/install/moveit_resources_pr2_description/share/moveit_resources_pr2_description/urdf/meshes/upper_arm_v0/convex/forearm_roll_L_convex.stla
[2.407s] -- Up-to-date: /home/ti5/ws_moveit2/install/moveit_resources_pr2_description/share/moveit_resources_pr2_description/urdf/meshes/upper_arm_v0/convex/forearm_roll_L.xml
[2.408s] -- Up-to-date: /home/ti5/ws_moveit2/install/moveit_resources_pr2_description/share/moveit_resources_pr2_description/urdf/meshes/upper_arm_v0/convex/forearm_roll.xml
[2.410s] -- Up-to-date: /home/ti5/ws_moveit2/install/moveit_resources_pr2_description/share/moveit_resources_pr2_description/urdf/meshes/upper_arm_v0/convex/forearm_roll.dae
[2.411s] -- Up-to-date: /home/ti5/ws_moveit2/install/moveit_resources_pr2_description/share/moveit_resources_pr2_description/urdf/meshes/upper_arm_v0/convex/elbow_flex.xml
[2.413s] -- Up-to-date: /home/ti5/ws_moveit2/install/moveit_resources_pr2_description/share/moveit_resources_pr2_description/urdf/meshes/upper_arm_v0/convex/upper_arm_convex.stla
[2.414s] -- Up-to-date: /home/ti5/ws_moveit2/install/moveit_resources_pr2_description/share/moveit_resources_pr2_description/urdf/meshes/upper_arm_v0/convex/elbow_flex_convex.stla
[2.415s] -- Up-to-date: /home/ti5/ws_moveit2/install/moveit_resources_pr2_description/share/moveit_resources_pr2_description/urdf/meshes/upper_arm_v0/convex/upper_arm.xml
[2.417s] -- Up-to-date: /home/ti5/ws_moveit2/install/moveit_resources_pr2_description/share/moveit_resources_pr2_description/urdf/meshes/upper_arm_v0/convex/upper_arm.dae
[2.424s] -- Up-to-date: /home/ti5/ws_moveit2/install/moveit_resources_pr2_description/share/moveit_resources_pr2_description/urdf/meshes/upper_arm_v0/convex/elbow_flex.dae
[2.425s] -- Up-to-date: /home/ti5/ws_moveit2/install/moveit_resources_pr2_description/share/moveit_resources_pr2_description/urdf/meshes/upper_arm_v0/convex/upper_arm_convex.stlb
[2.426s] -- Up-to-date: /home/ti5/ws_moveit2/install/moveit_resources_pr2_description/share/moveit_resources_pr2_description/urdf/meshes/upper_arm_v0/elbow_flex.stl
[2.426s] -- Up-to-date: /home/ti5/ws_moveit2/install/moveit_resources_pr2_description/share/moveit_resources_pr2_description/urdf/meshes/upper_arm_v0/elbow_flex_color.tif
[2.427s] -- Up-to-date: /home/ti5/ws_moveit2/install/moveit_resources_pr2_description/share/moveit_resources_pr2_description/urdf/meshes/upper_arm_v0/upper_arm_normals.tif
[2.427s] -- Up-to-date: /home/ti5/ws_moveit2/install/moveit_resources_pr2_description/share/moveit_resources_pr2_description/urdf/meshes/upper_arm_v0/elbow_flex_normals.tif
[2.428s] -- Up-to-date: /home/ti5/ws_moveit2/install/moveit_resources_pr2_description/share/moveit_resources_pr2_description/urdf/meshes/upper_arm_v0/forearm_roll_L.stl
[2.428s] -- Up-to-date: /home/ti5/ws_moveit2/install/moveit_resources_pr2_description/share/moveit_resources_pr2_description/urdf/meshes/upper_arm_v0/upper_arm.jpg
[2.429s] -- Up-to-date: /home/ti5/ws_moveit2/install/moveit_resources_pr2_description/share/moveit_resources_pr2_description/urdf/meshes/upper_arm_v0/upper_arm.dae
[2.444s] -- Up-to-date: /home/ti5/ws_moveit2/install/moveit_resources_pr2_description/share/moveit_resources_pr2_description/urdf/meshes/upper_arm_v0/upper_arm_color.tif
[2.445s] -- Up-to-date: /home/ti5/ws_moveit2/install/moveit_resources_pr2_description/share/moveit_resources_pr2_description/urdf/meshes/upper_arm_v0/elbow_flex.dae
[2.445s] -- Up-to-date: /home/ti5/ws_moveit2/install/moveit_resources_pr2_description/share/moveit_resources_pr2_description/urdf/meshes/sensors
[2.446s] -- Up-to-date: /home/ti5/ws_moveit2/install/moveit_resources_pr2_description/share/moveit_resources_pr2_description/urdf/meshes/sensors/kinect_v0
[2.446s] -- Up-to-date: /home/ti5/ws_moveit2/install/moveit_resources_pr2_description/share/moveit_resources_pr2_description/urdf/meshes/sensors/kinect_v0/kinect_mount.stl
[2.446s] -- Up-to-date: /home/ti5/ws_moveit2/install/moveit_resources_pr2_description/share/moveit_resources_pr2_description/urdf/meshes/sensors/kinect_v0/kinect.dae
[2.447s] -- Up-to-date: /home/ti5/ws_moveit2/install/moveit_resources_pr2_description/share/moveit_resources_pr2_description/urdf/meshes/sensors/kinect_v0/kinect.tga
[2.447s] -- Up-to-date: /home/ti5/ws_moveit2/install/moveit_resources_pr2_description/share/moveit_resources_pr2_description/urdf/meshes/sensors/kinect_v0/kinect_color.tga
[2.448s] -- Up-to-date: /home/ti5/ws_moveit2/install/moveit_resources_pr2_description/share/moveit_resources_pr2_description/urdf/meshes/sensors/kinect_prosilica_v0
[2.449s] -- Up-to-date: /home/ti5/ws_moveit2/install/moveit_resources_pr2_description/share/moveit_resources_pr2_description/urdf/meshes/sensors/kinect_prosilica_v0/115x100_swept_fwd_no_sensors--coarse.STL
[2.449s] -- Up-to-date: /home/ti5/ws_moveit2/install/moveit_resources_pr2_description/share/moveit_resources_pr2_description/urdf/meshes/sensors/kinect_prosilica_v0/68-04546_Kinect_Sensor--coarse.STL
[2.449s] -- Up-to-date: /home/ti5/ws_moveit2/install/moveit_resources_pr2_description/share/moveit_resources_pr2_description/urdf/meshes/sensors/kinect_prosilica_v0/115x100_swept_back_no_sensors--coarse.STL
[2.450s] -- Up-to-date: /home/ti5/ws_moveit2/install/moveit_resources_pr2_description/share/moveit_resources_pr2_description/urdf/meshes/sensors/kinect_prosilica_v0/115x100_swept_fwd--coarse.STL
[2.450s] -- Up-to-date: /home/ti5/ws_moveit2/install/moveit_resources_pr2_description/share/moveit_resources_pr2_description/urdf/meshes/sensors/kinect_prosilica_v0/115x100_swept_back--coarse.STL
[2.451s] -- Up-to-date: /home/ti5/ws_moveit2/install/moveit_resources_pr2_description/share/moveit_resources_pr2_description/urdf/meshes/sensors/kinect_prosilica_v0/Prosilica_w_Lens--coarse.STL
[2.451s] -- Up-to-date: /home/ti5/ws_moveit2/install/moveit_resources_pr2_description/share/moveit_resources_pr2_description/urdf/meshes/forearm_v0
[2.452s] -- Up-to-date: /home/ti5/ws_moveit2/install/moveit_resources_pr2_description/share/moveit_resources_pr2_description/urdf/meshes/forearm_v0/wrist_roll_L.stl
[2.452s] -- Up-to-date: /home/ti5/ws_moveit2/install/moveit_resources_pr2_description/share/moveit_resources_pr2_description/urdf/meshes/forearm_v0/forearm_color.tif
[2.453s] -- Up-to-date: /home/ti5/ws_moveit2/install/moveit_resources_pr2_description/share/moveit_resources_pr2_description/urdf/meshes/forearm_v0/forearm_normals.tif
[2.454s] -- Up-to-date: /home/ti5/ws_moveit2/install/moveit_resources_pr2_description/share/moveit_resources_pr2_description/urdf/meshes/forearm_v0/wrist_color.tif
[2.454s] -- Up-to-date: /home/ti5/ws_moveit2/install/moveit_resources_pr2_description/share/moveit_resources_pr2_description/urdf/meshes/forearm_v0/wrist_flex.dae
[2.455s] -- Up-to-date: /home/ti5/ws_moveit2/install/moveit_resources_pr2_description/share/moveit_resources_pr2_description/urdf/meshes/forearm_v0/convex
[2.455s] -- Up-to-date: /home/ti5/ws_moveit2/install/moveit_resources_pr2_description/share/moveit_resources_pr2_description/urdf/meshes/forearm_v0/convex/wrist_flex.dae
[2.456s] -- Up-to-date: /home/ti5/ws_moveit2/install/moveit_resources_pr2_description/share/moveit_resources_pr2_description/urdf/meshes/forearm_v0/convex/wrist_flex_convex.stlb
[2.456s] -- Up-to-date: /home/ti5/ws_moveit2/install/moveit_resources_pr2_description/share/moveit_resources_pr2_description/urdf/meshes/forearm_v0/convex/wrist_roll_L.xml
[2.457s] -- Up-to-date: /home/ti5/ws_moveit2/install/moveit_resources_pr2_description/share/moveit_resources_pr2_description/urdf/meshes/forearm_v0/convex/wrist_flex.xml
[2.457s] -- Up-to-date: /home/ti5/ws_moveit2/install/moveit_resources_pr2_description/share/moveit_resources_pr2_description/urdf/meshes/forearm_v0/convex/forearm_convex.stlb
[2.458s] -- Up-to-date: /home/ti5/ws_moveit2/install/moveit_resources_pr2_description/share/moveit_resources_pr2_description/urdf/meshes/forearm_v0/convex/forearm.dae
[2.458s] -- Up-to-date: /home/ti5/ws_moveit2/install/moveit_resources_pr2_description/share/moveit_resources_pr2_description/urdf/meshes/forearm_v0/convex/wrist_roll_L_convex.stlb
[2.459s] -- Up-to-date: /home/ti5/ws_moveit2/install/moveit_resources_pr2_description/share/moveit_resources_pr2_description/urdf/meshes/forearm_v0/convex/wrist_roll_convex.stla
[2.459s] -- Up-to-date: /home/ti5/ws_moveit2/install/moveit_resources_pr2_description/share/moveit_resources_pr2_description/urdf/meshes/forearm_v0/convex/forearm.xml
[2.484s] -- Up-to-date: /home/ti5/ws_moveit2/install/moveit_resources_pr2_description/share/moveit_resources_pr2_description/urdf/meshes/forearm_v0/convex/forearm_convex.stla
[2.485s] -- Up-to-date: /home/ti5/ws_moveit2/install/moveit_resources_pr2_description/share/moveit_resources_pr2_description/urdf/meshes/forearm_v0/convex/wrist_roll.dae
[2.486s] -- Up-to-date: /home/ti5/ws_moveit2/install/moveit_resources_pr2_description/share/moveit_resources_pr2_description/urdf/meshes/forearm_v0/convex/wrist_roll_convex.stlb
[2.489s] -- Up-to-date: /home/ti5/ws_moveit2/install/moveit_resources_pr2_description/share/moveit_resources_pr2_description/urdf/meshes/forearm_v0/convex/wrist_roll_L_convex.stla
[2.490s] -- Up-to-date: /home/ti5/ws_moveit2/install/moveit_resources_pr2_description/share/moveit_resources_pr2_description/urdf/meshes/forearm_v0/convex/wrist_flex_convex.stla
[2.490s] -- Up-to-date: /home/ti5/ws_moveit2/install/moveit_resources_pr2_description/share/moveit_resources_pr2_description/urdf/meshes/forearm_v0/convex/wrist_roll_L.dae
[2.491s] -- Up-to-date: /home/ti5/ws_moveit2/install/moveit_resources_pr2_description/share/moveit_resources_pr2_description/urdf/meshes/forearm_v0/convex/wrist_roll.xml
[2.491s] -- Up-to-date: /home/ti5/ws_moveit2/install/moveit_resources_pr2_description/share/moveit_resources_pr2_description/urdf/meshes/forearm_v0/wrist_roll.stl
[2.492s] -- Up-to-date: /home/ti5/ws_moveit2/install/moveit_resources_pr2_description/share/moveit_resources_pr2_description/urdf/meshes/forearm_v0/forearm.dae
[2.492s] -- Up-to-date: /home/ti5/ws_moveit2/install/moveit_resources_pr2_description/share/moveit_resources_pr2_description/urdf/meshes/forearm_v0/forearm.jpg
[2.493s] -- Up-to-date: /home/ti5/ws_moveit2/install/moveit_resources_pr2_description/share/moveit_resources_pr2_description/urdf/meshes/forearm_v0/forearm.stl
[2.493s] -- Up-to-date: /home/ti5/ws_moveit2/install/moveit_resources_pr2_description/share/moveit_resources_pr2_description/urdf/meshes/forearm_v0/wrist_normals.tif
[2.493s] -- Up-to-date: /home/ti5/ws_moveit2/install/moveit_resources_pr2_description/share/moveit_resources_pr2_description/urdf/meshes/forearm_v0/wrist_flex.stl
[2.494s] -- Up-to-date: /home/ti5/ws_moveit2/install/moveit_resources_pr2_description/share/moveit_resources_pr2_description/urdf/meshes/head_v0
[2.494s] -- Up-to-date: /home/ti5/ws_moveit2/install/moveit_resources_pr2_description/share/moveit_resources_pr2_description/urdf/meshes/head_v0/head_pan_normals.tif
[2.495s] -- Up-to-date: /home/ti5/ws_moveit2/install/moveit_resources_pr2_description/share/moveit_resources_pr2_description/urdf/meshes/head_v0/head_pan.dae
[2.496s] -- Up-to-date: /home/ti5/ws_moveit2/install/moveit_resources_pr2_description/share/moveit_resources_pr2_description/urdf/meshes/head_v0/head_tilt_color_red.tif
[2.496s] -- Up-to-date: /home/ti5/ws_moveit2/install/moveit_resources_pr2_description/share/moveit_resources_pr2_description/urdf/meshes/head_v0/convex
[2.497s] -- Up-to-date: /home/ti5/ws_moveit2/install/moveit_resources_pr2_description/share/moveit_resources_pr2_description/urdf/meshes/head_v0/convex/head_tilt_L.xml
[2.497s] -- Up-to-date: /home/ti5/ws_moveit2/install/moveit_resources_pr2_description/share/moveit_resources_pr2_description/urdf/meshes/head_v0/convex/head_pan.dae
[2.504s] -- Up-to-date: /home/ti5/ws_moveit2/install/moveit_resources_pr2_description/share/moveit_resources_pr2_description/urdf/meshes/head_v0/convex/head_tilt_L.dae
[2.505s] -- Up-to-date: /home/ti5/ws_moveit2/install/moveit_resources_pr2_description/share/moveit_resources_pr2_description/urdf/meshes/head_v0/convex/head_pan.xml
[2.505s] -- Up-to-date: /home/ti5/ws_moveit2/install/moveit_resources_pr2_description/share/moveit_resources_pr2_description/urdf/meshes/head_v0/convex/head_tilt_L_convex.stlb
[2.506s] -- Up-to-date: /home/ti5/ws_moveit2/install/moveit_resources_pr2_description/share/moveit_resources_pr2_description/urdf/meshes/head_v0/convex/head_pan_L_convex.stla
[2.506s] -- Up-to-date: /home/ti5/ws_moveit2/install/moveit_resources_pr2_description/share/moveit_resources_pr2_description/urdf/meshes/head_v0/convex/head_tilt.dae
[2.507s] -- Up-to-date: /home/ti5/ws_moveit2/install/moveit_resources_pr2_description/share/moveit_resources_pr2_description/urdf/meshes/head_v0/convex/head_tilt_convex.stlb
[2.507s] -- Up-to-date: /home/ti5/ws_moveit2/install/moveit_resources_pr2_description/share/moveit_resources_pr2_description/urdf/meshes/head_v0/convex/head_pan_convex.stlb
[2.508s] -- Up-to-date: /home/ti5/ws_moveit2/install/moveit_resources_pr2_description/share/moveit_resources_pr2_description/urdf/meshes/head_v0/convex/head_tilt_L_convex.stla
[2.509s] -- Up-to-date: /home/ti5/ws_moveit2/install/moveit_resources_pr2_description/share/moveit_resources_pr2_description/urdf/meshes/head_v0/convex/head_tilt_convex.stla
[2.509s] -- Up-to-date: /home/ti5/ws_moveit2/install/moveit_resources_pr2_description/share/moveit_resources_pr2_description/urdf/meshes/head_v0/convex/head_pan_convex.stla
[2.510s] -- Up-to-date: /home/ti5/ws_moveit2/install/moveit_resources_pr2_description/share/moveit_resources_pr2_description/urdf/meshes/head_v0/convex/head_tilt.xml
[2.510s] -- Up-to-date: /home/ti5/ws_moveit2/install/moveit_resources_pr2_description/share/moveit_resources_pr2_description/urdf/meshes/head_v0/convex/head_pan_L.dae
[2.510s] -- Up-to-date: /home/ti5/ws_moveit2/install/moveit_resources_pr2_description/share/moveit_resources_pr2_description/urdf/meshes/head_v0/convex/head_pan_L.xml
[2.511s] -- Up-to-date: /home/ti5/ws_moveit2/install/moveit_resources_pr2_description/share/moveit_resources_pr2_description/urdf/meshes/head_v0/convex/head_pan_L_convex.stlb
[2.511s] -- Up-to-date: /home/ti5/ws_moveit2/install/moveit_resources_pr2_description/share/moveit_resources_pr2_description/urdf/meshes/head_v0/head_tilt.dae
[2.518s] -- Up-to-date: /home/ti5/ws_moveit2/install/moveit_resources_pr2_description/share/moveit_resources_pr2_description/urdf/meshes/head_v0/head_pan_color.tif
[2.519s] -- Up-to-date: /home/ti5/ws_moveit2/install/moveit_resources_pr2_description/share/moveit_resources_pr2_description/urdf/meshes/head_v0/head_tilt.stl
[2.519s] -- Up-to-date: /home/ti5/ws_moveit2/install/moveit_resources_pr2_description/share/moveit_resources_pr2_description/urdf/meshes/head_v0/head_tilt_L.stl
[2.520s] -- Up-to-date: /home/ti5/ws_moveit2/install/moveit_resources_pr2_description/share/moveit_resources_pr2_description/urdf/meshes/head_v0/head_tilt_green.tif
[2.520s] -- Up-to-date: /home/ti5/ws_moveit2/install/moveit_resources_pr2_description/share/moveit_resources_pr2_description/urdf/meshes/head_v0/head_pan.stl
[2.521s] -- Up-to-date: /home/ti5/ws_moveit2/install/moveit_resources_pr2_description/share/moveit_resources_pr2_description/urdf/meshes/head_v0/head_tilt_normals.tif
[2.521s] -- Up-to-date: /home/ti5/ws_moveit2/install/moveit_resources_pr2_description/share/moveit_resources_pr2_description/urdf/meshes/head_v0/head_pan_L.stl
[2.522s] -- Up-to-date: /home/ti5/ws_moveit2/install/moveit_resources_pr2_description/share/moveit_resources_pr2_description/urdf/meshes/head_v0/head_tilt_color_yellow.tif
[2.522s] -- Up-to-date: /home/ti5/ws_moveit2/install/moveit_resources_pr2_description/share/moveit_resources_pr2_description/urdf/meshes/head_v0/head_tilt_color.tif
[2.523s] -- Up-to-date: /home/ti5/ws_moveit2/install/moveit_resources_pr2_description/share/moveit_resources_pr2_description/urdf/meshes/torso_v0
[2.523s] -- Up-to-date: /home/ti5/ws_moveit2/install/moveit_resources_pr2_description/share/moveit_resources_pr2_description/urdf/meshes/torso_v0/torso_lift.stl
[2.524s] -- Up-to-date: /home/ti5/ws_moveit2/install/moveit_resources_pr2_description/share/moveit_resources_pr2_description/urdf/meshes/torso_v0/convex
[2.524s] -- Up-to-date: /home/ti5/ws_moveit2/install/moveit_resources_pr2_description/share/moveit_resources_pr2_description/urdf/meshes/torso_v0/convex/torso_lift_L_convex.stlb
[2.525s] -- Up-to-date: /home/ti5/ws_moveit2/install/moveit_resources_pr2_description/share/moveit_resources_pr2_description/urdf/meshes/torso_v0/convex/torso.xml
[2.525s] -- Up-to-date: /home/ti5/ws_moveit2/install/moveit_resources_pr2_description/share/moveit_resources_pr2_description/urdf/meshes/torso_v0/convex/torso_lift_convex.stla
[2.525s] -- Up-to-date: /home/ti5/ws_moveit2/install/moveit_resources_pr2_description/share/moveit_resources_pr2_description/urdf/meshes/torso_v0/convex/torso_lift.xml
[2.526s] -- Up-to-date: /home/ti5/ws_moveit2/install/moveit_resources_pr2_description/share/moveit_resources_pr2_description/urdf/meshes/torso_v0/convex/torso_convex.stla
[2.526s] -- Up-to-date: /home/ti5/ws_moveit2/install/moveit_resources_pr2_description/share/moveit_resources_pr2_description/urdf/meshes/torso_v0/convex/torso_lift_L.xml
[2.527s] -- Up-to-date: /home/ti5/ws_moveit2/install/moveit_resources_pr2_description/share/moveit_resources_pr2_description/urdf/meshes/torso_v0/convex/torso.dae
[2.527s] -- Up-to-date: /home/ti5/ws_moveit2/install/moveit_resources_pr2_description/share/moveit_resources_pr2_description/urdf/meshes/torso_v0/convex/torso_convex.stlb
[2.528s] -- Up-to-date: /home/ti5/ws_moveit2/install/moveit_resources_pr2_description/share/moveit_resources_pr2_description/urdf/meshes/torso_v0/convex/torso_lift.dae
[2.528s] -- Up-to-date: /home/ti5/ws_moveit2/install/moveit_resources_pr2_description/share/moveit_resources_pr2_description/urdf/meshes/torso_v0/convex/torso_lift_convex.stlb
[2.529s] -- Up-to-date: /home/ti5/ws_moveit2/install/moveit_resources_pr2_description/share/moveit_resources_pr2_description/urdf/meshes/torso_v0/convex/torso_lift_L.dae
[2.529s] -- Up-to-date: /home/ti5/ws_moveit2/install/moveit_resources_pr2_description/share/moveit_resources_pr2_description/urdf/meshes/torso_v0/convex/torso_lift_L_convex.stla
[2.530s] -- Up-to-date: /home/ti5/ws_moveit2/install/moveit_resources_pr2_description/share/moveit_resources_pr2_description/urdf/meshes/torso_v0/torso.stl
[2.530s] -- Up-to-date: /home/ti5/ws_moveit2/install/moveit_resources_pr2_description/share/moveit_resources_pr2_description/urdf/meshes/torso_v0/torso_lift_normals.tif
[2.531s] -- Up-to-date: /home/ti5/ws_moveit2/install/moveit_resources_pr2_description/share/moveit_resources_pr2_description/urdf/meshes/torso_v0/torso_lift_L.stl
[2.531s] -- Up-to-date: /home/ti5/ws_moveit2/install/moveit_resources_pr2_description/share/moveit_resources_pr2_description/urdf/meshes/torso_v0/torso_lift.dae
[2.532s] -- Up-to-date: /home/ti5/ws_moveit2/install/moveit_resources_pr2_description/share/moveit_resources_pr2_description/urdf/meshes/torso_v0/torso_lift_color.tif
[2.532s] -- Up-to-date: /home/ti5/ws_moveit2/install/moveit_resources_pr2_description/share/moveit_resources_pr2_description/urdf/meshes/shoulder_v0
[2.533s] -- Up-to-date: /home/ti5/ws_moveit2/install/moveit_resources_pr2_description/share/moveit_resources_pr2_description/urdf/meshes/shoulder_v0/shoulder_lift_normals.tif
[2.533s] -- Up-to-date: /home/ti5/ws_moveit2/install/moveit_resources_pr2_description/share/moveit_resources_pr2_description/urdf/meshes/shoulder_v0/shoulder_lift_color.tif
[2.534s] -- Up-to-date: /home/ti5/ws_moveit2/install/moveit_resources_pr2_description/share/moveit_resources_pr2_description/urdf/meshes/shoulder_v0/convex
[2.534s] -- Up-to-date: /home/ti5/ws_moveit2/install/moveit_resources_pr2_description/share/moveit_resources_pr2_description/urdf/meshes/shoulder_v0/convex/upper_arm_roll_L.xml
[2.535s] -- Up-to-date: /home/ti5/ws_moveit2/install/moveit_resources_pr2_description/share/moveit_resources_pr2_description/urdf/meshes/shoulder_v0/convex/shoulder_yaw_convex.stlb
[2.535s] -- Up-to-date: /home/ti5/ws_moveit2/install/moveit_resources_pr2_description/share/moveit_resources_pr2_description/urdf/meshes/shoulder_v0/convex/upper_arm_roll.xml
[2.536s] -- Up-to-date: /home/ti5/ws_moveit2/install/moveit_resources_pr2_description/share/moveit_resources_pr2_description/urdf/meshes/shoulder_v0/convex/upper_arm_roll_convex.stlb
[2.537s] -- Up-to-date: /home/ti5/ws_moveit2/install/moveit_resources_pr2_description/share/moveit_resources_pr2_description/urdf/meshes/shoulder_v0/convex/upper_arm_roll_L_convex.stla
[2.537s] -- Up-to-date: /home/ti5/ws_moveit2/install/moveit_resources_pr2_description/share/moveit_resources_pr2_description/urdf/meshes/shoulder_v0/convex/upper_arm_roll.dae
[2.537s] -- Up-to-date: /home/ti5/ws_moveit2/install/moveit_resources_pr2_description/share/moveit_resources_pr2_description/urdf/meshes/shoulder_v0/convex/upper_arm_roll_L_convex.stlb
[2.538s] -- Up-to-date: /home/ti5/ws_moveit2/install/moveit_resources_pr2_description/share/moveit_resources_pr2_description/urdf/meshes/shoulder_v0/convex/shoulder_lift_convex.stlb
[2.538s] -- Up-to-date: /home/ti5/ws_moveit2/install/moveit_resources_pr2_description/share/moveit_resources_pr2_description/urdf/meshes/shoulder_v0/convex/upper_arm_roll_convex.stla
[2.539s] -- Up-to-date: /home/ti5/ws_moveit2/install/moveit_resources_pr2_description/share/moveit_resources_pr2_description/urdf/meshes/shoulder_v0/convex/shoulder_pan_convex.stla
[2.539s] -- Up-to-date: /home/ti5/ws_moveit2/install/moveit_resources_pr2_description/share/moveit_resources_pr2_description/urdf/meshes/shoulder_v0/convex/shoulder_pan_convex.stlb
[2.540s] -- Up-to-date: /home/ti5/ws_moveit2/install/moveit_resources_pr2_description/share/moveit_resources_pr2_description/urdf/meshes/shoulder_v0/convex/shoulder_lift_convex.stla
[2.540s] -- Up-to-date: /home/ti5/ws_moveit2/install/moveit_resources_pr2_description/share/moveit_resources_pr2_description/urdf/meshes/shoulder_v0/convex/shoulder_lift.xml
[2.541s] -- Up-to-date: /home/ti5/ws_moveit2/install/moveit_resources_pr2_description/share/moveit_resources_pr2_description/urdf/meshes/shoulder_v0/convex/shoulder_yaw.xml
[2.541s] -- Up-to-date: /home/ti5/ws_moveit2/install/moveit_resources_pr2_description/share/moveit_resources_pr2_description/urdf/meshes/shoulder_v0/convex/shoulder_pan.dae
[2.542s] -- Up-to-date: /home/ti5/ws_moveit2/install/moveit_resources_pr2_description/share/moveit_resources_pr2_description/urdf/meshes/shoulder_v0/convex/upper_arm_roll_L.dae
[2.543s] -- Up-to-date: /home/ti5/ws_moveit2/install/moveit_resources_pr2_description/share/moveit_resources_pr2_description/urdf/meshes/shoulder_v0/convex/shoulder_pan.xml
[2.544s] -- Up-to-date: /home/ti5/ws_moveit2/install/moveit_resources_pr2_description/share/moveit_resources_pr2_description/urdf/meshes/shoulder_v0/convex/shoulder_yaw.dae
[2.544s] -- Up-to-date: /home/ti5/ws_moveit2/install/moveit_resources_pr2_description/share/moveit_resources_pr2_description/urdf/meshes/shoulder_v0/convex/shoulder_yaw_convex.stla
[2.545s] -- Up-to-date: /home/ti5/ws_moveit2/install/moveit_resources_pr2_description/share/moveit_resources_pr2_description/urdf/meshes/shoulder_v0/convex/shoulder_lift.dae
[2.545s] -- Up-to-date: /home/ti5/ws_moveit2/install/moveit_resources_pr2_description/share/moveit_resources_pr2_description/urdf/meshes/shoulder_v0/shoulder_lift.stl
[2.546s] -- Up-to-date: /home/ti5/ws_moveit2/install/moveit_resources_pr2_description/share/moveit_resources_pr2_description/urdf/meshes/shoulder_v0/shoulder_yaw.stl
[2.546s] -- Up-to-date: /home/ti5/ws_moveit2/install/moveit_resources_pr2_description/share/moveit_resources_pr2_description/urdf/meshes/shoulder_v0/upper_arm_roll.dae
[2.547s] -- Up-to-date: /home/ti5/ws_moveit2/install/moveit_resources_pr2_description/share/moveit_resources_pr2_description/urdf/meshes/shoulder_v0/upper_arm_roll_L.stl
[2.547s] -- Up-to-date: /home/ti5/ws_moveit2/install/moveit_resources_pr2_description/share/moveit_resources_pr2_description/urdf/meshes/shoulder_v0/upper_arm_roll_normals.tif
[2.548s] -- Up-to-date: /home/ti5/ws_moveit2/install/moveit_resources_pr2_description/share/moveit_resources_pr2_description/urdf/meshes/shoulder_v0/upper_arm_roll.stl
[2.548s] -- Up-to-date: /home/ti5/ws_moveit2/install/moveit_resources_pr2_description/share/moveit_resources_pr2_description/urdf/meshes/shoulder_v0/upper_arm_roll_color.tif
[2.549s] -- Up-to-date: /home/ti5/ws_moveit2/install/moveit_resources_pr2_description/share/moveit_resources_pr2_description/urdf/meshes/shoulder_v0/shoulder_pan_color.tif
[2.549s] -- Up-to-date: /home/ti5/ws_moveit2/install/moveit_resources_pr2_description/share/moveit_resources_pr2_description/urdf/meshes/shoulder_v0/shoulder_pan.dae
[2.550s] -- Up-to-date: /home/ti5/ws_moveit2/install/moveit_resources_pr2_description/share/moveit_resources_pr2_description/urdf/meshes/shoulder_v0/shoulder_pan_normals.tif
[2.550s] -- Up-to-date: /home/ti5/ws_moveit2/install/moveit_resources_pr2_description/share/moveit_resources_pr2_description/urdf/meshes/shoulder_v0/shoulder_lift.dae
[2.551s] -- Up-to-date: /home/ti5/ws_moveit2/install/moveit_resources_pr2_description/share/moveit_resources_pr2_description/urdf/meshes/shoulder_v0/shoulder_pan.stl
[2.551s] -- Up-to-date: /home/ti5/ws_moveit2/install/moveit_resources_pr2_description/share/moveit_resources_pr2_description/urdf/meshes/gripper_v0
[2.552s] -- Up-to-date: /home/ti5/ws_moveit2/install/moveit_resources_pr2_description/share/moveit_resources_pr2_description/urdf/meshes/gripper_v0/finger_H_UV_100430.dae
[2.554s] -- Up-to-date: /home/ti5/ws_moveit2/install/moveit_resources_pr2_description/share/moveit_resources_pr2_description/urdf/meshes/gripper_v0/gripper_palm_normals.tif
[2.556s] -- Up-to-date: /home/ti5/ws_moveit2/install/moveit_resources_pr2_description/share/moveit_resources_pr2_description/urdf/meshes/gripper_v0/l_float_color.tif
[2.557s] -- Up-to-date: /home/ti5/ws_moveit2/install/moveit_resources_pr2_description/share/moveit_resources_pr2_description/urdf/meshes/gripper_v0/palm_H_Color_100430.tif
[2.557s] -- Up-to-date: /home/ti5/ws_moveit2/install/moveit_resources_pr2_description/share/moveit_resources_pr2_description/urdf/meshes/gripper_v0/finger_tip_pad2_r.stl
[2.558s] -- Up-to-date: /home/ti5/ws_moveit2/install/moveit_resources_pr2_description/share/moveit_resources_pr2_description/urdf/meshes/gripper_v0/finger_H_Color_100430.tif
[2.559s] -- Up-to-date: /home/ti5/ws_moveit2/install/moveit_resources_pr2_description/share/moveit_resources_pr2_description/urdf/meshes/gripper_v0/convex
[2.559s] -- Up-to-date: /home/ti5/ws_moveit2/install/moveit_resources_pr2_description/share/moveit_resources_pr2_description/urdf/meshes/gripper_v0/convex/upper_finger_l.xml
[2.560s] -- Up-to-date: /home/ti5/ws_moveit2/install/moveit_resources_pr2_description/share/moveit_resources_pr2_description/urdf/meshes/gripper_v0/convex/upper_finger_r_convex.stlb
[2.560s] -- Up-to-date: /home/ti5/ws_moveit2/install/moveit_resources_pr2_description/share/moveit_resources_pr2_description/urdf/meshes/gripper_v0/convex/l_finger_tip_convex.stla
[2.561s] -- Up-to-date: /home/ti5/ws_moveit2/install/moveit_resources_pr2_description/share/moveit_resources_pr2_description/urdf/meshes/gripper_v0/convex/finger_tip_pad2_l_convex.stla
[2.562s] -- Up-to-date: /home/ti5/ws_moveit2/install/moveit_resources_pr2_description/share/moveit_resources_pr2_description/urdf/meshes/gripper_v0/convex/upper_finger_r.xml
[2.562s] -- Up-to-date: /home/ti5/ws_moveit2/install/moveit_resources_pr2_description/share/moveit_resources_pr2_description/urdf/meshes/gripper_v0/convex/finger_tip_r.dae
[2.563s] -- Up-to-date: /home/ti5/ws_moveit2/install/moveit_resources_pr2_description/share/moveit_resources_pr2_description/urdf/meshes/gripper_v0/convex/upper_finger_r.dae
[2.564s] -- Up-to-date: /home/ti5/ws_moveit2/install/moveit_resources_pr2_description/share/moveit_resources_pr2_description/urdf/meshes/gripper_v0/convex/l_floating_convex.stla
[2.564s] -- Up-to-date: /home/ti5/ws_moveit2/install/moveit_resources_pr2_description/share/moveit_resources_pr2_description/urdf/meshes/gripper_v0/convex/finger_tip_l_convex.stla
[2.565s] -- Up-to-date: /home/ti5/ws_moveit2/install/moveit_resources_pr2_description/share/moveit_resources_pr2_description/urdf/meshes/gripper_v0/convex/l_finger_convex.stlb
[2.565s] -- Up-to-date: /home/ti5/ws_moveit2/install/moveit_resources_pr2_description/share/moveit_resources_pr2_description/urdf/meshes/gripper_v0/convex/finger_tip_pad2_r.xml
[2.565s] -- Up-to-date: /home/ti5/ws_moveit2/install/moveit_resources_pr2_description/share/moveit_resources_pr2_description/urdf/meshes/gripper_v0/convex/finger_tip_pad2_l.xml
[2.566s] -- Up-to-date: /home/ti5/ws_moveit2/install/moveit_resources_pr2_description/share/moveit_resources_pr2_description/urdf/meshes/gripper_v0/convex/l_finger_tip.xml
[2.567s] -- Up-to-date: /home/ti5/ws_moveit2/install/moveit_resources_pr2_description/share/moveit_resources_pr2_description/urdf/meshes/gripper_v0/convex/l_floating_convex.stlb
[2.567s] -- Up-to-date: /home/ti5/ws_moveit2/install/moveit_resources_pr2_description/share/moveit_resources_pr2_description/urdf/meshes/gripper_v0/convex/finger_tip_pad2_l.dae
[2.568s] -- Up-to-date: /home/ti5/ws_moveit2/install/moveit_resources_pr2_description/share/moveit_resources_pr2_description/urdf/meshes/gripper_v0/convex/upper_finger_l_convex.stlb
[2.568s] -- Up-to-date: /home/ti5/ws_moveit2/install/moveit_resources_pr2_description/share/moveit_resources_pr2_description/urdf/meshes/gripper_v0/convex/gripper_palm_convex.stla
[2.569s] -- Up-to-date: /home/ti5/ws_moveit2/install/moveit_resources_pr2_description/share/moveit_resources_pr2_description/urdf/meshes/gripper_v0/convex/l_finger.xml
[2.569s] -- Up-to-date: /home/ti5/ws_moveit2/install/moveit_resources_pr2_description/share/moveit_resources_pr2_description/urdf/meshes/gripper_v0/convex/finger_tip_pad2_l_convex.stlb
[2.570s] -- Up-to-date: /home/ti5/ws_moveit2/install/moveit_resources_pr2_description/share/moveit_resources_pr2_description/urdf/meshes/gripper_v0/convex/finger_tip_l_convex.stlb
[2.570s] -- Up-to-date: /home/ti5/ws_moveit2/install/moveit_resources_pr2_description/share/moveit_resources_pr2_description/urdf/meshes/gripper_v0/convex/l_floating.dae
[2.571s] -- Up-to-date: /home/ti5/ws_moveit2/install/moveit_resources_pr2_description/share/moveit_resources_pr2_description/urdf/meshes/gripper_v0/convex/gripper_palm.xml
[2.571s] -- Up-to-date: /home/ti5/ws_moveit2/install/moveit_resources_pr2_description/share/moveit_resources_pr2_description/urdf/meshes/gripper_v0/convex/finger_tip_pad2_r_convex.stlb
[2.571s] -- Up-to-date: /home/ti5/ws_moveit2/install/moveit_resources_pr2_description/share/moveit_resources_pr2_description/urdf/meshes/gripper_v0/convex/l_finger_tip_convex.stlb
[2.572s] -- Up-to-date: /home/ti5/ws_moveit2/install/moveit_resources_pr2_description/share/moveit_resources_pr2_description/urdf/meshes/gripper_v0/convex/upper_finger_l_convex.stla
[2.572s] -- Up-to-date: /home/ti5/ws_moveit2/install/moveit_resources_pr2_description/share/moveit_resources_pr2_description/urdf/meshes/gripper_v0/convex/l_finger_convex.stla
[2.573s] -- Up-to-date: /home/ti5/ws_moveit2/install/moveit_resources_pr2_description/share/moveit_resources_pr2_description/urdf/meshes/gripper_v0/convex/l_finger.dae
[2.573s] -- Up-to-date: /home/ti5/ws_moveit2/install/moveit_resources_pr2_description/share/moveit_resources_pr2_description/urdf/meshes/gripper_v0/convex/l_finger_tip.dae
[2.574s] -- Up-to-date: /home/ti5/ws_moveit2/install/moveit_resources_pr2_description/share/moveit_resources_pr2_description/urdf/meshes/gripper_v0/convex/finger_tip_r_convex.stla
[2.574s] -- Up-to-date: /home/ti5/ws_moveit2/install/moveit_resources_pr2_description/share/moveit_resources_pr2_description/urdf/meshes/gripper_v0/convex/finger_tip_l.xml
[2.574s] -- Up-to-date: /home/ti5/ws_moveit2/install/moveit_resources_pr2_description/share/moveit_resources_pr2_description/urdf/meshes/gripper_v0/convex/finger_tip_pad2_r.dae
[2.575s] -- Up-to-date: /home/ti5/ws_moveit2/install/moveit_resources_pr2_description/share/moveit_resources_pr2_description/urdf/meshes/gripper_v0/convex/finger_tip_pad2_r_convex.stla
[2.575s] -- Up-to-date: /home/ti5/ws_moveit2/install/moveit_resources_pr2_description/share/moveit_resources_pr2_description/urdf/meshes/gripper_v0/convex/finger_tip_r.xml
[2.576s] -- Up-to-date: /home/ti5/ws_moveit2/install/moveit_resources_pr2_description/share/moveit_resources_pr2_description/urdf/meshes/gripper_v0/convex/upper_finger_r_convex.stla
[2.576s] -- Up-to-date: /home/ti5/ws_moveit2/install/moveit_resources_pr2_description/share/moveit_resources_pr2_description/urdf/meshes/gripper_v0/convex/finger_tip_l.dae
[2.577s] -- Up-to-date: /home/ti5/ws_moveit2/install/moveit_resources_pr2_description/share/moveit_resources_pr2_description/urdf/meshes/gripper_v0/convex/l_floating.xml
[2.577s] -- Up-to-date: /home/ti5/ws_moveit2/install/moveit_resources_pr2_description/share/moveit_resources_pr2_description/urdf/meshes/gripper_v0/convex/gripper_palm_convex.stlb
[2.577s] -- Up-to-date: /home/ti5/ws_moveit2/install/moveit_resources_pr2_description/share/moveit_resources_pr2_description/urdf/meshes/gripper_v0/convex/finger_tip_r_convex.stlb
[2.578s] -- Up-to-date: /home/ti5/ws_moveit2/install/moveit_resources_pr2_description/share/moveit_resources_pr2_description/urdf/meshes/gripper_v0/convex/gripper_palm.dae
[2.578s] -- Up-to-date: /home/ti5/ws_moveit2/install/moveit_resources_pr2_description/share/moveit_resources_pr2_description/urdf/meshes/gripper_v0/convex/upper_finger_l.dae
[2.579s] -- Up-to-date: /home/ti5/ws_moveit2/install/moveit_resources_pr2_description/share/moveit_resources_pr2_description/urdf/meshes/gripper_v0/float_H_Color_100430.tif
[2.579s] -- Up-to-date: /home/ti5/ws_moveit2/install/moveit_resources_pr2_description/share/moveit_resources_pr2_description/urdf/meshes/gripper_v0/upper_finger_r.stl
[2.580s] -- Up-to-date: /home/ti5/ws_moveit2/install/moveit_resources_pr2_description/share/moveit_resources_pr2_description/urdf/meshes/gripper_v0/l_finger_tip.stl
[2.580s] -- Up-to-date: /home/ti5/ws_moveit2/install/moveit_resources_pr2_description/share/moveit_resources_pr2_description/urdf/meshes/gripper_v0/upper_finger_l.stl
[2.581s] -- Up-to-date: /home/ti5/ws_moveit2/install/moveit_resources_pr2_description/share/moveit_resources_pr2_description/urdf/meshes/gripper_v0/finger_tip_pad2_l.stl
[2.581s] -- Up-to-date: /home/ti5/ws_moveit2/install/moveit_resources_pr2_description/share/moveit_resources_pr2_description/urdf/meshes/gripper_v0/l_finger_tip_normals.tif
[2.582s] -- Up-to-date: /home/ti5/ws_moveit2/install/moveit_resources_pr2_description/share/moveit_resources_pr2_description/urdf/meshes/gripper_v0/gripper_palm_color.tif
[2.583s] -- Up-to-date: /home/ti5/ws_moveit2/install/moveit_resources_pr2_description/share/moveit_resources_pr2_description/urdf/meshes/gripper_v0/fingertip_H_Color_100430.tif
[2.593s] -- Up-to-date: /home/ti5/ws_moveit2/install/moveit_resources_pr2_description/share/moveit_resources_pr2_description/urdf/meshes/gripper_v0/l_finger_color.tif
[2.594s] -- Up-to-date: /home/ti5/ws_moveit2/install/moveit_resources_pr2_description/share/moveit_resources_pr2_description/urdf/meshes/gripper_v0/l_float_normals.tif
[2.595s] -- Up-to-date: /home/ti5/ws_moveit2/install/moveit_resources_pr2_description/share/moveit_resources_pr2_description/urdf/meshes/gripper_v0/l_floating.stl
[2.596s] -- Up-to-date: /home/ti5/ws_moveit2/install/moveit_resources_pr2_description/share/moveit_resources_pr2_description/urdf/meshes/gripper_v0/l_finger_normals.tif
[2.597s] -- Up-to-date: /home/ti5/ws_moveit2/install/moveit_resources_pr2_description/share/moveit_resources_pr2_description/urdf/meshes/gripper_v0/gripper_palm.stl
[2.598s] -- Up-to-date: /home/ti5/ws_moveit2/install/moveit_resources_pr2_description/share/moveit_resources_pr2_description/urdf/meshes/gripper_v0/l_finger.dae
[2.598s] -- Up-to-date: /home/ti5/ws_moveit2/install/moveit_resources_pr2_description/share/moveit_resources_pr2_description/urdf/meshes/gripper_v0/l_finger_tip.dae
[2.599s] -- Up-to-date: /home/ti5/ws_moveit2/install/moveit_resources_pr2_description/share/moveit_resources_pr2_description/urdf/meshes/gripper_v0/l_float.dae
[2.599s] -- Up-to-date: /home/ti5/ws_moveit2/install/moveit_resources_pr2_description/share/moveit_resources_pr2_description/urdf/meshes/gripper_v0/finger_tip_H_UV_100430.dae
[2.600s] -- Up-to-date: /home/ti5/ws_moveit2/install/moveit_resources_pr2_description/share/moveit_resources_pr2_description/urdf/meshes/gripper_v0/finger_tip_r.stl
[2.601s] -- Up-to-date: /home/ti5/ws_moveit2/install/moveit_resources_pr2_description/share/moveit_resources_pr2_description/urdf/meshes/gripper_v0/l_finger_tip_color.tif
[2.601s] -- Up-to-date: /home/ti5/ws_moveit2/install/moveit_resources_pr2_description/share/moveit_resources_pr2_description/urdf/meshes/gripper_v0/float_H_UV_100430.dae
[2.620s] -- Up-to-date: /home/ti5/ws_moveit2/install/moveit_resources_pr2_description/share/moveit_resources_pr2_description/urdf/meshes/gripper_v0/finger_tip_l.stl
[2.621s] -- Up-to-date: /home/ti5/ws_moveit2/install/moveit_resources_pr2_description/share/moveit_resources_pr2_description/urdf/meshes/gripper_v0/gripper_palm.dae
[2.622s] -- Up-to-date: /home/ti5/ws_moveit2/install/moveit_resources_pr2_description/share/moveit_resources_pr2_description/urdf/meshes/gripper_v0/palm_H_UV_100430.dae
[2.622s] -- Up-to-date: /home/ti5/ws_moveit2/install/moveit_resources_pr2_description/share/moveit_resources_pr2_description/urdf/meshes/gripper_v0/l_finger.stl
[2.622s] -- Up-to-date: /home/ti5/ws_moveit2/install/moveit_resources_pr2_description/share/moveit_resources_pr2_description/urdf/meshes/base_v0
[2.623s] -- Up-to-date: /home/ti5/ws_moveit2/install/moveit_resources_pr2_description/share/moveit_resources_pr2_description/urdf/meshes/base_v0/wheel.dae
[2.623s] -- Up-to-date: /home/ti5/ws_moveit2/install/moveit_resources_pr2_description/share/moveit_resources_pr2_description/urdf/meshes/base_v0/base_color.tif
[2.624s] -- Up-to-date: /home/ti5/ws_moveit2/install/moveit_resources_pr2_description/share/moveit_resources_pr2_description/urdf/meshes/base_v0/wheel_h.dae
[2.624s] -- Up-to-date: /home/ti5/ws_moveit2/install/moveit_resources_pr2_description/share/moveit_resources_pr2_description/urdf/meshes/base_v0/convex
[2.625s] -- Up-to-date: /home/ti5/ws_moveit2/install/moveit_resources_pr2_description/share/moveit_resources_pr2_description/urdf/meshes/base_v0/convex/wheel.dae
[2.625s] -- Up-to-date: /home/ti5/ws_moveit2/install/moveit_resources_pr2_description/share/moveit_resources_pr2_description/urdf/meshes/base_v0/convex/pr2_wheel_convex.stlb
[2.626s] -- Up-to-date: /home/ti5/ws_moveit2/install/moveit_resources_pr2_description/share/moveit_resources_pr2_description/urdf/meshes/base_v0/convex/base_convex.stlb
[2.626s] -- Up-to-date: /home/ti5/ws_moveit2/install/moveit_resources_pr2_description/share/moveit_resources_pr2_description/urdf/meshes/base_v0/convex/caster.dae
[2.627s] -- Up-to-date: /home/ti5/ws_moveit2/install/moveit_resources_pr2_description/share/moveit_resources_pr2_description/urdf/meshes/base_v0/convex/caster_convex.stla
[2.627s] -- Up-to-date: /home/ti5/ws_moveit2/install/moveit_resources_pr2_description/share/moveit_resources_pr2_description/urdf/meshes/base_v0/convex/wheel_convex.stlb
[2.628s] -- Up-to-date: /home/ti5/ws_moveit2/install/moveit_resources_pr2_description/share/moveit_resources_pr2_description/urdf/meshes/base_v0/convex/caster_L_convex.stlb
[2.628s] -- Up-to-date: /home/ti5/ws_moveit2/install/moveit_resources_pr2_description/share/moveit_resources_pr2_description/urdf/meshes/base_v0/convex/base.dae
[2.629s] -- Up-to-date: /home/ti5/ws_moveit2/install/moveit_resources_pr2_description/share/moveit_resources_pr2_description/urdf/meshes/base_v0/convex/wheel_convex.stla
[2.629s] -- Up-to-date: /home/ti5/ws_moveit2/install/moveit_resources_pr2_description/share/moveit_resources_pr2_description/urdf/meshes/base_v0/convex/pr2_wheel_convex.stla
[2.630s] -- Up-to-date: /home/ti5/ws_moveit2/install/moveit_resources_pr2_description/share/moveit_resources_pr2_description/urdf/meshes/base_v0/convex/caster_L.xml
[2.630s] -- Up-to-date: /home/ti5/ws_moveit2/install/moveit_resources_pr2_description/share/moveit_resources_pr2_description/urdf/meshes/base_v0/convex/caster_convex.stlb
[2.631s] -- Up-to-date: /home/ti5/ws_moveit2/install/moveit_resources_pr2_description/share/moveit_resources_pr2_description/urdf/meshes/base_v0/convex/pr2_wheel.dae
[2.631s] -- Up-to-date: /home/ti5/ws_moveit2/install/moveit_resources_pr2_description/share/moveit_resources_pr2_description/urdf/meshes/base_v0/convex/base_L_convex.stlb
[2.632s] -- Up-to-date: /home/ti5/ws_moveit2/install/moveit_resources_pr2_description/share/moveit_resources_pr2_description/urdf/meshes/base_v0/convex/caster_L.dae
[2.632s] -- Up-to-date: /home/ti5/ws_moveit2/install/moveit_resources_pr2_description/share/moveit_resources_pr2_description/urdf/meshes/base_v0/convex/wheel.xml
[2.633s] -- Up-to-date: /home/ti5/ws_moveit2/install/moveit_resources_pr2_description/share/moveit_resources_pr2_description/urdf/meshes/base_v0/convex/base_L.dae
[2.633s] -- Up-to-date: /home/ti5/ws_moveit2/install/moveit_resources_pr2_description/share/moveit_resources_pr2_description/urdf/meshes/base_v0/convex/base.xml
[2.633s] -- Up-to-date: /home/ti5/ws_moveit2/install/moveit_resources_pr2_description/share/moveit_resources_pr2_description/urdf/meshes/base_v0/convex/caster.xml
[2.634s] -- Up-to-date: /home/ti5/ws_moveit2/install/moveit_resources_pr2_description/share/moveit_resources_pr2_description/urdf/meshes/base_v0/convex/caster_L_convex.stla
[2.634s] -- Up-to-date: /home/ti5/ws_moveit2/install/moveit_resources_pr2_description/share/moveit_resources_pr2_description/urdf/meshes/base_v0/convex/base_convex.stla
[2.635s] -- Up-to-date: /home/ti5/ws_moveit2/install/moveit_resources_pr2_description/share/moveit_resources_pr2_description/urdf/meshes/base_v0/convex/base_L.xml
[2.635s] -- Up-to-date: /home/ti5/ws_moveit2/install/moveit_resources_pr2_description/share/moveit_resources_pr2_description/urdf/meshes/base_v0/convex/base_L_convex.stla
[2.636s] -- Up-to-date: /home/ti5/ws_moveit2/install/moveit_resources_pr2_description/share/moveit_resources_pr2_description/urdf/meshes/base_v0/convex/pr2_wheel.xml
[2.638s] -- Up-to-date: /home/ti5/ws_moveit2/install/moveit_resources_pr2_description/share/moveit_resources_pr2_description/urdf/meshes/base_v0/pr2_wheel.stl
[2.639s] -- Up-to-date: /home/ti5/ws_moveit2/install/moveit_resources_pr2_description/share/moveit_resources_pr2_description/urdf/meshes/base_v0/base.dae
[2.641s] -- Up-to-date: /home/ti5/ws_moveit2/install/moveit_resources_pr2_description/share/moveit_resources_pr2_description/urdf/meshes/base_v0/wheel.stl
[2.641s] -- Up-to-date: /home/ti5/ws_moveit2/install/moveit_resources_pr2_description/share/moveit_resources_pr2_description/urdf/meshes/base_v0/caster_L.stl
[2.654s] -- Up-to-date: /home/ti5/ws_moveit2/install/moveit_resources_pr2_description/share/moveit_resources_pr2_description/urdf/meshes/base_v0/wheel_normals.tif
[2.655s] -- Up-to-date: /home/ti5/ws_moveit2/install/moveit_resources_pr2_description/share/moveit_resources_pr2_description/urdf/meshes/base_v0/wheel_color.tif
[2.655s] -- Up-to-date: /home/ti5/ws_moveit2/install/moveit_resources_pr2_description/share/moveit_resources_pr2_description/urdf/meshes/base_v0/base_L.stl
[2.658s] -- Up-to-date: /home/ti5/ws_moveit2/install/moveit_resources_pr2_description/share/moveit_resources_pr2_description/urdf/meshes/base_v0/wheel_h_color.tif
[2.659s] -- Up-to-date: /home/ti5/ws_moveit2/install/moveit_resources_pr2_description/share/moveit_resources_pr2_description/urdf/meshes/base_v0/caster.stl
[2.660s] -- Up-to-date: /home/ti5/ws_moveit2/install/moveit_resources_pr2_description/share/moveit_resources_pr2_description/urdf/meshes/base_v0/base.stl
[2.660s] -- Up-to-date: /home/ti5/ws_moveit2/install/moveit_resources_pr2_description/share/moveit_resources_pr2_description/urdf/meshes/base_v0/base_normals.tif
[2.661s] -- Up-to-date: /home/ti5/ws_moveit2/install/moveit_resources_pr2_description/share/moveit_resources_pr2_description/kinect.dae
[2.661s] Invoked command in '/home/ti5/ws_moveit2/build/moveit_resources_pr2_description' returned '0': CMAKE_PREFIX_PATH=${CMAKE_PREFIX_PATH}:/home/ti5/ws_moveit2/install/moveit_configs_utils:/home/ti5/ws_moveit2/install/launch_param_builder:/opt/ros/humble /usr/bin/cmake --install /home/ti5/ws_moveit2/build/moveit_resources_pr2_description
