[0.168s] Invoking command in '/home/ti5/ws_moveit2/build/moveit_kinematics': AMENT_PREFIX_PATH=/home/ti5/ws_moveit2/install/moveit_ros_planning:/home/ti5/ws_moveit2/install/moveit_ros_occupancy_map_monitor:/home/ti5/ws_moveit2/install/moveit_core:/home/ti5/ws_moveit2/install/moveit_resources_panda_moveit_config:/home/ti5/ws_moveit2/install/moveit_resources_fanuc_moveit_config:/home/ti5/ws_moveit2/install/moveit_configs_utils:/home/ti5/ws_moveit2/install/srdfdom:/home/ti5/ws_moveit2/install/moveit_resources_panda_description:/home/ti5/ws_moveit2/install/moveit_resources_fanuc_description:/home/ti5/ws_moveit2/install/moveit_common:/home/ti5/ws_moveit2/install/launch_param_builder:${AMENT_PREFIX_PATH} CMAKE_PREFIX_PATH=/home/ti5/ws_moveit2/install/moveit_ros_planning:/home/ti5/ws_moveit2/install/moveit_ros_occupancy_map_monitor:/home/ti5/ws_moveit2/install/moveit_core:/home/ti5/ws_moveit2/install/moveit_resources_panda_moveit_config:/home/ti5/ws_moveit2/install/moveit_resources_fanuc_moveit_config:/home/ti5/ws_moveit2/install/srdfdom:/home/ti5/ws_moveit2/install/moveit_resources_panda_description:/home/ti5/ws_moveit2/install/moveit_resources_fanuc_description:/home/ti5/ws_moveit2/install/moveit_common:/opt/ros/humble LD_LIBRARY_PATH=/home/ti5/ws_moveit2/install/moveit_ros_planning/lib:/home/ti5/ws_moveit2/install/moveit_ros_occupancy_map_monitor/lib:/home/ti5/ws_moveit2/install/moveit_core/lib:/home/ti5/ws_moveit2/install/srdfdom/lib:${LD_LIBRARY_PATH} PATH=/home/ti5/ws_moveit2/install/moveit_core/bin:${PATH} PYTHONPATH=/home/ti5/ws_moveit2/install/moveit_configs_utils/lib/python3.10/site-packages:/home/ti5/ws_moveit2/install/srdfdom/local/lib/python3.10/dist-packages:/home/ti5/ws_moveit2/install/launch_param_builder/lib/python3.10/site-packages:${PYTHONPATH} /usr/bin/cmake --build /home/ti5/ws_moveit2/build/moveit_kinematics -- -j4 -l4
[0.452s] [35m[1mConsolidate compiler generated dependencies of target moveit_cached_ik_kinematics_base[0m
[0.535s] [35m[1mConsolidate compiler generated dependencies of target moveit_srv_kinematics_plugin[0m
[0.578s] [35m[1mConsolidate compiler generated dependencies of target moveit_kdl_kinematics_plugin[0m
[0.860s] [ 10%] Built target moveit_cached_ik_kinematics_base
[0.873s] [ 21%] Built target moveit_srv_kinematics_plugin
[0.882s] [35m[1mConsolidate compiler generated dependencies of target moveit_lma_kinematics_plugin[0m
[1.028s] [ 36%] Built target moveit_kdl_kinematics_plugin
[1.033s] [35m[1mConsolidate compiler generated dependencies of target gtest_main[0m
[1.148s] [35m[1mConsolidate compiler generated dependencies of target gtest[0m
[1.160s] [ 47%] Built target moveit_lma_kinematics_plugin
[1.169s] [ 57%] Built target gtest_main
[1.266s] [35m[1mConsolidate compiler generated dependencies of target benchmark_ik[0m
[1.317s] [35m[1mConsolidate compiler generated dependencies of target moveit_cached_ik_kinematics_plugin[0m
[1.374s] [ 68%] Built target gtest
[1.485s] [35m[1mConsolidate compiler generated dependencies of target test_kinematics_plugin[0m
[1.571s] [ 78%] Built target moveit_cached_ik_kinematics_plugin
[1.657s] [ 89%] Built target benchmark_ik
[1.809s] [100%] Built target test_kinematics_plugin
[1.875s] Invoked command in '/home/ti5/ws_moveit2/build/moveit_kinematics' returned '0': AMENT_PREFIX_PATH=/home/ti5/ws_moveit2/install/moveit_ros_planning:/home/ti5/ws_moveit2/install/moveit_ros_occupancy_map_monitor:/home/ti5/ws_moveit2/install/moveit_core:/home/ti5/ws_moveit2/install/moveit_resources_panda_moveit_config:/home/ti5/ws_moveit2/install/moveit_resources_fanuc_moveit_config:/home/ti5/ws_moveit2/install/moveit_configs_utils:/home/ti5/ws_moveit2/install/srdfdom:/home/ti5/ws_moveit2/install/moveit_resources_panda_description:/home/ti5/ws_moveit2/install/moveit_resources_fanuc_description:/home/ti5/ws_moveit2/install/moveit_common:/home/ti5/ws_moveit2/install/launch_param_builder:${AMENT_PREFIX_PATH} CMAKE_PREFIX_PATH=/home/ti5/ws_moveit2/install/moveit_ros_planning:/home/ti5/ws_moveit2/install/moveit_ros_occupancy_map_monitor:/home/ti5/ws_moveit2/install/moveit_core:/home/ti5/ws_moveit2/install/moveit_resources_panda_moveit_config:/home/ti5/ws_moveit2/install/moveit_resources_fanuc_moveit_config:/home/ti5/ws_moveit2/install/srdfdom:/home/ti5/ws_moveit2/install/moveit_resources_panda_description:/home/ti5/ws_moveit2/install/moveit_resources_fanuc_description:/home/ti5/ws_moveit2/install/moveit_common:/opt/ros/humble LD_LIBRARY_PATH=/home/ti5/ws_moveit2/install/moveit_ros_planning/lib:/home/ti5/ws_moveit2/install/moveit_ros_occupancy_map_monitor/lib:/home/ti5/ws_moveit2/install/moveit_core/lib:/home/ti5/ws_moveit2/install/srdfdom/lib:${LD_LIBRARY_PATH} PATH=/home/ti5/ws_moveit2/install/moveit_core/bin:${PATH} PYTHONPATH=/home/ti5/ws_moveit2/install/moveit_configs_utils/lib/python3.10/site-packages:/home/ti5/ws_moveit2/install/srdfdom/local/lib/python3.10/dist-packages:/home/ti5/ws_moveit2/install/launch_param_builder/lib/python3.10/site-packages:${PYTHONPATH} /usr/bin/cmake --build /home/ti5/ws_moveit2/build/moveit_kinematics -- -j4 -l4
[2.058s] Invoking command in '/home/ti5/ws_moveit2/build/moveit_kinematics': AMENT_PREFIX_PATH=/home/ti5/ws_moveit2/install/moveit_ros_planning:/home/ti5/ws_moveit2/install/moveit_ros_occupancy_map_monitor:/home/ti5/ws_moveit2/install/moveit_core:/home/ti5/ws_moveit2/install/moveit_resources_panda_moveit_config:/home/ti5/ws_moveit2/install/moveit_resources_fanuc_moveit_config:/home/ti5/ws_moveit2/install/moveit_configs_utils:/home/ti5/ws_moveit2/install/srdfdom:/home/ti5/ws_moveit2/install/moveit_resources_panda_description:/home/ti5/ws_moveit2/install/moveit_resources_fanuc_description:/home/ti5/ws_moveit2/install/moveit_common:/home/ti5/ws_moveit2/install/launch_param_builder:${AMENT_PREFIX_PATH} CMAKE_PREFIX_PATH=/home/ti5/ws_moveit2/install/moveit_ros_planning:/home/ti5/ws_moveit2/install/moveit_ros_occupancy_map_monitor:/home/ti5/ws_moveit2/install/moveit_core:/home/ti5/ws_moveit2/install/moveit_resources_panda_moveit_config:/home/ti5/ws_moveit2/install/moveit_resources_fanuc_moveit_config:/home/ti5/ws_moveit2/install/srdfdom:/home/ti5/ws_moveit2/install/moveit_resources_panda_description:/home/ti5/ws_moveit2/install/moveit_resources_fanuc_description:/home/ti5/ws_moveit2/install/moveit_common:/opt/ros/humble LD_LIBRARY_PATH=/home/ti5/ws_moveit2/install/moveit_ros_planning/lib:/home/ti5/ws_moveit2/install/moveit_ros_occupancy_map_monitor/lib:/home/ti5/ws_moveit2/install/moveit_core/lib:/home/ti5/ws_moveit2/install/srdfdom/lib:${LD_LIBRARY_PATH} PATH=/home/ti5/ws_moveit2/install/moveit_core/bin:${PATH} PYTHONPATH=/home/ti5/ws_moveit2/install/moveit_configs_utils/lib/python3.10/site-packages:/home/ti5/ws_moveit2/install/srdfdom/local/lib/python3.10/dist-packages:/home/ti5/ws_moveit2/install/launch_param_builder/lib/python3.10/site-packages:${PYTHONPATH} /usr/bin/cmake --install /home/ti5/ws_moveit2/build/moveit_kinematics
[2.124s] -- Install configuration: "Release"
[2.140s] -- Up-to-date: /home/ti5/ws_moveit2/install/moveit_kinematics/share/moveit_kinematics/kdl_kinematics_plugin_description.xml
[2.141s] -- Up-to-date: /home/ti5/ws_moveit2/install/moveit_kinematics/share/moveit_kinematics/lma_kinematics_plugin_description.xml
[2.143s] -- Up-to-date: /home/ti5/ws_moveit2/install/moveit_kinematics/share/moveit_kinematics/srv_kinematics_plugin_description.xml
[2.143s] -- Up-to-date: /home/ti5/ws_moveit2/install/moveit_kinematics/share/moveit_kinematics/cached_ik_kinematics_plugin_description.xml
[2.144s] -- Up-to-date: /home/ti5/ws_moveit2/install/moveit_kinematics/include
[2.144s] -- Up-to-date: /home/ti5/ws_moveit2/install/moveit_kinematics/include/moveit
[2.145s] -- Up-to-date: /home/ti5/ws_moveit2/install/moveit_kinematics/include/moveit/cached_ik_kinematics_plugin
[2.147s] -- Up-to-date: /home/ti5/ws_moveit2/install/moveit_kinematics/include/moveit/cached_ik_kinematics_plugin/cached_ik_kinematics_plugin-inl.h
[2.148s] -- Up-to-date: /home/ti5/ws_moveit2/install/moveit_kinematics/include/moveit/cached_ik_kinematics_plugin/cached_ik_kinematics_plugin.h
[2.148s] -- Up-to-date: /home/ti5/ws_moveit2/install/moveit_kinematics/include/moveit/cached_ik_kinematics_plugin/detail
[2.150s] -- Up-to-date: /home/ti5/ws_moveit2/install/moveit_kinematics/include/moveit/cached_ik_kinematics_plugin/detail/NearestNeighbors.h
[2.153s] -- Up-to-date: /home/ti5/ws_moveit2/install/moveit_kinematics/include/moveit/cached_ik_kinematics_plugin/detail/GreedyKCenters.h
[2.157s] -- Up-to-date: /home/ti5/ws_moveit2/install/moveit_kinematics/include/moveit/cached_ik_kinematics_plugin/detail/NearestNeighborsGNAT.h
[2.167s] -- Up-to-date: /home/ti5/ws_moveit2/install/moveit_kinematics/share/moveit_kinematics/launch
[2.168s] -- Up-to-date: /home/ti5/ws_moveit2/install/moveit_kinematics/share/moveit_kinematics/launch/measure_ik_call_cost.launch
[2.178s] -- Up-to-date: /home/ti5/ws_moveit2/install/moveit_kinematics/lib/moveit_kinematics/auto_create_ikfast_moveit_plugin.sh
[2.179s] -- Up-to-date: /home/ti5/ws_moveit2/install/moveit_kinematics/lib/moveit_kinematics/create_ikfast_moveit_plugin.py
[2.183s] -- Up-to-date: /home/ti5/ws_moveit2/install/moveit_kinematics/lib/moveit_kinematics/round_collada_numbers.py
[2.184s] -- Up-to-date: /home/ti5/ws_moveit2/install/moveit_kinematics/share/moveit_kinematics/ikfast_kinematics_plugin/templates
[2.185s] -- Up-to-date: /home/ti5/ws_moveit2/install/moveit_kinematics/share/moveit_kinematics/ikfast_kinematics_plugin/templates/ikfast.h
[2.186s] -- Up-to-date: /home/ti5/ws_moveit2/install/moveit_kinematics/share/moveit_kinematics/ikfast_kinematics_plugin/templates/ikfast61_moveit_plugin_template.cpp
[2.191s] -- Up-to-date: /home/ti5/ws_moveit2/install/moveit_kinematics/share/moveit_kinematics/ikfast_kinematics_plugin/templates/CMakeLists.txt
[2.195s] -- Up-to-date: /home/ti5/ws_moveit2/install/moveit_kinematics/include
[2.196s] -- Up-to-date: /home/ti5/ws_moveit2/install/moveit_kinematics/include/moveit
[2.197s] -- Up-to-date: /home/ti5/ws_moveit2/install/moveit_kinematics/include/moveit/kdl_kinematics_plugin
[2.198s] -- Up-to-date: /home/ti5/ws_moveit2/install/moveit_kinematics/include/moveit/kdl_kinematics_plugin/joint_mimic.hpp
[2.198s] -- Up-to-date: /home/ti5/ws_moveit2/install/moveit_kinematics/include/moveit/kdl_kinematics_plugin/kdl_kinematics_plugin.h
[2.199s] -- Up-to-date: /home/ti5/ws_moveit2/install/moveit_kinematics/include/moveit/kdl_kinematics_plugin/chainiksolver_vel_mimic_svd.hpp
[2.199s] -- Up-to-date: /home/ti5/ws_moveit2/install/moveit_kinematics/include
[2.200s] -- Up-to-date: /home/ti5/ws_moveit2/install/moveit_kinematics/include/moveit
[2.200s] -- Up-to-date: /home/ti5/ws_moveit2/install/moveit_kinematics/include/moveit/lma_kinematics_plugin
[2.203s] -- Up-to-date: /home/ti5/ws_moveit2/install/moveit_kinematics/include/moveit/lma_kinematics_plugin/lma_kinematics_plugin.h
[2.208s] -- Up-to-date: /home/ti5/ws_moveit2/install/moveit_kinematics/include
[2.209s] -- Up-to-date: /home/ti5/ws_moveit2/install/moveit_kinematics/include/moveit
[2.209s] -- Up-to-date: /home/ti5/ws_moveit2/install/moveit_kinematics/include/moveit/srv_kinematics_plugin
[2.210s] -- Up-to-date: /home/ti5/ws_moveit2/install/moveit_kinematics/include/moveit/srv_kinematics_plugin/srv_kinematics_plugin.h
[2.211s] -- Up-to-date: /home/ti5/ws_moveit2/install/moveit_kinematics/share/moveit_kinematics/config
[2.212s] -- Up-to-date: /home/ti5/ws_moveit2/install/moveit_kinematics/share/moveit_kinematics/config/fanuc-kdl-singular-test.yaml
[2.212s] -- Up-to-date: /home/ti5/ws_moveit2/install/moveit_kinematics/share/moveit_kinematics/config/panda-lma-singular-test.yaml
[2.213s] -- Up-to-date: /home/ti5/ws_moveit2/install/moveit_kinematics/share/moveit_kinematics/config/panda-lma-test.yaml
[2.213s] -- Up-to-date: /home/ti5/ws_moveit2/install/moveit_kinematics/share/moveit_kinematics/config/panda-kdl-test.yaml
[2.214s] -- Up-to-date: /home/ti5/ws_moveit2/install/moveit_kinematics/share/moveit_kinematics/config/fanuc-lma-singular-test.yaml
[2.214s] -- Up-to-date: /home/ti5/ws_moveit2/install/moveit_kinematics/share/moveit_kinematics/config/panda-kdl-singular-test.yaml
[2.214s] -- Up-to-date: /home/ti5/ws_moveit2/install/moveit_kinematics/share/moveit_kinematics/config/fanuc-lma-test.yaml
[2.215s] -- Up-to-date: /home/ti5/ws_moveit2/install/moveit_kinematics/share/moveit_kinematics/config/fanuc-kdl-test.yaml
[2.215s] -- Up-to-date: /home/ti5/ws_moveit2/install/moveit_kinematics/share/moveit_kinematics/launch
[2.216s] -- Up-to-date: /home/ti5/ws_moveit2/install/moveit_kinematics/share/moveit_kinematics/launch/panda-lma.test.py
[2.220s] -- Up-to-date: /home/ti5/ws_moveit2/install/moveit_kinematics/share/moveit_kinematics/launch/panda-kdl.test.py
[2.221s] -- Up-to-date: /home/ti5/ws_moveit2/install/moveit_kinematics/share/moveit_kinematics/launch/fanuc-lma.test.py
[2.222s] -- Up-to-date: /home/ti5/ws_moveit2/install/moveit_kinematics/share/moveit_kinematics/launch/panda-kdl-singular.test.py
[2.224s] -- Up-to-date: /home/ti5/ws_moveit2/install/moveit_kinematics/share/moveit_kinematics/launch/panda-lma-singular.test.py
[2.224s] -- Up-to-date: /home/ti5/ws_moveit2/install/moveit_kinematics/share/moveit_kinematics/launch/fanuc-lma-singular.test.py
[2.225s] -- Up-to-date: /home/ti5/ws_moveit2/install/moveit_kinematics/share/moveit_kinematics/launch/fanuc-kdl-singular.test.py
[2.226s] -- Up-to-date: /home/ti5/ws_moveit2/install/moveit_kinematics/share/moveit_kinematics/launch/fanuc-kdl.test.py
[2.227s] -- Up-to-date: /home/ti5/ws_moveit2/install/moveit_kinematics/lib/moveit_kinematics/benchmark_ik
[2.228s] -- Up-to-date: /home/ti5/ws_moveit2/install/moveit_kinematics/lib/moveit_kinematics/test_kinematics_plugin
[2.229s] -- Up-to-date: /home/ti5/ws_moveit2/install/moveit_kinematics/lib/libmoveit_cached_ik_kinematics_base.so.2.5.5
[2.229s] -- Up-to-date: /home/ti5/ws_moveit2/install/moveit_kinematics/lib/libmoveit_cached_ik_kinematics_base.so
[2.230s] -- Up-to-date: /home/ti5/ws_moveit2/install/moveit_kinematics/lib/libmoveit_cached_ik_kinematics_plugin.so.2.5.5
[2.231s] -- Up-to-date: /home/ti5/ws_moveit2/install/moveit_kinematics/lib/libmoveit_cached_ik_kinematics_plugin.so
[2.232s] -- Up-to-date: /home/ti5/ws_moveit2/install/moveit_kinematics/lib/libmoveit_kdl_kinematics_plugin.so
[2.234s] -- Up-to-date: /home/ti5/ws_moveit2/install/moveit_kinematics/lib/libmoveit_lma_kinematics_plugin.so.2.5.5
[2.236s] -- Up-to-date: /home/ti5/ws_moveit2/install/moveit_kinematics/lib/libmoveit_lma_kinematics_plugin.so
[2.237s] -- Up-to-date: /home/ti5/ws_moveit2/install/moveit_kinematics/lib/libmoveit_srv_kinematics_plugin.so.2.5.5
[2.240s] -- Up-to-date: /home/ti5/ws_moveit2/install/moveit_kinematics/lib/libmoveit_srv_kinematics_plugin.so
[2.245s] -- Up-to-date: /home/ti5/ws_moveit2/install/moveit_kinematics/share/moveit_kinematics/environment/library_path.sh
[2.246s] -- Up-to-date: /home/ti5/ws_moveit2/install/moveit_kinematics/share/moveit_kinematics/environment/library_path.dsv
[2.247s] -- Up-to-date: /home/ti5/ws_moveit2/install/moveit_kinematics/share/ament_index/resource_index/package_run_dependencies/moveit_kinematics
[2.248s] -- Up-to-date: /home/ti5/ws_moveit2/install/moveit_kinematics/share/ament_index/resource_index/parent_prefix_path/moveit_kinematics
[2.249s] -- Up-to-date: /home/ti5/ws_moveit2/install/moveit_kinematics/share/moveit_kinematics/environment/ament_prefix_path.sh
[2.250s] -- Up-to-date: /home/ti5/ws_moveit2/install/moveit_kinematics/share/moveit_kinematics/environment/ament_prefix_path.dsv
[2.251s] -- Up-to-date: /home/ti5/ws_moveit2/install/moveit_kinematics/share/moveit_kinematics/environment/path.sh
[2.251s] -- Up-to-date: /home/ti5/ws_moveit2/install/moveit_kinematics/share/moveit_kinematics/environment/path.dsv
[2.252s] -- Up-to-date: /home/ti5/ws_moveit2/install/moveit_kinematics/share/moveit_kinematics/local_setup.bash
[2.252s] -- Up-to-date: /home/ti5/ws_moveit2/install/moveit_kinematics/share/moveit_kinematics/local_setup.sh
[2.253s] -- Up-to-date: /home/ti5/ws_moveit2/install/moveit_kinematics/share/moveit_kinematics/local_setup.zsh
[2.253s] -- Up-to-date: /home/ti5/ws_moveit2/install/moveit_kinematics/share/moveit_kinematics/local_setup.dsv
[2.254s] -- Installing: /home/ti5/ws_moveit2/install/moveit_kinematics/share/moveit_kinematics/package.dsv
[2.254s] -- Up-to-date: /home/ti5/ws_moveit2/install/moveit_kinematics/share/ament_index/resource_index/packages/moveit_kinematics
[2.255s] -- Up-to-date: /home/ti5/ws_moveit2/install/moveit_kinematics/share/ament_index/resource_index/moveit_core__pluginlib__plugin/moveit_kinematics
[2.255s] -- Up-to-date: /home/ti5/ws_moveit2/install/moveit_kinematics/share/moveit_kinematics/cmake/export_moveit_kinematicsExport.cmake
[2.256s] -- Up-to-date: /home/ti5/ws_moveit2/install/moveit_kinematics/share/moveit_kinematics/cmake/export_moveit_kinematicsExport-release.cmake
[2.256s] -- Up-to-date: /home/ti5/ws_moveit2/install/moveit_kinematics/share/moveit_kinematics/cmake/ConfigExtras.cmake
[2.256s] -- Up-to-date: /home/ti5/ws_moveit2/install/moveit_kinematics/share/moveit_kinematics/cmake/ament_cmake_export_targets-extras.cmake
[2.257s] -- Up-to-date: /home/ti5/ws_moveit2/install/moveit_kinematics/share/moveit_kinematics/cmake/ament_cmake_export_dependencies-extras.cmake
[2.257s] -- Up-to-date: /home/ti5/ws_moveit2/install/moveit_kinematics/share/moveit_kinematics/cmake/moveit_kinematicsConfig.cmake
[2.258s] -- Up-to-date: /home/ti5/ws_moveit2/install/moveit_kinematics/share/moveit_kinematics/cmake/moveit_kinematicsConfig-version.cmake
[2.259s] -- Up-to-date: /home/ti5/ws_moveit2/install/moveit_kinematics/share/moveit_kinematics/package.xml
[2.265s] Invoked command in '/home/ti5/ws_moveit2/build/moveit_kinematics' returned '0': AMENT_PREFIX_PATH=/home/ti5/ws_moveit2/install/moveit_ros_planning:/home/ti5/ws_moveit2/install/moveit_ros_occupancy_map_monitor:/home/ti5/ws_moveit2/install/moveit_core:/home/ti5/ws_moveit2/install/moveit_resources_panda_moveit_config:/home/ti5/ws_moveit2/install/moveit_resources_fanuc_moveit_config:/home/ti5/ws_moveit2/install/moveit_configs_utils:/home/ti5/ws_moveit2/install/srdfdom:/home/ti5/ws_moveit2/install/moveit_resources_panda_description:/home/ti5/ws_moveit2/install/moveit_resources_fanuc_description:/home/ti5/ws_moveit2/install/moveit_common:/home/ti5/ws_moveit2/install/launch_param_builder:${AMENT_PREFIX_PATH} CMAKE_PREFIX_PATH=/home/ti5/ws_moveit2/install/moveit_ros_planning:/home/ti5/ws_moveit2/install/moveit_ros_occupancy_map_monitor:/home/ti5/ws_moveit2/install/moveit_core:/home/ti5/ws_moveit2/install/moveit_resources_panda_moveit_config:/home/ti5/ws_moveit2/install/moveit_resources_fanuc_moveit_config:/home/ti5/ws_moveit2/install/srdfdom:/home/ti5/ws_moveit2/install/moveit_resources_panda_description:/home/ti5/ws_moveit2/install/moveit_resources_fanuc_description:/home/ti5/ws_moveit2/install/moveit_common:/opt/ros/humble LD_LIBRARY_PATH=/home/ti5/ws_moveit2/install/moveit_ros_planning/lib:/home/ti5/ws_moveit2/install/moveit_ros_occupancy_map_monitor/lib:/home/ti5/ws_moveit2/install/moveit_core/lib:/home/ti5/ws_moveit2/install/srdfdom/lib:${LD_LIBRARY_PATH} PATH=/home/ti5/ws_moveit2/install/moveit_core/bin:${PATH} PYTHONPATH=/home/ti5/ws_moveit2/install/moveit_configs_utils/lib/python3.10/site-packages:/home/ti5/ws_moveit2/install/srdfdom/local/lib/python3.10/dist-packages:/home/ti5/ws_moveit2/install/launch_param_builder/lib/python3.10/site-packages:${PYTHONPATH} /usr/bin/cmake --install /home/ti5/ws_moveit2/build/moveit_kinematics
