[0.200s] Invoking command in '/home/ti5/ws_moveit2/build/moveit_ros_visualization': AMENT_PREFIX_PATH=/home/ti5/ws_moveit2/install/moveit_ros_planning_interface:/home/ti5/ws_moveit2/install/moveit_ros_move_group:/home/ti5/ws_moveit2/install/moveit_ros_warehouse:/home/ti5/ws_moveit2/install/moveit_ros_robot_interaction:/home/ti5/ws_moveit2/install/moveit_kinematics:/home/ti5/ws_moveit2/install/moveit_ros_planning:/home/ti5/ws_moveit2/install/moveit_ros_occupancy_map_monitor:/home/ti5/ws_moveit2/install/moveit_core:/home/ti5/ws_moveit2/install/srdfdom:/home/ti5/ws_moveit2/install/moveit_common:${AMENT_PREFIX_PATH} CMAKE_PREFIX_PATH=/home/ti5/ws_moveit2/install/moveit_ros_planning_interface:/home/ti5/ws_moveit2/install/moveit_ros_move_group:/home/ti5/ws_moveit2/install/moveit_ros_warehouse:/home/ti5/ws_moveit2/install/moveit_ros_robot_interaction:/home/ti5/ws_moveit2/install/moveit_kinematics:/home/ti5/ws_moveit2/install/moveit_ros_planning:/home/ti5/ws_moveit2/install/moveit_ros_occupancy_map_monitor:/home/ti5/ws_moveit2/install/moveit_core:/home/ti5/ws_moveit2/install/srdfdom:/home/ti5/ws_moveit2/install/moveit_common:/opt/ros/humble LD_LIBRARY_PATH=/home/ti5/ws_moveit2/install/moveit_ros_planning_interface/lib:/home/ti5/ws_moveit2/install/moveit_ros_move_group/lib:/home/ti5/ws_moveit2/install/moveit_ros_warehouse/lib:/home/ti5/ws_moveit2/install/moveit_ros_robot_interaction/lib:/home/ti5/ws_moveit2/install/moveit_kinematics/lib:/home/ti5/ws_moveit2/install/moveit_ros_planning/lib:/home/ti5/ws_moveit2/install/moveit_ros_occupancy_map_monitor/lib:/home/ti5/ws_moveit2/install/moveit_core/lib:/home/ti5/ws_moveit2/install/srdfdom/lib:${LD_LIBRARY_PATH} PATH=/home/ti5/ws_moveit2/install/moveit_core/bin:${PATH} PYTHONPATH=/home/ti5/ws_moveit2/install/srdfdom/local/lib/python3.10/dist-packages:${PYTHONPATH} /usr/bin/cmake /home/ti5/ws_moveit2/moveit2/moveit_ros/visualization -DCMAKE_BUILD_TYPE=Release -DCMAKE_INSTALL_PREFIX=/home/ti5/ws_moveit2/install/moveit_ros_visualization
[0.620s] -- The C compiler identification is GNU 11.4.0
[0.960s] -- The CXX compiler identification is GNU 11.4.0
[1.001s] -- Detecting C compiler ABI info
[1.377s] -- Detecting C compiler ABI info - done
[1.426s] -- Check for working C compiler: /usr/bin/cc - skipped
[1.427s] -- Detecting C compile features
[1.429s] -- Detecting C compile features - done
[1.447s] -- Detecting CXX compiler ABI info
[1.886s] -- Detecting CXX compiler ABI info - done
[1.935s] -- Check for working CXX compiler: /usr/bin/c++ - skipped
[1.937s] -- Detecting CXX compile features
[1.940s] -- Detecting CXX compile features - done
[1.954s] -- Found moveit_common: 2.5.5 (/home/ti5/ws_moveit2/install/moveit_common/share/moveit_common/cmake)
[1.993s] -- Found ament_cmake: 1.3.8 (/opt/ros/humble/share/ament_cmake/cmake)
[2.857s] -- Found Python3: /usr/bin/python3 (found version "3.10.12") found components: Interpreter 
[3.869s] -- Found libdw: /usr/lib/x86_64-linux-gnu/libdw.so  
[3.900s] -- Could NOT find libbfd (missing: LIBBFD_LIBRARY LIBBFD_INCLUDE_DIR) 
[3.901s] -- BACKWARD_HAS_UNWIND=1
[3.902s] -- BACKWARD_HAS_BACKTRACE=0
[3.902s] -- BACKWARD_HAS_BACKTRACE_SYMBOL=0
[3.903s] -- BACKWARD_HAS_DW=1
[3.903s] -- BACKWARD_HAS_BFD=0
[3.904s] -- Found Backward: /opt/ros/humble/share/backward_ros/cmake  
[3.919s] -- Found class_loader: 2.2.0 (/opt/ros/humble/share/class_loader/cmake)
[4.047s] -- Found geometric_shapes: 2.1.3 (/opt/ros/humble/share/geometric_shapes/cmake)
[4.109s] -- Found Boost: /usr/lib/x86_64-linux-gnu/cmake/Boost-1.74.0/BoostConfig.cmake (found version "1.74.0") found components: filesystem 
[4.416s] -- Found rosidl_generator_c: 3.1.5 (/opt/ros/humble/share/rosidl_generator_c/cmake)
[4.458s] -- Found rosidl_adapter: 3.1.5 (/opt/ros/humble/share/rosidl_adapter/cmake)
[4.518s] -- Found rosidl_generator_cpp: 3.1.5 (/opt/ros/humble/share/rosidl_generator_cpp/cmake)
[4.620s] -- Using all available rosidl_typesupport_c: rosidl_typesupport_fastrtps_c;rosidl_typesupport_introspection_c
[4.737s] -- Using all available rosidl_typesupport_cpp: rosidl_typesupport_fastrtps_cpp;rosidl_typesupport_introspection_cpp
[6.062s] -- Found rmw_implementation_cmake: 6.1.1 (/opt/ros/humble/share/rmw_implementation_cmake/cmake)
[6.091s] -- Found rmw_fastrtps_cpp: 6.2.6 (/opt/ros/humble/share/rmw_fastrtps_cpp/cmake)
[6.702s] -- Found OpenSSL: /usr/lib/x86_64-linux-gnu/libcrypto.so (found version "3.0.2")  
[6.813s] -- Found FastRTPS: /opt/ros/humble/include  
[7.036s] -- Using RMW implementation 'rmw_fastrtps_cpp' as default
[7.110s] -- Looking for pthread.h
[7.639s] -- Looking for pthread.h - found
[7.641s] -- Performing Test CMAKE_HAVE_LIBC_PTHREAD
[8.143s] -- Performing Test CMAKE_HAVE_LIBC_PTHREAD - Success
[8.150s] -- Found Threads: TRUE  
[9.422s] -- library: /usr/lib/x86_64-linux-gnu/libcurl.so
[11.232s] -- Found interactive_markers: 2.3.2 (/opt/ros/humble/share/interactive_markers/cmake)
[11.365s] -- Found moveit_ros_planning: 2.5.5 (/home/ti5/ws_moveit2/install/moveit_ros_planning/share/moveit_ros_planning/cmake)
[11.497s] -- Found Boost: /usr/lib/x86_64-linux-gnu/cmake/Boost-1.74.0/BoostConfig.cmake (found version "1.74.0") found components: system filesystem date_time program_options thread chrono 
[14.185s] -- Found Boost: /usr/lib/x86_64-linux-gnu/cmake/Boost-1.74.0/BoostConfig.cmake (found version "1.74.0") found components: chrono date_time filesystem iostreams program_options regex serialization system thread 
[14.391s] -- Found parameter_traits: 0.3.8 (/opt/ros/humble/share/parameter_traits/cmake)
[14.506s] -- Found Eigen3: TRUE (found version "3.4.0") 
[14.553s] -- Found rclcpp_lifecycle: 16.0.8 (/opt/ros/humble/share/rclcpp_lifecycle/cmake)
[14.963s] -- Ensuring Eigen3 include directory is part of orocos-kdl CMake target
[22.033s] -- Found moveit_ros_planning_interface: 2.5.5 (/home/ti5/ws_moveit2/install/moveit_ros_planning_interface/share/moveit_ros_planning_interface/cmake)
[22.057s] -- Found Boost: /usr/lib/x86_64-linux-gnu/cmake/Boost-1.74.0/BoostConfig.cmake (found version "1.74.0") found components: date_time filesystem program_options system thread 
[22.951s] -- Found Boost: /usr/lib/x86_64-linux-gnu/cmake/Boost-1.74.0/BoostConfig.cmake (found version "1.74.0") found components: thread system filesystem regex date_time program_options 
[24.222s] -- Found Boost: /usr/lib/x86_64-linux-gnu/cmake/Boost-1.74.0/BoostConfig.cmake (found version "1.74.0") found components: system filesystem date_time program_options thread 
[26.471s] -- Found moveit_ros_robot_interaction: 2.5.5 (/home/ti5/ws_moveit2/install/moveit_ros_robot_interaction/share/moveit_ros_robot_interaction/cmake)
[27.164s] -- Found rclpy: 3.3.12 (/opt/ros/humble/share/rclpy/cmake)
[27.180s] -- Found rviz2: 11.2.12 (/opt/ros/humble/share/rviz2/cmake)
[27.202s] -- Found rviz_common: 11.2.12 (/opt/ros/humble/share/rviz_common/cmake)
[27.375s] -- Setting OGRE_DIR to: '/opt/ros/humble/share/rviz_ogre_vendor/cmake/../../../opt/rviz_ogre_vendor/lib/OGRE/cmake'
[27.384s] -- Found OGRE
[27.384s] --   static     : OFF
[27.385s] --   components : HLMS;MeshLodGenerator;Overlay;Paging;Property;RTShaderSystem;Terrain;Volume
[27.385s] --   plugins    : Plugin_BSPSceneManager;Plugin_OctreeSceneManager;Plugin_PCZSceneManager;Plugin_ParticleFX;RenderSystem_GL;RenderSystem_GL3Plus;Codec_STBI
[27.386s] --   media      : /opt/ros/humble/opt/rviz_ogre_vendor/share/OGRE/Media
[27.386s] -- OGRE_LIBRARIES: OgreHLMS;OgreMeshLodGenerator;OgreOverlay;OgrePaging;OgreProperty;OgreRTShaderSystem;OgreTerrain;OgreVolume;OgreMain
[27.387s] -- OGRE_LIBRARY_DIRS: /opt/ros/humble/opt/rviz_ogre_vendor/lib
[27.387s] -- OGRE_PLUGINS: Plugin_BSPSceneManager;Plugin_OctreeSceneManager;Plugin_PCZSceneManager;Plugin_ParticleFX;RenderSystem_GL;RenderSystem_GL3Plus;Codec_STBI
[27.388s] -- OGRE_PLUGIN_DIR: /opt/ros/humble/opt/rviz_ogre_vendor/lib/OGRE
[27.388s] -- rviz_ogre_vendor::OgreOverlay for IMPORTED_LOCATION_RELEASE: /opt/ros/humble/opt/rviz_ogre_vendor/lib/libOgreOverlay.so
[27.389s] -- rviz_ogre_vendor::OgreOverlay for IMPORTED_LOCATION_DEBUG: /opt/ros/humble/opt/rviz_ogre_vendor/lib/libOgreOverlay.so
[27.389s] -- rviz_ogre_vendor::OgreMain for IMPORTED_LOCATION_RELEASE: /opt/ros/humble/opt/rviz_ogre_vendor/lib/libOgreMain.so
[27.389s] -- rviz_ogre_vendor::OgreMain for IMPORTED_LOCATION_DEBUG: /opt/ros/humble/opt/rviz_ogre_vendor/lib/libOgreMain.so
[27.392s] -- Could not find freeimage library
[27.501s] -- Found ZLIB: /usr/lib/x86_64-linux-gnu/libz.so (found version "1.2.11") 
[27.531s] -- Found OpenGL: /usr/lib/x86_64-linux-gnu/libOpenGL.so   
[28.056s] -- Found X11: /usr/include   
[28.057s] -- Looking for XOpenDisplay in /usr/lib/x86_64-linux-gnu/libX11.so;/usr/lib/x86_64-linux-gnu/libXext.so
[28.608s] -- Looking for XOpenDisplay in /usr/lib/x86_64-linux-gnu/libX11.so;/usr/lib/x86_64-linux-gnu/libXext.so - found
[28.608s] -- Looking for gethostbyname
[29.945s] -- Looking for gethostbyname - found
[29.947s] -- Looking for connect
[31.500s] -- Looking for connect - found
[31.500s] -- Looking for remove
[32.751s] -- Looking for remove - found
[32.751s] -- Looking for shmat
[33.930s] -- Looking for shmat - found
[33.932s] -- Looking for IceConnectionNumber in ICE
[35.323s] -- Looking for IceConnectionNumber in ICE - found
[35.359s] -- rviz_ogre_vendor::RenderSystem_GL for IMPORTED_LOCATION_RELEASE: _render_system_gl_static_library_abs-NOTFOUND
[35.359s] -- rviz_ogre_vendor::RenderSystem_GL for IMPORTED_LOCATION_DEBUG: _render_system_gl_static_library_abs-NOTFOUND
[36.708s] -- Found rviz_default_plugins: 11.2.12 (/opt/ros/humble/share/rviz_default_plugins/cmake)
[44.579s] -- Found Boost: /usr/lib/x86_64-linux-gnu/cmake/Boost-1.74.0/BoostConfig.cmake (found version "1.74.0") found components: thread date_time system filesystem 
[45.012s] -- Performing Test COMPILER_HAS_HIDDEN_VISIBILITY
[46.924s] -- Performing Test COMPILER_HAS_HIDDEN_VISIBILITY - Success
[46.943s] -- Performing Test COMPILER_HAS_HIDDEN_INLINE_VISIBILITY
[48.951s] -- Performing Test COMPILER_HAS_HIDDEN_INLINE_VISIBILITY - Success
[48.969s] -- Performing Test COMPILER_HAS_DEPRECATED_ATTR
[50.931s] -- Performing Test COMPILER_HAS_DEPRECATED_ATTR - Success
[51.966s] -- Found ament_lint_auto: 0.12.10 (/opt/ros/humble/share/ament_lint_auto/cmake)
[52.498s] -- Added test 'cppcheck' to perform static code analysis on C / C++ code
[52.515s] -- Configured cppcheck include dirs: /home/ti5/ws_moveit2/moveit2/moveit_ros/visualization/rviz_plugin_render_tools/include;/home/ti5/ws_moveit2/moveit2/moveit_ros/visualization/robot_state_rviz_plugin/include;/home/ti5/ws_moveit2/moveit2/moveit_ros/visualization/planning_scene_rviz_plugin/include;/home/ti5/ws_moveit2/moveit2/moveit_ros/visualization/motion_planning_rviz_plugin/include;/home/ti5/ws_moveit2/moveit2/moveit_ros/visualization/trajectory_rviz_plugin/include
[52.516s] -- Configured cppcheck exclude dirs and/or files: 
[52.546s] -- Added test 'lint_cmake' to check CMake code style
[52.561s] -- Added test 'pep257' to check Python code against some of the docstring style conventions in PEP 257
[52.583s] -- Added test 'xmllint' to check XML markup files
[52.629s] -- Configuring done
[63.988s] -- Generating done
[64.233s] -- Build files have been written to: /home/ti5/ws_moveit2/build/moveit_ros_visualization
[64.888s] Invoked command in '/home/ti5/ws_moveit2/build/moveit_ros_visualization' returned '0': AMENT_PREFIX_PATH=/home/ti5/ws_moveit2/install/moveit_ros_planning_interface:/home/ti5/ws_moveit2/install/moveit_ros_move_group:/home/ti5/ws_moveit2/install/moveit_ros_warehouse:/home/ti5/ws_moveit2/install/moveit_ros_robot_interaction:/home/ti5/ws_moveit2/install/moveit_kinematics:/home/ti5/ws_moveit2/install/moveit_ros_planning:/home/ti5/ws_moveit2/install/moveit_ros_occupancy_map_monitor:/home/ti5/ws_moveit2/install/moveit_core:/home/ti5/ws_moveit2/install/srdfdom:/home/ti5/ws_moveit2/install/moveit_common:${AMENT_PREFIX_PATH} CMAKE_PREFIX_PATH=/home/ti5/ws_moveit2/install/moveit_ros_planning_interface:/home/ti5/ws_moveit2/install/moveit_ros_move_group:/home/ti5/ws_moveit2/install/moveit_ros_warehouse:/home/ti5/ws_moveit2/install/moveit_ros_robot_interaction:/home/ti5/ws_moveit2/install/moveit_kinematics:/home/ti5/ws_moveit2/install/moveit_ros_planning:/home/ti5/ws_moveit2/install/moveit_ros_occupancy_map_monitor:/home/ti5/ws_moveit2/install/moveit_core:/home/ti5/ws_moveit2/install/srdfdom:/home/ti5/ws_moveit2/install/moveit_common:/opt/ros/humble LD_LIBRARY_PATH=/home/ti5/ws_moveit2/install/moveit_ros_planning_interface/lib:/home/ti5/ws_moveit2/install/moveit_ros_move_group/lib:/home/ti5/ws_moveit2/install/moveit_ros_warehouse/lib:/home/ti5/ws_moveit2/install/moveit_ros_robot_interaction/lib:/home/ti5/ws_moveit2/install/moveit_kinematics/lib:/home/ti5/ws_moveit2/install/moveit_ros_planning/lib:/home/ti5/ws_moveit2/install/moveit_ros_occupancy_map_monitor/lib:/home/ti5/ws_moveit2/install/moveit_core/lib:/home/ti5/ws_moveit2/install/srdfdom/lib:${LD_LIBRARY_PATH} PATH=/home/ti5/ws_moveit2/install/moveit_core/bin:${PATH} PYTHONPATH=/home/ti5/ws_moveit2/install/srdfdom/local/lib/python3.10/dist-packages:${PYTHONPATH} /usr/bin/cmake /home/ti5/ws_moveit2/moveit2/moveit_ros/visualization -DCMAKE_BUILD_TYPE=Release -DCMAKE_INSTALL_PREFIX=/home/ti5/ws_moveit2/install/moveit_ros_visualization
[64.969s] Invoking command in '/home/ti5/ws_moveit2/build/moveit_ros_visualization': AMENT_PREFIX_PATH=/home/ti5/ws_moveit2/install/moveit_ros_planning_interface:/home/ti5/ws_moveit2/install/moveit_ros_move_group:/home/ti5/ws_moveit2/install/moveit_ros_warehouse:/home/ti5/ws_moveit2/install/moveit_ros_robot_interaction:/home/ti5/ws_moveit2/install/moveit_kinematics:/home/ti5/ws_moveit2/install/moveit_ros_planning:/home/ti5/ws_moveit2/install/moveit_ros_occupancy_map_monitor:/home/ti5/ws_moveit2/install/moveit_core:/home/ti5/ws_moveit2/install/srdfdom:/home/ti5/ws_moveit2/install/moveit_common:${AMENT_PREFIX_PATH} CMAKE_PREFIX_PATH=/home/ti5/ws_moveit2/install/moveit_ros_planning_interface:/home/ti5/ws_moveit2/install/moveit_ros_move_group:/home/ti5/ws_moveit2/install/moveit_ros_warehouse:/home/ti5/ws_moveit2/install/moveit_ros_robot_interaction:/home/ti5/ws_moveit2/install/moveit_kinematics:/home/ti5/ws_moveit2/install/moveit_ros_planning:/home/ti5/ws_moveit2/install/moveit_ros_occupancy_map_monitor:/home/ti5/ws_moveit2/install/moveit_core:/home/ti5/ws_moveit2/install/srdfdom:/home/ti5/ws_moveit2/install/moveit_common:/opt/ros/humble LD_LIBRARY_PATH=/home/ti5/ws_moveit2/install/moveit_ros_planning_interface/lib:/home/ti5/ws_moveit2/install/moveit_ros_move_group/lib:/home/ti5/ws_moveit2/install/moveit_ros_warehouse/lib:/home/ti5/ws_moveit2/install/moveit_ros_robot_interaction/lib:/home/ti5/ws_moveit2/install/moveit_kinematics/lib:/home/ti5/ws_moveit2/install/moveit_ros_planning/lib:/home/ti5/ws_moveit2/install/moveit_ros_occupancy_map_monitor/lib:/home/ti5/ws_moveit2/install/moveit_core/lib:/home/ti5/ws_moveit2/install/srdfdom/lib:${LD_LIBRARY_PATH} PATH=/home/ti5/ws_moveit2/install/moveit_core/bin:${PATH} PYTHONPATH=/home/ti5/ws_moveit2/install/srdfdom/local/lib/python3.10/dist-packages:${PYTHONPATH} /usr/bin/cmake --build /home/ti5/ws_moveit2/build/moveit_ros_visualization -- -j4 -l4
[66.876s] [  1%] [34m[1mAutomatic MOC for target moveit_rviz_plugin_render_tools[0m
[75.281s] [  1%] Built target moveit_rviz_plugin_render_tools_autogen
[75.659s] [  3%] [32mBuilding CXX object rviz_plugin_render_tools/CMakeFiles/moveit_rviz_plugin_render_tools.dir/moveit_rviz_plugin_render_tools_autogen/mocs_compilation.cpp.o[0m
