[0.202s] Invoking command in '/home/ti5/ws_moveit2/build/moveit_ros_move_group': AMENT_PREFIX_PATH=/home/ti5/ws_moveit2/install/moveit_kinematics:/home/ti5/ws_moveit2/install/moveit_ros_planning:/home/ti5/ws_moveit2/install/moveit_ros_occupancy_map_monitor:/home/ti5/ws_moveit2/install/moveit_core:/home/ti5/ws_moveit2/install/moveit_resources_fanuc_moveit_config:/home/ti5/ws_moveit2/install/srdfdom:/home/ti5/ws_moveit2/install/moveit_resources_fanuc_description:/home/ti5/ws_moveit2/install/moveit_common:${AMENT_PREFIX_PATH} CMAKE_PREFIX_PATH=/home/ti5/ws_moveit2/install/moveit_kinematics:/home/ti5/ws_moveit2/install/moveit_ros_planning:/home/ti5/ws_moveit2/install/moveit_ros_occupancy_map_monitor:/home/ti5/ws_moveit2/install/moveit_core:/home/ti5/ws_moveit2/install/moveit_resources_fanuc_moveit_config:/home/ti5/ws_moveit2/install/srdfdom:/home/ti5/ws_moveit2/install/moveit_resources_fanuc_description:/home/ti5/ws_moveit2/install/moveit_common:/opt/ros/humble LD_LIBRARY_PATH=/home/ti5/ws_moveit2/install/moveit_kinematics/lib:/home/ti5/ws_moveit2/install/moveit_ros_planning/lib:/home/ti5/ws_moveit2/install/moveit_ros_occupancy_map_monitor/lib:/home/ti5/ws_moveit2/install/moveit_core/lib:/home/ti5/ws_moveit2/install/srdfdom/lib:${LD_LIBRARY_PATH} PATH=/home/ti5/ws_moveit2/install/moveit_core/bin:${PATH} PYTHONPATH=/home/ti5/ws_moveit2/install/srdfdom/local/lib/python3.10/dist-packages:${PYTHONPATH} /usr/bin/cmake --build /home/ti5/ws_moveit2/build/moveit_ros_move_group -- -j4 -l4
[0.899s] [ 10%] Built target list_move_group_capabilities
[0.972s] [ 26%] Built target moveit_move_group_capabilities_base
[1.327s] [ 36%] Built target move_group
[1.580s] [100%] Built target moveit_move_group_default_capabilities
[1.672s] Invoked command in '/home/ti5/ws_moveit2/build/moveit_ros_move_group' returned '0': AMENT_PREFIX_PATH=/home/ti5/ws_moveit2/install/moveit_kinematics:/home/ti5/ws_moveit2/install/moveit_ros_planning:/home/ti5/ws_moveit2/install/moveit_ros_occupancy_map_monitor:/home/ti5/ws_moveit2/install/moveit_core:/home/ti5/ws_moveit2/install/moveit_resources_fanuc_moveit_config:/home/ti5/ws_moveit2/install/srdfdom:/home/ti5/ws_moveit2/install/moveit_resources_fanuc_description:/home/ti5/ws_moveit2/install/moveit_common:${AMENT_PREFIX_PATH} CMAKE_PREFIX_PATH=/home/ti5/ws_moveit2/install/moveit_kinematics:/home/ti5/ws_moveit2/install/moveit_ros_planning:/home/ti5/ws_moveit2/install/moveit_ros_occupancy_map_monitor:/home/ti5/ws_moveit2/install/moveit_core:/home/ti5/ws_moveit2/install/moveit_resources_fanuc_moveit_config:/home/ti5/ws_moveit2/install/srdfdom:/home/ti5/ws_moveit2/install/moveit_resources_fanuc_description:/home/ti5/ws_moveit2/install/moveit_common:/opt/ros/humble LD_LIBRARY_PATH=/home/ti5/ws_moveit2/install/moveit_kinematics/lib:/home/ti5/ws_moveit2/install/moveit_ros_planning/lib:/home/ti5/ws_moveit2/install/moveit_ros_occupancy_map_monitor/lib:/home/ti5/ws_moveit2/install/moveit_core/lib:/home/ti5/ws_moveit2/install/srdfdom/lib:${LD_LIBRARY_PATH} PATH=/home/ti5/ws_moveit2/install/moveit_core/bin:${PATH} PYTHONPATH=/home/ti5/ws_moveit2/install/srdfdom/local/lib/python3.10/dist-packages:${PYTHONPATH} /usr/bin/cmake --build /home/ti5/ws_moveit2/build/moveit_ros_move_group -- -j4 -l4
[2.243s] Invoking command in '/home/ti5/ws_moveit2/build/moveit_ros_move_group': AMENT_PREFIX_PATH=/home/ti5/ws_moveit2/install/moveit_kinematics:/home/ti5/ws_moveit2/install/moveit_ros_planning:/home/ti5/ws_moveit2/install/moveit_ros_occupancy_map_monitor:/home/ti5/ws_moveit2/install/moveit_core:/home/ti5/ws_moveit2/install/moveit_resources_fanuc_moveit_config:/home/ti5/ws_moveit2/install/srdfdom:/home/ti5/ws_moveit2/install/moveit_resources_fanuc_description:/home/ti5/ws_moveit2/install/moveit_common:${AMENT_PREFIX_PATH} CMAKE_PREFIX_PATH=/home/ti5/ws_moveit2/install/moveit_kinematics:/home/ti5/ws_moveit2/install/moveit_ros_planning:/home/ti5/ws_moveit2/install/moveit_ros_occupancy_map_monitor:/home/ti5/ws_moveit2/install/moveit_core:/home/ti5/ws_moveit2/install/moveit_resources_fanuc_moveit_config:/home/ti5/ws_moveit2/install/srdfdom:/home/ti5/ws_moveit2/install/moveit_resources_fanuc_description:/home/ti5/ws_moveit2/install/moveit_common:/opt/ros/humble LD_LIBRARY_PATH=/home/ti5/ws_moveit2/install/moveit_kinematics/lib:/home/ti5/ws_moveit2/install/moveit_ros_planning/lib:/home/ti5/ws_moveit2/install/moveit_ros_occupancy_map_monitor/lib:/home/ti5/ws_moveit2/install/moveit_core/lib:/home/ti5/ws_moveit2/install/srdfdom/lib:${LD_LIBRARY_PATH} PATH=/home/ti5/ws_moveit2/install/moveit_core/bin:${PATH} PYTHONPATH=/home/ti5/ws_moveit2/install/srdfdom/local/lib/python3.10/dist-packages:${PYTHONPATH} /usr/bin/cmake --install /home/ti5/ws_moveit2/build/moveit_ros_move_group
[2.290s] -- Install configuration: "Release"
[2.301s] -- Up-to-date: /home/ti5/ws_moveit2/install/moveit_ros_move_group/lib/moveit_ros_move_group/move_group
[2.306s] -- Up-to-date: /home/ti5/ws_moveit2/install/moveit_ros_move_group/lib/moveit_ros_move_group/list_move_group_capabilities
[2.313s] -- Up-to-date: /home/ti5/ws_moveit2/install/moveit_ros_move_group/lib/libmoveit_move_group_default_capabilities.so.2.5.5
[2.322s] -- Up-to-date: /home/ti5/ws_moveit2/install/moveit_ros_move_group/lib/libmoveit_move_group_default_capabilities.so
[2.325s] -- Up-to-date: /home/ti5/ws_moveit2/install/moveit_ros_move_group/lib/libmoveit_move_group_capabilities_base.so.2.5.5
[2.326s] -- Up-to-date: /home/ti5/ws_moveit2/install/moveit_ros_move_group/lib/libmoveit_move_group_capabilities_base.so
[2.327s] -- Up-to-date: /home/ti5/ws_moveit2/install/moveit_ros_move_group/include
[2.328s] -- Up-to-date: /home/ti5/ws_moveit2/install/moveit_ros_move_group/include/moveit
[2.329s] -- Up-to-date: /home/ti5/ws_moveit2/install/moveit_ros_move_group/include/moveit/move_group
[2.330s] -- Up-to-date: /home/ti5/ws_moveit2/install/moveit_ros_move_group/include/moveit/move_group/node_name.h
[2.331s] -- Up-to-date: /home/ti5/ws_moveit2/install/moveit_ros_move_group/include/moveit/move_group/move_group_capability.h
[2.331s] -- Up-to-date: /home/ti5/ws_moveit2/install/moveit_ros_move_group/include/moveit/move_group/move_group_context.h
[2.332s] -- Up-to-date: /home/ti5/ws_moveit2/install/moveit_ros_move_group/include/moveit/move_group/capability_names.h
[2.332s] -- Up-to-date: /home/ti5/ws_moveit2/install/moveit_ros_move_group/share/moveit_ros_move_group/environment/library_path.sh
[2.333s] -- Up-to-date: /home/ti5/ws_moveit2/install/moveit_ros_move_group/share/moveit_ros_move_group/environment/library_path.dsv
[2.340s] -- Up-to-date: /home/ti5/ws_moveit2/install/moveit_ros_move_group/lib/moveit_ros_move_group/load_map
[2.341s] -- Up-to-date: /home/ti5/ws_moveit2/install/moveit_ros_move_group/lib/moveit_ros_move_group/save_map
[2.342s] -- Up-to-date: /home/ti5/ws_moveit2/install/moveit_ros_move_group/share/moveit_ros_move_group/default_capabilities_plugin_description.xml
[2.366s] -- Up-to-date: /home/ti5/ws_moveit2/install/moveit_ros_move_group/share/ament_index/resource_index/package_run_dependencies/moveit_ros_move_group
[2.367s] -- Up-to-date: /home/ti5/ws_moveit2/install/moveit_ros_move_group/share/ament_index/resource_index/parent_prefix_path/moveit_ros_move_group
[2.367s] -- Up-to-date: /home/ti5/ws_moveit2/install/moveit_ros_move_group/share/moveit_ros_move_group/environment/ament_prefix_path.sh
[2.368s] -- Up-to-date: /home/ti5/ws_moveit2/install/moveit_ros_move_group/share/moveit_ros_move_group/environment/ament_prefix_path.dsv
[2.368s] -- Up-to-date: /home/ti5/ws_moveit2/install/moveit_ros_move_group/share/moveit_ros_move_group/environment/path.sh
[2.369s] -- Up-to-date: /home/ti5/ws_moveit2/install/moveit_ros_move_group/share/moveit_ros_move_group/environment/path.dsv
[2.369s] -- Up-to-date: /home/ti5/ws_moveit2/install/moveit_ros_move_group/share/moveit_ros_move_group/local_setup.bash
[2.370s] -- Up-to-date: /home/ti5/ws_moveit2/install/moveit_ros_move_group/share/moveit_ros_move_group/local_setup.sh
[2.371s] -- Up-to-date: /home/ti5/ws_moveit2/install/moveit_ros_move_group/share/moveit_ros_move_group/local_setup.zsh
[2.371s] -- Up-to-date: /home/ti5/ws_moveit2/install/moveit_ros_move_group/share/moveit_ros_move_group/local_setup.dsv
[2.372s] -- Installing: /home/ti5/ws_moveit2/install/moveit_ros_move_group/share/moveit_ros_move_group/package.dsv
[2.372s] -- Up-to-date: /home/ti5/ws_moveit2/install/moveit_ros_move_group/share/ament_index/resource_index/packages/moveit_ros_move_group
[2.373s] -- Up-to-date: /home/ti5/ws_moveit2/install/moveit_ros_move_group/share/ament_index/resource_index/moveit_ros_move_group__pluginlib__plugin/moveit_ros_move_group
[2.374s] -- Up-to-date: /home/ti5/ws_moveit2/install/moveit_ros_move_group/share/moveit_ros_move_group/cmake/export_moveit_ros_move_groupExport.cmake
[2.375s] -- Up-to-date: /home/ti5/ws_moveit2/install/moveit_ros_move_group/share/moveit_ros_move_group/cmake/export_moveit_ros_move_groupExport-release.cmake
[2.376s] -- Up-to-date: /home/ti5/ws_moveit2/install/moveit_ros_move_group/share/moveit_ros_move_group/cmake/ConfigExtras.cmake
[2.377s] -- Up-to-date: /home/ti5/ws_moveit2/install/moveit_ros_move_group/share/moveit_ros_move_group/cmake/ament_cmake_export_targets-extras.cmake
[2.377s] -- Up-to-date: /home/ti5/ws_moveit2/install/moveit_ros_move_group/share/moveit_ros_move_group/cmake/ament_cmake_export_dependencies-extras.cmake
[2.378s] -- Up-to-date: /home/ti5/ws_moveit2/install/moveit_ros_move_group/share/moveit_ros_move_group/cmake/moveit_ros_move_groupConfig.cmake
[2.379s] -- Up-to-date: /home/ti5/ws_moveit2/install/moveit_ros_move_group/share/moveit_ros_move_group/cmake/moveit_ros_move_groupConfig-version.cmake
[2.380s] -- Up-to-date: /home/ti5/ws_moveit2/install/moveit_ros_move_group/share/moveit_ros_move_group/package.xml
[2.387s] Invoked command in '/home/ti5/ws_moveit2/build/moveit_ros_move_group' returned '0': AMENT_PREFIX_PATH=/home/ti5/ws_moveit2/install/moveit_kinematics:/home/ti5/ws_moveit2/install/moveit_ros_planning:/home/ti5/ws_moveit2/install/moveit_ros_occupancy_map_monitor:/home/ti5/ws_moveit2/install/moveit_core:/home/ti5/ws_moveit2/install/moveit_resources_fanuc_moveit_config:/home/ti5/ws_moveit2/install/srdfdom:/home/ti5/ws_moveit2/install/moveit_resources_fanuc_description:/home/ti5/ws_moveit2/install/moveit_common:${AMENT_PREFIX_PATH} CMAKE_PREFIX_PATH=/home/ti5/ws_moveit2/install/moveit_kinematics:/home/ti5/ws_moveit2/install/moveit_ros_planning:/home/ti5/ws_moveit2/install/moveit_ros_occupancy_map_monitor:/home/ti5/ws_moveit2/install/moveit_core:/home/ti5/ws_moveit2/install/moveit_resources_fanuc_moveit_config:/home/ti5/ws_moveit2/install/srdfdom:/home/ti5/ws_moveit2/install/moveit_resources_fanuc_description:/home/ti5/ws_moveit2/install/moveit_common:/opt/ros/humble LD_LIBRARY_PATH=/home/ti5/ws_moveit2/install/moveit_kinematics/lib:/home/ti5/ws_moveit2/install/moveit_ros_planning/lib:/home/ti5/ws_moveit2/install/moveit_ros_occupancy_map_monitor/lib:/home/ti5/ws_moveit2/install/moveit_core/lib:/home/ti5/ws_moveit2/install/srdfdom/lib:${LD_LIBRARY_PATH} PATH=/home/ti5/ws_moveit2/install/moveit_core/bin:${PATH} PYTHONPATH=/home/ti5/ws_moveit2/install/srdfdom/local/lib/python3.10/dist-packages:${PYTHONPATH} /usr/bin/cmake --install /home/ti5/ws_moveit2/build/moveit_ros_move_group
