[0.143s] Invoking command in '/home/ti5/ws_moveit2/build/ti5_urdf': CMAKE_PREFIX_PATH=${CMAKE_PREFIX_PATH}:/home/ti5/ws_moveit2/install/moveit_configs_utils:/home/ti5/ws_moveit2/install/launch_param_builder:/opt/ros/humble /usr/bin/cmake --build /home/ti5/ws_moveit2/build/ti5_urdf -- -j4 -l4
[0.662s] Invoked command in '/home/ti5/ws_moveit2/build/ti5_urdf' returned '0': CMAKE_PREFIX_PATH=${CMAKE_PREFIX_PATH}:/home/ti5/ws_moveit2/install/moveit_configs_utils:/home/ti5/ws_moveit2/install/launch_param_builder:/opt/ros/humble /usr/bin/cmake --build /home/ti5/ws_moveit2/build/ti5_urdf -- -j4 -l4
[1.222s] Invoking command in '/home/ti5/ws_moveit2/build/ti5_urdf': CMAKE_PREFIX_PATH=${CMAKE_PREFIX_PATH}:/home/ti5/ws_moveit2/install/moveit_configs_utils:/home/ti5/ws_moveit2/install/launch_param_builder:/opt/ros/humble /usr/bin/cmake --install /home/ti5/ws_moveit2/build/ti5_urdf
[1.383s] -- Install configuration: "Release"
[1.384s] -- Up-to-date: /home/ti5/ws_moveit2/install/ti5_urdf/share/ament_index/resource_index/package_run_dependencies/ti5_urdf
[1.384s] -- Up-to-date: /home/ti5/ws_moveit2/install/ti5_urdf/share/ament_index/resource_index/parent_prefix_path/ti5_urdf
[1.385s] -- Up-to-date: /home/ti5/ws_moveit2/install/ti5_urdf/share/ti5_urdf/environment/ament_prefix_path.sh
[1.386s] -- Up-to-date: /home/ti5/ws_moveit2/install/ti5_urdf/share/ti5_urdf/environment/ament_prefix_path.dsv
[1.387s] -- Up-to-date: /home/ti5/ws_moveit2/install/ti5_urdf/share/ti5_urdf/environment/path.sh
[1.387s] -- Up-to-date: /home/ti5/ws_moveit2/install/ti5_urdf/share/ti5_urdf/environment/path.dsv
[1.388s] -- Up-to-date: /home/ti5/ws_moveit2/install/ti5_urdf/share/ti5_urdf/local_setup.bash
[1.389s] -- Up-to-date: /home/ti5/ws_moveit2/install/ti5_urdf/share/ti5_urdf/local_setup.sh
[1.389s] -- Up-to-date: /home/ti5/ws_moveit2/install/ti5_urdf/share/ti5_urdf/local_setup.zsh
[1.390s] -- Up-to-date: /home/ti5/ws_moveit2/install/ti5_urdf/share/ti5_urdf/local_setup.dsv
[1.390s] -- Installing: /home/ti5/ws_moveit2/install/ti5_urdf/share/ti5_urdf/package.dsv
[1.391s] -- Up-to-date: /home/ti5/ws_moveit2/install/ti5_urdf/share/ament_index/resource_index/packages/ti5_urdf
[1.391s] -- Up-to-date: /home/ti5/ws_moveit2/install/ti5_urdf/share/ti5_urdf/cmake/ti5_urdfConfig.cmake
[1.392s] -- Up-to-date: /home/ti5/ws_moveit2/install/ti5_urdf/share/ti5_urdf/cmake/ti5_urdfConfig-version.cmake
[1.392s] -- Up-to-date: /home/ti5/ws_moveit2/install/ti5_urdf/share/ti5_urdf/package.xml
[1.412s] Invoked command in '/home/ti5/ws_moveit2/build/ti5_urdf' returned '0': CMAKE_PREFIX_PATH=${CMAKE_PREFIX_PATH}:/home/ti5/ws_moveit2/install/moveit_configs_utils:/home/ti5/ws_moveit2/install/launch_param_builder:/opt/ros/humble /usr/bin/cmake --install /home/ti5/ws_moveit2/build/ti5_urdf
