[0.167s] Invoking command in '/home/ti5/ws_moveit2/build/moveit_resources_pr2_description': CMAKE_PREFIX_PATH=${CMAKE_PREFIX_PATH}:/home/ti5/ws_moveit2/install/moveit_configs_utils:/home/ti5/ws_moveit2/install/launch_param_builder:/opt/ros/humble /usr/bin/cmake --build /home/ti5/ws_moveit2/build/moveit_resources_pr2_description -- -j4 -l4
[0.742s] Invoked command in '/home/ti5/ws_moveit2/build/moveit_resources_pr2_description' returned '0': CMAKE_PREFIX_PATH=${CMAKE_PREFIX_PATH}:/home/ti5/ws_moveit2/install/moveit_configs_utils:/home/ti5/ws_moveit2/install/launch_param_builder:/opt/ros/humble /usr/bin/cmake --build /home/ti5/ws_moveit2/build/moveit_resources_pr2_description -- -j4 -l4
[1.107s] Invoking command in '/home/ti5/ws_moveit2/build/moveit_resources_pr2_description': CMAKE_PREFIX_PATH=${CMAKE_PREFIX_PATH}:/home/ti5/ws_moveit2/install/moveit_configs_utils:/home/ti5/ws_moveit2/install/launch_param_builder:/opt/ros/humble /usr/bin/cmake --install /home/ti5/ws_moveit2/build/moveit_resources_pr2_description
[1.183s] -- Install configuration: "Release"
[1.184s] -- Up-to-date: /home/ti5/ws_moveit2/install/moveit_resources_pr2_description/share/ament_index/resource_index/package_run_dependencies/moveit_resources_pr2_description
[1.185s] -- Up-to-date: /home/ti5/ws_moveit2/install/moveit_resources_pr2_description/share/ament_index/resource_index/parent_prefix_path/moveit_resources_pr2_description
[1.186s] -- Up-to-date: /home/ti5/ws_moveit2/install/moveit_resources_pr2_description/share/moveit_resources_pr2_description/environment/ament_prefix_path.sh
[1.187s] -- Up-to-date: /home/ti5/ws_moveit2/install/moveit_resources_pr2_description/share/moveit_resources_pr2_description/environment/ament_prefix_path.dsv
[1.188s] -- Up-to-date: /home/ti5/ws_moveit2/install/moveit_resources_pr2_description/share/moveit_resources_pr2_description/environment/path.sh
[1.189s] -- Up-to-date: /home/ti5/ws_moveit2/install/moveit_resources_pr2_description/share/moveit_resources_pr2_description/environment/path.dsv
[1.190s] -- Up-to-date: /home/ti5/ws_moveit2/install/moveit_resources_pr2_description/share/moveit_resources_pr2_description/local_setup.bash
[1.190s] -- Up-to-date: /home/ti5/ws_moveit2/install/moveit_resources_pr2_description/share/moveit_resources_pr2_description/local_setup.sh
[1.191s] -- Up-to-date: /home/ti5/ws_moveit2/install/moveit_resources_pr2_description/share/moveit_resources_pr2_description/local_setup.zsh
[1.191s] -- Up-to-date: /home/ti5/ws_moveit2/install/moveit_resources_pr2_description/share/moveit_resources_pr2_description/local_setup.dsv
[1.192s] -- Installing: /home/ti5/ws_moveit2/install/moveit_resources_pr2_description/share/moveit_resources_pr2_description/package.dsv
[1.195s] -- Up-to-date: /home/ti5/ws_moveit2/install/moveit_resources_pr2_description/share/ament_index/resource_index/packages/moveit_resources_pr2_description
[1.197s] -- Up-to-date: /home/ti5/ws_moveit2/install/moveit_resources_pr2_description/share/moveit_resources_pr2_description/cmake/moveit_resources_pr2_descriptionConfig.cmake
[1.197s] -- Up-to-date: /home/ti5/ws_moveit2/install/moveit_resources_pr2_description/share/moveit_resources_pr2_description/cmake/moveit_resources_pr2_descriptionConfig-version.cmake
[1.198s] -- Up-to-date: /home/ti5/ws_moveit2/install/moveit_resources_pr2_description/share/moveit_resources_pr2_description/package.xml
[1.198s] -- Up-to-date: /home/ti5/ws_moveit2/install/moveit_resources_pr2_description/share/moveit_resources_pr2_description/srdf
[1.199s] -- Up-to-date: /home/ti5/ws_moveit2/install/moveit_resources_pr2_description/share/moveit_resources_pr2_description/srdf/robot.xml
[1.200s] -- Up-to-date: /home/ti5/ws_moveit2/install/moveit_resources_pr2_description/share/moveit_resources_pr2_description/urdf
[1.202s] -- Up-to-date: /home/ti5/ws_moveit2/install/moveit_resources_pr2_description/share/moveit_resources_pr2_description/urdf/materials
[1.203s] -- Up-to-date: /home/ti5/ws_moveit2/install/moveit_resources_pr2_description/share/moveit_resources_pr2_description/urdf/materials/textures
[1.204s] -- Up-to-date: /home/ti5/ws_moveit2/install/moveit_resources_pr2_description/share/moveit_resources_pr2_description/urdf/materials/textures/pr2_caster_texture.png
[1.206s] -- Up-to-date: /home/ti5/ws_moveit2/install/moveit_resources_pr2_description/share/moveit_resources_pr2_description/urdf/materials/textures/pr2_wheel_right.png
[1.207s] -- Up-to-date: /home/ti5/ws_moveit2/install/moveit_resources_pr2_description/share/moveit_resources_pr2_description/urdf/materials/textures/pr2_wheel_left.png
[1.208s] -- Up-to-date: /home/ti5/ws_moveit2/install/moveit_resources_pr2_description/share/moveit_resources_pr2_description/urdf/robot.xml
[1.210s] -- Up-to-date: /home/ti5/ws_moveit2/install/moveit_resources_pr2_description/share/moveit_resources_pr2_description/urdf/meshes
[1.210s] -- Up-to-date: /home/ti5/ws_moveit2/install/moveit_resources_pr2_description/share/moveit_resources_pr2_description/urdf/meshes/tilting_laser_v0
[1.221s] -- Up-to-date: /home/ti5/ws_moveit2/install/moveit_resources_pr2_description/share/moveit_resources_pr2_description/urdf/meshes/tilting_laser_v0/tilting_hokuyo.stl
[1.222s] -- Up-to-date: /home/ti5/ws_moveit2/install/moveit_resources_pr2_description/share/moveit_resources_pr2_description/urdf/meshes/tilting_laser_v0/tilting_hokuyo_color.tif
[1.225s] -- Up-to-date: /home/ti5/ws_moveit2/install/moveit_resources_pr2_description/share/moveit_resources_pr2_description/urdf/meshes/tilting_laser_v0/convex
[1.226s] -- Up-to-date: /home/ti5/ws_moveit2/install/moveit_resources_pr2_description/share/moveit_resources_pr2_description/urdf/meshes/tilting_laser_v0/convex/tilting_hokuyo_L_convex.stlb
[1.227s] -- Up-to-date: /home/ti5/ws_moveit2/install/moveit_resources_pr2_description/share/moveit_resources_pr2_description/urdf/meshes/tilting_laser_v0/convex/tilting_hokuyo_L.xml
[1.229s] -- Up-to-date: /home/ti5/ws_moveit2/install/moveit_resources_pr2_description/share/moveit_resources_pr2_description/urdf/meshes/tilting_laser_v0/convex/tilting_hokuyo.dae
[1.230s] -- Up-to-date: /home/ti5/ws_moveit2/install/moveit_resources_pr2_description/share/moveit_resources_pr2_description/urdf/meshes/tilting_laser_v0/convex/tilting_hokuyo_L.dae
[1.233s] -- Up-to-date: /home/ti5/ws_moveit2/install/moveit_resources_pr2_description/share/moveit_resources_pr2_description/urdf/meshes/tilting_laser_v0/convex/hok_tilt_convex.stlb
[1.233s] -- Up-to-date: /home/ti5/ws_moveit2/install/moveit_resources_pr2_description/share/moveit_resources_pr2_description/urdf/meshes/tilting_laser_v0/convex/tilting_hokuyo_L_convex.stla
[1.234s] -- Up-to-date: /home/ti5/ws_moveit2/install/moveit_resources_pr2_description/share/moveit_resources_pr2_description/urdf/meshes/tilting_laser_v0/convex/hok_tilt.xml
[1.234s] -- Up-to-date: /home/ti5/ws_moveit2/install/moveit_resources_pr2_description/share/moveit_resources_pr2_description/urdf/meshes/tilting_laser_v0/convex/hok_tilt.dae
[1.235s] -- Up-to-date: /home/ti5/ws_moveit2/install/moveit_resources_pr2_description/share/moveit_resources_pr2_description/urdf/meshes/tilting_laser_v0/convex/hok_tilt_convex.stla
[1.235s] -- Up-to-date: /home/ti5/ws_moveit2/install/moveit_resources_pr2_description/share/moveit_resources_pr2_description/urdf/meshes/tilting_laser_v0/convex/tilting_hokuyo_convex.stlb
[1.236s] -- Up-to-date: /home/ti5/ws_moveit2/install/moveit_resources_pr2_description/share/moveit_resources_pr2_description/urdf/meshes/tilting_laser_v0/convex/tilting_hokuyo.xml
[1.236s] -- Up-to-date: /home/ti5/ws_moveit2/install/moveit_resources_pr2_description/share/moveit_resources_pr2_description/urdf/meshes/tilting_laser_v0/convex/tilting_hokuyo_convex.stla
[1.237s] -- Up-to-date: /home/ti5/ws_moveit2/install/moveit_resources_pr2_description/share/moveit_resources_pr2_description/urdf/meshes/tilting_laser_v0/tilting_hokuyo.dae
[1.237s] -- Up-to-date: /home/ti5/ws_moveit2/install/moveit_resources_pr2_description/share/moveit_resources_pr2_description/urdf/meshes/tilting_laser_v0/tilting_hokuyo_L.stl
[1.238s] -- Up-to-date: /home/ti5/ws_moveit2/install/moveit_resources_pr2_description/share/moveit_resources_pr2_description/urdf/meshes/tilting_laser_v0/tilting_hokuyo_normals.tif
[1.238s] -- Up-to-date: /home/ti5/ws_moveit2/install/moveit_resources_pr2_description/share/moveit_resources_pr2_description/urdf/meshes/tilting_laser_v0/hok_tilt.stl
[1.239s] -- Up-to-date: /home/ti5/ws_moveit2/install/moveit_resources_pr2_description/share/moveit_resources_pr2_description/urdf/meshes/upper_arm_v0
[1.239s] -- Up-to-date: /home/ti5/ws_moveit2/install/moveit_resources_pr2_description/share/moveit_resources_pr2_description/urdf/meshes/upper_arm_v0/forearm_roll.stl
[1.240s] -- Up-to-date: /home/ti5/ws_moveit2/install/moveit_resources_pr2_description/share/moveit_resources_pr2_description/urdf/meshes/upper_arm_v0/upper_arm.stl
[1.240s] -- Up-to-date: /home/ti5/ws_moveit2/install/moveit_resources_pr2_description/share/moveit_resources_pr2_description/urdf/meshes/upper_arm_v0/convex
[1.241s] -- Up-to-date: /home/ti5/ws_moveit2/install/moveit_resources_pr2_description/share/moveit_resources_pr2_description/urdf/meshes/upper_arm_v0/convex/forearm_roll_convex.stla
[1.241s] -- Up-to-date: /home/ti5/ws_moveit2/install/moveit_resources_pr2_description/share/moveit_resources_pr2_description/urdf/meshes/upper_arm_v0/convex/forearm_roll_L.dae
[1.242s] -- Up-to-date: /home/ti5/ws_moveit2/install/moveit_resources_pr2_description/share/moveit_resources_pr2_description/urdf/meshes/upper_arm_v0/convex/forearm_roll_L_convex.stlb
[1.242s] -- Up-to-date: /home/ti5/ws_moveit2/install/moveit_resources_pr2_description/share/moveit_resources_pr2_description/urdf/meshes/upper_arm_v0/convex/forearm_roll_convex.stlb
[1.243s] -- Up-to-date: /home/ti5/ws_moveit2/install/moveit_resources_pr2_description/share/moveit_resources_pr2_description/urdf/meshes/upper_arm_v0/convex/elbow_flex_convex.stlb
[1.243s] -- Up-to-date: /home/ti5/ws_moveit2/install/moveit_resources_pr2_description/share/moveit_resources_pr2_description/urdf/meshes/upper_arm_v0/convex/forearm_roll_L_convex.stla
[1.244s] -- Up-to-date: /home/ti5/ws_moveit2/install/moveit_resources_pr2_description/share/moveit_resources_pr2_description/urdf/meshes/upper_arm_v0/convex/forearm_roll_L.xml
[1.244s] -- Up-to-date: /home/ti5/ws_moveit2/install/moveit_resources_pr2_description/share/moveit_resources_pr2_description/urdf/meshes/upper_arm_v0/convex/forearm_roll.xml
[1.245s] -- Up-to-date: /home/ti5/ws_moveit2/install/moveit_resources_pr2_description/share/moveit_resources_pr2_description/urdf/meshes/upper_arm_v0/convex/forearm_roll.dae
[1.261s] -- Up-to-date: /home/ti5/ws_moveit2/install/moveit_resources_pr2_description/share/moveit_resources_pr2_description/urdf/meshes/upper_arm_v0/convex/elbow_flex.xml
[1.261s] -- Up-to-date: /home/ti5/ws_moveit2/install/moveit_resources_pr2_description/share/moveit_resources_pr2_description/urdf/meshes/upper_arm_v0/convex/upper_arm_convex.stla
[1.262s] -- Up-to-date: /home/ti5/ws_moveit2/install/moveit_resources_pr2_description/share/moveit_resources_pr2_description/urdf/meshes/upper_arm_v0/convex/elbow_flex_convex.stla
[1.262s] -- Up-to-date: /home/ti5/ws_moveit2/install/moveit_resources_pr2_description/share/moveit_resources_pr2_description/urdf/meshes/upper_arm_v0/convex/upper_arm.xml
[1.263s] -- Up-to-date: /home/ti5/ws_moveit2/install/moveit_resources_pr2_description/share/moveit_resources_pr2_description/urdf/meshes/upper_arm_v0/convex/upper_arm.dae
[1.263s] -- Up-to-date: /home/ti5/ws_moveit2/install/moveit_resources_pr2_description/share/moveit_resources_pr2_description/urdf/meshes/upper_arm_v0/convex/elbow_flex.dae
[1.264s] -- Up-to-date: /home/ti5/ws_moveit2/install/moveit_resources_pr2_description/share/moveit_resources_pr2_description/urdf/meshes/upper_arm_v0/convex/upper_arm_convex.stlb
[1.264s] -- Up-to-date: /home/ti5/ws_moveit2/install/moveit_resources_pr2_description/share/moveit_resources_pr2_description/urdf/meshes/upper_arm_v0/elbow_flex.stl
[1.269s] -- Up-to-date: /home/ti5/ws_moveit2/install/moveit_resources_pr2_description/share/moveit_resources_pr2_description/urdf/meshes/upper_arm_v0/elbow_flex_color.tif
[1.274s] -- Up-to-date: /home/ti5/ws_moveit2/install/moveit_resources_pr2_description/share/moveit_resources_pr2_description/urdf/meshes/upper_arm_v0/upper_arm_normals.tif
[1.276s] -- Up-to-date: /home/ti5/ws_moveit2/install/moveit_resources_pr2_description/share/moveit_resources_pr2_description/urdf/meshes/upper_arm_v0/elbow_flex_normals.tif
[1.277s] -- Up-to-date: /home/ti5/ws_moveit2/install/moveit_resources_pr2_description/share/moveit_resources_pr2_description/urdf/meshes/upper_arm_v0/forearm_roll_L.stl
[1.277s] -- Up-to-date: /home/ti5/ws_moveit2/install/moveit_resources_pr2_description/share/moveit_resources_pr2_description/urdf/meshes/upper_arm_v0/upper_arm.jpg
[1.278s] -- Up-to-date: /home/ti5/ws_moveit2/install/moveit_resources_pr2_description/share/moveit_resources_pr2_description/urdf/meshes/upper_arm_v0/upper_arm.dae
[1.278s] -- Up-to-date: /home/ti5/ws_moveit2/install/moveit_resources_pr2_description/share/moveit_resources_pr2_description/urdf/meshes/upper_arm_v0/upper_arm_color.tif
[1.279s] -- Up-to-date: /home/ti5/ws_moveit2/install/moveit_resources_pr2_description/share/moveit_resources_pr2_description/urdf/meshes/upper_arm_v0/elbow_flex.dae
[1.279s] -- Up-to-date: /home/ti5/ws_moveit2/install/moveit_resources_pr2_description/share/moveit_resources_pr2_description/urdf/meshes/sensors
[1.279s] -- Up-to-date: /home/ti5/ws_moveit2/install/moveit_resources_pr2_description/share/moveit_resources_pr2_description/urdf/meshes/sensors/kinect_v0
[1.280s] -- Up-to-date: /home/ti5/ws_moveit2/install/moveit_resources_pr2_description/share/moveit_resources_pr2_description/urdf/meshes/sensors/kinect_v0/kinect_mount.stl
[1.281s] -- Up-to-date: /home/ti5/ws_moveit2/install/moveit_resources_pr2_description/share/moveit_resources_pr2_description/urdf/meshes/sensors/kinect_v0/kinect.dae
[1.281s] -- Up-to-date: /home/ti5/ws_moveit2/install/moveit_resources_pr2_description/share/moveit_resources_pr2_description/urdf/meshes/sensors/kinect_v0/kinect.tga
[1.282s] -- Up-to-date: /home/ti5/ws_moveit2/install/moveit_resources_pr2_description/share/moveit_resources_pr2_description/urdf/meshes/sensors/kinect_v0/kinect_color.tga
[1.282s] -- Up-to-date: /home/ti5/ws_moveit2/install/moveit_resources_pr2_description/share/moveit_resources_pr2_description/urdf/meshes/sensors/kinect_prosilica_v0
[1.282s] -- Up-to-date: /home/ti5/ws_moveit2/install/moveit_resources_pr2_description/share/moveit_resources_pr2_description/urdf/meshes/sensors/kinect_prosilica_v0/115x100_swept_fwd_no_sensors--coarse.STL
[1.283s] -- Up-to-date: /home/ti5/ws_moveit2/install/moveit_resources_pr2_description/share/moveit_resources_pr2_description/urdf/meshes/sensors/kinect_prosilica_v0/68-04546_Kinect_Sensor--coarse.STL
[1.283s] -- Up-to-date: /home/ti5/ws_moveit2/install/moveit_resources_pr2_description/share/moveit_resources_pr2_description/urdf/meshes/sensors/kinect_prosilica_v0/115x100_swept_back_no_sensors--coarse.STL
[1.284s] -- Up-to-date: /home/ti5/ws_moveit2/install/moveit_resources_pr2_description/share/moveit_resources_pr2_description/urdf/meshes/sensors/kinect_prosilica_v0/115x100_swept_fwd--coarse.STL
[1.289s] -- Up-to-date: /home/ti5/ws_moveit2/install/moveit_resources_pr2_description/share/moveit_resources_pr2_description/urdf/meshes/sensors/kinect_prosilica_v0/115x100_swept_back--coarse.STL
[1.293s] -- Up-to-date: /home/ti5/ws_moveit2/install/moveit_resources_pr2_description/share/moveit_resources_pr2_description/urdf/meshes/sensors/kinect_prosilica_v0/Prosilica_w_Lens--coarse.STL
[1.296s] -- Up-to-date: /home/ti5/ws_moveit2/install/moveit_resources_pr2_description/share/moveit_resources_pr2_description/urdf/meshes/forearm_v0
[1.297s] -- Up-to-date: /home/ti5/ws_moveit2/install/moveit_resources_pr2_description/share/moveit_resources_pr2_description/urdf/meshes/forearm_v0/wrist_roll_L.stl
[1.299s] -- Up-to-date: /home/ti5/ws_moveit2/install/moveit_resources_pr2_description/share/moveit_resources_pr2_description/urdf/meshes/forearm_v0/forearm_color.tif
[1.300s] -- Up-to-date: /home/ti5/ws_moveit2/install/moveit_resources_pr2_description/share/moveit_resources_pr2_description/urdf/meshes/forearm_v0/forearm_normals.tif
[1.300s] -- Up-to-date: /home/ti5/ws_moveit2/install/moveit_resources_pr2_description/share/moveit_resources_pr2_description/urdf/meshes/forearm_v0/wrist_color.tif
[1.301s] -- Up-to-date: /home/ti5/ws_moveit2/install/moveit_resources_pr2_description/share/moveit_resources_pr2_description/urdf/meshes/forearm_v0/wrist_flex.dae
[1.302s] -- Up-to-date: /home/ti5/ws_moveit2/install/moveit_resources_pr2_description/share/moveit_resources_pr2_description/urdf/meshes/forearm_v0/convex
[1.302s] -- Up-to-date: /home/ti5/ws_moveit2/install/moveit_resources_pr2_description/share/moveit_resources_pr2_description/urdf/meshes/forearm_v0/convex/wrist_flex.dae
[1.303s] -- Up-to-date: /home/ti5/ws_moveit2/install/moveit_resources_pr2_description/share/moveit_resources_pr2_description/urdf/meshes/forearm_v0/convex/wrist_flex_convex.stlb
[1.303s] -- Up-to-date: /home/ti5/ws_moveit2/install/moveit_resources_pr2_description/share/moveit_resources_pr2_description/urdf/meshes/forearm_v0/convex/wrist_roll_L.xml
[1.304s] -- Up-to-date: /home/ti5/ws_moveit2/install/moveit_resources_pr2_description/share/moveit_resources_pr2_description/urdf/meshes/forearm_v0/convex/wrist_flex.xml
[1.304s] -- Up-to-date: /home/ti5/ws_moveit2/install/moveit_resources_pr2_description/share/moveit_resources_pr2_description/urdf/meshes/forearm_v0/convex/forearm_convex.stlb
[1.305s] -- Up-to-date: /home/ti5/ws_moveit2/install/moveit_resources_pr2_description/share/moveit_resources_pr2_description/urdf/meshes/forearm_v0/convex/forearm.dae
[1.305s] -- Up-to-date: /home/ti5/ws_moveit2/install/moveit_resources_pr2_description/share/moveit_resources_pr2_description/urdf/meshes/forearm_v0/convex/wrist_roll_L_convex.stlb
[1.306s] -- Up-to-date: /home/ti5/ws_moveit2/install/moveit_resources_pr2_description/share/moveit_resources_pr2_description/urdf/meshes/forearm_v0/convex/wrist_roll_convex.stla
[1.306s] -- Up-to-date: /home/ti5/ws_moveit2/install/moveit_resources_pr2_description/share/moveit_resources_pr2_description/urdf/meshes/forearm_v0/convex/forearm.xml
[1.307s] -- Up-to-date: /home/ti5/ws_moveit2/install/moveit_resources_pr2_description/share/moveit_resources_pr2_description/urdf/meshes/forearm_v0/convex/forearm_convex.stla
[1.307s] -- Up-to-date: /home/ti5/ws_moveit2/install/moveit_resources_pr2_description/share/moveit_resources_pr2_description/urdf/meshes/forearm_v0/convex/wrist_roll.dae
[1.308s] -- Up-to-date: /home/ti5/ws_moveit2/install/moveit_resources_pr2_description/share/moveit_resources_pr2_description/urdf/meshes/forearm_v0/convex/wrist_roll_convex.stlb
[1.308s] -- Up-to-date: /home/ti5/ws_moveit2/install/moveit_resources_pr2_description/share/moveit_resources_pr2_description/urdf/meshes/forearm_v0/convex/wrist_roll_L_convex.stla
[1.308s] -- Up-to-date: /home/ti5/ws_moveit2/install/moveit_resources_pr2_description/share/moveit_resources_pr2_description/urdf/meshes/forearm_v0/convex/wrist_flex_convex.stla
[1.309s] -- Up-to-date: /home/ti5/ws_moveit2/install/moveit_resources_pr2_description/share/moveit_resources_pr2_description/urdf/meshes/forearm_v0/convex/wrist_roll_L.dae
[1.309s] -- Up-to-date: /home/ti5/ws_moveit2/install/moveit_resources_pr2_description/share/moveit_resources_pr2_description/urdf/meshes/forearm_v0/convex/wrist_roll.xml
[1.310s] -- Up-to-date: /home/ti5/ws_moveit2/install/moveit_resources_pr2_description/share/moveit_resources_pr2_description/urdf/meshes/forearm_v0/wrist_roll.stl
[1.310s] -- Up-to-date: /home/ti5/ws_moveit2/install/moveit_resources_pr2_description/share/moveit_resources_pr2_description/urdf/meshes/forearm_v0/forearm.dae
[1.311s] -- Up-to-date: /home/ti5/ws_moveit2/install/moveit_resources_pr2_description/share/moveit_resources_pr2_description/urdf/meshes/forearm_v0/forearm.jpg
[1.313s] -- Up-to-date: /home/ti5/ws_moveit2/install/moveit_resources_pr2_description/share/moveit_resources_pr2_description/urdf/meshes/forearm_v0/forearm.stl
[1.317s] -- Up-to-date: /home/ti5/ws_moveit2/install/moveit_resources_pr2_description/share/moveit_resources_pr2_description/urdf/meshes/forearm_v0/wrist_normals.tif
[1.319s] -- Up-to-date: /home/ti5/ws_moveit2/install/moveit_resources_pr2_description/share/moveit_resources_pr2_description/urdf/meshes/forearm_v0/wrist_flex.stl
[1.320s] -- Up-to-date: /home/ti5/ws_moveit2/install/moveit_resources_pr2_description/share/moveit_resources_pr2_description/urdf/meshes/head_v0
[1.320s] -- Up-to-date: /home/ti5/ws_moveit2/install/moveit_resources_pr2_description/share/moveit_resources_pr2_description/urdf/meshes/head_v0/head_pan_normals.tif
[1.321s] -- Up-to-date: /home/ti5/ws_moveit2/install/moveit_resources_pr2_description/share/moveit_resources_pr2_description/urdf/meshes/head_v0/head_pan.dae
[1.321s] -- Up-to-date: /home/ti5/ws_moveit2/install/moveit_resources_pr2_description/share/moveit_resources_pr2_description/urdf/meshes/head_v0/head_tilt_color_red.tif
[1.322s] -- Up-to-date: /home/ti5/ws_moveit2/install/moveit_resources_pr2_description/share/moveit_resources_pr2_description/urdf/meshes/head_v0/convex
[1.323s] -- Up-to-date: /home/ti5/ws_moveit2/install/moveit_resources_pr2_description/share/moveit_resources_pr2_description/urdf/meshes/head_v0/convex/head_tilt_L.xml
[1.323s] -- Up-to-date: /home/ti5/ws_moveit2/install/moveit_resources_pr2_description/share/moveit_resources_pr2_description/urdf/meshes/head_v0/convex/head_pan.dae
[1.324s] -- Up-to-date: /home/ti5/ws_moveit2/install/moveit_resources_pr2_description/share/moveit_resources_pr2_description/urdf/meshes/head_v0/convex/head_tilt_L.dae
[1.324s] -- Up-to-date: /home/ti5/ws_moveit2/install/moveit_resources_pr2_description/share/moveit_resources_pr2_description/urdf/meshes/head_v0/convex/head_pan.xml
[1.325s] -- Up-to-date: /home/ti5/ws_moveit2/install/moveit_resources_pr2_description/share/moveit_resources_pr2_description/urdf/meshes/head_v0/convex/head_tilt_L_convex.stlb
[1.326s] -- Up-to-date: /home/ti5/ws_moveit2/install/moveit_resources_pr2_description/share/moveit_resources_pr2_description/urdf/meshes/head_v0/convex/head_pan_L_convex.stla
[1.326s] -- Up-to-date: /home/ti5/ws_moveit2/install/moveit_resources_pr2_description/share/moveit_resources_pr2_description/urdf/meshes/head_v0/convex/head_tilt.dae
[1.327s] -- Up-to-date: /home/ti5/ws_moveit2/install/moveit_resources_pr2_description/share/moveit_resources_pr2_description/urdf/meshes/head_v0/convex/head_tilt_convex.stlb
[1.328s] -- Up-to-date: /home/ti5/ws_moveit2/install/moveit_resources_pr2_description/share/moveit_resources_pr2_description/urdf/meshes/head_v0/convex/head_pan_convex.stlb
[1.328s] -- Up-to-date: /home/ti5/ws_moveit2/install/moveit_resources_pr2_description/share/moveit_resources_pr2_description/urdf/meshes/head_v0/convex/head_tilt_L_convex.stla
[1.329s] -- Up-to-date: /home/ti5/ws_moveit2/install/moveit_resources_pr2_description/share/moveit_resources_pr2_description/urdf/meshes/head_v0/convex/head_tilt_convex.stla
[1.330s] -- Up-to-date: /home/ti5/ws_moveit2/install/moveit_resources_pr2_description/share/moveit_resources_pr2_description/urdf/meshes/head_v0/convex/head_pan_convex.stla
[1.330s] -- Up-to-date: /home/ti5/ws_moveit2/install/moveit_resources_pr2_description/share/moveit_resources_pr2_description/urdf/meshes/head_v0/convex/head_tilt.xml
[1.331s] -- Up-to-date: /home/ti5/ws_moveit2/install/moveit_resources_pr2_description/share/moveit_resources_pr2_description/urdf/meshes/head_v0/convex/head_pan_L.dae
[1.331s] -- Up-to-date: /home/ti5/ws_moveit2/install/moveit_resources_pr2_description/share/moveit_resources_pr2_description/urdf/meshes/head_v0/convex/head_pan_L.xml
[1.332s] -- Up-to-date: /home/ti5/ws_moveit2/install/moveit_resources_pr2_description/share/moveit_resources_pr2_description/urdf/meshes/head_v0/convex/head_pan_L_convex.stlb
[1.332s] -- Up-to-date: /home/ti5/ws_moveit2/install/moveit_resources_pr2_description/share/moveit_resources_pr2_description/urdf/meshes/head_v0/head_tilt.dae
[1.332s] -- Up-to-date: /home/ti5/ws_moveit2/install/moveit_resources_pr2_description/share/moveit_resources_pr2_description/urdf/meshes/head_v0/head_pan_color.tif
[1.333s] -- Up-to-date: /home/ti5/ws_moveit2/install/moveit_resources_pr2_description/share/moveit_resources_pr2_description/urdf/meshes/head_v0/head_tilt.stl
[1.334s] -- Up-to-date: /home/ti5/ws_moveit2/install/moveit_resources_pr2_description/share/moveit_resources_pr2_description/urdf/meshes/head_v0/head_tilt_L.stl
[1.334s] -- Up-to-date: /home/ti5/ws_moveit2/install/moveit_resources_pr2_description/share/moveit_resources_pr2_description/urdf/meshes/head_v0/head_tilt_green.tif
[1.335s] -- Up-to-date: /home/ti5/ws_moveit2/install/moveit_resources_pr2_description/share/moveit_resources_pr2_description/urdf/meshes/head_v0/head_pan.stl
[1.335s] -- Up-to-date: /home/ti5/ws_moveit2/install/moveit_resources_pr2_description/share/moveit_resources_pr2_description/urdf/meshes/head_v0/head_tilt_normals.tif
[1.335s] -- Up-to-date: /home/ti5/ws_moveit2/install/moveit_resources_pr2_description/share/moveit_resources_pr2_description/urdf/meshes/head_v0/head_pan_L.stl
[1.336s] -- Up-to-date: /home/ti5/ws_moveit2/install/moveit_resources_pr2_description/share/moveit_resources_pr2_description/urdf/meshes/head_v0/head_tilt_color_yellow.tif
[1.336s] -- Up-to-date: /home/ti5/ws_moveit2/install/moveit_resources_pr2_description/share/moveit_resources_pr2_description/urdf/meshes/head_v0/head_tilt_color.tif
[1.337s] -- Up-to-date: /home/ti5/ws_moveit2/install/moveit_resources_pr2_description/share/moveit_resources_pr2_description/urdf/meshes/torso_v0
[1.337s] -- Up-to-date: /home/ti5/ws_moveit2/install/moveit_resources_pr2_description/share/moveit_resources_pr2_description/urdf/meshes/torso_v0/torso_lift.stl
[1.338s] -- Up-to-date: /home/ti5/ws_moveit2/install/moveit_resources_pr2_description/share/moveit_resources_pr2_description/urdf/meshes/torso_v0/convex
[1.338s] -- Up-to-date: /home/ti5/ws_moveit2/install/moveit_resources_pr2_description/share/moveit_resources_pr2_description/urdf/meshes/torso_v0/convex/torso_lift_L_convex.stlb
[1.339s] -- Up-to-date: /home/ti5/ws_moveit2/install/moveit_resources_pr2_description/share/moveit_resources_pr2_description/urdf/meshes/torso_v0/convex/torso.xml
[1.339s] -- Up-to-date: /home/ti5/ws_moveit2/install/moveit_resources_pr2_description/share/moveit_resources_pr2_description/urdf/meshes/torso_v0/convex/torso_lift_convex.stla
[1.340s] -- Up-to-date: /home/ti5/ws_moveit2/install/moveit_resources_pr2_description/share/moveit_resources_pr2_description/urdf/meshes/torso_v0/convex/torso_lift.xml
[1.340s] -- Up-to-date: /home/ti5/ws_moveit2/install/moveit_resources_pr2_description/share/moveit_resources_pr2_description/urdf/meshes/torso_v0/convex/torso_convex.stla
[1.341s] -- Up-to-date: /home/ti5/ws_moveit2/install/moveit_resources_pr2_description/share/moveit_resources_pr2_description/urdf/meshes/torso_v0/convex/torso_lift_L.xml
[1.341s] -- Up-to-date: /home/ti5/ws_moveit2/install/moveit_resources_pr2_description/share/moveit_resources_pr2_description/urdf/meshes/torso_v0/convex/torso.dae
[1.342s] -- Up-to-date: /home/ti5/ws_moveit2/install/moveit_resources_pr2_description/share/moveit_resources_pr2_description/urdf/meshes/torso_v0/convex/torso_convex.stlb
[1.343s] -- Up-to-date: /home/ti5/ws_moveit2/install/moveit_resources_pr2_description/share/moveit_resources_pr2_description/urdf/meshes/torso_v0/convex/torso_lift.dae
[1.343s] -- Up-to-date: /home/ti5/ws_moveit2/install/moveit_resources_pr2_description/share/moveit_resources_pr2_description/urdf/meshes/torso_v0/convex/torso_lift_convex.stlb
[1.344s] -- Up-to-date: /home/ti5/ws_moveit2/install/moveit_resources_pr2_description/share/moveit_resources_pr2_description/urdf/meshes/torso_v0/convex/torso_lift_L.dae
[1.344s] -- Up-to-date: /home/ti5/ws_moveit2/install/moveit_resources_pr2_description/share/moveit_resources_pr2_description/urdf/meshes/torso_v0/convex/torso_lift_L_convex.stla
[1.345s] -- Up-to-date: /home/ti5/ws_moveit2/install/moveit_resources_pr2_description/share/moveit_resources_pr2_description/urdf/meshes/torso_v0/torso.stl
[1.345s] -- Up-to-date: /home/ti5/ws_moveit2/install/moveit_resources_pr2_description/share/moveit_resources_pr2_description/urdf/meshes/torso_v0/torso_lift_normals.tif
[1.346s] -- Up-to-date: /home/ti5/ws_moveit2/install/moveit_resources_pr2_description/share/moveit_resources_pr2_description/urdf/meshes/torso_v0/torso_lift_L.stl
[1.346s] -- Up-to-date: /home/ti5/ws_moveit2/install/moveit_resources_pr2_description/share/moveit_resources_pr2_description/urdf/meshes/torso_v0/torso_lift.dae
[1.347s] -- Up-to-date: /home/ti5/ws_moveit2/install/moveit_resources_pr2_description/share/moveit_resources_pr2_description/urdf/meshes/torso_v0/torso_lift_color.tif
[1.347s] -- Up-to-date: /home/ti5/ws_moveit2/install/moveit_resources_pr2_description/share/moveit_resources_pr2_description/urdf/meshes/shoulder_v0
[1.349s] -- Up-to-date: /home/ti5/ws_moveit2/install/moveit_resources_pr2_description/share/moveit_resources_pr2_description/urdf/meshes/shoulder_v0/shoulder_lift_normals.tif
[1.349s] -- Up-to-date: /home/ti5/ws_moveit2/install/moveit_resources_pr2_description/share/moveit_resources_pr2_description/urdf/meshes/shoulder_v0/shoulder_lift_color.tif
[1.350s] -- Up-to-date: /home/ti5/ws_moveit2/install/moveit_resources_pr2_description/share/moveit_resources_pr2_description/urdf/meshes/shoulder_v0/convex
[1.350s] -- Up-to-date: /home/ti5/ws_moveit2/install/moveit_resources_pr2_description/share/moveit_resources_pr2_description/urdf/meshes/shoulder_v0/convex/upper_arm_roll_L.xml
[1.351s] -- Up-to-date: /home/ti5/ws_moveit2/install/moveit_resources_pr2_description/share/moveit_resources_pr2_description/urdf/meshes/shoulder_v0/convex/shoulder_yaw_convex.stlb
[1.351s] -- Up-to-date: /home/ti5/ws_moveit2/install/moveit_resources_pr2_description/share/moveit_resources_pr2_description/urdf/meshes/shoulder_v0/convex/upper_arm_roll.xml
[1.351s] -- Up-to-date: /home/ti5/ws_moveit2/install/moveit_resources_pr2_description/share/moveit_resources_pr2_description/urdf/meshes/shoulder_v0/convex/upper_arm_roll_convex.stlb
[1.352s] -- Up-to-date: /home/ti5/ws_moveit2/install/moveit_resources_pr2_description/share/moveit_resources_pr2_description/urdf/meshes/shoulder_v0/convex/upper_arm_roll_L_convex.stla
[1.352s] -- Up-to-date: /home/ti5/ws_moveit2/install/moveit_resources_pr2_description/share/moveit_resources_pr2_description/urdf/meshes/shoulder_v0/convex/upper_arm_roll.dae
[1.353s] -- Up-to-date: /home/ti5/ws_moveit2/install/moveit_resources_pr2_description/share/moveit_resources_pr2_description/urdf/meshes/shoulder_v0/convex/upper_arm_roll_L_convex.stlb
[1.353s] -- Up-to-date: /home/ti5/ws_moveit2/install/moveit_resources_pr2_description/share/moveit_resources_pr2_description/urdf/meshes/shoulder_v0/convex/shoulder_lift_convex.stlb
[1.354s] -- Up-to-date: /home/ti5/ws_moveit2/install/moveit_resources_pr2_description/share/moveit_resources_pr2_description/urdf/meshes/shoulder_v0/convex/upper_arm_roll_convex.stla
[1.354s] -- Up-to-date: /home/ti5/ws_moveit2/install/moveit_resources_pr2_description/share/moveit_resources_pr2_description/urdf/meshes/shoulder_v0/convex/shoulder_pan_convex.stla
[1.355s] -- Up-to-date: /home/ti5/ws_moveit2/install/moveit_resources_pr2_description/share/moveit_resources_pr2_description/urdf/meshes/shoulder_v0/convex/shoulder_pan_convex.stlb
[1.355s] -- Up-to-date: /home/ti5/ws_moveit2/install/moveit_resources_pr2_description/share/moveit_resources_pr2_description/urdf/meshes/shoulder_v0/convex/shoulder_lift_convex.stla
[1.355s] -- Up-to-date: /home/ti5/ws_moveit2/install/moveit_resources_pr2_description/share/moveit_resources_pr2_description/urdf/meshes/shoulder_v0/convex/shoulder_lift.xml
[1.356s] -- Up-to-date: /home/ti5/ws_moveit2/install/moveit_resources_pr2_description/share/moveit_resources_pr2_description/urdf/meshes/shoulder_v0/convex/shoulder_yaw.xml
[1.356s] -- Up-to-date: /home/ti5/ws_moveit2/install/moveit_resources_pr2_description/share/moveit_resources_pr2_description/urdf/meshes/shoulder_v0/convex/shoulder_pan.dae
[1.357s] -- Up-to-date: /home/ti5/ws_moveit2/install/moveit_resources_pr2_description/share/moveit_resources_pr2_description/urdf/meshes/shoulder_v0/convex/upper_arm_roll_L.dae
[1.357s] -- Up-to-date: /home/ti5/ws_moveit2/install/moveit_resources_pr2_description/share/moveit_resources_pr2_description/urdf/meshes/shoulder_v0/convex/shoulder_pan.xml
[1.357s] -- Up-to-date: /home/ti5/ws_moveit2/install/moveit_resources_pr2_description/share/moveit_resources_pr2_description/urdf/meshes/shoulder_v0/convex/shoulder_yaw.dae
[1.358s] -- Up-to-date: /home/ti5/ws_moveit2/install/moveit_resources_pr2_description/share/moveit_resources_pr2_description/urdf/meshes/shoulder_v0/convex/shoulder_yaw_convex.stla
[1.358s] -- Up-to-date: /home/ti5/ws_moveit2/install/moveit_resources_pr2_description/share/moveit_resources_pr2_description/urdf/meshes/shoulder_v0/convex/shoulder_lift.dae
[1.359s] -- Up-to-date: /home/ti5/ws_moveit2/install/moveit_resources_pr2_description/share/moveit_resources_pr2_description/urdf/meshes/shoulder_v0/shoulder_lift.stl
[1.359s] -- Up-to-date: /home/ti5/ws_moveit2/install/moveit_resources_pr2_description/share/moveit_resources_pr2_description/urdf/meshes/shoulder_v0/shoulder_yaw.stl
[1.359s] -- Up-to-date: /home/ti5/ws_moveit2/install/moveit_resources_pr2_description/share/moveit_resources_pr2_description/urdf/meshes/shoulder_v0/upper_arm_roll.dae
[1.360s] -- Up-to-date: /home/ti5/ws_moveit2/install/moveit_resources_pr2_description/share/moveit_resources_pr2_description/urdf/meshes/shoulder_v0/upper_arm_roll_L.stl
[1.360s] -- Up-to-date: /home/ti5/ws_moveit2/install/moveit_resources_pr2_description/share/moveit_resources_pr2_description/urdf/meshes/shoulder_v0/upper_arm_roll_normals.tif
[1.360s] -- Up-to-date: /home/ti5/ws_moveit2/install/moveit_resources_pr2_description/share/moveit_resources_pr2_description/urdf/meshes/shoulder_v0/upper_arm_roll.stl
[1.361s] -- Up-to-date: /home/ti5/ws_moveit2/install/moveit_resources_pr2_description/share/moveit_resources_pr2_description/urdf/meshes/shoulder_v0/upper_arm_roll_color.tif
[1.361s] -- Up-to-date: /home/ti5/ws_moveit2/install/moveit_resources_pr2_description/share/moveit_resources_pr2_description/urdf/meshes/shoulder_v0/shoulder_pan_color.tif
[1.362s] -- Up-to-date: /home/ti5/ws_moveit2/install/moveit_resources_pr2_description/share/moveit_resources_pr2_description/urdf/meshes/shoulder_v0/shoulder_pan.dae
[1.362s] -- Up-to-date: /home/ti5/ws_moveit2/install/moveit_resources_pr2_description/share/moveit_resources_pr2_description/urdf/meshes/shoulder_v0/shoulder_pan_normals.tif
[1.362s] -- Up-to-date: /home/ti5/ws_moveit2/install/moveit_resources_pr2_description/share/moveit_resources_pr2_description/urdf/meshes/shoulder_v0/shoulder_lift.dae
[1.363s] -- Up-to-date: /home/ti5/ws_moveit2/install/moveit_resources_pr2_description/share/moveit_resources_pr2_description/urdf/meshes/shoulder_v0/shoulder_pan.stl
[1.363s] -- Up-to-date: /home/ti5/ws_moveit2/install/moveit_resources_pr2_description/share/moveit_resources_pr2_description/urdf/meshes/gripper_v0
[1.364s] -- Up-to-date: /home/ti5/ws_moveit2/install/moveit_resources_pr2_description/share/moveit_resources_pr2_description/urdf/meshes/gripper_v0/finger_H_UV_100430.dae
[1.364s] -- Up-to-date: /home/ti5/ws_moveit2/install/moveit_resources_pr2_description/share/moveit_resources_pr2_description/urdf/meshes/gripper_v0/gripper_palm_normals.tif
[1.364s] -- Up-to-date: /home/ti5/ws_moveit2/install/moveit_resources_pr2_description/share/moveit_resources_pr2_description/urdf/meshes/gripper_v0/l_float_color.tif
[1.365s] -- Up-to-date: /home/ti5/ws_moveit2/install/moveit_resources_pr2_description/share/moveit_resources_pr2_description/urdf/meshes/gripper_v0/palm_H_Color_100430.tif
[1.365s] -- Up-to-date: /home/ti5/ws_moveit2/install/moveit_resources_pr2_description/share/moveit_resources_pr2_description/urdf/meshes/gripper_v0/finger_tip_pad2_r.stl
[1.366s] -- Up-to-date: /home/ti5/ws_moveit2/install/moveit_resources_pr2_description/share/moveit_resources_pr2_description/urdf/meshes/gripper_v0/finger_H_Color_100430.tif
[1.366s] -- Up-to-date: /home/ti5/ws_moveit2/install/moveit_resources_pr2_description/share/moveit_resources_pr2_description/urdf/meshes/gripper_v0/convex
[1.366s] -- Up-to-date: /home/ti5/ws_moveit2/install/moveit_resources_pr2_description/share/moveit_resources_pr2_description/urdf/meshes/gripper_v0/convex/upper_finger_l.xml
[1.367s] -- Up-to-date: /home/ti5/ws_moveit2/install/moveit_resources_pr2_description/share/moveit_resources_pr2_description/urdf/meshes/gripper_v0/convex/upper_finger_r_convex.stlb
[1.367s] -- Up-to-date: /home/ti5/ws_moveit2/install/moveit_resources_pr2_description/share/moveit_resources_pr2_description/urdf/meshes/gripper_v0/convex/l_finger_tip_convex.stla
[1.368s] -- Up-to-date: /home/ti5/ws_moveit2/install/moveit_resources_pr2_description/share/moveit_resources_pr2_description/urdf/meshes/gripper_v0/convex/finger_tip_pad2_l_convex.stla
[1.368s] -- Up-to-date: /home/ti5/ws_moveit2/install/moveit_resources_pr2_description/share/moveit_resources_pr2_description/urdf/meshes/gripper_v0/convex/upper_finger_r.xml
[1.368s] -- Up-to-date: /home/ti5/ws_moveit2/install/moveit_resources_pr2_description/share/moveit_resources_pr2_description/urdf/meshes/gripper_v0/convex/finger_tip_r.dae
[1.369s] -- Up-to-date: /home/ti5/ws_moveit2/install/moveit_resources_pr2_description/share/moveit_resources_pr2_description/urdf/meshes/gripper_v0/convex/upper_finger_r.dae
[1.369s] -- Up-to-date: /home/ti5/ws_moveit2/install/moveit_resources_pr2_description/share/moveit_resources_pr2_description/urdf/meshes/gripper_v0/convex/l_floating_convex.stla
[1.370s] -- Up-to-date: /home/ti5/ws_moveit2/install/moveit_resources_pr2_description/share/moveit_resources_pr2_description/urdf/meshes/gripper_v0/convex/finger_tip_l_convex.stla
[1.370s] -- Up-to-date: /home/ti5/ws_moveit2/install/moveit_resources_pr2_description/share/moveit_resources_pr2_description/urdf/meshes/gripper_v0/convex/l_finger_convex.stlb
[1.370s] -- Up-to-date: /home/ti5/ws_moveit2/install/moveit_resources_pr2_description/share/moveit_resources_pr2_description/urdf/meshes/gripper_v0/convex/finger_tip_pad2_r.xml
[1.371s] -- Up-to-date: /home/ti5/ws_moveit2/install/moveit_resources_pr2_description/share/moveit_resources_pr2_description/urdf/meshes/gripper_v0/convex/finger_tip_pad2_l.xml
[1.371s] -- Up-to-date: /home/ti5/ws_moveit2/install/moveit_resources_pr2_description/share/moveit_resources_pr2_description/urdf/meshes/gripper_v0/convex/l_finger_tip.xml
[1.372s] -- Up-to-date: /home/ti5/ws_moveit2/install/moveit_resources_pr2_description/share/moveit_resources_pr2_description/urdf/meshes/gripper_v0/convex/l_floating_convex.stlb
[1.372s] -- Up-to-date: /home/ti5/ws_moveit2/install/moveit_resources_pr2_description/share/moveit_resources_pr2_description/urdf/meshes/gripper_v0/convex/finger_tip_pad2_l.dae
[1.372s] -- Up-to-date: /home/ti5/ws_moveit2/install/moveit_resources_pr2_description/share/moveit_resources_pr2_description/urdf/meshes/gripper_v0/convex/upper_finger_l_convex.stlb
[1.373s] -- Up-to-date: /home/ti5/ws_moveit2/install/moveit_resources_pr2_description/share/moveit_resources_pr2_description/urdf/meshes/gripper_v0/convex/gripper_palm_convex.stla
[1.373s] -- Up-to-date: /home/ti5/ws_moveit2/install/moveit_resources_pr2_description/share/moveit_resources_pr2_description/urdf/meshes/gripper_v0/convex/l_finger.xml
[1.374s] -- Up-to-date: /home/ti5/ws_moveit2/install/moveit_resources_pr2_description/share/moveit_resources_pr2_description/urdf/meshes/gripper_v0/convex/finger_tip_pad2_l_convex.stlb
[1.374s] -- Up-to-date: /home/ti5/ws_moveit2/install/moveit_resources_pr2_description/share/moveit_resources_pr2_description/urdf/meshes/gripper_v0/convex/finger_tip_l_convex.stlb
[1.374s] -- Up-to-date: /home/ti5/ws_moveit2/install/moveit_resources_pr2_description/share/moveit_resources_pr2_description/urdf/meshes/gripper_v0/convex/l_floating.dae
[1.375s] -- Up-to-date: /home/ti5/ws_moveit2/install/moveit_resources_pr2_description/share/moveit_resources_pr2_description/urdf/meshes/gripper_v0/convex/gripper_palm.xml
[1.375s] -- Up-to-date: /home/ti5/ws_moveit2/install/moveit_resources_pr2_description/share/moveit_resources_pr2_description/urdf/meshes/gripper_v0/convex/finger_tip_pad2_r_convex.stlb
[1.376s] -- Up-to-date: /home/ti5/ws_moveit2/install/moveit_resources_pr2_description/share/moveit_resources_pr2_description/urdf/meshes/gripper_v0/convex/l_finger_tip_convex.stlb
[1.376s] -- Up-to-date: /home/ti5/ws_moveit2/install/moveit_resources_pr2_description/share/moveit_resources_pr2_description/urdf/meshes/gripper_v0/convex/upper_finger_l_convex.stla
[1.376s] -- Up-to-date: /home/ti5/ws_moveit2/install/moveit_resources_pr2_description/share/moveit_resources_pr2_description/urdf/meshes/gripper_v0/convex/l_finger_convex.stla
[1.377s] -- Up-to-date: /home/ti5/ws_moveit2/install/moveit_resources_pr2_description/share/moveit_resources_pr2_description/urdf/meshes/gripper_v0/convex/l_finger.dae
[1.377s] -- Up-to-date: /home/ti5/ws_moveit2/install/moveit_resources_pr2_description/share/moveit_resources_pr2_description/urdf/meshes/gripper_v0/convex/l_finger_tip.dae
[1.378s] -- Up-to-date: /home/ti5/ws_moveit2/install/moveit_resources_pr2_description/share/moveit_resources_pr2_description/urdf/meshes/gripper_v0/convex/finger_tip_r_convex.stla
[1.378s] -- Up-to-date: /home/ti5/ws_moveit2/install/moveit_resources_pr2_description/share/moveit_resources_pr2_description/urdf/meshes/gripper_v0/convex/finger_tip_l.xml
[1.378s] -- Up-to-date: /home/ti5/ws_moveit2/install/moveit_resources_pr2_description/share/moveit_resources_pr2_description/urdf/meshes/gripper_v0/convex/finger_tip_pad2_r.dae
[1.379s] -- Up-to-date: /home/ti5/ws_moveit2/install/moveit_resources_pr2_description/share/moveit_resources_pr2_description/urdf/meshes/gripper_v0/convex/finger_tip_pad2_r_convex.stla
[1.379s] -- Up-to-date: /home/ti5/ws_moveit2/install/moveit_resources_pr2_description/share/moveit_resources_pr2_description/urdf/meshes/gripper_v0/convex/finger_tip_r.xml
[1.379s] -- Up-to-date: /home/ti5/ws_moveit2/install/moveit_resources_pr2_description/share/moveit_resources_pr2_description/urdf/meshes/gripper_v0/convex/upper_finger_r_convex.stla
[1.380s] -- Up-to-date: /home/ti5/ws_moveit2/install/moveit_resources_pr2_description/share/moveit_resources_pr2_description/urdf/meshes/gripper_v0/convex/finger_tip_l.dae
[1.381s] -- Up-to-date: /home/ti5/ws_moveit2/install/moveit_resources_pr2_description/share/moveit_resources_pr2_description/urdf/meshes/gripper_v0/convex/l_floating.xml
[1.381s] -- Up-to-date: /home/ti5/ws_moveit2/install/moveit_resources_pr2_description/share/moveit_resources_pr2_description/urdf/meshes/gripper_v0/convex/gripper_palm_convex.stlb
[1.381s] -- Up-to-date: /home/ti5/ws_moveit2/install/moveit_resources_pr2_description/share/moveit_resources_pr2_description/urdf/meshes/gripper_v0/convex/finger_tip_r_convex.stlb
[1.382s] -- Up-to-date: /home/ti5/ws_moveit2/install/moveit_resources_pr2_description/share/moveit_resources_pr2_description/urdf/meshes/gripper_v0/convex/gripper_palm.dae
[1.382s] -- Up-to-date: /home/ti5/ws_moveit2/install/moveit_resources_pr2_description/share/moveit_resources_pr2_description/urdf/meshes/gripper_v0/convex/upper_finger_l.dae
[1.383s] -- Up-to-date: /home/ti5/ws_moveit2/install/moveit_resources_pr2_description/share/moveit_resources_pr2_description/urdf/meshes/gripper_v0/float_H_Color_100430.tif
[1.383s] -- Up-to-date: /home/ti5/ws_moveit2/install/moveit_resources_pr2_description/share/moveit_resources_pr2_description/urdf/meshes/gripper_v0/upper_finger_r.stl
[1.383s] -- Up-to-date: /home/ti5/ws_moveit2/install/moveit_resources_pr2_description/share/moveit_resources_pr2_description/urdf/meshes/gripper_v0/l_finger_tip.stl
[1.384s] -- Up-to-date: /home/ti5/ws_moveit2/install/moveit_resources_pr2_description/share/moveit_resources_pr2_description/urdf/meshes/gripper_v0/upper_finger_l.stl
[1.384s] -- Up-to-date: /home/ti5/ws_moveit2/install/moveit_resources_pr2_description/share/moveit_resources_pr2_description/urdf/meshes/gripper_v0/finger_tip_pad2_l.stl
[1.385s] -- Up-to-date: /home/ti5/ws_moveit2/install/moveit_resources_pr2_description/share/moveit_resources_pr2_description/urdf/meshes/gripper_v0/l_finger_tip_normals.tif
[1.385s] -- Up-to-date: /home/ti5/ws_moveit2/install/moveit_resources_pr2_description/share/moveit_resources_pr2_description/urdf/meshes/gripper_v0/gripper_palm_color.tif
[1.385s] -- Up-to-date: /home/ti5/ws_moveit2/install/moveit_resources_pr2_description/share/moveit_resources_pr2_description/urdf/meshes/gripper_v0/fingertip_H_Color_100430.tif
[1.386s] -- Up-to-date: /home/ti5/ws_moveit2/install/moveit_resources_pr2_description/share/moveit_resources_pr2_description/urdf/meshes/gripper_v0/l_finger_color.tif
[1.386s] -- Up-to-date: /home/ti5/ws_moveit2/install/moveit_resources_pr2_description/share/moveit_resources_pr2_description/urdf/meshes/gripper_v0/l_float_normals.tif
[1.387s] -- Up-to-date: /home/ti5/ws_moveit2/install/moveit_resources_pr2_description/share/moveit_resources_pr2_description/urdf/meshes/gripper_v0/l_floating.stl
[1.387s] -- Up-to-date: /home/ti5/ws_moveit2/install/moveit_resources_pr2_description/share/moveit_resources_pr2_description/urdf/meshes/gripper_v0/l_finger_normals.tif
[1.387s] -- Up-to-date: /home/ti5/ws_moveit2/install/moveit_resources_pr2_description/share/moveit_resources_pr2_description/urdf/meshes/gripper_v0/gripper_palm.stl
[1.388s] -- Up-to-date: /home/ti5/ws_moveit2/install/moveit_resources_pr2_description/share/moveit_resources_pr2_description/urdf/meshes/gripper_v0/l_finger.dae
[1.388s] -- Up-to-date: /home/ti5/ws_moveit2/install/moveit_resources_pr2_description/share/moveit_resources_pr2_description/urdf/meshes/gripper_v0/l_finger_tip.dae
[1.389s] -- Up-to-date: /home/ti5/ws_moveit2/install/moveit_resources_pr2_description/share/moveit_resources_pr2_description/urdf/meshes/gripper_v0/l_float.dae
[1.389s] -- Up-to-date: /home/ti5/ws_moveit2/install/moveit_resources_pr2_description/share/moveit_resources_pr2_description/urdf/meshes/gripper_v0/finger_tip_H_UV_100430.dae
[1.389s] -- Up-to-date: /home/ti5/ws_moveit2/install/moveit_resources_pr2_description/share/moveit_resources_pr2_description/urdf/meshes/gripper_v0/finger_tip_r.stl
[1.390s] -- Up-to-date: /home/ti5/ws_moveit2/install/moveit_resources_pr2_description/share/moveit_resources_pr2_description/urdf/meshes/gripper_v0/l_finger_tip_color.tif
[1.390s] -- Up-to-date: /home/ti5/ws_moveit2/install/moveit_resources_pr2_description/share/moveit_resources_pr2_description/urdf/meshes/gripper_v0/float_H_UV_100430.dae
[1.391s] -- Up-to-date: /home/ti5/ws_moveit2/install/moveit_resources_pr2_description/share/moveit_resources_pr2_description/urdf/meshes/gripper_v0/finger_tip_l.stl
[1.391s] -- Up-to-date: /home/ti5/ws_moveit2/install/moveit_resources_pr2_description/share/moveit_resources_pr2_description/urdf/meshes/gripper_v0/gripper_palm.dae
[1.391s] -- Up-to-date: /home/ti5/ws_moveit2/install/moveit_resources_pr2_description/share/moveit_resources_pr2_description/urdf/meshes/gripper_v0/palm_H_UV_100430.dae
[1.392s] -- Up-to-date: /home/ti5/ws_moveit2/install/moveit_resources_pr2_description/share/moveit_resources_pr2_description/urdf/meshes/gripper_v0/l_finger.stl
[1.392s] -- Up-to-date: /home/ti5/ws_moveit2/install/moveit_resources_pr2_description/share/moveit_resources_pr2_description/urdf/meshes/base_v0
[1.392s] -- Up-to-date: /home/ti5/ws_moveit2/install/moveit_resources_pr2_description/share/moveit_resources_pr2_description/urdf/meshes/base_v0/wheel.dae
[1.393s] -- Up-to-date: /home/ti5/ws_moveit2/install/moveit_resources_pr2_description/share/moveit_resources_pr2_description/urdf/meshes/base_v0/base_color.tif
[1.393s] -- Up-to-date: /home/ti5/ws_moveit2/install/moveit_resources_pr2_description/share/moveit_resources_pr2_description/urdf/meshes/base_v0/wheel_h.dae
[1.394s] -- Up-to-date: /home/ti5/ws_moveit2/install/moveit_resources_pr2_description/share/moveit_resources_pr2_description/urdf/meshes/base_v0/convex
[1.394s] -- Up-to-date: /home/ti5/ws_moveit2/install/moveit_resources_pr2_description/share/moveit_resources_pr2_description/urdf/meshes/base_v0/convex/wheel.dae
[1.395s] -- Up-to-date: /home/ti5/ws_moveit2/install/moveit_resources_pr2_description/share/moveit_resources_pr2_description/urdf/meshes/base_v0/convex/pr2_wheel_convex.stlb
[1.395s] -- Up-to-date: /home/ti5/ws_moveit2/install/moveit_resources_pr2_description/share/moveit_resources_pr2_description/urdf/meshes/base_v0/convex/base_convex.stlb
[1.395s] -- Up-to-date: /home/ti5/ws_moveit2/install/moveit_resources_pr2_description/share/moveit_resources_pr2_description/urdf/meshes/base_v0/convex/caster.dae
[1.396s] -- Up-to-date: /home/ti5/ws_moveit2/install/moveit_resources_pr2_description/share/moveit_resources_pr2_description/urdf/meshes/base_v0/convex/caster_convex.stla
[1.396s] -- Up-to-date: /home/ti5/ws_moveit2/install/moveit_resources_pr2_description/share/moveit_resources_pr2_description/urdf/meshes/base_v0/convex/wheel_convex.stlb
[1.396s] -- Up-to-date: /home/ti5/ws_moveit2/install/moveit_resources_pr2_description/share/moveit_resources_pr2_description/urdf/meshes/base_v0/convex/caster_L_convex.stlb
[1.397s] -- Up-to-date: /home/ti5/ws_moveit2/install/moveit_resources_pr2_description/share/moveit_resources_pr2_description/urdf/meshes/base_v0/convex/base.dae
[1.397s] -- Up-to-date: /home/ti5/ws_moveit2/install/moveit_resources_pr2_description/share/moveit_resources_pr2_description/urdf/meshes/base_v0/convex/wheel_convex.stla
[1.398s] -- Up-to-date: /home/ti5/ws_moveit2/install/moveit_resources_pr2_description/share/moveit_resources_pr2_description/urdf/meshes/base_v0/convex/pr2_wheel_convex.stla
[1.398s] -- Up-to-date: /home/ti5/ws_moveit2/install/moveit_resources_pr2_description/share/moveit_resources_pr2_description/urdf/meshes/base_v0/convex/caster_L.xml
[1.398s] -- Up-to-date: /home/ti5/ws_moveit2/install/moveit_resources_pr2_description/share/moveit_resources_pr2_description/urdf/meshes/base_v0/convex/caster_convex.stlb
[1.399s] -- Up-to-date: /home/ti5/ws_moveit2/install/moveit_resources_pr2_description/share/moveit_resources_pr2_description/urdf/meshes/base_v0/convex/pr2_wheel.dae
[1.399s] -- Up-to-date: /home/ti5/ws_moveit2/install/moveit_resources_pr2_description/share/moveit_resources_pr2_description/urdf/meshes/base_v0/convex/base_L_convex.stlb
[1.400s] -- Up-to-date: /home/ti5/ws_moveit2/install/moveit_resources_pr2_description/share/moveit_resources_pr2_description/urdf/meshes/base_v0/convex/caster_L.dae
[1.400s] -- Up-to-date: /home/ti5/ws_moveit2/install/moveit_resources_pr2_description/share/moveit_resources_pr2_description/urdf/meshes/base_v0/convex/wheel.xml
[1.400s] -- Up-to-date: /home/ti5/ws_moveit2/install/moveit_resources_pr2_description/share/moveit_resources_pr2_description/urdf/meshes/base_v0/convex/base_L.dae
[1.401s] -- Up-to-date: /home/ti5/ws_moveit2/install/moveit_resources_pr2_description/share/moveit_resources_pr2_description/urdf/meshes/base_v0/convex/base.xml
[1.401s] -- Up-to-date: /home/ti5/ws_moveit2/install/moveit_resources_pr2_description/share/moveit_resources_pr2_description/urdf/meshes/base_v0/convex/caster.xml
[1.401s] -- Up-to-date: /home/ti5/ws_moveit2/install/moveit_resources_pr2_description/share/moveit_resources_pr2_description/urdf/meshes/base_v0/convex/caster_L_convex.stla
[1.402s] -- Up-to-date: /home/ti5/ws_moveit2/install/moveit_resources_pr2_description/share/moveit_resources_pr2_description/urdf/meshes/base_v0/convex/base_convex.stla
[1.402s] -- Up-to-date: /home/ti5/ws_moveit2/install/moveit_resources_pr2_description/share/moveit_resources_pr2_description/urdf/meshes/base_v0/convex/base_L.xml
[1.403s] -- Up-to-date: /home/ti5/ws_moveit2/install/moveit_resources_pr2_description/share/moveit_resources_pr2_description/urdf/meshes/base_v0/convex/base_L_convex.stla
[1.403s] -- Up-to-date: /home/ti5/ws_moveit2/install/moveit_resources_pr2_description/share/moveit_resources_pr2_description/urdf/meshes/base_v0/convex/pr2_wheel.xml
[1.403s] -- Up-to-date: /home/ti5/ws_moveit2/install/moveit_resources_pr2_description/share/moveit_resources_pr2_description/urdf/meshes/base_v0/pr2_wheel.stl
[1.404s] -- Up-to-date: /home/ti5/ws_moveit2/install/moveit_resources_pr2_description/share/moveit_resources_pr2_description/urdf/meshes/base_v0/base.dae
[1.404s] -- Up-to-date: /home/ti5/ws_moveit2/install/moveit_resources_pr2_description/share/moveit_resources_pr2_description/urdf/meshes/base_v0/wheel.stl
[1.405s] -- Up-to-date: /home/ti5/ws_moveit2/install/moveit_resources_pr2_description/share/moveit_resources_pr2_description/urdf/meshes/base_v0/caster_L.stl
[1.405s] -- Up-to-date: /home/ti5/ws_moveit2/install/moveit_resources_pr2_description/share/moveit_resources_pr2_description/urdf/meshes/base_v0/wheel_normals.tif
[1.405s] -- Up-to-date: /home/ti5/ws_moveit2/install/moveit_resources_pr2_description/share/moveit_resources_pr2_description/urdf/meshes/base_v0/wheel_color.tif
[1.406s] -- Up-to-date: /home/ti5/ws_moveit2/install/moveit_resources_pr2_description/share/moveit_resources_pr2_description/urdf/meshes/base_v0/base_L.stl
[1.406s] -- Up-to-date: /home/ti5/ws_moveit2/install/moveit_resources_pr2_description/share/moveit_resources_pr2_description/urdf/meshes/base_v0/wheel_h_color.tif
[1.406s] -- Up-to-date: /home/ti5/ws_moveit2/install/moveit_resources_pr2_description/share/moveit_resources_pr2_description/urdf/meshes/base_v0/caster.stl
[1.407s] -- Up-to-date: /home/ti5/ws_moveit2/install/moveit_resources_pr2_description/share/moveit_resources_pr2_description/urdf/meshes/base_v0/base.stl
[1.407s] -- Up-to-date: /home/ti5/ws_moveit2/install/moveit_resources_pr2_description/share/moveit_resources_pr2_description/urdf/meshes/base_v0/base_normals.tif
[1.408s] -- Up-to-date: /home/ti5/ws_moveit2/install/moveit_resources_pr2_description/share/moveit_resources_pr2_description/kinect.dae
[2.661s] Invoked command in '/home/ti5/ws_moveit2/build/moveit_resources_pr2_description' returned '0': CMAKE_PREFIX_PATH=${CMAKE_PREFIX_PATH}:/home/ti5/ws_moveit2/install/moveit_configs_utils:/home/ti5/ws_moveit2/install/launch_param_builder:/opt/ros/humble /usr/bin/cmake --install /home/ti5/ws_moveit2/build/moveit_resources_pr2_description
