[  2%] Built target planning_context_loader_base
[  4%] Built target gtest_main
[  7%] Built target gtest
[  9%] Built target gmock_main
[ 13%] Built target gmock
[ 18%] Built target trajectory_generation_common
[ 26%] Built target joint_limits_common
[ 30%] Built target command_list_manager
[ 34%] Built target planning_context_loader_lin
[ 39%] Built target planning_context_loader_circ
[ 43%] Built target sequence_capability
[ 45%] Built target pilz_industrial_motion_planner_test_utils
[ 48%] Built target unittest_joint_limit
[ 50%] Built target unittest_joint_limits_aggregator
[ 53%] Built target unittest_joint_limits_container
[ 55%] Built target unittest_joint_limits_validator
[ 57%] Built target unittest_cartesian_limits_aggregator
[ 60%] Built target unittest_trajectory_functions
[ 63%] Built target unittest_trajectory_blender_transition_window
[ 66%] Built target unittest_trajectory_generator_circ
[ 68%] Built target unittest_trajectory_generator_lin
[ 73%] Built target planning_context_loader_ptp
[ 75%] Built target pilz_industrial_motion_planner
[ 78%] Built target unittest_trajectory_generator_ptp
[ 81%] Built target unittest_velocity_profile_atrap
[ 85%] Built target unittest_trajectory_generator
[ 87%] Built target unittest_pilz_industrial_motion_planner
[ 90%] Built target unittest_planning_context_loaders
[ 92%] Built target unittest_planning_context
[ 95%] Built target unittest_get_solver_tip_frame
[ 97%] Built target unittest_pilz_industrial_motion_planner_direct
[100%] Built target unittest_trajectory_generator_common
