[0.275s] Invoking command in '/home/ti5/ws_moveit2/build/moveit_common': CMAKE_PREFIX_PATH=${CMAKE_PREFIX_PATH}:/home/ti5/ws_moveit2/install/moveit_configs_utils:/home/ti5/ws_moveit2/install/launch_param_builder:/opt/ros/humble /usr/bin/cmake --build /home/ti5/ws_moveit2/build/moveit_common -- -j4 -l4
[2.201s] Invoked command in '/home/ti5/ws_moveit2/build/moveit_common' returned '0': CMAKE_PREFIX_PATH=${CMAKE_PREFIX_PATH}:/home/ti5/ws_moveit2/install/moveit_configs_utils:/home/ti5/ws_moveit2/install/launch_param_builder:/opt/ros/humble /usr/bin/cmake --build /home/ti5/ws_moveit2/build/moveit_common -- -j4 -l4
[2.489s] Invoking command in '/home/ti5/ws_moveit2/build/moveit_common': CMAKE_PREFIX_PATH=${CMAKE_PREFIX_PATH}:/home/ti5/ws_moveit2/install/moveit_configs_utils:/home/ti5/ws_moveit2/install/launch_param_builder:/opt/ros/humble /usr/bin/cmake --install /home/ti5/ws_moveit2/build/moveit_common
[2.558s] -- Install configuration: ""
[2.559s] -- Up-to-date: /home/ti5/ws_moveit2/install/moveit_common/share/ament_index/resource_index/package_run_dependencies/moveit_common
[2.560s] -- Up-to-date: /home/ti5/ws_moveit2/install/moveit_common/share/ament_index/resource_index/parent_prefix_path/moveit_common
[2.560s] -- Up-to-date: /home/ti5/ws_moveit2/install/moveit_common/share/moveit_common/environment/ament_prefix_path.sh
[2.561s] -- Up-to-date: /home/ti5/ws_moveit2/install/moveit_common/share/moveit_common/environment/ament_prefix_path.dsv
[2.562s] -- Up-to-date: /home/ti5/ws_moveit2/install/moveit_common/share/moveit_common/environment/path.sh
[2.562s] -- Up-to-date: /home/ti5/ws_moveit2/install/moveit_common/share/moveit_common/environment/path.dsv
[2.563s] -- Up-to-date: /home/ti5/ws_moveit2/install/moveit_common/share/moveit_common/local_setup.bash
[2.564s] -- Up-to-date: /home/ti5/ws_moveit2/install/moveit_common/share/moveit_common/local_setup.sh
[2.564s] -- Up-to-date: /home/ti5/ws_moveit2/install/moveit_common/share/moveit_common/local_setup.zsh
[2.565s] -- Up-to-date: /home/ti5/ws_moveit2/install/moveit_common/share/moveit_common/local_setup.dsv
[2.566s] -- Installing: /home/ti5/ws_moveit2/install/moveit_common/share/moveit_common/package.dsv
[2.567s] -- Up-to-date: /home/ti5/ws_moveit2/install/moveit_common/share/ament_index/resource_index/packages/moveit_common
[2.568s] -- Up-to-date: /home/ti5/ws_moveit2/install/moveit_common/share/moveit_common/cmake/moveit_common-extras.cmake
[2.570s] -- Up-to-date: /home/ti5/ws_moveit2/install/moveit_common/share/moveit_common/cmake/moveit_commonConfig.cmake
[2.571s] -- Up-to-date: /home/ti5/ws_moveit2/install/moveit_common/share/moveit_common/cmake/moveit_commonConfig-version.cmake
[2.573s] -- Up-to-date: /home/ti5/ws_moveit2/install/moveit_common/share/moveit_common/package.xml
[2.575s] -- Up-to-date: /home/ti5/ws_moveit2/install/moveit_common/share/moveit_common/cmake
[2.579s] -- Up-to-date: /home/ti5/ws_moveit2/install/moveit_common/share/moveit_common/cmake/moveit_package.cmake
[2.593s] Invoked command in '/home/ti5/ws_moveit2/build/moveit_common' returned '0': CMAKE_PREFIX_PATH=${CMAKE_PREFIX_PATH}:/home/ti5/ws_moveit2/install/moveit_configs_utils:/home/ti5/ws_moveit2/install/launch_param_builder:/opt/ros/humble /usr/bin/cmake --install /home/ti5/ws_moveit2/build/moveit_common
