[0.060s] Invoking command in '/home/ti5/ws_moveit2/build/demo': CMAKE_PREFIX_PATH=/opt/ros/humble /usr/bin/cmake --build /home/ti5/ws_moveit2/build/demo -- -j4 -l4
[0.737s] [100%] Built target demo
[0.819s] Invoked command in '/home/ti5/ws_moveit2/build/demo' returned '0': CMAKE_PREFIX_PATH=/opt/ros/humble /usr/bin/cmake --build /home/ti5/ws_moveit2/build/demo -- -j4 -l4
[1.111s] Invoking command in '/home/ti5/ws_moveit2/build/demo': CMAKE_PREFIX_PATH=/opt/ros/humble /usr/bin/cmake --install /home/ti5/ws_moveit2/build/demo
[1.155s] -- Install configuration: "Release"
[1.158s] -- Up-to-date: /home/ti5/ws_moveit2/install/demo/share/ament_index/resource_index/package_run_dependencies/demo
[1.161s] -- Up-to-date: /home/ti5/ws_moveit2/install/demo/share/ament_index/resource_index/parent_prefix_path/demo
[1.161s] -- Up-to-date: /home/ti5/ws_moveit2/install/demo/share/demo/environment/ament_prefix_path.sh
[1.162s] -- Up-to-date: /home/ti5/ws_moveit2/install/demo/share/demo/environment/ament_prefix_path.dsv
[1.163s] -- Up-to-date: /home/ti5/ws_moveit2/install/demo/share/demo/environment/path.sh
[1.164s] -- Up-to-date: /home/ti5/ws_moveit2/install/demo/share/demo/environment/path.dsv
[1.165s] -- Up-to-date: /home/ti5/ws_moveit2/install/demo/share/demo/local_setup.bash
[1.165s] -- Up-to-date: /home/ti5/ws_moveit2/install/demo/share/demo/local_setup.sh
[1.166s] -- Up-to-date: /home/ti5/ws_moveit2/install/demo/share/demo/local_setup.zsh
[1.166s] -- Up-to-date: /home/ti5/ws_moveit2/install/demo/share/demo/local_setup.dsv
[1.167s] -- Installing: /home/ti5/ws_moveit2/install/demo/share/demo/package.dsv
[1.173s] -- Up-to-date: /home/ti5/ws_moveit2/install/demo/share/ament_index/resource_index/packages/demo
[1.173s] -- Up-to-date: /home/ti5/ws_moveit2/install/demo/share/demo/cmake/demoConfig.cmake
[1.174s] -- Up-to-date: /home/ti5/ws_moveit2/install/demo/share/demo/cmake/demoConfig-version.cmake
[1.174s] -- Up-to-date: /home/ti5/ws_moveit2/install/demo/share/demo/package.xml
[1.181s] -- Up-to-date: /home/ti5/ws_moveit2/install/demo/lib/demo/demo
[1.194s] Invoked command in '/home/ti5/ws_moveit2/build/demo' returned '0': CMAKE_PREFIX_PATH=/opt/ros/humble /usr/bin/cmake --install /home/ti5/ws_moveit2/build/demo
