[0.192s] Invoking command in '/home/ti5/ws_moveit2/build/moveit_hybrid_planning': AMENT_PREFIX_PATH=/home/ti5/ws_moveit2/install/moveit_ros_planning_interface:/home/ti5/ws_moveit2/install/moveit_ros_move_group:/home/ti5/ws_moveit2/install/moveit_ros_warehouse:/home/ti5/ws_moveit2/install/moveit_planners_ompl:/home/ti5/ws_moveit2/install/moveit_kinematics:/home/ti5/ws_moveit2/install/moveit_ros_planning:/home/ti5/ws_moveit2/install/moveit_ros_occupancy_map_monitor:/home/ti5/ws_moveit2/install/moveit_core:/home/ti5/ws_moveit2/install/moveit_resources_panda_moveit_config:/home/ti5/ws_moveit2/install/srdfdom:/home/ti5/ws_moveit2/install/moveit_resources_panda_description:/home/ti5/ws_moveit2/install/moveit_common:${AMENT_PREFIX_PATH} CMAKE_PREFIX_PATH=/home/ti5/ws_moveit2/install/moveit_ros_planning_interface:/home/ti5/ws_moveit2/install/moveit_ros_move_group:/home/ti5/ws_moveit2/install/moveit_ros_warehouse:/home/ti5/ws_moveit2/install/moveit_planners_ompl:/home/ti5/ws_moveit2/install/moveit_kinematics:/home/ti5/ws_moveit2/install/moveit_ros_planning:/home/ti5/ws_moveit2/install/moveit_ros_occupancy_map_monitor:/home/ti5/ws_moveit2/install/moveit_core:/home/ti5/ws_moveit2/install/moveit_resources_panda_moveit_config:/home/ti5/ws_moveit2/install/srdfdom:/home/ti5/ws_moveit2/install/moveit_resources_panda_description:/home/ti5/ws_moveit2/install/moveit_common:/opt/ros/humble LD_LIBRARY_PATH=/home/ti5/ws_moveit2/install/moveit_ros_planning_interface/lib:/home/ti5/ws_moveit2/install/moveit_ros_move_group/lib:/home/ti5/ws_moveit2/install/moveit_ros_warehouse/lib:/home/ti5/ws_moveit2/install/moveit_planners_ompl/lib:/home/ti5/ws_moveit2/install/moveit_kinematics/lib:/home/ti5/ws_moveit2/install/moveit_ros_planning/lib:/home/ti5/ws_moveit2/install/moveit_ros_occupancy_map_monitor/lib:/home/ti5/ws_moveit2/install/moveit_core/lib:/home/ti5/ws_moveit2/install/srdfdom/lib:${LD_LIBRARY_PATH} PATH=/home/ti5/ws_moveit2/install/moveit_core/bin:${PATH} PYTHONPATH=/home/ti5/ws_moveit2/install/srdfdom/local/lib/python3.10/dist-packages:${PYTHONPATH} /usr/bin/cmake --build /home/ti5/ws_moveit2/build/moveit_hybrid_planning -- -j4 -l4
[0.552s] [35m[1mConsolidate compiler generated dependencies of target moveit_hybrid_planning_manager[0m
[0.623s] [35m[1mConsolidate compiler generated dependencies of target moveit_global_planner_component[0m
[0.626s] [35m[1mConsolidate compiler generated dependencies of target moveit_local_planner_component[0m
[0.634s] [35m[1mConsolidate compiler generated dependencies of target motion_planning_pipeline_plugin[0m
[0.967s] [ 10%] Built target moveit_hybrid_planning_manager
[1.144s] [ 20%] Built target moveit_local_planner_component
[1.145s] [ 30%] Built target moveit_global_planner_component
[1.204s] [ 40%] Built target motion_planning_pipeline_plugin
[1.244s] [35m[1mConsolidate compiler generated dependencies of target simple_sampler_plugin[0m
[1.315s] [35m[1mConsolidate compiler generated dependencies of target forward_trajectory_plugin[0m
[1.336s] [35m[1mConsolidate compiler generated dependencies of target single_plan_execution_plugin[0m
[1.720s] [ 50%] Built target simple_sampler_plugin
[1.773s] [ 60%] Built target forward_trajectory_plugin
[1.776s] [ 70%] Built target single_plan_execution_plugin
[1.912s] [35m[1mConsolidate compiler generated dependencies of target replan_invalidated_trajectory_plugin[0m
[2.207s] [ 80%] Built target replan_invalidated_trajectory_plugin
[2.450s] [35m[1mConsolidate compiler generated dependencies of target cancel_action[0m
[2.542s] [35m[1mConsolidate compiler generated dependencies of target hybrid_planning_demo_node[0m
[2.786s] [ 90%] Built target cancel_action
[2.986s] [100%] Built target hybrid_planning_demo_node
[3.148s] Invoked command in '/home/ti5/ws_moveit2/build/moveit_hybrid_planning' returned '0': AMENT_PREFIX_PATH=/home/ti5/ws_moveit2/install/moveit_ros_planning_interface:/home/ti5/ws_moveit2/install/moveit_ros_move_group:/home/ti5/ws_moveit2/install/moveit_ros_warehouse:/home/ti5/ws_moveit2/install/moveit_planners_ompl:/home/ti5/ws_moveit2/install/moveit_kinematics:/home/ti5/ws_moveit2/install/moveit_ros_planning:/home/ti5/ws_moveit2/install/moveit_ros_occupancy_map_monitor:/home/ti5/ws_moveit2/install/moveit_core:/home/ti5/ws_moveit2/install/moveit_resources_panda_moveit_config:/home/ti5/ws_moveit2/install/srdfdom:/home/ti5/ws_moveit2/install/moveit_resources_panda_description:/home/ti5/ws_moveit2/install/moveit_common:${AMENT_PREFIX_PATH} CMAKE_PREFIX_PATH=/home/ti5/ws_moveit2/install/moveit_ros_planning_interface:/home/ti5/ws_moveit2/install/moveit_ros_move_group:/home/ti5/ws_moveit2/install/moveit_ros_warehouse:/home/ti5/ws_moveit2/install/moveit_planners_ompl:/home/ti5/ws_moveit2/install/moveit_kinematics:/home/ti5/ws_moveit2/install/moveit_ros_planning:/home/ti5/ws_moveit2/install/moveit_ros_occupancy_map_monitor:/home/ti5/ws_moveit2/install/moveit_core:/home/ti5/ws_moveit2/install/moveit_resources_panda_moveit_config:/home/ti5/ws_moveit2/install/srdfdom:/home/ti5/ws_moveit2/install/moveit_resources_panda_description:/home/ti5/ws_moveit2/install/moveit_common:/opt/ros/humble LD_LIBRARY_PATH=/home/ti5/ws_moveit2/install/moveit_ros_planning_interface/lib:/home/ti5/ws_moveit2/install/moveit_ros_move_group/lib:/home/ti5/ws_moveit2/install/moveit_ros_warehouse/lib:/home/ti5/ws_moveit2/install/moveit_planners_ompl/lib:/home/ti5/ws_moveit2/install/moveit_kinematics/lib:/home/ti5/ws_moveit2/install/moveit_ros_planning/lib:/home/ti5/ws_moveit2/install/moveit_ros_occupancy_map_monitor/lib:/home/ti5/ws_moveit2/install/moveit_core/lib:/home/ti5/ws_moveit2/install/srdfdom/lib:${LD_LIBRARY_PATH} PATH=/home/ti5/ws_moveit2/install/moveit_core/bin:${PATH} PYTHONPATH=/home/ti5/ws_moveit2/install/srdfdom/local/lib/python3.10/dist-packages:${PYTHONPATH} /usr/bin/cmake --build /home/ti5/ws_moveit2/build/moveit_hybrid_planning -- -j4 -l4
[3.613s] Invoking command in '/home/ti5/ws_moveit2/build/moveit_hybrid_planning': AMENT_PREFIX_PATH=/home/ti5/ws_moveit2/install/moveit_ros_planning_interface:/home/ti5/ws_moveit2/install/moveit_ros_move_group:/home/ti5/ws_moveit2/install/moveit_ros_warehouse:/home/ti5/ws_moveit2/install/moveit_planners_ompl:/home/ti5/ws_moveit2/install/moveit_kinematics:/home/ti5/ws_moveit2/install/moveit_ros_planning:/home/ti5/ws_moveit2/install/moveit_ros_occupancy_map_monitor:/home/ti5/ws_moveit2/install/moveit_core:/home/ti5/ws_moveit2/install/moveit_resources_panda_moveit_config:/home/ti5/ws_moveit2/install/srdfdom:/home/ti5/ws_moveit2/install/moveit_resources_panda_description:/home/ti5/ws_moveit2/install/moveit_common:${AMENT_PREFIX_PATH} CMAKE_PREFIX_PATH=/home/ti5/ws_moveit2/install/moveit_ros_planning_interface:/home/ti5/ws_moveit2/install/moveit_ros_move_group:/home/ti5/ws_moveit2/install/moveit_ros_warehouse:/home/ti5/ws_moveit2/install/moveit_planners_ompl:/home/ti5/ws_moveit2/install/moveit_kinematics:/home/ti5/ws_moveit2/install/moveit_ros_planning:/home/ti5/ws_moveit2/install/moveit_ros_occupancy_map_monitor:/home/ti5/ws_moveit2/install/moveit_core:/home/ti5/ws_moveit2/install/moveit_resources_panda_moveit_config:/home/ti5/ws_moveit2/install/srdfdom:/home/ti5/ws_moveit2/install/moveit_resources_panda_description:/home/ti5/ws_moveit2/install/moveit_common:/opt/ros/humble LD_LIBRARY_PATH=/home/ti5/ws_moveit2/install/moveit_ros_planning_interface/lib:/home/ti5/ws_moveit2/install/moveit_ros_move_group/lib:/home/ti5/ws_moveit2/install/moveit_ros_warehouse/lib:/home/ti5/ws_moveit2/install/moveit_planners_ompl/lib:/home/ti5/ws_moveit2/install/moveit_kinematics/lib:/home/ti5/ws_moveit2/install/moveit_ros_planning/lib:/home/ti5/ws_moveit2/install/moveit_ros_occupancy_map_monitor/lib:/home/ti5/ws_moveit2/install/moveit_core/lib:/home/ti5/ws_moveit2/install/srdfdom/lib:${LD_LIBRARY_PATH} PATH=/home/ti5/ws_moveit2/install/moveit_core/bin:${PATH} PYTHONPATH=/home/ti5/ws_moveit2/install/srdfdom/local/lib/python3.10/dist-packages:${PYTHONPATH} /usr/bin/cmake --install /home/ti5/ws_moveit2/build/moveit_hybrid_planning
[3.739s] -- Install configuration: "Release"
[3.774s] -- Up-to-date: /home/ti5/ws_moveit2/install/moveit_hybrid_planning/lib/libmoveit_global_planner_component.so.2.5.5
[3.776s] -- Up-to-date: /home/ti5/ws_moveit2/install/moveit_hybrid_planning/lib/libmoveit_global_planner_component.so
[3.778s] -- Up-to-date: /home/ti5/ws_moveit2/install/moveit_hybrid_planning/lib/libmoveit_hybrid_planning_manager.so.2.5.5
[3.780s] -- Up-to-date: /home/ti5/ws_moveit2/install/moveit_hybrid_planning/lib/libmoveit_hybrid_planning_manager.so
[3.790s] -- Up-to-date: /home/ti5/ws_moveit2/install/moveit_hybrid_planning/lib/libmoveit_local_planner_component.so.2.5.5
[3.792s] -- Up-to-date: /home/ti5/ws_moveit2/install/moveit_hybrid_planning/lib/libmoveit_local_planner_component.so
[3.801s] -- Up-to-date: /home/ti5/ws_moveit2/install/moveit_hybrid_planning/lib/libforward_trajectory_plugin.so.2.5.5
[3.805s] -- Up-to-date: /home/ti5/ws_moveit2/install/moveit_hybrid_planning/lib/libforward_trajectory_plugin.so
[3.807s] -- Up-to-date: /home/ti5/ws_moveit2/install/moveit_hybrid_planning/lib/libmotion_planning_pipeline_plugin.so.2.5.5
[3.809s] -- Up-to-date: /home/ti5/ws_moveit2/install/moveit_hybrid_planning/lib/libmotion_planning_pipeline_plugin.so
[3.814s] -- Up-to-date: /home/ti5/ws_moveit2/install/moveit_hybrid_planning/lib/libreplan_invalidated_trajectory_plugin.so.2.5.5
[3.815s] -- Up-to-date: /home/ti5/ws_moveit2/install/moveit_hybrid_planning/lib/libreplan_invalidated_trajectory_plugin.so
[3.821s] -- Up-to-date: /home/ti5/ws_moveit2/install/moveit_hybrid_planning/lib/libsimple_sampler_plugin.so.2.5.5
[3.822s] -- Up-to-date: /home/ti5/ws_moveit2/install/moveit_hybrid_planning/lib/libsimple_sampler_plugin.so
[3.826s] -- Up-to-date: /home/ti5/ws_moveit2/install/moveit_hybrid_planning/lib/libsingle_plan_execution_plugin.so.2.5.5
[3.828s] -- Up-to-date: /home/ti5/ws_moveit2/install/moveit_hybrid_planning/lib/libsingle_plan_execution_plugin.so
[3.841s] -- Up-to-date: /home/ti5/ws_moveit2/install/moveit_hybrid_planning/lib/moveit_hybrid_planning/cancel_action
[3.853s] -- Up-to-date: /home/ti5/ws_moveit2/install/moveit_hybrid_planning/lib/moveit_hybrid_planning/hybrid_planning_demo_node
[3.854s] -- Up-to-date: /home/ti5/ws_moveit2/install/moveit_hybrid_planning/include
[3.855s] -- Up-to-date: /home/ti5/ws_moveit2/install/moveit_hybrid_planning/include/moveit
[3.856s] -- Up-to-date: /home/ti5/ws_moveit2/install/moveit_hybrid_planning/include/moveit/global_planner
[3.857s] -- Up-to-date: /home/ti5/ws_moveit2/install/moveit_hybrid_planning/include/moveit/global_planner/global_planner_component.h
[3.857s] -- Up-to-date: /home/ti5/ws_moveit2/install/moveit_hybrid_planning/include/moveit/global_planner/global_planner_interface.h
[3.858s] -- Up-to-date: /home/ti5/ws_moveit2/install/moveit_hybrid_planning/include
[3.858s] -- Up-to-date: /home/ti5/ws_moveit2/install/moveit_hybrid_planning/include/moveit
[3.860s] -- Up-to-date: /home/ti5/ws_moveit2/install/moveit_hybrid_planning/include/moveit/global_planner
[3.860s] -- Up-to-date: /home/ti5/ws_moveit2/install/moveit_hybrid_planning/include/moveit/global_planner/moveit_planning_pipeline.h
[3.861s] -- Up-to-date: /home/ti5/ws_moveit2/install/moveit_hybrid_planning/include
[3.861s] -- Up-to-date: /home/ti5/ws_moveit2/install/moveit_hybrid_planning/include/moveit
[3.862s] -- Up-to-date: /home/ti5/ws_moveit2/install/moveit_hybrid_planning/include/moveit/hybrid_planning_manager
[3.862s] -- Up-to-date: /home/ti5/ws_moveit2/install/moveit_hybrid_planning/include/moveit/hybrid_planning_manager/hybrid_planning_manager.h
[3.863s] -- Up-to-date: /home/ti5/ws_moveit2/install/moveit_hybrid_planning/include/moveit/hybrid_planning_manager/planner_logic_interface.h
[3.865s] -- Up-to-date: /home/ti5/ws_moveit2/install/moveit_hybrid_planning/include/moveit/hybrid_planning_manager/hybrid_planning_events.h
[3.869s] -- Up-to-date: /home/ti5/ws_moveit2/install/moveit_hybrid_planning/include/moveit/hybrid_planning_manager/moveit_error_code_interface.h
[3.874s] -- Up-to-date: /home/ti5/ws_moveit2/install/moveit_hybrid_planning/include
[3.874s] -- Up-to-date: /home/ti5/ws_moveit2/install/moveit_hybrid_planning/include/moveit
[3.875s] -- Up-to-date: /home/ti5/ws_moveit2/install/moveit_hybrid_planning/include/moveit/planner_logic_plugins
[3.875s] -- Up-to-date: /home/ti5/ws_moveit2/install/moveit_hybrid_planning/include/moveit/planner_logic_plugins/single_plan_execution.h
[3.876s] -- Up-to-date: /home/ti5/ws_moveit2/install/moveit_hybrid_planning/include/moveit/planner_logic_plugins/replan_invalidated_trajectory.h
[3.889s] -- Up-to-date: /home/ti5/ws_moveit2/install/moveit_hybrid_planning/include
[3.895s] -- Up-to-date: /home/ti5/ws_moveit2/install/moveit_hybrid_planning/include/moveit
[3.896s] -- Up-to-date: /home/ti5/ws_moveit2/install/moveit_hybrid_planning/include/moveit/local_planner
[3.896s] -- Up-to-date: /home/ti5/ws_moveit2/install/moveit_hybrid_planning/include/moveit/local_planner/trajectory_operator_interface.h
[3.897s] -- Up-to-date: /home/ti5/ws_moveit2/install/moveit_hybrid_planning/include/moveit/local_planner/local_planner_component.h
[3.897s] -- Up-to-date: /home/ti5/ws_moveit2/install/moveit_hybrid_planning/include/moveit/local_planner/local_constraint_solver_interface.h
[3.897s] -- Up-to-date: /home/ti5/ws_moveit2/install/moveit_hybrid_planning/include/moveit/local_planner/feedback_types.h
[3.898s] -- Up-to-date: /home/ti5/ws_moveit2/install/moveit_hybrid_planning/include
[3.898s] -- Up-to-date: /home/ti5/ws_moveit2/install/moveit_hybrid_planning/include/moveit
[3.899s] -- Up-to-date: /home/ti5/ws_moveit2/install/moveit_hybrid_planning/include/moveit/trajectory_operator_plugins
[3.899s] -- Up-to-date: /home/ti5/ws_moveit2/install/moveit_hybrid_planning/include/moveit/trajectory_operator_plugins/simple_sampler.h
[3.900s] -- Up-to-date: /home/ti5/ws_moveit2/install/moveit_hybrid_planning/include
[3.900s] -- Up-to-date: /home/ti5/ws_moveit2/install/moveit_hybrid_planning/include/moveit
[3.901s] -- Up-to-date: /home/ti5/ws_moveit2/install/moveit_hybrid_planning/include/moveit/local_constraint_solver_plugins
[3.901s] -- Up-to-date: /home/ti5/ws_moveit2/install/moveit_hybrid_planning/include/moveit/local_constraint_solver_plugins/forward_trajectory.h
[3.901s] -- Up-to-date: /home/ti5/ws_moveit2/install/moveit_hybrid_planning/share/moveit_hybrid_planning/launch
[3.902s] -- Up-to-date: /home/ti5/ws_moveit2/install/moveit_hybrid_planning/share/moveit_hybrid_planning/launch/hybrid_planning_demo.launch.py
[3.902s] -- Up-to-date: /home/ti5/ws_moveit2/install/moveit_hybrid_planning/share/moveit_hybrid_planning/launch/hybrid_planning_common.py
[3.916s] -- Up-to-date: /home/ti5/ws_moveit2/install/moveit_hybrid_planning/share/moveit_hybrid_planning/launch/test_basic_integration.test.py
[3.917s] -- Up-to-date: /home/ti5/ws_moveit2/install/moveit_hybrid_planning/share/moveit_hybrid_planning/config
[3.917s] -- Up-to-date: /home/ti5/ws_moveit2/install/moveit_hybrid_planning/share/moveit_hybrid_planning/config/local_planner.yaml
[3.925s] -- Up-to-date: /home/ti5/ws_moveit2/install/moveit_hybrid_planning/share/moveit_hybrid_planning/config/demo_controller.yaml
[3.926s] -- Up-to-date: /home/ti5/ws_moveit2/install/moveit_hybrid_planning/share/moveit_hybrid_planning/config/hybrid_planning_demo.rviz
[3.926s] -- Up-to-date: /home/ti5/ws_moveit2/install/moveit_hybrid_planning/share/moveit_hybrid_planning/config/hybrid_planning_manager.yaml
[3.927s] -- Up-to-date: /home/ti5/ws_moveit2/install/moveit_hybrid_planning/share/moveit_hybrid_planning/config/global_planner.yaml
[3.927s] -- Up-to-date: /home/ti5/ws_moveit2/install/moveit_hybrid_planning/share/moveit_hybrid_planning/config/common_hybrid_planning_params.yaml
[3.937s] -- Up-to-date: /home/ti5/ws_moveit2/install/moveit_hybrid_planning/share/moveit_hybrid_planning/single_plan_execution_plugin.xml
[3.940s] -- Up-to-date: /home/ti5/ws_moveit2/install/moveit_hybrid_planning/share/moveit_hybrid_planning/moveit_planning_pipeline_plugin.xml
[3.941s] -- Up-to-date: /home/ti5/ws_moveit2/install/moveit_hybrid_planning/share/moveit_hybrid_planning/simple_sampler_plugin.xml
[3.942s] -- Up-to-date: /home/ti5/ws_moveit2/install/moveit_hybrid_planning/share/moveit_hybrid_planning/replan_invalidated_trajectory_plugin.xml
[3.942s] -- Up-to-date: /home/ti5/ws_moveit2/install/moveit_hybrid_planning/share/moveit_hybrid_planning/forward_trajectory_plugin.xml
[3.950s] -- Up-to-date: /home/ti5/ws_moveit2/install/moveit_hybrid_planning/share/moveit_hybrid_planning/environment/library_path.sh
[3.950s] -- Up-to-date: /home/ti5/ws_moveit2/install/moveit_hybrid_planning/share/moveit_hybrid_planning/environment/library_path.dsv
[3.951s] -- Up-to-date: /home/ti5/ws_moveit2/install/moveit_hybrid_planning/share/ament_index/resource_index/package_run_dependencies/moveit_hybrid_planning
[3.953s] -- Up-to-date: /home/ti5/ws_moveit2/install/moveit_hybrid_planning/share/ament_index/resource_index/parent_prefix_path/moveit_hybrid_planning
[3.953s] -- Up-to-date: /home/ti5/ws_moveit2/install/moveit_hybrid_planning/share/moveit_hybrid_planning/environment/ament_prefix_path.sh
[3.954s] -- Up-to-date: /home/ti5/ws_moveit2/install/moveit_hybrid_planning/share/moveit_hybrid_planning/environment/ament_prefix_path.dsv
[3.955s] -- Up-to-date: /home/ti5/ws_moveit2/install/moveit_hybrid_planning/share/moveit_hybrid_planning/environment/path.sh
[3.963s] -- Up-to-date: /home/ti5/ws_moveit2/install/moveit_hybrid_planning/share/moveit_hybrid_planning/environment/path.dsv
[3.964s] -- Up-to-date: /home/ti5/ws_moveit2/install/moveit_hybrid_planning/share/moveit_hybrid_planning/local_setup.bash
[3.965s] -- Up-to-date: /home/ti5/ws_moveit2/install/moveit_hybrid_planning/share/moveit_hybrid_planning/local_setup.sh
[3.965s] -- Up-to-date: /home/ti5/ws_moveit2/install/moveit_hybrid_planning/share/moveit_hybrid_planning/local_setup.zsh
[3.966s] -- Up-to-date: /home/ti5/ws_moveit2/install/moveit_hybrid_planning/share/moveit_hybrid_planning/local_setup.dsv
[3.967s] -- Installing: /home/ti5/ws_moveit2/install/moveit_hybrid_planning/share/moveit_hybrid_planning/package.dsv
[3.969s] -- Up-to-date: /home/ti5/ws_moveit2/install/moveit_hybrid_planning/share/ament_index/resource_index/packages/moveit_hybrid_planning
[3.969s] -- Up-to-date: /home/ti5/ws_moveit2/install/moveit_hybrid_planning/share/ament_index/resource_index/moveit_hybrid_planning__pluginlib__plugin/moveit_hybrid_planning
[3.969s] -- Up-to-date: /home/ti5/ws_moveit2/install/moveit_hybrid_planning/share/ament_index/resource_index/rclcpp_components/moveit_hybrid_planning
[3.970s] -- Up-to-date: /home/ti5/ws_moveit2/install/moveit_hybrid_planning/share/moveit_hybrid_planning/cmake/export_moveit_hybrid_planningExport.cmake
[3.970s] -- Up-to-date: /home/ti5/ws_moveit2/install/moveit_hybrid_planning/share/moveit_hybrid_planning/cmake/export_moveit_hybrid_planningExport-release.cmake
[3.971s] -- Up-to-date: /home/ti5/ws_moveit2/install/moveit_hybrid_planning/share/moveit_hybrid_planning/cmake/ament_cmake_export_include_directories-extras.cmake
[3.980s] -- Up-to-date: /home/ti5/ws_moveit2/install/moveit_hybrid_planning/share/moveit_hybrid_planning/cmake/ament_cmake_export_libraries-extras.cmake
[3.981s] -- Up-to-date: /home/ti5/ws_moveit2/install/moveit_hybrid_planning/share/moveit_hybrid_planning/cmake/ament_cmake_export_dependencies-extras.cmake
[3.987s] -- Up-to-date: /home/ti5/ws_moveit2/install/moveit_hybrid_planning/share/moveit_hybrid_planning/cmake/ament_cmake_export_targets-extras.cmake
[3.988s] -- Up-to-date: /home/ti5/ws_moveit2/install/moveit_hybrid_planning/share/moveit_hybrid_planning/cmake/moveit_hybrid_planningConfig.cmake
[3.988s] -- Up-to-date: /home/ti5/ws_moveit2/install/moveit_hybrid_planning/share/moveit_hybrid_planning/cmake/moveit_hybrid_planningConfig-version.cmake
[3.989s] -- Up-to-date: /home/ti5/ws_moveit2/install/moveit_hybrid_planning/share/moveit_hybrid_planning/package.xml
[3.993s] Invoked command in '/home/ti5/ws_moveit2/build/moveit_hybrid_planning' returned '0': AMENT_PREFIX_PATH=/home/ti5/ws_moveit2/install/moveit_ros_planning_interface:/home/ti5/ws_moveit2/install/moveit_ros_move_group:/home/ti5/ws_moveit2/install/moveit_ros_warehouse:/home/ti5/ws_moveit2/install/moveit_planners_ompl:/home/ti5/ws_moveit2/install/moveit_kinematics:/home/ti5/ws_moveit2/install/moveit_ros_planning:/home/ti5/ws_moveit2/install/moveit_ros_occupancy_map_monitor:/home/ti5/ws_moveit2/install/moveit_core:/home/ti5/ws_moveit2/install/moveit_resources_panda_moveit_config:/home/ti5/ws_moveit2/install/srdfdom:/home/ti5/ws_moveit2/install/moveit_resources_panda_description:/home/ti5/ws_moveit2/install/moveit_common:${AMENT_PREFIX_PATH} CMAKE_PREFIX_PATH=/home/ti5/ws_moveit2/install/moveit_ros_planning_interface:/home/ti5/ws_moveit2/install/moveit_ros_move_group:/home/ti5/ws_moveit2/install/moveit_ros_warehouse:/home/ti5/ws_moveit2/install/moveit_planners_ompl:/home/ti5/ws_moveit2/install/moveit_kinematics:/home/ti5/ws_moveit2/install/moveit_ros_planning:/home/ti5/ws_moveit2/install/moveit_ros_occupancy_map_monitor:/home/ti5/ws_moveit2/install/moveit_core:/home/ti5/ws_moveit2/install/moveit_resources_panda_moveit_config:/home/ti5/ws_moveit2/install/srdfdom:/home/ti5/ws_moveit2/install/moveit_resources_panda_description:/home/ti5/ws_moveit2/install/moveit_common:/opt/ros/humble LD_LIBRARY_PATH=/home/ti5/ws_moveit2/install/moveit_ros_planning_interface/lib:/home/ti5/ws_moveit2/install/moveit_ros_move_group/lib:/home/ti5/ws_moveit2/install/moveit_ros_warehouse/lib:/home/ti5/ws_moveit2/install/moveit_planners_ompl/lib:/home/ti5/ws_moveit2/install/moveit_kinematics/lib:/home/ti5/ws_moveit2/install/moveit_ros_planning/lib:/home/ti5/ws_moveit2/install/moveit_ros_occupancy_map_monitor/lib:/home/ti5/ws_moveit2/install/moveit_core/lib:/home/ti5/ws_moveit2/install/srdfdom/lib:${LD_LIBRARY_PATH} PATH=/home/ti5/ws_moveit2/install/moveit_core/bin:${PATH} PYTHONPATH=/home/ti5/ws_moveit2/install/srdfdom/local/lib/python3.10/dist-packages:${PYTHONPATH} /usr/bin/cmake --install /home/ti5/ws_moveit2/build/moveit_hybrid_planning
