[4.435s] Invoking command in '/home/ti5/ws_moveit2/launch_param_builder': PYTHONPATH=/home/ti5/ws_moveit2/build/launch_param_builder/prefix_override:/home/ti5/ws_moveit2/install/launch_param_builder/lib/python3.10/site-packages:${PYTHONPATH} /usr/bin/python3 -W ignore:setup.py install is deprecated setup.py egg_info --egg-base ../build/launch_param_builder build --build-base /home/ti5/ws_moveit2/build/launch_param_builder/build install --record /home/ti5/ws_moveit2/build/launch_param_builder/install.log --single-version-externally-managed install_data
[7.477s] running egg_info
[7.487s] writing ../build/launch_param_builder/launch_param_builder.egg-info/PKG-INFO
[7.487s] writing dependency_links to ../build/launch_param_builder/launch_param_builder.egg-info/dependency_links.txt
[7.488s] writing entry points to ../build/launch_param_builder/launch_param_builder.egg-info/entry_points.txt
[7.491s] writing requirements to ../build/launch_param_builder/launch_param_builder.egg-info/requires.txt
[7.504s] writing top-level names to ../build/launch_param_builder/launch_param_builder.egg-info/top_level.txt
[7.512s] reading manifest file '../build/launch_param_builder/launch_param_builder.egg-info/SOURCES.txt'
[7.518s] adding license file 'LICENSE'
[7.525s] writing manifest file '../build/launch_param_builder/launch_param_builder.egg-info/SOURCES.txt'
[7.527s] running build
[7.529s] running build_py
[7.529s] running install
[7.540s] running install_lib
[7.546s] running install_data
[7.554s] running install_egg_info
[7.567s] removing '/home/ti5/ws_moveit2/install/launch_param_builder/lib/python3.10/site-packages/launch_param_builder-0.1.1-py3.10.egg-info' (and everything under it)
[7.571s] Copying ../build/launch_param_builder/launch_param_builder.egg-info to /home/ti5/ws_moveit2/install/launch_param_builder/lib/python3.10/site-packages/launch_param_builder-0.1.1-py3.10.egg-info
[7.586s] running install_scripts
[7.859s] writing list of installed files to '/home/ti5/ws_moveit2/build/launch_param_builder/install.log'
[8.054s] Invoked command in '/home/ti5/ws_moveit2/launch_param_builder' returned '0': PYTHONPATH=/home/ti5/ws_moveit2/build/launch_param_builder/prefix_override:/home/ti5/ws_moveit2/install/launch_param_builder/lib/python3.10/site-packages:${PYTHONPATH} /usr/bin/python3 -W ignore:setup.py install is deprecated setup.py egg_info --egg-base ../build/launch_param_builder build --build-base /home/ti5/ws_moveit2/build/launch_param_builder/build install --record /home/ti5/ws_moveit2/build/launch_param_builder/install.log --single-version-externally-managed install_data
