[0.239s] Invoking command in '/home/ti5/ws_moveit2/build/moveit_ros_planning_interface': AMENT_PREFIX_PATH=/home/ti5/ws_moveit2/install/moveit_ros_move_group:/home/ti5/ws_moveit2/install/moveit_ros_warehouse:/home/ti5/ws_moveit2/install/moveit_planners_ompl:/home/ti5/ws_moveit2/install/moveit_kinematics:/home/ti5/ws_moveit2/install/moveit_ros_planning:/home/ti5/ws_moveit2/install/moveit_simple_controller_manager:/home/ti5/ws_moveit2/install/moveit_ros_occupancy_map_monitor:/home/ti5/ws_moveit2/install/moveit_core:/home/ti5/ws_moveit2/install/moveit_resources_panda_moveit_config:/home/ti5/ws_moveit2/install/moveit_resources_fanuc_moveit_config:/home/ti5/ws_moveit2/install/moveit_configs_utils:/home/ti5/ws_moveit2/install/srdfdom:/home/ti5/ws_moveit2/install/moveit_resources_panda_description:/home/ti5/ws_moveit2/install/moveit_resources_fanuc_description:/home/ti5/ws_moveit2/install/moveit_common:/home/ti5/ws_moveit2/install/launch_param_builder:${AMENT_PREFIX_PATH} CMAKE_PREFIX_PATH=/home/ti5/ws_moveit2/install/moveit_ros_move_group:/home/ti5/ws_moveit2/install/moveit_ros_warehouse:/home/ti5/ws_moveit2/install/moveit_planners_ompl:/home/ti5/ws_moveit2/install/moveit_kinematics:/home/ti5/ws_moveit2/install/moveit_ros_planning:/home/ti5/ws_moveit2/install/moveit_simple_controller_manager:/home/ti5/ws_moveit2/install/moveit_ros_occupancy_map_monitor:/home/ti5/ws_moveit2/install/moveit_core:/home/ti5/ws_moveit2/install/moveit_resources_panda_moveit_config:/home/ti5/ws_moveit2/install/moveit_resources_fanuc_moveit_config:/home/ti5/ws_moveit2/install/srdfdom:/home/ti5/ws_moveit2/install/moveit_resources_panda_description:/home/ti5/ws_moveit2/install/moveit_resources_fanuc_description:/home/ti5/ws_moveit2/install/moveit_common:/opt/ros/humble LD_LIBRARY_PATH=/home/ti5/ws_moveit2/install/moveit_ros_move_group/lib:/home/ti5/ws_moveit2/install/moveit_ros_warehouse/lib:/home/ti5/ws_moveit2/install/moveit_planners_ompl/lib:/home/ti5/ws_moveit2/install/moveit_kinematics/lib:/home/ti5/ws_moveit2/install/moveit_ros_planning/lib:/home/ti5/ws_moveit2/install/moveit_simple_controller_manager/lib:/home/ti5/ws_moveit2/install/moveit_ros_occupancy_map_monitor/lib:/home/ti5/ws_moveit2/install/moveit_core/lib:/home/ti5/ws_moveit2/install/srdfdom/lib:${LD_LIBRARY_PATH} PATH=/home/ti5/ws_moveit2/install/moveit_core/bin:${PATH} PYTHONPATH=/home/ti5/ws_moveit2/install/moveit_configs_utils/lib/python3.10/site-packages:/home/ti5/ws_moveit2/install/srdfdom/local/lib/python3.10/dist-packages:/home/ti5/ws_moveit2/install/launch_param_builder/lib/python3.10/site-packages:${PYTHONPATH} /usr/bin/cmake /home/ti5/ws_moveit2/moveit2/moveit_ros/planning_interface -DCMAKE_INSTALL_PREFIX=/home/ti5/ws_moveit2/install/moveit_ros_planning_interface
[0.609s] -- The C compiler identification is GNU 11.4.0
[0.888s] -- The CXX compiler identification is GNU 11.4.0
[0.927s] -- Detecting C compiler ABI info
[1.263s] -- Detecting C compiler ABI info - done
[1.310s] -- Check for working C compiler: /usr/bin/cc - skipped
[1.311s] -- Detecting C compile features
[1.314s] -- Detecting C compile features - done
[1.330s] -- Detecting CXX compiler ABI info
[1.706s] -- Detecting CXX compiler ABI info - done
[1.755s] -- Check for working CXX compiler: /usr/bin/c++ - skipped
[1.756s] -- Detecting CXX compile features
[1.759s] -- Detecting CXX compile features - done
[1.774s] -- Found moveit_common: 2.5.5 (/home/ti5/ws_moveit2/install/moveit_common/share/moveit_common/cmake)
[1.812s] -- Found ament_cmake: 1.3.8 (/opt/ros/humble/share/ament_cmake/cmake)
[2.613s] -- Found Python3: /usr/bin/python3 (found version "3.10.12") found components: Interpreter 
[3.580s] -- Found libdw: /usr/lib/x86_64-linux-gnu/libdw.so  
[3.604s] -- Could NOT find libbfd (missing: LIBBFD_LIBRARY LIBBFD_INCLUDE_DIR) 
[3.604s] -- BACKWARD_HAS_UNWIND=1
[3.605s] -- BACKWARD_HAS_BACKTRACE=0
[3.605s] -- BACKWARD_HAS_BACKTRACE_SYMBOL=0
[3.605s] -- BACKWARD_HAS_DW=1
[3.606s] -- BACKWARD_HAS_BFD=0
[3.607s] -- Found Backward: /opt/ros/humble/share/backward_ros/cmake  
[3.609s] [0mmoveit_ros_planning_interface: You did not request a specific build type: Choosing 'Release' for maximum performance[0m
[3.628s] -- Found moveit_msgs: 2.2.1 (/opt/ros/humble/share/moveit_msgs/cmake)
[3.900s] -- Found rosidl_generator_c: 3.1.5 (/opt/ros/humble/share/rosidl_generator_c/cmake)
[3.948s] -- Found rosidl_adapter: 3.1.5 (/opt/ros/humble/share/rosidl_adapter/cmake)
[4.017s] -- Found rosidl_generator_cpp: 3.1.5 (/opt/ros/humble/share/rosidl_generator_cpp/cmake)
[4.140s] -- Using all available rosidl_typesupport_c: rosidl_typesupport_fastrtps_c;rosidl_typesupport_introspection_c
[4.295s] -- Using all available rosidl_typesupport_cpp: rosidl_typesupport_fastrtps_cpp;rosidl_typesupport_introspection_cpp
[9.373s] -- Found moveit_core: 2.5.5 (/home/ti5/ws_moveit2/install/moveit_core/share/moveit_core/cmake)
[10.621s] -- Found Boost: /usr/lib/x86_64-linux-gnu/cmake/Boost-1.74.0/BoostConfig.cmake (found version "1.74.0") found components: chrono date_time filesystem iostreams program_options regex serialization system thread 
[10.959s] -- Found parameter_traits: 0.3.8 (/opt/ros/humble/share/parameter_traits/cmake)
[11.451s] -- Found rmw_implementation_cmake: 6.1.1 (/opt/ros/humble/share/rmw_implementation_cmake/cmake)
[11.478s] -- Found rmw_fastrtps_cpp: 6.2.6 (/opt/ros/humble/share/rmw_fastrtps_cpp/cmake)
[12.079s] -- Found OpenSSL: /usr/lib/x86_64-linux-gnu/libcrypto.so (found version "3.0.2")  
[12.189s] -- Found FastRTPS: /opt/ros/humble/include  
[12.413s] -- Using RMW implementation 'rmw_fastrtps_cpp' as default
[12.493s] -- Found Threads: TRUE  
[13.475s] -- Found Eigen3: TRUE (found version "3.4.0") 
[13.497s] -- Found rclcpp_lifecycle: 16.0.8 (/opt/ros/humble/share/rclcpp_lifecycle/cmake)
[13.816s] -- Found Boost: /usr/lib/x86_64-linux-gnu/cmake/Boost-1.74.0/BoostConfig.cmake (found version "1.74.0") found components: filesystem 
[14.335s] -- library: /usr/lib/x86_64-linux-gnu/libcurl.so
[15.285s] -- Ensuring Eigen3 include directory is part of orocos-kdl CMake target
[18.059s] -- Found moveit_ros_planning: 2.5.5 (/home/ti5/ws_moveit2/install/moveit_ros_planning/share/moveit_ros_planning/cmake)
[18.083s] -- Found Boost: /usr/lib/x86_64-linux-gnu/cmake/Boost-1.74.0/BoostConfig.cmake (found version "1.74.0") found components: system filesystem date_time program_options thread chrono 
[20.187s] -- Found moveit_ros_warehouse: 2.5.5 (/home/ti5/ws_moveit2/install/moveit_ros_warehouse/share/moveit_ros_warehouse/cmake)
[20.211s] -- Found Boost: /usr/lib/x86_64-linux-gnu/cmake/Boost-1.74.0/BoostConfig.cmake (found version "1.74.0") found components: thread system filesystem regex date_time program_options 
[21.349s] -- Found moveit_ros_move_group: 2.5.5 (/home/ti5/ws_moveit2/install/moveit_ros_move_group/share/moveit_ros_move_group/cmake)
[21.372s] -- Found Boost: /usr/lib/x86_64-linux-gnu/cmake/Boost-1.74.0/BoostConfig.cmake (found version "1.74.0") found components: system filesystem date_time program_options thread 
[22.456s] -- Found rclpy: 3.3.12 (/opt/ros/humble/share/rclpy/cmake)
[22.485s] -- Found Boost: /usr/lib/x86_64-linux-gnu/cmake/Boost-1.74.0/BoostConfig.cmake (found version "1.74.0") found components: date_time filesystem program_options system thread 
[22.570s] -- Performing Test COMPILER_HAS_HIDDEN_VISIBILITY
[23.081s] -- Performing Test COMPILER_HAS_HIDDEN_VISIBILITY - Success
[23.085s] -- Performing Test COMPILER_HAS_HIDDEN_INLINE_VISIBILITY
[23.601s] -- Performing Test COMPILER_HAS_HIDDEN_INLINE_VISIBILITY - Success
[23.602s] -- Performing Test COMPILER_HAS_DEPRECATED_ATTR
[24.117s] -- Performing Test COMPILER_HAS_DEPRECATED_ATTR - Success
[24.173s] -- Found ament_cmake_gtest: 1.3.8 (/opt/ros/humble/share/ament_cmake_gtest/cmake)
[24.194s] -- Found ros_testing: 0.4.0 (/opt/ros/humble/share/ros_testing/cmake)
[24.211s] -- Found launch_testing_ament_cmake: 1.0.5 (/opt/ros/humble/share/launch_testing_ament_cmake/cmake)
[24.229s] -- Found python_cmake_module: 0.10.0 (/opt/ros/humble/share/python_cmake_module/cmake)
[24.336s] -- Found PythonInterp: /usr/bin/python3 (found suitable version "3.10.12", minimum required is "3.6") 
[24.365s] -- Found PythonLibs: /usr/lib/x86_64-linux-gnu/libpython3.10.so (found suitable version "3.10.12", minimum required is "3.5") 
[24.366s] -- Using PYTHON_EXECUTABLE: /usr/bin/python3
[24.366s] -- Using PYTHON_INCLUDE_DIRS: /usr/include/python3.10
[24.366s] -- Using PYTHON_LIBRARIES: /usr/lib/x86_64-linux-gnu/libpython3.10.so
[24.470s] -- Found PythonExtra: .so  
[24.498s] -- Found ament_lint_auto: 0.12.10 (/opt/ros/humble/share/ament_lint_auto/cmake)
[24.546s] -- Found Boost: /usr/lib/x86_64-linux-gnu/cmake/Boost-1.74.0/BoostConfig.cmake (found version "1.74.0") found components: thread 
[27.083s] -- Configuring done
[27.466s] -- Generating done
[27.480s] -- Build files have been written to: /home/ti5/ws_moveit2/build/moveit_ros_planning_interface
[27.550s] Invoked command in '/home/ti5/ws_moveit2/build/moveit_ros_planning_interface' returned '0': AMENT_PREFIX_PATH=/home/ti5/ws_moveit2/install/moveit_ros_move_group:/home/ti5/ws_moveit2/install/moveit_ros_warehouse:/home/ti5/ws_moveit2/install/moveit_planners_ompl:/home/ti5/ws_moveit2/install/moveit_kinematics:/home/ti5/ws_moveit2/install/moveit_ros_planning:/home/ti5/ws_moveit2/install/moveit_simple_controller_manager:/home/ti5/ws_moveit2/install/moveit_ros_occupancy_map_monitor:/home/ti5/ws_moveit2/install/moveit_core:/home/ti5/ws_moveit2/install/moveit_resources_panda_moveit_config:/home/ti5/ws_moveit2/install/moveit_resources_fanuc_moveit_config:/home/ti5/ws_moveit2/install/moveit_configs_utils:/home/ti5/ws_moveit2/install/srdfdom:/home/ti5/ws_moveit2/install/moveit_resources_panda_description:/home/ti5/ws_moveit2/install/moveit_resources_fanuc_description:/home/ti5/ws_moveit2/install/moveit_common:/home/ti5/ws_moveit2/install/launch_param_builder:${AMENT_PREFIX_PATH} CMAKE_PREFIX_PATH=/home/ti5/ws_moveit2/install/moveit_ros_move_group:/home/ti5/ws_moveit2/install/moveit_ros_warehouse:/home/ti5/ws_moveit2/install/moveit_planners_ompl:/home/ti5/ws_moveit2/install/moveit_kinematics:/home/ti5/ws_moveit2/install/moveit_ros_planning:/home/ti5/ws_moveit2/install/moveit_simple_controller_manager:/home/ti5/ws_moveit2/install/moveit_ros_occupancy_map_monitor:/home/ti5/ws_moveit2/install/moveit_core:/home/ti5/ws_moveit2/install/moveit_resources_panda_moveit_config:/home/ti5/ws_moveit2/install/moveit_resources_fanuc_moveit_config:/home/ti5/ws_moveit2/install/srdfdom:/home/ti5/ws_moveit2/install/moveit_resources_panda_description:/home/ti5/ws_moveit2/install/moveit_resources_fanuc_description:/home/ti5/ws_moveit2/install/moveit_common:/opt/ros/humble LD_LIBRARY_PATH=/home/ti5/ws_moveit2/install/moveit_ros_move_group/lib:/home/ti5/ws_moveit2/install/moveit_ros_warehouse/lib:/home/ti5/ws_moveit2/install/moveit_planners_ompl/lib:/home/ti5/ws_moveit2/install/moveit_kinematics/lib:/home/ti5/ws_moveit2/install/moveit_ros_planning/lib:/home/ti5/ws_moveit2/install/moveit_simple_controller_manager/lib:/home/ti5/ws_moveit2/install/moveit_ros_occupancy_map_monitor/lib:/home/ti5/ws_moveit2/install/moveit_core/lib:/home/ti5/ws_moveit2/install/srdfdom/lib:${LD_LIBRARY_PATH} PATH=/home/ti5/ws_moveit2/install/moveit_core/bin:${PATH} PYTHONPATH=/home/ti5/ws_moveit2/install/moveit_configs_utils/lib/python3.10/site-packages:/home/ti5/ws_moveit2/install/srdfdom/local/lib/python3.10/dist-packages:/home/ti5/ws_moveit2/install/launch_param_builder/lib/python3.10/site-packages:${PYTHONPATH} /usr/bin/cmake /home/ti5/ws_moveit2/moveit2/moveit_ros/planning_interface -DCMAKE_INSTALL_PREFIX=/home/ti5/ws_moveit2/install/moveit_ros_planning_interface
[27.560s] Invoking command in '/home/ti5/ws_moveit2/build/moveit_ros_planning_interface': AMENT_PREFIX_PATH=/home/ti5/ws_moveit2/install/moveit_ros_move_group:/home/ti5/ws_moveit2/install/moveit_ros_warehouse:/home/ti5/ws_moveit2/install/moveit_planners_ompl:/home/ti5/ws_moveit2/install/moveit_kinematics:/home/ti5/ws_moveit2/install/moveit_ros_planning:/home/ti5/ws_moveit2/install/moveit_simple_controller_manager:/home/ti5/ws_moveit2/install/moveit_ros_occupancy_map_monitor:/home/ti5/ws_moveit2/install/moveit_core:/home/ti5/ws_moveit2/install/moveit_resources_panda_moveit_config:/home/ti5/ws_moveit2/install/moveit_resources_fanuc_moveit_config:/home/ti5/ws_moveit2/install/moveit_configs_utils:/home/ti5/ws_moveit2/install/srdfdom:/home/ti5/ws_moveit2/install/moveit_resources_panda_description:/home/ti5/ws_moveit2/install/moveit_resources_fanuc_description:/home/ti5/ws_moveit2/install/moveit_common:/home/ti5/ws_moveit2/install/launch_param_builder:${AMENT_PREFIX_PATH} CMAKE_PREFIX_PATH=/home/ti5/ws_moveit2/install/moveit_ros_move_group:/home/ti5/ws_moveit2/install/moveit_ros_warehouse:/home/ti5/ws_moveit2/install/moveit_planners_ompl:/home/ti5/ws_moveit2/install/moveit_kinematics:/home/ti5/ws_moveit2/install/moveit_ros_planning:/home/ti5/ws_moveit2/install/moveit_simple_controller_manager:/home/ti5/ws_moveit2/install/moveit_ros_occupancy_map_monitor:/home/ti5/ws_moveit2/install/moveit_core:/home/ti5/ws_moveit2/install/moveit_resources_panda_moveit_config:/home/ti5/ws_moveit2/install/moveit_resources_fanuc_moveit_config:/home/ti5/ws_moveit2/install/srdfdom:/home/ti5/ws_moveit2/install/moveit_resources_panda_description:/home/ti5/ws_moveit2/install/moveit_resources_fanuc_description:/home/ti5/ws_moveit2/install/moveit_common:/opt/ros/humble LD_LIBRARY_PATH=/home/ti5/ws_moveit2/install/moveit_ros_move_group/lib:/home/ti5/ws_moveit2/install/moveit_ros_warehouse/lib:/home/ti5/ws_moveit2/install/moveit_planners_ompl/lib:/home/ti5/ws_moveit2/install/moveit_kinematics/lib:/home/ti5/ws_moveit2/install/moveit_ros_planning/lib:/home/ti5/ws_moveit2/install/moveit_simple_controller_manager/lib:/home/ti5/ws_moveit2/install/moveit_ros_occupancy_map_monitor/lib:/home/ti5/ws_moveit2/install/moveit_core/lib:/home/ti5/ws_moveit2/install/srdfdom/lib:${LD_LIBRARY_PATH} PATH=/home/ti5/ws_moveit2/install/moveit_core/bin:${PATH} PYTHONPATH=/home/ti5/ws_moveit2/install/moveit_configs_utils/lib/python3.10/site-packages:/home/ti5/ws_moveit2/install/srdfdom/local/lib/python3.10/dist-packages:/home/ti5/ws_moveit2/install/launch_param_builder/lib/python3.10/site-packages:${PYTHONPATH} /usr/bin/cmake --build /home/ti5/ws_moveit2/build/moveit_ros_planning_interface -- -j4 -l4
[27.825s] [ 16%] [32mBuilding CXX object common_planning_interface_objects/CMakeFiles/moveit_common_planning_interface_objects.dir/src/common_objects.cpp.o[0m
[27.828s] [ 33%] [32mBuilding CXX object planning_scene_interface/CMakeFiles/moveit_planning_scene_interface.dir/src/planning_scene_interface.cpp.o[0m
[71.300s] [ 50%] [32m[1mLinking CXX shared library libmoveit_common_planning_interface_objects.so[0m
[73.103s] [ 50%] Built target moveit_common_planning_interface_objects
[90.584s] [ 66%] [32m[1mLinking CXX shared library libmoveit_planning_scene_interface.so[0m
[92.530s] [ 66%] Built target moveit_planning_scene_interface
[92.651s] [ 83%] [32mBuilding CXX object move_group_interface/CMakeFiles/moveit_move_group_interface.dir/src/move_group_interface.cpp.o[0m
[213.604s] [100%] [32m[1mLinking CXX shared library libmoveit_move_group_interface.so[0m
[216.227s] [100%] Built target moveit_move_group_interface
[216.426s] Invoked command in '/home/ti5/ws_moveit2/build/moveit_ros_planning_interface' returned '0': AMENT_PREFIX_PATH=/home/ti5/ws_moveit2/install/moveit_ros_move_group:/home/ti5/ws_moveit2/install/moveit_ros_warehouse:/home/ti5/ws_moveit2/install/moveit_planners_ompl:/home/ti5/ws_moveit2/install/moveit_kinematics:/home/ti5/ws_moveit2/install/moveit_ros_planning:/home/ti5/ws_moveit2/install/moveit_simple_controller_manager:/home/ti5/ws_moveit2/install/moveit_ros_occupancy_map_monitor:/home/ti5/ws_moveit2/install/moveit_core:/home/ti5/ws_moveit2/install/moveit_resources_panda_moveit_config:/home/ti5/ws_moveit2/install/moveit_resources_fanuc_moveit_config:/home/ti5/ws_moveit2/install/moveit_configs_utils:/home/ti5/ws_moveit2/install/srdfdom:/home/ti5/ws_moveit2/install/moveit_resources_panda_description:/home/ti5/ws_moveit2/install/moveit_resources_fanuc_description:/home/ti5/ws_moveit2/install/moveit_common:/home/ti5/ws_moveit2/install/launch_param_builder:${AMENT_PREFIX_PATH} CMAKE_PREFIX_PATH=/home/ti5/ws_moveit2/install/moveit_ros_move_group:/home/ti5/ws_moveit2/install/moveit_ros_warehouse:/home/ti5/ws_moveit2/install/moveit_planners_ompl:/home/ti5/ws_moveit2/install/moveit_kinematics:/home/ti5/ws_moveit2/install/moveit_ros_planning:/home/ti5/ws_moveit2/install/moveit_simple_controller_manager:/home/ti5/ws_moveit2/install/moveit_ros_occupancy_map_monitor:/home/ti5/ws_moveit2/install/moveit_core:/home/ti5/ws_moveit2/install/moveit_resources_panda_moveit_config:/home/ti5/ws_moveit2/install/moveit_resources_fanuc_moveit_config:/home/ti5/ws_moveit2/install/srdfdom:/home/ti5/ws_moveit2/install/moveit_resources_panda_description:/home/ti5/ws_moveit2/install/moveit_resources_fanuc_description:/home/ti5/ws_moveit2/install/moveit_common:/opt/ros/humble LD_LIBRARY_PATH=/home/ti5/ws_moveit2/install/moveit_ros_move_group/lib:/home/ti5/ws_moveit2/install/moveit_ros_warehouse/lib:/home/ti5/ws_moveit2/install/moveit_planners_ompl/lib:/home/ti5/ws_moveit2/install/moveit_kinematics/lib:/home/ti5/ws_moveit2/install/moveit_ros_planning/lib:/home/ti5/ws_moveit2/install/moveit_simple_controller_manager/lib:/home/ti5/ws_moveit2/install/moveit_ros_occupancy_map_monitor/lib:/home/ti5/ws_moveit2/install/moveit_core/lib:/home/ti5/ws_moveit2/install/srdfdom/lib:${LD_LIBRARY_PATH} PATH=/home/ti5/ws_moveit2/install/moveit_core/bin:${PATH} PYTHONPATH=/home/ti5/ws_moveit2/install/moveit_configs_utils/lib/python3.10/site-packages:/home/ti5/ws_moveit2/install/srdfdom/local/lib/python3.10/dist-packages:/home/ti5/ws_moveit2/install/launch_param_builder/lib/python3.10/site-packages:${PYTHONPATH} /usr/bin/cmake --build /home/ti5/ws_moveit2/build/moveit_ros_planning_interface -- -j4 -l4
[216.592s] Invoking command in '/home/ti5/ws_moveit2/build/moveit_ros_planning_interface': AMENT_PREFIX_PATH=/home/ti5/ws_moveit2/install/moveit_ros_move_group:/home/ti5/ws_moveit2/install/moveit_ros_warehouse:/home/ti5/ws_moveit2/install/moveit_planners_ompl:/home/ti5/ws_moveit2/install/moveit_kinematics:/home/ti5/ws_moveit2/install/moveit_ros_planning:/home/ti5/ws_moveit2/install/moveit_simple_controller_manager:/home/ti5/ws_moveit2/install/moveit_ros_occupancy_map_monitor:/home/ti5/ws_moveit2/install/moveit_core:/home/ti5/ws_moveit2/install/moveit_resources_panda_moveit_config:/home/ti5/ws_moveit2/install/moveit_resources_fanuc_moveit_config:/home/ti5/ws_moveit2/install/moveit_configs_utils:/home/ti5/ws_moveit2/install/srdfdom:/home/ti5/ws_moveit2/install/moveit_resources_panda_description:/home/ti5/ws_moveit2/install/moveit_resources_fanuc_description:/home/ti5/ws_moveit2/install/moveit_common:/home/ti5/ws_moveit2/install/launch_param_builder:${AMENT_PREFIX_PATH} CMAKE_PREFIX_PATH=/home/ti5/ws_moveit2/install/moveit_ros_move_group:/home/ti5/ws_moveit2/install/moveit_ros_warehouse:/home/ti5/ws_moveit2/install/moveit_planners_ompl:/home/ti5/ws_moveit2/install/moveit_kinematics:/home/ti5/ws_moveit2/install/moveit_ros_planning:/home/ti5/ws_moveit2/install/moveit_simple_controller_manager:/home/ti5/ws_moveit2/install/moveit_ros_occupancy_map_monitor:/home/ti5/ws_moveit2/install/moveit_core:/home/ti5/ws_moveit2/install/moveit_resources_panda_moveit_config:/home/ti5/ws_moveit2/install/moveit_resources_fanuc_moveit_config:/home/ti5/ws_moveit2/install/srdfdom:/home/ti5/ws_moveit2/install/moveit_resources_panda_description:/home/ti5/ws_moveit2/install/moveit_resources_fanuc_description:/home/ti5/ws_moveit2/install/moveit_common:/opt/ros/humble LD_LIBRARY_PATH=/home/ti5/ws_moveit2/install/moveit_ros_move_group/lib:/home/ti5/ws_moveit2/install/moveit_ros_warehouse/lib:/home/ti5/ws_moveit2/install/moveit_planners_ompl/lib:/home/ti5/ws_moveit2/install/moveit_kinematics/lib:/home/ti5/ws_moveit2/install/moveit_ros_planning/lib:/home/ti5/ws_moveit2/install/moveit_simple_controller_manager/lib:/home/ti5/ws_moveit2/install/moveit_ros_occupancy_map_monitor/lib:/home/ti5/ws_moveit2/install/moveit_core/lib:/home/ti5/ws_moveit2/install/srdfdom/lib:${LD_LIBRARY_PATH} PATH=/home/ti5/ws_moveit2/install/moveit_core/bin:${PATH} PYTHONPATH=/home/ti5/ws_moveit2/install/moveit_configs_utils/lib/python3.10/site-packages:/home/ti5/ws_moveit2/install/srdfdom/local/lib/python3.10/dist-packages:/home/ti5/ws_moveit2/install/launch_param_builder/lib/python3.10/site-packages:${PYTHONPATH} /usr/bin/cmake --install /home/ti5/ws_moveit2/build/moveit_ros_planning_interface
[216.628s] -- Install configuration: "Release"
[216.632s] -- Installing: /home/ti5/ws_moveit2/install/moveit_ros_planning_interface/include
[216.633s] -- Installing: /home/ti5/ws_moveit2/install/moveit_ros_planning_interface/include/moveit
[216.634s] -- Installing: /home/ti5/ws_moveit2/install/moveit_ros_planning_interface/include/moveit/common_planning_interface_objects
[216.634s] -- Installing: /home/ti5/ws_moveit2/install/moveit_ros_planning_interface/include/moveit/common_planning_interface_objects/common_objects.h
[216.636s] -- Up-to-date: /home/ti5/ws_moveit2/install/moveit_ros_planning_interface/include
[216.636s] -- Up-to-date: /home/ti5/ws_moveit2/install/moveit_ros_planning_interface/include/moveit
[216.637s] -- Installing: /home/ti5/ws_moveit2/install/moveit_ros_planning_interface/include/moveit/planning_scene_interface
[216.637s] -- Installing: /home/ti5/ws_moveit2/install/moveit_ros_planning_interface/include/moveit/planning_scene_interface/planning_scene_interface.h
[216.639s] -- Up-to-date: /home/ti5/ws_moveit2/install/moveit_ros_planning_interface/include
[216.639s] -- Up-to-date: /home/ti5/ws_moveit2/install/moveit_ros_planning_interface/include/moveit
[216.640s] -- Installing: /home/ti5/ws_moveit2/install/moveit_ros_planning_interface/include/moveit/move_group_interface
[216.641s] -- Installing: /home/ti5/ws_moveit2/install/moveit_ros_planning_interface/include/moveit/move_group_interface/move_group_interface.h
[216.642s] -- Installing: /home/ti5/ws_moveit2/install/moveit_ros_planning_interface/include/moveit_move_group_interface_export.h
[216.643s] -- Installing: /home/ti5/ws_moveit2/install/moveit_ros_planning_interface/lib/libmoveit_common_planning_interface_objects.so.2.5.5
[216.646s] -- Set runtime path of "/home/ti5/ws_moveit2/install/moveit_ros_planning_interface/lib/libmoveit_common_planning_interface_objects.so.2.5.5" to ""
[216.647s] -- Installing: /home/ti5/ws_moveit2/install/moveit_ros_planning_interface/lib/libmoveit_common_planning_interface_objects.so
[216.647s] -- Installing: /home/ti5/ws_moveit2/install/moveit_ros_planning_interface/lib/libmoveit_planning_scene_interface.so.2.5.5
[216.653s] -- Set runtime path of "/home/ti5/ws_moveit2/install/moveit_ros_planning_interface/lib/libmoveit_planning_scene_interface.so.2.5.5" to ""
[216.654s] -- Installing: /home/ti5/ws_moveit2/install/moveit_ros_planning_interface/lib/libmoveit_planning_scene_interface.so
[216.654s] -- Installing: /home/ti5/ws_moveit2/install/moveit_ros_planning_interface/lib/libmoveit_move_group_interface.so.2.5.5
[216.665s] -- Set runtime path of "/home/ti5/ws_moveit2/install/moveit_ros_planning_interface/lib/libmoveit_move_group_interface.so.2.5.5" to ""
[216.665s] -- Installing: /home/ti5/ws_moveit2/install/moveit_ros_planning_interface/lib/libmoveit_move_group_interface.so
[216.668s] -- Installing: /home/ti5/ws_moveit2/install/moveit_ros_planning_interface/share/moveit_ros_planning_interface/environment/library_path.sh
[216.670s] -- Installing: /home/ti5/ws_moveit2/install/moveit_ros_planning_interface/share/moveit_ros_planning_interface/environment/library_path.dsv
[216.672s] -- Installing: /home/ti5/ws_moveit2/install/moveit_ros_planning_interface/share/ament_index/resource_index/package_run_dependencies/moveit_ros_planning_interface
[216.673s] -- Installing: /home/ti5/ws_moveit2/install/moveit_ros_planning_interface/share/ament_index/resource_index/parent_prefix_path/moveit_ros_planning_interface
[216.677s] -- Installing: /home/ti5/ws_moveit2/install/moveit_ros_planning_interface/share/moveit_ros_planning_interface/environment/ament_prefix_path.sh
[216.678s] -- Installing: /home/ti5/ws_moveit2/install/moveit_ros_planning_interface/share/moveit_ros_planning_interface/environment/ament_prefix_path.dsv
[216.679s] -- Installing: /home/ti5/ws_moveit2/install/moveit_ros_planning_interface/share/moveit_ros_planning_interface/environment/path.sh
[216.680s] -- Installing: /home/ti5/ws_moveit2/install/moveit_ros_planning_interface/share/moveit_ros_planning_interface/environment/path.dsv
[216.681s] -- Installing: /home/ti5/ws_moveit2/install/moveit_ros_planning_interface/share/moveit_ros_planning_interface/local_setup.bash
[216.682s] -- Installing: /home/ti5/ws_moveit2/install/moveit_ros_planning_interface/share/moveit_ros_planning_interface/local_setup.sh
[216.683s] -- Installing: /home/ti5/ws_moveit2/install/moveit_ros_planning_interface/share/moveit_ros_planning_interface/local_setup.zsh
[216.684s] -- Installing: /home/ti5/ws_moveit2/install/moveit_ros_planning_interface/share/moveit_ros_planning_interface/local_setup.dsv
[216.685s] -- Installing: /home/ti5/ws_moveit2/install/moveit_ros_planning_interface/share/moveit_ros_planning_interface/package.dsv
[216.686s] -- Installing: /home/ti5/ws_moveit2/install/moveit_ros_planning_interface/share/ament_index/resource_index/packages/moveit_ros_planning_interface
[216.688s] -- Installing: /home/ti5/ws_moveit2/install/moveit_ros_planning_interface/share/moveit_ros_planning_interface/cmake/export_moveit_ros_planning_interfaceExport.cmake
[216.689s] -- Installing: /home/ti5/ws_moveit2/install/moveit_ros_planning_interface/share/moveit_ros_planning_interface/cmake/export_moveit_ros_planning_interfaceExport-release.cmake
[216.690s] -- Installing: /home/ti5/ws_moveit2/install/moveit_ros_planning_interface/share/moveit_ros_planning_interface/cmake/ConfigExtras.cmake
[216.692s] -- Installing: /home/ti5/ws_moveit2/install/moveit_ros_planning_interface/share/moveit_ros_planning_interface/cmake/ament_cmake_export_targets-extras.cmake
[216.693s] -- Installing: /home/ti5/ws_moveit2/install/moveit_ros_planning_interface/share/moveit_ros_planning_interface/cmake/ament_cmake_export_dependencies-extras.cmake
[216.694s] -- Installing: /home/ti5/ws_moveit2/install/moveit_ros_planning_interface/share/moveit_ros_planning_interface/cmake/moveit_ros_planning_interfaceConfig.cmake
[216.695s] -- Installing: /home/ti5/ws_moveit2/install/moveit_ros_planning_interface/share/moveit_ros_planning_interface/cmake/moveit_ros_planning_interfaceConfig-version.cmake
[216.696s] -- Installing: /home/ti5/ws_moveit2/install/moveit_ros_planning_interface/share/moveit_ros_planning_interface/package.xml
[216.722s] Invoked command in '/home/ti5/ws_moveit2/build/moveit_ros_planning_interface' returned '0': AMENT_PREFIX_PATH=/home/ti5/ws_moveit2/install/moveit_ros_move_group:/home/ti5/ws_moveit2/install/moveit_ros_warehouse:/home/ti5/ws_moveit2/install/moveit_planners_ompl:/home/ti5/ws_moveit2/install/moveit_kinematics:/home/ti5/ws_moveit2/install/moveit_ros_planning:/home/ti5/ws_moveit2/install/moveit_simple_controller_manager:/home/ti5/ws_moveit2/install/moveit_ros_occupancy_map_monitor:/home/ti5/ws_moveit2/install/moveit_core:/home/ti5/ws_moveit2/install/moveit_resources_panda_moveit_config:/home/ti5/ws_moveit2/install/moveit_resources_fanuc_moveit_config:/home/ti5/ws_moveit2/install/moveit_configs_utils:/home/ti5/ws_moveit2/install/srdfdom:/home/ti5/ws_moveit2/install/moveit_resources_panda_description:/home/ti5/ws_moveit2/install/moveit_resources_fanuc_description:/home/ti5/ws_moveit2/install/moveit_common:/home/ti5/ws_moveit2/install/launch_param_builder:${AMENT_PREFIX_PATH} CMAKE_PREFIX_PATH=/home/ti5/ws_moveit2/install/moveit_ros_move_group:/home/ti5/ws_moveit2/install/moveit_ros_warehouse:/home/ti5/ws_moveit2/install/moveit_planners_ompl:/home/ti5/ws_moveit2/install/moveit_kinematics:/home/ti5/ws_moveit2/install/moveit_ros_planning:/home/ti5/ws_moveit2/install/moveit_simple_controller_manager:/home/ti5/ws_moveit2/install/moveit_ros_occupancy_map_monitor:/home/ti5/ws_moveit2/install/moveit_core:/home/ti5/ws_moveit2/install/moveit_resources_panda_moveit_config:/home/ti5/ws_moveit2/install/moveit_resources_fanuc_moveit_config:/home/ti5/ws_moveit2/install/srdfdom:/home/ti5/ws_moveit2/install/moveit_resources_panda_description:/home/ti5/ws_moveit2/install/moveit_resources_fanuc_description:/home/ti5/ws_moveit2/install/moveit_common:/opt/ros/humble LD_LIBRARY_PATH=/home/ti5/ws_moveit2/install/moveit_ros_move_group/lib:/home/ti5/ws_moveit2/install/moveit_ros_warehouse/lib:/home/ti5/ws_moveit2/install/moveit_planners_ompl/lib:/home/ti5/ws_moveit2/install/moveit_kinematics/lib:/home/ti5/ws_moveit2/install/moveit_ros_planning/lib:/home/ti5/ws_moveit2/install/moveit_simple_controller_manager/lib:/home/ti5/ws_moveit2/install/moveit_ros_occupancy_map_monitor/lib:/home/ti5/ws_moveit2/install/moveit_core/lib:/home/ti5/ws_moveit2/install/srdfdom/lib:${LD_LIBRARY_PATH} PATH=/home/ti5/ws_moveit2/install/moveit_core/bin:${PATH} PYTHONPATH=/home/ti5/ws_moveit2/install/moveit_configs_utils/lib/python3.10/site-packages:/home/ti5/ws_moveit2/install/srdfdom/local/lib/python3.10/dist-packages:/home/ti5/ws_moveit2/install/launch_param_builder/lib/python3.10/site-packages:${PYTHONPATH} /usr/bin/cmake --install /home/ti5/ws_moveit2/build/moveit_ros_planning_interface
