[0.054s] Invoking command in '/home/ti5/ws_moveit2/build/rviz_marker_tools': AMENT_PREFIX_PATH=/home/ti5/ws_moveit2/install/moveit_common:${AMENT_PREFIX_PATH} CMAKE_PREFIX_PATH=/home/ti5/ws_moveit2/install/moveit_common:/opt/ros/humble /usr/bin/cmake --build /home/ti5/ws_moveit2/build/rviz_marker_tools -- -j4 -l4
[0.419s] [100%] Built target rviz_marker_tools
[0.471s] Invoked command in '/home/ti5/ws_moveit2/build/rviz_marker_tools' returned '0': AMENT_PREFIX_PATH=/home/ti5/ws_moveit2/install/moveit_common:${AMENT_PREFIX_PATH} CMAKE_PREFIX_PATH=/home/ti5/ws_moveit2/install/moveit_common:/opt/ros/humble /usr/bin/cmake --build /home/ti5/ws_moveit2/build/rviz_marker_tools -- -j4 -l4
[0.601s] Invoking command in '/home/ti5/ws_moveit2/build/rviz_marker_tools': AMENT_PREFIX_PATH=/home/ti5/ws_moveit2/install/moveit_common:${AMENT_PREFIX_PATH} CMAKE_PREFIX_PATH=/home/ti5/ws_moveit2/install/moveit_common:/opt/ros/humble /usr/bin/cmake --install /home/ti5/ws_moveit2/build/rviz_marker_tools
[0.635s] -- Install configuration: "Release"
[0.636s] -- Up-to-date: /home/ti5/ws_moveit2/install/rviz_marker_tools/include
[0.637s] -- Up-to-date: /home/ti5/ws_moveit2/install/rviz_marker_tools/include/rviz_marker_tools
[0.637s] -- Up-to-date: /home/ti5/ws_moveit2/install/rviz_marker_tools/include/rviz_marker_tools/marker_creation.h
[0.640s] -- Up-to-date: /home/ti5/ws_moveit2/install/rviz_marker_tools/lib/librviz_marker_tools.so
[0.648s] -- Up-to-date: /home/ti5/ws_moveit2/install/rviz_marker_tools/share/rviz_marker_tools/environment/library_path.sh
[0.649s] -- Up-to-date: /home/ti5/ws_moveit2/install/rviz_marker_tools/share/rviz_marker_tools/environment/library_path.dsv
[0.650s] -- Up-to-date: /home/ti5/ws_moveit2/install/rviz_marker_tools/share/ament_index/resource_index/package_run_dependencies/rviz_marker_tools
[0.651s] -- Up-to-date: /home/ti5/ws_moveit2/install/rviz_marker_tools/share/ament_index/resource_index/parent_prefix_path/rviz_marker_tools
[0.652s] -- Up-to-date: /home/ti5/ws_moveit2/install/rviz_marker_tools/share/rviz_marker_tools/environment/ament_prefix_path.sh
[0.653s] -- Up-to-date: /home/ti5/ws_moveit2/install/rviz_marker_tools/share/rviz_marker_tools/environment/ament_prefix_path.dsv
[0.654s] -- Up-to-date: /home/ti5/ws_moveit2/install/rviz_marker_tools/share/rviz_marker_tools/environment/path.sh
[0.654s] -- Up-to-date: /home/ti5/ws_moveit2/install/rviz_marker_tools/share/rviz_marker_tools/environment/path.dsv
[0.656s] -- Up-to-date: /home/ti5/ws_moveit2/install/rviz_marker_tools/share/rviz_marker_tools/local_setup.bash
[0.657s] -- Up-to-date: /home/ti5/ws_moveit2/install/rviz_marker_tools/share/rviz_marker_tools/local_setup.sh
[0.657s] -- Up-to-date: /home/ti5/ws_moveit2/install/rviz_marker_tools/share/rviz_marker_tools/local_setup.zsh
[0.658s] -- Up-to-date: /home/ti5/ws_moveit2/install/rviz_marker_tools/share/rviz_marker_tools/local_setup.dsv
[0.661s] -- Installing: /home/ti5/ws_moveit2/install/rviz_marker_tools/share/rviz_marker_tools/package.dsv
[0.662s] -- Up-to-date: /home/ti5/ws_moveit2/install/rviz_marker_tools/share/ament_index/resource_index/packages/rviz_marker_tools
[0.662s] -- Up-to-date: /home/ti5/ws_moveit2/install/rviz_marker_tools/share/rviz_marker_tools/cmake/rviz_marker_toolsTargetsExport.cmake
[0.663s] -- Up-to-date: /home/ti5/ws_moveit2/install/rviz_marker_tools/share/rviz_marker_tools/cmake/rviz_marker_toolsTargetsExport-release.cmake
[0.668s] -- Up-to-date: /home/ti5/ws_moveit2/install/rviz_marker_tools/share/rviz_marker_tools/cmake/ament_cmake_export_targets-extras.cmake
[0.668s] -- Up-to-date: /home/ti5/ws_moveit2/install/rviz_marker_tools/share/rviz_marker_tools/cmake/ament_cmake_export_dependencies-extras.cmake
[0.669s] -- Up-to-date: /home/ti5/ws_moveit2/install/rviz_marker_tools/share/rviz_marker_tools/cmake/rviz_marker_toolsConfig.cmake
[0.671s] -- Up-to-date: /home/ti5/ws_moveit2/install/rviz_marker_tools/share/rviz_marker_tools/cmake/rviz_marker_toolsConfig-version.cmake
[0.671s] -- Up-to-date: /home/ti5/ws_moveit2/install/rviz_marker_tools/share/rviz_marker_tools/package.xml
[0.684s] Invoked command in '/home/ti5/ws_moveit2/build/rviz_marker_tools' returned '0': AMENT_PREFIX_PATH=/home/ti5/ws_moveit2/install/moveit_common:${AMENT_PREFIX_PATH} CMAKE_PREFIX_PATH=/home/ti5/ws_moveit2/install/moveit_common:/opt/ros/humble /usr/bin/cmake --install /home/ti5/ws_moveit2/build/rviz_marker_tools
