[0.165s] Invoking command in '/home/ti5/ws_moveit2/build/moveit_kinematics': AMENT_PREFIX_PATH=/home/ti5/ws_moveit2/install/moveit_ros_planning:/home/ti5/ws_moveit2/install/moveit_ros_occupancy_map_monitor:/home/ti5/ws_moveit2/install/moveit_core:/home/ti5/ws_moveit2/install/moveit_resources_panda_moveit_config:/home/ti5/ws_moveit2/install/moveit_resources_fanuc_moveit_config:/home/ti5/ws_moveit2/install/moveit_configs_utils:/home/ti5/ws_moveit2/install/srdfdom:/home/ti5/ws_moveit2/install/moveit_resources_panda_description:/home/ti5/ws_moveit2/install/moveit_resources_fanuc_description:/home/ti5/ws_moveit2/install/moveit_common:/home/ti5/ws_moveit2/install/launch_param_builder:${AMENT_PREFIX_PATH} CMAKE_PREFIX_PATH=/home/ti5/ws_moveit2/install/moveit_ros_planning:/home/ti5/ws_moveit2/install/moveit_ros_occupancy_map_monitor:/home/ti5/ws_moveit2/install/moveit_core:/home/ti5/ws_moveit2/install/moveit_resources_panda_moveit_config:/home/ti5/ws_moveit2/install/moveit_resources_fanuc_moveit_config:/home/ti5/ws_moveit2/install/srdfdom:/home/ti5/ws_moveit2/install/moveit_resources_panda_description:/home/ti5/ws_moveit2/install/moveit_resources_fanuc_description:/home/ti5/ws_moveit2/install/moveit_common:/opt/ros/humble LD_LIBRARY_PATH=/home/ti5/ws_moveit2/install/moveit_ros_planning/lib:/home/ti5/ws_moveit2/install/moveit_ros_occupancy_map_monitor/lib:/home/ti5/ws_moveit2/install/moveit_core/lib:/home/ti5/ws_moveit2/install/srdfdom/lib:${LD_LIBRARY_PATH} PATH=/home/ti5/ws_moveit2/install/moveit_core/bin:${PATH} PYTHONPATH=/home/ti5/ws_moveit2/install/moveit_configs_utils/lib/python3.10/site-packages:/home/ti5/ws_moveit2/install/srdfdom/local/lib/python3.10/dist-packages:/home/ti5/ws_moveit2/install/launch_param_builder/lib/python3.10/site-packages:${PYTHONPATH} /usr/bin/cmake --build /home/ti5/ws_moveit2/build/moveit_kinematics -- -j4 -l4
[0.733s] [ 15%] Built target moveit_kdl_kinematics_plugin
[0.786s] [ 26%] Built target moveit_srv_kinematics_plugin
[0.798s] [ 36%] Built target moveit_lma_kinematics_plugin
[0.844s] [ 47%] Built target moveit_cached_ik_kinematics_base
[0.998s] [ 57%] Built target gtest_main
[1.102s] [ 68%] Built target gtest
[1.222s] [ 78%] Built target moveit_cached_ik_kinematics_plugin
[1.258s] [ 89%] Built target benchmark_ik
[1.551s] [100%] Built target test_kinematics_plugin
[1.641s] Invoked command in '/home/ti5/ws_moveit2/build/moveit_kinematics' returned '0': AMENT_PREFIX_PATH=/home/ti5/ws_moveit2/install/moveit_ros_planning:/home/ti5/ws_moveit2/install/moveit_ros_occupancy_map_monitor:/home/ti5/ws_moveit2/install/moveit_core:/home/ti5/ws_moveit2/install/moveit_resources_panda_moveit_config:/home/ti5/ws_moveit2/install/moveit_resources_fanuc_moveit_config:/home/ti5/ws_moveit2/install/moveit_configs_utils:/home/ti5/ws_moveit2/install/srdfdom:/home/ti5/ws_moveit2/install/moveit_resources_panda_description:/home/ti5/ws_moveit2/install/moveit_resources_fanuc_description:/home/ti5/ws_moveit2/install/moveit_common:/home/ti5/ws_moveit2/install/launch_param_builder:${AMENT_PREFIX_PATH} CMAKE_PREFIX_PATH=/home/ti5/ws_moveit2/install/moveit_ros_planning:/home/ti5/ws_moveit2/install/moveit_ros_occupancy_map_monitor:/home/ti5/ws_moveit2/install/moveit_core:/home/ti5/ws_moveit2/install/moveit_resources_panda_moveit_config:/home/ti5/ws_moveit2/install/moveit_resources_fanuc_moveit_config:/home/ti5/ws_moveit2/install/srdfdom:/home/ti5/ws_moveit2/install/moveit_resources_panda_description:/home/ti5/ws_moveit2/install/moveit_resources_fanuc_description:/home/ti5/ws_moveit2/install/moveit_common:/opt/ros/humble LD_LIBRARY_PATH=/home/ti5/ws_moveit2/install/moveit_ros_planning/lib:/home/ti5/ws_moveit2/install/moveit_ros_occupancy_map_monitor/lib:/home/ti5/ws_moveit2/install/moveit_core/lib:/home/ti5/ws_moveit2/install/srdfdom/lib:${LD_LIBRARY_PATH} PATH=/home/ti5/ws_moveit2/install/moveit_core/bin:${PATH} PYTHONPATH=/home/ti5/ws_moveit2/install/moveit_configs_utils/lib/python3.10/site-packages:/home/ti5/ws_moveit2/install/srdfdom/local/lib/python3.10/dist-packages:/home/ti5/ws_moveit2/install/launch_param_builder/lib/python3.10/site-packages:${PYTHONPATH} /usr/bin/cmake --build /home/ti5/ws_moveit2/build/moveit_kinematics -- -j4 -l4
[1.999s] Invoking command in '/home/ti5/ws_moveit2/build/moveit_kinematics': AMENT_PREFIX_PATH=/home/ti5/ws_moveit2/install/moveit_ros_planning:/home/ti5/ws_moveit2/install/moveit_ros_occupancy_map_monitor:/home/ti5/ws_moveit2/install/moveit_core:/home/ti5/ws_moveit2/install/moveit_resources_panda_moveit_config:/home/ti5/ws_moveit2/install/moveit_resources_fanuc_moveit_config:/home/ti5/ws_moveit2/install/moveit_configs_utils:/home/ti5/ws_moveit2/install/srdfdom:/home/ti5/ws_moveit2/install/moveit_resources_panda_description:/home/ti5/ws_moveit2/install/moveit_resources_fanuc_description:/home/ti5/ws_moveit2/install/moveit_common:/home/ti5/ws_moveit2/install/launch_param_builder:${AMENT_PREFIX_PATH} CMAKE_PREFIX_PATH=/home/ti5/ws_moveit2/install/moveit_ros_planning:/home/ti5/ws_moveit2/install/moveit_ros_occupancy_map_monitor:/home/ti5/ws_moveit2/install/moveit_core:/home/ti5/ws_moveit2/install/moveit_resources_panda_moveit_config:/home/ti5/ws_moveit2/install/moveit_resources_fanuc_moveit_config:/home/ti5/ws_moveit2/install/srdfdom:/home/ti5/ws_moveit2/install/moveit_resources_panda_description:/home/ti5/ws_moveit2/install/moveit_resources_fanuc_description:/home/ti5/ws_moveit2/install/moveit_common:/opt/ros/humble LD_LIBRARY_PATH=/home/ti5/ws_moveit2/install/moveit_ros_planning/lib:/home/ti5/ws_moveit2/install/moveit_ros_occupancy_map_monitor/lib:/home/ti5/ws_moveit2/install/moveit_core/lib:/home/ti5/ws_moveit2/install/srdfdom/lib:${LD_LIBRARY_PATH} PATH=/home/ti5/ws_moveit2/install/moveit_core/bin:${PATH} PYTHONPATH=/home/ti5/ws_moveit2/install/moveit_configs_utils/lib/python3.10/site-packages:/home/ti5/ws_moveit2/install/srdfdom/local/lib/python3.10/dist-packages:/home/ti5/ws_moveit2/install/launch_param_builder/lib/python3.10/site-packages:${PYTHONPATH} /usr/bin/cmake --install /home/ti5/ws_moveit2/build/moveit_kinematics
[2.079s] -- Install configuration: "Release"
[2.080s] -- Up-to-date: /home/ti5/ws_moveit2/install/moveit_kinematics/share/moveit_kinematics/kdl_kinematics_plugin_description.xml
[2.083s] -- Up-to-date: /home/ti5/ws_moveit2/install/moveit_kinematics/share/moveit_kinematics/lma_kinematics_plugin_description.xml
[2.085s] -- Up-to-date: /home/ti5/ws_moveit2/install/moveit_kinematics/share/moveit_kinematics/srv_kinematics_plugin_description.xml
[2.086s] -- Up-to-date: /home/ti5/ws_moveit2/install/moveit_kinematics/share/moveit_kinematics/cached_ik_kinematics_plugin_description.xml
[2.087s] -- Up-to-date: /home/ti5/ws_moveit2/install/moveit_kinematics/include
[2.089s] -- Up-to-date: /home/ti5/ws_moveit2/install/moveit_kinematics/include/moveit
[2.091s] -- Up-to-date: /home/ti5/ws_moveit2/install/moveit_kinematics/include/moveit/cached_ik_kinematics_plugin
[2.094s] -- Up-to-date: /home/ti5/ws_moveit2/install/moveit_kinematics/include/moveit/cached_ik_kinematics_plugin/cached_ik_kinematics_plugin-inl.h
[2.096s] -- Up-to-date: /home/ti5/ws_moveit2/install/moveit_kinematics/include/moveit/cached_ik_kinematics_plugin/cached_ik_kinematics_plugin.h
[2.096s] -- Up-to-date: /home/ti5/ws_moveit2/install/moveit_kinematics/include/moveit/cached_ik_kinematics_plugin/detail
[2.097s] -- Up-to-date: /home/ti5/ws_moveit2/install/moveit_kinematics/include/moveit/cached_ik_kinematics_plugin/detail/NearestNeighbors.h
[2.097s] -- Up-to-date: /home/ti5/ws_moveit2/install/moveit_kinematics/include/moveit/cached_ik_kinematics_plugin/detail/GreedyKCenters.h
[2.099s] -- Up-to-date: /home/ti5/ws_moveit2/install/moveit_kinematics/include/moveit/cached_ik_kinematics_plugin/detail/NearestNeighborsGNAT.h
[2.101s] -- Up-to-date: /home/ti5/ws_moveit2/install/moveit_kinematics/share/moveit_kinematics/launch
[2.103s] -- Up-to-date: /home/ti5/ws_moveit2/install/moveit_kinematics/share/moveit_kinematics/launch/measure_ik_call_cost.launch
[2.104s] -- Up-to-date: /home/ti5/ws_moveit2/install/moveit_kinematics/lib/moveit_kinematics/auto_create_ikfast_moveit_plugin.sh
[2.104s] -- Up-to-date: /home/ti5/ws_moveit2/install/moveit_kinematics/lib/moveit_kinematics/create_ikfast_moveit_plugin.py
[2.105s] -- Up-to-date: /home/ti5/ws_moveit2/install/moveit_kinematics/lib/moveit_kinematics/round_collada_numbers.py
[2.105s] -- Up-to-date: /home/ti5/ws_moveit2/install/moveit_kinematics/share/moveit_kinematics/ikfast_kinematics_plugin/templates
[2.106s] -- Up-to-date: /home/ti5/ws_moveit2/install/moveit_kinematics/share/moveit_kinematics/ikfast_kinematics_plugin/templates/ikfast.h
[2.106s] -- Up-to-date: /home/ti5/ws_moveit2/install/moveit_kinematics/share/moveit_kinematics/ikfast_kinematics_plugin/templates/ikfast61_moveit_plugin_template.cpp
[2.107s] -- Up-to-date: /home/ti5/ws_moveit2/install/moveit_kinematics/share/moveit_kinematics/ikfast_kinematics_plugin/templates/CMakeLists.txt
[2.108s] -- Up-to-date: /home/ti5/ws_moveit2/install/moveit_kinematics/include
[2.109s] -- Up-to-date: /home/ti5/ws_moveit2/install/moveit_kinematics/include/moveit
[2.109s] -- Up-to-date: /home/ti5/ws_moveit2/install/moveit_kinematics/include/moveit/kdl_kinematics_plugin
[2.111s] -- Up-to-date: /home/ti5/ws_moveit2/install/moveit_kinematics/include/moveit/kdl_kinematics_plugin/joint_mimic.hpp
[2.111s] -- Up-to-date: /home/ti5/ws_moveit2/install/moveit_kinematics/include/moveit/kdl_kinematics_plugin/kdl_kinematics_plugin.h
[2.112s] -- Up-to-date: /home/ti5/ws_moveit2/install/moveit_kinematics/include/moveit/kdl_kinematics_plugin/chainiksolver_vel_mimic_svd.hpp
[2.113s] -- Up-to-date: /home/ti5/ws_moveit2/install/moveit_kinematics/include
[2.114s] -- Up-to-date: /home/ti5/ws_moveit2/install/moveit_kinematics/include/moveit
[2.115s] -- Up-to-date: /home/ti5/ws_moveit2/install/moveit_kinematics/include/moveit/lma_kinematics_plugin
[2.118s] -- Up-to-date: /home/ti5/ws_moveit2/install/moveit_kinematics/include/moveit/lma_kinematics_plugin/lma_kinematics_plugin.h
[2.123s] -- Up-to-date: /home/ti5/ws_moveit2/install/moveit_kinematics/include
[2.125s] -- Up-to-date: /home/ti5/ws_moveit2/install/moveit_kinematics/include/moveit
[2.126s] -- Up-to-date: /home/ti5/ws_moveit2/install/moveit_kinematics/include/moveit/srv_kinematics_plugin
[2.127s] -- Up-to-date: /home/ti5/ws_moveit2/install/moveit_kinematics/include/moveit/srv_kinematics_plugin/srv_kinematics_plugin.h
[2.128s] -- Up-to-date: /home/ti5/ws_moveit2/install/moveit_kinematics/share/moveit_kinematics/config
[2.129s] -- Up-to-date: /home/ti5/ws_moveit2/install/moveit_kinematics/share/moveit_kinematics/config/fanuc-kdl-singular-test.yaml
[2.131s] -- Up-to-date: /home/ti5/ws_moveit2/install/moveit_kinematics/share/moveit_kinematics/config/panda-lma-singular-test.yaml
[2.132s] -- Up-to-date: /home/ti5/ws_moveit2/install/moveit_kinematics/share/moveit_kinematics/config/panda-lma-test.yaml
[2.133s] -- Up-to-date: /home/ti5/ws_moveit2/install/moveit_kinematics/share/moveit_kinematics/config/panda-kdl-test.yaml
[2.135s] -- Up-to-date: /home/ti5/ws_moveit2/install/moveit_kinematics/share/moveit_kinematics/config/fanuc-lma-singular-test.yaml
[2.136s] -- Up-to-date: /home/ti5/ws_moveit2/install/moveit_kinematics/share/moveit_kinematics/config/panda-kdl-singular-test.yaml
[2.137s] -- Up-to-date: /home/ti5/ws_moveit2/install/moveit_kinematics/share/moveit_kinematics/config/fanuc-lma-test.yaml
[2.138s] -- Up-to-date: /home/ti5/ws_moveit2/install/moveit_kinematics/share/moveit_kinematics/config/fanuc-kdl-test.yaml
[2.139s] -- Up-to-date: /home/ti5/ws_moveit2/install/moveit_kinematics/share/moveit_kinematics/launch
[2.140s] -- Up-to-date: /home/ti5/ws_moveit2/install/moveit_kinematics/share/moveit_kinematics/launch/panda-lma.test.py
[2.141s] -- Up-to-date: /home/ti5/ws_moveit2/install/moveit_kinematics/share/moveit_kinematics/launch/panda-kdl.test.py
[2.142s] -- Up-to-date: /home/ti5/ws_moveit2/install/moveit_kinematics/share/moveit_kinematics/launch/fanuc-lma.test.py
[2.142s] -- Up-to-date: /home/ti5/ws_moveit2/install/moveit_kinematics/share/moveit_kinematics/launch/panda-kdl-singular.test.py
[2.143s] -- Up-to-date: /home/ti5/ws_moveit2/install/moveit_kinematics/share/moveit_kinematics/launch/panda-lma-singular.test.py
[2.144s] -- Up-to-date: /home/ti5/ws_moveit2/install/moveit_kinematics/share/moveit_kinematics/launch/fanuc-lma-singular.test.py
[2.145s] -- Up-to-date: /home/ti5/ws_moveit2/install/moveit_kinematics/share/moveit_kinematics/launch/fanuc-kdl-singular.test.py
[2.146s] -- Up-to-date: /home/ti5/ws_moveit2/install/moveit_kinematics/share/moveit_kinematics/launch/fanuc-kdl.test.py
[2.147s] -- Up-to-date: /home/ti5/ws_moveit2/install/moveit_kinematics/lib/moveit_kinematics/benchmark_ik
[2.148s] -- Up-to-date: /home/ti5/ws_moveit2/install/moveit_kinematics/lib/moveit_kinematics/test_kinematics_plugin
[2.151s] -- Up-to-date: /home/ti5/ws_moveit2/install/moveit_kinematics/lib/libmoveit_cached_ik_kinematics_base.so.2.5.5
[2.153s] -- Up-to-date: /home/ti5/ws_moveit2/install/moveit_kinematics/lib/libmoveit_cached_ik_kinematics_base.so
[2.160s] -- Up-to-date: /home/ti5/ws_moveit2/install/moveit_kinematics/lib/libmoveit_cached_ik_kinematics_plugin.so.2.5.5
[2.161s] -- Up-to-date: /home/ti5/ws_moveit2/install/moveit_kinematics/lib/libmoveit_cached_ik_kinematics_plugin.so
[2.162s] -- Up-to-date: /home/ti5/ws_moveit2/install/moveit_kinematics/lib/libmoveit_kdl_kinematics_plugin.so
[2.163s] -- Up-to-date: /home/ti5/ws_moveit2/install/moveit_kinematics/lib/libmoveit_lma_kinematics_plugin.so.2.5.5
[2.163s] -- Up-to-date: /home/ti5/ws_moveit2/install/moveit_kinematics/lib/libmoveit_lma_kinematics_plugin.so
[2.164s] -- Up-to-date: /home/ti5/ws_moveit2/install/moveit_kinematics/lib/libmoveit_srv_kinematics_plugin.so.2.5.5
[2.164s] -- Up-to-date: /home/ti5/ws_moveit2/install/moveit_kinematics/lib/libmoveit_srv_kinematics_plugin.so
[2.165s] -- Up-to-date: /home/ti5/ws_moveit2/install/moveit_kinematics/share/moveit_kinematics/environment/library_path.sh
[2.166s] -- Up-to-date: /home/ti5/ws_moveit2/install/moveit_kinematics/share/moveit_kinematics/environment/library_path.dsv
[2.166s] -- Up-to-date: /home/ti5/ws_moveit2/install/moveit_kinematics/share/ament_index/resource_index/package_run_dependencies/moveit_kinematics
[2.167s] -- Up-to-date: /home/ti5/ws_moveit2/install/moveit_kinematics/share/ament_index/resource_index/parent_prefix_path/moveit_kinematics
[2.168s] -- Up-to-date: /home/ti5/ws_moveit2/install/moveit_kinematics/share/moveit_kinematics/environment/ament_prefix_path.sh
[2.169s] -- Up-to-date: /home/ti5/ws_moveit2/install/moveit_kinematics/share/moveit_kinematics/environment/ament_prefix_path.dsv
[2.169s] -- Up-to-date: /home/ti5/ws_moveit2/install/moveit_kinematics/share/moveit_kinematics/environment/path.sh
[2.170s] -- Up-to-date: /home/ti5/ws_moveit2/install/moveit_kinematics/share/moveit_kinematics/environment/path.dsv
[2.170s] -- Up-to-date: /home/ti5/ws_moveit2/install/moveit_kinematics/share/moveit_kinematics/local_setup.bash
[2.171s] -- Up-to-date: /home/ti5/ws_moveit2/install/moveit_kinematics/share/moveit_kinematics/local_setup.sh
[2.172s] -- Up-to-date: /home/ti5/ws_moveit2/install/moveit_kinematics/share/moveit_kinematics/local_setup.zsh
[2.172s] -- Up-to-date: /home/ti5/ws_moveit2/install/moveit_kinematics/share/moveit_kinematics/local_setup.dsv
[2.173s] -- Installing: /home/ti5/ws_moveit2/install/moveit_kinematics/share/moveit_kinematics/package.dsv
[2.173s] -- Up-to-date: /home/ti5/ws_moveit2/install/moveit_kinematics/share/ament_index/resource_index/packages/moveit_kinematics
[2.174s] -- Up-to-date: /home/ti5/ws_moveit2/install/moveit_kinematics/share/ament_index/resource_index/moveit_core__pluginlib__plugin/moveit_kinematics
[2.176s] -- Up-to-date: /home/ti5/ws_moveit2/install/moveit_kinematics/share/moveit_kinematics/cmake/export_moveit_kinematicsExport.cmake
[2.177s] -- Up-to-date: /home/ti5/ws_moveit2/install/moveit_kinematics/share/moveit_kinematics/cmake/export_moveit_kinematicsExport-release.cmake
[2.178s] -- Up-to-date: /home/ti5/ws_moveit2/install/moveit_kinematics/share/moveit_kinematics/cmake/ConfigExtras.cmake
[2.178s] -- Up-to-date: /home/ti5/ws_moveit2/install/moveit_kinematics/share/moveit_kinematics/cmake/ament_cmake_export_targets-extras.cmake
[2.179s] -- Up-to-date: /home/ti5/ws_moveit2/install/moveit_kinematics/share/moveit_kinematics/cmake/ament_cmake_export_dependencies-extras.cmake
[2.180s] -- Up-to-date: /home/ti5/ws_moveit2/install/moveit_kinematics/share/moveit_kinematics/cmake/moveit_kinematicsConfig.cmake
[2.180s] -- Up-to-date: /home/ti5/ws_moveit2/install/moveit_kinematics/share/moveit_kinematics/cmake/moveit_kinematicsConfig-version.cmake
[2.181s] -- Up-to-date: /home/ti5/ws_moveit2/install/moveit_kinematics/share/moveit_kinematics/package.xml
[2.182s] Invoked command in '/home/ti5/ws_moveit2/build/moveit_kinematics' returned '0': AMENT_PREFIX_PATH=/home/ti5/ws_moveit2/install/moveit_ros_planning:/home/ti5/ws_moveit2/install/moveit_ros_occupancy_map_monitor:/home/ti5/ws_moveit2/install/moveit_core:/home/ti5/ws_moveit2/install/moveit_resources_panda_moveit_config:/home/ti5/ws_moveit2/install/moveit_resources_fanuc_moveit_config:/home/ti5/ws_moveit2/install/moveit_configs_utils:/home/ti5/ws_moveit2/install/srdfdom:/home/ti5/ws_moveit2/install/moveit_resources_panda_description:/home/ti5/ws_moveit2/install/moveit_resources_fanuc_description:/home/ti5/ws_moveit2/install/moveit_common:/home/ti5/ws_moveit2/install/launch_param_builder:${AMENT_PREFIX_PATH} CMAKE_PREFIX_PATH=/home/ti5/ws_moveit2/install/moveit_ros_planning:/home/ti5/ws_moveit2/install/moveit_ros_occupancy_map_monitor:/home/ti5/ws_moveit2/install/moveit_core:/home/ti5/ws_moveit2/install/moveit_resources_panda_moveit_config:/home/ti5/ws_moveit2/install/moveit_resources_fanuc_moveit_config:/home/ti5/ws_moveit2/install/srdfdom:/home/ti5/ws_moveit2/install/moveit_resources_panda_description:/home/ti5/ws_moveit2/install/moveit_resources_fanuc_description:/home/ti5/ws_moveit2/install/moveit_common:/opt/ros/humble LD_LIBRARY_PATH=/home/ti5/ws_moveit2/install/moveit_ros_planning/lib:/home/ti5/ws_moveit2/install/moveit_ros_occupancy_map_monitor/lib:/home/ti5/ws_moveit2/install/moveit_core/lib:/home/ti5/ws_moveit2/install/srdfdom/lib:${LD_LIBRARY_PATH} PATH=/home/ti5/ws_moveit2/install/moveit_core/bin:${PATH} PYTHONPATH=/home/ti5/ws_moveit2/install/moveit_configs_utils/lib/python3.10/site-packages:/home/ti5/ws_moveit2/install/srdfdom/local/lib/python3.10/dist-packages:/home/ti5/ws_moveit2/install/launch_param_builder/lib/python3.10/site-packages:${PYTHONPATH} /usr/bin/cmake --install /home/ti5/ws_moveit2/build/moveit_kinematics
