[0.148s] Invoking command in '/home/ti5/ws_moveit2/build/moveit_ros_perception': AMENT_PREFIX_PATH=/home/ti5/ws_moveit2/install/moveit_ros_planning:/home/ti5/ws_moveit2/install/moveit_ros_occupancy_map_monitor:/home/ti5/ws_moveit2/install/moveit_core:/home/ti5/ws_moveit2/install/srdfdom:/home/ti5/ws_moveit2/install/moveit_common:${AMENT_PREFIX_PATH} CMAKE_PREFIX_PATH=/home/ti5/ws_moveit2/install/moveit_ros_planning:/home/ti5/ws_moveit2/install/moveit_ros_occupancy_map_monitor:/home/ti5/ws_moveit2/install/moveit_core:/home/ti5/ws_moveit2/install/srdfdom:/home/ti5/ws_moveit2/install/moveit_common:/opt/ros/humble LD_LIBRARY_PATH=/home/ti5/ws_moveit2/install/moveit_ros_planning/lib:/home/ti5/ws_moveit2/install/moveit_ros_occupancy_map_monitor/lib:/home/ti5/ws_moveit2/install/moveit_core/lib:/home/ti5/ws_moveit2/install/srdfdom/lib:${LD_LIBRARY_PATH} PATH=/home/ti5/ws_moveit2/install/moveit_core/bin:${PATH} PYTHONPATH=/home/ti5/ws_moveit2/install/srdfdom/local/lib/python3.10/dist-packages:${PYTHONPATH} /usr/bin/cmake --build /home/ti5/ws_moveit2/build/moveit_ros_perception -- -j4 -l4
[0.721s] [ 10%] Built target moveit_lazy_free_space_updater
[0.849s] [ 20%] Built target moveit_point_containment_filter
[1.050s] [ 30%] Built target moveit_semantic_world
[1.140s] [ 60%] Built target moveit_mesh_filter
[1.375s] [ 70%] Built target moveit_pointcloud_octomap_updater_core
[1.659s] [ 80%] Built target moveit_depth_image_octomap_updater_core
[1.883s] [ 90%] Built target moveit_pointcloud_octomap_updater
[2.146s] [100%] Built target moveit_depth_image_octomap_updater
[2.195s] Invoked command in '/home/ti5/ws_moveit2/build/moveit_ros_perception' returned '0': AMENT_PREFIX_PATH=/home/ti5/ws_moveit2/install/moveit_ros_planning:/home/ti5/ws_moveit2/install/moveit_ros_occupancy_map_monitor:/home/ti5/ws_moveit2/install/moveit_core:/home/ti5/ws_moveit2/install/srdfdom:/home/ti5/ws_moveit2/install/moveit_common:${AMENT_PREFIX_PATH} CMAKE_PREFIX_PATH=/home/ti5/ws_moveit2/install/moveit_ros_planning:/home/ti5/ws_moveit2/install/moveit_ros_occupancy_map_monitor:/home/ti5/ws_moveit2/install/moveit_core:/home/ti5/ws_moveit2/install/srdfdom:/home/ti5/ws_moveit2/install/moveit_common:/opt/ros/humble LD_LIBRARY_PATH=/home/ti5/ws_moveit2/install/moveit_ros_planning/lib:/home/ti5/ws_moveit2/install/moveit_ros_occupancy_map_monitor/lib:/home/ti5/ws_moveit2/install/moveit_core/lib:/home/ti5/ws_moveit2/install/srdfdom/lib:${LD_LIBRARY_PATH} PATH=/home/ti5/ws_moveit2/install/moveit_core/bin:${PATH} PYTHONPATH=/home/ti5/ws_moveit2/install/srdfdom/local/lib/python3.10/dist-packages:${PYTHONPATH} /usr/bin/cmake --build /home/ti5/ws_moveit2/build/moveit_ros_perception -- -j4 -l4
[2.474s] Invoking command in '/home/ti5/ws_moveit2/build/moveit_ros_perception': AMENT_PREFIX_PATH=/home/ti5/ws_moveit2/install/moveit_ros_planning:/home/ti5/ws_moveit2/install/moveit_ros_occupancy_map_monitor:/home/ti5/ws_moveit2/install/moveit_core:/home/ti5/ws_moveit2/install/srdfdom:/home/ti5/ws_moveit2/install/moveit_common:${AMENT_PREFIX_PATH} CMAKE_PREFIX_PATH=/home/ti5/ws_moveit2/install/moveit_ros_planning:/home/ti5/ws_moveit2/install/moveit_ros_occupancy_map_monitor:/home/ti5/ws_moveit2/install/moveit_core:/home/ti5/ws_moveit2/install/srdfdom:/home/ti5/ws_moveit2/install/moveit_common:/opt/ros/humble LD_LIBRARY_PATH=/home/ti5/ws_moveit2/install/moveit_ros_planning/lib:/home/ti5/ws_moveit2/install/moveit_ros_occupancy_map_monitor/lib:/home/ti5/ws_moveit2/install/moveit_core/lib:/home/ti5/ws_moveit2/install/srdfdom/lib:${LD_LIBRARY_PATH} PATH=/home/ti5/ws_moveit2/install/moveit_core/bin:${PATH} PYTHONPATH=/home/ti5/ws_moveit2/install/srdfdom/local/lib/python3.10/dist-packages:${PYTHONPATH} /usr/bin/cmake --install /home/ti5/ws_moveit2/build/moveit_ros_perception
[2.513s] -- Install configuration: "Release"
[2.515s] -- Up-to-date: /home/ti5/ws_moveit2/install/moveit_ros_perception/include
[2.516s] -- Up-to-date: /home/ti5/ws_moveit2/install/moveit_ros_perception/include/moveit
[2.518s] -- Up-to-date: /home/ti5/ws_moveit2/install/moveit_ros_perception/include/moveit/lazy_free_space_updater
[2.519s] -- Up-to-date: /home/ti5/ws_moveit2/install/moveit_ros_perception/include/moveit/lazy_free_space_updater/lazy_free_space_updater.h
[2.519s] -- Up-to-date: /home/ti5/ws_moveit2/install/moveit_ros_perception/include
[2.520s] -- Up-to-date: /home/ti5/ws_moveit2/install/moveit_ros_perception/include/moveit
[2.521s] -- Up-to-date: /home/ti5/ws_moveit2/install/moveit_ros_perception/include/moveit/point_containment_filter
[2.522s] -- Up-to-date: /home/ti5/ws_moveit2/install/moveit_ros_perception/include/moveit/point_containment_filter/shape_mask.h
[2.523s] -- Up-to-date: /home/ti5/ws_moveit2/install/moveit_ros_perception/include
[2.524s] -- Up-to-date: /home/ti5/ws_moveit2/install/moveit_ros_perception/include/moveit
[2.525s] -- Up-to-date: /home/ti5/ws_moveit2/install/moveit_ros_perception/include/moveit/pointcloud_octomap_updater
[2.526s] -- Up-to-date: /home/ti5/ws_moveit2/install/moveit_ros_perception/include/moveit/pointcloud_octomap_updater/pointcloud_octomap_updater.h
[2.527s] -- Up-to-date: /home/ti5/ws_moveit2/install/moveit_ros_perception/include
[2.527s] -- Up-to-date: /home/ti5/ws_moveit2/install/moveit_ros_perception/include/moveit
[2.529s] -- Up-to-date: /home/ti5/ws_moveit2/install/moveit_ros_perception/include/moveit/mesh_filter
[2.530s] -- Up-to-date: /home/ti5/ws_moveit2/install/moveit_ros_perception/include/moveit/mesh_filter/transform_provider.h
[2.530s] -- Up-to-date: /home/ti5/ws_moveit2/install/moveit_ros_perception/include/moveit/mesh_filter/stereo_camera_model.h
[2.533s] -- Up-to-date: /home/ti5/ws_moveit2/install/moveit_ros_perception/include/moveit/mesh_filter/filter_job.h
[2.534s] -- Up-to-date: /home/ti5/ws_moveit2/install/moveit_ros_perception/include/moveit/mesh_filter/sensor_model.h
[2.534s] -- Up-to-date: /home/ti5/ws_moveit2/install/moveit_ros_perception/include/moveit/mesh_filter/gl_mesh.h
[2.535s] -- Up-to-date: /home/ti5/ws_moveit2/install/moveit_ros_perception/include/moveit/mesh_filter/mesh_filter_base.h
[2.535s] -- Up-to-date: /home/ti5/ws_moveit2/install/moveit_ros_perception/include/moveit/mesh_filter/gl_renderer.h
[2.536s] -- Up-to-date: /home/ti5/ws_moveit2/install/moveit_ros_perception/include/moveit/mesh_filter/depth_self_filter_nodelet.h
[2.537s] -- Up-to-date: /home/ti5/ws_moveit2/install/moveit_ros_perception/include/moveit/mesh_filter/mesh_filter.h
[2.538s] -- Up-to-date: /home/ti5/ws_moveit2/install/moveit_ros_perception/include/moveit_mesh_filter_export.h
[2.541s] -- Up-to-date: /home/ti5/ws_moveit2/install/moveit_ros_perception/include
[2.542s] -- Up-to-date: /home/ti5/ws_moveit2/install/moveit_ros_perception/include/moveit
[2.542s] -- Up-to-date: /home/ti5/ws_moveit2/install/moveit_ros_perception/include/moveit/depth_image_octomap_updater
[2.543s] -- Up-to-date: /home/ti5/ws_moveit2/install/moveit_ros_perception/include/moveit/depth_image_octomap_updater/depth_image_octomap_updater.h
[2.543s] -- Up-to-date: /home/ti5/ws_moveit2/install/moveit_ros_perception/include
[2.544s] -- Up-to-date: /home/ti5/ws_moveit2/install/moveit_ros_perception/include/moveit
[2.545s] -- Up-to-date: /home/ti5/ws_moveit2/install/moveit_ros_perception/include/moveit/semantic_world
[2.552s] -- Up-to-date: /home/ti5/ws_moveit2/install/moveit_ros_perception/include/moveit/semantic_world/semantic_world.h
[2.553s] -- Up-to-date: /home/ti5/ws_moveit2/install/moveit_ros_perception/lib/libmoveit_depth_image_octomap_updater.so.2.5.5
[2.554s] -- Up-to-date: /home/ti5/ws_moveit2/install/moveit_ros_perception/lib/libmoveit_depth_image_octomap_updater.so
[2.554s] -- Up-to-date: /home/ti5/ws_moveit2/install/moveit_ros_perception/lib/libmoveit_depth_image_octomap_updater_core.so.2.5.5
[2.555s] -- Up-to-date: /home/ti5/ws_moveit2/install/moveit_ros_perception/lib/libmoveit_depth_image_octomap_updater_core.so
[2.556s] -- Up-to-date: /home/ti5/ws_moveit2/install/moveit_ros_perception/lib/libmoveit_lazy_free_space_updater.so.2.5.5
[2.557s] -- Up-to-date: /home/ti5/ws_moveit2/install/moveit_ros_perception/lib/libmoveit_lazy_free_space_updater.so
[2.557s] -- Up-to-date: /home/ti5/ws_moveit2/install/moveit_ros_perception/lib/libmoveit_mesh_filter.so.2.5.5
[2.558s] -- Up-to-date: /home/ti5/ws_moveit2/install/moveit_ros_perception/lib/libmoveit_mesh_filter.so
[2.558s] -- Up-to-date: /home/ti5/ws_moveit2/install/moveit_ros_perception/lib/libmoveit_point_containment_filter.so.2.5.5
[2.559s] -- Up-to-date: /home/ti5/ws_moveit2/install/moveit_ros_perception/lib/libmoveit_point_containment_filter.so
[2.562s] -- Up-to-date: /home/ti5/ws_moveit2/install/moveit_ros_perception/lib/libmoveit_pointcloud_octomap_updater.so.2.5.5
[2.563s] -- Up-to-date: /home/ti5/ws_moveit2/install/moveit_ros_perception/lib/libmoveit_pointcloud_octomap_updater.so
[2.566s] -- Up-to-date: /home/ti5/ws_moveit2/install/moveit_ros_perception/lib/libmoveit_pointcloud_octomap_updater_core.so.2.5.5
[2.567s] -- Up-to-date: /home/ti5/ws_moveit2/install/moveit_ros_perception/lib/libmoveit_pointcloud_octomap_updater_core.so
[2.570s] -- Up-to-date: /home/ti5/ws_moveit2/install/moveit_ros_perception/lib/libmoveit_semantic_world.so.2.5.5
[2.572s] -- Up-to-date: /home/ti5/ws_moveit2/install/moveit_ros_perception/lib/libmoveit_semantic_world.so
[2.574s] -- Up-to-date: /home/ti5/ws_moveit2/install/moveit_ros_perception/share/moveit_ros_perception/environment/library_path.sh
[2.574s] -- Installing: /home/ti5/ws_moveit2/install/moveit_ros_perception/share/moveit_ros_perception/environment/library_path.dsv
[2.576s] -- Up-to-date: /home/ti5/ws_moveit2/install/moveit_ros_perception/share/moveit_ros_perception/pointcloud_octomap_updater_plugin_description.xml
[2.576s] -- Up-to-date: /home/ti5/ws_moveit2/install/moveit_ros_perception/share/moveit_ros_perception/depth_image_octomap_updater_plugin_description.xml
[2.578s] -- Up-to-date: /home/ti5/ws_moveit2/install/moveit_ros_perception/share/ament_index/resource_index/package_run_dependencies/moveit_ros_perception
[2.580s] -- Up-to-date: /home/ti5/ws_moveit2/install/moveit_ros_perception/share/ament_index/resource_index/parent_prefix_path/moveit_ros_perception
[2.581s] -- Up-to-date: /home/ti5/ws_moveit2/install/moveit_ros_perception/share/moveit_ros_perception/environment/ament_prefix_path.sh
[2.582s] -- Installing: /home/ti5/ws_moveit2/install/moveit_ros_perception/share/moveit_ros_perception/environment/ament_prefix_path.dsv
[2.582s] -- Up-to-date: /home/ti5/ws_moveit2/install/moveit_ros_perception/share/moveit_ros_perception/environment/path.sh
[2.583s] -- Installing: /home/ti5/ws_moveit2/install/moveit_ros_perception/share/moveit_ros_perception/environment/path.dsv
[2.585s] -- Up-to-date: /home/ti5/ws_moveit2/install/moveit_ros_perception/share/moveit_ros_perception/local_setup.bash
[2.587s] -- Up-to-date: /home/ti5/ws_moveit2/install/moveit_ros_perception/share/moveit_ros_perception/local_setup.sh
[2.588s] -- Up-to-date: /home/ti5/ws_moveit2/install/moveit_ros_perception/share/moveit_ros_perception/local_setup.zsh
[2.589s] -- Installing: /home/ti5/ws_moveit2/install/moveit_ros_perception/share/moveit_ros_perception/local_setup.dsv
[2.592s] -- Installing: /home/ti5/ws_moveit2/install/moveit_ros_perception/share/moveit_ros_perception/package.dsv
[2.595s] -- Up-to-date: /home/ti5/ws_moveit2/install/moveit_ros_perception/share/ament_index/resource_index/packages/moveit_ros_perception
[2.596s] -- Up-to-date: /home/ti5/ws_moveit2/install/moveit_ros_perception/share/ament_index/resource_index/moveit_ros_occupancy_map_monitor__pluginlib__plugin/moveit_ros_perception
[2.600s] -- Up-to-date: /home/ti5/ws_moveit2/install/moveit_ros_perception/share/moveit_ros_perception/cmake/export_moveit_ros_perceptionExport.cmake
[2.602s] -- Up-to-date: /home/ti5/ws_moveit2/install/moveit_ros_perception/share/moveit_ros_perception/cmake/export_moveit_ros_perceptionExport-release.cmake
[2.603s] -- Up-to-date: /home/ti5/ws_moveit2/install/moveit_ros_perception/share/moveit_ros_perception/cmake/ConfigExtras.cmake
[2.604s] -- Up-to-date: /home/ti5/ws_moveit2/install/moveit_ros_perception/share/moveit_ros_perception/cmake/ament_cmake_export_targets-extras.cmake
[2.605s] -- Up-to-date: /home/ti5/ws_moveit2/install/moveit_ros_perception/share/moveit_ros_perception/cmake/ament_cmake_export_dependencies-extras.cmake
[2.606s] -- Up-to-date: /home/ti5/ws_moveit2/install/moveit_ros_perception/share/moveit_ros_perception/cmake/moveit_ros_perceptionConfig.cmake
[2.606s] -- Up-to-date: /home/ti5/ws_moveit2/install/moveit_ros_perception/share/moveit_ros_perception/cmake/moveit_ros_perceptionConfig-version.cmake
[2.607s] -- Up-to-date: /home/ti5/ws_moveit2/install/moveit_ros_perception/share/moveit_ros_perception/package.xml
[2.614s] Invoked command in '/home/ti5/ws_moveit2/build/moveit_ros_perception' returned '0': AMENT_PREFIX_PATH=/home/ti5/ws_moveit2/install/moveit_ros_planning:/home/ti5/ws_moveit2/install/moveit_ros_occupancy_map_monitor:/home/ti5/ws_moveit2/install/moveit_core:/home/ti5/ws_moveit2/install/srdfdom:/home/ti5/ws_moveit2/install/moveit_common:${AMENT_PREFIX_PATH} CMAKE_PREFIX_PATH=/home/ti5/ws_moveit2/install/moveit_ros_planning:/home/ti5/ws_moveit2/install/moveit_ros_occupancy_map_monitor:/home/ti5/ws_moveit2/install/moveit_core:/home/ti5/ws_moveit2/install/srdfdom:/home/ti5/ws_moveit2/install/moveit_common:/opt/ros/humble LD_LIBRARY_PATH=/home/ti5/ws_moveit2/install/moveit_ros_planning/lib:/home/ti5/ws_moveit2/install/moveit_ros_occupancy_map_monitor/lib:/home/ti5/ws_moveit2/install/moveit_core/lib:/home/ti5/ws_moveit2/install/srdfdom/lib:${LD_LIBRARY_PATH} PATH=/home/ti5/ws_moveit2/install/moveit_core/bin:${PATH} PYTHONPATH=/home/ti5/ws_moveit2/install/srdfdom/local/lib/python3.10/dist-packages:${PYTHONPATH} /usr/bin/cmake --install /home/ti5/ws_moveit2/build/moveit_ros_perception
