[0.115s] Invoking command in '/home/ti5/ws_moveit2/build/moveit_ros_perception': AMENT_PREFIX_PATH=/home/ti5/ws_moveit2/install/moveit_ros_planning:/home/ti5/ws_moveit2/install/moveit_ros_occupancy_map_monitor:/home/ti5/ws_moveit2/install/moveit_core:/home/ti5/ws_moveit2/install/srdfdom:/home/ti5/ws_moveit2/install/moveit_common:${AMENT_PREFIX_PATH} CMAKE_PREFIX_PATH=/home/ti5/ws_moveit2/install/moveit_ros_planning:/home/ti5/ws_moveit2/install/moveit_ros_occupancy_map_monitor:/home/ti5/ws_moveit2/install/moveit_core:/home/ti5/ws_moveit2/install/srdfdom:/home/ti5/ws_moveit2/install/moveit_common:/opt/ros/humble LD_LIBRARY_PATH=/home/ti5/ws_moveit2/install/moveit_ros_planning/lib:/home/ti5/ws_moveit2/install/moveit_ros_occupancy_map_monitor/lib:/home/ti5/ws_moveit2/install/moveit_core/lib:/home/ti5/ws_moveit2/install/srdfdom/lib:${LD_LIBRARY_PATH} PATH=/home/ti5/ws_moveit2/install/moveit_core/bin:${PATH} PYTHONPATH=/home/ti5/ws_moveit2/install/srdfdom/local/lib/python3.10/dist-packages:${PYTHONPATH} /usr/bin/cmake --build /home/ti5/ws_moveit2/build/moveit_ros_perception -- -j4 -l4
[0.660s] [ 10%] Built target moveit_lazy_free_space_updater
[0.688s] [ 20%] Built target moveit_point_containment_filter
[0.712s] [ 30%] Built target moveit_semantic_world
[0.758s] [ 60%] Built target moveit_mesh_filter
[0.933s] [ 70%] Built target moveit_pointcloud_octomap_updater_core
[1.002s] [ 80%] Built target moveit_depth_image_octomap_updater_core
[1.199s] [ 90%] Built target moveit_pointcloud_octomap_updater
[1.254s] [100%] Built target moveit_depth_image_octomap_updater
[1.329s] Invoked command in '/home/ti5/ws_moveit2/build/moveit_ros_perception' returned '0': AMENT_PREFIX_PATH=/home/ti5/ws_moveit2/install/moveit_ros_planning:/home/ti5/ws_moveit2/install/moveit_ros_occupancy_map_monitor:/home/ti5/ws_moveit2/install/moveit_core:/home/ti5/ws_moveit2/install/srdfdom:/home/ti5/ws_moveit2/install/moveit_common:${AMENT_PREFIX_PATH} CMAKE_PREFIX_PATH=/home/ti5/ws_moveit2/install/moveit_ros_planning:/home/ti5/ws_moveit2/install/moveit_ros_occupancy_map_monitor:/home/ti5/ws_moveit2/install/moveit_core:/home/ti5/ws_moveit2/install/srdfdom:/home/ti5/ws_moveit2/install/moveit_common:/opt/ros/humble LD_LIBRARY_PATH=/home/ti5/ws_moveit2/install/moveit_ros_planning/lib:/home/ti5/ws_moveit2/install/moveit_ros_occupancy_map_monitor/lib:/home/ti5/ws_moveit2/install/moveit_core/lib:/home/ti5/ws_moveit2/install/srdfdom/lib:${LD_LIBRARY_PATH} PATH=/home/ti5/ws_moveit2/install/moveit_core/bin:${PATH} PYTHONPATH=/home/ti5/ws_moveit2/install/srdfdom/local/lib/python3.10/dist-packages:${PYTHONPATH} /usr/bin/cmake --build /home/ti5/ws_moveit2/build/moveit_ros_perception -- -j4 -l4
[1.499s] Invoking command in '/home/ti5/ws_moveit2/build/moveit_ros_perception': AMENT_PREFIX_PATH=/home/ti5/ws_moveit2/install/moveit_ros_planning:/home/ti5/ws_moveit2/install/moveit_ros_occupancy_map_monitor:/home/ti5/ws_moveit2/install/moveit_core:/home/ti5/ws_moveit2/install/srdfdom:/home/ti5/ws_moveit2/install/moveit_common:${AMENT_PREFIX_PATH} CMAKE_PREFIX_PATH=/home/ti5/ws_moveit2/install/moveit_ros_planning:/home/ti5/ws_moveit2/install/moveit_ros_occupancy_map_monitor:/home/ti5/ws_moveit2/install/moveit_core:/home/ti5/ws_moveit2/install/srdfdom:/home/ti5/ws_moveit2/install/moveit_common:/opt/ros/humble LD_LIBRARY_PATH=/home/ti5/ws_moveit2/install/moveit_ros_planning/lib:/home/ti5/ws_moveit2/install/moveit_ros_occupancy_map_monitor/lib:/home/ti5/ws_moveit2/install/moveit_core/lib:/home/ti5/ws_moveit2/install/srdfdom/lib:${LD_LIBRARY_PATH} PATH=/home/ti5/ws_moveit2/install/moveit_core/bin:${PATH} PYTHONPATH=/home/ti5/ws_moveit2/install/srdfdom/local/lib/python3.10/dist-packages:${PYTHONPATH} /usr/bin/cmake --install /home/ti5/ws_moveit2/build/moveit_ros_perception
[1.547s] -- Install configuration: "Release"
[1.549s] -- Up-to-date: /home/ti5/ws_moveit2/install/moveit_ros_perception/include
[1.551s] -- Up-to-date: /home/ti5/ws_moveit2/install/moveit_ros_perception/include/moveit
[1.553s] -- Up-to-date: /home/ti5/ws_moveit2/install/moveit_ros_perception/include/moveit/lazy_free_space_updater
[1.554s] -- Up-to-date: /home/ti5/ws_moveit2/install/moveit_ros_perception/include/moveit/lazy_free_space_updater/lazy_free_space_updater.h
[1.557s] -- Up-to-date: /home/ti5/ws_moveit2/install/moveit_ros_perception/include
[1.558s] -- Up-to-date: /home/ti5/ws_moveit2/install/moveit_ros_perception/include/moveit
[1.559s] -- Up-to-date: /home/ti5/ws_moveit2/install/moveit_ros_perception/include/moveit/point_containment_filter
[1.559s] -- Up-to-date: /home/ti5/ws_moveit2/install/moveit_ros_perception/include/moveit/point_containment_filter/shape_mask.h
[1.561s] -- Up-to-date: /home/ti5/ws_moveit2/install/moveit_ros_perception/include
[1.563s] -- Up-to-date: /home/ti5/ws_moveit2/install/moveit_ros_perception/include/moveit
[1.564s] -- Up-to-date: /home/ti5/ws_moveit2/install/moveit_ros_perception/include/moveit/pointcloud_octomap_updater
[1.566s] -- Up-to-date: /home/ti5/ws_moveit2/install/moveit_ros_perception/include/moveit/pointcloud_octomap_updater/pointcloud_octomap_updater.h
[1.570s] -- Up-to-date: /home/ti5/ws_moveit2/install/moveit_ros_perception/include
[1.571s] -- Up-to-date: /home/ti5/ws_moveit2/install/moveit_ros_perception/include/moveit
[1.571s] -- Up-to-date: /home/ti5/ws_moveit2/install/moveit_ros_perception/include/moveit/mesh_filter
[1.572s] -- Up-to-date: /home/ti5/ws_moveit2/install/moveit_ros_perception/include/moveit/mesh_filter/transform_provider.h
[1.573s] -- Up-to-date: /home/ti5/ws_moveit2/install/moveit_ros_perception/include/moveit/mesh_filter/stereo_camera_model.h
[1.574s] -- Up-to-date: /home/ti5/ws_moveit2/install/moveit_ros_perception/include/moveit/mesh_filter/filter_job.h
[1.574s] -- Up-to-date: /home/ti5/ws_moveit2/install/moveit_ros_perception/include/moveit/mesh_filter/sensor_model.h
[1.575s] -- Up-to-date: /home/ti5/ws_moveit2/install/moveit_ros_perception/include/moveit/mesh_filter/gl_mesh.h
[1.575s] -- Up-to-date: /home/ti5/ws_moveit2/install/moveit_ros_perception/include/moveit/mesh_filter/mesh_filter_base.h
[1.577s] -- Up-to-date: /home/ti5/ws_moveit2/install/moveit_ros_perception/include/moveit/mesh_filter/gl_renderer.h
[1.577s] -- Up-to-date: /home/ti5/ws_moveit2/install/moveit_ros_perception/include/moveit/mesh_filter/depth_self_filter_nodelet.h
[1.578s] -- Up-to-date: /home/ti5/ws_moveit2/install/moveit_ros_perception/include/moveit/mesh_filter/mesh_filter.h
[1.578s] -- Up-to-date: /home/ti5/ws_moveit2/install/moveit_ros_perception/include/moveit_mesh_filter_export.h
[1.579s] -- Up-to-date: /home/ti5/ws_moveit2/install/moveit_ros_perception/include
[1.580s] -- Up-to-date: /home/ti5/ws_moveit2/install/moveit_ros_perception/include/moveit
[1.581s] -- Up-to-date: /home/ti5/ws_moveit2/install/moveit_ros_perception/include/moveit/depth_image_octomap_updater
[1.581s] -- Up-to-date: /home/ti5/ws_moveit2/install/moveit_ros_perception/include/moveit/depth_image_octomap_updater/depth_image_octomap_updater.h
[1.582s] -- Up-to-date: /home/ti5/ws_moveit2/install/moveit_ros_perception/include
[1.583s] -- Up-to-date: /home/ti5/ws_moveit2/install/moveit_ros_perception/include/moveit
[1.591s] -- Up-to-date: /home/ti5/ws_moveit2/install/moveit_ros_perception/include/moveit/semantic_world
[1.592s] -- Up-to-date: /home/ti5/ws_moveit2/install/moveit_ros_perception/include/moveit/semantic_world/semantic_world.h
[1.593s] -- Up-to-date: /home/ti5/ws_moveit2/install/moveit_ros_perception/lib/libmoveit_depth_image_octomap_updater.so.2.5.5
[1.594s] -- Up-to-date: /home/ti5/ws_moveit2/install/moveit_ros_perception/lib/libmoveit_depth_image_octomap_updater.so
[1.594s] -- Up-to-date: /home/ti5/ws_moveit2/install/moveit_ros_perception/lib/libmoveit_depth_image_octomap_updater_core.so.2.5.5
[1.595s] -- Up-to-date: /home/ti5/ws_moveit2/install/moveit_ros_perception/lib/libmoveit_depth_image_octomap_updater_core.so
[1.596s] -- Up-to-date: /home/ti5/ws_moveit2/install/moveit_ros_perception/lib/libmoveit_lazy_free_space_updater.so.2.5.5
[1.597s] -- Up-to-date: /home/ti5/ws_moveit2/install/moveit_ros_perception/lib/libmoveit_lazy_free_space_updater.so
[1.613s] -- Up-to-date: /home/ti5/ws_moveit2/install/moveit_ros_perception/lib/libmoveit_mesh_filter.so.2.5.5
[1.615s] -- Up-to-date: /home/ti5/ws_moveit2/install/moveit_ros_perception/lib/libmoveit_mesh_filter.so
[1.615s] -- Up-to-date: /home/ti5/ws_moveit2/install/moveit_ros_perception/lib/libmoveit_point_containment_filter.so.2.5.5
[1.619s] -- Up-to-date: /home/ti5/ws_moveit2/install/moveit_ros_perception/lib/libmoveit_point_containment_filter.so
[1.623s] -- Up-to-date: /home/ti5/ws_moveit2/install/moveit_ros_perception/lib/libmoveit_pointcloud_octomap_updater.so.2.5.5
[1.624s] -- Up-to-date: /home/ti5/ws_moveit2/install/moveit_ros_perception/lib/libmoveit_pointcloud_octomap_updater.so
[1.626s] -- Up-to-date: /home/ti5/ws_moveit2/install/moveit_ros_perception/lib/libmoveit_pointcloud_octomap_updater_core.so.2.5.5
[1.633s] -- Up-to-date: /home/ti5/ws_moveit2/install/moveit_ros_perception/lib/libmoveit_pointcloud_octomap_updater_core.so
[1.634s] -- Up-to-date: /home/ti5/ws_moveit2/install/moveit_ros_perception/lib/libmoveit_semantic_world.so.2.5.5
[1.639s] -- Up-to-date: /home/ti5/ws_moveit2/install/moveit_ros_perception/lib/libmoveit_semantic_world.so
[1.639s] -- Up-to-date: /home/ti5/ws_moveit2/install/moveit_ros_perception/share/moveit_ros_perception/environment/library_path.sh
[1.640s] -- Up-to-date: /home/ti5/ws_moveit2/install/moveit_ros_perception/share/moveit_ros_perception/environment/library_path.dsv
[1.640s] -- Up-to-date: /home/ti5/ws_moveit2/install/moveit_ros_perception/share/moveit_ros_perception/pointcloud_octomap_updater_plugin_description.xml
[1.641s] -- Up-to-date: /home/ti5/ws_moveit2/install/moveit_ros_perception/share/moveit_ros_perception/depth_image_octomap_updater_plugin_description.xml
[1.641s] -- Up-to-date: /home/ti5/ws_moveit2/install/moveit_ros_perception/share/ament_index/resource_index/package_run_dependencies/moveit_ros_perception
[1.642s] -- Up-to-date: /home/ti5/ws_moveit2/install/moveit_ros_perception/share/ament_index/resource_index/parent_prefix_path/moveit_ros_perception
[1.642s] -- Up-to-date: /home/ti5/ws_moveit2/install/moveit_ros_perception/share/moveit_ros_perception/environment/ament_prefix_path.sh
[1.643s] -- Up-to-date: /home/ti5/ws_moveit2/install/moveit_ros_perception/share/moveit_ros_perception/environment/ament_prefix_path.dsv
[1.644s] -- Up-to-date: /home/ti5/ws_moveit2/install/moveit_ros_perception/share/moveit_ros_perception/environment/path.sh
[1.645s] -- Up-to-date: /home/ti5/ws_moveit2/install/moveit_ros_perception/share/moveit_ros_perception/environment/path.dsv
[1.645s] -- Up-to-date: /home/ti5/ws_moveit2/install/moveit_ros_perception/share/moveit_ros_perception/local_setup.bash
[1.646s] -- Up-to-date: /home/ti5/ws_moveit2/install/moveit_ros_perception/share/moveit_ros_perception/local_setup.sh
[1.646s] -- Up-to-date: /home/ti5/ws_moveit2/install/moveit_ros_perception/share/moveit_ros_perception/local_setup.zsh
[1.646s] -- Up-to-date: /home/ti5/ws_moveit2/install/moveit_ros_perception/share/moveit_ros_perception/local_setup.dsv
[1.647s] -- Installing: /home/ti5/ws_moveit2/install/moveit_ros_perception/share/moveit_ros_perception/package.dsv
[1.655s] -- Up-to-date: /home/ti5/ws_moveit2/install/moveit_ros_perception/share/ament_index/resource_index/packages/moveit_ros_perception
[1.658s] -- Up-to-date: /home/ti5/ws_moveit2/install/moveit_ros_perception/share/ament_index/resource_index/moveit_ros_occupancy_map_monitor__pluginlib__plugin/moveit_ros_perception
[1.665s] -- Up-to-date: /home/ti5/ws_moveit2/install/moveit_ros_perception/share/moveit_ros_perception/cmake/export_moveit_ros_perceptionExport.cmake
[1.667s] -- Up-to-date: /home/ti5/ws_moveit2/install/moveit_ros_perception/share/moveit_ros_perception/cmake/export_moveit_ros_perceptionExport-release.cmake
[1.670s] -- Up-to-date: /home/ti5/ws_moveit2/install/moveit_ros_perception/share/moveit_ros_perception/cmake/ConfigExtras.cmake
[1.675s] -- Up-to-date: /home/ti5/ws_moveit2/install/moveit_ros_perception/share/moveit_ros_perception/cmake/ament_cmake_export_targets-extras.cmake
[1.676s] -- Up-to-date: /home/ti5/ws_moveit2/install/moveit_ros_perception/share/moveit_ros_perception/cmake/ament_cmake_export_dependencies-extras.cmake
[1.677s] -- Up-to-date: /home/ti5/ws_moveit2/install/moveit_ros_perception/share/moveit_ros_perception/cmake/moveit_ros_perceptionConfig.cmake
[1.678s] -- Up-to-date: /home/ti5/ws_moveit2/install/moveit_ros_perception/share/moveit_ros_perception/cmake/moveit_ros_perceptionConfig-version.cmake
[1.678s] -- Up-to-date: /home/ti5/ws_moveit2/install/moveit_ros_perception/share/moveit_ros_perception/package.xml
[1.680s] Invoked command in '/home/ti5/ws_moveit2/build/moveit_ros_perception' returned '0': AMENT_PREFIX_PATH=/home/ti5/ws_moveit2/install/moveit_ros_planning:/home/ti5/ws_moveit2/install/moveit_ros_occupancy_map_monitor:/home/ti5/ws_moveit2/install/moveit_core:/home/ti5/ws_moveit2/install/srdfdom:/home/ti5/ws_moveit2/install/moveit_common:${AMENT_PREFIX_PATH} CMAKE_PREFIX_PATH=/home/ti5/ws_moveit2/install/moveit_ros_planning:/home/ti5/ws_moveit2/install/moveit_ros_occupancy_map_monitor:/home/ti5/ws_moveit2/install/moveit_core:/home/ti5/ws_moveit2/install/srdfdom:/home/ti5/ws_moveit2/install/moveit_common:/opt/ros/humble LD_LIBRARY_PATH=/home/ti5/ws_moveit2/install/moveit_ros_planning/lib:/home/ti5/ws_moveit2/install/moveit_ros_occupancy_map_monitor/lib:/home/ti5/ws_moveit2/install/moveit_core/lib:/home/ti5/ws_moveit2/install/srdfdom/lib:${LD_LIBRARY_PATH} PATH=/home/ti5/ws_moveit2/install/moveit_core/bin:${PATH} PYTHONPATH=/home/ti5/ws_moveit2/install/srdfdom/local/lib/python3.10/dist-packages:${PYTHONPATH} /usr/bin/cmake --install /home/ti5/ws_moveit2/build/moveit_ros_perception
