[4.459s] Invoking command in '/home/ti5/ws_moveit2/launch_param_builder': PYTHONPATH=/home/ti5/ws_moveit2/build/launch_param_builder/prefix_override:/home/ti5/ws_moveit2/install/launch_param_builder/lib/python3.10/site-packages:${PYTHONPATH} /usr/bin/python3 -W ignore:setup.py install is deprecated setup.py egg_info --egg-base ../build/launch_param_builder build --build-base /home/ti5/ws_moveit2/build/launch_param_builder/build install --record /home/ti5/ws_moveit2/build/launch_param_builder/install.log --single-version-externally-managed install_data
[6.296s] running egg_info
[6.300s] writing ../build/launch_param_builder/launch_param_builder.egg-info/PKG-INFO
[6.303s] writing dependency_links to ../build/launch_param_builder/launch_param_builder.egg-info/dependency_links.txt
[6.304s] writing entry points to ../build/launch_param_builder/launch_param_builder.egg-info/entry_points.txt
[6.305s] writing requirements to ../build/launch_param_builder/launch_param_builder.egg-info/requires.txt
[6.306s] writing top-level names to ../build/launch_param_builder/launch_param_builder.egg-info/top_level.txt
[6.323s] reading manifest file '../build/launch_param_builder/launch_param_builder.egg-info/SOURCES.txt'
[6.326s] adding license file 'LICENSE'
[6.332s] writing manifest file '../build/launch_param_builder/launch_param_builder.egg-info/SOURCES.txt'
[6.332s] running build
[6.333s] running build_py
[6.338s] running install
[6.343s] running install_lib
[6.362s] running install_data
[6.363s] running install_egg_info
[6.364s] removing '/home/ti5/ws_moveit2/install/launch_param_builder/lib/python3.10/site-packages/launch_param_builder-0.1.1-py3.10.egg-info' (and everything under it)
[6.364s] Copying ../build/launch_param_builder/launch_param_builder.egg-info to /home/ti5/ws_moveit2/install/launch_param_builder/lib/python3.10/site-packages/launch_param_builder-0.1.1-py3.10.egg-info
[6.373s] running install_scripts
[6.486s] writing list of installed files to '/home/ti5/ws_moveit2/build/launch_param_builder/install.log'
[6.671s] Invoked command in '/home/ti5/ws_moveit2/launch_param_builder' returned '0': PYTHONPATH=/home/ti5/ws_moveit2/build/launch_param_builder/prefix_override:/home/ti5/ws_moveit2/install/launch_param_builder/lib/python3.10/site-packages:${PYTHONPATH} /usr/bin/python3 -W ignore:setup.py install is deprecated setup.py egg_info --egg-base ../build/launch_param_builder build --build-base /home/ti5/ws_moveit2/build/launch_param_builder/build install --record /home/ti5/ws_moveit2/build/launch_param_builder/install.log --single-version-externally-managed install_data
