[0.230s] Invoking command in '/home/ti5/ws_moveit2/build/moveit_core': CMAKE_PREFIX_PATH=/home/ti5/ws_moveit2/install/moveit_resources_panda_moveit_config:/home/ti5/ws_moveit2/install/srdfdom:/home/ti5/ws_moveit2/install/moveit_resources_pr2_description:/home/ti5/ws_moveit2/install/moveit_resources_panda_description:/home/ti5/ws_moveit2/install/moveit_common:/home/ti5/ws_moveit2/install/arm5:/home/ti5/ws_moveit2/install/arm3:/home/ti5/ws_moveit2/install/arm2:/home/ti5/ws_moveit2/install/arm1:/home/ti5/ws_moveit2/install/ti5_urdf:/home/ti5/ws_moveit2/install/pilz_industrial_motion_planner_testutils:/home/ti5/ws_moveit2/install/moveit_runtime:/home/ti5/ws_moveit2/install/moveit2_tutorials:/home/ti5/ws_moveit2/install/moveit:/home/ti5/ws_moveit2/install/moveit_planners:/home/ti5/ws_moveit2/install/pilz_industrial_motion_planner:/home/ti5/ws_moveit2/install/moveit_visual_tools:/home/ti5/ws_moveit2/install/moveit_task_constructor_visualization:/home/ti5/ws_moveit2/install/moveit_task_constructor_demo:/home/ti5/ws_moveit2/install/moveit_task_constructor_capabilities:/home/ti5/ws_moveit2/install/moveit_task_constructor_core:/home/ti5/ws_moveit2/install/moveit_ros_control_interface:/home/ti5/ws_moveit2/install/moveit_plugins:/home/ti5/ws_moveit2/install/moveit_simple_controller_manager:/home/ti5/ws_moveit2/install/moveit_setup_assistant:/home/ti5/ws_moveit2/install/moveit_setup_srdf_plugins:/home/ti5/ws_moveit2/install/moveit_setup_core_plugins:/home/ti5/ws_moveit2/install/moveit_setup_controllers:/home/ti5/ws_moveit2/install/moveit_setup_app_plugins:/home/ti5/ws_moveit2/install/moveit_setup_framework:/home/ti5/ws_moveit2/install/moveit_servo:/home/ti5/ws_moveit2/install/moveit_ros:/home/ti5/ws_moveit2/install/moveit_ros_visualization:/home/ti5/ws_moveit2/install/moveit_hybrid_planning:/home/ti5/ws_moveit2/install/moveit_ros_planning_interface:/home/ti5/ws_moveit2/install/moveit_ros_benchmarks:/home/ti5/ws_moveit2/install/moveit_ros_warehouse:/home/ti5/ws_moveit2/install/moveit_ros_robot_interaction:/home/ti5/ws_moveit2/install/moveit_ros_perception:/home/ti5/ws_moveit2/install/moveit_resources_prbt_pg70_support:/home/ti5/ws_moveit2/install/moveit_resources_prbt_moveit_config:/home/ti5/ws_moveit2/install/moveit_ros_move_group:/home/ti5/ws_moveit2/install/moveit_planners_ompl:/home/ti5/ws_moveit2/install/moveit_ros_planning:/home/ti5/ws_moveit2/install/moveit_ros_occupancy_map_monitor:/home/ti5/ws_moveit2/install/moveit_resources_prbt_ikfast_manipulator_plugin:/home/ti5/ws_moveit2/install/moveit_planners_chomp:/home/ti5/ws_moveit2/install/moveit_kinematics:/home/ti5/ws_moveit2/install/moveit_chomp_optimizer_adapter:/home/ti5/ws_moveit2/install/chomp_motion_planner:/home/ti5/ws_moveit2/install/moveit_core:/home/ti5/ws_moveit2/install/rviz_marker_tools:/home/ti5/ws_moveit2/install/rosparam_shortcuts:/home/ti5/ws_moveit2/install/moveit_task_constructor_msgs:/home/ti5/ws_moveit2/install/moveit_resources_prbt_support:/home/ti5/ws_moveit2/install/moveit_resources:/home/ti5/ws_moveit2/install/moveit_resources_fanuc_moveit_config:/home/ti5/ws_moveit2/install/moveit_resources_fanuc_description:/home/ti5/ws_moveit2/install/demo:/home/ti5/ws_moveit2/install/moveit_configs_utils:/home/ti5/ws_moveit2/install/launch_param_builder:/opt/ros/humble LD_LIBRARY_PATH=/home/ti5/ws_moveit2/install/srdfdom/lib:/home/ti5/ws_moveit2/install/pilz_industrial_motion_planner_testutils/lib:/home/ti5/ws_moveit2/install/pilz_industrial_motion_planner/lib:/home/ti5/ws_moveit2/install/moveit_visual_tools/lib:/home/ti5/ws_moveit2/install/moveit_task_constructor_visualization/lib:/home/ti5/ws_moveit2/install/moveit_task_constructor_demo/lib:/home/ti5/ws_moveit2/install/moveit_task_constructor_capabilities/lib:/home/ti5/ws_moveit2/install/moveit_task_constructor_core/lib:/home/ti5/ws_moveit2/install/moveit_ros_control_interface/lib:/home/ti5/ws_moveit2/install/moveit_simple_controller_manager/lib:/home/ti5/ws_moveit2/install/moveit_setup_assistant/lib:/home/ti5/ws_moveit2/install/moveit_setup_srdf_plugins/lib:/home/ti5/ws_moveit2/install/moveit_setup_core_plugins/lib:/home/ti5/ws_moveit2/install/moveit_setup_controllers/lib:/home/ti5/ws_moveit2/install/moveit_setup_app_plugins/lib:/home/ti5/ws_moveit2/install/moveit_setup_framework/lib:/home/ti5/ws_moveit2/install/moveit_servo/lib:/home/ti5/ws_moveit2/install/moveit_ros_visualization/lib:/home/ti5/ws_moveit2/install/moveit_hybrid_planning/lib:/home/ti5/ws_moveit2/install/moveit_ros_planning_interface/lib:/home/ti5/ws_moveit2/install/moveit_ros_benchmarks/lib:/home/ti5/ws_moveit2/install/moveit_ros_warehouse/lib:/home/ti5/ws_moveit2/install/moveit_ros_robot_interaction/lib:/home/ti5/ws_moveit2/install/moveit_ros_perception/lib:/home/ti5/ws_moveit2/install/moveit_ros_move_group/lib:/home/ti5/ws_moveit2/install/moveit_planners_ompl/lib:/home/ti5/ws_moveit2/install/moveit_ros_planning/lib:/home/ti5/ws_moveit2/install/moveit_ros_occupancy_map_monitor/lib:/home/ti5/ws_moveit2/install/moveit_resources_prbt_ikfast_manipulator_plugin/lib:/home/ti5/ws_moveit2/install/moveit_planners_chomp/lib:/home/ti5/ws_moveit2/install/moveit_kinematics/lib:/home/ti5/ws_moveit2/install/moveit_chomp_optimizer_adapter/lib:/home/ti5/ws_moveit2/install/chomp_motion_planner/lib:/home/ti5/ws_moveit2/install/moveit_core/lib:/home/ti5/ws_moveit2/install/rviz_marker_tools/lib:/home/ti5/ws_moveit2/install/rosparam_shortcuts/lib:/home/ti5/ws_moveit2/install/moveit_task_constructor_msgs/lib:/opt/ros/humble/opt/rviz_ogre_vendor/lib:/opt/ros/humble/lib/x86_64-linux-gnu:/opt/ros/humble/lib /usr/bin/cmake --build /home/ti5/ws_moveit2/build/moveit_core -- -j4 -l4
[0.750s] [  1%] Built target moveit_exceptions
[0.814s] [  2%] Built target moveit_transforms
[1.022s] [  4%] Built target moveit_utils
[1.085s] [  6%] Built target moveit_distance_field
[1.308s] [  7%] Built target gtest_main
[1.321s] [  8%] Built target gtest
[1.544s] [ 10%] Built target gmock
[1.557s] [ 11%] Built target gmock_main
[1.762s] [ 12%] Built target moveit_butterworth_parameters
[1.811s] [ 13%] Built target moveit_smoothing_base
[1.974s] [ 14%] Built target test_transforms
[1.999s] [ 16%] Built target moveit_version
[2.206s] [ 17%] Built target test_voxel_grid
[2.301s] [ 18%] Built target test_distance_field
[2.436s] [ 19%] Built target moveit_kinematics_base
[2.722s] [ 26%] Built target moveit_robot_model
[3.024s] [ 29%] Built target moveit_robot_state
[3.256s] [ 30%] Built target moveit_butterworth_filter
[3.492s] [ 31%] Built target moveit_robot_trajectory
[3.709s] [ 33%] Built target moveit_dynamics_solver
[3.973s] [ 34%] Built target moveit_kinematics_metrics
[4.202s] [ 35%] Built target test_butterworth_filter
[4.583s] [ 37%] Built target moveit_planning_interface
[4.950s] [ 41%] Built target moveit_trajectory_processing
[5.244s] [ 47%] Built target moveit_collision_detection
[5.484s] [ 48%] Built target moveit_test_utils
[5.687s] [ 50%] Built target test_world_diff
[5.928s] [ 51%] Built target test_all_valid
[6.277s] [ 56%] Built target moveit_collision_detection_bullet
[6.559s] [ 57%] Built target test_robot_model
[6.795s] [ 59%] Built target test_robot_state
[7.046s] [ 60%] Built target test_robot_state_benchmark
[7.315s] [ 61%] Built target test_robot_state_complex
[7.562s] [ 62%] Built target test_aabb
[7.785s] [ 63%] Built target test_cartesian_interpolator
[8.013s] [ 64%] Built target test_robot_trajectory
[8.220s] [ 65%] Built target test_time_parameterization
[8.423s] [ 67%] Built target test_time_optimal_trajectory_generation
[8.632s] [ 68%] Built target test_ruckig_traj_smoothing
[8.847s] [ 69%] Built target test_bullet_collision_detection
[9.069s] [ 70%] Built target test_bullet_collision_detection_panda
[9.290s] [ 72%] Built target test_bullet_continuous_collision_checking
[9.468s] [ 73%] Built target test_world
[9.695s] [ 75%] Built target moveit_collision_detection_fcl
[9.939s] [ 77%] Built target moveit_kinematic_constraints
[10.172s] [ 78%] Built target test_fcl_collision_detection_panda
[10.418s] [ 79%] Built target moveit_planning_scene
[10.624s] [ 80%] Built target test_constraints
[10.829s] [ 81%] Built target test_orientation_constraints
[11.033s] [ 82%] Built target moveit_planning_request_adapter
[11.259s] [ 83%] Built target test_planning_scene
[11.474s] [ 84%] Built target test_collision_objects
[11.686s] [ 85%] Built target test_multi_threaded
[11.895s] [ 86%] Built target collision_detector_bullet_plugin
[12.117s] [ 87%] Built target collision_detector_fcl_plugin
[12.386s] [ 90%] Built target moveit_collision_distance_field
[12.628s] [ 93%] Built target moveit_constraint_samplers
[12.847s] [ 94%] Built target test_collision_distance_field
[13.096s] [ 97%] Built target test_constraint_samplers
[13.332s] [ 98%] Built target test_fcl_collision_detection
[13.562s] [100%] Built target test_fcl_collision_env
[13.640s] Invoked command in '/home/ti5/ws_moveit2/build/moveit_core' returned '0': CMAKE_PREFIX_PATH=/home/ti5/ws_moveit2/install/moveit_resources_panda_moveit_config:/home/ti5/ws_moveit2/install/srdfdom:/home/ti5/ws_moveit2/install/moveit_resources_pr2_description:/home/ti5/ws_moveit2/install/moveit_resources_panda_description:/home/ti5/ws_moveit2/install/moveit_common:/home/ti5/ws_moveit2/install/arm5:/home/ti5/ws_moveit2/install/arm3:/home/ti5/ws_moveit2/install/arm2:/home/ti5/ws_moveit2/install/arm1:/home/ti5/ws_moveit2/install/ti5_urdf:/home/ti5/ws_moveit2/install/pilz_industrial_motion_planner_testutils:/home/ti5/ws_moveit2/install/moveit_runtime:/home/ti5/ws_moveit2/install/moveit2_tutorials:/home/ti5/ws_moveit2/install/moveit:/home/ti5/ws_moveit2/install/moveit_planners:/home/ti5/ws_moveit2/install/pilz_industrial_motion_planner:/home/ti5/ws_moveit2/install/moveit_visual_tools:/home/ti5/ws_moveit2/install/moveit_task_constructor_visualization:/home/ti5/ws_moveit2/install/moveit_task_constructor_demo:/home/ti5/ws_moveit2/install/moveit_task_constructor_capabilities:/home/ti5/ws_moveit2/install/moveit_task_constructor_core:/home/ti5/ws_moveit2/install/moveit_ros_control_interface:/home/ti5/ws_moveit2/install/moveit_plugins:/home/ti5/ws_moveit2/install/moveit_simple_controller_manager:/home/ti5/ws_moveit2/install/moveit_setup_assistant:/home/ti5/ws_moveit2/install/moveit_setup_srdf_plugins:/home/ti5/ws_moveit2/install/moveit_setup_core_plugins:/home/ti5/ws_moveit2/install/moveit_setup_controllers:/home/ti5/ws_moveit2/install/moveit_setup_app_plugins:/home/ti5/ws_moveit2/install/moveit_setup_framework:/home/ti5/ws_moveit2/install/moveit_servo:/home/ti5/ws_moveit2/install/moveit_ros:/home/ti5/ws_moveit2/install/moveit_ros_visualization:/home/ti5/ws_moveit2/install/moveit_hybrid_planning:/home/ti5/ws_moveit2/install/moveit_ros_planning_interface:/home/ti5/ws_moveit2/install/moveit_ros_benchmarks:/home/ti5/ws_moveit2/install/moveit_ros_warehouse:/home/ti5/ws_moveit2/install/moveit_ros_robot_interaction:/home/ti5/ws_moveit2/install/moveit_ros_perception:/home/ti5/ws_moveit2/install/moveit_resources_prbt_pg70_support:/home/ti5/ws_moveit2/install/moveit_resources_prbt_moveit_config:/home/ti5/ws_moveit2/install/moveit_ros_move_group:/home/ti5/ws_moveit2/install/moveit_planners_ompl:/home/ti5/ws_moveit2/install/moveit_ros_planning:/home/ti5/ws_moveit2/install/moveit_ros_occupancy_map_monitor:/home/ti5/ws_moveit2/install/moveit_resources_prbt_ikfast_manipulator_plugin:/home/ti5/ws_moveit2/install/moveit_planners_chomp:/home/ti5/ws_moveit2/install/moveit_kinematics:/home/ti5/ws_moveit2/install/moveit_chomp_optimizer_adapter:/home/ti5/ws_moveit2/install/chomp_motion_planner:/home/ti5/ws_moveit2/install/moveit_core:/home/ti5/ws_moveit2/install/rviz_marker_tools:/home/ti5/ws_moveit2/install/rosparam_shortcuts:/home/ti5/ws_moveit2/install/moveit_task_constructor_msgs:/home/ti5/ws_moveit2/install/moveit_resources_prbt_support:/home/ti5/ws_moveit2/install/moveit_resources:/home/ti5/ws_moveit2/install/moveit_resources_fanuc_moveit_config:/home/ti5/ws_moveit2/install/moveit_resources_fanuc_description:/home/ti5/ws_moveit2/install/demo:/home/ti5/ws_moveit2/install/moveit_configs_utils:/home/ti5/ws_moveit2/install/launch_param_builder:/opt/ros/humble LD_LIBRARY_PATH=/home/ti5/ws_moveit2/install/srdfdom/lib:/home/ti5/ws_moveit2/install/pilz_industrial_motion_planner_testutils/lib:/home/ti5/ws_moveit2/install/pilz_industrial_motion_planner/lib:/home/ti5/ws_moveit2/install/moveit_visual_tools/lib:/home/ti5/ws_moveit2/install/moveit_task_constructor_visualization/lib:/home/ti5/ws_moveit2/install/moveit_task_constructor_demo/lib:/home/ti5/ws_moveit2/install/moveit_task_constructor_capabilities/lib:/home/ti5/ws_moveit2/install/moveit_task_constructor_core/lib:/home/ti5/ws_moveit2/install/moveit_ros_control_interface/lib:/home/ti5/ws_moveit2/install/moveit_simple_controller_manager/lib:/home/ti5/ws_moveit2/install/moveit_setup_assistant/lib:/home/ti5/ws_moveit2/install/moveit_setup_srdf_plugins/lib:/home/ti5/ws_moveit2/install/moveit_setup_core_plugins/lib:/home/ti5/ws_moveit2/install/moveit_setup_controllers/lib:/home/ti5/ws_moveit2/install/moveit_setup_app_plugins/lib:/home/ti5/ws_moveit2/install/moveit_setup_framework/lib:/home/ti5/ws_moveit2/install/moveit_servo/lib:/home/ti5/ws_moveit2/install/moveit_ros_visualization/lib:/home/ti5/ws_moveit2/install/moveit_hybrid_planning/lib:/home/ti5/ws_moveit2/install/moveit_ros_planning_interface/lib:/home/ti5/ws_moveit2/install/moveit_ros_benchmarks/lib:/home/ti5/ws_moveit2/install/moveit_ros_warehouse/lib:/home/ti5/ws_moveit2/install/moveit_ros_robot_interaction/lib:/home/ti5/ws_moveit2/install/moveit_ros_perception/lib:/home/ti5/ws_moveit2/install/moveit_ros_move_group/lib:/home/ti5/ws_moveit2/install/moveit_planners_ompl/lib:/home/ti5/ws_moveit2/install/moveit_ros_planning/lib:/home/ti5/ws_moveit2/install/moveit_ros_occupancy_map_monitor/lib:/home/ti5/ws_moveit2/install/moveit_resources_prbt_ikfast_manipulator_plugin/lib:/home/ti5/ws_moveit2/install/moveit_planners_chomp/lib:/home/ti5/ws_moveit2/install/moveit_kinematics/lib:/home/ti5/ws_moveit2/install/moveit_chomp_optimizer_adapter/lib:/home/ti5/ws_moveit2/install/chomp_motion_planner/lib:/home/ti5/ws_moveit2/install/moveit_core/lib:/home/ti5/ws_moveit2/install/rviz_marker_tools/lib:/home/ti5/ws_moveit2/install/rosparam_shortcuts/lib:/home/ti5/ws_moveit2/install/moveit_task_constructor_msgs/lib:/opt/ros/humble/opt/rviz_ogre_vendor/lib:/opt/ros/humble/lib/x86_64-linux-gnu:/opt/ros/humble/lib /usr/bin/cmake --build /home/ti5/ws_moveit2/build/moveit_core -- -j4 -l4
[14.358s] Invoking command in '/home/ti5/ws_moveit2/build/moveit_core': CMAKE_PREFIX_PATH=/home/ti5/ws_moveit2/install/moveit_resources_panda_moveit_config:/home/ti5/ws_moveit2/install/srdfdom:/home/ti5/ws_moveit2/install/moveit_resources_pr2_description:/home/ti5/ws_moveit2/install/moveit_resources_panda_description:/home/ti5/ws_moveit2/install/moveit_common:/home/ti5/ws_moveit2/install/arm5:/home/ti5/ws_moveit2/install/arm3:/home/ti5/ws_moveit2/install/arm2:/home/ti5/ws_moveit2/install/arm1:/home/ti5/ws_moveit2/install/ti5_urdf:/home/ti5/ws_moveit2/install/pilz_industrial_motion_planner_testutils:/home/ti5/ws_moveit2/install/moveit_runtime:/home/ti5/ws_moveit2/install/moveit2_tutorials:/home/ti5/ws_moveit2/install/moveit:/home/ti5/ws_moveit2/install/moveit_planners:/home/ti5/ws_moveit2/install/pilz_industrial_motion_planner:/home/ti5/ws_moveit2/install/moveit_visual_tools:/home/ti5/ws_moveit2/install/moveit_task_constructor_visualization:/home/ti5/ws_moveit2/install/moveit_task_constructor_demo:/home/ti5/ws_moveit2/install/moveit_task_constructor_capabilities:/home/ti5/ws_moveit2/install/moveit_task_constructor_core:/home/ti5/ws_moveit2/install/moveit_ros_control_interface:/home/ti5/ws_moveit2/install/moveit_plugins:/home/ti5/ws_moveit2/install/moveit_simple_controller_manager:/home/ti5/ws_moveit2/install/moveit_setup_assistant:/home/ti5/ws_moveit2/install/moveit_setup_srdf_plugins:/home/ti5/ws_moveit2/install/moveit_setup_core_plugins:/home/ti5/ws_moveit2/install/moveit_setup_controllers:/home/ti5/ws_moveit2/install/moveit_setup_app_plugins:/home/ti5/ws_moveit2/install/moveit_setup_framework:/home/ti5/ws_moveit2/install/moveit_servo:/home/ti5/ws_moveit2/install/moveit_ros:/home/ti5/ws_moveit2/install/moveit_ros_visualization:/home/ti5/ws_moveit2/install/moveit_hybrid_planning:/home/ti5/ws_moveit2/install/moveit_ros_planning_interface:/home/ti5/ws_moveit2/install/moveit_ros_benchmarks:/home/ti5/ws_moveit2/install/moveit_ros_warehouse:/home/ti5/ws_moveit2/install/moveit_ros_robot_interaction:/home/ti5/ws_moveit2/install/moveit_ros_perception:/home/ti5/ws_moveit2/install/moveit_resources_prbt_pg70_support:/home/ti5/ws_moveit2/install/moveit_resources_prbt_moveit_config:/home/ti5/ws_moveit2/install/moveit_ros_move_group:/home/ti5/ws_moveit2/install/moveit_planners_ompl:/home/ti5/ws_moveit2/install/moveit_ros_planning:/home/ti5/ws_moveit2/install/moveit_ros_occupancy_map_monitor:/home/ti5/ws_moveit2/install/moveit_resources_prbt_ikfast_manipulator_plugin:/home/ti5/ws_moveit2/install/moveit_planners_chomp:/home/ti5/ws_moveit2/install/moveit_kinematics:/home/ti5/ws_moveit2/install/moveit_chomp_optimizer_adapter:/home/ti5/ws_moveit2/install/chomp_motion_planner:/home/ti5/ws_moveit2/install/moveit_core:/home/ti5/ws_moveit2/install/rviz_marker_tools:/home/ti5/ws_moveit2/install/rosparam_shortcuts:/home/ti5/ws_moveit2/install/moveit_task_constructor_msgs:/home/ti5/ws_moveit2/install/moveit_resources_prbt_support:/home/ti5/ws_moveit2/install/moveit_resources:/home/ti5/ws_moveit2/install/moveit_resources_fanuc_moveit_config:/home/ti5/ws_moveit2/install/moveit_resources_fanuc_description:/home/ti5/ws_moveit2/install/demo:/home/ti5/ws_moveit2/install/moveit_configs_utils:/home/ti5/ws_moveit2/install/launch_param_builder:/opt/ros/humble LD_LIBRARY_PATH=/home/ti5/ws_moveit2/install/srdfdom/lib:/home/ti5/ws_moveit2/install/pilz_industrial_motion_planner_testutils/lib:/home/ti5/ws_moveit2/install/pilz_industrial_motion_planner/lib:/home/ti5/ws_moveit2/install/moveit_visual_tools/lib:/home/ti5/ws_moveit2/install/moveit_task_constructor_visualization/lib:/home/ti5/ws_moveit2/install/moveit_task_constructor_demo/lib:/home/ti5/ws_moveit2/install/moveit_task_constructor_capabilities/lib:/home/ti5/ws_moveit2/install/moveit_task_constructor_core/lib:/home/ti5/ws_moveit2/install/moveit_ros_control_interface/lib:/home/ti5/ws_moveit2/install/moveit_simple_controller_manager/lib:/home/ti5/ws_moveit2/install/moveit_setup_assistant/lib:/home/ti5/ws_moveit2/install/moveit_setup_srdf_plugins/lib:/home/ti5/ws_moveit2/install/moveit_setup_core_plugins/lib:/home/ti5/ws_moveit2/install/moveit_setup_controllers/lib:/home/ti5/ws_moveit2/install/moveit_setup_app_plugins/lib:/home/ti5/ws_moveit2/install/moveit_setup_framework/lib:/home/ti5/ws_moveit2/install/moveit_servo/lib:/home/ti5/ws_moveit2/install/moveit_ros_visualization/lib:/home/ti5/ws_moveit2/install/moveit_hybrid_planning/lib:/home/ti5/ws_moveit2/install/moveit_ros_planning_interface/lib:/home/ti5/ws_moveit2/install/moveit_ros_benchmarks/lib:/home/ti5/ws_moveit2/install/moveit_ros_warehouse/lib:/home/ti5/ws_moveit2/install/moveit_ros_robot_interaction/lib:/home/ti5/ws_moveit2/install/moveit_ros_perception/lib:/home/ti5/ws_moveit2/install/moveit_ros_move_group/lib:/home/ti5/ws_moveit2/install/moveit_planners_ompl/lib:/home/ti5/ws_moveit2/install/moveit_ros_planning/lib:/home/ti5/ws_moveit2/install/moveit_ros_occupancy_map_monitor/lib:/home/ti5/ws_moveit2/install/moveit_resources_prbt_ikfast_manipulator_plugin/lib:/home/ti5/ws_moveit2/install/moveit_planners_chomp/lib:/home/ti5/ws_moveit2/install/moveit_kinematics/lib:/home/ti5/ws_moveit2/install/moveit_chomp_optimizer_adapter/lib:/home/ti5/ws_moveit2/install/chomp_motion_planner/lib:/home/ti5/ws_moveit2/install/moveit_core/lib:/home/ti5/ws_moveit2/install/rviz_marker_tools/lib:/home/ti5/ws_moveit2/install/rosparam_shortcuts/lib:/home/ti5/ws_moveit2/install/moveit_task_constructor_msgs/lib:/opt/ros/humble/opt/rviz_ogre_vendor/lib:/opt/ros/humble/lib/x86_64-linux-gnu:/opt/ros/humble/lib /usr/bin/cmake --install /home/ti5/ws_moveit2/build/moveit_core
[14.422s] -- Install configuration: "Release"
[14.423s] -- Up-to-date: /home/ti5/ws_moveit2/install/moveit_core/include/moveit/version.h
[14.424s] -- Up-to-date: /home/ti5/ws_moveit2/install/moveit_core/include
[14.425s] -- Up-to-date: /home/ti5/ws_moveit2/install/moveit_core/include/moveit
[14.426s] -- Up-to-date: /home/ti5/ws_moveit2/install/moveit_core/include/moveit/collision_distance_field
[14.427s] -- Up-to-date: /home/ti5/ws_moveit2/install/moveit_core/include/moveit/collision_distance_field/collision_common_distance_field.h
[14.428s] -- Up-to-date: /home/ti5/ws_moveit2/install/moveit_core/include/moveit/collision_distance_field/collision_detector_allocator_hybrid.h
[14.428s] -- Up-to-date: /home/ti5/ws_moveit2/install/moveit_core/include/moveit/collision_distance_field/collision_env_distance_field.h
[14.429s] -- Up-to-date: /home/ti5/ws_moveit2/install/moveit_core/include/moveit/collision_distance_field/collision_env_hybrid.h
[14.429s] -- Up-to-date: /home/ti5/ws_moveit2/install/moveit_core/include/moveit/collision_distance_field/collision_detector_allocator_distance_field.h
[14.430s] -- Up-to-date: /home/ti5/ws_moveit2/install/moveit_core/include/moveit/collision_distance_field/collision_distance_field_types.h
[14.431s] -- Up-to-date: /home/ti5/ws_moveit2/install/moveit_core/include/moveit_collision_distance_field_export.h
[14.432s] -- Up-to-date: /home/ti5/ws_moveit2/install/moveit_core/include
[14.432s] -- Up-to-date: /home/ti5/ws_moveit2/install/moveit_core/include/moveit
[14.433s] -- Up-to-date: /home/ti5/ws_moveit2/install/moveit_core/include/moveit/constraint_samplers
[14.434s] -- Up-to-date: /home/ti5/ws_moveit2/install/moveit_core/include/moveit/constraint_samplers/constraint_sampler_allocator.h
[14.435s] -- Up-to-date: /home/ti5/ws_moveit2/install/moveit_core/include/moveit/constraint_samplers/constraint_sampler_tools.h
[14.436s] -- Up-to-date: /home/ti5/ws_moveit2/install/moveit_core/include/moveit/constraint_samplers/constraint_sampler.h
[14.436s] -- Up-to-date: /home/ti5/ws_moveit2/install/moveit_core/include/moveit/constraint_samplers/default_constraint_samplers.h
[14.437s] -- Up-to-date: /home/ti5/ws_moveit2/install/moveit_core/include/moveit/constraint_samplers/constraint_sampler_manager.h
[14.437s] -- Up-to-date: /home/ti5/ws_moveit2/install/moveit_core/include/moveit/constraint_samplers/union_constraint_sampler.h
[14.437s] -- Up-to-date: /home/ti5/ws_moveit2/install/moveit_core/include
[14.438s] -- Up-to-date: /home/ti5/ws_moveit2/install/moveit_core/include/moveit
[14.439s] -- Up-to-date: /home/ti5/ws_moveit2/install/moveit_core/include/moveit/controller_manager
[14.440s] -- Up-to-date: /home/ti5/ws_moveit2/install/moveit_core/include/moveit/controller_manager/controller_manager.h
[14.440s] -- Up-to-date: /home/ti5/ws_moveit2/install/moveit_core/include
[14.441s] -- Up-to-date: /home/ti5/ws_moveit2/install/moveit_core/include/moveit
[14.441s] -- Up-to-date: /home/ti5/ws_moveit2/install/moveit_core/include/moveit/distance_field
[14.442s] -- Up-to-date: /home/ti5/ws_moveit2/install/moveit_core/include/moveit/distance_field/propagation_distance_field.h
[14.443s] -- Up-to-date: /home/ti5/ws_moveit2/install/moveit_core/include/moveit/distance_field/distance_field.h
[14.443s] -- Up-to-date: /home/ti5/ws_moveit2/install/moveit_core/include/moveit/distance_field/find_internal_points.h
[14.444s] -- Up-to-date: /home/ti5/ws_moveit2/install/moveit_core/include/moveit/distance_field/voxel_grid.h
[14.445s] -- Up-to-date: /home/ti5/ws_moveit2/install/moveit_core/include
[14.445s] -- Up-to-date: /home/ti5/ws_moveit2/install/moveit_core/include/moveit
[14.446s] -- Up-to-date: /home/ti5/ws_moveit2/install/moveit_core/include/moveit/dynamics_solver
[14.446s] -- Up-to-date: /home/ti5/ws_moveit2/install/moveit_core/include/moveit/dynamics_solver/dynamics_solver.h
[14.447s] -- Up-to-date: /home/ti5/ws_moveit2/install/moveit_core/include
[14.448s] -- Up-to-date: /home/ti5/ws_moveit2/install/moveit_core/include/moveit
[14.448s] -- Up-to-date: /home/ti5/ws_moveit2/install/moveit_core/include/moveit/exceptions
[14.449s] -- Up-to-date: /home/ti5/ws_moveit2/install/moveit_core/include/moveit/exceptions/exceptions.h
[14.450s] -- Up-to-date: /home/ti5/ws_moveit2/install/moveit_core/include
[14.450s] -- Up-to-date: /home/ti5/ws_moveit2/install/moveit_core/include/moveit
[14.451s] -- Up-to-date: /home/ti5/ws_moveit2/install/moveit_core/include/moveit/kinematics_base
[14.452s] -- Up-to-date: /home/ti5/ws_moveit2/install/moveit_core/include/moveit/kinematics_base/kinematics_base.h
[14.452s] -- Up-to-date: /home/ti5/ws_moveit2/install/moveit_core/include/moveit_kinematics_base_export.h
[14.453s] -- Up-to-date: /home/ti5/ws_moveit2/install/moveit_core/include
[14.454s] -- Up-to-date: /home/ti5/ws_moveit2/install/moveit_core/include/moveit
[14.454s] -- Up-to-date: /home/ti5/ws_moveit2/install/moveit_core/include/moveit/kinematic_constraints
[14.455s] -- Up-to-date: /home/ti5/ws_moveit2/install/moveit_core/include/moveit/kinematic_constraints/kinematic_constraint.h
[14.456s] -- Up-to-date: /home/ti5/ws_moveit2/install/moveit_core/include/moveit/kinematic_constraints/utils.h
[14.456s] -- Up-to-date: /home/ti5/ws_moveit2/install/moveit_core/include
[14.457s] -- Up-to-date: /home/ti5/ws_moveit2/install/moveit_core/include/moveit
[14.457s] -- Up-to-date: /home/ti5/ws_moveit2/install/moveit_core/include/moveit/kinematics_metrics
[14.458s] -- Up-to-date: /home/ti5/ws_moveit2/install/moveit_core/include/moveit/kinematics_metrics/kinematics_metrics.h
[14.459s] -- Up-to-date: /home/ti5/ws_moveit2/install/moveit_core/include
[14.460s] -- Up-to-date: /home/ti5/ws_moveit2/install/moveit_core/include/moveit
[14.460s] -- Up-to-date: /home/ti5/ws_moveit2/install/moveit_core/include/moveit/macros
[14.461s] -- Up-to-date: /home/ti5/ws_moveit2/install/moveit_core/include/moveit/macros/declare_ptr.h
[14.462s] -- Up-to-date: /home/ti5/ws_moveit2/install/moveit_core/include/moveit/macros/class_forward.h
[14.462s] -- Up-to-date: /home/ti5/ws_moveit2/install/moveit_core/include/moveit/macros/console_colors.h
[14.463s] -- Up-to-date: /home/ti5/ws_moveit2/install/moveit_core/include/moveit/macros/deprecation.h
[14.464s] -- Up-to-date: /home/ti5/ws_moveit2/install/moveit_core/include/moveit_butterworth_parameters
[14.464s] -- Up-to-date: /home/ti5/ws_moveit2/install/moveit_core/include/moveit_butterworth_parameters/moveit_butterworth_parameters.hpp
[14.465s] -- Up-to-date: /home/ti5/ws_moveit2/install/moveit_core/include
[14.466s] -- Up-to-date: /home/ti5/ws_moveit2/install/moveit_core/include/moveit
[14.467s] -- Up-to-date: /home/ti5/ws_moveit2/install/moveit_core/include/moveit/online_signal_smoothing
[14.468s] -- Up-to-date: /home/ti5/ws_moveit2/install/moveit_core/include/moveit/online_signal_smoothing/butterworth_filter.h
[14.469s] -- Up-to-date: /home/ti5/ws_moveit2/install/moveit_core/include/moveit/online_signal_smoothing/smoothing_base_class.h
[14.469s] -- Up-to-date: /home/ti5/ws_moveit2/install/moveit_core/include/moveit_smoothing_base_export.h
[14.470s] -- Up-to-date: /home/ti5/ws_moveit2/install/moveit_core/include/moveit_butterworth_filter_export.h
[14.471s] -- Up-to-date: /home/ti5/ws_moveit2/install/moveit_core/include
[14.472s] -- Up-to-date: /home/ti5/ws_moveit2/install/moveit_core/include/moveit
[14.473s] -- Up-to-date: /home/ti5/ws_moveit2/install/moveit_core/include/moveit/planning_interface
[14.473s] -- Up-to-date: /home/ti5/ws_moveit2/install/moveit_core/include/moveit/planning_interface/planning_request.h
[14.474s] -- Up-to-date: /home/ti5/ws_moveit2/install/moveit_core/include/moveit/planning_interface/planning_interface.h
[14.474s] -- Up-to-date: /home/ti5/ws_moveit2/install/moveit_core/include/moveit/planning_interface/planning_response.h
[14.475s] -- Up-to-date: /home/ti5/ws_moveit2/install/moveit_core/include
[14.477s] -- Up-to-date: /home/ti5/ws_moveit2/install/moveit_core/include/moveit
[14.478s] -- Up-to-date: /home/ti5/ws_moveit2/install/moveit_core/include/moveit/planning_request_adapter
[14.479s] -- Up-to-date: /home/ti5/ws_moveit2/install/moveit_core/include/moveit/planning_request_adapter/planning_request_adapter.h
[14.481s] -- Up-to-date: /home/ti5/ws_moveit2/install/moveit_core/include
[14.482s] -- Up-to-date: /home/ti5/ws_moveit2/install/moveit_core/include/moveit
[14.482s] -- Up-to-date: /home/ti5/ws_moveit2/install/moveit_core/include/moveit/planning_scene
[14.483s] -- Up-to-date: /home/ti5/ws_moveit2/install/moveit_core/include/moveit/planning_scene/planning_scene.h
[14.484s] -- Up-to-date: /home/ti5/ws_moveit2/install/moveit_core/include/moveit_planning_scene_export.h
[14.484s] -- Up-to-date: /home/ti5/ws_moveit2/install/moveit_core/include
[14.485s] -- Up-to-date: /home/ti5/ws_moveit2/install/moveit_core/include/moveit
[14.485s] -- Up-to-date: /home/ti5/ws_moveit2/install/moveit_core/include/moveit/robot_model
[14.486s] -- Up-to-date: /home/ti5/ws_moveit2/install/moveit_core/include/moveit/robot_model/floating_joint_model.h
[14.487s] -- Up-to-date: /home/ti5/ws_moveit2/install/moveit_core/include/moveit/robot_model/fixed_joint_model.h
[14.488s] -- Up-to-date: /home/ti5/ws_moveit2/install/moveit_core/include/moveit/robot_model/joint_model.h
[14.488s] -- Up-to-date: /home/ti5/ws_moveit2/install/moveit_core/include/moveit/robot_model/aabb.h
[14.489s] -- Up-to-date: /home/ti5/ws_moveit2/install/moveit_core/include/moveit/robot_model/planar_joint_model.h
[14.489s] -- Up-to-date: /home/ti5/ws_moveit2/install/moveit_core/include/moveit/robot_model/link_model.h
[14.490s] -- Up-to-date: /home/ti5/ws_moveit2/install/moveit_core/include/moveit/robot_model/revolute_joint_model.h
[14.490s] -- Up-to-date: /home/ti5/ws_moveit2/install/moveit_core/include/moveit/robot_model/prismatic_joint_model.h
[14.491s] -- Up-to-date: /home/ti5/ws_moveit2/install/moveit_core/include/moveit/robot_model/robot_model.h
[14.492s] -- Up-to-date: /home/ti5/ws_moveit2/install/moveit_core/include/moveit/robot_model/joint_model_group.h
[14.492s] -- Up-to-date: /home/ti5/ws_moveit2/install/moveit_core/include
[14.493s] -- Up-to-date: /home/ti5/ws_moveit2/install/moveit_core/include/moveit
[14.494s] -- Up-to-date: /home/ti5/ws_moveit2/install/moveit_core/include/moveit/robot_state
[14.494s] -- Up-to-date: /home/ti5/ws_moveit2/install/moveit_core/include/moveit/robot_state/attached_body.h
[14.495s] -- Up-to-date: /home/ti5/ws_moveit2/install/moveit_core/include/moveit/robot_state/robot_state.h
[14.495s] -- Up-to-date: /home/ti5/ws_moveit2/install/moveit_core/include/moveit/robot_state/conversions.h
[14.496s] -- Up-to-date: /home/ti5/ws_moveit2/install/moveit_core/include/moveit/robot_state/cartesian_interpolator.h
[14.496s] -- Up-to-date: /home/ti5/ws_moveit2/install/moveit_core/include
[14.497s] -- Up-to-date: /home/ti5/ws_moveit2/install/moveit_core/include/moveit
[14.497s] -- Up-to-date: /home/ti5/ws_moveit2/install/moveit_core/include/moveit/robot_trajectory
[14.498s] -- Up-to-date: /home/ti5/ws_moveit2/install/moveit_core/include/moveit/robot_trajectory/robot_trajectory.h
[14.498s] -- Up-to-date: /home/ti5/ws_moveit2/install/moveit_core/include
[14.499s] -- Up-to-date: /home/ti5/ws_moveit2/install/moveit_core/include/moveit
[14.499s] -- Up-to-date: /home/ti5/ws_moveit2/install/moveit_core/include/moveit/sensor_manager
[14.500s] -- Up-to-date: /home/ti5/ws_moveit2/install/moveit_core/include/moveit/sensor_manager/sensor_manager.h
[14.500s] -- Up-to-date: /home/ti5/ws_moveit2/install/moveit_core/include
[14.500s] -- Up-to-date: /home/ti5/ws_moveit2/install/moveit_core/include/moveit
[14.501s] -- Up-to-date: /home/ti5/ws_moveit2/install/moveit_core/include/moveit/trajectory_processing
[14.501s] -- Up-to-date: /home/ti5/ws_moveit2/install/moveit_core/include/moveit/trajectory_processing/trajectory_tools.h
[14.502s] -- Up-to-date: /home/ti5/ws_moveit2/install/moveit_core/include/moveit/trajectory_processing/iterative_time_parameterization.h
[14.503s] -- Up-to-date: /home/ti5/ws_moveit2/install/moveit_core/include/moveit/trajectory_processing/time_parameterization.h
[14.503s] -- Up-to-date: /home/ti5/ws_moveit2/install/moveit_core/include/moveit/trajectory_processing/ruckig_traj_smoothing.h
[14.503s] -- Up-to-date: /home/ti5/ws_moveit2/install/moveit_core/include/moveit/trajectory_processing/time_optimal_trajectory_generation.h
[14.504s] -- Up-to-date: /home/ti5/ws_moveit2/install/moveit_core/include/moveit/trajectory_processing/iterative_spline_parameterization.h
[14.504s] -- Up-to-date: /home/ti5/ws_moveit2/install/moveit_core/include
[14.505s] -- Up-to-date: /home/ti5/ws_moveit2/install/moveit_core/include/moveit
[14.505s] -- Up-to-date: /home/ti5/ws_moveit2/install/moveit_core/include/moveit/transforms
[14.505s] -- Up-to-date: /home/ti5/ws_moveit2/install/moveit_core/include/moveit/transforms/transforms.h
[14.506s] -- Up-to-date: /home/ti5/ws_moveit2/install/moveit_core/include
[14.506s] -- Up-to-date: /home/ti5/ws_moveit2/install/moveit_core/include/moveit
[14.507s] -- Up-to-date: /home/ti5/ws_moveit2/install/moveit_core/include/moveit/utils
[14.507s] -- Up-to-date: /home/ti5/ws_moveit2/install/moveit_core/include/moveit/utils/moveit_error_code.h
[14.508s] -- Up-to-date: /home/ti5/ws_moveit2/install/moveit_core/include/moveit/utils/message_checks.h
[14.509s] -- Up-to-date: /home/ti5/ws_moveit2/install/moveit_core/include/moveit/utils/lexical_casts.h
[14.510s] -- Up-to-date: /home/ti5/ws_moveit2/install/moveit_core/include/moveit/utils/robot_model_test_utils.h
[14.510s] -- Up-to-date: /home/ti5/ws_moveit2/install/moveit_core/include/moveit/utils/rclcpp_utils.h
[14.510s] -- Up-to-date: /home/ti5/ws_moveit2/install/moveit_core/bin/moveit_version
[14.511s] -- Up-to-date: /home/ti5/ws_moveit2/install/moveit_core/include
[14.511s] -- Up-to-date: /home/ti5/ws_moveit2/install/moveit_core/include/moveit
[14.512s] -- Up-to-date: /home/ti5/ws_moveit2/install/moveit_core/include/moveit/collision_detection
[14.513s] -- Up-to-date: /home/ti5/ws_moveit2/install/moveit_core/include/moveit/collision_detection/collision_plugin_cache.h
[14.513s] -- Up-to-date: /home/ti5/ws_moveit2/install/moveit_core/include/moveit/collision_detection/collision_plugin.h
[14.514s] -- Up-to-date: /home/ti5/ws_moveit2/install/moveit_core/include/moveit/collision_detection/world.h
[14.514s] -- Up-to-date: /home/ti5/ws_moveit2/install/moveit_core/include/moveit/collision_detection/collision_matrix.h
[14.515s] -- Up-to-date: /home/ti5/ws_moveit2/install/moveit_core/include/moveit/collision_detection/test_collision_common_panda.h
[14.515s] -- Up-to-date: /home/ti5/ws_moveit2/install/moveit_core/include/moveit/collision_detection/test_collision_common_pr2.h
[14.516s] -- Up-to-date: /home/ti5/ws_moveit2/install/moveit_core/include/moveit/collision_detection/collision_octomap_filter.h
[14.516s] -- Up-to-date: /home/ti5/ws_moveit2/install/moveit_core/include/moveit/collision_detection/collision_tools.h
[14.517s] -- Up-to-date: /home/ti5/ws_moveit2/install/moveit_core/include/moveit/collision_detection/collision_common.h
[14.517s] -- Up-to-date: /home/ti5/ws_moveit2/install/moveit_core/include/moveit/collision_detection/world_diff.h
[14.518s] -- Up-to-date: /home/ti5/ws_moveit2/install/moveit_core/include/moveit/collision_detection/occupancy_map.h
[14.518s] -- Up-to-date: /home/ti5/ws_moveit2/install/moveit_core/include/moveit/collision_detection/collision_detector_allocator.h
[14.518s] -- Up-to-date: /home/ti5/ws_moveit2/install/moveit_core/include/moveit/collision_detection/allvalid
[14.519s] -- Up-to-date: /home/ti5/ws_moveit2/install/moveit_core/include/moveit/collision_detection/allvalid/collision_env_allvalid.h
[14.519s] -- Up-to-date: /home/ti5/ws_moveit2/install/moveit_core/include/moveit/collision_detection/allvalid/collision_detector_allocator_allvalid.h
[14.520s] -- Up-to-date: /home/ti5/ws_moveit2/install/moveit_core/include/moveit/collision_detection/collision_env.h
[14.520s] -- Up-to-date: /home/ti5/ws_moveit2/install/moveit_core/include/moveit_collision_detection_export.h
[14.521s] -- Up-to-date: /home/ti5/ws_moveit2/install/moveit_core/include
[14.521s] -- Up-to-date: /home/ti5/ws_moveit2/install/moveit_core/include/moveit
[14.521s] -- Up-to-date: /home/ti5/ws_moveit2/install/moveit_core/include/moveit/collision_detection_bullet
[14.522s] -- Up-to-date: /home/ti5/ws_moveit2/install/moveit_core/include/moveit/collision_detection_bullet/bullet_integration
[14.522s] -- Up-to-date: /home/ti5/ws_moveit2/install/moveit_core/include/moveit/collision_detection_bullet/bullet_integration/bullet_utils.h
[14.523s] -- Up-to-date: /home/ti5/ws_moveit2/install/moveit_core/include/moveit/collision_detection_bullet/bullet_integration/basic_types.h
[14.523s] -- Up-to-date: /home/ti5/ws_moveit2/install/moveit_core/include/moveit/collision_detection_bullet/bullet_integration/bullet_discrete_bvh_manager.h
[14.524s] -- Up-to-date: /home/ti5/ws_moveit2/install/moveit_core/include/moveit/collision_detection_bullet/bullet_integration/bullet_cast_bvh_manager.h
[14.524s] -- Up-to-date: /home/ti5/ws_moveit2/install/moveit_core/include/moveit/collision_detection_bullet/bullet_integration/bullet_bvh_manager.h
[14.524s] -- Up-to-date: /home/ti5/ws_moveit2/install/moveit_core/include/moveit/collision_detection_bullet/bullet_integration/ros_bullet_utils.h
[14.525s] -- Up-to-date: /home/ti5/ws_moveit2/install/moveit_core/include/moveit/collision_detection_bullet/bullet_integration/contact_checker_common.h
[14.525s] -- Up-to-date: /home/ti5/ws_moveit2/install/moveit_core/include/moveit/collision_detection_bullet/collision_env_bullet.h
[14.526s] -- Up-to-date: /home/ti5/ws_moveit2/install/moveit_core/include/moveit/collision_detection_bullet/collision_detector_bullet_plugin_loader.h
[14.526s] -- Up-to-date: /home/ti5/ws_moveit2/install/moveit_core/include/moveit/collision_detection_bullet/collision_detector_allocator_bullet.h
[14.526s] -- Up-to-date: /home/ti5/ws_moveit2/install/moveit_core/include/moveit_collision_detection_bullet_export.h
[14.527s] -- Up-to-date: /home/ti5/ws_moveit2/install/moveit_core/include
[14.527s] -- Up-to-date: /home/ti5/ws_moveit2/install/moveit_core/include/moveit
[14.528s] -- Up-to-date: /home/ti5/ws_moveit2/install/moveit_core/include/moveit/collision_detection_fcl
[14.528s] -- Up-to-date: /home/ti5/ws_moveit2/install/moveit_core/include/moveit/collision_detection_fcl/collision_detector_allocator_fcl.h
[14.529s] -- Up-to-date: /home/ti5/ws_moveit2/install/moveit_core/include/moveit/collision_detection_fcl/fcl_compat.h
[14.529s] -- Up-to-date: /home/ti5/ws_moveit2/install/moveit_core/include/moveit/collision_detection_fcl/collision_common.h
[14.529s] -- Up-to-date: /home/ti5/ws_moveit2/install/moveit_core/include/moveit/collision_detection_fcl/collision_detector_fcl_plugin_loader.h
[14.530s] -- Up-to-date: /home/ti5/ws_moveit2/install/moveit_core/include/moveit/collision_detection_fcl/collision_env_fcl.h
[14.530s] -- Up-to-date: /home/ti5/ws_moveit2/install/moveit_core/include/moveit_collision_detection_fcl_export.h
[14.531s] -- Up-to-date: /home/ti5/ws_moveit2/install/moveit_core/lib/libcollision_detector_bullet_plugin.so.2.5.5
[14.531s] -- Up-to-date: /home/ti5/ws_moveit2/install/moveit_core/lib/libcollision_detector_bullet_plugin.so
[14.531s] -- Up-to-date: /home/ti5/ws_moveit2/install/moveit_core/lib/libmoveit_butterworth_filter.so.2.5.5
[14.532s] -- Up-to-date: /home/ti5/ws_moveit2/install/moveit_core/lib/libmoveit_butterworth_filter.so
[14.532s] -- Up-to-date: /home/ti5/ws_moveit2/install/moveit_core/lib/libmoveit_collision_distance_field.so.2.5.5
[14.533s] -- Up-to-date: /home/ti5/ws_moveit2/install/moveit_core/lib/libmoveit_collision_distance_field.so
[14.533s] -- Up-to-date: /home/ti5/ws_moveit2/install/moveit_core/lib/libmoveit_collision_detection.so.2.5.5
[14.534s] -- Up-to-date: /home/ti5/ws_moveit2/install/moveit_core/lib/libmoveit_collision_detection.so
[14.534s] -- Up-to-date: /home/ti5/ws_moveit2/install/moveit_core/lib/libmoveit_collision_detection_fcl.so.2.5.5
[14.534s] -- Up-to-date: /home/ti5/ws_moveit2/install/moveit_core/lib/libmoveit_collision_detection_fcl.so
[14.535s] -- Up-to-date: /home/ti5/ws_moveit2/install/moveit_core/lib/libmoveit_collision_detection_bullet.so.2.5.5
[14.536s] -- Up-to-date: /home/ti5/ws_moveit2/install/moveit_core/lib/libmoveit_collision_detection_bullet.so
[14.537s] -- Up-to-date: /home/ti5/ws_moveit2/install/moveit_core/lib/libmoveit_dynamics_solver.so.2.5.5
[14.539s] -- Up-to-date: /home/ti5/ws_moveit2/install/moveit_core/lib/libmoveit_dynamics_solver.so
[14.541s] -- Up-to-date: /home/ti5/ws_moveit2/install/moveit_core/lib/libmoveit_constraint_samplers.so.2.5.5
[14.542s] -- Up-to-date: /home/ti5/ws_moveit2/install/moveit_core/lib/libmoveit_constraint_samplers.so
[14.543s] -- Up-to-date: /home/ti5/ws_moveit2/install/moveit_core/lib/libmoveit_distance_field.so.2.5.5
[14.544s] -- Up-to-date: /home/ti5/ws_moveit2/install/moveit_core/lib/libmoveit_distance_field.so
[14.546s] -- Up-to-date: /home/ti5/ws_moveit2/install/moveit_core/lib/libmoveit_exceptions.so.2.5.5
[14.547s] -- Up-to-date: /home/ti5/ws_moveit2/install/moveit_core/lib/libmoveit_exceptions.so
[14.550s] -- Up-to-date: /home/ti5/ws_moveit2/install/moveit_core/lib/libmoveit_kinematics_base.so
[14.553s] -- Up-to-date: /home/ti5/ws_moveit2/install/moveit_core/lib/libmoveit_kinematic_constraints.so.2.5.5
[14.554s] -- Up-to-date: /home/ti5/ws_moveit2/install/moveit_core/lib/libmoveit_kinematic_constraints.so
[14.556s] -- Up-to-date: /home/ti5/ws_moveit2/install/moveit_core/lib/libmoveit_kinematics_metrics.so.2.5.5
[14.557s] -- Up-to-date: /home/ti5/ws_moveit2/install/moveit_core/lib/libmoveit_kinematics_metrics.so
[14.559s] -- Up-to-date: /home/ti5/ws_moveit2/install/moveit_core/lib/libmoveit_planning_interface.so.2.5.5
[14.560s] -- Up-to-date: /home/ti5/ws_moveit2/install/moveit_core/lib/libmoveit_planning_interface.so
[14.562s] -- Up-to-date: /home/ti5/ws_moveit2/install/moveit_core/lib/libmoveit_planning_scene.so.2.5.5
[14.564s] -- Up-to-date: /home/ti5/ws_moveit2/install/moveit_core/lib/libmoveit_planning_scene.so
[14.568s] -- Up-to-date: /home/ti5/ws_moveit2/install/moveit_core/lib/libmoveit_planning_request_adapter.so.2.5.5
[14.570s] -- Up-to-date: /home/ti5/ws_moveit2/install/moveit_core/lib/libmoveit_planning_request_adapter.so
[14.571s] -- Up-to-date: /home/ti5/ws_moveit2/install/moveit_core/lib/libmoveit_robot_model.so.2.5.5
[14.573s] -- Up-to-date: /home/ti5/ws_moveit2/install/moveit_core/lib/libmoveit_robot_model.so
[14.574s] -- Up-to-date: /home/ti5/ws_moveit2/install/moveit_core/lib/libmoveit_robot_state.so.2.5.5
[14.580s] -- Up-to-date: /home/ti5/ws_moveit2/install/moveit_core/lib/libmoveit_robot_state.so
[14.582s] -- Up-to-date: /home/ti5/ws_moveit2/install/moveit_core/lib/libmoveit_robot_trajectory.so.2.5.5
[14.583s] -- Up-to-date: /home/ti5/ws_moveit2/install/moveit_core/lib/libmoveit_robot_trajectory.so
[14.585s] -- Up-to-date: /home/ti5/ws_moveit2/install/moveit_core/lib/libmoveit_smoothing_base.so.2.5.5
[14.587s] -- Up-to-date: /home/ti5/ws_moveit2/install/moveit_core/lib/libmoveit_smoothing_base.so
[14.590s] -- Up-to-date: /home/ti5/ws_moveit2/install/moveit_core/lib/libmoveit_test_utils.so.2.5.5
[14.593s] -- Up-to-date: /home/ti5/ws_moveit2/install/moveit_core/lib/libmoveit_test_utils.so
[14.594s] -- Up-to-date: /home/ti5/ws_moveit2/install/moveit_core/lib/libmoveit_trajectory_processing.so.2.5.5
[14.596s] -- Up-to-date: /home/ti5/ws_moveit2/install/moveit_core/lib/libmoveit_trajectory_processing.so
[14.597s] -- Up-to-date: /home/ti5/ws_moveit2/install/moveit_core/lib/libmoveit_transforms.so.2.5.5
[14.598s] -- Up-to-date: /home/ti5/ws_moveit2/install/moveit_core/lib/libmoveit_transforms.so
[14.600s] -- Up-to-date: /home/ti5/ws_moveit2/install/moveit_core/lib/libmoveit_utils.so.2.5.5
[14.602s] -- Up-to-date: /home/ti5/ws_moveit2/install/moveit_core/lib/libmoveit_utils.so
[14.602s] -- Up-to-date: /home/ti5/ws_moveit2/install/moveit_core/share/moveit_core/environment/library_path.sh
[14.604s] -- Up-to-date: /home/ti5/ws_moveit2/install/moveit_core/share/moveit_core/environment/library_path.dsv
[14.605s] -- Up-to-date: /home/ti5/ws_moveit2/install/moveit_core/share/moveit_core/collision_detector_fcl_description.xml
[14.606s] -- Up-to-date: /home/ti5/ws_moveit2/install/moveit_core/share/moveit_core/collision_detector_bullet_description.xml
[14.606s] -- Up-to-date: /home/ti5/ws_moveit2/install/moveit_core/share/moveit_core/filter_plugin_butterworth.xml
[14.607s] -- Up-to-date: /home/ti5/ws_moveit2/install/moveit_core/share/ament_index/resource_index/package_run_dependencies/moveit_core
[14.608s] -- Up-to-date: /home/ti5/ws_moveit2/install/moveit_core/share/ament_index/resource_index/parent_prefix_path/moveit_core
[14.608s] -- Up-to-date: /home/ti5/ws_moveit2/install/moveit_core/share/moveit_core/environment/ament_prefix_path.sh
[14.608s] -- Up-to-date: /home/ti5/ws_moveit2/install/moveit_core/share/moveit_core/environment/ament_prefix_path.dsv
[14.610s] -- Up-to-date: /home/ti5/ws_moveit2/install/moveit_core/share/moveit_core/environment/path.sh
[14.611s] -- Up-to-date: /home/ti5/ws_moveit2/install/moveit_core/share/moveit_core/environment/path.dsv
[14.611s] -- Up-to-date: /home/ti5/ws_moveit2/install/moveit_core/share/moveit_core/local_setup.bash
[14.612s] -- Up-to-date: /home/ti5/ws_moveit2/install/moveit_core/share/moveit_core/local_setup.sh
[14.612s] -- Up-to-date: /home/ti5/ws_moveit2/install/moveit_core/share/moveit_core/local_setup.zsh
[14.613s] -- Up-to-date: /home/ti5/ws_moveit2/install/moveit_core/share/moveit_core/local_setup.dsv
[14.613s] -- Installing: /home/ti5/ws_moveit2/install/moveit_core/share/moveit_core/package.dsv
[14.614s] -- Up-to-date: /home/ti5/ws_moveit2/install/moveit_core/share/ament_index/resource_index/packages/moveit_core
[14.614s] -- Up-to-date: /home/ti5/ws_moveit2/install/moveit_core/share/ament_index/resource_index/moveit_core__pluginlib__plugin/moveit_core
[14.615s] -- Up-to-date: /home/ti5/ws_moveit2/install/moveit_core/share/moveit_core/cmake/export_moveit_coreExport.cmake
[14.616s] -- Up-to-date: /home/ti5/ws_moveit2/install/moveit_core/share/moveit_core/cmake/export_moveit_coreExport-release.cmake
[14.619s] -- Up-to-date: /home/ti5/ws_moveit2/install/moveit_core/share/moveit_core/cmake/ConfigExtras.cmake
[14.621s] -- Up-to-date: /home/ti5/ws_moveit2/install/moveit_core/share/moveit_core/cmake/ament_cmake_export_targets-extras.cmake
[14.622s] -- Up-to-date: /home/ti5/ws_moveit2/install/moveit_core/share/moveit_core/cmake/ament_cmake_export_dependencies-extras.cmake
[14.622s] -- Up-to-date: /home/ti5/ws_moveit2/install/moveit_core/share/moveit_core/cmake/moveit_coreConfig.cmake
[14.623s] -- Up-to-date: /home/ti5/ws_moveit2/install/moveit_core/share/moveit_core/cmake/moveit_coreConfig-version.cmake
[14.624s] -- Up-to-date: /home/ti5/ws_moveit2/install/moveit_core/share/moveit_core/package.xml
[14.625s] Invoked command in '/home/ti5/ws_moveit2/build/moveit_core' returned '0': CMAKE_PREFIX_PATH=/home/ti5/ws_moveit2/install/moveit_resources_panda_moveit_config:/home/ti5/ws_moveit2/install/srdfdom:/home/ti5/ws_moveit2/install/moveit_resources_pr2_description:/home/ti5/ws_moveit2/install/moveit_resources_panda_description:/home/ti5/ws_moveit2/install/moveit_common:/home/ti5/ws_moveit2/install/arm5:/home/ti5/ws_moveit2/install/arm3:/home/ti5/ws_moveit2/install/arm2:/home/ti5/ws_moveit2/install/arm1:/home/ti5/ws_moveit2/install/ti5_urdf:/home/ti5/ws_moveit2/install/pilz_industrial_motion_planner_testutils:/home/ti5/ws_moveit2/install/moveit_runtime:/home/ti5/ws_moveit2/install/moveit2_tutorials:/home/ti5/ws_moveit2/install/moveit:/home/ti5/ws_moveit2/install/moveit_planners:/home/ti5/ws_moveit2/install/pilz_industrial_motion_planner:/home/ti5/ws_moveit2/install/moveit_visual_tools:/home/ti5/ws_moveit2/install/moveit_task_constructor_visualization:/home/ti5/ws_moveit2/install/moveit_task_constructor_demo:/home/ti5/ws_moveit2/install/moveit_task_constructor_capabilities:/home/ti5/ws_moveit2/install/moveit_task_constructor_core:/home/ti5/ws_moveit2/install/moveit_ros_control_interface:/home/ti5/ws_moveit2/install/moveit_plugins:/home/ti5/ws_moveit2/install/moveit_simple_controller_manager:/home/ti5/ws_moveit2/install/moveit_setup_assistant:/home/ti5/ws_moveit2/install/moveit_setup_srdf_plugins:/home/ti5/ws_moveit2/install/moveit_setup_core_plugins:/home/ti5/ws_moveit2/install/moveit_setup_controllers:/home/ti5/ws_moveit2/install/moveit_setup_app_plugins:/home/ti5/ws_moveit2/install/moveit_setup_framework:/home/ti5/ws_moveit2/install/moveit_servo:/home/ti5/ws_moveit2/install/moveit_ros:/home/ti5/ws_moveit2/install/moveit_ros_visualization:/home/ti5/ws_moveit2/install/moveit_hybrid_planning:/home/ti5/ws_moveit2/install/moveit_ros_planning_interface:/home/ti5/ws_moveit2/install/moveit_ros_benchmarks:/home/ti5/ws_moveit2/install/moveit_ros_warehouse:/home/ti5/ws_moveit2/install/moveit_ros_robot_interaction:/home/ti5/ws_moveit2/install/moveit_ros_perception:/home/ti5/ws_moveit2/install/moveit_resources_prbt_pg70_support:/home/ti5/ws_moveit2/install/moveit_resources_prbt_moveit_config:/home/ti5/ws_moveit2/install/moveit_ros_move_group:/home/ti5/ws_moveit2/install/moveit_planners_ompl:/home/ti5/ws_moveit2/install/moveit_ros_planning:/home/ti5/ws_moveit2/install/moveit_ros_occupancy_map_monitor:/home/ti5/ws_moveit2/install/moveit_resources_prbt_ikfast_manipulator_plugin:/home/ti5/ws_moveit2/install/moveit_planners_chomp:/home/ti5/ws_moveit2/install/moveit_kinematics:/home/ti5/ws_moveit2/install/moveit_chomp_optimizer_adapter:/home/ti5/ws_moveit2/install/chomp_motion_planner:/home/ti5/ws_moveit2/install/moveit_core:/home/ti5/ws_moveit2/install/rviz_marker_tools:/home/ti5/ws_moveit2/install/rosparam_shortcuts:/home/ti5/ws_moveit2/install/moveit_task_constructor_msgs:/home/ti5/ws_moveit2/install/moveit_resources_prbt_support:/home/ti5/ws_moveit2/install/moveit_resources:/home/ti5/ws_moveit2/install/moveit_resources_fanuc_moveit_config:/home/ti5/ws_moveit2/install/moveit_resources_fanuc_description:/home/ti5/ws_moveit2/install/demo:/home/ti5/ws_moveit2/install/moveit_configs_utils:/home/ti5/ws_moveit2/install/launch_param_builder:/opt/ros/humble LD_LIBRARY_PATH=/home/ti5/ws_moveit2/install/srdfdom/lib:/home/ti5/ws_moveit2/install/pilz_industrial_motion_planner_testutils/lib:/home/ti5/ws_moveit2/install/pilz_industrial_motion_planner/lib:/home/ti5/ws_moveit2/install/moveit_visual_tools/lib:/home/ti5/ws_moveit2/install/moveit_task_constructor_visualization/lib:/home/ti5/ws_moveit2/install/moveit_task_constructor_demo/lib:/home/ti5/ws_moveit2/install/moveit_task_constructor_capabilities/lib:/home/ti5/ws_moveit2/install/moveit_task_constructor_core/lib:/home/ti5/ws_moveit2/install/moveit_ros_control_interface/lib:/home/ti5/ws_moveit2/install/moveit_simple_controller_manager/lib:/home/ti5/ws_moveit2/install/moveit_setup_assistant/lib:/home/ti5/ws_moveit2/install/moveit_setup_srdf_plugins/lib:/home/ti5/ws_moveit2/install/moveit_setup_core_plugins/lib:/home/ti5/ws_moveit2/install/moveit_setup_controllers/lib:/home/ti5/ws_moveit2/install/moveit_setup_app_plugins/lib:/home/ti5/ws_moveit2/install/moveit_setup_framework/lib:/home/ti5/ws_moveit2/install/moveit_servo/lib:/home/ti5/ws_moveit2/install/moveit_ros_visualization/lib:/home/ti5/ws_moveit2/install/moveit_hybrid_planning/lib:/home/ti5/ws_moveit2/install/moveit_ros_planning_interface/lib:/home/ti5/ws_moveit2/install/moveit_ros_benchmarks/lib:/home/ti5/ws_moveit2/install/moveit_ros_warehouse/lib:/home/ti5/ws_moveit2/install/moveit_ros_robot_interaction/lib:/home/ti5/ws_moveit2/install/moveit_ros_perception/lib:/home/ti5/ws_moveit2/install/moveit_ros_move_group/lib:/home/ti5/ws_moveit2/install/moveit_planners_ompl/lib:/home/ti5/ws_moveit2/install/moveit_ros_planning/lib:/home/ti5/ws_moveit2/install/moveit_ros_occupancy_map_monitor/lib:/home/ti5/ws_moveit2/install/moveit_resources_prbt_ikfast_manipulator_plugin/lib:/home/ti5/ws_moveit2/install/moveit_planners_chomp/lib:/home/ti5/ws_moveit2/install/moveit_kinematics/lib:/home/ti5/ws_moveit2/install/moveit_chomp_optimizer_adapter/lib:/home/ti5/ws_moveit2/install/chomp_motion_planner/lib:/home/ti5/ws_moveit2/install/moveit_core/lib:/home/ti5/ws_moveit2/install/rviz_marker_tools/lib:/home/ti5/ws_moveit2/install/rosparam_shortcuts/lib:/home/ti5/ws_moveit2/install/moveit_task_constructor_msgs/lib:/opt/ros/humble/opt/rviz_ogre_vendor/lib:/opt/ros/humble/lib/x86_64-linux-gnu:/opt/ros/humble/lib /usr/bin/cmake --install /home/ti5/ws_moveit2/build/moveit_core
