[0.186s] Invoking command in '/home/ti5/ws_moveit2/build/moveit_ros_visualization': AMENT_PREFIX_PATH=/home/ti5/ws_moveit2/install/moveit_ros_planning_interface:/home/ti5/ws_moveit2/install/moveit_ros_move_group:/home/ti5/ws_moveit2/install/moveit_ros_warehouse:/home/ti5/ws_moveit2/install/moveit_ros_robot_interaction:/home/ti5/ws_moveit2/install/moveit_kinematics:/home/ti5/ws_moveit2/install/moveit_ros_planning:/home/ti5/ws_moveit2/install/moveit_ros_occupancy_map_monitor:/home/ti5/ws_moveit2/install/moveit_core:/home/ti5/ws_moveit2/install/srdfdom:/home/ti5/ws_moveit2/install/moveit_common:${AMENT_PREFIX_PATH} CMAKE_PREFIX_PATH=/home/ti5/ws_moveit2/install/moveit_ros_planning_interface:/home/ti5/ws_moveit2/install/moveit_ros_move_group:/home/ti5/ws_moveit2/install/moveit_ros_warehouse:/home/ti5/ws_moveit2/install/moveit_ros_robot_interaction:/home/ti5/ws_moveit2/install/moveit_kinematics:/home/ti5/ws_moveit2/install/moveit_ros_planning:/home/ti5/ws_moveit2/install/moveit_ros_occupancy_map_monitor:/home/ti5/ws_moveit2/install/moveit_core:/home/ti5/ws_moveit2/install/srdfdom:/home/ti5/ws_moveit2/install/moveit_common:/opt/ros/humble LD_LIBRARY_PATH=/home/ti5/ws_moveit2/install/moveit_ros_planning_interface/lib:/home/ti5/ws_moveit2/install/moveit_ros_move_group/lib:/home/ti5/ws_moveit2/install/moveit_ros_warehouse/lib:/home/ti5/ws_moveit2/install/moveit_ros_robot_interaction/lib:/home/ti5/ws_moveit2/install/moveit_kinematics/lib:/home/ti5/ws_moveit2/install/moveit_ros_planning/lib:/home/ti5/ws_moveit2/install/moveit_ros_occupancy_map_monitor/lib:/home/ti5/ws_moveit2/install/moveit_core/lib:/home/ti5/ws_moveit2/install/srdfdom/lib:${LD_LIBRARY_PATH} PATH=/home/ti5/ws_moveit2/install/moveit_core/bin:${PATH} PYTHONPATH=/home/ti5/ws_moveit2/install/srdfdom/local/lib/python3.10/dist-packages:${PYTHONPATH} /usr/bin/cmake --build /home/ti5/ws_moveit2/build/moveit_ros_visualization -- -j4 -l4
[0.771s] [  1%] [34m[1mAutomatic MOC for target moveit_rviz_plugin_render_tools[0m
[0.995s] [  1%] Built target moveit_rviz_plugin_render_tools_autogen
[1.456s] [ 18%] Built target moveit_rviz_plugin_render_tools
[1.619s] [ 20%] [34m[1mAutomatic MOC for target moveit_robot_state_rviz_plugin_core[0m
[1.699s] [ 22%] [34m[1mAutomatic MOC for target moveit_planning_scene_rviz_plugin_core[0m
[1.789s] [ 22%] Built target moveit_robot_state_rviz_plugin_core_autogen
[1.900s] [ 22%] Built target moveit_planning_scene_rviz_plugin_core_autogen
[2.105s] [ 27%] Built target moveit_robot_state_rviz_plugin_core
[2.267s] [ 29%] [34m[1mAutomatic MOC for target moveit_robot_state_rviz_plugin[0m
[2.284s] [ 36%] Built target moveit_planning_scene_rviz_plugin_core
[2.415s] [ 36%] Built target moveit_robot_state_rviz_plugin_autogen
[2.478s] [ 37%] [34m[1mAutomatic MOC for target moveit_planning_scene_rviz_plugin[0m
[2.595s] [ 39%] [34m[1mAutomatic MOC for target moveit_trajectory_rviz_plugin_core[0m
[2.599s] [ 39%] Built target moveit_planning_scene_rviz_plugin_autogen
[2.728s] [ 39%] Built target moveit_trajectory_rviz_plugin_core_autogen
[2.824s] [ 44%] Built target moveit_robot_state_rviz_plugin
[3.069s] [ 50%] Built target moveit_planning_scene_rviz_plugin
[3.126s] [ 55%] Built target moveit_trajectory_rviz_plugin_core
[3.214s] [ 56%] [34m[1mAutomatic MOC for target moveit_motion_planning_rviz_plugin_core[0m
[3.275s] [ 58%] [34m[1mAutomatic MOC for target moveit_trajectory_rviz_plugin[0m
[3.383s] [ 58%] Built target moveit_motion_planning_rviz_plugin_core_autogen
[3.416s] [ 58%] Built target moveit_trajectory_rviz_plugin_autogen
[3.647s] [ 63%] Built target moveit_trajectory_rviz_plugin
[3.890s] [ 93%] Built target moveit_motion_planning_rviz_plugin_core
[4.006s] [ 94%] [34m[1mAutomatic MOC for target moveit_motion_planning_rviz_plugin[0m
[4.103s] [ 94%] Built target moveit_motion_planning_rviz_plugin_autogen
[4.319s] [100%] Built target moveit_motion_planning_rviz_plugin
[4.380s] Invoked command in '/home/ti5/ws_moveit2/build/moveit_ros_visualization' returned '0': AMENT_PREFIX_PATH=/home/ti5/ws_moveit2/install/moveit_ros_planning_interface:/home/ti5/ws_moveit2/install/moveit_ros_move_group:/home/ti5/ws_moveit2/install/moveit_ros_warehouse:/home/ti5/ws_moveit2/install/moveit_ros_robot_interaction:/home/ti5/ws_moveit2/install/moveit_kinematics:/home/ti5/ws_moveit2/install/moveit_ros_planning:/home/ti5/ws_moveit2/install/moveit_ros_occupancy_map_monitor:/home/ti5/ws_moveit2/install/moveit_core:/home/ti5/ws_moveit2/install/srdfdom:/home/ti5/ws_moveit2/install/moveit_common:${AMENT_PREFIX_PATH} CMAKE_PREFIX_PATH=/home/ti5/ws_moveit2/install/moveit_ros_planning_interface:/home/ti5/ws_moveit2/install/moveit_ros_move_group:/home/ti5/ws_moveit2/install/moveit_ros_warehouse:/home/ti5/ws_moveit2/install/moveit_ros_robot_interaction:/home/ti5/ws_moveit2/install/moveit_kinematics:/home/ti5/ws_moveit2/install/moveit_ros_planning:/home/ti5/ws_moveit2/install/moveit_ros_occupancy_map_monitor:/home/ti5/ws_moveit2/install/moveit_core:/home/ti5/ws_moveit2/install/srdfdom:/home/ti5/ws_moveit2/install/moveit_common:/opt/ros/humble LD_LIBRARY_PATH=/home/ti5/ws_moveit2/install/moveit_ros_planning_interface/lib:/home/ti5/ws_moveit2/install/moveit_ros_move_group/lib:/home/ti5/ws_moveit2/install/moveit_ros_warehouse/lib:/home/ti5/ws_moveit2/install/moveit_ros_robot_interaction/lib:/home/ti5/ws_moveit2/install/moveit_kinematics/lib:/home/ti5/ws_moveit2/install/moveit_ros_planning/lib:/home/ti5/ws_moveit2/install/moveit_ros_occupancy_map_monitor/lib:/home/ti5/ws_moveit2/install/moveit_core/lib:/home/ti5/ws_moveit2/install/srdfdom/lib:${LD_LIBRARY_PATH} PATH=/home/ti5/ws_moveit2/install/moveit_core/bin:${PATH} PYTHONPATH=/home/ti5/ws_moveit2/install/srdfdom/local/lib/python3.10/dist-packages:${PYTHONPATH} /usr/bin/cmake --build /home/ti5/ws_moveit2/build/moveit_ros_visualization -- -j4 -l4
[4.565s] Invoking command in '/home/ti5/ws_moveit2/build/moveit_ros_visualization': AMENT_PREFIX_PATH=/home/ti5/ws_moveit2/install/moveit_ros_planning_interface:/home/ti5/ws_moveit2/install/moveit_ros_move_group:/home/ti5/ws_moveit2/install/moveit_ros_warehouse:/home/ti5/ws_moveit2/install/moveit_ros_robot_interaction:/home/ti5/ws_moveit2/install/moveit_kinematics:/home/ti5/ws_moveit2/install/moveit_ros_planning:/home/ti5/ws_moveit2/install/moveit_ros_occupancy_map_monitor:/home/ti5/ws_moveit2/install/moveit_core:/home/ti5/ws_moveit2/install/srdfdom:/home/ti5/ws_moveit2/install/moveit_common:${AMENT_PREFIX_PATH} CMAKE_PREFIX_PATH=/home/ti5/ws_moveit2/install/moveit_ros_planning_interface:/home/ti5/ws_moveit2/install/moveit_ros_move_group:/home/ti5/ws_moveit2/install/moveit_ros_warehouse:/home/ti5/ws_moveit2/install/moveit_ros_robot_interaction:/home/ti5/ws_moveit2/install/moveit_kinematics:/home/ti5/ws_moveit2/install/moveit_ros_planning:/home/ti5/ws_moveit2/install/moveit_ros_occupancy_map_monitor:/home/ti5/ws_moveit2/install/moveit_core:/home/ti5/ws_moveit2/install/srdfdom:/home/ti5/ws_moveit2/install/moveit_common:/opt/ros/humble LD_LIBRARY_PATH=/home/ti5/ws_moveit2/install/moveit_ros_planning_interface/lib:/home/ti5/ws_moveit2/install/moveit_ros_move_group/lib:/home/ti5/ws_moveit2/install/moveit_ros_warehouse/lib:/home/ti5/ws_moveit2/install/moveit_ros_robot_interaction/lib:/home/ti5/ws_moveit2/install/moveit_kinematics/lib:/home/ti5/ws_moveit2/install/moveit_ros_planning/lib:/home/ti5/ws_moveit2/install/moveit_ros_occupancy_map_monitor/lib:/home/ti5/ws_moveit2/install/moveit_core/lib:/home/ti5/ws_moveit2/install/srdfdom/lib:${LD_LIBRARY_PATH} PATH=/home/ti5/ws_moveit2/install/moveit_core/bin:${PATH} PYTHONPATH=/home/ti5/ws_moveit2/install/srdfdom/local/lib/python3.10/dist-packages:${PYTHONPATH} /usr/bin/cmake --install /home/ti5/ws_moveit2/build/moveit_ros_visualization
[4.606s] -- Install configuration: "Release"
[4.607s] -- Up-to-date: /home/ti5/ws_moveit2/install/moveit_ros_visualization/include
[4.608s] -- Up-to-date: /home/ti5/ws_moveit2/install/moveit_ros_visualization/include/moveit
[4.608s] -- Up-to-date: /home/ti5/ws_moveit2/install/moveit_ros_visualization/include/moveit/rviz_plugin_render_tools
[4.609s] -- Up-to-date: /home/ti5/ws_moveit2/install/moveit_ros_visualization/include/moveit/rviz_plugin_render_tools/trajectory_panel.h
[4.610s] -- Up-to-date: /home/ti5/ws_moveit2/install/moveit_ros_visualization/include/moveit/rviz_plugin_render_tools/trajectory_visualization.h
[4.610s] -- Up-to-date: /home/ti5/ws_moveit2/install/moveit_ros_visualization/include/moveit/rviz_plugin_render_tools/render_shapes.h
[4.611s] -- Up-to-date: /home/ti5/ws_moveit2/install/moveit_ros_visualization/include/moveit/rviz_plugin_render_tools/octomap_render.h
[4.612s] -- Up-to-date: /home/ti5/ws_moveit2/install/moveit_ros_visualization/include/moveit/rviz_plugin_render_tools/planning_link_updater.h
[4.612s] -- Up-to-date: /home/ti5/ws_moveit2/install/moveit_ros_visualization/include/moveit/rviz_plugin_render_tools/planning_scene_render.h
[4.613s] -- Up-to-date: /home/ti5/ws_moveit2/install/moveit_ros_visualization/include/moveit/rviz_plugin_render_tools/robot_state_visualization.h
[4.614s] -- Up-to-date: /home/ti5/ws_moveit2/install/moveit_ros_visualization/include/ogre_helpers
[4.614s] -- Up-to-date: /home/ti5/ws_moveit2/install/moveit_ros_visualization/include/ogre_helpers/mesh_shape.hpp
[4.615s] -- Up-to-date: /home/ti5/ws_moveit2/install/moveit_ros_visualization/include
[4.615s] -- Up-to-date: /home/ti5/ws_moveit2/install/moveit_ros_visualization/include/moveit
[4.616s] -- Up-to-date: /home/ti5/ws_moveit2/install/moveit_ros_visualization/include/moveit/robot_state_rviz_plugin
[4.616s] -- Up-to-date: /home/ti5/ws_moveit2/install/moveit_ros_visualization/include/moveit/robot_state_rviz_plugin/robot_state_display.h
[4.617s] -- Up-to-date: /home/ti5/ws_moveit2/install/moveit_ros_visualization/include
[4.617s] -- Up-to-date: /home/ti5/ws_moveit2/install/moveit_ros_visualization/include/moveit
[4.618s] -- Up-to-date: /home/ti5/ws_moveit2/install/moveit_ros_visualization/include/moveit/planning_scene_rviz_plugin
[4.618s] -- Up-to-date: /home/ti5/ws_moveit2/install/moveit_ros_visualization/include/moveit/planning_scene_rviz_plugin/background_processing.hpp
[4.619s] -- Up-to-date: /home/ti5/ws_moveit2/install/moveit_ros_visualization/include/moveit/planning_scene_rviz_plugin/planning_scene_display.h
[4.619s] -- Up-to-date: /home/ti5/ws_moveit2/install/moveit_ros_visualization/include/moveit_planning_scene_rviz_plugin_core_export.h
[4.620s] -- Up-to-date: /home/ti5/ws_moveit2/install/moveit_ros_visualization/include
[4.620s] -- Up-to-date: /home/ti5/ws_moveit2/install/moveit_ros_visualization/include/moveit
[4.621s] -- Up-to-date: /home/ti5/ws_moveit2/install/moveit_ros_visualization/include/moveit/motion_planning_rviz_plugin
[4.621s] -- Up-to-date: /home/ti5/ws_moveit2/install/moveit_ros_visualization/include/moveit/motion_planning_rviz_plugin/motion_planning_param_widget.h
[4.622s] -- Up-to-date: /home/ti5/ws_moveit2/install/moveit_ros_visualization/include/moveit/motion_planning_rviz_plugin/motion_planning_frame_joints_widget.h
[4.622s] -- Up-to-date: /home/ti5/ws_moveit2/install/moveit_ros_visualization/include/moveit/motion_planning_rviz_plugin/motion_planning_display.h
[4.623s] -- Up-to-date: /home/ti5/ws_moveit2/install/moveit_ros_visualization/include/moveit/motion_planning_rviz_plugin/motion_planning_frame.h
[4.623s] -- Up-to-date: /home/ti5/ws_moveit2/install/moveit_ros_visualization/include/moveit/motion_planning_rviz_plugin/interactive_marker_display.h
[4.623s] -- Up-to-date: /home/ti5/ws_moveit2/install/moveit_ros_visualization/include
[4.624s] -- Up-to-date: /home/ti5/ws_moveit2/install/moveit_ros_visualization/include/moveit
[4.625s] -- Up-to-date: /home/ti5/ws_moveit2/install/moveit_ros_visualization/include/moveit/trajectory_rviz_plugin
[4.625s] -- Up-to-date: /home/ti5/ws_moveit2/install/moveit_ros_visualization/include/moveit/trajectory_rviz_plugin/trajectory_display.h
[4.626s] -- Up-to-date: /home/ti5/ws_moveit2/install/moveit_ros_visualization/share/moveit_ros_visualization/icons
[4.627s] -- Up-to-date: /home/ti5/ws_moveit2/install/moveit_ros_visualization/share/moveit_ros_visualization/icons/classes
[4.627s] -- Up-to-date: /home/ti5/ws_moveit2/install/moveit_ros_visualization/share/moveit_ros_visualization/icons/classes/Trajectory.png
[4.627s] -- Up-to-date: /home/ti5/ws_moveit2/install/moveit_ros_visualization/share/moveit_ros_visualization/icons/classes/RobotState.png
[4.628s] -- Up-to-date: /home/ti5/ws_moveit2/install/moveit_ros_visualization/share/moveit_ros_visualization/icons/classes/MotionPlanning.png
[4.628s] -- Up-to-date: /home/ti5/ws_moveit2/install/moveit_ros_visualization/share/moveit_ros_visualization/icons/classes/PlanningScene.png
[4.629s] -- Up-to-date: /home/ti5/ws_moveit2/install/moveit_ros_visualization/share/moveit_ros_visualization/motion_planning_rviz_plugin_description.xml
[4.630s] -- Up-to-date: /home/ti5/ws_moveit2/install/moveit_ros_visualization/share/moveit_ros_visualization/trajectory_rviz_plugin_description.xml
[4.630s] -- Up-to-date: /home/ti5/ws_moveit2/install/moveit_ros_visualization/share/moveit_ros_visualization/planning_scene_rviz_plugin_description.xml
[4.631s] -- Up-to-date: /home/ti5/ws_moveit2/install/moveit_ros_visualization/share/moveit_ros_visualization/robot_state_rviz_plugin_description.xml
[4.631s] -- Up-to-date: /home/ti5/ws_moveit2/install/moveit_ros_visualization/lib/libmoveit_motion_planning_rviz_plugin.so.2.5.5
[4.632s] -- Up-to-date: /home/ti5/ws_moveit2/install/moveit_ros_visualization/lib/libmoveit_motion_planning_rviz_plugin.so
[4.632s] -- Up-to-date: /home/ti5/ws_moveit2/install/moveit_ros_visualization/lib/libmoveit_motion_planning_rviz_plugin_core.so.2.5.5
[4.633s] -- Up-to-date: /home/ti5/ws_moveit2/install/moveit_ros_visualization/lib/libmoveit_motion_planning_rviz_plugin_core.so
[4.633s] -- Up-to-date: /home/ti5/ws_moveit2/install/moveit_ros_visualization/lib/libmoveit_planning_scene_rviz_plugin.so.2.5.5
[4.634s] -- Up-to-date: /home/ti5/ws_moveit2/install/moveit_ros_visualization/lib/libmoveit_planning_scene_rviz_plugin.so
[4.634s] -- Up-to-date: /home/ti5/ws_moveit2/install/moveit_ros_visualization/lib/libmoveit_planning_scene_rviz_plugin_core.so.2.5.5
[4.635s] -- Up-to-date: /home/ti5/ws_moveit2/install/moveit_ros_visualization/lib/libmoveit_planning_scene_rviz_plugin_core.so
[4.635s] -- Up-to-date: /home/ti5/ws_moveit2/install/moveit_ros_visualization/lib/libmoveit_robot_state_rviz_plugin.so.2.5.5
[4.635s] -- Up-to-date: /home/ti5/ws_moveit2/install/moveit_ros_visualization/lib/libmoveit_robot_state_rviz_plugin.so
[4.636s] -- Up-to-date: /home/ti5/ws_moveit2/install/moveit_ros_visualization/lib/libmoveit_robot_state_rviz_plugin_core.so.2.5.5
[4.636s] -- Up-to-date: /home/ti5/ws_moveit2/install/moveit_ros_visualization/lib/libmoveit_robot_state_rviz_plugin_core.so
[4.637s] -- Up-to-date: /home/ti5/ws_moveit2/install/moveit_ros_visualization/lib/libmoveit_rviz_plugin_render_tools.so.2.5.5
[4.637s] -- Up-to-date: /home/ti5/ws_moveit2/install/moveit_ros_visualization/lib/libmoveit_rviz_plugin_render_tools.so
[4.639s] -- Up-to-date: /home/ti5/ws_moveit2/install/moveit_ros_visualization/lib/libmoveit_trajectory_rviz_plugin.so.2.5.5
[4.640s] -- Up-to-date: /home/ti5/ws_moveit2/install/moveit_ros_visualization/lib/libmoveit_trajectory_rviz_plugin.so
[4.641s] -- Up-to-date: /home/ti5/ws_moveit2/install/moveit_ros_visualization/lib/libmoveit_trajectory_rviz_plugin_core.so.2.5.5
[4.643s] -- Up-to-date: /home/ti5/ws_moveit2/install/moveit_ros_visualization/lib/libmoveit_trajectory_rviz_plugin_core.so
[4.644s] -- Up-to-date: /home/ti5/ws_moveit2/install/moveit_ros_visualization/share/moveit_ros_visualization/environment/library_path.sh
[4.645s] -- Up-to-date: /home/ti5/ws_moveit2/install/moveit_ros_visualization/share/moveit_ros_visualization/environment/library_path.dsv
[4.646s] -- Up-to-date: /home/ti5/ws_moveit2/install/moveit_ros_visualization/share/ament_index/resource_index/package_run_dependencies/moveit_ros_visualization
[4.647s] -- Up-to-date: /home/ti5/ws_moveit2/install/moveit_ros_visualization/share/ament_index/resource_index/parent_prefix_path/moveit_ros_visualization
[4.647s] -- Up-to-date: /home/ti5/ws_moveit2/install/moveit_ros_visualization/share/moveit_ros_visualization/environment/ament_prefix_path.sh
[4.648s] -- Up-to-date: /home/ti5/ws_moveit2/install/moveit_ros_visualization/share/moveit_ros_visualization/environment/ament_prefix_path.dsv
[4.649s] -- Up-to-date: /home/ti5/ws_moveit2/install/moveit_ros_visualization/share/moveit_ros_visualization/environment/path.sh
[4.650s] -- Up-to-date: /home/ti5/ws_moveit2/install/moveit_ros_visualization/share/moveit_ros_visualization/environment/path.dsv
[4.650s] -- Up-to-date: /home/ti5/ws_moveit2/install/moveit_ros_visualization/share/moveit_ros_visualization/local_setup.bash
[4.651s] -- Up-to-date: /home/ti5/ws_moveit2/install/moveit_ros_visualization/share/moveit_ros_visualization/local_setup.sh
[4.651s] -- Up-to-date: /home/ti5/ws_moveit2/install/moveit_ros_visualization/share/moveit_ros_visualization/local_setup.zsh
[4.652s] -- Up-to-date: /home/ti5/ws_moveit2/install/moveit_ros_visualization/share/moveit_ros_visualization/local_setup.dsv
[4.652s] -- Installing: /home/ti5/ws_moveit2/install/moveit_ros_visualization/share/moveit_ros_visualization/package.dsv
[4.653s] -- Up-to-date: /home/ti5/ws_moveit2/install/moveit_ros_visualization/share/ament_index/resource_index/packages/moveit_ros_visualization
[4.653s] -- Up-to-date: /home/ti5/ws_moveit2/install/moveit_ros_visualization/share/ament_index/resource_index/rviz_common__pluginlib__plugin/moveit_ros_visualization
[4.654s] -- Up-to-date: /home/ti5/ws_moveit2/install/moveit_ros_visualization/share/moveit_ros_visualization/cmake/export_moveit_ros_visualizationExport.cmake
[4.656s] -- Up-to-date: /home/ti5/ws_moveit2/install/moveit_ros_visualization/share/moveit_ros_visualization/cmake/export_moveit_ros_visualizationExport-release.cmake
[4.662s] -- Up-to-date: /home/ti5/ws_moveit2/install/moveit_ros_visualization/share/moveit_ros_visualization/cmake/ConfigExtras.cmake
[4.664s] -- Up-to-date: /home/ti5/ws_moveit2/install/moveit_ros_visualization/share/moveit_ros_visualization/cmake/ament_cmake_export_targets-extras.cmake
[4.665s] -- Up-to-date: /home/ti5/ws_moveit2/install/moveit_ros_visualization/share/moveit_ros_visualization/cmake/ament_cmake_export_dependencies-extras.cmake
[4.667s] -- Up-to-date: /home/ti5/ws_moveit2/install/moveit_ros_visualization/share/moveit_ros_visualization/cmake/moveit_ros_visualizationConfig.cmake
[4.668s] -- Up-to-date: /home/ti5/ws_moveit2/install/moveit_ros_visualization/share/moveit_ros_visualization/cmake/moveit_ros_visualizationConfig-version.cmake
[4.669s] -- Up-to-date: /home/ti5/ws_moveit2/install/moveit_ros_visualization/share/moveit_ros_visualization/package.xml
[4.670s] Invoked command in '/home/ti5/ws_moveit2/build/moveit_ros_visualization' returned '0': AMENT_PREFIX_PATH=/home/ti5/ws_moveit2/install/moveit_ros_planning_interface:/home/ti5/ws_moveit2/install/moveit_ros_move_group:/home/ti5/ws_moveit2/install/moveit_ros_warehouse:/home/ti5/ws_moveit2/install/moveit_ros_robot_interaction:/home/ti5/ws_moveit2/install/moveit_kinematics:/home/ti5/ws_moveit2/install/moveit_ros_planning:/home/ti5/ws_moveit2/install/moveit_ros_occupancy_map_monitor:/home/ti5/ws_moveit2/install/moveit_core:/home/ti5/ws_moveit2/install/srdfdom:/home/ti5/ws_moveit2/install/moveit_common:${AMENT_PREFIX_PATH} CMAKE_PREFIX_PATH=/home/ti5/ws_moveit2/install/moveit_ros_planning_interface:/home/ti5/ws_moveit2/install/moveit_ros_move_group:/home/ti5/ws_moveit2/install/moveit_ros_warehouse:/home/ti5/ws_moveit2/install/moveit_ros_robot_interaction:/home/ti5/ws_moveit2/install/moveit_kinematics:/home/ti5/ws_moveit2/install/moveit_ros_planning:/home/ti5/ws_moveit2/install/moveit_ros_occupancy_map_monitor:/home/ti5/ws_moveit2/install/moveit_core:/home/ti5/ws_moveit2/install/srdfdom:/home/ti5/ws_moveit2/install/moveit_common:/opt/ros/humble LD_LIBRARY_PATH=/home/ti5/ws_moveit2/install/moveit_ros_planning_interface/lib:/home/ti5/ws_moveit2/install/moveit_ros_move_group/lib:/home/ti5/ws_moveit2/install/moveit_ros_warehouse/lib:/home/ti5/ws_moveit2/install/moveit_ros_robot_interaction/lib:/home/ti5/ws_moveit2/install/moveit_kinematics/lib:/home/ti5/ws_moveit2/install/moveit_ros_planning/lib:/home/ti5/ws_moveit2/install/moveit_ros_occupancy_map_monitor/lib:/home/ti5/ws_moveit2/install/moveit_core/lib:/home/ti5/ws_moveit2/install/srdfdom/lib:${LD_LIBRARY_PATH} PATH=/home/ti5/ws_moveit2/install/moveit_core/bin:${PATH} PYTHONPATH=/home/ti5/ws_moveit2/install/srdfdom/local/lib/python3.10/dist-packages:${PYTHONPATH} /usr/bin/cmake --install /home/ti5/ws_moveit2/build/moveit_ros_visualization
