[0.114s] Invoking command in '/home/ti5/ws_moveit2/build/ti5_urdf': CMAKE_PREFIX_PATH=${CMAKE_PREFIX_PATH}:/home/ti5/ws_moveit2/install/moveit_configs_utils:/home/ti5/ws_moveit2/install/launch_param_builder:/opt/ros/humble /usr/bin/cmake --build /home/ti5/ws_moveit2/build/ti5_urdf -- -j4 -l4
[0.469s] Invoked command in '/home/ti5/ws_moveit2/build/ti5_urdf' returned '0': CMAKE_PREFIX_PATH=${CMAKE_PREFIX_PATH}:/home/ti5/ws_moveit2/install/moveit_configs_utils:/home/ti5/ws_moveit2/install/launch_param_builder:/opt/ros/humble /usr/bin/cmake --build /home/ti5/ws_moveit2/build/ti5_urdf -- -j4 -l4
[0.852s] Invoking command in '/home/ti5/ws_moveit2/build/ti5_urdf': CMAKE_PREFIX_PATH=${CMAKE_PREFIX_PATH}:/home/ti5/ws_moveit2/install/moveit_configs_utils:/home/ti5/ws_moveit2/install/launch_param_builder:/opt/ros/humble /usr/bin/cmake --install /home/ti5/ws_moveit2/build/ti5_urdf
[0.919s] -- Install configuration: "Release"
[0.919s] -- Up-to-date: /home/ti5/ws_moveit2/install/ti5_urdf/share/ament_index/resource_index/package_run_dependencies/ti5_urdf
[0.920s] -- Up-to-date: /home/ti5/ws_moveit2/install/ti5_urdf/share/ament_index/resource_index/parent_prefix_path/ti5_urdf
[0.921s] -- Up-to-date: /home/ti5/ws_moveit2/install/ti5_urdf/share/ti5_urdf/environment/ament_prefix_path.sh
[0.921s] -- Up-to-date: /home/ti5/ws_moveit2/install/ti5_urdf/share/ti5_urdf/environment/ament_prefix_path.dsv
[0.922s] -- Up-to-date: /home/ti5/ws_moveit2/install/ti5_urdf/share/ti5_urdf/environment/path.sh
[0.922s] -- Up-to-date: /home/ti5/ws_moveit2/install/ti5_urdf/share/ti5_urdf/environment/path.dsv
[0.923s] -- Up-to-date: /home/ti5/ws_moveit2/install/ti5_urdf/share/ti5_urdf/local_setup.bash
[0.927s] -- Up-to-date: /home/ti5/ws_moveit2/install/ti5_urdf/share/ti5_urdf/local_setup.sh
[0.927s] -- Up-to-date: /home/ti5/ws_moveit2/install/ti5_urdf/share/ti5_urdf/local_setup.zsh
[0.928s] -- Up-to-date: /home/ti5/ws_moveit2/install/ti5_urdf/share/ti5_urdf/local_setup.dsv
[0.936s] -- Installing: /home/ti5/ws_moveit2/install/ti5_urdf/share/ti5_urdf/package.dsv
[0.937s] -- Up-to-date: /home/ti5/ws_moveit2/install/ti5_urdf/share/ament_index/resource_index/packages/ti5_urdf
[0.937s] -- Up-to-date: /home/ti5/ws_moveit2/install/ti5_urdf/share/ti5_urdf/cmake/ti5_urdfConfig.cmake
[0.941s] -- Up-to-date: /home/ti5/ws_moveit2/install/ti5_urdf/share/ti5_urdf/cmake/ti5_urdfConfig-version.cmake
[0.941s] -- Up-to-date: /home/ti5/ws_moveit2/install/ti5_urdf/share/ti5_urdf/package.xml
[0.954s] Invoked command in '/home/ti5/ws_moveit2/build/ti5_urdf' returned '0': CMAKE_PREFIX_PATH=${CMAKE_PREFIX_PATH}:/home/ti5/ws_moveit2/install/moveit_configs_utils:/home/ti5/ws_moveit2/install/launch_param_builder:/opt/ros/humble /usr/bin/cmake --install /home/ti5/ws_moveit2/build/ti5_urdf
