[0.137s] Invoking command in '/home/ti5/ws_moveit2/build/ti5_urdf': CMAKE_PREFIX_PATH=${CMAKE_PREFIX_PATH}:/home/ti5/ws_moveit2/install/moveit_configs_utils:/home/ti5/ws_moveit2/install/launch_param_builder:/opt/ros/humble /usr/bin/cmake --build /home/ti5/ws_moveit2/build/ti5_urdf -- -j4 -l4
[0.658s] Invoked command in '/home/ti5/ws_moveit2/build/ti5_urdf' returned '0': CMAKE_PREFIX_PATH=${CMAKE_PREFIX_PATH}:/home/ti5/ws_moveit2/install/moveit_configs_utils:/home/ti5/ws_moveit2/install/launch_param_builder:/opt/ros/humble /usr/bin/cmake --build /home/ti5/ws_moveit2/build/ti5_urdf -- -j4 -l4
[1.038s] Invoking command in '/home/ti5/ws_moveit2/build/ti5_urdf': CMAKE_PREFIX_PATH=${CMAKE_PREFIX_PATH}:/home/ti5/ws_moveit2/install/moveit_configs_utils:/home/ti5/ws_moveit2/install/launch_param_builder:/opt/ros/humble /usr/bin/cmake --install /home/ti5/ws_moveit2/build/ti5_urdf
[1.156s] -- Install configuration: ""
[1.157s] -- Up-to-date: /home/ti5/ws_moveit2/install/ti5_urdf/share/ament_index/resource_index/package_run_dependencies/ti5_urdf
[1.158s] -- Up-to-date: /home/ti5/ws_moveit2/install/ti5_urdf/share/ament_index/resource_index/parent_prefix_path/ti5_urdf
[1.159s] -- Up-to-date: /home/ti5/ws_moveit2/install/ti5_urdf/share/ti5_urdf/environment/ament_prefix_path.sh
[1.160s] -- Up-to-date: /home/ti5/ws_moveit2/install/ti5_urdf/share/ti5_urdf/environment/ament_prefix_path.dsv
[1.161s] -- Up-to-date: /home/ti5/ws_moveit2/install/ti5_urdf/share/ti5_urdf/environment/path.sh
[1.163s] -- Up-to-date: /home/ti5/ws_moveit2/install/ti5_urdf/share/ti5_urdf/environment/path.dsv
[1.168s] -- Up-to-date: /home/ti5/ws_moveit2/install/ti5_urdf/share/ti5_urdf/local_setup.bash
[1.169s] -- Up-to-date: /home/ti5/ws_moveit2/install/ti5_urdf/share/ti5_urdf/local_setup.sh
[1.170s] -- Up-to-date: /home/ti5/ws_moveit2/install/ti5_urdf/share/ti5_urdf/local_setup.zsh
[1.172s] -- Up-to-date: /home/ti5/ws_moveit2/install/ti5_urdf/share/ti5_urdf/local_setup.dsv
[1.181s] -- Installing: /home/ti5/ws_moveit2/install/ti5_urdf/share/ti5_urdf/package.dsv
[1.182s] -- Up-to-date: /home/ti5/ws_moveit2/install/ti5_urdf/share/ament_index/resource_index/packages/ti5_urdf
[1.183s] -- Up-to-date: /home/ti5/ws_moveit2/install/ti5_urdf/share/ti5_urdf/cmake/ti5_urdfConfig.cmake
[1.183s] -- Up-to-date: /home/ti5/ws_moveit2/install/ti5_urdf/share/ti5_urdf/cmake/ti5_urdfConfig-version.cmake
[1.184s] -- Up-to-date: /home/ti5/ws_moveit2/install/ti5_urdf/share/ti5_urdf/package.xml
[1.230s] Invoked command in '/home/ti5/ws_moveit2/build/ti5_urdf' returned '0': CMAKE_PREFIX_PATH=${CMAKE_PREFIX_PATH}:/home/ti5/ws_moveit2/install/moveit_configs_utils:/home/ti5/ws_moveit2/install/launch_param_builder:/opt/ros/humble /usr/bin/cmake --install /home/ti5/ws_moveit2/build/ti5_urdf
