[0.196s] Invoking command in '/home/ti5/ws_moveit2/build/srdfdom': CMAKE_PREFIX_PATH=${CMAKE_PREFIX_PATH}:/home/ti5/ws_moveit2/install/moveit_configs_utils:/home/ti5/ws_moveit2/install/launch_param_builder:/opt/ros/humble /usr/bin/cmake --build /home/ti5/ws_moveit2/build/srdfdom -- -j4 -l4
[1.757s] [ 27%] Built target srdfdom
[1.757s] [ 45%] Built target gtest_main
[1.758s] [ 45%] Built target ament_cmake_python_copy_srdfdom
[1.761s] [ 63%] Built target gtest
[1.763s] [ 81%] Built target test_cpp_C
[1.763s] [100%] Built target test_cpp_nl_NL.UTF-8
[2.150s] running egg_info
[2.154s] writing srdfdom.egg-info/PKG-INFO
[2.156s] writing dependency_links to srdfdom.egg-info/dependency_links.txt
[2.157s] writing top-level names to srdfdom.egg-info/top_level.txt
[2.167s] reading manifest file 'srdfdom.egg-info/SOURCES.txt'
[2.185s] writing manifest file 'srdfdom.egg-info/SOURCES.txt'
[2.384s] [100%] Built target ament_cmake_python_build_srdfdom_egg
[2.477s] Invoked command in '/home/ti5/ws_moveit2/build/srdfdom' returned '0': CMAKE_PREFIX_PATH=${CMAKE_PREFIX_PATH}:/home/ti5/ws_moveit2/install/moveit_configs_utils:/home/ti5/ws_moveit2/install/launch_param_builder:/opt/ros/humble /usr/bin/cmake --build /home/ti5/ws_moveit2/build/srdfdom -- -j4 -l4
[3.017s] Invoking command in '/home/ti5/ws_moveit2/build/srdfdom': CMAKE_PREFIX_PATH=${CMAKE_PREFIX_PATH}:/home/ti5/ws_moveit2/install/moveit_configs_utils:/home/ti5/ws_moveit2/install/launch_param_builder:/opt/ros/humble /usr/bin/cmake --install /home/ti5/ws_moveit2/build/srdfdom
[3.099s] -- Install configuration: "Release"
[3.100s] -- Up-to-date: /home/ti5/ws_moveit2/install/srdfdom/lib/libsrdfdom.so.2.0.4
[3.101s] -- Up-to-date: /home/ti5/ws_moveit2/install/srdfdom/lib/libsrdfdom.so
[3.104s] -- Up-to-date: /home/ti5/ws_moveit2/install/srdfdom/include/srdfdom
[3.105s] -- Up-to-date: /home/ti5/ws_moveit2/install/srdfdom/include/srdfdom/visibility_control.h
[3.106s] -- Up-to-date: /home/ti5/ws_moveit2/install/srdfdom/include/srdfdom/srdf_writer.h
[3.106s] -- Up-to-date: /home/ti5/ws_moveit2/install/srdfdom/include/srdfdom/model.h
[3.107s] -- Up-to-date: /home/ti5/ws_moveit2/install/srdfdom/lib/srdfdom/display_srdf
[3.108s] -- Up-to-date: /home/ti5/ws_moveit2/install/srdfdom/share/srdfdom/environment/pythonpath.sh
[3.119s] -- Up-to-date: /home/ti5/ws_moveit2/install/srdfdom/share/srdfdom/environment/pythonpath.dsv
[3.120s] -- Up-to-date: /home/ti5/ws_moveit2/install/srdfdom/local/lib/python3.10/dist-packages/srdfdom-2.0.4-py3.10.egg-info
[3.120s] -- Installing: /home/ti5/ws_moveit2/install/srdfdom/local/lib/python3.10/dist-packages/srdfdom-2.0.4-py3.10.egg-info/dependency_links.txt
[3.121s] -- Installing: /home/ti5/ws_moveit2/install/srdfdom/local/lib/python3.10/dist-packages/srdfdom-2.0.4-py3.10.egg-info/PKG-INFO
[3.124s] -- Installing: /home/ti5/ws_moveit2/install/srdfdom/local/lib/python3.10/dist-packages/srdfdom-2.0.4-py3.10.egg-info/top_level.txt
[3.125s] -- Installing: /home/ti5/ws_moveit2/install/srdfdom/local/lib/python3.10/dist-packages/srdfdom-2.0.4-py3.10.egg-info/SOURCES.txt
[3.126s] -- Up-to-date: /home/ti5/ws_moveit2/install/srdfdom/local/lib/python3.10/dist-packages/srdfdom
[3.128s] -- Up-to-date: /home/ti5/ws_moveit2/install/srdfdom/local/lib/python3.10/dist-packages/srdfdom/__init__.py
[3.129s] -- Up-to-date: /home/ti5/ws_moveit2/install/srdfdom/local/lib/python3.10/dist-packages/srdfdom/srdf.py
[3.352s] Listing '/home/ti5/ws_moveit2/install/srdfdom/local/lib/python3.10/dist-packages/srdfdom'...
[3.381s] -- Up-to-date: /home/ti5/ws_moveit2/install/srdfdom/share/srdfdom/environment/library_path.sh
[3.383s] -- Up-to-date: /home/ti5/ws_moveit2/install/srdfdom/share/srdfdom/environment/library_path.dsv
[3.386s] -- Up-to-date: /home/ti5/ws_moveit2/install/srdfdom/share/ament_index/resource_index/package_run_dependencies/srdfdom
[3.387s] -- Up-to-date: /home/ti5/ws_moveit2/install/srdfdom/share/ament_index/resource_index/parent_prefix_path/srdfdom
[3.389s] -- Up-to-date: /home/ti5/ws_moveit2/install/srdfdom/share/srdfdom/environment/ament_prefix_path.sh
[3.390s] -- Up-to-date: /home/ti5/ws_moveit2/install/srdfdom/share/srdfdom/environment/ament_prefix_path.dsv
[3.391s] -- Up-to-date: /home/ti5/ws_moveit2/install/srdfdom/share/srdfdom/environment/path.sh
[3.399s] -- Up-to-date: /home/ti5/ws_moveit2/install/srdfdom/share/srdfdom/environment/path.dsv
[3.400s] -- Up-to-date: /home/ti5/ws_moveit2/install/srdfdom/share/srdfdom/local_setup.bash
[3.400s] -- Up-to-date: /home/ti5/ws_moveit2/install/srdfdom/share/srdfdom/local_setup.sh
[3.401s] -- Up-to-date: /home/ti5/ws_moveit2/install/srdfdom/share/srdfdom/local_setup.zsh
[3.401s] -- Up-to-date: /home/ti5/ws_moveit2/install/srdfdom/share/srdfdom/local_setup.dsv
[3.402s] -- Installing: /home/ti5/ws_moveit2/install/srdfdom/share/srdfdom/package.dsv
[3.402s] -- Up-to-date: /home/ti5/ws_moveit2/install/srdfdom/share/ament_index/resource_index/packages/srdfdom
[3.409s] -- Up-to-date: /home/ti5/ws_moveit2/install/srdfdom/share/srdfdom/cmake/srdfdomTargetsExport.cmake
[3.409s] -- Up-to-date: /home/ti5/ws_moveit2/install/srdfdom/share/srdfdom/cmake/srdfdomTargetsExport-release.cmake
[3.410s] -- Up-to-date: /home/ti5/ws_moveit2/install/srdfdom/share/srdfdom/cmake/ament_cmake_export_targets-extras.cmake
[3.419s] -- Up-to-date: /home/ti5/ws_moveit2/install/srdfdom/share/srdfdom/cmake/ament_cmake_export_dependencies-extras.cmake
[3.422s] -- Up-to-date: /home/ti5/ws_moveit2/install/srdfdom/share/srdfdom/cmake/srdfdomConfig.cmake
[3.423s] -- Up-to-date: /home/ti5/ws_moveit2/install/srdfdom/share/srdfdom/cmake/srdfdomConfig-version.cmake
[3.423s] -- Up-to-date: /home/ti5/ws_moveit2/install/srdfdom/share/srdfdom/package.xml
[3.438s] Invoked command in '/home/ti5/ws_moveit2/build/srdfdom' returned '0': CMAKE_PREFIX_PATH=${CMAKE_PREFIX_PATH}:/home/ti5/ws_moveit2/install/moveit_configs_utils:/home/ti5/ws_moveit2/install/launch_param_builder:/opt/ros/humble /usr/bin/cmake --install /home/ti5/ws_moveit2/build/srdfdom
