[0.106s] Invoking command in '/home/ti5/ws_moveit2/build/moveit_ros_planning': AMENT_PREFIX_PATH=/home/ti5/ws_moveit2/install/moveit_ros_occupancy_map_monitor:/home/ti5/ws_moveit2/install/moveit_core:/home/ti5/ws_moveit2/install/moveit_resources_panda_moveit_config:/home/ti5/ws_moveit2/install/srdfdom:/home/ti5/ws_moveit2/install/moveit_resources_panda_description:/home/ti5/ws_moveit2/install/moveit_common:${AMENT_PREFIX_PATH} CMAKE_PREFIX_PATH=/home/ti5/ws_moveit2/install/moveit_ros_occupancy_map_monitor:/home/ti5/ws_moveit2/install/moveit_core:/home/ti5/ws_moveit2/install/moveit_resources_panda_moveit_config:/home/ti5/ws_moveit2/install/srdfdom:/home/ti5/ws_moveit2/install/moveit_resources_panda_description:/home/ti5/ws_moveit2/install/moveit_common:/opt/ros/humble LD_LIBRARY_PATH=/home/ti5/ws_moveit2/install/moveit_ros_occupancy_map_monitor/lib:/home/ti5/ws_moveit2/install/moveit_core/lib:/home/ti5/ws_moveit2/install/srdfdom/lib:${LD_LIBRARY_PATH} PATH=/home/ti5/ws_moveit2/install/moveit_core/bin:${PATH} PYTHONPATH=/home/ti5/ws_moveit2/install/srdfdom/local/lib/python3.10/dist-packages:${PYTHONPATH} /usr/bin/cmake --build /home/ti5/ws_moveit2/build/moveit_ros_planning -- -j4 -l4
[0.674s] [  4%] Built target moveit_rdf_loader
[0.711s] [  8%] Built target moveit_planning_pipeline
[0.719s] [ 11%] Built target moveit_collision_plugin_loader
[0.933s] [ 14%] Built target gmock_main
[0.945s] [ 32%] Built target moveit_default_planning_request_adapter_plugins
[0.953s] [ 37%] Built target gmock
[1.000s] [ 40%] Built target moveit_list_request_adapter_plugins
[1.169s] [ 43%] Built target moveit_kinematics_plugin_loader
[1.186s] [ 46%] Built target moveit_constraint_sampler_manager_loader
[1.413s] [ 50%] Built target moveit_robot_model_loader
[1.690s] [ 53%] Built target moveit_print_planning_model_info
[1.806s] [ 62%] Built target moveit_planning_scene_monitor
[2.123s] [ 66%] Built target trajectory_monitor_tests
[2.165s] [ 69%] Built target demo_scene
[2.175s] [ 72%] Built target moveit_print_planning_scene_info
[2.206s] [ 75%] Built target current_state_monitor_tests
[2.425s] [ 79%] Built target moveit_display_random_state
[2.449s] [ 82%] Built target moveit_visualize_robot_collision_volume
[2.478s] [ 85%] Built target moveit_publish_scene_from_text
[2.535s] [ 88%] Built target moveit_evaluate_collision_checking_speed
[2.655s] [ 91%] Built target moveit_trajectory_execution_manager
[2.888s] [100%] Built target moveit_plan_execution
[2.888s] [100%] Built target moveit_cpp
[2.947s] Invoked command in '/home/ti5/ws_moveit2/build/moveit_ros_planning' returned '0': AMENT_PREFIX_PATH=/home/ti5/ws_moveit2/install/moveit_ros_occupancy_map_monitor:/home/ti5/ws_moveit2/install/moveit_core:/home/ti5/ws_moveit2/install/moveit_resources_panda_moveit_config:/home/ti5/ws_moveit2/install/srdfdom:/home/ti5/ws_moveit2/install/moveit_resources_panda_description:/home/ti5/ws_moveit2/install/moveit_common:${AMENT_PREFIX_PATH} CMAKE_PREFIX_PATH=/home/ti5/ws_moveit2/install/moveit_ros_occupancy_map_monitor:/home/ti5/ws_moveit2/install/moveit_core:/home/ti5/ws_moveit2/install/moveit_resources_panda_moveit_config:/home/ti5/ws_moveit2/install/srdfdom:/home/ti5/ws_moveit2/install/moveit_resources_panda_description:/home/ti5/ws_moveit2/install/moveit_common:/opt/ros/humble LD_LIBRARY_PATH=/home/ti5/ws_moveit2/install/moveit_ros_occupancy_map_monitor/lib:/home/ti5/ws_moveit2/install/moveit_core/lib:/home/ti5/ws_moveit2/install/srdfdom/lib:${LD_LIBRARY_PATH} PATH=/home/ti5/ws_moveit2/install/moveit_core/bin:${PATH} PYTHONPATH=/home/ti5/ws_moveit2/install/srdfdom/local/lib/python3.10/dist-packages:${PYTHONPATH} /usr/bin/cmake --build /home/ti5/ws_moveit2/build/moveit_ros_planning -- -j4 -l4
[3.166s] Invoking command in '/home/ti5/ws_moveit2/build/moveit_ros_planning': AMENT_PREFIX_PATH=/home/ti5/ws_moveit2/install/moveit_ros_occupancy_map_monitor:/home/ti5/ws_moveit2/install/moveit_core:/home/ti5/ws_moveit2/install/moveit_resources_panda_moveit_config:/home/ti5/ws_moveit2/install/srdfdom:/home/ti5/ws_moveit2/install/moveit_resources_panda_description:/home/ti5/ws_moveit2/install/moveit_common:${AMENT_PREFIX_PATH} CMAKE_PREFIX_PATH=/home/ti5/ws_moveit2/install/moveit_ros_occupancy_map_monitor:/home/ti5/ws_moveit2/install/moveit_core:/home/ti5/ws_moveit2/install/moveit_resources_panda_moveit_config:/home/ti5/ws_moveit2/install/srdfdom:/home/ti5/ws_moveit2/install/moveit_resources_panda_description:/home/ti5/ws_moveit2/install/moveit_common:/opt/ros/humble LD_LIBRARY_PATH=/home/ti5/ws_moveit2/install/moveit_ros_occupancy_map_monitor/lib:/home/ti5/ws_moveit2/install/moveit_core/lib:/home/ti5/ws_moveit2/install/srdfdom/lib:${LD_LIBRARY_PATH} PATH=/home/ti5/ws_moveit2/install/moveit_core/bin:${PATH} PYTHONPATH=/home/ti5/ws_moveit2/install/srdfdom/local/lib/python3.10/dist-packages:${PYTHONPATH} /usr/bin/cmake --install /home/ti5/ws_moveit2/build/moveit_ros_planning
[3.203s] -- Install configuration: "Release"
[3.206s] -- Up-to-date: /home/ti5/ws_moveit2/install/moveit_ros_planning/include
[3.208s] -- Up-to-date: /home/ti5/ws_moveit2/install/moveit_ros_planning/include/moveit
[3.209s] -- Up-to-date: /home/ti5/ws_moveit2/install/moveit_ros_planning/include/moveit/rdf_loader
[3.211s] -- Up-to-date: /home/ti5/ws_moveit2/install/moveit_ros_planning/include/moveit/rdf_loader/synchronized_string_parameter.h
[3.211s] -- Up-to-date: /home/ti5/ws_moveit2/install/moveit_ros_planning/include/moveit/rdf_loader/rdf_loader.h
[3.213s] -- Up-to-date: /home/ti5/ws_moveit2/install/moveit_ros_planning/share/moveit_ros_planning/rdf_loader/test/data
[3.215s] -- Up-to-date: /home/ti5/ws_moveit2/install/moveit_ros_planning/share/moveit_ros_planning/rdf_loader/test/data/gonzo.srdf
[3.216s] -- Up-to-date: /home/ti5/ws_moveit2/install/moveit_ros_planning/share/moveit_ros_planning/rdf_loader/test/data/gonzo.urdf
[3.217s] -- Up-to-date: /home/ti5/ws_moveit2/install/moveit_ros_planning/share/moveit_ros_planning/rdf_loader/test/data/robin.srdf.xacro
[3.218s] -- Up-to-date: /home/ti5/ws_moveit2/install/moveit_ros_planning/share/moveit_ros_planning/rdf_loader/test/data/kermit.srdf
[3.218s] -- Up-to-date: /home/ti5/ws_moveit2/install/moveit_ros_planning/share/moveit_ros_planning/rdf_loader/test/data/kermit.urdf
[3.219s] -- Up-to-date: /home/ti5/ws_moveit2/install/moveit_ros_planning/share/moveit_ros_planning/rdf_loader/test/launch
[3.221s] -- Up-to-date: /home/ti5/ws_moveit2/install/moveit_ros_planning/share/moveit_ros_planning/rdf_loader/test/launch/test_rdf_integration.test.py
[3.223s] -- Up-to-date: /home/ti5/ws_moveit2/install/moveit_ros_planning/include
[3.224s] -- Up-to-date: /home/ti5/ws_moveit2/install/moveit_ros_planning/include/moveit
[3.224s] -- Up-to-date: /home/ti5/ws_moveit2/install/moveit_ros_planning/include/moveit/collision_plugin_loader
[3.226s] -- Up-to-date: /home/ti5/ws_moveit2/install/moveit_ros_planning/include/moveit/collision_plugin_loader/collision_plugin_loader.h
[3.227s] -- Up-to-date: /home/ti5/ws_moveit2/install/moveit_ros_planning/include
[3.228s] -- Up-to-date: /home/ti5/ws_moveit2/install/moveit_ros_planning/include/moveit
[3.228s] -- Up-to-date: /home/ti5/ws_moveit2/install/moveit_ros_planning/include/moveit/kinematics_plugin_loader
[3.229s] -- Up-to-date: /home/ti5/ws_moveit2/install/moveit_ros_planning/include/moveit/kinematics_plugin_loader/kinematics_plugin_loader.h
[3.232s] -- Up-to-date: /home/ti5/ws_moveit2/install/moveit_ros_planning/include
[3.233s] -- Up-to-date: /home/ti5/ws_moveit2/install/moveit_ros_planning/include/moveit
[3.234s] -- Up-to-date: /home/ti5/ws_moveit2/install/moveit_ros_planning/include/moveit/robot_model_loader
[3.236s] -- Up-to-date: /home/ti5/ws_moveit2/install/moveit_ros_planning/include/moveit/robot_model_loader/robot_model_loader.h
[3.236s] -- Up-to-date: /home/ti5/ws_moveit2/install/moveit_ros_planning/include
[3.236s] -- Up-to-date: /home/ti5/ws_moveit2/install/moveit_ros_planning/include/moveit
[3.237s] -- Up-to-date: /home/ti5/ws_moveit2/install/moveit_ros_planning/include/moveit/constraint_sampler_manager_loader
[3.238s] -- Up-to-date: /home/ti5/ws_moveit2/install/moveit_ros_planning/include/moveit/constraint_sampler_manager_loader/constraint_sampler_manager_loader.h
[3.239s] -- Up-to-date: /home/ti5/ws_moveit2/install/moveit_ros_planning/include
[3.239s] -- Up-to-date: /home/ti5/ws_moveit2/install/moveit_ros_planning/include/moveit
[3.240s] -- Up-to-date: /home/ti5/ws_moveit2/install/moveit_ros_planning/include/moveit/planning_pipeline
[3.240s] -- Up-to-date: /home/ti5/ws_moveit2/install/moveit_ros_planning/include/moveit/planning_pipeline/planning_pipeline.h
[3.241s] -- Up-to-date: /home/ti5/ws_moveit2/install/moveit_ros_planning/include/moveit_planning_pipeline_export.h
[3.242s] -- Up-to-date: /home/ti5/ws_moveit2/install/moveit_ros_planning/lib/moveit_ros_planning/moveit_list_request_adapter_plugins
[3.245s] -- Up-to-date: /home/ti5/ws_moveit2/install/moveit_ros_planning/lib/moveit_ros_planning/demo_scene
[3.247s] -- Up-to-date: /home/ti5/ws_moveit2/install/moveit_ros_planning/include
[3.247s] -- Up-to-date: /home/ti5/ws_moveit2/install/moveit_ros_planning/include/moveit
[3.248s] -- Up-to-date: /home/ti5/ws_moveit2/install/moveit_ros_planning/include/moveit/planning_scene_monitor
[3.248s] -- Up-to-date: /home/ti5/ws_moveit2/install/moveit_ros_planning/include/moveit/planning_scene_monitor/current_state_monitor.h
[3.250s] -- Up-to-date: /home/ti5/ws_moveit2/install/moveit_ros_planning/include/moveit/planning_scene_monitor/current_state_monitor_middleware_handle.hpp
[3.250s] -- Up-to-date: /home/ti5/ws_moveit2/install/moveit_ros_planning/include/moveit/planning_scene_monitor/planning_scene_monitor.h
[3.251s] -- Up-to-date: /home/ti5/ws_moveit2/install/moveit_ros_planning/include/moveit/planning_scene_monitor/trajectory_monitor_middleware_handle.hpp
[3.251s] -- Up-to-date: /home/ti5/ws_moveit2/install/moveit_ros_planning/include/moveit/planning_scene_monitor/trajectory_monitor.h
[3.252s] -- Up-to-date: /home/ti5/ws_moveit2/install/moveit_ros_planning/include/moveit_planning_scene_monitor_export.h
[3.255s] -- Up-to-date: /home/ti5/ws_moveit2/install/moveit_ros_planning/lib/moveit_ros_planning/moveit_print_planning_model_info
[3.259s] -- Up-to-date: /home/ti5/ws_moveit2/install/moveit_ros_planning/lib/moveit_ros_planning/moveit_print_planning_scene_info
[3.267s] -- Up-to-date: /home/ti5/ws_moveit2/install/moveit_ros_planning/lib/moveit_ros_planning/moveit_display_random_state
[3.268s] -- Up-to-date: /home/ti5/ws_moveit2/install/moveit_ros_planning/lib/moveit_ros_planning/moveit_visualize_robot_collision_volume
[3.270s] -- Up-to-date: /home/ti5/ws_moveit2/install/moveit_ros_planning/lib/moveit_ros_planning/moveit_evaluate_collision_checking_speed
[3.273s] -- Up-to-date: /home/ti5/ws_moveit2/install/moveit_ros_planning/lib/moveit_ros_planning/moveit_publish_scene_from_text
[3.276s] -- Up-to-date: /home/ti5/ws_moveit2/install/moveit_ros_planning/include
[3.277s] -- Up-to-date: /home/ti5/ws_moveit2/install/moveit_ros_planning/include/moveit
[3.278s] -- Up-to-date: /home/ti5/ws_moveit2/install/moveit_ros_planning/include/moveit/trajectory_execution_manager
[3.278s] -- Up-to-date: /home/ti5/ws_moveit2/install/moveit_ros_planning/include/moveit/trajectory_execution_manager/trajectory_execution_manager.h
[3.279s] -- Up-to-date: /home/ti5/ws_moveit2/install/moveit_ros_planning/include/moveit_trajectory_execution_manager_export.h
[3.280s] -- Up-to-date: /home/ti5/ws_moveit2/install/moveit_ros_planning/include
[3.281s] -- Up-to-date: /home/ti5/ws_moveit2/install/moveit_ros_planning/include/moveit
[3.281s] -- Up-to-date: /home/ti5/ws_moveit2/install/moveit_ros_planning/include/moveit/plan_execution
[3.282s] -- Up-to-date: /home/ti5/ws_moveit2/install/moveit_ros_planning/include/moveit/plan_execution/plan_execution.h
[3.283s] -- Up-to-date: /home/ti5/ws_moveit2/install/moveit_ros_planning/include/moveit/plan_execution/plan_representation.h
[3.283s] -- Up-to-date: /home/ti5/ws_moveit2/install/moveit_ros_planning/include
[3.283s] -- Up-to-date: /home/ti5/ws_moveit2/install/moveit_ros_planning/include/moveit
[3.284s] -- Up-to-date: /home/ti5/ws_moveit2/install/moveit_ros_planning/include/moveit/moveit_cpp
[3.284s] -- Up-to-date: /home/ti5/ws_moveit2/install/moveit_ros_planning/include/moveit/moveit_cpp/moveit_cpp.h
[3.288s] -- Up-to-date: /home/ti5/ws_moveit2/install/moveit_ros_planning/include/moveit/moveit_cpp/planning_component.h
[3.289s] -- Up-to-date: /home/ti5/ws_moveit2/install/moveit_ros_planning/lib/libmoveit_rdf_loader.so.2.5.5
[3.289s] -- Up-to-date: /home/ti5/ws_moveit2/install/moveit_ros_planning/lib/libmoveit_rdf_loader.so
[3.290s] -- Up-to-date: /home/ti5/ws_moveit2/install/moveit_ros_planning/lib/libmoveit_kinematics_plugin_loader.so.2.5.5
[3.290s] -- Up-to-date: /home/ti5/ws_moveit2/install/moveit_ros_planning/lib/libmoveit_kinematics_plugin_loader.so
[3.291s] -- Up-to-date: /home/ti5/ws_moveit2/install/moveit_ros_planning/lib/libmoveit_robot_model_loader.so.2.5.5
[3.291s] -- Up-to-date: /home/ti5/ws_moveit2/install/moveit_ros_planning/lib/libmoveit_robot_model_loader.so
[3.293s] -- Up-to-date: /home/ti5/ws_moveit2/install/moveit_ros_planning/lib/libmoveit_constraint_sampler_manager_loader.so.2.5.5
[3.295s] -- Up-to-date: /home/ti5/ws_moveit2/install/moveit_ros_planning/lib/libmoveit_constraint_sampler_manager_loader.so
[3.296s] -- Up-to-date: /home/ti5/ws_moveit2/install/moveit_ros_planning/lib/libmoveit_planning_pipeline.so.2.5.5
[3.298s] -- Up-to-date: /home/ti5/ws_moveit2/install/moveit_ros_planning/lib/libmoveit_planning_pipeline.so
[3.300s] -- Up-to-date: /home/ti5/ws_moveit2/install/moveit_ros_planning/lib/libmoveit_trajectory_execution_manager.so.2.5.5
[3.302s] -- Up-to-date: /home/ti5/ws_moveit2/install/moveit_ros_planning/lib/libmoveit_trajectory_execution_manager.so
[3.307s] -- Up-to-date: /home/ti5/ws_moveit2/install/moveit_ros_planning/lib/libmoveit_plan_execution.so.2.5.5
[3.311s] -- Up-to-date: /home/ti5/ws_moveit2/install/moveit_ros_planning/lib/libmoveit_plan_execution.so
[3.313s] -- Up-to-date: /home/ti5/ws_moveit2/install/moveit_ros_planning/lib/libmoveit_planning_scene_monitor.so.2.5.5
[3.318s] -- Up-to-date: /home/ti5/ws_moveit2/install/moveit_ros_planning/lib/libmoveit_planning_scene_monitor.so
[3.321s] -- Up-to-date: /home/ti5/ws_moveit2/install/moveit_ros_planning/lib/libmoveit_collision_plugin_loader.so.2.5.5
[3.322s] -- Up-to-date: /home/ti5/ws_moveit2/install/moveit_ros_planning/lib/libmoveit_collision_plugin_loader.so
[3.323s] -- Up-to-date: /home/ti5/ws_moveit2/install/moveit_ros_planning/lib/libmoveit_default_planning_request_adapter_plugins.so.2.5.5
[3.345s] -- Up-to-date: /home/ti5/ws_moveit2/install/moveit_ros_planning/lib/libmoveit_default_planning_request_adapter_plugins.so
[3.347s] -- Up-to-date: /home/ti5/ws_moveit2/install/moveit_ros_planning/lib/libmoveit_cpp.so.2.5.5
[3.350s] -- Up-to-date: /home/ti5/ws_moveit2/install/moveit_ros_planning/lib/libmoveit_cpp.so
[3.351s] -- Up-to-date: /home/ti5/ws_moveit2/install/moveit_ros_planning/share/moveit_ros_planning/environment/library_path.sh
[3.351s] -- Up-to-date: /home/ti5/ws_moveit2/install/moveit_ros_planning/share/moveit_ros_planning/environment/library_path.dsv
[3.352s] -- Up-to-date: /home/ti5/ws_moveit2/install/moveit_ros_planning/share/moveit_ros_planning/planning_request_adapters_plugin_description.xml
[3.353s] -- Up-to-date: /home/ti5/ws_moveit2/install/moveit_ros_planning/share/ament_index/resource_index/package_run_dependencies/moveit_ros_planning
[3.354s] -- Up-to-date: /home/ti5/ws_moveit2/install/moveit_ros_planning/share/ament_index/resource_index/parent_prefix_path/moveit_ros_planning
[3.359s] -- Up-to-date: /home/ti5/ws_moveit2/install/moveit_ros_planning/share/moveit_ros_planning/environment/ament_prefix_path.sh
[3.360s] -- Up-to-date: /home/ti5/ws_moveit2/install/moveit_ros_planning/share/moveit_ros_planning/environment/ament_prefix_path.dsv
[3.360s] -- Up-to-date: /home/ti5/ws_moveit2/install/moveit_ros_planning/share/moveit_ros_planning/environment/path.sh
[3.361s] -- Up-to-date: /home/ti5/ws_moveit2/install/moveit_ros_planning/share/moveit_ros_planning/environment/path.dsv
[3.363s] -- Up-to-date: /home/ti5/ws_moveit2/install/moveit_ros_planning/share/moveit_ros_planning/local_setup.bash
[3.366s] -- Up-to-date: /home/ti5/ws_moveit2/install/moveit_ros_planning/share/moveit_ros_planning/local_setup.sh
[3.367s] -- Up-to-date: /home/ti5/ws_moveit2/install/moveit_ros_planning/share/moveit_ros_planning/local_setup.zsh
[3.368s] -- Up-to-date: /home/ti5/ws_moveit2/install/moveit_ros_planning/share/moveit_ros_planning/local_setup.dsv
[3.370s] -- Installing: /home/ti5/ws_moveit2/install/moveit_ros_planning/share/moveit_ros_planning/package.dsv
[3.370s] -- Up-to-date: /home/ti5/ws_moveit2/install/moveit_ros_planning/share/ament_index/resource_index/packages/moveit_ros_planning
[3.371s] -- Up-to-date: /home/ti5/ws_moveit2/install/moveit_ros_planning/share/ament_index/resource_index/moveit_core__pluginlib__plugin/moveit_ros_planning
[3.373s] -- Up-to-date: /home/ti5/ws_moveit2/install/moveit_ros_planning/share/moveit_ros_planning/cmake/export_moveit_ros_planningExport.cmake
[3.373s] -- Up-to-date: /home/ti5/ws_moveit2/install/moveit_ros_planning/share/moveit_ros_planning/cmake/export_moveit_ros_planningExport-release.cmake
[3.374s] -- Up-to-date: /home/ti5/ws_moveit2/install/moveit_ros_planning/share/moveit_ros_planning/cmake/ConfigExtras.cmake
[3.375s] -- Up-to-date: /home/ti5/ws_moveit2/install/moveit_ros_planning/share/moveit_ros_planning/cmake/ament_cmake_export_targets-extras.cmake
[3.376s] -- Up-to-date: /home/ti5/ws_moveit2/install/moveit_ros_planning/share/moveit_ros_planning/cmake/ament_cmake_export_dependencies-extras.cmake
[3.377s] -- Up-to-date: /home/ti5/ws_moveit2/install/moveit_ros_planning/share/moveit_ros_planning/cmake/moveit_ros_planningConfig.cmake
[3.380s] -- Up-to-date: /home/ti5/ws_moveit2/install/moveit_ros_planning/share/moveit_ros_planning/cmake/moveit_ros_planningConfig-version.cmake
[3.381s] -- Up-to-date: /home/ti5/ws_moveit2/install/moveit_ros_planning/share/moveit_ros_planning/package.xml
[3.422s] Invoked command in '/home/ti5/ws_moveit2/build/moveit_ros_planning' returned '0': AMENT_PREFIX_PATH=/home/ti5/ws_moveit2/install/moveit_ros_occupancy_map_monitor:/home/ti5/ws_moveit2/install/moveit_core:/home/ti5/ws_moveit2/install/moveit_resources_panda_moveit_config:/home/ti5/ws_moveit2/install/srdfdom:/home/ti5/ws_moveit2/install/moveit_resources_panda_description:/home/ti5/ws_moveit2/install/moveit_common:${AMENT_PREFIX_PATH} CMAKE_PREFIX_PATH=/home/ti5/ws_moveit2/install/moveit_ros_occupancy_map_monitor:/home/ti5/ws_moveit2/install/moveit_core:/home/ti5/ws_moveit2/install/moveit_resources_panda_moveit_config:/home/ti5/ws_moveit2/install/srdfdom:/home/ti5/ws_moveit2/install/moveit_resources_panda_description:/home/ti5/ws_moveit2/install/moveit_common:/opt/ros/humble LD_LIBRARY_PATH=/home/ti5/ws_moveit2/install/moveit_ros_occupancy_map_monitor/lib:/home/ti5/ws_moveit2/install/moveit_core/lib:/home/ti5/ws_moveit2/install/srdfdom/lib:${LD_LIBRARY_PATH} PATH=/home/ti5/ws_moveit2/install/moveit_core/bin:${PATH} PYTHONPATH=/home/ti5/ws_moveit2/install/srdfdom/local/lib/python3.10/dist-packages:${PYTHONPATH} /usr/bin/cmake --install /home/ti5/ws_moveit2/build/moveit_ros_planning
