[0.117s] Invoking command in '/home/ti5/ws_moveit2/build/demo': CMAKE_PREFIX_PATH=${CMAKE_PREFIX_PATH}:/home/ti5/ws_moveit2/install/moveit_configs_utils:/home/ti5/ws_moveit2/install/launch_param_builder:/opt/ros/humble /usr/bin/cmake --build /home/ti5/ws_moveit2/build/demo -- -j4 -l4
[0.473s] [35m[1mConsolidate compiler generated dependencies of target demo[0m
[0.610s] [100%] Built target demo
[0.687s] Invoked command in '/home/ti5/ws_moveit2/build/demo' returned '0': CMAKE_PREFIX_PATH=${CMAKE_PREFIX_PATH}:/home/ti5/ws_moveit2/install/moveit_configs_utils:/home/ti5/ws_moveit2/install/launch_param_builder:/opt/ros/humble /usr/bin/cmake --build /home/ti5/ws_moveit2/build/demo -- -j4 -l4
[0.954s] Invoking command in '/home/ti5/ws_moveit2/build/demo': CMAKE_PREFIX_PATH=${CMAKE_PREFIX_PATH}:/home/ti5/ws_moveit2/install/moveit_configs_utils:/home/ti5/ws_moveit2/install/launch_param_builder:/opt/ros/humble /usr/bin/cmake --install /home/ti5/ws_moveit2/build/demo
[1.021s] -- Install configuration: ""
[1.022s] -- Up-to-date: /home/ti5/ws_moveit2/install/demo/share/ament_index/resource_index/package_run_dependencies/demo
[1.023s] -- Up-to-date: /home/ti5/ws_moveit2/install/demo/share/ament_index/resource_index/parent_prefix_path/demo
[1.024s] -- Up-to-date: /home/ti5/ws_moveit2/install/demo/share/demo/environment/ament_prefix_path.sh
[1.025s] -- Up-to-date: /home/ti5/ws_moveit2/install/demo/share/demo/environment/ament_prefix_path.dsv
[1.026s] -- Up-to-date: /home/ti5/ws_moveit2/install/demo/share/demo/environment/path.sh
[1.027s] -- Up-to-date: /home/ti5/ws_moveit2/install/demo/share/demo/environment/path.dsv
[1.030s] -- Up-to-date: /home/ti5/ws_moveit2/install/demo/share/demo/local_setup.bash
[1.031s] -- Up-to-date: /home/ti5/ws_moveit2/install/demo/share/demo/local_setup.sh
[1.031s] -- Up-to-date: /home/ti5/ws_moveit2/install/demo/share/demo/local_setup.zsh
[1.033s] -- Up-to-date: /home/ti5/ws_moveit2/install/demo/share/demo/local_setup.dsv
[1.034s] -- Installing: /home/ti5/ws_moveit2/install/demo/share/demo/package.dsv
[1.040s] -- Up-to-date: /home/ti5/ws_moveit2/install/demo/share/ament_index/resource_index/packages/demo
[1.041s] -- Up-to-date: /home/ti5/ws_moveit2/install/demo/share/demo/cmake/demoConfig.cmake
[1.041s] -- Up-to-date: /home/ti5/ws_moveit2/install/demo/share/demo/cmake/demoConfig-version.cmake
[1.043s] -- Up-to-date: /home/ti5/ws_moveit2/install/demo/share/demo/package.xml
[1.045s] -- Up-to-date: /home/ti5/ws_moveit2/install/demo/lib/demo/demo
[1.060s] Invoked command in '/home/ti5/ws_moveit2/build/demo' returned '0': CMAKE_PREFIX_PATH=${CMAKE_PREFIX_PATH}:/home/ti5/ws_moveit2/install/moveit_configs_utils:/home/ti5/ws_moveit2/install/launch_param_builder:/opt/ros/humble /usr/bin/cmake --install /home/ti5/ws_moveit2/build/demo
