[0.188s] Invoking command in '/home/ti5/ws_moveit2/build/moveit_core': AMENT_PREFIX_PATH=/home/ti5/ws_moveit2/install/moveit_resources_panda_moveit_config:/home/ti5/ws_moveit2/install/srdfdom:/home/ti5/ws_moveit2/install/moveit_resources_pr2_description:/home/ti5/ws_moveit2/install/moveit_resources_panda_description:/home/ti5/ws_moveit2/install/moveit_common:${AMENT_PREFIX_PATH} CMAKE_PREFIX_PATH=/home/ti5/ws_moveit2/install/moveit_resources_panda_moveit_config:/home/ti5/ws_moveit2/install/srdfdom:/home/ti5/ws_moveit2/install/moveit_resources_pr2_description:/home/ti5/ws_moveit2/install/moveit_resources_panda_description:/home/ti5/ws_moveit2/install/moveit_common:/opt/ros/humble LD_LIBRARY_PATH=/home/ti5/ws_moveit2/install/srdfdom/lib:${LD_LIBRARY_PATH} PYTHONPATH=/home/ti5/ws_moveit2/install/srdfdom/local/lib/python3.10/dist-packages:${PYTHONPATH} /usr/bin/cmake --build /home/ti5/ws_moveit2/build/moveit_core -- -j4 -l4
[1.152s] [  1%] Built target moveit_exceptions
[1.178s] [  2%] Built target moveit_transforms
[1.263s] [  3%] Built target moveit_kinematics_base
[1.517s] [  5%] Built target moveit_utils
[1.698s] [  6%] Built target gtest
[1.867s] [  9%] Built target moveit_distance_field
[1.871s] [  9%] Built target gtest_main
[2.010s] [ 11%] Built target gmock
[2.282s] [ 12%] Built target gmock_main
[2.403s] [ 13%] Built target moveit_smoothing_base
[2.425s] [ 14%] Built target test_transforms
[2.454s] [ 15%] Built target moveit_butterworth_parameters
[2.500s] [ 17%] Built target moveit_version
[2.875s] [ 18%] Built target test_voxel_grid
[3.019s] [ 25%] Built target moveit_robot_model
[3.043s] [ 26%] Built target test_distance_field
[3.401s] [ 27%] Built target moveit_butterworth_filter
[3.465s] [ 28%] Built target moveit_test_utils
[3.515s] [ 31%] Built target moveit_robot_state
[3.856s] [ 32%] Built target test_robot_model
[3.907s] [ 33%] Built target test_butterworth_filter
[4.008s] [ 39%] Built target moveit_collision_detection
[4.248s] [ 40%] Built target moveit_kinematics_metrics
[4.474s] [ 42%] Built target test_robot_state
[4.679s] [ 43%] Built target test_robot_state_benchmark
[4.897s] [ 44%] Built target test_robot_state_complex
[5.106s] [ 45%] Built target test_aabb
[5.310s] [ 46%] Built target test_cartesian_interpolator
[5.498s] [ 47%] Built target test_world
[5.674s] [ 49%] Built target test_world_diff
[5.899s] [ 50%] Built target test_all_valid
[6.296s] [ 55%] Built target moveit_collision_detection_bullet
[6.952s] [ 57%] Built target moveit_collision_detection_fcl
[7.212s] [ 58%] Built target test_bullet_collision_detection
[7.493s] [ 59%] Built target test_bullet_collision_detection_panda
[7.866s] [ 61%] Built target test_bullet_continuous_collision_checking
[8.067s] [ 63%] Built target test_fcl_collision_env
[8.336s] [ 64%] Built target test_fcl_collision_detection
[8.645s] [ 65%] Built target test_fcl_collision_detection_panda
[8.992s] [ 67%] Built target moveit_kinematic_constraints
[9.214s] [ 69%] Built target moveit_dynamics_solver
[9.473s] [ 70%] Built target test_orientation_constraints
[9.726s] [ 71%] Built target test_constraints
[9.980s] [ 72%] Built target moveit_robot_trajectory
[10.253s] [ 76%] Built target moveit_trajectory_processing
[10.507s] [ 77%] Built target test_robot_trajectory
[10.753s] [ 78%] Built target test_time_parameterization
[10.955s] [ 80%] Built target test_time_optimal_trajectory_generation
[11.144s] [ 81%] Built target test_ruckig_traj_smoothing
[11.342s] [ 82%] Built target moveit_planning_scene
[11.523s] [ 84%] Built target moveit_planning_interface
[11.704s] [ 85%] Built target moveit_planning_request_adapter
[11.890s] [ 86%] Built target test_planning_scene
[12.053s] [ 87%] Built target test_collision_objects
[12.197s] [ 88%] Built target test_multi_threaded
[12.361s] [ 89%] Built target collision_detector_bullet_plugin
[12.515s] [ 90%] Built target collision_detector_fcl_plugin
[12.700s] [ 93%] Built target moveit_constraint_samplers
[12.903s] [ 96%] Built target moveit_collision_distance_field
[13.088s] [ 99%] Built target test_constraint_samplers
[13.252s] [100%] Built target test_collision_distance_field
[13.303s] Invoked command in '/home/ti5/ws_moveit2/build/moveit_core' returned '0': AMENT_PREFIX_PATH=/home/ti5/ws_moveit2/install/moveit_resources_panda_moveit_config:/home/ti5/ws_moveit2/install/srdfdom:/home/ti5/ws_moveit2/install/moveit_resources_pr2_description:/home/ti5/ws_moveit2/install/moveit_resources_panda_description:/home/ti5/ws_moveit2/install/moveit_common:${AMENT_PREFIX_PATH} CMAKE_PREFIX_PATH=/home/ti5/ws_moveit2/install/moveit_resources_panda_moveit_config:/home/ti5/ws_moveit2/install/srdfdom:/home/ti5/ws_moveit2/install/moveit_resources_pr2_description:/home/ti5/ws_moveit2/install/moveit_resources_panda_description:/home/ti5/ws_moveit2/install/moveit_common:/opt/ros/humble LD_LIBRARY_PATH=/home/ti5/ws_moveit2/install/srdfdom/lib:${LD_LIBRARY_PATH} PYTHONPATH=/home/ti5/ws_moveit2/install/srdfdom/local/lib/python3.10/dist-packages:${PYTHONPATH} /usr/bin/cmake --build /home/ti5/ws_moveit2/build/moveit_core -- -j4 -l4
[13.596s] Invoking command in '/home/ti5/ws_moveit2/build/moveit_core': AMENT_PREFIX_PATH=/home/ti5/ws_moveit2/install/moveit_resources_panda_moveit_config:/home/ti5/ws_moveit2/install/srdfdom:/home/ti5/ws_moveit2/install/moveit_resources_pr2_description:/home/ti5/ws_moveit2/install/moveit_resources_panda_description:/home/ti5/ws_moveit2/install/moveit_common:${AMENT_PREFIX_PATH} CMAKE_PREFIX_PATH=/home/ti5/ws_moveit2/install/moveit_resources_panda_moveit_config:/home/ti5/ws_moveit2/install/srdfdom:/home/ti5/ws_moveit2/install/moveit_resources_pr2_description:/home/ti5/ws_moveit2/install/moveit_resources_panda_description:/home/ti5/ws_moveit2/install/moveit_common:/opt/ros/humble LD_LIBRARY_PATH=/home/ti5/ws_moveit2/install/srdfdom/lib:${LD_LIBRARY_PATH} PYTHONPATH=/home/ti5/ws_moveit2/install/srdfdom/local/lib/python3.10/dist-packages:${PYTHONPATH} /usr/bin/cmake --install /home/ti5/ws_moveit2/build/moveit_core
[13.631s] -- Install configuration: "Release"
[13.632s] -- Up-to-date: /home/ti5/ws_moveit2/install/moveit_core/include/moveit/version.h
[13.633s] -- Up-to-date: /home/ti5/ws_moveit2/install/moveit_core/include
[13.634s] -- Up-to-date: /home/ti5/ws_moveit2/install/moveit_core/include/moveit
[13.635s] -- Up-to-date: /home/ti5/ws_moveit2/install/moveit_core/include/moveit/collision_distance_field
[13.635s] -- Up-to-date: /home/ti5/ws_moveit2/install/moveit_core/include/moveit/collision_distance_field/collision_common_distance_field.h
[13.636s] -- Up-to-date: /home/ti5/ws_moveit2/install/moveit_core/include/moveit/collision_distance_field/collision_detector_allocator_hybrid.h
[13.636s] -- Up-to-date: /home/ti5/ws_moveit2/install/moveit_core/include/moveit/collision_distance_field/collision_env_distance_field.h
[13.636s] -- Up-to-date: /home/ti5/ws_moveit2/install/moveit_core/include/moveit/collision_distance_field/collision_env_hybrid.h
[13.637s] -- Up-to-date: /home/ti5/ws_moveit2/install/moveit_core/include/moveit/collision_distance_field/collision_detector_allocator_distance_field.h
[13.639s] -- Up-to-date: /home/ti5/ws_moveit2/install/moveit_core/include/moveit/collision_distance_field/collision_distance_field_types.h
[13.640s] -- Up-to-date: /home/ti5/ws_moveit2/install/moveit_core/include/moveit_collision_distance_field_export.h
[13.640s] -- Up-to-date: /home/ti5/ws_moveit2/install/moveit_core/include
[13.641s] -- Up-to-date: /home/ti5/ws_moveit2/install/moveit_core/include/moveit
[13.643s] -- Up-to-date: /home/ti5/ws_moveit2/install/moveit_core/include/moveit/constraint_samplers
[13.644s] -- Up-to-date: /home/ti5/ws_moveit2/install/moveit_core/include/moveit/constraint_samplers/constraint_sampler_allocator.h
[13.644s] -- Up-to-date: /home/ti5/ws_moveit2/install/moveit_core/include/moveit/constraint_samplers/constraint_sampler_tools.h
[13.645s] -- Up-to-date: /home/ti5/ws_moveit2/install/moveit_core/include/moveit/constraint_samplers/constraint_sampler.h
[13.645s] -- Up-to-date: /home/ti5/ws_moveit2/install/moveit_core/include/moveit/constraint_samplers/default_constraint_samplers.h
[13.646s] -- Up-to-date: /home/ti5/ws_moveit2/install/moveit_core/include/moveit/constraint_samplers/constraint_sampler_manager.h
[13.646s] -- Up-to-date: /home/ti5/ws_moveit2/install/moveit_core/include/moveit/constraint_samplers/union_constraint_sampler.h
[13.647s] -- Up-to-date: /home/ti5/ws_moveit2/install/moveit_core/include
[13.648s] -- Up-to-date: /home/ti5/ws_moveit2/install/moveit_core/include/moveit
[13.648s] -- Up-to-date: /home/ti5/ws_moveit2/install/moveit_core/include/moveit/controller_manager
[13.648s] -- Up-to-date: /home/ti5/ws_moveit2/install/moveit_core/include/moveit/controller_manager/controller_manager.h
[13.649s] -- Up-to-date: /home/ti5/ws_moveit2/install/moveit_core/include
[13.649s] -- Up-to-date: /home/ti5/ws_moveit2/install/moveit_core/include/moveit
[13.650s] -- Up-to-date: /home/ti5/ws_moveit2/install/moveit_core/include/moveit/distance_field
[13.650s] -- Up-to-date: /home/ti5/ws_moveit2/install/moveit_core/include/moveit/distance_field/propagation_distance_field.h
[13.651s] -- Up-to-date: /home/ti5/ws_moveit2/install/moveit_core/include/moveit/distance_field/distance_field.h
[13.652s] -- Up-to-date: /home/ti5/ws_moveit2/install/moveit_core/include/moveit/distance_field/find_internal_points.h
[13.653s] -- Up-to-date: /home/ti5/ws_moveit2/install/moveit_core/include/moveit/distance_field/voxel_grid.h
[13.653s] -- Up-to-date: /home/ti5/ws_moveit2/install/moveit_core/include
[13.654s] -- Up-to-date: /home/ti5/ws_moveit2/install/moveit_core/include/moveit
[13.656s] -- Up-to-date: /home/ti5/ws_moveit2/install/moveit_core/include/moveit/dynamics_solver
[13.657s] -- Up-to-date: /home/ti5/ws_moveit2/install/moveit_core/include/moveit/dynamics_solver/dynamics_solver.h
[13.657s] -- Up-to-date: /home/ti5/ws_moveit2/install/moveit_core/include
[13.658s] -- Up-to-date: /home/ti5/ws_moveit2/install/moveit_core/include/moveit
[13.659s] -- Up-to-date: /home/ti5/ws_moveit2/install/moveit_core/include/moveit/exceptions
[13.660s] -- Up-to-date: /home/ti5/ws_moveit2/install/moveit_core/include/moveit/exceptions/exceptions.h
[13.661s] -- Up-to-date: /home/ti5/ws_moveit2/install/moveit_core/include
[13.661s] -- Up-to-date: /home/ti5/ws_moveit2/install/moveit_core/include/moveit
[13.662s] -- Up-to-date: /home/ti5/ws_moveit2/install/moveit_core/include/moveit/kinematics_base
[13.662s] -- Up-to-date: /home/ti5/ws_moveit2/install/moveit_core/include/moveit/kinematics_base/kinematics_base.h
[13.663s] -- Up-to-date: /home/ti5/ws_moveit2/install/moveit_core/include/moveit_kinematics_base_export.h
[13.664s] -- Up-to-date: /home/ti5/ws_moveit2/install/moveit_core/include
[13.664s] -- Up-to-date: /home/ti5/ws_moveit2/install/moveit_core/include/moveit
[13.665s] -- Up-to-date: /home/ti5/ws_moveit2/install/moveit_core/include/moveit/kinematic_constraints
[13.665s] -- Up-to-date: /home/ti5/ws_moveit2/install/moveit_core/include/moveit/kinematic_constraints/kinematic_constraint.h
[13.666s] -- Up-to-date: /home/ti5/ws_moveit2/install/moveit_core/include/moveit/kinematic_constraints/utils.h
[13.667s] -- Up-to-date: /home/ti5/ws_moveit2/install/moveit_core/include
[13.668s] -- Up-to-date: /home/ti5/ws_moveit2/install/moveit_core/include/moveit
[13.668s] -- Up-to-date: /home/ti5/ws_moveit2/install/moveit_core/include/moveit/kinematics_metrics
[13.668s] -- Up-to-date: /home/ti5/ws_moveit2/install/moveit_core/include/moveit/kinematics_metrics/kinematics_metrics.h
[13.669s] -- Up-to-date: /home/ti5/ws_moveit2/install/moveit_core/include
[13.670s] -- Up-to-date: /home/ti5/ws_moveit2/install/moveit_core/include/moveit
[13.670s] -- Up-to-date: /home/ti5/ws_moveit2/install/moveit_core/include/moveit/macros
[13.671s] -- Up-to-date: /home/ti5/ws_moveit2/install/moveit_core/include/moveit/macros/declare_ptr.h
[13.672s] -- Up-to-date: /home/ti5/ws_moveit2/install/moveit_core/include/moveit/macros/class_forward.h
[13.672s] -- Up-to-date: /home/ti5/ws_moveit2/install/moveit_core/include/moveit/macros/console_colors.h
[13.673s] -- Up-to-date: /home/ti5/ws_moveit2/install/moveit_core/include/moveit/macros/deprecation.h
[13.673s] -- Up-to-date: /home/ti5/ws_moveit2/install/moveit_core/include/moveit_butterworth_parameters
[13.674s] -- Up-to-date: /home/ti5/ws_moveit2/install/moveit_core/include/moveit_butterworth_parameters/moveit_butterworth_parameters.hpp
[13.675s] -- Up-to-date: /home/ti5/ws_moveit2/install/moveit_core/include
[13.676s] -- Up-to-date: /home/ti5/ws_moveit2/install/moveit_core/include/moveit
[13.676s] -- Up-to-date: /home/ti5/ws_moveit2/install/moveit_core/include/moveit/online_signal_smoothing
[13.677s] -- Up-to-date: /home/ti5/ws_moveit2/install/moveit_core/include/moveit/online_signal_smoothing/butterworth_filter.h
[13.678s] -- Up-to-date: /home/ti5/ws_moveit2/install/moveit_core/include/moveit/online_signal_smoothing/smoothing_base_class.h
[13.678s] -- Up-to-date: /home/ti5/ws_moveit2/install/moveit_core/include/moveit_smoothing_base_export.h
[13.679s] -- Up-to-date: /home/ti5/ws_moveit2/install/moveit_core/include/moveit_butterworth_filter_export.h
[13.679s] -- Up-to-date: /home/ti5/ws_moveit2/install/moveit_core/include
[13.680s] -- Up-to-date: /home/ti5/ws_moveit2/install/moveit_core/include/moveit
[13.681s] -- Up-to-date: /home/ti5/ws_moveit2/install/moveit_core/include/moveit/planning_interface
[13.681s] -- Up-to-date: /home/ti5/ws_moveit2/install/moveit_core/include/moveit/planning_interface/planning_request.h
[13.682s] -- Up-to-date: /home/ti5/ws_moveit2/install/moveit_core/include/moveit/planning_interface/planning_interface.h
[13.682s] -- Up-to-date: /home/ti5/ws_moveit2/install/moveit_core/include/moveit/planning_interface/planning_response.h
[13.683s] -- Up-to-date: /home/ti5/ws_moveit2/install/moveit_core/include
[13.684s] -- Up-to-date: /home/ti5/ws_moveit2/install/moveit_core/include/moveit
[13.684s] -- Up-to-date: /home/ti5/ws_moveit2/install/moveit_core/include/moveit/planning_request_adapter
[13.685s] -- Up-to-date: /home/ti5/ws_moveit2/install/moveit_core/include/moveit/planning_request_adapter/planning_request_adapter.h
[13.685s] -- Up-to-date: /home/ti5/ws_moveit2/install/moveit_core/include
[13.686s] -- Up-to-date: /home/ti5/ws_moveit2/install/moveit_core/include/moveit
[13.686s] -- Up-to-date: /home/ti5/ws_moveit2/install/moveit_core/include/moveit/planning_scene
[13.687s] -- Up-to-date: /home/ti5/ws_moveit2/install/moveit_core/include/moveit/planning_scene/planning_scene.h
[13.688s] -- Up-to-date: /home/ti5/ws_moveit2/install/moveit_core/include/moveit_planning_scene_export.h
[13.688s] -- Up-to-date: /home/ti5/ws_moveit2/install/moveit_core/include
[13.689s] -- Up-to-date: /home/ti5/ws_moveit2/install/moveit_core/include/moveit
[13.689s] -- Up-to-date: /home/ti5/ws_moveit2/install/moveit_core/include/moveit/robot_model
[13.690s] -- Up-to-date: /home/ti5/ws_moveit2/install/moveit_core/include/moveit/robot_model/floating_joint_model.h
[13.690s] -- Up-to-date: /home/ti5/ws_moveit2/install/moveit_core/include/moveit/robot_model/fixed_joint_model.h
[13.691s] -- Up-to-date: /home/ti5/ws_moveit2/install/moveit_core/include/moveit/robot_model/joint_model.h
[13.692s] -- Up-to-date: /home/ti5/ws_moveit2/install/moveit_core/include/moveit/robot_model/aabb.h
[13.692s] -- Up-to-date: /home/ti5/ws_moveit2/install/moveit_core/include/moveit/robot_model/planar_joint_model.h
[13.693s] -- Up-to-date: /home/ti5/ws_moveit2/install/moveit_core/include/moveit/robot_model/link_model.h
[13.694s] -- Up-to-date: /home/ti5/ws_moveit2/install/moveit_core/include/moveit/robot_model/revolute_joint_model.h
[13.694s] -- Up-to-date: /home/ti5/ws_moveit2/install/moveit_core/include/moveit/robot_model/prismatic_joint_model.h
[13.695s] -- Up-to-date: /home/ti5/ws_moveit2/install/moveit_core/include/moveit/robot_model/robot_model.h
[13.695s] -- Up-to-date: /home/ti5/ws_moveit2/install/moveit_core/include/moveit/robot_model/joint_model_group.h
[13.696s] -- Up-to-date: /home/ti5/ws_moveit2/install/moveit_core/include
[13.696s] -- Up-to-date: /home/ti5/ws_moveit2/install/moveit_core/include/moveit
[13.697s] -- Up-to-date: /home/ti5/ws_moveit2/install/moveit_core/include/moveit/robot_state
[13.698s] -- Up-to-date: /home/ti5/ws_moveit2/install/moveit_core/include/moveit/robot_state/attached_body.h
[13.698s] -- Up-to-date: /home/ti5/ws_moveit2/install/moveit_core/include/moveit/robot_state/robot_state.h
[13.699s] -- Up-to-date: /home/ti5/ws_moveit2/install/moveit_core/include/moveit/robot_state/conversions.h
[13.699s] -- Up-to-date: /home/ti5/ws_moveit2/install/moveit_core/include/moveit/robot_state/cartesian_interpolator.h
[13.700s] -- Up-to-date: /home/ti5/ws_moveit2/install/moveit_core/include
[13.701s] -- Up-to-date: /home/ti5/ws_moveit2/install/moveit_core/include/moveit
[13.701s] -- Up-to-date: /home/ti5/ws_moveit2/install/moveit_core/include/moveit/robot_trajectory
[13.702s] -- Up-to-date: /home/ti5/ws_moveit2/install/moveit_core/include/moveit/robot_trajectory/robot_trajectory.h
[13.703s] -- Up-to-date: /home/ti5/ws_moveit2/install/moveit_core/include
[13.703s] -- Up-to-date: /home/ti5/ws_moveit2/install/moveit_core/include/moveit
[13.704s] -- Up-to-date: /home/ti5/ws_moveit2/install/moveit_core/include/moveit/sensor_manager
[13.704s] -- Up-to-date: /home/ti5/ws_moveit2/install/moveit_core/include/moveit/sensor_manager/sensor_manager.h
[13.705s] -- Up-to-date: /home/ti5/ws_moveit2/install/moveit_core/include
[13.705s] -- Up-to-date: /home/ti5/ws_moveit2/install/moveit_core/include/moveit
[13.706s] -- Up-to-date: /home/ti5/ws_moveit2/install/moveit_core/include/moveit/trajectory_processing
[13.706s] -- Up-to-date: /home/ti5/ws_moveit2/install/moveit_core/include/moveit/trajectory_processing/trajectory_tools.h
[13.707s] -- Up-to-date: /home/ti5/ws_moveit2/install/moveit_core/include/moveit/trajectory_processing/iterative_time_parameterization.h
[13.707s] -- Up-to-date: /home/ti5/ws_moveit2/install/moveit_core/include/moveit/trajectory_processing/time_parameterization.h
[13.708s] -- Up-to-date: /home/ti5/ws_moveit2/install/moveit_core/include/moveit/trajectory_processing/ruckig_traj_smoothing.h
[13.708s] -- Up-to-date: /home/ti5/ws_moveit2/install/moveit_core/include/moveit/trajectory_processing/time_optimal_trajectory_generation.h
[13.709s] -- Up-to-date: /home/ti5/ws_moveit2/install/moveit_core/include/moveit/trajectory_processing/iterative_spline_parameterization.h
[13.710s] -- Up-to-date: /home/ti5/ws_moveit2/install/moveit_core/include
[13.710s] -- Up-to-date: /home/ti5/ws_moveit2/install/moveit_core/include/moveit
[13.711s] -- Up-to-date: /home/ti5/ws_moveit2/install/moveit_core/include/moveit/transforms
[13.712s] -- Up-to-date: /home/ti5/ws_moveit2/install/moveit_core/include/moveit/transforms/transforms.h
[13.713s] -- Up-to-date: /home/ti5/ws_moveit2/install/moveit_core/include
[13.713s] -- Up-to-date: /home/ti5/ws_moveit2/install/moveit_core/include/moveit
[13.713s] -- Up-to-date: /home/ti5/ws_moveit2/install/moveit_core/include/moveit/utils
[13.714s] -- Up-to-date: /home/ti5/ws_moveit2/install/moveit_core/include/moveit/utils/moveit_error_code.h
[13.714s] -- Up-to-date: /home/ti5/ws_moveit2/install/moveit_core/include/moveit/utils/message_checks.h
[13.715s] -- Up-to-date: /home/ti5/ws_moveit2/install/moveit_core/include/moveit/utils/lexical_casts.h
[13.715s] -- Up-to-date: /home/ti5/ws_moveit2/install/moveit_core/include/moveit/utils/robot_model_test_utils.h
[13.716s] -- Up-to-date: /home/ti5/ws_moveit2/install/moveit_core/include/moveit/utils/rclcpp_utils.h
[13.717s] -- Up-to-date: /home/ti5/ws_moveit2/install/moveit_core/bin/moveit_version
[13.717s] -- Up-to-date: /home/ti5/ws_moveit2/install/moveit_core/include
[13.717s] -- Up-to-date: /home/ti5/ws_moveit2/install/moveit_core/include/moveit
[13.718s] -- Up-to-date: /home/ti5/ws_moveit2/install/moveit_core/include/moveit/collision_detection
[13.719s] -- Up-to-date: /home/ti5/ws_moveit2/install/moveit_core/include/moveit/collision_detection/collision_plugin_cache.h
[13.719s] -- Up-to-date: /home/ti5/ws_moveit2/install/moveit_core/include/moveit/collision_detection/collision_plugin.h
[13.720s] -- Up-to-date: /home/ti5/ws_moveit2/install/moveit_core/include/moveit/collision_detection/world.h
[13.720s] -- Up-to-date: /home/ti5/ws_moveit2/install/moveit_core/include/moveit/collision_detection/collision_matrix.h
[13.720s] -- Up-to-date: /home/ti5/ws_moveit2/install/moveit_core/include/moveit/collision_detection/test_collision_common_panda.h
[13.721s] -- Up-to-date: /home/ti5/ws_moveit2/install/moveit_core/include/moveit/collision_detection/test_collision_common_pr2.h
[13.721s] -- Up-to-date: /home/ti5/ws_moveit2/install/moveit_core/include/moveit/collision_detection/collision_octomap_filter.h
[13.722s] -- Up-to-date: /home/ti5/ws_moveit2/install/moveit_core/include/moveit/collision_detection/collision_tools.h
[13.722s] -- Up-to-date: /home/ti5/ws_moveit2/install/moveit_core/include/moveit/collision_detection/collision_common.h
[13.723s] -- Up-to-date: /home/ti5/ws_moveit2/install/moveit_core/include/moveit/collision_detection/world_diff.h
[13.723s] -- Up-to-date: /home/ti5/ws_moveit2/install/moveit_core/include/moveit/collision_detection/occupancy_map.h
[13.723s] -- Up-to-date: /home/ti5/ws_moveit2/install/moveit_core/include/moveit/collision_detection/collision_detector_allocator.h
[13.724s] -- Up-to-date: /home/ti5/ws_moveit2/install/moveit_core/include/moveit/collision_detection/allvalid
[13.724s] -- Up-to-date: /home/ti5/ws_moveit2/install/moveit_core/include/moveit/collision_detection/allvalid/collision_env_allvalid.h
[13.725s] -- Up-to-date: /home/ti5/ws_moveit2/install/moveit_core/include/moveit/collision_detection/allvalid/collision_detector_allocator_allvalid.h
[13.725s] -- Up-to-date: /home/ti5/ws_moveit2/install/moveit_core/include/moveit/collision_detection/collision_env.h
[13.725s] -- Up-to-date: /home/ti5/ws_moveit2/install/moveit_core/include/moveit_collision_detection_export.h
[13.726s] -- Up-to-date: /home/ti5/ws_moveit2/install/moveit_core/include
[13.726s] -- Up-to-date: /home/ti5/ws_moveit2/install/moveit_core/include/moveit
[13.727s] -- Up-to-date: /home/ti5/ws_moveit2/install/moveit_core/include/moveit/collision_detection_bullet
[13.727s] -- Up-to-date: /home/ti5/ws_moveit2/install/moveit_core/include/moveit/collision_detection_bullet/bullet_integration
[13.728s] -- Up-to-date: /home/ti5/ws_moveit2/install/moveit_core/include/moveit/collision_detection_bullet/bullet_integration/bullet_utils.h
[13.728s] -- Up-to-date: /home/ti5/ws_moveit2/install/moveit_core/include/moveit/collision_detection_bullet/bullet_integration/basic_types.h
[13.728s] -- Up-to-date: /home/ti5/ws_moveit2/install/moveit_core/include/moveit/collision_detection_bullet/bullet_integration/bullet_discrete_bvh_manager.h
[13.729s] -- Up-to-date: /home/ti5/ws_moveit2/install/moveit_core/include/moveit/collision_detection_bullet/bullet_integration/bullet_cast_bvh_manager.h
[13.729s] -- Up-to-date: /home/ti5/ws_moveit2/install/moveit_core/include/moveit/collision_detection_bullet/bullet_integration/bullet_bvh_manager.h
[13.730s] -- Up-to-date: /home/ti5/ws_moveit2/install/moveit_core/include/moveit/collision_detection_bullet/bullet_integration/ros_bullet_utils.h
[13.730s] -- Up-to-date: /home/ti5/ws_moveit2/install/moveit_core/include/moveit/collision_detection_bullet/bullet_integration/contact_checker_common.h
[13.730s] -- Up-to-date: /home/ti5/ws_moveit2/install/moveit_core/include/moveit/collision_detection_bullet/collision_env_bullet.h
[13.731s] -- Up-to-date: /home/ti5/ws_moveit2/install/moveit_core/include/moveit/collision_detection_bullet/collision_detector_bullet_plugin_loader.h
[13.731s] -- Up-to-date: /home/ti5/ws_moveit2/install/moveit_core/include/moveit/collision_detection_bullet/collision_detector_allocator_bullet.h
[13.732s] -- Up-to-date: /home/ti5/ws_moveit2/install/moveit_core/include/moveit_collision_detection_bullet_export.h
[13.732s] -- Up-to-date: /home/ti5/ws_moveit2/install/moveit_core/include
[13.732s] -- Up-to-date: /home/ti5/ws_moveit2/install/moveit_core/include/moveit
[13.733s] -- Up-to-date: /home/ti5/ws_moveit2/install/moveit_core/include/moveit/collision_detection_fcl
[13.733s] -- Up-to-date: /home/ti5/ws_moveit2/install/moveit_core/include/moveit/collision_detection_fcl/collision_detector_allocator_fcl.h
[13.734s] -- Up-to-date: /home/ti5/ws_moveit2/install/moveit_core/include/moveit/collision_detection_fcl/fcl_compat.h
[13.734s] -- Up-to-date: /home/ti5/ws_moveit2/install/moveit_core/include/moveit/collision_detection_fcl/collision_common.h
[13.735s] -- Up-to-date: /home/ti5/ws_moveit2/install/moveit_core/include/moveit/collision_detection_fcl/collision_detector_fcl_plugin_loader.h
[13.735s] -- Up-to-date: /home/ti5/ws_moveit2/install/moveit_core/include/moveit/collision_detection_fcl/collision_env_fcl.h
[13.735s] -- Up-to-date: /home/ti5/ws_moveit2/install/moveit_core/include/moveit_collision_detection_fcl_export.h
[13.736s] -- Up-to-date: /home/ti5/ws_moveit2/install/moveit_core/lib/libcollision_detector_bullet_plugin.so.2.5.5
[13.736s] -- Up-to-date: /home/ti5/ws_moveit2/install/moveit_core/lib/libcollision_detector_bullet_plugin.so
[13.737s] -- Up-to-date: /home/ti5/ws_moveit2/install/moveit_core/lib/libmoveit_butterworth_filter.so.2.5.5
[13.737s] -- Up-to-date: /home/ti5/ws_moveit2/install/moveit_core/lib/libmoveit_butterworth_filter.so
[13.737s] -- Up-to-date: /home/ti5/ws_moveit2/install/moveit_core/lib/libmoveit_collision_distance_field.so.2.5.5
[13.738s] -- Up-to-date: /home/ti5/ws_moveit2/install/moveit_core/lib/libmoveit_collision_distance_field.so
[13.738s] -- Up-to-date: /home/ti5/ws_moveit2/install/moveit_core/lib/libmoveit_collision_detection.so.2.5.5
[13.739s] -- Up-to-date: /home/ti5/ws_moveit2/install/moveit_core/lib/libmoveit_collision_detection.so
[13.739s] -- Up-to-date: /home/ti5/ws_moveit2/install/moveit_core/lib/libmoveit_collision_detection_fcl.so.2.5.5
[13.739s] -- Up-to-date: /home/ti5/ws_moveit2/install/moveit_core/lib/libmoveit_collision_detection_fcl.so
[13.740s] -- Up-to-date: /home/ti5/ws_moveit2/install/moveit_core/lib/libmoveit_collision_detection_bullet.so.2.5.5
[13.740s] -- Up-to-date: /home/ti5/ws_moveit2/install/moveit_core/lib/libmoveit_collision_detection_bullet.so
[13.741s] -- Up-to-date: /home/ti5/ws_moveit2/install/moveit_core/lib/libmoveit_dynamics_solver.so.2.5.5
[13.741s] -- Up-to-date: /home/ti5/ws_moveit2/install/moveit_core/lib/libmoveit_dynamics_solver.so
[13.744s] -- Up-to-date: /home/ti5/ws_moveit2/install/moveit_core/lib/libmoveit_constraint_samplers.so.2.5.5
[13.746s] -- Up-to-date: /home/ti5/ws_moveit2/install/moveit_core/lib/libmoveit_constraint_samplers.so
[13.748s] -- Up-to-date: /home/ti5/ws_moveit2/install/moveit_core/lib/libmoveit_distance_field.so.2.5.5
[13.749s] -- Up-to-date: /home/ti5/ws_moveit2/install/moveit_core/lib/libmoveit_distance_field.so
[13.751s] -- Up-to-date: /home/ti5/ws_moveit2/install/moveit_core/lib/libmoveit_exceptions.so.2.5.5
[13.753s] -- Up-to-date: /home/ti5/ws_moveit2/install/moveit_core/lib/libmoveit_exceptions.so
[13.755s] -- Up-to-date: /home/ti5/ws_moveit2/install/moveit_core/lib/libmoveit_kinematics_base.so
[13.758s] -- Up-to-date: /home/ti5/ws_moveit2/install/moveit_core/lib/libmoveit_kinematic_constraints.so.2.5.5
[13.760s] -- Up-to-date: /home/ti5/ws_moveit2/install/moveit_core/lib/libmoveit_kinematic_constraints.so
[13.762s] -- Up-to-date: /home/ti5/ws_moveit2/install/moveit_core/lib/libmoveit_kinematics_metrics.so.2.5.5
[13.764s] -- Up-to-date: /home/ti5/ws_moveit2/install/moveit_core/lib/libmoveit_kinematics_metrics.so
[13.766s] -- Up-to-date: /home/ti5/ws_moveit2/install/moveit_core/lib/libmoveit_planning_interface.so.2.5.5
[13.767s] -- Up-to-date: /home/ti5/ws_moveit2/install/moveit_core/lib/libmoveit_planning_interface.so
[13.770s] -- Up-to-date: /home/ti5/ws_moveit2/install/moveit_core/lib/libmoveit_planning_scene.so.2.5.5
[13.771s] -- Up-to-date: /home/ti5/ws_moveit2/install/moveit_core/lib/libmoveit_planning_scene.so
[13.773s] -- Up-to-date: /home/ti5/ws_moveit2/install/moveit_core/lib/libmoveit_planning_request_adapter.so.2.5.5
[13.774s] -- Up-to-date: /home/ti5/ws_moveit2/install/moveit_core/lib/libmoveit_planning_request_adapter.so
[13.777s] -- Up-to-date: /home/ti5/ws_moveit2/install/moveit_core/lib/libmoveit_robot_model.so.2.5.5
[13.778s] -- Up-to-date: /home/ti5/ws_moveit2/install/moveit_core/lib/libmoveit_robot_model.so
[13.780s] -- Up-to-date: /home/ti5/ws_moveit2/install/moveit_core/lib/libmoveit_robot_state.so.2.5.5
[13.781s] -- Up-to-date: /home/ti5/ws_moveit2/install/moveit_core/lib/libmoveit_robot_state.so
[13.783s] -- Up-to-date: /home/ti5/ws_moveit2/install/moveit_core/lib/libmoveit_robot_trajectory.so.2.5.5
[13.785s] -- Up-to-date: /home/ti5/ws_moveit2/install/moveit_core/lib/libmoveit_robot_trajectory.so
[13.786s] -- Up-to-date: /home/ti5/ws_moveit2/install/moveit_core/lib/libmoveit_smoothing_base.so.2.5.5
[13.787s] -- Up-to-date: /home/ti5/ws_moveit2/install/moveit_core/lib/libmoveit_smoothing_base.so
[13.789s] -- Up-to-date: /home/ti5/ws_moveit2/install/moveit_core/lib/libmoveit_test_utils.so.2.5.5
[13.791s] -- Up-to-date: /home/ti5/ws_moveit2/install/moveit_core/lib/libmoveit_test_utils.so
[13.793s] -- Up-to-date: /home/ti5/ws_moveit2/install/moveit_core/lib/libmoveit_trajectory_processing.so.2.5.5
[13.794s] -- Up-to-date: /home/ti5/ws_moveit2/install/moveit_core/lib/libmoveit_trajectory_processing.so
[13.796s] -- Up-to-date: /home/ti5/ws_moveit2/install/moveit_core/lib/libmoveit_transforms.so.2.5.5
[13.797s] -- Up-to-date: /home/ti5/ws_moveit2/install/moveit_core/lib/libmoveit_transforms.so
[13.799s] -- Up-to-date: /home/ti5/ws_moveit2/install/moveit_core/lib/libmoveit_utils.so.2.5.5
[13.800s] -- Up-to-date: /home/ti5/ws_moveit2/install/moveit_core/lib/libmoveit_utils.so
[13.802s] -- Up-to-date: /home/ti5/ws_moveit2/install/moveit_core/share/moveit_core/environment/library_path.sh
[13.802s] -- Up-to-date: /home/ti5/ws_moveit2/install/moveit_core/share/moveit_core/environment/library_path.dsv
[13.803s] -- Up-to-date: /home/ti5/ws_moveit2/install/moveit_core/share/moveit_core/collision_detector_fcl_description.xml
[13.804s] -- Up-to-date: /home/ti5/ws_moveit2/install/moveit_core/share/moveit_core/collision_detector_bullet_description.xml
[13.805s] -- Up-to-date: /home/ti5/ws_moveit2/install/moveit_core/share/moveit_core/filter_plugin_butterworth.xml
[13.805s] -- Up-to-date: /home/ti5/ws_moveit2/install/moveit_core/share/ament_index/resource_index/package_run_dependencies/moveit_core
[13.806s] -- Up-to-date: /home/ti5/ws_moveit2/install/moveit_core/share/ament_index/resource_index/parent_prefix_path/moveit_core
[13.807s] -- Up-to-date: /home/ti5/ws_moveit2/install/moveit_core/share/moveit_core/environment/ament_prefix_path.sh
[13.807s] -- Up-to-date: /home/ti5/ws_moveit2/install/moveit_core/share/moveit_core/environment/ament_prefix_path.dsv
[13.808s] -- Up-to-date: /home/ti5/ws_moveit2/install/moveit_core/share/moveit_core/environment/path.sh
[13.809s] -- Up-to-date: /home/ti5/ws_moveit2/install/moveit_core/share/moveit_core/environment/path.dsv
[13.809s] -- Up-to-date: /home/ti5/ws_moveit2/install/moveit_core/share/moveit_core/local_setup.bash
[13.810s] -- Up-to-date: /home/ti5/ws_moveit2/install/moveit_core/share/moveit_core/local_setup.sh
[13.810s] -- Up-to-date: /home/ti5/ws_moveit2/install/moveit_core/share/moveit_core/local_setup.zsh
[13.811s] -- Up-to-date: /home/ti5/ws_moveit2/install/moveit_core/share/moveit_core/local_setup.dsv
[13.811s] -- Installing: /home/ti5/ws_moveit2/install/moveit_core/share/moveit_core/package.dsv
[13.812s] -- Up-to-date: /home/ti5/ws_moveit2/install/moveit_core/share/ament_index/resource_index/packages/moveit_core
[13.813s] -- Up-to-date: /home/ti5/ws_moveit2/install/moveit_core/share/ament_index/resource_index/moveit_core__pluginlib__plugin/moveit_core
[13.813s] -- Up-to-date: /home/ti5/ws_moveit2/install/moveit_core/share/moveit_core/cmake/export_moveit_coreExport.cmake
[13.814s] -- Up-to-date: /home/ti5/ws_moveit2/install/moveit_core/share/moveit_core/cmake/export_moveit_coreExport-release.cmake
[13.815s] -- Up-to-date: /home/ti5/ws_moveit2/install/moveit_core/share/moveit_core/cmake/ConfigExtras.cmake
[13.815s] -- Up-to-date: /home/ti5/ws_moveit2/install/moveit_core/share/moveit_core/cmake/ament_cmake_export_targets-extras.cmake
[13.816s] -- Up-to-date: /home/ti5/ws_moveit2/install/moveit_core/share/moveit_core/cmake/ament_cmake_export_dependencies-extras.cmake
[13.816s] -- Up-to-date: /home/ti5/ws_moveit2/install/moveit_core/share/moveit_core/cmake/moveit_coreConfig.cmake
[13.817s] -- Up-to-date: /home/ti5/ws_moveit2/install/moveit_core/share/moveit_core/cmake/moveit_coreConfig-version.cmake
[13.817s] -- Up-to-date: /home/ti5/ws_moveit2/install/moveit_core/share/moveit_core/package.xml
[13.821s] Invoked command in '/home/ti5/ws_moveit2/build/moveit_core' returned '0': AMENT_PREFIX_PATH=/home/ti5/ws_moveit2/install/moveit_resources_panda_moveit_config:/home/ti5/ws_moveit2/install/srdfdom:/home/ti5/ws_moveit2/install/moveit_resources_pr2_description:/home/ti5/ws_moveit2/install/moveit_resources_panda_description:/home/ti5/ws_moveit2/install/moveit_common:${AMENT_PREFIX_PATH} CMAKE_PREFIX_PATH=/home/ti5/ws_moveit2/install/moveit_resources_panda_moveit_config:/home/ti5/ws_moveit2/install/srdfdom:/home/ti5/ws_moveit2/install/moveit_resources_pr2_description:/home/ti5/ws_moveit2/install/moveit_resources_panda_description:/home/ti5/ws_moveit2/install/moveit_common:/opt/ros/humble LD_LIBRARY_PATH=/home/ti5/ws_moveit2/install/srdfdom/lib:${LD_LIBRARY_PATH} PYTHONPATH=/home/ti5/ws_moveit2/install/srdfdom/local/lib/python3.10/dist-packages:${PYTHONPATH} /usr/bin/cmake --install /home/ti5/ws_moveit2/build/moveit_core
