[  3%] Built target moveit_planning_pipeline
[  6%] Built target moveit_collision_plugin_loader
[ 11%] Built target moveit_rdf_loader
[ 14%] Built target gmock_main
[ 32%] Built target moveit_default_planning_request_adapter_plugins
[ 37%] Built target gmock
[ 40%] Built target moveit_list_request_adapter_plugins
[ 43%] Built target moveit_kinematics_plugin_loader
[ 46%] Built target moveit_constraint_sampler_manager_loader
[ 50%] Built target moveit_robot_model_loader
[ 53%] Built target moveit_print_planning_model_info
[ 62%] Built target moveit_planning_scene_monitor
[ 66%] Built target current_state_monitor_tests
[ 72%] Built target demo_scene
[ 72%] Built target trajectory_monitor_tests
[ 75%] Built target moveit_print_planning_scene_info
[ 79%] Built target moveit_visualize_robot_collision_volume
[ 82%] Built target moveit_display_random_state
[ 85%] Built target moveit_evaluate_collision_checking_speed
[ 88%] Built target moveit_publish_scene_from_text
[ 91%] Built target moveit_trajectory_execution_manager
[ 95%] Built target moveit_plan_execution
[100%] Built target moveit_cpp
