[3.609s] Invoking command in '/home/ti5/ws_moveit2/moveit2/moveit_configs_utils': AMENT_PREFIX_PATH=/home/ti5/ws_moveit2/install/srdfdom:/home/ti5/ws_moveit2/install/launch_param_builder:${AMENT_PREFIX_PATH} CMAKE_PREFIX_PATH=/home/ti5/ws_moveit2/install/srdfdom LD_LIBRARY_PATH=/home/ti5/ws_moveit2/install/srdfdom/lib:${LD_LIBRARY_PATH} PYTHONPATH=/home/ti5/ws_moveit2/build/moveit_configs_utils/prefix_override:/home/ti5/ws_moveit2/install/moveit_configs_utils/lib/python3.10/site-packages:/home/ti5/ws_moveit2/install/srdfdom/local/lib/python3.10/dist-packages:/home/ti5/ws_moveit2/install/launch_param_builder/lib/python3.10/site-packages:${PYTHONPATH} /usr/bin/python3 -W ignore:setup.py install is deprecated setup.py egg_info --egg-base ../../build/moveit_configs_utils build --build-base /home/ti5/ws_moveit2/build/moveit_configs_utils/build install --record /home/ti5/ws_moveit2/build/moveit_configs_utils/install.log --single-version-externally-managed install_data
[4.954s] running egg_info
[4.957s] writing ../../build/moveit_configs_utils/moveit_configs_utils.egg-info/PKG-INFO
[4.959s] writing dependency_links to ../../build/moveit_configs_utils/moveit_configs_utils.egg-info/dependency_links.txt
[4.960s] writing entry points to ../../build/moveit_configs_utils/moveit_configs_utils.egg-info/entry_points.txt
[4.961s] writing requirements to ../../build/moveit_configs_utils/moveit_configs_utils.egg-info/requires.txt
[4.961s] writing top-level names to ../../build/moveit_configs_utils/moveit_configs_utils.egg-info/top_level.txt
[4.972s] reading manifest file '../../build/moveit_configs_utils/moveit_configs_utils.egg-info/SOURCES.txt'
[4.978s] writing manifest file '../../build/moveit_configs_utils/moveit_configs_utils.egg-info/SOURCES.txt'
[4.978s] running build
[4.979s] running build_py
[4.984s] running install
[4.985s] running install_lib
[4.993s] running install_data
[4.995s] running install_egg_info
[5.003s] removing '/home/ti5/ws_moveit2/install/moveit_configs_utils/lib/python3.10/site-packages/moveit_configs_utils-2.5.5-py3.10.egg-info' (and everything under it)
[5.004s] Copying ../../build/moveit_configs_utils/moveit_configs_utils.egg-info to /home/ti5/ws_moveit2/install/moveit_configs_utils/lib/python3.10/site-packages/moveit_configs_utils-2.5.5-py3.10.egg-info
[5.009s] running install_scripts
[5.103s] writing list of installed files to '/home/ti5/ws_moveit2/build/moveit_configs_utils/install.log'
[5.199s] Invoked command in '/home/ti5/ws_moveit2/moveit2/moveit_configs_utils' returned '0': AMENT_PREFIX_PATH=/home/ti5/ws_moveit2/install/srdfdom:/home/ti5/ws_moveit2/install/launch_param_builder:${AMENT_PREFIX_PATH} CMAKE_PREFIX_PATH=/home/ti5/ws_moveit2/install/srdfdom LD_LIBRARY_PATH=/home/ti5/ws_moveit2/install/srdfdom/lib:${LD_LIBRARY_PATH} PYTHONPATH=/home/ti5/ws_moveit2/build/moveit_configs_utils/prefix_override:/home/ti5/ws_moveit2/install/moveit_configs_utils/lib/python3.10/site-packages:/home/ti5/ws_moveit2/install/srdfdom/local/lib/python3.10/dist-packages:/home/ti5/ws_moveit2/install/launch_param_builder/lib/python3.10/site-packages:${PYTHONPATH} /usr/bin/python3 -W ignore:setup.py install is deprecated setup.py egg_info --egg-base ../../build/moveit_configs_utils build --build-base /home/ti5/ws_moveit2/build/moveit_configs_utils/build install --record /home/ti5/ws_moveit2/build/moveit_configs_utils/install.log --single-version-externally-managed install_data
