[0.160s] Invoking command in '/home/ti5/ws_moveit2/build/demo': CMAKE_PREFIX_PATH=${CMAKE_PREFIX_PATH}:/home/ti5/ws_moveit2/install/moveit_configs_utils:/home/ti5/ws_moveit2/install/launch_param_builder:/opt/ros/humble /usr/bin/cmake --build /home/ti5/ws_moveit2/build/demo -- -j4 -l4
[0.763s] [100%] Built target demo
[0.919s] Invoked command in '/home/ti5/ws_moveit2/build/demo' returned '0': CMAKE_PREFIX_PATH=${CMAKE_PREFIX_PATH}:/home/ti5/ws_moveit2/install/moveit_configs_utils:/home/ti5/ws_moveit2/install/launch_param_builder:/opt/ros/humble /usr/bin/cmake --build /home/ti5/ws_moveit2/build/demo -- -j4 -l4
[1.501s] Invoking command in '/home/ti5/ws_moveit2/build/demo': CMAKE_PREFIX_PATH=${CMAKE_PREFIX_PATH}:/home/ti5/ws_moveit2/install/moveit_configs_utils:/home/ti5/ws_moveit2/install/launch_param_builder:/opt/ros/humble /usr/bin/cmake --install /home/ti5/ws_moveit2/build/demo
[1.596s] -- Install configuration: "Release"
[1.598s] -- Up-to-date: /home/ti5/ws_moveit2/install/demo/share/ament_index/resource_index/package_run_dependencies/demo
[1.598s] -- Up-to-date: /home/ti5/ws_moveit2/install/demo/share/ament_index/resource_index/parent_prefix_path/demo
[1.599s] -- Up-to-date: /home/ti5/ws_moveit2/install/demo/share/demo/environment/ament_prefix_path.sh
[1.600s] -- Up-to-date: /home/ti5/ws_moveit2/install/demo/share/demo/environment/ament_prefix_path.dsv
[1.600s] -- Up-to-date: /home/ti5/ws_moveit2/install/demo/share/demo/environment/path.sh
[1.601s] -- Up-to-date: /home/ti5/ws_moveit2/install/demo/share/demo/environment/path.dsv
[1.601s] -- Up-to-date: /home/ti5/ws_moveit2/install/demo/share/demo/local_setup.bash
[1.602s] -- Up-to-date: /home/ti5/ws_moveit2/install/demo/share/demo/local_setup.sh
[1.604s] -- Up-to-date: /home/ti5/ws_moveit2/install/demo/share/demo/local_setup.zsh
[1.604s] -- Up-to-date: /home/ti5/ws_moveit2/install/demo/share/demo/local_setup.dsv
[1.605s] -- Installing: /home/ti5/ws_moveit2/install/demo/share/demo/package.dsv
[1.605s] -- Up-to-date: /home/ti5/ws_moveit2/install/demo/share/ament_index/resource_index/packages/demo
[1.606s] -- Up-to-date: /home/ti5/ws_moveit2/install/demo/share/demo/cmake/demoConfig.cmake
[1.607s] -- Up-to-date: /home/ti5/ws_moveit2/install/demo/share/demo/cmake/demoConfig-version.cmake
[1.607s] -- Up-to-date: /home/ti5/ws_moveit2/install/demo/share/demo/package.xml
[1.608s] -- Up-to-date: /home/ti5/ws_moveit2/install/demo/lib/demo/demo
[1.624s] Invoked command in '/home/ti5/ws_moveit2/build/demo' returned '0': CMAKE_PREFIX_PATH=${CMAKE_PREFIX_PATH}:/home/ti5/ws_moveit2/install/moveit_configs_utils:/home/ti5/ws_moveit2/install/launch_param_builder:/opt/ros/humble /usr/bin/cmake --install /home/ti5/ws_moveit2/build/demo
