[0.137s] Invoking command in '/home/ti5/ws_moveit2/build/moveit_resources_fanuc_description': CMAKE_PREFIX_PATH=${CMAKE_PREFIX_PATH}:/home/ti5/ws_moveit2/install/moveit_configs_utils:/home/ti5/ws_moveit2/install/launch_param_builder:/opt/ros/humble /usr/bin/cmake --build /home/ti5/ws_moveit2/build/moveit_resources_fanuc_description -- -j4 -l4
[0.529s] Invoked command in '/home/ti5/ws_moveit2/build/moveit_resources_fanuc_description' returned '0': CMAKE_PREFIX_PATH=${CMAKE_PREFIX_PATH}:/home/ti5/ws_moveit2/install/moveit_configs_utils:/home/ti5/ws_moveit2/install/launch_param_builder:/opt/ros/humble /usr/bin/cmake --build /home/ti5/ws_moveit2/build/moveit_resources_fanuc_description -- -j4 -l4
[0.786s] Invoking command in '/home/ti5/ws_moveit2/build/moveit_resources_fanuc_description': CMAKE_PREFIX_PATH=${CMAKE_PREFIX_PATH}:/home/ti5/ws_moveit2/install/moveit_configs_utils:/home/ti5/ws_moveit2/install/launch_param_builder:/opt/ros/humble /usr/bin/cmake --install /home/ti5/ws_moveit2/build/moveit_resources_fanuc_description
[0.881s] -- Install configuration: ""
[0.881s] -- Up-to-date: /home/ti5/ws_moveit2/install/moveit_resources_fanuc_description/share/ament_index/resource_index/package_run_dependencies/moveit_resources_fanuc_description
[0.883s] -- Up-to-date: /home/ti5/ws_moveit2/install/moveit_resources_fanuc_description/share/ament_index/resource_index/parent_prefix_path/moveit_resources_fanuc_description
[0.884s] -- Up-to-date: /home/ti5/ws_moveit2/install/moveit_resources_fanuc_description/share/moveit_resources_fanuc_description/environment/ament_prefix_path.sh
[0.886s] -- Up-to-date: /home/ti5/ws_moveit2/install/moveit_resources_fanuc_description/share/moveit_resources_fanuc_description/environment/ament_prefix_path.dsv
[0.887s] -- Up-to-date: /home/ti5/ws_moveit2/install/moveit_resources_fanuc_description/share/moveit_resources_fanuc_description/environment/path.sh
[0.888s] -- Up-to-date: /home/ti5/ws_moveit2/install/moveit_resources_fanuc_description/share/moveit_resources_fanuc_description/environment/path.dsv
[0.889s] -- Up-to-date: /home/ti5/ws_moveit2/install/moveit_resources_fanuc_description/share/moveit_resources_fanuc_description/local_setup.bash
[0.889s] -- Up-to-date: /home/ti5/ws_moveit2/install/moveit_resources_fanuc_description/share/moveit_resources_fanuc_description/local_setup.sh
[0.890s] -- Up-to-date: /home/ti5/ws_moveit2/install/moveit_resources_fanuc_description/share/moveit_resources_fanuc_description/local_setup.zsh
[0.891s] -- Up-to-date: /home/ti5/ws_moveit2/install/moveit_resources_fanuc_description/share/moveit_resources_fanuc_description/local_setup.dsv
[0.892s] -- Installing: /home/ti5/ws_moveit2/install/moveit_resources_fanuc_description/share/moveit_resources_fanuc_description/package.dsv
[0.893s] -- Up-to-date: /home/ti5/ws_moveit2/install/moveit_resources_fanuc_description/share/ament_index/resource_index/packages/moveit_resources_fanuc_description
[0.893s] -- Up-to-date: /home/ti5/ws_moveit2/install/moveit_resources_fanuc_description/share/moveit_resources_fanuc_description/cmake/moveit_resources_fanuc_descriptionConfig.cmake
[0.894s] -- Up-to-date: /home/ti5/ws_moveit2/install/moveit_resources_fanuc_description/share/moveit_resources_fanuc_description/cmake/moveit_resources_fanuc_descriptionConfig-version.cmake
[0.896s] -- Up-to-date: /home/ti5/ws_moveit2/install/moveit_resources_fanuc_description/share/moveit_resources_fanuc_description/package.xml
[0.897s] -- Up-to-date: /home/ti5/ws_moveit2/install/moveit_resources_fanuc_description/share/moveit_resources_fanuc_description/meshes
[0.899s] -- Up-to-date: /home/ti5/ws_moveit2/install/moveit_resources_fanuc_description/share/moveit_resources_fanuc_description/meshes/collision
[0.900s] -- Up-to-date: /home/ti5/ws_moveit2/install/moveit_resources_fanuc_description/share/moveit_resources_fanuc_description/meshes/collision/link_6.stl
[0.900s] -- Up-to-date: /home/ti5/ws_moveit2/install/moveit_resources_fanuc_description/share/moveit_resources_fanuc_description/meshes/collision/link_2.stl
[0.901s] -- Up-to-date: /home/ti5/ws_moveit2/install/moveit_resources_fanuc_description/share/moveit_resources_fanuc_description/meshes/collision/link_3.stl
[0.902s] -- Up-to-date: /home/ti5/ws_moveit2/install/moveit_resources_fanuc_description/share/moveit_resources_fanuc_description/meshes/collision/link_1.stl
[0.903s] -- Up-to-date: /home/ti5/ws_moveit2/install/moveit_resources_fanuc_description/share/moveit_resources_fanuc_description/meshes/collision/base_link.stl
[0.904s] -- Up-to-date: /home/ti5/ws_moveit2/install/moveit_resources_fanuc_description/share/moveit_resources_fanuc_description/meshes/collision/link_5.stl
[0.905s] -- Up-to-date: /home/ti5/ws_moveit2/install/moveit_resources_fanuc_description/share/moveit_resources_fanuc_description/meshes/collision/link_4.stl
[0.905s] -- Up-to-date: /home/ti5/ws_moveit2/install/moveit_resources_fanuc_description/share/moveit_resources_fanuc_description/meshes/visual
[0.906s] -- Up-to-date: /home/ti5/ws_moveit2/install/moveit_resources_fanuc_description/share/moveit_resources_fanuc_description/meshes/visual/link_6.stl
[0.906s] -- Up-to-date: /home/ti5/ws_moveit2/install/moveit_resources_fanuc_description/share/moveit_resources_fanuc_description/meshes/visual/link_2.stl
[0.907s] -- Up-to-date: /home/ti5/ws_moveit2/install/moveit_resources_fanuc_description/share/moveit_resources_fanuc_description/meshes/visual/link_3.stl
[0.908s] -- Up-to-date: /home/ti5/ws_moveit2/install/moveit_resources_fanuc_description/share/moveit_resources_fanuc_description/meshes/visual/link_1.stl
[0.909s] -- Up-to-date: /home/ti5/ws_moveit2/install/moveit_resources_fanuc_description/share/moveit_resources_fanuc_description/meshes/visual/base_link.stl
[0.909s] -- Up-to-date: /home/ti5/ws_moveit2/install/moveit_resources_fanuc_description/share/moveit_resources_fanuc_description/meshes/visual/link_5.stl
[0.910s] -- Up-to-date: /home/ti5/ws_moveit2/install/moveit_resources_fanuc_description/share/moveit_resources_fanuc_description/meshes/visual/link_4.stl
[0.910s] -- Up-to-date: /home/ti5/ws_moveit2/install/moveit_resources_fanuc_description/share/moveit_resources_fanuc_description/urdf
[0.910s] -- Up-to-date: /home/ti5/ws_moveit2/install/moveit_resources_fanuc_description/share/moveit_resources_fanuc_description/urdf/fanuc.urdf
[0.925s] Invoked command in '/home/ti5/ws_moveit2/build/moveit_resources_fanuc_description' returned '0': CMAKE_PREFIX_PATH=${CMAKE_PREFIX_PATH}:/home/ti5/ws_moveit2/install/moveit_configs_utils:/home/ti5/ws_moveit2/install/launch_param_builder:/opt/ros/humble /usr/bin/cmake --install /home/ti5/ws_moveit2/build/moveit_resources_fanuc_description
