[0.211s] Invoking command in '/home/ti5/ws_moveit2/build/moveit_core': CMAKE_PREFIX_PATH=/home/ti5/ws_moveit2/install/moveit_resources_panda_moveit_config:/home/ti5/ws_moveit2/install/srdfdom:/home/ti5/ws_moveit2/install/moveit_resources_pr2_description:/home/ti5/ws_moveit2/install/moveit_resources_panda_description:/home/ti5/ws_moveit2/install/moveit_common:/home/ti5/ws_moveit2/install/arm5:/home/ti5/ws_moveit2/install/arm3:/home/ti5/ws_moveit2/install/arm2:/home/ti5/ws_moveit2/install/arm1:/home/ti5/ws_moveit2/install/ti5_urdf:/home/ti5/ws_moveit2/install/pilz_industrial_motion_planner_testutils:/home/ti5/ws_moveit2/install/moveit_runtime:/home/ti5/ws_moveit2/install/moveit2_tutorials:/home/ti5/ws_moveit2/install/moveit:/home/ti5/ws_moveit2/install/moveit_planners:/home/ti5/ws_moveit2/install/pilz_industrial_motion_planner:/home/ti5/ws_moveit2/install/moveit_visual_tools:/home/ti5/ws_moveit2/install/moveit_task_constructor_visualization:/home/ti5/ws_moveit2/install/moveit_task_constructor_demo:/home/ti5/ws_moveit2/install/moveit_task_constructor_capabilities:/home/ti5/ws_moveit2/install/moveit_task_constructor_core:/home/ti5/ws_moveit2/install/moveit_ros_control_interface:/home/ti5/ws_moveit2/install/moveit_plugins:/home/ti5/ws_moveit2/install/moveit_simple_controller_manager:/home/ti5/ws_moveit2/install/moveit_setup_assistant:/home/ti5/ws_moveit2/install/moveit_setup_srdf_plugins:/home/ti5/ws_moveit2/install/moveit_setup_core_plugins:/home/ti5/ws_moveit2/install/moveit_setup_controllers:/home/ti5/ws_moveit2/install/moveit_setup_app_plugins:/home/ti5/ws_moveit2/install/moveit_setup_framework:/home/ti5/ws_moveit2/install/moveit_servo:/home/ti5/ws_moveit2/install/moveit_ros:/home/ti5/ws_moveit2/install/moveit_ros_visualization:/home/ti5/ws_moveit2/install/moveit_hybrid_planning:/home/ti5/ws_moveit2/install/moveit_ros_planning_interface:/home/ti5/ws_moveit2/install/moveit_ros_benchmarks:/home/ti5/ws_moveit2/install/moveit_ros_warehouse:/home/ti5/ws_moveit2/install/moveit_ros_robot_interaction:/home/ti5/ws_moveit2/install/moveit_ros_perception:/home/ti5/ws_moveit2/install/moveit_resources_prbt_pg70_support:/home/ti5/ws_moveit2/install/moveit_resources_prbt_moveit_config:/home/ti5/ws_moveit2/install/moveit_ros_move_group:/home/ti5/ws_moveit2/install/moveit_planners_ompl:/home/ti5/ws_moveit2/install/moveit_ros_planning:/home/ti5/ws_moveit2/install/moveit_ros_occupancy_map_monitor:/home/ti5/ws_moveit2/install/moveit_resources_prbt_ikfast_manipulator_plugin:/home/ti5/ws_moveit2/install/moveit_planners_chomp:/home/ti5/ws_moveit2/install/moveit_kinematics:/home/ti5/ws_moveit2/install/moveit_chomp_optimizer_adapter:/home/ti5/ws_moveit2/install/chomp_motion_planner:/home/ti5/ws_moveit2/install/moveit_core:/home/ti5/ws_moveit2/install/rviz_marker_tools:/home/ti5/ws_moveit2/install/rosparam_shortcuts:/home/ti5/ws_moveit2/install/moveit_task_constructor_msgs:/home/ti5/ws_moveit2/install/moveit_resources_prbt_support:/home/ti5/ws_moveit2/install/moveit_resources:/home/ti5/ws_moveit2/install/moveit_resources_fanuc_moveit_config:/home/ti5/ws_moveit2/install/moveit_resources_fanuc_description:/home/ti5/ws_moveit2/install/demo:/home/ti5/ws_moveit2/install/moveit_configs_utils:/home/ti5/ws_moveit2/install/launch_param_builder:/opt/ros/humble LD_LIBRARY_PATH=/home/ti5/ws_moveit2/install/srdfdom/lib:/home/ti5/ws_moveit2/install/pilz_industrial_motion_planner_testutils/lib:/home/ti5/ws_moveit2/install/pilz_industrial_motion_planner/lib:/home/ti5/ws_moveit2/install/moveit_visual_tools/lib:/home/ti5/ws_moveit2/install/moveit_task_constructor_visualization/lib:/home/ti5/ws_moveit2/install/moveit_task_constructor_demo/lib:/home/ti5/ws_moveit2/install/moveit_task_constructor_capabilities/lib:/home/ti5/ws_moveit2/install/moveit_task_constructor_core/lib:/home/ti5/ws_moveit2/install/moveit_ros_control_interface/lib:/home/ti5/ws_moveit2/install/moveit_simple_controller_manager/lib:/home/ti5/ws_moveit2/install/moveit_setup_assistant/lib:/home/ti5/ws_moveit2/install/moveit_setup_srdf_plugins/lib:/home/ti5/ws_moveit2/install/moveit_setup_core_plugins/lib:/home/ti5/ws_moveit2/install/moveit_setup_controllers/lib:/home/ti5/ws_moveit2/install/moveit_setup_app_plugins/lib:/home/ti5/ws_moveit2/install/moveit_setup_framework/lib:/home/ti5/ws_moveit2/install/moveit_servo/lib:/home/ti5/ws_moveit2/install/moveit_ros_visualization/lib:/home/ti5/ws_moveit2/install/moveit_hybrid_planning/lib:/home/ti5/ws_moveit2/install/moveit_ros_planning_interface/lib:/home/ti5/ws_moveit2/install/moveit_ros_benchmarks/lib:/home/ti5/ws_moveit2/install/moveit_ros_warehouse/lib:/home/ti5/ws_moveit2/install/moveit_ros_robot_interaction/lib:/home/ti5/ws_moveit2/install/moveit_ros_perception/lib:/home/ti5/ws_moveit2/install/moveit_ros_move_group/lib:/home/ti5/ws_moveit2/install/moveit_planners_ompl/lib:/home/ti5/ws_moveit2/install/moveit_ros_planning/lib:/home/ti5/ws_moveit2/install/moveit_ros_occupancy_map_monitor/lib:/home/ti5/ws_moveit2/install/moveit_resources_prbt_ikfast_manipulator_plugin/lib:/home/ti5/ws_moveit2/install/moveit_planners_chomp/lib:/home/ti5/ws_moveit2/install/moveit_kinematics/lib:/home/ti5/ws_moveit2/install/moveit_chomp_optimizer_adapter/lib:/home/ti5/ws_moveit2/install/chomp_motion_planner/lib:/home/ti5/ws_moveit2/install/moveit_core/lib:/home/ti5/ws_moveit2/install/rviz_marker_tools/lib:/home/ti5/ws_moveit2/install/rosparam_shortcuts/lib:/home/ti5/ws_moveit2/install/moveit_task_constructor_msgs/lib:/opt/ros/humble/opt/rviz_ogre_vendor/lib:/opt/ros/humble/lib/x86_64-linux-gnu:/opt/ros/humble/lib /usr/bin/cmake --build /home/ti5/ws_moveit2/build/moveit_core -- -j4 -l4
[1.092s] [  1%] Built target moveit_transforms
[1.501s] [  3%] Built target moveit_distance_field
[1.791s] [  5%] Built target moveit_utils
[2.069s] [  6%] Built target gtest
[2.417s] [  7%] Built target gtest_main
[2.738s] [  9%] Built target gmock
[3.078s] [ 10%] Built target gmock_main
[3.365s] [ 11%] Built target test_voxel_grid
[3.734s] [ 12%] Built target test_distance_field
[3.985s] [ 13%] Built target moveit_smoothing_base
[4.217s] [ 14%] Built target moveit_butterworth_parameters
[4.549s] [ 15%] Built target test_transforms
[4.724s] [ 17%] Built target moveit_version
[5.035s] [ 18%] Built target moveit_kinematics_base
[5.386s] [ 19%] Built target moveit_exceptions
[5.982s] [ 26%] Built target moveit_robot_model
[6.608s] [ 29%] Built target moveit_robot_state
[6.875s] [ 30%] Built target moveit_butterworth_filter
[7.180s] [ 31%] Built target moveit_robot_trajectory
[7.540s] [ 33%] Built target moveit_dynamics_solver
[7.869s] [ 34%] Built target moveit_kinematics_metrics
[8.288s] [ 35%] Built target test_butterworth_filter
[8.801s] [ 37%] Built target moveit_planning_interface
[9.300s] [ 41%] Built target moveit_trajectory_processing
[9.699s] [ 47%] Built target moveit_collision_detection
[10.043s] [ 48%] Built target moveit_test_utils
[10.344s] [ 50%] Built target test_world_diff
[10.729s] [ 51%] Built target test_all_valid
[11.174s] [ 56%] Built target moveit_collision_detection_bullet
[11.460s] [ 57%] Built target test_robot_model
[12.004s] [ 59%] Built target test_robot_state
[12.391s] [ 60%] Built target test_robot_state_benchmark
[12.707s] [ 61%] Built target test_robot_state_complex
[12.971s] [ 62%] Built target test_aabb
[13.248s] [ 63%] Built target test_cartesian_interpolator
[13.506s] [ 64%] Built target test_robot_trajectory
[13.740s] [ 65%] Built target test_time_parameterization
[13.989s] [ 67%] Built target test_time_optimal_trajectory_generation
[14.262s] [ 68%] Built target test_ruckig_traj_smoothing
[14.565s] [ 69%] Built target test_bullet_collision_detection
[14.909s] [ 70%] Built target test_bullet_collision_detection_panda
[15.161s] [ 72%] Built target test_bullet_continuous_collision_checking
[15.390s] [ 73%] Built target test_world
[15.648s] [ 75%] Built target moveit_collision_detection_fcl
[15.953s] [ 77%] Built target moveit_kinematic_constraints
[16.336s] [ 78%] Built target test_fcl_collision_detection_panda
[16.625s] [ 79%] Built target moveit_planning_scene
[16.877s] [ 80%] Built target test_constraints
[17.226s] [ 81%] Built target test_orientation_constraints
[17.556s] [ 82%] Built target moveit_planning_request_adapter
[17.842s] [ 83%] Built target test_planning_scene
[18.079s] [ 84%] Built target test_collision_objects
[18.334s] [ 85%] Built target test_multi_threaded
[18.597s] [ 86%] Built target collision_detector_bullet_plugin
[18.854s] [ 87%] Built target collision_detector_fcl_plugin
[19.145s] [ 90%] Built target moveit_collision_distance_field
[19.422s] [ 93%] Built target moveit_constraint_samplers
[19.691s] [ 94%] Built target test_collision_distance_field
[20.028s] [ 97%] Built target test_constraint_samplers
[20.348s] [ 98%] Built target test_fcl_collision_detection
[20.644s] [100%] Built target test_fcl_collision_env
[20.733s] Invoked command in '/home/ti5/ws_moveit2/build/moveit_core' returned '0': CMAKE_PREFIX_PATH=/home/ti5/ws_moveit2/install/moveit_resources_panda_moveit_config:/home/ti5/ws_moveit2/install/srdfdom:/home/ti5/ws_moveit2/install/moveit_resources_pr2_description:/home/ti5/ws_moveit2/install/moveit_resources_panda_description:/home/ti5/ws_moveit2/install/moveit_common:/home/ti5/ws_moveit2/install/arm5:/home/ti5/ws_moveit2/install/arm3:/home/ti5/ws_moveit2/install/arm2:/home/ti5/ws_moveit2/install/arm1:/home/ti5/ws_moveit2/install/ti5_urdf:/home/ti5/ws_moveit2/install/pilz_industrial_motion_planner_testutils:/home/ti5/ws_moveit2/install/moveit_runtime:/home/ti5/ws_moveit2/install/moveit2_tutorials:/home/ti5/ws_moveit2/install/moveit:/home/ti5/ws_moveit2/install/moveit_planners:/home/ti5/ws_moveit2/install/pilz_industrial_motion_planner:/home/ti5/ws_moveit2/install/moveit_visual_tools:/home/ti5/ws_moveit2/install/moveit_task_constructor_visualization:/home/ti5/ws_moveit2/install/moveit_task_constructor_demo:/home/ti5/ws_moveit2/install/moveit_task_constructor_capabilities:/home/ti5/ws_moveit2/install/moveit_task_constructor_core:/home/ti5/ws_moveit2/install/moveit_ros_control_interface:/home/ti5/ws_moveit2/install/moveit_plugins:/home/ti5/ws_moveit2/install/moveit_simple_controller_manager:/home/ti5/ws_moveit2/install/moveit_setup_assistant:/home/ti5/ws_moveit2/install/moveit_setup_srdf_plugins:/home/ti5/ws_moveit2/install/moveit_setup_core_plugins:/home/ti5/ws_moveit2/install/moveit_setup_controllers:/home/ti5/ws_moveit2/install/moveit_setup_app_plugins:/home/ti5/ws_moveit2/install/moveit_setup_framework:/home/ti5/ws_moveit2/install/moveit_servo:/home/ti5/ws_moveit2/install/moveit_ros:/home/ti5/ws_moveit2/install/moveit_ros_visualization:/home/ti5/ws_moveit2/install/moveit_hybrid_planning:/home/ti5/ws_moveit2/install/moveit_ros_planning_interface:/home/ti5/ws_moveit2/install/moveit_ros_benchmarks:/home/ti5/ws_moveit2/install/moveit_ros_warehouse:/home/ti5/ws_moveit2/install/moveit_ros_robot_interaction:/home/ti5/ws_moveit2/install/moveit_ros_perception:/home/ti5/ws_moveit2/install/moveit_resources_prbt_pg70_support:/home/ti5/ws_moveit2/install/moveit_resources_prbt_moveit_config:/home/ti5/ws_moveit2/install/moveit_ros_move_group:/home/ti5/ws_moveit2/install/moveit_planners_ompl:/home/ti5/ws_moveit2/install/moveit_ros_planning:/home/ti5/ws_moveit2/install/moveit_ros_occupancy_map_monitor:/home/ti5/ws_moveit2/install/moveit_resources_prbt_ikfast_manipulator_plugin:/home/ti5/ws_moveit2/install/moveit_planners_chomp:/home/ti5/ws_moveit2/install/moveit_kinematics:/home/ti5/ws_moveit2/install/moveit_chomp_optimizer_adapter:/home/ti5/ws_moveit2/install/chomp_motion_planner:/home/ti5/ws_moveit2/install/moveit_core:/home/ti5/ws_moveit2/install/rviz_marker_tools:/home/ti5/ws_moveit2/install/rosparam_shortcuts:/home/ti5/ws_moveit2/install/moveit_task_constructor_msgs:/home/ti5/ws_moveit2/install/moveit_resources_prbt_support:/home/ti5/ws_moveit2/install/moveit_resources:/home/ti5/ws_moveit2/install/moveit_resources_fanuc_moveit_config:/home/ti5/ws_moveit2/install/moveit_resources_fanuc_description:/home/ti5/ws_moveit2/install/demo:/home/ti5/ws_moveit2/install/moveit_configs_utils:/home/ti5/ws_moveit2/install/launch_param_builder:/opt/ros/humble LD_LIBRARY_PATH=/home/ti5/ws_moveit2/install/srdfdom/lib:/home/ti5/ws_moveit2/install/pilz_industrial_motion_planner_testutils/lib:/home/ti5/ws_moveit2/install/pilz_industrial_motion_planner/lib:/home/ti5/ws_moveit2/install/moveit_visual_tools/lib:/home/ti5/ws_moveit2/install/moveit_task_constructor_visualization/lib:/home/ti5/ws_moveit2/install/moveit_task_constructor_demo/lib:/home/ti5/ws_moveit2/install/moveit_task_constructor_capabilities/lib:/home/ti5/ws_moveit2/install/moveit_task_constructor_core/lib:/home/ti5/ws_moveit2/install/moveit_ros_control_interface/lib:/home/ti5/ws_moveit2/install/moveit_simple_controller_manager/lib:/home/ti5/ws_moveit2/install/moveit_setup_assistant/lib:/home/ti5/ws_moveit2/install/moveit_setup_srdf_plugins/lib:/home/ti5/ws_moveit2/install/moveit_setup_core_plugins/lib:/home/ti5/ws_moveit2/install/moveit_setup_controllers/lib:/home/ti5/ws_moveit2/install/moveit_setup_app_plugins/lib:/home/ti5/ws_moveit2/install/moveit_setup_framework/lib:/home/ti5/ws_moveit2/install/moveit_servo/lib:/home/ti5/ws_moveit2/install/moveit_ros_visualization/lib:/home/ti5/ws_moveit2/install/moveit_hybrid_planning/lib:/home/ti5/ws_moveit2/install/moveit_ros_planning_interface/lib:/home/ti5/ws_moveit2/install/moveit_ros_benchmarks/lib:/home/ti5/ws_moveit2/install/moveit_ros_warehouse/lib:/home/ti5/ws_moveit2/install/moveit_ros_robot_interaction/lib:/home/ti5/ws_moveit2/install/moveit_ros_perception/lib:/home/ti5/ws_moveit2/install/moveit_ros_move_group/lib:/home/ti5/ws_moveit2/install/moveit_planners_ompl/lib:/home/ti5/ws_moveit2/install/moveit_ros_planning/lib:/home/ti5/ws_moveit2/install/moveit_ros_occupancy_map_monitor/lib:/home/ti5/ws_moveit2/install/moveit_resources_prbt_ikfast_manipulator_plugin/lib:/home/ti5/ws_moveit2/install/moveit_planners_chomp/lib:/home/ti5/ws_moveit2/install/moveit_kinematics/lib:/home/ti5/ws_moveit2/install/moveit_chomp_optimizer_adapter/lib:/home/ti5/ws_moveit2/install/chomp_motion_planner/lib:/home/ti5/ws_moveit2/install/moveit_core/lib:/home/ti5/ws_moveit2/install/rviz_marker_tools/lib:/home/ti5/ws_moveit2/install/rosparam_shortcuts/lib:/home/ti5/ws_moveit2/install/moveit_task_constructor_msgs/lib:/opt/ros/humble/opt/rviz_ogre_vendor/lib:/opt/ros/humble/lib/x86_64-linux-gnu:/opt/ros/humble/lib /usr/bin/cmake --build /home/ti5/ws_moveit2/build/moveit_core -- -j4 -l4
[21.628s] Invoking command in '/home/ti5/ws_moveit2/build/moveit_core': CMAKE_PREFIX_PATH=/home/ti5/ws_moveit2/install/moveit_resources_panda_moveit_config:/home/ti5/ws_moveit2/install/srdfdom:/home/ti5/ws_moveit2/install/moveit_resources_pr2_description:/home/ti5/ws_moveit2/install/moveit_resources_panda_description:/home/ti5/ws_moveit2/install/moveit_common:/home/ti5/ws_moveit2/install/arm5:/home/ti5/ws_moveit2/install/arm3:/home/ti5/ws_moveit2/install/arm2:/home/ti5/ws_moveit2/install/arm1:/home/ti5/ws_moveit2/install/ti5_urdf:/home/ti5/ws_moveit2/install/pilz_industrial_motion_planner_testutils:/home/ti5/ws_moveit2/install/moveit_runtime:/home/ti5/ws_moveit2/install/moveit2_tutorials:/home/ti5/ws_moveit2/install/moveit:/home/ti5/ws_moveit2/install/moveit_planners:/home/ti5/ws_moveit2/install/pilz_industrial_motion_planner:/home/ti5/ws_moveit2/install/moveit_visual_tools:/home/ti5/ws_moveit2/install/moveit_task_constructor_visualization:/home/ti5/ws_moveit2/install/moveit_task_constructor_demo:/home/ti5/ws_moveit2/install/moveit_task_constructor_capabilities:/home/ti5/ws_moveit2/install/moveit_task_constructor_core:/home/ti5/ws_moveit2/install/moveit_ros_control_interface:/home/ti5/ws_moveit2/install/moveit_plugins:/home/ti5/ws_moveit2/install/moveit_simple_controller_manager:/home/ti5/ws_moveit2/install/moveit_setup_assistant:/home/ti5/ws_moveit2/install/moveit_setup_srdf_plugins:/home/ti5/ws_moveit2/install/moveit_setup_core_plugins:/home/ti5/ws_moveit2/install/moveit_setup_controllers:/home/ti5/ws_moveit2/install/moveit_setup_app_plugins:/home/ti5/ws_moveit2/install/moveit_setup_framework:/home/ti5/ws_moveit2/install/moveit_servo:/home/ti5/ws_moveit2/install/moveit_ros:/home/ti5/ws_moveit2/install/moveit_ros_visualization:/home/ti5/ws_moveit2/install/moveit_hybrid_planning:/home/ti5/ws_moveit2/install/moveit_ros_planning_interface:/home/ti5/ws_moveit2/install/moveit_ros_benchmarks:/home/ti5/ws_moveit2/install/moveit_ros_warehouse:/home/ti5/ws_moveit2/install/moveit_ros_robot_interaction:/home/ti5/ws_moveit2/install/moveit_ros_perception:/home/ti5/ws_moveit2/install/moveit_resources_prbt_pg70_support:/home/ti5/ws_moveit2/install/moveit_resources_prbt_moveit_config:/home/ti5/ws_moveit2/install/moveit_ros_move_group:/home/ti5/ws_moveit2/install/moveit_planners_ompl:/home/ti5/ws_moveit2/install/moveit_ros_planning:/home/ti5/ws_moveit2/install/moveit_ros_occupancy_map_monitor:/home/ti5/ws_moveit2/install/moveit_resources_prbt_ikfast_manipulator_plugin:/home/ti5/ws_moveit2/install/moveit_planners_chomp:/home/ti5/ws_moveit2/install/moveit_kinematics:/home/ti5/ws_moveit2/install/moveit_chomp_optimizer_adapter:/home/ti5/ws_moveit2/install/chomp_motion_planner:/home/ti5/ws_moveit2/install/moveit_core:/home/ti5/ws_moveit2/install/rviz_marker_tools:/home/ti5/ws_moveit2/install/rosparam_shortcuts:/home/ti5/ws_moveit2/install/moveit_task_constructor_msgs:/home/ti5/ws_moveit2/install/moveit_resources_prbt_support:/home/ti5/ws_moveit2/install/moveit_resources:/home/ti5/ws_moveit2/install/moveit_resources_fanuc_moveit_config:/home/ti5/ws_moveit2/install/moveit_resources_fanuc_description:/home/ti5/ws_moveit2/install/demo:/home/ti5/ws_moveit2/install/moveit_configs_utils:/home/ti5/ws_moveit2/install/launch_param_builder:/opt/ros/humble LD_LIBRARY_PATH=/home/ti5/ws_moveit2/install/srdfdom/lib:/home/ti5/ws_moveit2/install/pilz_industrial_motion_planner_testutils/lib:/home/ti5/ws_moveit2/install/pilz_industrial_motion_planner/lib:/home/ti5/ws_moveit2/install/moveit_visual_tools/lib:/home/ti5/ws_moveit2/install/moveit_task_constructor_visualization/lib:/home/ti5/ws_moveit2/install/moveit_task_constructor_demo/lib:/home/ti5/ws_moveit2/install/moveit_task_constructor_capabilities/lib:/home/ti5/ws_moveit2/install/moveit_task_constructor_core/lib:/home/ti5/ws_moveit2/install/moveit_ros_control_interface/lib:/home/ti5/ws_moveit2/install/moveit_simple_controller_manager/lib:/home/ti5/ws_moveit2/install/moveit_setup_assistant/lib:/home/ti5/ws_moveit2/install/moveit_setup_srdf_plugins/lib:/home/ti5/ws_moveit2/install/moveit_setup_core_plugins/lib:/home/ti5/ws_moveit2/install/moveit_setup_controllers/lib:/home/ti5/ws_moveit2/install/moveit_setup_app_plugins/lib:/home/ti5/ws_moveit2/install/moveit_setup_framework/lib:/home/ti5/ws_moveit2/install/moveit_servo/lib:/home/ti5/ws_moveit2/install/moveit_ros_visualization/lib:/home/ti5/ws_moveit2/install/moveit_hybrid_planning/lib:/home/ti5/ws_moveit2/install/moveit_ros_planning_interface/lib:/home/ti5/ws_moveit2/install/moveit_ros_benchmarks/lib:/home/ti5/ws_moveit2/install/moveit_ros_warehouse/lib:/home/ti5/ws_moveit2/install/moveit_ros_robot_interaction/lib:/home/ti5/ws_moveit2/install/moveit_ros_perception/lib:/home/ti5/ws_moveit2/install/moveit_ros_move_group/lib:/home/ti5/ws_moveit2/install/moveit_planners_ompl/lib:/home/ti5/ws_moveit2/install/moveit_ros_planning/lib:/home/ti5/ws_moveit2/install/moveit_ros_occupancy_map_monitor/lib:/home/ti5/ws_moveit2/install/moveit_resources_prbt_ikfast_manipulator_plugin/lib:/home/ti5/ws_moveit2/install/moveit_planners_chomp/lib:/home/ti5/ws_moveit2/install/moveit_kinematics/lib:/home/ti5/ws_moveit2/install/moveit_chomp_optimizer_adapter/lib:/home/ti5/ws_moveit2/install/chomp_motion_planner/lib:/home/ti5/ws_moveit2/install/moveit_core/lib:/home/ti5/ws_moveit2/install/rviz_marker_tools/lib:/home/ti5/ws_moveit2/install/rosparam_shortcuts/lib:/home/ti5/ws_moveit2/install/moveit_task_constructor_msgs/lib:/opt/ros/humble/opt/rviz_ogre_vendor/lib:/opt/ros/humble/lib/x86_64-linux-gnu:/opt/ros/humble/lib /usr/bin/cmake --install /home/ti5/ws_moveit2/build/moveit_core
[21.704s] -- Install configuration: "Release"
[21.707s] -- Up-to-date: /home/ti5/ws_moveit2/install/moveit_core/include/moveit/version.h
[21.708s] -- Up-to-date: /home/ti5/ws_moveit2/install/moveit_core/include
[21.709s] -- Up-to-date: /home/ti5/ws_moveit2/install/moveit_core/include/moveit
[21.711s] -- Up-to-date: /home/ti5/ws_moveit2/install/moveit_core/include/moveit/collision_distance_field
[21.711s] -- Up-to-date: /home/ti5/ws_moveit2/install/moveit_core/include/moveit/collision_distance_field/collision_common_distance_field.h
[21.712s] -- Up-to-date: /home/ti5/ws_moveit2/install/moveit_core/include/moveit/collision_distance_field/collision_detector_allocator_hybrid.h
[21.714s] -- Up-to-date: /home/ti5/ws_moveit2/install/moveit_core/include/moveit/collision_distance_field/collision_env_distance_field.h
[21.717s] -- Up-to-date: /home/ti5/ws_moveit2/install/moveit_core/include/moveit/collision_distance_field/collision_env_hybrid.h
[21.719s] -- Up-to-date: /home/ti5/ws_moveit2/install/moveit_core/include/moveit/collision_distance_field/collision_detector_allocator_distance_field.h
[21.720s] -- Up-to-date: /home/ti5/ws_moveit2/install/moveit_core/include/moveit/collision_distance_field/collision_distance_field_types.h
[21.721s] -- Up-to-date: /home/ti5/ws_moveit2/install/moveit_core/include/moveit_collision_distance_field_export.h
[21.722s] -- Up-to-date: /home/ti5/ws_moveit2/install/moveit_core/include
[21.723s] -- Up-to-date: /home/ti5/ws_moveit2/install/moveit_core/include/moveit
[21.724s] -- Up-to-date: /home/ti5/ws_moveit2/install/moveit_core/include/moveit/constraint_samplers
[21.726s] -- Up-to-date: /home/ti5/ws_moveit2/install/moveit_core/include/moveit/constraint_samplers/constraint_sampler_allocator.h
[21.727s] -- Up-to-date: /home/ti5/ws_moveit2/install/moveit_core/include/moveit/constraint_samplers/constraint_sampler_tools.h
[21.728s] -- Up-to-date: /home/ti5/ws_moveit2/install/moveit_core/include/moveit/constraint_samplers/constraint_sampler.h
[21.729s] -- Up-to-date: /home/ti5/ws_moveit2/install/moveit_core/include/moveit/constraint_samplers/default_constraint_samplers.h
[21.730s] -- Up-to-date: /home/ti5/ws_moveit2/install/moveit_core/include/moveit/constraint_samplers/constraint_sampler_manager.h
[21.730s] -- Up-to-date: /home/ti5/ws_moveit2/install/moveit_core/include/moveit/constraint_samplers/union_constraint_sampler.h
[21.732s] -- Up-to-date: /home/ti5/ws_moveit2/install/moveit_core/include
[21.732s] -- Up-to-date: /home/ti5/ws_moveit2/install/moveit_core/include/moveit
[21.734s] -- Up-to-date: /home/ti5/ws_moveit2/install/moveit_core/include/moveit/controller_manager
[21.735s] -- Up-to-date: /home/ti5/ws_moveit2/install/moveit_core/include/moveit/controller_manager/controller_manager.h
[21.737s] -- Up-to-date: /home/ti5/ws_moveit2/install/moveit_core/include
[21.737s] -- Up-to-date: /home/ti5/ws_moveit2/install/moveit_core/include/moveit
[21.738s] -- Up-to-date: /home/ti5/ws_moveit2/install/moveit_core/include/moveit/distance_field
[21.740s] -- Up-to-date: /home/ti5/ws_moveit2/install/moveit_core/include/moveit/distance_field/propagation_distance_field.h
[21.741s] -- Up-to-date: /home/ti5/ws_moveit2/install/moveit_core/include/moveit/distance_field/distance_field.h
[21.741s] -- Up-to-date: /home/ti5/ws_moveit2/install/moveit_core/include/moveit/distance_field/find_internal_points.h
[21.742s] -- Up-to-date: /home/ti5/ws_moveit2/install/moveit_core/include/moveit/distance_field/voxel_grid.h
[21.743s] -- Up-to-date: /home/ti5/ws_moveit2/install/moveit_core/include
[21.744s] -- Up-to-date: /home/ti5/ws_moveit2/install/moveit_core/include/moveit
[21.745s] -- Up-to-date: /home/ti5/ws_moveit2/install/moveit_core/include/moveit/dynamics_solver
[21.747s] -- Up-to-date: /home/ti5/ws_moveit2/install/moveit_core/include/moveit/dynamics_solver/dynamics_solver.h
[21.749s] -- Up-to-date: /home/ti5/ws_moveit2/install/moveit_core/include
[21.749s] -- Up-to-date: /home/ti5/ws_moveit2/install/moveit_core/include/moveit
[21.751s] -- Up-to-date: /home/ti5/ws_moveit2/install/moveit_core/include/moveit/exceptions
[21.752s] -- Up-to-date: /home/ti5/ws_moveit2/install/moveit_core/include/moveit/exceptions/exceptions.h
[21.753s] -- Up-to-date: /home/ti5/ws_moveit2/install/moveit_core/include
[21.754s] -- Up-to-date: /home/ti5/ws_moveit2/install/moveit_core/include/moveit
[21.755s] -- Up-to-date: /home/ti5/ws_moveit2/install/moveit_core/include/moveit/kinematics_base
[21.758s] -- Up-to-date: /home/ti5/ws_moveit2/install/moveit_core/include/moveit/kinematics_base/kinematics_base.h
[21.758s] -- Up-to-date: /home/ti5/ws_moveit2/install/moveit_core/include/moveit_kinematics_base_export.h
[21.759s] -- Up-to-date: /home/ti5/ws_moveit2/install/moveit_core/include
[21.759s] -- Up-to-date: /home/ti5/ws_moveit2/install/moveit_core/include/moveit
[21.760s] -- Up-to-date: /home/ti5/ws_moveit2/install/moveit_core/include/moveit/kinematic_constraints
[21.761s] -- Up-to-date: /home/ti5/ws_moveit2/install/moveit_core/include/moveit/kinematic_constraints/kinematic_constraint.h
[21.761s] -- Up-to-date: /home/ti5/ws_moveit2/install/moveit_core/include/moveit/kinematic_constraints/utils.h
[21.762s] -- Up-to-date: /home/ti5/ws_moveit2/install/moveit_core/include
[21.764s] -- Up-to-date: /home/ti5/ws_moveit2/install/moveit_core/include/moveit
[21.766s] -- Up-to-date: /home/ti5/ws_moveit2/install/moveit_core/include/moveit/kinematics_metrics
[21.770s] -- Up-to-date: /home/ti5/ws_moveit2/install/moveit_core/include/moveit/kinematics_metrics/kinematics_metrics.h
[21.771s] -- Up-to-date: /home/ti5/ws_moveit2/install/moveit_core/include
[21.772s] -- Up-to-date: /home/ti5/ws_moveit2/install/moveit_core/include/moveit
[21.773s] -- Up-to-date: /home/ti5/ws_moveit2/install/moveit_core/include/moveit/macros
[21.773s] -- Up-to-date: /home/ti5/ws_moveit2/install/moveit_core/include/moveit/macros/declare_ptr.h
[21.774s] -- Up-to-date: /home/ti5/ws_moveit2/install/moveit_core/include/moveit/macros/class_forward.h
[21.774s] -- Up-to-date: /home/ti5/ws_moveit2/install/moveit_core/include/moveit/macros/console_colors.h
[21.776s] -- Up-to-date: /home/ti5/ws_moveit2/install/moveit_core/include/moveit/macros/deprecation.h
[21.777s] -- Up-to-date: /home/ti5/ws_moveit2/install/moveit_core/include/moveit_butterworth_parameters
[21.777s] -- Up-to-date: /home/ti5/ws_moveit2/install/moveit_core/include/moveit_butterworth_parameters/moveit_butterworth_parameters.hpp
[21.778s] -- Up-to-date: /home/ti5/ws_moveit2/install/moveit_core/include
[21.779s] -- Up-to-date: /home/ti5/ws_moveit2/install/moveit_core/include/moveit
[21.780s] -- Up-to-date: /home/ti5/ws_moveit2/install/moveit_core/include/moveit/online_signal_smoothing
[21.780s] -- Up-to-date: /home/ti5/ws_moveit2/install/moveit_core/include/moveit/online_signal_smoothing/butterworth_filter.h
[21.781s] -- Up-to-date: /home/ti5/ws_moveit2/install/moveit_core/include/moveit/online_signal_smoothing/smoothing_base_class.h
[21.782s] -- Up-to-date: /home/ti5/ws_moveit2/install/moveit_core/include/moveit_smoothing_base_export.h
[21.782s] -- Up-to-date: /home/ti5/ws_moveit2/install/moveit_core/include/moveit_butterworth_filter_export.h
[21.783s] -- Up-to-date: /home/ti5/ws_moveit2/install/moveit_core/include
[21.784s] -- Up-to-date: /home/ti5/ws_moveit2/install/moveit_core/include/moveit
[21.785s] -- Up-to-date: /home/ti5/ws_moveit2/install/moveit_core/include/moveit/planning_interface
[21.786s] -- Up-to-date: /home/ti5/ws_moveit2/install/moveit_core/include/moveit/planning_interface/planning_request.h
[21.786s] -- Up-to-date: /home/ti5/ws_moveit2/install/moveit_core/include/moveit/planning_interface/planning_interface.h
[21.787s] -- Up-to-date: /home/ti5/ws_moveit2/install/moveit_core/include/moveit/planning_interface/planning_response.h
[21.788s] -- Up-to-date: /home/ti5/ws_moveit2/install/moveit_core/include
[21.789s] -- Up-to-date: /home/ti5/ws_moveit2/install/moveit_core/include/moveit
[21.790s] -- Up-to-date: /home/ti5/ws_moveit2/install/moveit_core/include/moveit/planning_request_adapter
[21.792s] -- Up-to-date: /home/ti5/ws_moveit2/install/moveit_core/include/moveit/planning_request_adapter/planning_request_adapter.h
[21.793s] -- Up-to-date: /home/ti5/ws_moveit2/install/moveit_core/include
[21.794s] -- Up-to-date: /home/ti5/ws_moveit2/install/moveit_core/include/moveit
[21.795s] -- Up-to-date: /home/ti5/ws_moveit2/install/moveit_core/include/moveit/planning_scene
[21.799s] -- Up-to-date: /home/ti5/ws_moveit2/install/moveit_core/include/moveit/planning_scene/planning_scene.h
[21.800s] -- Up-to-date: /home/ti5/ws_moveit2/install/moveit_core/include/moveit_planning_scene_export.h
[21.801s] -- Up-to-date: /home/ti5/ws_moveit2/install/moveit_core/include
[21.802s] -- Up-to-date: /home/ti5/ws_moveit2/install/moveit_core/include/moveit
[21.802s] -- Up-to-date: /home/ti5/ws_moveit2/install/moveit_core/include/moveit/robot_model
[21.804s] -- Up-to-date: /home/ti5/ws_moveit2/install/moveit_core/include/moveit/robot_model/floating_joint_model.h
[21.806s] -- Up-to-date: /home/ti5/ws_moveit2/install/moveit_core/include/moveit/robot_model/fixed_joint_model.h
[21.807s] -- Up-to-date: /home/ti5/ws_moveit2/install/moveit_core/include/moveit/robot_model/joint_model.h
[21.807s] -- Up-to-date: /home/ti5/ws_moveit2/install/moveit_core/include/moveit/robot_model/aabb.h
[21.808s] -- Up-to-date: /home/ti5/ws_moveit2/install/moveit_core/include/moveit/robot_model/planar_joint_model.h
[21.808s] -- Up-to-date: /home/ti5/ws_moveit2/install/moveit_core/include/moveit/robot_model/link_model.h
[21.811s] -- Up-to-date: /home/ti5/ws_moveit2/install/moveit_core/include/moveit/robot_model/revolute_joint_model.h
[21.812s] -- Up-to-date: /home/ti5/ws_moveit2/install/moveit_core/include/moveit/robot_model/prismatic_joint_model.h
[21.814s] -- Up-to-date: /home/ti5/ws_moveit2/install/moveit_core/include/moveit/robot_model/robot_model.h
[21.814s] -- Up-to-date: /home/ti5/ws_moveit2/install/moveit_core/include/moveit/robot_model/joint_model_group.h
[21.815s] -- Up-to-date: /home/ti5/ws_moveit2/install/moveit_core/include
[21.816s] -- Up-to-date: /home/ti5/ws_moveit2/install/moveit_core/include/moveit
[21.817s] -- Up-to-date: /home/ti5/ws_moveit2/install/moveit_core/include/moveit/robot_state
[21.818s] -- Up-to-date: /home/ti5/ws_moveit2/install/moveit_core/include/moveit/robot_state/attached_body.h
[21.818s] -- Up-to-date: /home/ti5/ws_moveit2/install/moveit_core/include/moveit/robot_state/robot_state.h
[21.819s] -- Up-to-date: /home/ti5/ws_moveit2/install/moveit_core/include/moveit/robot_state/conversions.h
[21.820s] -- Up-to-date: /home/ti5/ws_moveit2/install/moveit_core/include/moveit/robot_state/cartesian_interpolator.h
[21.820s] -- Up-to-date: /home/ti5/ws_moveit2/install/moveit_core/include
[21.821s] -- Up-to-date: /home/ti5/ws_moveit2/install/moveit_core/include/moveit
[21.822s] -- Up-to-date: /home/ti5/ws_moveit2/install/moveit_core/include/moveit/robot_trajectory
[21.822s] -- Up-to-date: /home/ti5/ws_moveit2/install/moveit_core/include/moveit/robot_trajectory/robot_trajectory.h
[21.823s] -- Up-to-date: /home/ti5/ws_moveit2/install/moveit_core/include
[21.824s] -- Up-to-date: /home/ti5/ws_moveit2/install/moveit_core/include/moveit
[21.824s] -- Up-to-date: /home/ti5/ws_moveit2/install/moveit_core/include/moveit/sensor_manager
[21.825s] -- Up-to-date: /home/ti5/ws_moveit2/install/moveit_core/include/moveit/sensor_manager/sensor_manager.h
[21.826s] -- Up-to-date: /home/ti5/ws_moveit2/install/moveit_core/include
[21.826s] -- Up-to-date: /home/ti5/ws_moveit2/install/moveit_core/include/moveit
[21.827s] -- Up-to-date: /home/ti5/ws_moveit2/install/moveit_core/include/moveit/trajectory_processing
[21.828s] -- Up-to-date: /home/ti5/ws_moveit2/install/moveit_core/include/moveit/trajectory_processing/trajectory_tools.h
[21.828s] -- Up-to-date: /home/ti5/ws_moveit2/install/moveit_core/include/moveit/trajectory_processing/iterative_time_parameterization.h
[21.829s] -- Up-to-date: /home/ti5/ws_moveit2/install/moveit_core/include/moveit/trajectory_processing/time_parameterization.h
[21.830s] -- Up-to-date: /home/ti5/ws_moveit2/install/moveit_core/include/moveit/trajectory_processing/ruckig_traj_smoothing.h
[21.830s] -- Up-to-date: /home/ti5/ws_moveit2/install/moveit_core/include/moveit/trajectory_processing/time_optimal_trajectory_generation.h
[21.831s] -- Up-to-date: /home/ti5/ws_moveit2/install/moveit_core/include/moveit/trajectory_processing/iterative_spline_parameterization.h
[21.832s] -- Up-to-date: /home/ti5/ws_moveit2/install/moveit_core/include
[21.832s] -- Up-to-date: /home/ti5/ws_moveit2/install/moveit_core/include/moveit
[21.833s] -- Up-to-date: /home/ti5/ws_moveit2/install/moveit_core/include/moveit/transforms
[21.834s] -- Up-to-date: /home/ti5/ws_moveit2/install/moveit_core/include/moveit/transforms/transforms.h
[21.835s] -- Up-to-date: /home/ti5/ws_moveit2/install/moveit_core/include
[21.836s] -- Up-to-date: /home/ti5/ws_moveit2/install/moveit_core/include/moveit
[21.837s] -- Up-to-date: /home/ti5/ws_moveit2/install/moveit_core/include/moveit/utils
[21.837s] -- Up-to-date: /home/ti5/ws_moveit2/install/moveit_core/include/moveit/utils/moveit_error_code.h
[21.838s] -- Up-to-date: /home/ti5/ws_moveit2/install/moveit_core/include/moveit/utils/message_checks.h
[21.838s] -- Up-to-date: /home/ti5/ws_moveit2/install/moveit_core/include/moveit/utils/lexical_casts.h
[21.839s] -- Up-to-date: /home/ti5/ws_moveit2/install/moveit_core/include/moveit/utils/robot_model_test_utils.h
[21.840s] -- Up-to-date: /home/ti5/ws_moveit2/install/moveit_core/include/moveit/utils/rclcpp_utils.h
[21.842s] -- Up-to-date: /home/ti5/ws_moveit2/install/moveit_core/bin/moveit_version
[21.843s] -- Up-to-date: /home/ti5/ws_moveit2/install/moveit_core/include
[21.845s] -- Up-to-date: /home/ti5/ws_moveit2/install/moveit_core/include/moveit
[21.847s] -- Up-to-date: /home/ti5/ws_moveit2/install/moveit_core/include/moveit/collision_detection
[21.848s] -- Up-to-date: /home/ti5/ws_moveit2/install/moveit_core/include/moveit/collision_detection/collision_plugin_cache.h
[21.849s] -- Up-to-date: /home/ti5/ws_moveit2/install/moveit_core/include/moveit/collision_detection/collision_plugin.h
[21.850s] -- Up-to-date: /home/ti5/ws_moveit2/install/moveit_core/include/moveit/collision_detection/world.h
[21.851s] -- Up-to-date: /home/ti5/ws_moveit2/install/moveit_core/include/moveit/collision_detection/collision_matrix.h
[21.851s] -- Up-to-date: /home/ti5/ws_moveit2/install/moveit_core/include/moveit/collision_detection/test_collision_common_panda.h
[21.852s] -- Up-to-date: /home/ti5/ws_moveit2/install/moveit_core/include/moveit/collision_detection/test_collision_common_pr2.h
[21.853s] -- Up-to-date: /home/ti5/ws_moveit2/install/moveit_core/include/moveit/collision_detection/collision_octomap_filter.h
[21.854s] -- Up-to-date: /home/ti5/ws_moveit2/install/moveit_core/include/moveit/collision_detection/collision_tools.h
[21.856s] -- Up-to-date: /home/ti5/ws_moveit2/install/moveit_core/include/moveit/collision_detection/collision_common.h
[21.858s] -- Up-to-date: /home/ti5/ws_moveit2/install/moveit_core/include/moveit/collision_detection/world_diff.h
[21.859s] -- Up-to-date: /home/ti5/ws_moveit2/install/moveit_core/include/moveit/collision_detection/occupancy_map.h
[21.860s] -- Up-to-date: /home/ti5/ws_moveit2/install/moveit_core/include/moveit/collision_detection/collision_detector_allocator.h
[21.860s] -- Up-to-date: /home/ti5/ws_moveit2/install/moveit_core/include/moveit/collision_detection/allvalid
[21.861s] -- Up-to-date: /home/ti5/ws_moveit2/install/moveit_core/include/moveit/collision_detection/allvalid/collision_env_allvalid.h
[21.863s] -- Up-to-date: /home/ti5/ws_moveit2/install/moveit_core/include/moveit/collision_detection/allvalid/collision_detector_allocator_allvalid.h
[21.864s] -- Up-to-date: /home/ti5/ws_moveit2/install/moveit_core/include/moveit/collision_detection/collision_env.h
[21.872s] -- Up-to-date: /home/ti5/ws_moveit2/install/moveit_core/include/moveit_collision_detection_export.h
[21.873s] -- Up-to-date: /home/ti5/ws_moveit2/install/moveit_core/include
[21.873s] -- Up-to-date: /home/ti5/ws_moveit2/install/moveit_core/include/moveit
[21.874s] -- Up-to-date: /home/ti5/ws_moveit2/install/moveit_core/include/moveit/collision_detection_bullet
[21.878s] -- Up-to-date: /home/ti5/ws_moveit2/install/moveit_core/include/moveit/collision_detection_bullet/bullet_integration
[21.879s] -- Up-to-date: /home/ti5/ws_moveit2/install/moveit_core/include/moveit/collision_detection_bullet/bullet_integration/bullet_utils.h
[21.880s] -- Up-to-date: /home/ti5/ws_moveit2/install/moveit_core/include/moveit/collision_detection_bullet/bullet_integration/basic_types.h
[21.880s] -- Up-to-date: /home/ti5/ws_moveit2/install/moveit_core/include/moveit/collision_detection_bullet/bullet_integration/bullet_discrete_bvh_manager.h
[21.881s] -- Up-to-date: /home/ti5/ws_moveit2/install/moveit_core/include/moveit/collision_detection_bullet/bullet_integration/bullet_cast_bvh_manager.h
[21.882s] -- Up-to-date: /home/ti5/ws_moveit2/install/moveit_core/include/moveit/collision_detection_bullet/bullet_integration/bullet_bvh_manager.h
[21.883s] -- Up-to-date: /home/ti5/ws_moveit2/install/moveit_core/include/moveit/collision_detection_bullet/bullet_integration/ros_bullet_utils.h
[21.883s] -- Up-to-date: /home/ti5/ws_moveit2/install/moveit_core/include/moveit/collision_detection_bullet/bullet_integration/contact_checker_common.h
[21.884s] -- Up-to-date: /home/ti5/ws_moveit2/install/moveit_core/include/moveit/collision_detection_bullet/collision_env_bullet.h
[21.885s] -- Up-to-date: /home/ti5/ws_moveit2/install/moveit_core/include/moveit/collision_detection_bullet/collision_detector_bullet_plugin_loader.h
[21.885s] -- Up-to-date: /home/ti5/ws_moveit2/install/moveit_core/include/moveit/collision_detection_bullet/collision_detector_allocator_bullet.h
[21.886s] -- Up-to-date: /home/ti5/ws_moveit2/install/moveit_core/include/moveit_collision_detection_bullet_export.h
[21.887s] -- Up-to-date: /home/ti5/ws_moveit2/install/moveit_core/include
[21.890s] -- Up-to-date: /home/ti5/ws_moveit2/install/moveit_core/include/moveit
[21.891s] -- Up-to-date: /home/ti5/ws_moveit2/install/moveit_core/include/moveit/collision_detection_fcl
[21.891s] -- Up-to-date: /home/ti5/ws_moveit2/install/moveit_core/include/moveit/collision_detection_fcl/collision_detector_allocator_fcl.h
[21.894s] -- Up-to-date: /home/ti5/ws_moveit2/install/moveit_core/include/moveit/collision_detection_fcl/fcl_compat.h
[21.894s] -- Up-to-date: /home/ti5/ws_moveit2/install/moveit_core/include/moveit/collision_detection_fcl/collision_common.h
[21.895s] -- Up-to-date: /home/ti5/ws_moveit2/install/moveit_core/include/moveit/collision_detection_fcl/collision_detector_fcl_plugin_loader.h
[21.896s] -- Up-to-date: /home/ti5/ws_moveit2/install/moveit_core/include/moveit/collision_detection_fcl/collision_env_fcl.h
[21.897s] -- Up-to-date: /home/ti5/ws_moveit2/install/moveit_core/include/moveit_collision_detection_fcl_export.h
[21.898s] -- Up-to-date: /home/ti5/ws_moveit2/install/moveit_core/lib/libcollision_detector_bullet_plugin.so.2.5.5
[21.898s] -- Up-to-date: /home/ti5/ws_moveit2/install/moveit_core/lib/libcollision_detector_bullet_plugin.so
[21.899s] -- Up-to-date: /home/ti5/ws_moveit2/install/moveit_core/lib/libmoveit_butterworth_filter.so.2.5.5
[21.900s] -- Up-to-date: /home/ti5/ws_moveit2/install/moveit_core/lib/libmoveit_butterworth_filter.so
[21.900s] -- Up-to-date: /home/ti5/ws_moveit2/install/moveit_core/lib/libmoveit_collision_distance_field.so.2.5.5
[21.901s] -- Up-to-date: /home/ti5/ws_moveit2/install/moveit_core/lib/libmoveit_collision_distance_field.so
[21.902s] -- Up-to-date: /home/ti5/ws_moveit2/install/moveit_core/lib/libmoveit_collision_detection.so.2.5.5
[21.902s] -- Up-to-date: /home/ti5/ws_moveit2/install/moveit_core/lib/libmoveit_collision_detection.so
[21.903s] -- Up-to-date: /home/ti5/ws_moveit2/install/moveit_core/lib/libmoveit_collision_detection_fcl.so.2.5.5
[21.903s] -- Up-to-date: /home/ti5/ws_moveit2/install/moveit_core/lib/libmoveit_collision_detection_fcl.so
[21.904s] -- Up-to-date: /home/ti5/ws_moveit2/install/moveit_core/lib/libmoveit_collision_detection_bullet.so.2.5.5
[21.907s] -- Up-to-date: /home/ti5/ws_moveit2/install/moveit_core/lib/libmoveit_collision_detection_bullet.so
[21.908s] -- Up-to-date: /home/ti5/ws_moveit2/install/moveit_core/lib/libmoveit_dynamics_solver.so.2.5.5
[21.909s] -- Up-to-date: /home/ti5/ws_moveit2/install/moveit_core/lib/libmoveit_dynamics_solver.so
[21.910s] -- Up-to-date: /home/ti5/ws_moveit2/install/moveit_core/lib/libmoveit_constraint_samplers.so.2.5.5
[21.911s] -- Up-to-date: /home/ti5/ws_moveit2/install/moveit_core/lib/libmoveit_constraint_samplers.so
[21.912s] -- Up-to-date: /home/ti5/ws_moveit2/install/moveit_core/lib/libmoveit_distance_field.so.2.5.5
[21.913s] -- Up-to-date: /home/ti5/ws_moveit2/install/moveit_core/lib/libmoveit_distance_field.so
[21.913s] -- Up-to-date: /home/ti5/ws_moveit2/install/moveit_core/lib/libmoveit_exceptions.so.2.5.5
[21.915s] -- Up-to-date: /home/ti5/ws_moveit2/install/moveit_core/lib/libmoveit_exceptions.so
[21.917s] -- Up-to-date: /home/ti5/ws_moveit2/install/moveit_core/lib/libmoveit_kinematics_base.so
[21.918s] -- Up-to-date: /home/ti5/ws_moveit2/install/moveit_core/lib/libmoveit_kinematic_constraints.so.2.5.5
[21.918s] -- Up-to-date: /home/ti5/ws_moveit2/install/moveit_core/lib/libmoveit_kinematic_constraints.so
[21.919s] -- Up-to-date: /home/ti5/ws_moveit2/install/moveit_core/lib/libmoveit_kinematics_metrics.so.2.5.5
[21.920s] -- Up-to-date: /home/ti5/ws_moveit2/install/moveit_core/lib/libmoveit_kinematics_metrics.so
[21.920s] -- Up-to-date: /home/ti5/ws_moveit2/install/moveit_core/lib/libmoveit_planning_interface.so.2.5.5
[21.921s] -- Up-to-date: /home/ti5/ws_moveit2/install/moveit_core/lib/libmoveit_planning_interface.so
[21.921s] -- Up-to-date: /home/ti5/ws_moveit2/install/moveit_core/lib/libmoveit_planning_scene.so.2.5.5
[21.922s] -- Up-to-date: /home/ti5/ws_moveit2/install/moveit_core/lib/libmoveit_planning_scene.so
[21.923s] -- Up-to-date: /home/ti5/ws_moveit2/install/moveit_core/lib/libmoveit_planning_request_adapter.so.2.5.5
[21.923s] -- Up-to-date: /home/ti5/ws_moveit2/install/moveit_core/lib/libmoveit_planning_request_adapter.so
[21.924s] -- Up-to-date: /home/ti5/ws_moveit2/install/moveit_core/lib/libmoveit_robot_model.so.2.5.5
[21.924s] -- Up-to-date: /home/ti5/ws_moveit2/install/moveit_core/lib/libmoveit_robot_model.so
[21.925s] -- Up-to-date: /home/ti5/ws_moveit2/install/moveit_core/lib/libmoveit_robot_state.so.2.5.5
[21.925s] -- Up-to-date: /home/ti5/ws_moveit2/install/moveit_core/lib/libmoveit_robot_state.so
[21.926s] -- Up-to-date: /home/ti5/ws_moveit2/install/moveit_core/lib/libmoveit_robot_trajectory.so.2.5.5
[21.927s] -- Up-to-date: /home/ti5/ws_moveit2/install/moveit_core/lib/libmoveit_robot_trajectory.so
[21.927s] -- Up-to-date: /home/ti5/ws_moveit2/install/moveit_core/lib/libmoveit_smoothing_base.so.2.5.5
[21.928s] -- Up-to-date: /home/ti5/ws_moveit2/install/moveit_core/lib/libmoveit_smoothing_base.so
[21.928s] -- Up-to-date: /home/ti5/ws_moveit2/install/moveit_core/lib/libmoveit_test_utils.so.2.5.5
[21.929s] -- Up-to-date: /home/ti5/ws_moveit2/install/moveit_core/lib/libmoveit_test_utils.so
[21.929s] -- Up-to-date: /home/ti5/ws_moveit2/install/moveit_core/lib/libmoveit_trajectory_processing.so.2.5.5
[21.930s] -- Up-to-date: /home/ti5/ws_moveit2/install/moveit_core/lib/libmoveit_trajectory_processing.so
[21.931s] -- Up-to-date: /home/ti5/ws_moveit2/install/moveit_core/lib/libmoveit_transforms.so.2.5.5
[21.932s] -- Up-to-date: /home/ti5/ws_moveit2/install/moveit_core/lib/libmoveit_transforms.so
[21.933s] -- Up-to-date: /home/ti5/ws_moveit2/install/moveit_core/lib/libmoveit_utils.so.2.5.5
[21.937s] -- Up-to-date: /home/ti5/ws_moveit2/install/moveit_core/lib/libmoveit_utils.so
[21.938s] -- Up-to-date: /home/ti5/ws_moveit2/install/moveit_core/share/moveit_core/environment/library_path.sh
[21.939s] -- Up-to-date: /home/ti5/ws_moveit2/install/moveit_core/share/moveit_core/environment/library_path.dsv
[21.940s] -- Up-to-date: /home/ti5/ws_moveit2/install/moveit_core/share/moveit_core/collision_detector_fcl_description.xml
[21.941s] -- Up-to-date: /home/ti5/ws_moveit2/install/moveit_core/share/moveit_core/collision_detector_bullet_description.xml
[21.942s] -- Up-to-date: /home/ti5/ws_moveit2/install/moveit_core/share/moveit_core/filter_plugin_butterworth.xml
[21.943s] -- Up-to-date: /home/ti5/ws_moveit2/install/moveit_core/share/ament_index/resource_index/package_run_dependencies/moveit_core
[21.945s] -- Up-to-date: /home/ti5/ws_moveit2/install/moveit_core/share/ament_index/resource_index/parent_prefix_path/moveit_core
[21.946s] -- Up-to-date: /home/ti5/ws_moveit2/install/moveit_core/share/moveit_core/environment/ament_prefix_path.sh
[21.947s] -- Up-to-date: /home/ti5/ws_moveit2/install/moveit_core/share/moveit_core/environment/ament_prefix_path.dsv
[21.948s] -- Up-to-date: /home/ti5/ws_moveit2/install/moveit_core/share/moveit_core/environment/path.sh
[21.949s] -- Up-to-date: /home/ti5/ws_moveit2/install/moveit_core/share/moveit_core/environment/path.dsv
[21.951s] -- Up-to-date: /home/ti5/ws_moveit2/install/moveit_core/share/moveit_core/local_setup.bash
[21.952s] -- Up-to-date: /home/ti5/ws_moveit2/install/moveit_core/share/moveit_core/local_setup.sh
[21.953s] -- Up-to-date: /home/ti5/ws_moveit2/install/moveit_core/share/moveit_core/local_setup.zsh
[21.954s] -- Up-to-date: /home/ti5/ws_moveit2/install/moveit_core/share/moveit_core/local_setup.dsv
[21.956s] -- Installing: /home/ti5/ws_moveit2/install/moveit_core/share/moveit_core/package.dsv
[21.957s] -- Up-to-date: /home/ti5/ws_moveit2/install/moveit_core/share/ament_index/resource_index/packages/moveit_core
[21.959s] -- Up-to-date: /home/ti5/ws_moveit2/install/moveit_core/share/ament_index/resource_index/moveit_core__pluginlib__plugin/moveit_core
[21.959s] -- Up-to-date: /home/ti5/ws_moveit2/install/moveit_core/share/moveit_core/cmake/export_moveit_coreExport.cmake
[21.960s] -- Up-to-date: /home/ti5/ws_moveit2/install/moveit_core/share/moveit_core/cmake/export_moveit_coreExport-release.cmake
[21.960s] -- Up-to-date: /home/ti5/ws_moveit2/install/moveit_core/share/moveit_core/cmake/ConfigExtras.cmake
[21.961s] -- Up-to-date: /home/ti5/ws_moveit2/install/moveit_core/share/moveit_core/cmake/ament_cmake_export_targets-extras.cmake
[21.961s] -- Up-to-date: /home/ti5/ws_moveit2/install/moveit_core/share/moveit_core/cmake/ament_cmake_export_dependencies-extras.cmake
[21.962s] -- Up-to-date: /home/ti5/ws_moveit2/install/moveit_core/share/moveit_core/cmake/moveit_coreConfig.cmake
[21.971s] -- Up-to-date: /home/ti5/ws_moveit2/install/moveit_core/share/moveit_core/cmake/moveit_coreConfig-version.cmake
[21.972s] -- Up-to-date: /home/ti5/ws_moveit2/install/moveit_core/share/moveit_core/package.xml
[21.976s] Invoked command in '/home/ti5/ws_moveit2/build/moveit_core' returned '0': CMAKE_PREFIX_PATH=/home/ti5/ws_moveit2/install/moveit_resources_panda_moveit_config:/home/ti5/ws_moveit2/install/srdfdom:/home/ti5/ws_moveit2/install/moveit_resources_pr2_description:/home/ti5/ws_moveit2/install/moveit_resources_panda_description:/home/ti5/ws_moveit2/install/moveit_common:/home/ti5/ws_moveit2/install/arm5:/home/ti5/ws_moveit2/install/arm3:/home/ti5/ws_moveit2/install/arm2:/home/ti5/ws_moveit2/install/arm1:/home/ti5/ws_moveit2/install/ti5_urdf:/home/ti5/ws_moveit2/install/pilz_industrial_motion_planner_testutils:/home/ti5/ws_moveit2/install/moveit_runtime:/home/ti5/ws_moveit2/install/moveit2_tutorials:/home/ti5/ws_moveit2/install/moveit:/home/ti5/ws_moveit2/install/moveit_planners:/home/ti5/ws_moveit2/install/pilz_industrial_motion_planner:/home/ti5/ws_moveit2/install/moveit_visual_tools:/home/ti5/ws_moveit2/install/moveit_task_constructor_visualization:/home/ti5/ws_moveit2/install/moveit_task_constructor_demo:/home/ti5/ws_moveit2/install/moveit_task_constructor_capabilities:/home/ti5/ws_moveit2/install/moveit_task_constructor_core:/home/ti5/ws_moveit2/install/moveit_ros_control_interface:/home/ti5/ws_moveit2/install/moveit_plugins:/home/ti5/ws_moveit2/install/moveit_simple_controller_manager:/home/ti5/ws_moveit2/install/moveit_setup_assistant:/home/ti5/ws_moveit2/install/moveit_setup_srdf_plugins:/home/ti5/ws_moveit2/install/moveit_setup_core_plugins:/home/ti5/ws_moveit2/install/moveit_setup_controllers:/home/ti5/ws_moveit2/install/moveit_setup_app_plugins:/home/ti5/ws_moveit2/install/moveit_setup_framework:/home/ti5/ws_moveit2/install/moveit_servo:/home/ti5/ws_moveit2/install/moveit_ros:/home/ti5/ws_moveit2/install/moveit_ros_visualization:/home/ti5/ws_moveit2/install/moveit_hybrid_planning:/home/ti5/ws_moveit2/install/moveit_ros_planning_interface:/home/ti5/ws_moveit2/install/moveit_ros_benchmarks:/home/ti5/ws_moveit2/install/moveit_ros_warehouse:/home/ti5/ws_moveit2/install/moveit_ros_robot_interaction:/home/ti5/ws_moveit2/install/moveit_ros_perception:/home/ti5/ws_moveit2/install/moveit_resources_prbt_pg70_support:/home/ti5/ws_moveit2/install/moveit_resources_prbt_moveit_config:/home/ti5/ws_moveit2/install/moveit_ros_move_group:/home/ti5/ws_moveit2/install/moveit_planners_ompl:/home/ti5/ws_moveit2/install/moveit_ros_planning:/home/ti5/ws_moveit2/install/moveit_ros_occupancy_map_monitor:/home/ti5/ws_moveit2/install/moveit_resources_prbt_ikfast_manipulator_plugin:/home/ti5/ws_moveit2/install/moveit_planners_chomp:/home/ti5/ws_moveit2/install/moveit_kinematics:/home/ti5/ws_moveit2/install/moveit_chomp_optimizer_adapter:/home/ti5/ws_moveit2/install/chomp_motion_planner:/home/ti5/ws_moveit2/install/moveit_core:/home/ti5/ws_moveit2/install/rviz_marker_tools:/home/ti5/ws_moveit2/install/rosparam_shortcuts:/home/ti5/ws_moveit2/install/moveit_task_constructor_msgs:/home/ti5/ws_moveit2/install/moveit_resources_prbt_support:/home/ti5/ws_moveit2/install/moveit_resources:/home/ti5/ws_moveit2/install/moveit_resources_fanuc_moveit_config:/home/ti5/ws_moveit2/install/moveit_resources_fanuc_description:/home/ti5/ws_moveit2/install/demo:/home/ti5/ws_moveit2/install/moveit_configs_utils:/home/ti5/ws_moveit2/install/launch_param_builder:/opt/ros/humble LD_LIBRARY_PATH=/home/ti5/ws_moveit2/install/srdfdom/lib:/home/ti5/ws_moveit2/install/pilz_industrial_motion_planner_testutils/lib:/home/ti5/ws_moveit2/install/pilz_industrial_motion_planner/lib:/home/ti5/ws_moveit2/install/moveit_visual_tools/lib:/home/ti5/ws_moveit2/install/moveit_task_constructor_visualization/lib:/home/ti5/ws_moveit2/install/moveit_task_constructor_demo/lib:/home/ti5/ws_moveit2/install/moveit_task_constructor_capabilities/lib:/home/ti5/ws_moveit2/install/moveit_task_constructor_core/lib:/home/ti5/ws_moveit2/install/moveit_ros_control_interface/lib:/home/ti5/ws_moveit2/install/moveit_simple_controller_manager/lib:/home/ti5/ws_moveit2/install/moveit_setup_assistant/lib:/home/ti5/ws_moveit2/install/moveit_setup_srdf_plugins/lib:/home/ti5/ws_moveit2/install/moveit_setup_core_plugins/lib:/home/ti5/ws_moveit2/install/moveit_setup_controllers/lib:/home/ti5/ws_moveit2/install/moveit_setup_app_plugins/lib:/home/ti5/ws_moveit2/install/moveit_setup_framework/lib:/home/ti5/ws_moveit2/install/moveit_servo/lib:/home/ti5/ws_moveit2/install/moveit_ros_visualization/lib:/home/ti5/ws_moveit2/install/moveit_hybrid_planning/lib:/home/ti5/ws_moveit2/install/moveit_ros_planning_interface/lib:/home/ti5/ws_moveit2/install/moveit_ros_benchmarks/lib:/home/ti5/ws_moveit2/install/moveit_ros_warehouse/lib:/home/ti5/ws_moveit2/install/moveit_ros_robot_interaction/lib:/home/ti5/ws_moveit2/install/moveit_ros_perception/lib:/home/ti5/ws_moveit2/install/moveit_ros_move_group/lib:/home/ti5/ws_moveit2/install/moveit_planners_ompl/lib:/home/ti5/ws_moveit2/install/moveit_ros_planning/lib:/home/ti5/ws_moveit2/install/moveit_ros_occupancy_map_monitor/lib:/home/ti5/ws_moveit2/install/moveit_resources_prbt_ikfast_manipulator_plugin/lib:/home/ti5/ws_moveit2/install/moveit_planners_chomp/lib:/home/ti5/ws_moveit2/install/moveit_kinematics/lib:/home/ti5/ws_moveit2/install/moveit_chomp_optimizer_adapter/lib:/home/ti5/ws_moveit2/install/chomp_motion_planner/lib:/home/ti5/ws_moveit2/install/moveit_core/lib:/home/ti5/ws_moveit2/install/rviz_marker_tools/lib:/home/ti5/ws_moveit2/install/rosparam_shortcuts/lib:/home/ti5/ws_moveit2/install/moveit_task_constructor_msgs/lib:/opt/ros/humble/opt/rviz_ogre_vendor/lib:/opt/ros/humble/lib/x86_64-linux-gnu:/opt/ros/humble/lib /usr/bin/cmake --install /home/ti5/ws_moveit2/build/moveit_core
