[0.143s] Invoking command in '/home/ti5/ws_moveit2/build/moveit_core': CMAKE_PREFIX_PATH=/home/ti5/ws_moveit2/install/moveit_resources_panda_moveit_config:/home/ti5/ws_moveit2/install/srdfdom:/home/ti5/ws_moveit2/install/moveit_resources_pr2_description:/home/ti5/ws_moveit2/install/moveit_resources_panda_description:/home/ti5/ws_moveit2/install/moveit_common:/home/ti5/ws_moveit2/install/arm5:/home/ti5/ws_moveit2/install/arm3:/home/ti5/ws_moveit2/install/arm2:/home/ti5/ws_moveit2/install/arm1:/home/ti5/ws_moveit2/install/ti5_urdf:/home/ti5/ws_moveit2/install/pilz_industrial_motion_planner_testutils:/home/ti5/ws_moveit2/install/moveit_runtime:/home/ti5/ws_moveit2/install/moveit2_tutorials:/home/ti5/ws_moveit2/install/moveit:/home/ti5/ws_moveit2/install/moveit_planners:/home/ti5/ws_moveit2/install/pilz_industrial_motion_planner:/home/ti5/ws_moveit2/install/moveit_visual_tools:/home/ti5/ws_moveit2/install/moveit_task_constructor_visualization:/home/ti5/ws_moveit2/install/moveit_task_constructor_demo:/home/ti5/ws_moveit2/install/moveit_task_constructor_capabilities:/home/ti5/ws_moveit2/install/moveit_task_constructor_core:/home/ti5/ws_moveit2/install/moveit_ros_control_interface:/home/ti5/ws_moveit2/install/moveit_plugins:/home/ti5/ws_moveit2/install/moveit_simple_controller_manager:/home/ti5/ws_moveit2/install/moveit_setup_assistant:/home/ti5/ws_moveit2/install/moveit_setup_srdf_plugins:/home/ti5/ws_moveit2/install/moveit_setup_core_plugins:/home/ti5/ws_moveit2/install/moveit_setup_controllers:/home/ti5/ws_moveit2/install/moveit_setup_app_plugins:/home/ti5/ws_moveit2/install/moveit_setup_framework:/home/ti5/ws_moveit2/install/moveit_servo:/home/ti5/ws_moveit2/install/moveit_ros:/home/ti5/ws_moveit2/install/moveit_ros_visualization:/home/ti5/ws_moveit2/install/moveit_hybrid_planning:/home/ti5/ws_moveit2/install/moveit_ros_planning_interface:/home/ti5/ws_moveit2/install/moveit_ros_benchmarks:/home/ti5/ws_moveit2/install/moveit_ros_warehouse:/home/ti5/ws_moveit2/install/moveit_ros_robot_interaction:/home/ti5/ws_moveit2/install/moveit_ros_perception:/home/ti5/ws_moveit2/install/moveit_resources_prbt_pg70_support:/home/ti5/ws_moveit2/install/moveit_resources_prbt_moveit_config:/home/ti5/ws_moveit2/install/moveit_ros_move_group:/home/ti5/ws_moveit2/install/moveit_planners_ompl:/home/ti5/ws_moveit2/install/moveit_ros_planning:/home/ti5/ws_moveit2/install/moveit_ros_occupancy_map_monitor:/home/ti5/ws_moveit2/install/moveit_resources_prbt_ikfast_manipulator_plugin:/home/ti5/ws_moveit2/install/moveit_planners_chomp:/home/ti5/ws_moveit2/install/moveit_kinematics:/home/ti5/ws_moveit2/install/moveit_chomp_optimizer_adapter:/home/ti5/ws_moveit2/install/chomp_motion_planner:/home/ti5/ws_moveit2/install/moveit_core:/home/ti5/ws_moveit2/install/rviz_marker_tools:/home/ti5/ws_moveit2/install/rosparam_shortcuts:/home/ti5/ws_moveit2/install/moveit_task_constructor_msgs:/home/ti5/ws_moveit2/install/moveit_resources_prbt_support:/home/ti5/ws_moveit2/install/moveit_resources:/home/ti5/ws_moveit2/install/moveit_resources_fanuc_moveit_config:/home/ti5/ws_moveit2/install/moveit_resources_fanuc_description:/home/ti5/ws_moveit2/install/demo:/home/ti5/ws_moveit2/install/moveit_configs_utils:/home/ti5/ws_moveit2/install/launch_param_builder:/opt/ros/humble LD_LIBRARY_PATH=/home/ti5/ws_moveit2/install/srdfdom/lib:/home/ti5/ws_moveit2/install/pilz_industrial_motion_planner_testutils/lib:/home/ti5/ws_moveit2/install/pilz_industrial_motion_planner/lib:/home/ti5/ws_moveit2/install/moveit_visual_tools/lib:/home/ti5/ws_moveit2/install/moveit_task_constructor_visualization/lib:/home/ti5/ws_moveit2/install/moveit_task_constructor_demo/lib:/home/ti5/ws_moveit2/install/moveit_task_constructor_capabilities/lib:/home/ti5/ws_moveit2/install/moveit_task_constructor_core/lib:/home/ti5/ws_moveit2/install/moveit_ros_control_interface/lib:/home/ti5/ws_moveit2/install/moveit_simple_controller_manager/lib:/home/ti5/ws_moveit2/install/moveit_setup_assistant/lib:/home/ti5/ws_moveit2/install/moveit_setup_srdf_plugins/lib:/home/ti5/ws_moveit2/install/moveit_setup_core_plugins/lib:/home/ti5/ws_moveit2/install/moveit_setup_controllers/lib:/home/ti5/ws_moveit2/install/moveit_setup_app_plugins/lib:/home/ti5/ws_moveit2/install/moveit_setup_framework/lib:/home/ti5/ws_moveit2/install/moveit_servo/lib:/home/ti5/ws_moveit2/install/moveit_ros_visualization/lib:/home/ti5/ws_moveit2/install/moveit_hybrid_planning/lib:/home/ti5/ws_moveit2/install/moveit_ros_planning_interface/lib:/home/ti5/ws_moveit2/install/moveit_ros_benchmarks/lib:/home/ti5/ws_moveit2/install/moveit_ros_warehouse/lib:/home/ti5/ws_moveit2/install/moveit_ros_robot_interaction/lib:/home/ti5/ws_moveit2/install/moveit_ros_perception/lib:/home/ti5/ws_moveit2/install/moveit_ros_move_group/lib:/home/ti5/ws_moveit2/install/moveit_planners_ompl/lib:/home/ti5/ws_moveit2/install/moveit_ros_planning/lib:/home/ti5/ws_moveit2/install/moveit_ros_occupancy_map_monitor/lib:/home/ti5/ws_moveit2/install/moveit_resources_prbt_ikfast_manipulator_plugin/lib:/home/ti5/ws_moveit2/install/moveit_planners_chomp/lib:/home/ti5/ws_moveit2/install/moveit_kinematics/lib:/home/ti5/ws_moveit2/install/moveit_chomp_optimizer_adapter/lib:/home/ti5/ws_moveit2/install/chomp_motion_planner/lib:/home/ti5/ws_moveit2/install/moveit_core/lib:/home/ti5/ws_moveit2/install/rviz_marker_tools/lib:/home/ti5/ws_moveit2/install/rosparam_shortcuts/lib:/home/ti5/ws_moveit2/install/moveit_task_constructor_msgs/lib:/opt/ros/humble/opt/rviz_ogre_vendor/lib:/opt/ros/humble/lib/x86_64-linux-gnu:/opt/ros/humble/lib /usr/bin/cmake --build /home/ti5/ws_moveit2/build/moveit_core -- -j4 -l4
[0.915s] [  1%] Built target moveit_transforms
[0.917s] [  2%] Built target moveit_exceptions
[1.054s] [  3%] Built target moveit_kinematics_base
[1.130s] [  5%] Built target moveit_distance_field
[1.346s] [  6%] Built target gtest
[1.347s] [  8%] Built target moveit_utils
[1.445s] [  9%] Built target gtest_main
[1.547s] [ 11%] Built target gmock
[1.678s] [ 12%] Built target gmock_main
[1.775s] [ 13%] Built target moveit_butterworth_parameters
[1.845s] [ 14%] Built target moveit_smoothing_base
[1.918s] [ 15%] Built target test_transforms
[2.048s] [ 17%] Built target moveit_version
[2.188s] [ 18%] Built target test_voxel_grid
[2.251s] [ 19%] Built target test_distance_field
[2.281s] [ 26%] Built target moveit_robot_model
[2.647s] [ 27%] Built target moveit_test_utils
[2.725s] [ 28%] Built target moveit_butterworth_filter
[2.727s] [ 31%] Built target moveit_robot_state
[3.070s] [ 32%] Built target test_robot_model
[3.122s] [ 33%] Built target moveit_robot_trajectory
[3.206s] [ 35%] Built target moveit_dynamics_solver
[3.303s] [ 41%] Built target moveit_collision_detection
[3.428s] [ 42%] Built target test_butterworth_filter
[3.528s] [ 43%] Built target moveit_kinematics_metrics
[3.594s] [ 45%] Built target moveit_planning_interface
[3.781s] [ 47%] Built target test_robot_state
[3.885s] [ 48%] Built target test_robot_state_benchmark
[3.937s] [ 49%] Built target test_robot_state_complex
[3.952s] [ 50%] Built target test_aabb
[4.249s] [ 51%] Built target test_cartesian_interpolator
[4.304s] [ 53%] Built target test_world_diff
[4.323s] [ 54%] Built target test_robot_trajectory
[4.341s] [ 55%] Built target test_world
[4.627s] [ 56%] Built target test_all_valid
[4.790s] [ 58%] Built target moveit_collision_detection_fcl
[4.881s] [ 63%] Built target moveit_collision_detection_bullet
[4.900s] [ 67%] Built target moveit_trajectory_processing
[5.211s] [ 69%] Built target moveit_kinematic_constraints
[5.303s] [ 71%] Built target test_fcl_collision_env
[5.355s] [ 72%] Built target test_fcl_collision_detection_panda
[5.440s] [ 73%] Built target test_fcl_collision_detection
[5.694s] [ 74%] Built target moveit_planning_scene
[5.731s] [ 75%] Built target test_constraints
[5.829s] [ 76%] Built target test_orientation_constraints
[6.026s] [ 77%] Built target test_time_parameterization
[6.201s] [ 79%] Built target test_time_optimal_trajectory_generation
[6.332s] [ 80%] Built target test_ruckig_traj_smoothing
[6.512s] [ 81%] Built target collision_detector_bullet_plugin
[6.709s] [ 82%] Built target test_bullet_collision_detection
[6.784s] [ 83%] Built target test_bullet_collision_detection_panda
[6.897s] [ 84%] Built target collision_detector_fcl_plugin
[7.022s] [ 86%] Built target test_bullet_continuous_collision_checking
[7.136s] [ 89%] Built target moveit_collision_distance_field
[7.288s] [ 92%] Built target moveit_constraint_samplers
[7.314s] [ 93%] Built target moveit_planning_request_adapter
[7.416s] [ 94%] Built target test_planning_scene
[7.571s] [ 95%] Built target test_collision_objects
[7.740s] [ 96%] Built target test_multi_threaded
[7.745s] [ 97%] Built target test_collision_distance_field
[7.844s] [100%] Built target test_constraint_samplers
[7.931s] Invoked command in '/home/ti5/ws_moveit2/build/moveit_core' returned '0': CMAKE_PREFIX_PATH=/home/ti5/ws_moveit2/install/moveit_resources_panda_moveit_config:/home/ti5/ws_moveit2/install/srdfdom:/home/ti5/ws_moveit2/install/moveit_resources_pr2_description:/home/ti5/ws_moveit2/install/moveit_resources_panda_description:/home/ti5/ws_moveit2/install/moveit_common:/home/ti5/ws_moveit2/install/arm5:/home/ti5/ws_moveit2/install/arm3:/home/ti5/ws_moveit2/install/arm2:/home/ti5/ws_moveit2/install/arm1:/home/ti5/ws_moveit2/install/ti5_urdf:/home/ti5/ws_moveit2/install/pilz_industrial_motion_planner_testutils:/home/ti5/ws_moveit2/install/moveit_runtime:/home/ti5/ws_moveit2/install/moveit2_tutorials:/home/ti5/ws_moveit2/install/moveit:/home/ti5/ws_moveit2/install/moveit_planners:/home/ti5/ws_moveit2/install/pilz_industrial_motion_planner:/home/ti5/ws_moveit2/install/moveit_visual_tools:/home/ti5/ws_moveit2/install/moveit_task_constructor_visualization:/home/ti5/ws_moveit2/install/moveit_task_constructor_demo:/home/ti5/ws_moveit2/install/moveit_task_constructor_capabilities:/home/ti5/ws_moveit2/install/moveit_task_constructor_core:/home/ti5/ws_moveit2/install/moveit_ros_control_interface:/home/ti5/ws_moveit2/install/moveit_plugins:/home/ti5/ws_moveit2/install/moveit_simple_controller_manager:/home/ti5/ws_moveit2/install/moveit_setup_assistant:/home/ti5/ws_moveit2/install/moveit_setup_srdf_plugins:/home/ti5/ws_moveit2/install/moveit_setup_core_plugins:/home/ti5/ws_moveit2/install/moveit_setup_controllers:/home/ti5/ws_moveit2/install/moveit_setup_app_plugins:/home/ti5/ws_moveit2/install/moveit_setup_framework:/home/ti5/ws_moveit2/install/moveit_servo:/home/ti5/ws_moveit2/install/moveit_ros:/home/ti5/ws_moveit2/install/moveit_ros_visualization:/home/ti5/ws_moveit2/install/moveit_hybrid_planning:/home/ti5/ws_moveit2/install/moveit_ros_planning_interface:/home/ti5/ws_moveit2/install/moveit_ros_benchmarks:/home/ti5/ws_moveit2/install/moveit_ros_warehouse:/home/ti5/ws_moveit2/install/moveit_ros_robot_interaction:/home/ti5/ws_moveit2/install/moveit_ros_perception:/home/ti5/ws_moveit2/install/moveit_resources_prbt_pg70_support:/home/ti5/ws_moveit2/install/moveit_resources_prbt_moveit_config:/home/ti5/ws_moveit2/install/moveit_ros_move_group:/home/ti5/ws_moveit2/install/moveit_planners_ompl:/home/ti5/ws_moveit2/install/moveit_ros_planning:/home/ti5/ws_moveit2/install/moveit_ros_occupancy_map_monitor:/home/ti5/ws_moveit2/install/moveit_resources_prbt_ikfast_manipulator_plugin:/home/ti5/ws_moveit2/install/moveit_planners_chomp:/home/ti5/ws_moveit2/install/moveit_kinematics:/home/ti5/ws_moveit2/install/moveit_chomp_optimizer_adapter:/home/ti5/ws_moveit2/install/chomp_motion_planner:/home/ti5/ws_moveit2/install/moveit_core:/home/ti5/ws_moveit2/install/rviz_marker_tools:/home/ti5/ws_moveit2/install/rosparam_shortcuts:/home/ti5/ws_moveit2/install/moveit_task_constructor_msgs:/home/ti5/ws_moveit2/install/moveit_resources_prbt_support:/home/ti5/ws_moveit2/install/moveit_resources:/home/ti5/ws_moveit2/install/moveit_resources_fanuc_moveit_config:/home/ti5/ws_moveit2/install/moveit_resources_fanuc_description:/home/ti5/ws_moveit2/install/demo:/home/ti5/ws_moveit2/install/moveit_configs_utils:/home/ti5/ws_moveit2/install/launch_param_builder:/opt/ros/humble LD_LIBRARY_PATH=/home/ti5/ws_moveit2/install/srdfdom/lib:/home/ti5/ws_moveit2/install/pilz_industrial_motion_planner_testutils/lib:/home/ti5/ws_moveit2/install/pilz_industrial_motion_planner/lib:/home/ti5/ws_moveit2/install/moveit_visual_tools/lib:/home/ti5/ws_moveit2/install/moveit_task_constructor_visualization/lib:/home/ti5/ws_moveit2/install/moveit_task_constructor_demo/lib:/home/ti5/ws_moveit2/install/moveit_task_constructor_capabilities/lib:/home/ti5/ws_moveit2/install/moveit_task_constructor_core/lib:/home/ti5/ws_moveit2/install/moveit_ros_control_interface/lib:/home/ti5/ws_moveit2/install/moveit_simple_controller_manager/lib:/home/ti5/ws_moveit2/install/moveit_setup_assistant/lib:/home/ti5/ws_moveit2/install/moveit_setup_srdf_plugins/lib:/home/ti5/ws_moveit2/install/moveit_setup_core_plugins/lib:/home/ti5/ws_moveit2/install/moveit_setup_controllers/lib:/home/ti5/ws_moveit2/install/moveit_setup_app_plugins/lib:/home/ti5/ws_moveit2/install/moveit_setup_framework/lib:/home/ti5/ws_moveit2/install/moveit_servo/lib:/home/ti5/ws_moveit2/install/moveit_ros_visualization/lib:/home/ti5/ws_moveit2/install/moveit_hybrid_planning/lib:/home/ti5/ws_moveit2/install/moveit_ros_planning_interface/lib:/home/ti5/ws_moveit2/install/moveit_ros_benchmarks/lib:/home/ti5/ws_moveit2/install/moveit_ros_warehouse/lib:/home/ti5/ws_moveit2/install/moveit_ros_robot_interaction/lib:/home/ti5/ws_moveit2/install/moveit_ros_perception/lib:/home/ti5/ws_moveit2/install/moveit_ros_move_group/lib:/home/ti5/ws_moveit2/install/moveit_planners_ompl/lib:/home/ti5/ws_moveit2/install/moveit_ros_planning/lib:/home/ti5/ws_moveit2/install/moveit_ros_occupancy_map_monitor/lib:/home/ti5/ws_moveit2/install/moveit_resources_prbt_ikfast_manipulator_plugin/lib:/home/ti5/ws_moveit2/install/moveit_planners_chomp/lib:/home/ti5/ws_moveit2/install/moveit_kinematics/lib:/home/ti5/ws_moveit2/install/moveit_chomp_optimizer_adapter/lib:/home/ti5/ws_moveit2/install/chomp_motion_planner/lib:/home/ti5/ws_moveit2/install/moveit_core/lib:/home/ti5/ws_moveit2/install/rviz_marker_tools/lib:/home/ti5/ws_moveit2/install/rosparam_shortcuts/lib:/home/ti5/ws_moveit2/install/moveit_task_constructor_msgs/lib:/opt/ros/humble/opt/rviz_ogre_vendor/lib:/opt/ros/humble/lib/x86_64-linux-gnu:/opt/ros/humble/lib /usr/bin/cmake --build /home/ti5/ws_moveit2/build/moveit_core -- -j4 -l4
[8.818s] Invoking command in '/home/ti5/ws_moveit2/build/moveit_core': CMAKE_PREFIX_PATH=/home/ti5/ws_moveit2/install/moveit_resources_panda_moveit_config:/home/ti5/ws_moveit2/install/srdfdom:/home/ti5/ws_moveit2/install/moveit_resources_pr2_description:/home/ti5/ws_moveit2/install/moveit_resources_panda_description:/home/ti5/ws_moveit2/install/moveit_common:/home/ti5/ws_moveit2/install/arm5:/home/ti5/ws_moveit2/install/arm3:/home/ti5/ws_moveit2/install/arm2:/home/ti5/ws_moveit2/install/arm1:/home/ti5/ws_moveit2/install/ti5_urdf:/home/ti5/ws_moveit2/install/pilz_industrial_motion_planner_testutils:/home/ti5/ws_moveit2/install/moveit_runtime:/home/ti5/ws_moveit2/install/moveit2_tutorials:/home/ti5/ws_moveit2/install/moveit:/home/ti5/ws_moveit2/install/moveit_planners:/home/ti5/ws_moveit2/install/pilz_industrial_motion_planner:/home/ti5/ws_moveit2/install/moveit_visual_tools:/home/ti5/ws_moveit2/install/moveit_task_constructor_visualization:/home/ti5/ws_moveit2/install/moveit_task_constructor_demo:/home/ti5/ws_moveit2/install/moveit_task_constructor_capabilities:/home/ti5/ws_moveit2/install/moveit_task_constructor_core:/home/ti5/ws_moveit2/install/moveit_ros_control_interface:/home/ti5/ws_moveit2/install/moveit_plugins:/home/ti5/ws_moveit2/install/moveit_simple_controller_manager:/home/ti5/ws_moveit2/install/moveit_setup_assistant:/home/ti5/ws_moveit2/install/moveit_setup_srdf_plugins:/home/ti5/ws_moveit2/install/moveit_setup_core_plugins:/home/ti5/ws_moveit2/install/moveit_setup_controllers:/home/ti5/ws_moveit2/install/moveit_setup_app_plugins:/home/ti5/ws_moveit2/install/moveit_setup_framework:/home/ti5/ws_moveit2/install/moveit_servo:/home/ti5/ws_moveit2/install/moveit_ros:/home/ti5/ws_moveit2/install/moveit_ros_visualization:/home/ti5/ws_moveit2/install/moveit_hybrid_planning:/home/ti5/ws_moveit2/install/moveit_ros_planning_interface:/home/ti5/ws_moveit2/install/moveit_ros_benchmarks:/home/ti5/ws_moveit2/install/moveit_ros_warehouse:/home/ti5/ws_moveit2/install/moveit_ros_robot_interaction:/home/ti5/ws_moveit2/install/moveit_ros_perception:/home/ti5/ws_moveit2/install/moveit_resources_prbt_pg70_support:/home/ti5/ws_moveit2/install/moveit_resources_prbt_moveit_config:/home/ti5/ws_moveit2/install/moveit_ros_move_group:/home/ti5/ws_moveit2/install/moveit_planners_ompl:/home/ti5/ws_moveit2/install/moveit_ros_planning:/home/ti5/ws_moveit2/install/moveit_ros_occupancy_map_monitor:/home/ti5/ws_moveit2/install/moveit_resources_prbt_ikfast_manipulator_plugin:/home/ti5/ws_moveit2/install/moveit_planners_chomp:/home/ti5/ws_moveit2/install/moveit_kinematics:/home/ti5/ws_moveit2/install/moveit_chomp_optimizer_adapter:/home/ti5/ws_moveit2/install/chomp_motion_planner:/home/ti5/ws_moveit2/install/moveit_core:/home/ti5/ws_moveit2/install/rviz_marker_tools:/home/ti5/ws_moveit2/install/rosparam_shortcuts:/home/ti5/ws_moveit2/install/moveit_task_constructor_msgs:/home/ti5/ws_moveit2/install/moveit_resources_prbt_support:/home/ti5/ws_moveit2/install/moveit_resources:/home/ti5/ws_moveit2/install/moveit_resources_fanuc_moveit_config:/home/ti5/ws_moveit2/install/moveit_resources_fanuc_description:/home/ti5/ws_moveit2/install/demo:/home/ti5/ws_moveit2/install/moveit_configs_utils:/home/ti5/ws_moveit2/install/launch_param_builder:/opt/ros/humble LD_LIBRARY_PATH=/home/ti5/ws_moveit2/install/srdfdom/lib:/home/ti5/ws_moveit2/install/pilz_industrial_motion_planner_testutils/lib:/home/ti5/ws_moveit2/install/pilz_industrial_motion_planner/lib:/home/ti5/ws_moveit2/install/moveit_visual_tools/lib:/home/ti5/ws_moveit2/install/moveit_task_constructor_visualization/lib:/home/ti5/ws_moveit2/install/moveit_task_constructor_demo/lib:/home/ti5/ws_moveit2/install/moveit_task_constructor_capabilities/lib:/home/ti5/ws_moveit2/install/moveit_task_constructor_core/lib:/home/ti5/ws_moveit2/install/moveit_ros_control_interface/lib:/home/ti5/ws_moveit2/install/moveit_simple_controller_manager/lib:/home/ti5/ws_moveit2/install/moveit_setup_assistant/lib:/home/ti5/ws_moveit2/install/moveit_setup_srdf_plugins/lib:/home/ti5/ws_moveit2/install/moveit_setup_core_plugins/lib:/home/ti5/ws_moveit2/install/moveit_setup_controllers/lib:/home/ti5/ws_moveit2/install/moveit_setup_app_plugins/lib:/home/ti5/ws_moveit2/install/moveit_setup_framework/lib:/home/ti5/ws_moveit2/install/moveit_servo/lib:/home/ti5/ws_moveit2/install/moveit_ros_visualization/lib:/home/ti5/ws_moveit2/install/moveit_hybrid_planning/lib:/home/ti5/ws_moveit2/install/moveit_ros_planning_interface/lib:/home/ti5/ws_moveit2/install/moveit_ros_benchmarks/lib:/home/ti5/ws_moveit2/install/moveit_ros_warehouse/lib:/home/ti5/ws_moveit2/install/moveit_ros_robot_interaction/lib:/home/ti5/ws_moveit2/install/moveit_ros_perception/lib:/home/ti5/ws_moveit2/install/moveit_ros_move_group/lib:/home/ti5/ws_moveit2/install/moveit_planners_ompl/lib:/home/ti5/ws_moveit2/install/moveit_ros_planning/lib:/home/ti5/ws_moveit2/install/moveit_ros_occupancy_map_monitor/lib:/home/ti5/ws_moveit2/install/moveit_resources_prbt_ikfast_manipulator_plugin/lib:/home/ti5/ws_moveit2/install/moveit_planners_chomp/lib:/home/ti5/ws_moveit2/install/moveit_kinematics/lib:/home/ti5/ws_moveit2/install/moveit_chomp_optimizer_adapter/lib:/home/ti5/ws_moveit2/install/chomp_motion_planner/lib:/home/ti5/ws_moveit2/install/moveit_core/lib:/home/ti5/ws_moveit2/install/rviz_marker_tools/lib:/home/ti5/ws_moveit2/install/rosparam_shortcuts/lib:/home/ti5/ws_moveit2/install/moveit_task_constructor_msgs/lib:/opt/ros/humble/opt/rviz_ogre_vendor/lib:/opt/ros/humble/lib/x86_64-linux-gnu:/opt/ros/humble/lib /usr/bin/cmake --install /home/ti5/ws_moveit2/build/moveit_core
[8.879s] -- Install configuration: "Release"
[8.880s] -- Up-to-date: /home/ti5/ws_moveit2/install/moveit_core/include/moveit/version.h
[8.881s] -- Up-to-date: /home/ti5/ws_moveit2/install/moveit_core/include
[8.883s] -- Up-to-date: /home/ti5/ws_moveit2/install/moveit_core/include/moveit
[8.883s] -- Up-to-date: /home/ti5/ws_moveit2/install/moveit_core/include/moveit/collision_distance_field
[8.884s] -- Up-to-date: /home/ti5/ws_moveit2/install/moveit_core/include/moveit/collision_distance_field/collision_common_distance_field.h
[8.884s] -- Up-to-date: /home/ti5/ws_moveit2/install/moveit_core/include/moveit/collision_distance_field/collision_detector_allocator_hybrid.h
[8.885s] -- Up-to-date: /home/ti5/ws_moveit2/install/moveit_core/include/moveit/collision_distance_field/collision_env_distance_field.h
[8.887s] -- Up-to-date: /home/ti5/ws_moveit2/install/moveit_core/include/moveit/collision_distance_field/collision_env_hybrid.h
[8.888s] -- Up-to-date: /home/ti5/ws_moveit2/install/moveit_core/include/moveit/collision_distance_field/collision_detector_allocator_distance_field.h
[8.889s] -- Up-to-date: /home/ti5/ws_moveit2/install/moveit_core/include/moveit/collision_distance_field/collision_distance_field_types.h
[8.890s] -- Up-to-date: /home/ti5/ws_moveit2/install/moveit_core/include/moveit_collision_distance_field_export.h
[8.890s] -- Up-to-date: /home/ti5/ws_moveit2/install/moveit_core/include
[8.893s] -- Up-to-date: /home/ti5/ws_moveit2/install/moveit_core/include/moveit
[8.895s] -- Up-to-date: /home/ti5/ws_moveit2/install/moveit_core/include/moveit/constraint_samplers
[8.898s] -- Up-to-date: /home/ti5/ws_moveit2/install/moveit_core/include/moveit/constraint_samplers/constraint_sampler_allocator.h
[8.899s] -- Up-to-date: /home/ti5/ws_moveit2/install/moveit_core/include/moveit/constraint_samplers/constraint_sampler_tools.h
[8.899s] -- Up-to-date: /home/ti5/ws_moveit2/install/moveit_core/include/moveit/constraint_samplers/constraint_sampler.h
[8.900s] -- Up-to-date: /home/ti5/ws_moveit2/install/moveit_core/include/moveit/constraint_samplers/default_constraint_samplers.h
[8.904s] -- Up-to-date: /home/ti5/ws_moveit2/install/moveit_core/include/moveit/constraint_samplers/constraint_sampler_manager.h
[8.905s] -- Up-to-date: /home/ti5/ws_moveit2/install/moveit_core/include/moveit/constraint_samplers/union_constraint_sampler.h
[8.906s] -- Up-to-date: /home/ti5/ws_moveit2/install/moveit_core/include
[8.910s] -- Up-to-date: /home/ti5/ws_moveit2/install/moveit_core/include/moveit
[8.910s] -- Up-to-date: /home/ti5/ws_moveit2/install/moveit_core/include/moveit/controller_manager
[8.910s] -- Up-to-date: /home/ti5/ws_moveit2/install/moveit_core/include/moveit/controller_manager/controller_manager.h
[8.913s] -- Up-to-date: /home/ti5/ws_moveit2/install/moveit_core/include
[8.913s] -- Up-to-date: /home/ti5/ws_moveit2/install/moveit_core/include/moveit
[8.914s] -- Up-to-date: /home/ti5/ws_moveit2/install/moveit_core/include/moveit/distance_field
[8.914s] -- Up-to-date: /home/ti5/ws_moveit2/install/moveit_core/include/moveit/distance_field/propagation_distance_field.h
[8.925s] -- Up-to-date: /home/ti5/ws_moveit2/install/moveit_core/include/moveit/distance_field/distance_field.h
[8.926s] -- Up-to-date: /home/ti5/ws_moveit2/install/moveit_core/include/moveit/distance_field/find_internal_points.h
[8.926s] -- Up-to-date: /home/ti5/ws_moveit2/install/moveit_core/include/moveit/distance_field/voxel_grid.h
[8.926s] -- Up-to-date: /home/ti5/ws_moveit2/install/moveit_core/include
[8.927s] -- Up-to-date: /home/ti5/ws_moveit2/install/moveit_core/include/moveit
[8.927s] -- Up-to-date: /home/ti5/ws_moveit2/install/moveit_core/include/moveit/dynamics_solver
[8.928s] -- Up-to-date: /home/ti5/ws_moveit2/install/moveit_core/include/moveit/dynamics_solver/dynamics_solver.h
[8.928s] -- Up-to-date: /home/ti5/ws_moveit2/install/moveit_core/include
[8.929s] -- Up-to-date: /home/ti5/ws_moveit2/install/moveit_core/include/moveit
[8.929s] -- Up-to-date: /home/ti5/ws_moveit2/install/moveit_core/include/moveit/exceptions
[8.930s] -- Up-to-date: /home/ti5/ws_moveit2/install/moveit_core/include/moveit/exceptions/exceptions.h
[8.931s] -- Up-to-date: /home/ti5/ws_moveit2/install/moveit_core/include
[8.931s] -- Up-to-date: /home/ti5/ws_moveit2/install/moveit_core/include/moveit
[8.933s] -- Up-to-date: /home/ti5/ws_moveit2/install/moveit_core/include/moveit/kinematics_base
[8.934s] -- Up-to-date: /home/ti5/ws_moveit2/install/moveit_core/include/moveit/kinematics_base/kinematics_base.h
[8.937s] -- Up-to-date: /home/ti5/ws_moveit2/install/moveit_core/include/moveit_kinematics_base_export.h
[8.937s] -- Up-to-date: /home/ti5/ws_moveit2/install/moveit_core/include
[8.938s] -- Up-to-date: /home/ti5/ws_moveit2/install/moveit_core/include/moveit
[8.938s] -- Up-to-date: /home/ti5/ws_moveit2/install/moveit_core/include/moveit/kinematic_constraints
[8.939s] -- Up-to-date: /home/ti5/ws_moveit2/install/moveit_core/include/moveit/kinematic_constraints/kinematic_constraint.h
[8.939s] -- Up-to-date: /home/ti5/ws_moveit2/install/moveit_core/include/moveit/kinematic_constraints/utils.h
[8.940s] -- Up-to-date: /home/ti5/ws_moveit2/install/moveit_core/include
[8.940s] -- Up-to-date: /home/ti5/ws_moveit2/install/moveit_core/include/moveit
[8.941s] -- Up-to-date: /home/ti5/ws_moveit2/install/moveit_core/include/moveit/kinematics_metrics
[8.941s] -- Up-to-date: /home/ti5/ws_moveit2/install/moveit_core/include/moveit/kinematics_metrics/kinematics_metrics.h
[8.942s] -- Up-to-date: /home/ti5/ws_moveit2/install/moveit_core/include
[8.942s] -- Up-to-date: /home/ti5/ws_moveit2/install/moveit_core/include/moveit
[8.942s] -- Up-to-date: /home/ti5/ws_moveit2/install/moveit_core/include/moveit/macros
[8.943s] -- Up-to-date: /home/ti5/ws_moveit2/install/moveit_core/include/moveit/macros/declare_ptr.h
[8.943s] -- Up-to-date: /home/ti5/ws_moveit2/install/moveit_core/include/moveit/macros/class_forward.h
[8.944s] -- Up-to-date: /home/ti5/ws_moveit2/install/moveit_core/include/moveit/macros/console_colors.h
[8.944s] -- Up-to-date: /home/ti5/ws_moveit2/install/moveit_core/include/moveit/macros/deprecation.h
[8.945s] -- Up-to-date: /home/ti5/ws_moveit2/install/moveit_core/include/moveit_butterworth_parameters
[8.945s] -- Up-to-date: /home/ti5/ws_moveit2/install/moveit_core/include/moveit_butterworth_parameters/moveit_butterworth_parameters.hpp
[8.945s] -- Up-to-date: /home/ti5/ws_moveit2/install/moveit_core/include
[8.947s] -- Up-to-date: /home/ti5/ws_moveit2/install/moveit_core/include/moveit
[8.947s] -- Up-to-date: /home/ti5/ws_moveit2/install/moveit_core/include/moveit/online_signal_smoothing
[8.949s] -- Up-to-date: /home/ti5/ws_moveit2/install/moveit_core/include/moveit/online_signal_smoothing/butterworth_filter.h
[8.950s] -- Up-to-date: /home/ti5/ws_moveit2/install/moveit_core/include/moveit/online_signal_smoothing/smoothing_base_class.h
[8.951s] -- Up-to-date: /home/ti5/ws_moveit2/install/moveit_core/include/moveit_smoothing_base_export.h
[8.951s] -- Up-to-date: /home/ti5/ws_moveit2/install/moveit_core/include/moveit_butterworth_filter_export.h
[8.952s] -- Up-to-date: /home/ti5/ws_moveit2/install/moveit_core/include
[8.953s] -- Up-to-date: /home/ti5/ws_moveit2/install/moveit_core/include/moveit
[8.953s] -- Up-to-date: /home/ti5/ws_moveit2/install/moveit_core/include/moveit/planning_interface
[8.954s] -- Up-to-date: /home/ti5/ws_moveit2/install/moveit_core/include/moveit/planning_interface/planning_request.h
[8.954s] -- Up-to-date: /home/ti5/ws_moveit2/install/moveit_core/include/moveit/planning_interface/planning_interface.h
[8.954s] -- Up-to-date: /home/ti5/ws_moveit2/install/moveit_core/include/moveit/planning_interface/planning_response.h
[8.955s] -- Up-to-date: /home/ti5/ws_moveit2/install/moveit_core/include
[8.955s] -- Up-to-date: /home/ti5/ws_moveit2/install/moveit_core/include/moveit
[8.956s] -- Up-to-date: /home/ti5/ws_moveit2/install/moveit_core/include/moveit/planning_request_adapter
[8.956s] -- Up-to-date: /home/ti5/ws_moveit2/install/moveit_core/include/moveit/planning_request_adapter/planning_request_adapter.h
[8.957s] -- Up-to-date: /home/ti5/ws_moveit2/install/moveit_core/include
[8.957s] -- Up-to-date: /home/ti5/ws_moveit2/install/moveit_core/include/moveit
[8.958s] -- Up-to-date: /home/ti5/ws_moveit2/install/moveit_core/include/moveit/planning_scene
[8.958s] -- Up-to-date: /home/ti5/ws_moveit2/install/moveit_core/include/moveit/planning_scene/planning_scene.h
[8.959s] -- Up-to-date: /home/ti5/ws_moveit2/install/moveit_core/include/moveit_planning_scene_export.h
[8.960s] -- Up-to-date: /home/ti5/ws_moveit2/install/moveit_core/include
[8.961s] -- Up-to-date: /home/ti5/ws_moveit2/install/moveit_core/include/moveit
[8.962s] -- Up-to-date: /home/ti5/ws_moveit2/install/moveit_core/include/moveit/robot_model
[8.962s] -- Up-to-date: /home/ti5/ws_moveit2/install/moveit_core/include/moveit/robot_model/floating_joint_model.h
[8.963s] -- Up-to-date: /home/ti5/ws_moveit2/install/moveit_core/include/moveit/robot_model/fixed_joint_model.h
[8.963s] -- Up-to-date: /home/ti5/ws_moveit2/install/moveit_core/include/moveit/robot_model/joint_model.h
[8.964s] -- Up-to-date: /home/ti5/ws_moveit2/install/moveit_core/include/moveit/robot_model/aabb.h
[8.964s] -- Up-to-date: /home/ti5/ws_moveit2/install/moveit_core/include/moveit/robot_model/planar_joint_model.h
[8.965s] -- Up-to-date: /home/ti5/ws_moveit2/install/moveit_core/include/moveit/robot_model/link_model.h
[8.965s] -- Up-to-date: /home/ti5/ws_moveit2/install/moveit_core/include/moveit/robot_model/revolute_joint_model.h
[8.965s] -- Up-to-date: /home/ti5/ws_moveit2/install/moveit_core/include/moveit/robot_model/prismatic_joint_model.h
[8.966s] -- Up-to-date: /home/ti5/ws_moveit2/install/moveit_core/include/moveit/robot_model/robot_model.h
[8.967s] -- Up-to-date: /home/ti5/ws_moveit2/install/moveit_core/include/moveit/robot_model/joint_model_group.h
[8.968s] -- Up-to-date: /home/ti5/ws_moveit2/install/moveit_core/include
[8.968s] -- Up-to-date: /home/ti5/ws_moveit2/install/moveit_core/include/moveit
[8.969s] -- Up-to-date: /home/ti5/ws_moveit2/install/moveit_core/include/moveit/robot_state
[8.969s] -- Up-to-date: /home/ti5/ws_moveit2/install/moveit_core/include/moveit/robot_state/attached_body.h
[8.970s] -- Up-to-date: /home/ti5/ws_moveit2/install/moveit_core/include/moveit/robot_state/robot_state.h
[8.970s] -- Up-to-date: /home/ti5/ws_moveit2/install/moveit_core/include/moveit/robot_state/conversions.h
[8.971s] -- Up-to-date: /home/ti5/ws_moveit2/install/moveit_core/include/moveit/robot_state/cartesian_interpolator.h
[8.971s] -- Up-to-date: /home/ti5/ws_moveit2/install/moveit_core/include
[8.972s] -- Up-to-date: /home/ti5/ws_moveit2/install/moveit_core/include/moveit
[8.973s] -- Up-to-date: /home/ti5/ws_moveit2/install/moveit_core/include/moveit/robot_trajectory
[8.975s] -- Up-to-date: /home/ti5/ws_moveit2/install/moveit_core/include/moveit/robot_trajectory/robot_trajectory.h
[8.976s] -- Up-to-date: /home/ti5/ws_moveit2/install/moveit_core/include
[8.976s] -- Up-to-date: /home/ti5/ws_moveit2/install/moveit_core/include/moveit
[8.977s] -- Up-to-date: /home/ti5/ws_moveit2/install/moveit_core/include/moveit/sensor_manager
[8.978s] -- Up-to-date: /home/ti5/ws_moveit2/install/moveit_core/include/moveit/sensor_manager/sensor_manager.h
[8.978s] -- Up-to-date: /home/ti5/ws_moveit2/install/moveit_core/include
[8.979s] -- Up-to-date: /home/ti5/ws_moveit2/install/moveit_core/include/moveit
[8.980s] -- Up-to-date: /home/ti5/ws_moveit2/install/moveit_core/include/moveit/trajectory_processing
[8.981s] -- Up-to-date: /home/ti5/ws_moveit2/install/moveit_core/include/moveit/trajectory_processing/trajectory_tools.h
[8.981s] -- Up-to-date: /home/ti5/ws_moveit2/install/moveit_core/include/moveit/trajectory_processing/iterative_time_parameterization.h
[8.983s] -- Up-to-date: /home/ti5/ws_moveit2/install/moveit_core/include/moveit/trajectory_processing/time_parameterization.h
[8.983s] -- Up-to-date: /home/ti5/ws_moveit2/install/moveit_core/include/moveit/trajectory_processing/ruckig_traj_smoothing.h
[8.984s] -- Up-to-date: /home/ti5/ws_moveit2/install/moveit_core/include/moveit/trajectory_processing/time_optimal_trajectory_generation.h
[8.984s] -- Up-to-date: /home/ti5/ws_moveit2/install/moveit_core/include/moveit/trajectory_processing/iterative_spline_parameterization.h
[8.985s] -- Up-to-date: /home/ti5/ws_moveit2/install/moveit_core/include
[8.985s] -- Up-to-date: /home/ti5/ws_moveit2/install/moveit_core/include/moveit
[8.986s] -- Up-to-date: /home/ti5/ws_moveit2/install/moveit_core/include/moveit/transforms
[8.986s] -- Up-to-date: /home/ti5/ws_moveit2/install/moveit_core/include/moveit/transforms/transforms.h
[8.987s] -- Up-to-date: /home/ti5/ws_moveit2/install/moveit_core/include
[8.987s] -- Up-to-date: /home/ti5/ws_moveit2/install/moveit_core/include/moveit
[8.988s] -- Up-to-date: /home/ti5/ws_moveit2/install/moveit_core/include/moveit/utils
[8.989s] -- Up-to-date: /home/ti5/ws_moveit2/install/moveit_core/include/moveit/utils/moveit_error_code.h
[8.989s] -- Up-to-date: /home/ti5/ws_moveit2/install/moveit_core/include/moveit/utils/message_checks.h
[8.989s] -- Up-to-date: /home/ti5/ws_moveit2/install/moveit_core/include/moveit/utils/lexical_casts.h
[8.990s] -- Up-to-date: /home/ti5/ws_moveit2/install/moveit_core/include/moveit/utils/robot_model_test_utils.h
[8.990s] -- Up-to-date: /home/ti5/ws_moveit2/install/moveit_core/include/moveit/utils/rclcpp_utils.h
[8.991s] -- Up-to-date: /home/ti5/ws_moveit2/install/moveit_core/bin/moveit_version
[8.991s] -- Up-to-date: /home/ti5/ws_moveit2/install/moveit_core/include
[8.991s] -- Up-to-date: /home/ti5/ws_moveit2/install/moveit_core/include/moveit
[8.992s] -- Up-to-date: /home/ti5/ws_moveit2/install/moveit_core/include/moveit/collision_detection
[8.992s] -- Up-to-date: /home/ti5/ws_moveit2/install/moveit_core/include/moveit/collision_detection/collision_plugin_cache.h
[8.993s] -- Up-to-date: /home/ti5/ws_moveit2/install/moveit_core/include/moveit/collision_detection/collision_plugin.h
[8.993s] -- Up-to-date: /home/ti5/ws_moveit2/install/moveit_core/include/moveit/collision_detection/world.h
[8.993s] -- Up-to-date: /home/ti5/ws_moveit2/install/moveit_core/include/moveit/collision_detection/collision_matrix.h
[8.994s] -- Up-to-date: /home/ti5/ws_moveit2/install/moveit_core/include/moveit/collision_detection/test_collision_common_panda.h
[8.994s] -- Up-to-date: /home/ti5/ws_moveit2/install/moveit_core/include/moveit/collision_detection/test_collision_common_pr2.h
[8.994s] -- Up-to-date: /home/ti5/ws_moveit2/install/moveit_core/include/moveit/collision_detection/collision_octomap_filter.h
[8.995s] -- Up-to-date: /home/ti5/ws_moveit2/install/moveit_core/include/moveit/collision_detection/collision_tools.h
[8.995s] -- Up-to-date: /home/ti5/ws_moveit2/install/moveit_core/include/moveit/collision_detection/collision_common.h
[8.996s] -- Up-to-date: /home/ti5/ws_moveit2/install/moveit_core/include/moveit/collision_detection/world_diff.h
[8.996s] -- Up-to-date: /home/ti5/ws_moveit2/install/moveit_core/include/moveit/collision_detection/occupancy_map.h
[8.997s] -- Up-to-date: /home/ti5/ws_moveit2/install/moveit_core/include/moveit/collision_detection/collision_detector_allocator.h
[8.998s] -- Up-to-date: /home/ti5/ws_moveit2/install/moveit_core/include/moveit/collision_detection/allvalid
[8.999s] -- Up-to-date: /home/ti5/ws_moveit2/install/moveit_core/include/moveit/collision_detection/allvalid/collision_env_allvalid.h
[8.999s] -- Up-to-date: /home/ti5/ws_moveit2/install/moveit_core/include/moveit/collision_detection/allvalid/collision_detector_allocator_allvalid.h
[8.999s] -- Up-to-date: /home/ti5/ws_moveit2/install/moveit_core/include/moveit/collision_detection/collision_env.h
[9.000s] -- Up-to-date: /home/ti5/ws_moveit2/install/moveit_core/include/moveit_collision_detection_export.h
[9.001s] -- Up-to-date: /home/ti5/ws_moveit2/install/moveit_core/include
[9.001s] -- Up-to-date: /home/ti5/ws_moveit2/install/moveit_core/include/moveit
[9.002s] -- Up-to-date: /home/ti5/ws_moveit2/install/moveit_core/include/moveit/collision_detection_bullet
[9.002s] -- Up-to-date: /home/ti5/ws_moveit2/install/moveit_core/include/moveit/collision_detection_bullet/bullet_integration
[9.002s] -- Up-to-date: /home/ti5/ws_moveit2/install/moveit_core/include/moveit/collision_detection_bullet/bullet_integration/bullet_utils.h
[9.003s] -- Up-to-date: /home/ti5/ws_moveit2/install/moveit_core/include/moveit/collision_detection_bullet/bullet_integration/basic_types.h
[9.003s] -- Up-to-date: /home/ti5/ws_moveit2/install/moveit_core/include/moveit/collision_detection_bullet/bullet_integration/bullet_discrete_bvh_manager.h
[9.004s] -- Up-to-date: /home/ti5/ws_moveit2/install/moveit_core/include/moveit/collision_detection_bullet/bullet_integration/bullet_cast_bvh_manager.h
[9.004s] -- Up-to-date: /home/ti5/ws_moveit2/install/moveit_core/include/moveit/collision_detection_bullet/bullet_integration/bullet_bvh_manager.h
[9.005s] -- Up-to-date: /home/ti5/ws_moveit2/install/moveit_core/include/moveit/collision_detection_bullet/bullet_integration/ros_bullet_utils.h
[9.005s] -- Up-to-date: /home/ti5/ws_moveit2/install/moveit_core/include/moveit/collision_detection_bullet/bullet_integration/contact_checker_common.h
[9.006s] -- Up-to-date: /home/ti5/ws_moveit2/install/moveit_core/include/moveit/collision_detection_bullet/collision_env_bullet.h
[9.006s] -- Up-to-date: /home/ti5/ws_moveit2/install/moveit_core/include/moveit/collision_detection_bullet/collision_detector_bullet_plugin_loader.h
[9.007s] -- Up-to-date: /home/ti5/ws_moveit2/install/moveit_core/include/moveit/collision_detection_bullet/collision_detector_allocator_bullet.h
[9.007s] -- Up-to-date: /home/ti5/ws_moveit2/install/moveit_core/include/moveit_collision_detection_bullet_export.h
[9.008s] -- Up-to-date: /home/ti5/ws_moveit2/install/moveit_core/include
[9.008s] -- Up-to-date: /home/ti5/ws_moveit2/install/moveit_core/include/moveit
[9.009s] -- Up-to-date: /home/ti5/ws_moveit2/install/moveit_core/include/moveit/collision_detection_fcl
[9.009s] -- Up-to-date: /home/ti5/ws_moveit2/install/moveit_core/include/moveit/collision_detection_fcl/collision_detector_allocator_fcl.h
[9.010s] -- Up-to-date: /home/ti5/ws_moveit2/install/moveit_core/include/moveit/collision_detection_fcl/fcl_compat.h
[9.010s] -- Up-to-date: /home/ti5/ws_moveit2/install/moveit_core/include/moveit/collision_detection_fcl/collision_common.h
[9.010s] -- Up-to-date: /home/ti5/ws_moveit2/install/moveit_core/include/moveit/collision_detection_fcl/collision_detector_fcl_plugin_loader.h
[9.011s] -- Up-to-date: /home/ti5/ws_moveit2/install/moveit_core/include/moveit/collision_detection_fcl/collision_env_fcl.h
[9.011s] -- Up-to-date: /home/ti5/ws_moveit2/install/moveit_core/include/moveit_collision_detection_fcl_export.h
[9.012s] -- Up-to-date: /home/ti5/ws_moveit2/install/moveit_core/lib/libcollision_detector_bullet_plugin.so.2.5.5
[9.012s] -- Up-to-date: /home/ti5/ws_moveit2/install/moveit_core/lib/libcollision_detector_bullet_plugin.so
[9.013s] -- Up-to-date: /home/ti5/ws_moveit2/install/moveit_core/lib/libmoveit_butterworth_filter.so.2.5.5
[9.014s] -- Up-to-date: /home/ti5/ws_moveit2/install/moveit_core/lib/libmoveit_butterworth_filter.so
[9.014s] -- Up-to-date: /home/ti5/ws_moveit2/install/moveit_core/lib/libmoveit_collision_distance_field.so.2.5.5
[9.015s] -- Up-to-date: /home/ti5/ws_moveit2/install/moveit_core/lib/libmoveit_collision_distance_field.so
[9.016s] -- Up-to-date: /home/ti5/ws_moveit2/install/moveit_core/lib/libmoveit_collision_detection.so.2.5.5
[9.017s] -- Up-to-date: /home/ti5/ws_moveit2/install/moveit_core/lib/libmoveit_collision_detection.so
[9.019s] -- Up-to-date: /home/ti5/ws_moveit2/install/moveit_core/lib/libmoveit_collision_detection_fcl.so.2.5.5
[9.020s] -- Up-to-date: /home/ti5/ws_moveit2/install/moveit_core/lib/libmoveit_collision_detection_fcl.so
[9.021s] -- Up-to-date: /home/ti5/ws_moveit2/install/moveit_core/lib/libmoveit_collision_detection_bullet.so.2.5.5
[9.022s] -- Up-to-date: /home/ti5/ws_moveit2/install/moveit_core/lib/libmoveit_collision_detection_bullet.so
[9.026s] -- Up-to-date: /home/ti5/ws_moveit2/install/moveit_core/lib/libmoveit_dynamics_solver.so.2.5.5
[9.026s] -- Up-to-date: /home/ti5/ws_moveit2/install/moveit_core/lib/libmoveit_dynamics_solver.so
[9.028s] -- Up-to-date: /home/ti5/ws_moveit2/install/moveit_core/lib/libmoveit_constraint_samplers.so.2.5.5
[9.029s] -- Up-to-date: /home/ti5/ws_moveit2/install/moveit_core/lib/libmoveit_constraint_samplers.so
[9.030s] -- Up-to-date: /home/ti5/ws_moveit2/install/moveit_core/lib/libmoveit_distance_field.so.2.5.5
[9.032s] -- Up-to-date: /home/ti5/ws_moveit2/install/moveit_core/lib/libmoveit_distance_field.so
[9.035s] -- Up-to-date: /home/ti5/ws_moveit2/install/moveit_core/lib/libmoveit_exceptions.so.2.5.5
[9.036s] -- Up-to-date: /home/ti5/ws_moveit2/install/moveit_core/lib/libmoveit_exceptions.so
[9.038s] -- Up-to-date: /home/ti5/ws_moveit2/install/moveit_core/lib/libmoveit_kinematics_base.so
[9.041s] -- Up-to-date: /home/ti5/ws_moveit2/install/moveit_core/lib/libmoveit_kinematic_constraints.so.2.5.5
[9.042s] -- Up-to-date: /home/ti5/ws_moveit2/install/moveit_core/lib/libmoveit_kinematic_constraints.so
[9.043s] -- Up-to-date: /home/ti5/ws_moveit2/install/moveit_core/lib/libmoveit_kinematics_metrics.so.2.5.5
[9.044s] -- Up-to-date: /home/ti5/ws_moveit2/install/moveit_core/lib/libmoveit_kinematics_metrics.so
[9.046s] -- Up-to-date: /home/ti5/ws_moveit2/install/moveit_core/lib/libmoveit_planning_interface.so.2.5.5
[9.047s] -- Up-to-date: /home/ti5/ws_moveit2/install/moveit_core/lib/libmoveit_planning_interface.so
[9.049s] -- Up-to-date: /home/ti5/ws_moveit2/install/moveit_core/lib/libmoveit_planning_scene.so.2.5.5
[9.050s] -- Up-to-date: /home/ti5/ws_moveit2/install/moveit_core/lib/libmoveit_planning_scene.so
[9.052s] -- Up-to-date: /home/ti5/ws_moveit2/install/moveit_core/lib/libmoveit_planning_request_adapter.so.2.5.5
[9.053s] -- Up-to-date: /home/ti5/ws_moveit2/install/moveit_core/lib/libmoveit_planning_request_adapter.so
[9.062s] -- Up-to-date: /home/ti5/ws_moveit2/install/moveit_core/lib/libmoveit_robot_model.so.2.5.5
[9.063s] -- Up-to-date: /home/ti5/ws_moveit2/install/moveit_core/lib/libmoveit_robot_model.so
[9.065s] -- Up-to-date: /home/ti5/ws_moveit2/install/moveit_core/lib/libmoveit_robot_state.so.2.5.5
[9.066s] -- Up-to-date: /home/ti5/ws_moveit2/install/moveit_core/lib/libmoveit_robot_state.so
[9.068s] -- Up-to-date: /home/ti5/ws_moveit2/install/moveit_core/lib/libmoveit_robot_trajectory.so.2.5.5
[9.069s] -- Up-to-date: /home/ti5/ws_moveit2/install/moveit_core/lib/libmoveit_robot_trajectory.so
[9.076s] -- Up-to-date: /home/ti5/ws_moveit2/install/moveit_core/lib/libmoveit_smoothing_base.so.2.5.5
[9.077s] -- Up-to-date: /home/ti5/ws_moveit2/install/moveit_core/lib/libmoveit_smoothing_base.so
[9.080s] -- Up-to-date: /home/ti5/ws_moveit2/install/moveit_core/lib/libmoveit_test_utils.so.2.5.5
[9.081s] -- Up-to-date: /home/ti5/ws_moveit2/install/moveit_core/lib/libmoveit_test_utils.so
[9.083s] -- Up-to-date: /home/ti5/ws_moveit2/install/moveit_core/lib/libmoveit_trajectory_processing.so.2.5.5
[9.085s] -- Up-to-date: /home/ti5/ws_moveit2/install/moveit_core/lib/libmoveit_trajectory_processing.so
[9.090s] -- Up-to-date: /home/ti5/ws_moveit2/install/moveit_core/lib/libmoveit_transforms.so.2.5.5
[9.091s] -- Up-to-date: /home/ti5/ws_moveit2/install/moveit_core/lib/libmoveit_transforms.so
[9.093s] -- Up-to-date: /home/ti5/ws_moveit2/install/moveit_core/lib/libmoveit_utils.so.2.5.5
[9.095s] -- Up-to-date: /home/ti5/ws_moveit2/install/moveit_core/lib/libmoveit_utils.so
[9.096s] -- Up-to-date: /home/ti5/ws_moveit2/install/moveit_core/share/moveit_core/environment/library_path.sh
[9.096s] -- Up-to-date: /home/ti5/ws_moveit2/install/moveit_core/share/moveit_core/environment/library_path.dsv
[9.097s] -- Up-to-date: /home/ti5/ws_moveit2/install/moveit_core/share/moveit_core/collision_detector_fcl_description.xml
[9.098s] -- Up-to-date: /home/ti5/ws_moveit2/install/moveit_core/share/moveit_core/collision_detector_bullet_description.xml
[9.099s] -- Up-to-date: /home/ti5/ws_moveit2/install/moveit_core/share/moveit_core/filter_plugin_butterworth.xml
[9.100s] -- Up-to-date: /home/ti5/ws_moveit2/install/moveit_core/share/ament_index/resource_index/package_run_dependencies/moveit_core
[9.100s] -- Up-to-date: /home/ti5/ws_moveit2/install/moveit_core/share/ament_index/resource_index/parent_prefix_path/moveit_core
[9.101s] -- Up-to-date: /home/ti5/ws_moveit2/install/moveit_core/share/moveit_core/environment/ament_prefix_path.sh
[9.102s] -- Up-to-date: /home/ti5/ws_moveit2/install/moveit_core/share/moveit_core/environment/ament_prefix_path.dsv
[9.103s] -- Up-to-date: /home/ti5/ws_moveit2/install/moveit_core/share/moveit_core/environment/path.sh
[9.105s] -- Up-to-date: /home/ti5/ws_moveit2/install/moveit_core/share/moveit_core/environment/path.dsv
[9.107s] -- Up-to-date: /home/ti5/ws_moveit2/install/moveit_core/share/moveit_core/local_setup.bash
[9.108s] -- Up-to-date: /home/ti5/ws_moveit2/install/moveit_core/share/moveit_core/local_setup.sh
[9.109s] -- Up-to-date: /home/ti5/ws_moveit2/install/moveit_core/share/moveit_core/local_setup.zsh
[9.110s] -- Up-to-date: /home/ti5/ws_moveit2/install/moveit_core/share/moveit_core/local_setup.dsv
[9.110s] -- Installing: /home/ti5/ws_moveit2/install/moveit_core/share/moveit_core/package.dsv
[9.111s] -- Up-to-date: /home/ti5/ws_moveit2/install/moveit_core/share/ament_index/resource_index/packages/moveit_core
[9.111s] -- Up-to-date: /home/ti5/ws_moveit2/install/moveit_core/share/ament_index/resource_index/moveit_core__pluginlib__plugin/moveit_core
[9.123s] -- Up-to-date: /home/ti5/ws_moveit2/install/moveit_core/share/moveit_core/cmake/export_moveit_coreExport.cmake
[9.124s] -- Up-to-date: /home/ti5/ws_moveit2/install/moveit_core/share/moveit_core/cmake/export_moveit_coreExport-release.cmake
[9.125s] -- Up-to-date: /home/ti5/ws_moveit2/install/moveit_core/share/moveit_core/cmake/ConfigExtras.cmake
[9.126s] -- Up-to-date: /home/ti5/ws_moveit2/install/moveit_core/share/moveit_core/cmake/ament_cmake_export_targets-extras.cmake
[9.127s] -- Up-to-date: /home/ti5/ws_moveit2/install/moveit_core/share/moveit_core/cmake/ament_cmake_export_dependencies-extras.cmake
[9.128s] -- Up-to-date: /home/ti5/ws_moveit2/install/moveit_core/share/moveit_core/cmake/moveit_coreConfig.cmake
[9.129s] -- Up-to-date: /home/ti5/ws_moveit2/install/moveit_core/share/moveit_core/cmake/moveit_coreConfig-version.cmake
[9.130s] -- Up-to-date: /home/ti5/ws_moveit2/install/moveit_core/share/moveit_core/package.xml
[9.140s] Invoked command in '/home/ti5/ws_moveit2/build/moveit_core' returned '0': CMAKE_PREFIX_PATH=/home/ti5/ws_moveit2/install/moveit_resources_panda_moveit_config:/home/ti5/ws_moveit2/install/srdfdom:/home/ti5/ws_moveit2/install/moveit_resources_pr2_description:/home/ti5/ws_moveit2/install/moveit_resources_panda_description:/home/ti5/ws_moveit2/install/moveit_common:/home/ti5/ws_moveit2/install/arm5:/home/ti5/ws_moveit2/install/arm3:/home/ti5/ws_moveit2/install/arm2:/home/ti5/ws_moveit2/install/arm1:/home/ti5/ws_moveit2/install/ti5_urdf:/home/ti5/ws_moveit2/install/pilz_industrial_motion_planner_testutils:/home/ti5/ws_moveit2/install/moveit_runtime:/home/ti5/ws_moveit2/install/moveit2_tutorials:/home/ti5/ws_moveit2/install/moveit:/home/ti5/ws_moveit2/install/moveit_planners:/home/ti5/ws_moveit2/install/pilz_industrial_motion_planner:/home/ti5/ws_moveit2/install/moveit_visual_tools:/home/ti5/ws_moveit2/install/moveit_task_constructor_visualization:/home/ti5/ws_moveit2/install/moveit_task_constructor_demo:/home/ti5/ws_moveit2/install/moveit_task_constructor_capabilities:/home/ti5/ws_moveit2/install/moveit_task_constructor_core:/home/ti5/ws_moveit2/install/moveit_ros_control_interface:/home/ti5/ws_moveit2/install/moveit_plugins:/home/ti5/ws_moveit2/install/moveit_simple_controller_manager:/home/ti5/ws_moveit2/install/moveit_setup_assistant:/home/ti5/ws_moveit2/install/moveit_setup_srdf_plugins:/home/ti5/ws_moveit2/install/moveit_setup_core_plugins:/home/ti5/ws_moveit2/install/moveit_setup_controllers:/home/ti5/ws_moveit2/install/moveit_setup_app_plugins:/home/ti5/ws_moveit2/install/moveit_setup_framework:/home/ti5/ws_moveit2/install/moveit_servo:/home/ti5/ws_moveit2/install/moveit_ros:/home/ti5/ws_moveit2/install/moveit_ros_visualization:/home/ti5/ws_moveit2/install/moveit_hybrid_planning:/home/ti5/ws_moveit2/install/moveit_ros_planning_interface:/home/ti5/ws_moveit2/install/moveit_ros_benchmarks:/home/ti5/ws_moveit2/install/moveit_ros_warehouse:/home/ti5/ws_moveit2/install/moveit_ros_robot_interaction:/home/ti5/ws_moveit2/install/moveit_ros_perception:/home/ti5/ws_moveit2/install/moveit_resources_prbt_pg70_support:/home/ti5/ws_moveit2/install/moveit_resources_prbt_moveit_config:/home/ti5/ws_moveit2/install/moveit_ros_move_group:/home/ti5/ws_moveit2/install/moveit_planners_ompl:/home/ti5/ws_moveit2/install/moveit_ros_planning:/home/ti5/ws_moveit2/install/moveit_ros_occupancy_map_monitor:/home/ti5/ws_moveit2/install/moveit_resources_prbt_ikfast_manipulator_plugin:/home/ti5/ws_moveit2/install/moveit_planners_chomp:/home/ti5/ws_moveit2/install/moveit_kinematics:/home/ti5/ws_moveit2/install/moveit_chomp_optimizer_adapter:/home/ti5/ws_moveit2/install/chomp_motion_planner:/home/ti5/ws_moveit2/install/moveit_core:/home/ti5/ws_moveit2/install/rviz_marker_tools:/home/ti5/ws_moveit2/install/rosparam_shortcuts:/home/ti5/ws_moveit2/install/moveit_task_constructor_msgs:/home/ti5/ws_moveit2/install/moveit_resources_prbt_support:/home/ti5/ws_moveit2/install/moveit_resources:/home/ti5/ws_moveit2/install/moveit_resources_fanuc_moveit_config:/home/ti5/ws_moveit2/install/moveit_resources_fanuc_description:/home/ti5/ws_moveit2/install/demo:/home/ti5/ws_moveit2/install/moveit_configs_utils:/home/ti5/ws_moveit2/install/launch_param_builder:/opt/ros/humble LD_LIBRARY_PATH=/home/ti5/ws_moveit2/install/srdfdom/lib:/home/ti5/ws_moveit2/install/pilz_industrial_motion_planner_testutils/lib:/home/ti5/ws_moveit2/install/pilz_industrial_motion_planner/lib:/home/ti5/ws_moveit2/install/moveit_visual_tools/lib:/home/ti5/ws_moveit2/install/moveit_task_constructor_visualization/lib:/home/ti5/ws_moveit2/install/moveit_task_constructor_demo/lib:/home/ti5/ws_moveit2/install/moveit_task_constructor_capabilities/lib:/home/ti5/ws_moveit2/install/moveit_task_constructor_core/lib:/home/ti5/ws_moveit2/install/moveit_ros_control_interface/lib:/home/ti5/ws_moveit2/install/moveit_simple_controller_manager/lib:/home/ti5/ws_moveit2/install/moveit_setup_assistant/lib:/home/ti5/ws_moveit2/install/moveit_setup_srdf_plugins/lib:/home/ti5/ws_moveit2/install/moveit_setup_core_plugins/lib:/home/ti5/ws_moveit2/install/moveit_setup_controllers/lib:/home/ti5/ws_moveit2/install/moveit_setup_app_plugins/lib:/home/ti5/ws_moveit2/install/moveit_setup_framework/lib:/home/ti5/ws_moveit2/install/moveit_servo/lib:/home/ti5/ws_moveit2/install/moveit_ros_visualization/lib:/home/ti5/ws_moveit2/install/moveit_hybrid_planning/lib:/home/ti5/ws_moveit2/install/moveit_ros_planning_interface/lib:/home/ti5/ws_moveit2/install/moveit_ros_benchmarks/lib:/home/ti5/ws_moveit2/install/moveit_ros_warehouse/lib:/home/ti5/ws_moveit2/install/moveit_ros_robot_interaction/lib:/home/ti5/ws_moveit2/install/moveit_ros_perception/lib:/home/ti5/ws_moveit2/install/moveit_ros_move_group/lib:/home/ti5/ws_moveit2/install/moveit_planners_ompl/lib:/home/ti5/ws_moveit2/install/moveit_ros_planning/lib:/home/ti5/ws_moveit2/install/moveit_ros_occupancy_map_monitor/lib:/home/ti5/ws_moveit2/install/moveit_resources_prbt_ikfast_manipulator_plugin/lib:/home/ti5/ws_moveit2/install/moveit_planners_chomp/lib:/home/ti5/ws_moveit2/install/moveit_kinematics/lib:/home/ti5/ws_moveit2/install/moveit_chomp_optimizer_adapter/lib:/home/ti5/ws_moveit2/install/chomp_motion_planner/lib:/home/ti5/ws_moveit2/install/moveit_core/lib:/home/ti5/ws_moveit2/install/rviz_marker_tools/lib:/home/ti5/ws_moveit2/install/rosparam_shortcuts/lib:/home/ti5/ws_moveit2/install/moveit_task_constructor_msgs/lib:/opt/ros/humble/opt/rviz_ogre_vendor/lib:/opt/ros/humble/lib/x86_64-linux-gnu:/opt/ros/humble/lib /usr/bin/cmake --install /home/ti5/ws_moveit2/build/moveit_core
