[1.769s] Invoking command in '/home/ti5/ws_moveit2/build/moveit_resources_panda_description': CMAKE_PREFIX_PATH=${CMAKE_PREFIX_PATH}:/home/ti5/ws_moveit2/install/moveit_configs_utils:/home/ti5/ws_moveit2/install/launch_param_builder:/opt/ros/humble /usr/bin/cmake --build /home/ti5/ws_moveit2/build/moveit_resources_panda_description -- -j4 -l4
[2.069s] Invoked command in '/home/ti5/ws_moveit2/build/moveit_resources_panda_description' returned '0': CMAKE_PREFIX_PATH=${CMAKE_PREFIX_PATH}:/home/ti5/ws_moveit2/install/moveit_configs_utils:/home/ti5/ws_moveit2/install/launch_param_builder:/opt/ros/humble /usr/bin/cmake --build /home/ti5/ws_moveit2/build/moveit_resources_panda_description -- -j4 -l4
[2.331s] Invoking command in '/home/ti5/ws_moveit2/build/moveit_resources_panda_description': CMAKE_PREFIX_PATH=${CMAKE_PREFIX_PATH}:/home/ti5/ws_moveit2/install/moveit_configs_utils:/home/ti5/ws_moveit2/install/launch_param_builder:/opt/ros/humble /usr/bin/cmake --install /home/ti5/ws_moveit2/build/moveit_resources_panda_description
[2.394s] -- Install configuration: "Release"
[2.395s] -- Up-to-date: /home/ti5/ws_moveit2/install/moveit_resources_panda_description/share/ament_index/resource_index/package_run_dependencies/moveit_resources_panda_description
[2.396s] -- Up-to-date: /home/ti5/ws_moveit2/install/moveit_resources_panda_description/share/ament_index/resource_index/parent_prefix_path/moveit_resources_panda_description
[2.396s] -- Up-to-date: /home/ti5/ws_moveit2/install/moveit_resources_panda_description/share/moveit_resources_panda_description/environment/ament_prefix_path.sh
[2.397s] -- Up-to-date: /home/ti5/ws_moveit2/install/moveit_resources_panda_description/share/moveit_resources_panda_description/environment/ament_prefix_path.dsv
[2.398s] -- Up-to-date: /home/ti5/ws_moveit2/install/moveit_resources_panda_description/share/moveit_resources_panda_description/environment/path.sh
[2.398s] -- Up-to-date: /home/ti5/ws_moveit2/install/moveit_resources_panda_description/share/moveit_resources_panda_description/environment/path.dsv
[2.399s] -- Up-to-date: /home/ti5/ws_moveit2/install/moveit_resources_panda_description/share/moveit_resources_panda_description/local_setup.bash
[2.400s] -- Up-to-date: /home/ti5/ws_moveit2/install/moveit_resources_panda_description/share/moveit_resources_panda_description/local_setup.sh
[2.401s] -- Up-to-date: /home/ti5/ws_moveit2/install/moveit_resources_panda_description/share/moveit_resources_panda_description/local_setup.zsh
[2.401s] -- Up-to-date: /home/ti5/ws_moveit2/install/moveit_resources_panda_description/share/moveit_resources_panda_description/local_setup.dsv
[2.402s] -- Installing: /home/ti5/ws_moveit2/install/moveit_resources_panda_description/share/moveit_resources_panda_description/package.dsv
[2.402s] -- Up-to-date: /home/ti5/ws_moveit2/install/moveit_resources_panda_description/share/ament_index/resource_index/packages/moveit_resources_panda_description
[2.403s] -- Up-to-date: /home/ti5/ws_moveit2/install/moveit_resources_panda_description/share/moveit_resources_panda_description/cmake/moveit_resources_panda_descriptionConfig.cmake
[2.404s] -- Up-to-date: /home/ti5/ws_moveit2/install/moveit_resources_panda_description/share/moveit_resources_panda_description/cmake/moveit_resources_panda_descriptionConfig-version.cmake
[2.404s] -- Up-to-date: /home/ti5/ws_moveit2/install/moveit_resources_panda_description/share/moveit_resources_panda_description/package.xml
[2.405s] -- Up-to-date: /home/ti5/ws_moveit2/install/moveit_resources_panda_description/share/moveit_resources_panda_description/meshes
[2.410s] -- Up-to-date: /home/ti5/ws_moveit2/install/moveit_resources_panda_description/share/moveit_resources_panda_description/meshes/collision
[2.411s] -- Up-to-date: /home/ti5/ws_moveit2/install/moveit_resources_panda_description/share/moveit_resources_panda_description/meshes/collision/link2.stl
[2.412s] -- Up-to-date: /home/ti5/ws_moveit2/install/moveit_resources_panda_description/share/moveit_resources_panda_description/meshes/collision/hand.stl
[2.412s] -- Up-to-date: /home/ti5/ws_moveit2/install/moveit_resources_panda_description/share/moveit_resources_panda_description/meshes/collision/link0.stl
[2.414s] -- Up-to-date: /home/ti5/ws_moveit2/install/moveit_resources_panda_description/share/moveit_resources_panda_description/meshes/collision/link6.stl
[2.416s] -- Up-to-date: /home/ti5/ws_moveit2/install/moveit_resources_panda_description/share/moveit_resources_panda_description/meshes/collision/finger.stl
[2.417s] -- Up-to-date: /home/ti5/ws_moveit2/install/moveit_resources_panda_description/share/moveit_resources_panda_description/meshes/collision/link4.stl
[2.420s] -- Up-to-date: /home/ti5/ws_moveit2/install/moveit_resources_panda_description/share/moveit_resources_panda_description/meshes/collision/link3.stl
[2.422s] -- Up-to-date: /home/ti5/ws_moveit2/install/moveit_resources_panda_description/share/moveit_resources_panda_description/meshes/collision/link7.stl
[2.424s] -- Up-to-date: /home/ti5/ws_moveit2/install/moveit_resources_panda_description/share/moveit_resources_panda_description/meshes/collision/link1.stl
[2.425s] -- Up-to-date: /home/ti5/ws_moveit2/install/moveit_resources_panda_description/share/moveit_resources_panda_description/meshes/collision/link5.stl
[2.427s] -- Up-to-date: /home/ti5/ws_moveit2/install/moveit_resources_panda_description/share/moveit_resources_panda_description/meshes/visual
[2.429s] -- Up-to-date: /home/ti5/ws_moveit2/install/moveit_resources_panda_description/share/moveit_resources_panda_description/meshes/visual/link7.dae
[2.430s] -- Up-to-date: /home/ti5/ws_moveit2/install/moveit_resources_panda_description/share/moveit_resources_panda_description/meshes/visual/link5.dae
[2.431s] -- Up-to-date: /home/ti5/ws_moveit2/install/moveit_resources_panda_description/share/moveit_resources_panda_description/meshes/visual/link3.dae
[2.432s] -- Up-to-date: /home/ti5/ws_moveit2/install/moveit_resources_panda_description/share/moveit_resources_panda_description/meshes/visual/link1.dae
[2.437s] -- Up-to-date: /home/ti5/ws_moveit2/install/moveit_resources_panda_description/share/moveit_resources_panda_description/meshes/visual/hand.dae
[2.440s] -- Up-to-date: /home/ti5/ws_moveit2/install/moveit_resources_panda_description/share/moveit_resources_panda_description/meshes/visual/link4.dae
[2.441s] -- Up-to-date: /home/ti5/ws_moveit2/install/moveit_resources_panda_description/share/moveit_resources_panda_description/meshes/visual/link2.dae
[2.442s] -- Up-to-date: /home/ti5/ws_moveit2/install/moveit_resources_panda_description/share/moveit_resources_panda_description/meshes/visual/link6.dae
[2.442s] -- Up-to-date: /home/ti5/ws_moveit2/install/moveit_resources_panda_description/share/moveit_resources_panda_description/meshes/visual/finger.dae
[2.443s] -- Up-to-date: /home/ti5/ws_moveit2/install/moveit_resources_panda_description/share/moveit_resources_panda_description/meshes/visual/link0.dae
[2.444s] -- Up-to-date: /home/ti5/ws_moveit2/install/moveit_resources_panda_description/share/moveit_resources_panda_description/urdf
[2.445s] -- Up-to-date: /home/ti5/ws_moveit2/install/moveit_resources_panda_description/share/moveit_resources_panda_description/urdf/panda.urdf
[2.503s] Invoked command in '/home/ti5/ws_moveit2/build/moveit_resources_panda_description' returned '0': CMAKE_PREFIX_PATH=${CMAKE_PREFIX_PATH}:/home/ti5/ws_moveit2/install/moveit_configs_utils:/home/ti5/ws_moveit2/install/launch_param_builder:/opt/ros/humble /usr/bin/cmake --install /home/ti5/ws_moveit2/build/moveit_resources_panda_description
