[0.240s] Invoking command in '/home/ti5/ws_moveit2/build/chomp_motion_planner': AMENT_PREFIX_PATH=/home/ti5/ws_moveit2/install/moveit_core:/home/ti5/ws_moveit2/install/srdfdom:/home/ti5/ws_moveit2/install/moveit_common:${AMENT_PREFIX_PATH} CMAKE_PREFIX_PATH=/home/ti5/ws_moveit2/install/moveit_core:/home/ti5/ws_moveit2/install/srdfdom:/home/ti5/ws_moveit2/install/moveit_common:/opt/ros/humble LD_LIBRARY_PATH=/home/ti5/ws_moveit2/install/moveit_core/lib:/home/ti5/ws_moveit2/install/srdfdom/lib:${LD_LIBRARY_PATH} PATH=/home/ti5/ws_moveit2/install/moveit_core/bin:${PATH} PYTHONPATH=/home/ti5/ws_moveit2/install/srdfdom/local/lib/python3.10/dist-packages:${PYTHONPATH} /usr/bin/cmake --build /home/ti5/ws_moveit2/build/chomp_motion_planner -- -j4 -l4
[0.754s] [100%] Built target chomp_motion_planner
[0.801s] Invoked command in '/home/ti5/ws_moveit2/build/chomp_motion_planner' returned '0': AMENT_PREFIX_PATH=/home/ti5/ws_moveit2/install/moveit_core:/home/ti5/ws_moveit2/install/srdfdom:/home/ti5/ws_moveit2/install/moveit_common:${AMENT_PREFIX_PATH} CMAKE_PREFIX_PATH=/home/ti5/ws_moveit2/install/moveit_core:/home/ti5/ws_moveit2/install/srdfdom:/home/ti5/ws_moveit2/install/moveit_common:/opt/ros/humble LD_LIBRARY_PATH=/home/ti5/ws_moveit2/install/moveit_core/lib:/home/ti5/ws_moveit2/install/srdfdom/lib:${LD_LIBRARY_PATH} PATH=/home/ti5/ws_moveit2/install/moveit_core/bin:${PATH} PYTHONPATH=/home/ti5/ws_moveit2/install/srdfdom/local/lib/python3.10/dist-packages:${PYTHONPATH} /usr/bin/cmake --build /home/ti5/ws_moveit2/build/chomp_motion_planner -- -j4 -l4
[1.094s] Invoking command in '/home/ti5/ws_moveit2/build/chomp_motion_planner': AMENT_PREFIX_PATH=/home/ti5/ws_moveit2/install/moveit_core:/home/ti5/ws_moveit2/install/srdfdom:/home/ti5/ws_moveit2/install/moveit_common:${AMENT_PREFIX_PATH} CMAKE_PREFIX_PATH=/home/ti5/ws_moveit2/install/moveit_core:/home/ti5/ws_moveit2/install/srdfdom:/home/ti5/ws_moveit2/install/moveit_common:/opt/ros/humble LD_LIBRARY_PATH=/home/ti5/ws_moveit2/install/moveit_core/lib:/home/ti5/ws_moveit2/install/srdfdom/lib:${LD_LIBRARY_PATH} PATH=/home/ti5/ws_moveit2/install/moveit_core/bin:${PATH} PYTHONPATH=/home/ti5/ws_moveit2/install/srdfdom/local/lib/python3.10/dist-packages:${PYTHONPATH} /usr/bin/cmake --install /home/ti5/ws_moveit2/build/chomp_motion_planner
[1.194s] -- Install configuration: "Release"
[1.199s] -- Up-to-date: /home/ti5/ws_moveit2/install/chomp_motion_planner/lib/libchomp_motion_planner.so.2.5.5
[1.201s] -- Up-to-date: /home/ti5/ws_moveit2/install/chomp_motion_planner/lib/libchomp_motion_planner.so
[1.202s] -- Up-to-date: /home/ti5/ws_moveit2/install/chomp_motion_planner/include
[1.205s] -- Up-to-date: /home/ti5/ws_moveit2/install/chomp_motion_planner/include/chomp_motion_planner
[1.214s] -- Up-to-date: /home/ti5/ws_moveit2/install/chomp_motion_planner/include/chomp_motion_planner/chomp_cost.h
[1.214s] -- Up-to-date: /home/ti5/ws_moveit2/install/chomp_motion_planner/include/chomp_motion_planner/multivariate_gaussian.h
[1.215s] -- Up-to-date: /home/ti5/ws_moveit2/install/chomp_motion_planner/include/chomp_motion_planner/chomp_optimizer.h
[1.216s] -- Up-to-date: /home/ti5/ws_moveit2/install/chomp_motion_planner/include/chomp_motion_planner/chomp_planner.h
[1.216s] -- Up-to-date: /home/ti5/ws_moveit2/install/chomp_motion_planner/include/chomp_motion_planner/chomp_trajectory.h
[1.217s] -- Up-to-date: /home/ti5/ws_moveit2/install/chomp_motion_planner/include/chomp_motion_planner/chomp_parameters.h
[1.218s] -- Up-to-date: /home/ti5/ws_moveit2/install/chomp_motion_planner/include/chomp_motion_planner/chomp_utils.h
[1.219s] -- Up-to-date: /home/ti5/ws_moveit2/install/chomp_motion_planner/share/chomp_motion_planner/environment/library_path.sh
[1.220s] -- Up-to-date: /home/ti5/ws_moveit2/install/chomp_motion_planner/share/chomp_motion_planner/environment/library_path.dsv
[1.220s] -- Up-to-date: /home/ti5/ws_moveit2/install/chomp_motion_planner/share/ament_index/resource_index/package_run_dependencies/chomp_motion_planner
[1.221s] -- Up-to-date: /home/ti5/ws_moveit2/install/chomp_motion_planner/share/ament_index/resource_index/parent_prefix_path/chomp_motion_planner
[1.221s] -- Up-to-date: /home/ti5/ws_moveit2/install/chomp_motion_planner/share/chomp_motion_planner/environment/ament_prefix_path.sh
[1.234s] -- Up-to-date: /home/ti5/ws_moveit2/install/chomp_motion_planner/share/chomp_motion_planner/environment/ament_prefix_path.dsv
[1.235s] -- Up-to-date: /home/ti5/ws_moveit2/install/chomp_motion_planner/share/chomp_motion_planner/environment/path.sh
[1.235s] -- Up-to-date: /home/ti5/ws_moveit2/install/chomp_motion_planner/share/chomp_motion_planner/environment/path.dsv
[1.236s] -- Up-to-date: /home/ti5/ws_moveit2/install/chomp_motion_planner/share/chomp_motion_planner/local_setup.bash
[1.237s] -- Up-to-date: /home/ti5/ws_moveit2/install/chomp_motion_planner/share/chomp_motion_planner/local_setup.sh
[1.253s] -- Up-to-date: /home/ti5/ws_moveit2/install/chomp_motion_planner/share/chomp_motion_planner/local_setup.zsh
[1.254s] -- Up-to-date: /home/ti5/ws_moveit2/install/chomp_motion_planner/share/chomp_motion_planner/local_setup.dsv
[1.254s] -- Installing: /home/ti5/ws_moveit2/install/chomp_motion_planner/share/chomp_motion_planner/package.dsv
[1.255s] -- Up-to-date: /home/ti5/ws_moveit2/install/chomp_motion_planner/share/ament_index/resource_index/packages/chomp_motion_planner
[1.255s] -- Up-to-date: /home/ti5/ws_moveit2/install/chomp_motion_planner/share/chomp_motion_planner/cmake/chomp_motion_plannerTargetsExport.cmake
[1.256s] -- Up-to-date: /home/ti5/ws_moveit2/install/chomp_motion_planner/share/chomp_motion_planner/cmake/chomp_motion_plannerTargetsExport-release.cmake
[1.256s] -- Up-to-date: /home/ti5/ws_moveit2/install/chomp_motion_planner/share/chomp_motion_planner/cmake/ament_cmake_export_targets-extras.cmake
[1.257s] -- Up-to-date: /home/ti5/ws_moveit2/install/chomp_motion_planner/share/chomp_motion_planner/cmake/chomp_motion_plannerConfig.cmake
[1.257s] -- Up-to-date: /home/ti5/ws_moveit2/install/chomp_motion_planner/share/chomp_motion_planner/cmake/chomp_motion_plannerConfig-version.cmake
[1.258s] -- Up-to-date: /home/ti5/ws_moveit2/install/chomp_motion_planner/share/chomp_motion_planner/package.xml
[1.259s] Invoked command in '/home/ti5/ws_moveit2/build/chomp_motion_planner' returned '0': AMENT_PREFIX_PATH=/home/ti5/ws_moveit2/install/moveit_core:/home/ti5/ws_moveit2/install/srdfdom:/home/ti5/ws_moveit2/install/moveit_common:${AMENT_PREFIX_PATH} CMAKE_PREFIX_PATH=/home/ti5/ws_moveit2/install/moveit_core:/home/ti5/ws_moveit2/install/srdfdom:/home/ti5/ws_moveit2/install/moveit_common:/opt/ros/humble LD_LIBRARY_PATH=/home/ti5/ws_moveit2/install/moveit_core/lib:/home/ti5/ws_moveit2/install/srdfdom/lib:${LD_LIBRARY_PATH} PATH=/home/ti5/ws_moveit2/install/moveit_core/bin:${PATH} PYTHONPATH=/home/ti5/ws_moveit2/install/srdfdom/local/lib/python3.10/dist-packages:${PYTHONPATH} /usr/bin/cmake --install /home/ti5/ws_moveit2/build/chomp_motion_planner
