[0.125s] Invoking command in '/home/ti5/ws_moveit2/build/moveit_common': CMAKE_PREFIX_PATH=/opt/ros/humble /usr/bin/cmake --build /home/ti5/ws_moveit2/build/moveit_common -- -j4 -l4
[1.578s] Invoked command in '/home/ti5/ws_moveit2/build/moveit_common' returned '0': CMAKE_PREFIX_PATH=/opt/ros/humble /usr/bin/cmake --build /home/ti5/ws_moveit2/build/moveit_common -- -j4 -l4
[1.734s] Invoking command in '/home/ti5/ws_moveit2/build/moveit_common': CMAKE_PREFIX_PATH=/opt/ros/humble /usr/bin/cmake --install /home/ti5/ws_moveit2/build/moveit_common
[1.775s] -- Install configuration: ""
[1.779s] -- Up-to-date: /home/ti5/ws_moveit2/install/moveit_common/share/ament_index/resource_index/package_run_dependencies/moveit_common
[1.781s] -- Up-to-date: /home/ti5/ws_moveit2/install/moveit_common/share/ament_index/resource_index/parent_prefix_path/moveit_common
[1.789s] -- Up-to-date: /home/ti5/ws_moveit2/install/moveit_common/share/moveit_common/environment/ament_prefix_path.sh
[1.789s] -- Up-to-date: /home/ti5/ws_moveit2/install/moveit_common/share/moveit_common/environment/ament_prefix_path.dsv
[1.790s] -- Up-to-date: /home/ti5/ws_moveit2/install/moveit_common/share/moveit_common/environment/path.sh
[1.790s] -- Up-to-date: /home/ti5/ws_moveit2/install/moveit_common/share/moveit_common/environment/path.dsv
[1.791s] -- Up-to-date: /home/ti5/ws_moveit2/install/moveit_common/share/moveit_common/local_setup.bash
[1.792s] -- Up-to-date: /home/ti5/ws_moveit2/install/moveit_common/share/moveit_common/local_setup.sh
[1.793s] -- Up-to-date: /home/ti5/ws_moveit2/install/moveit_common/share/moveit_common/local_setup.zsh
[1.793s] -- Up-to-date: /home/ti5/ws_moveit2/install/moveit_common/share/moveit_common/local_setup.dsv
[1.794s] -- Installing: /home/ti5/ws_moveit2/install/moveit_common/share/moveit_common/package.dsv
[1.799s] -- Up-to-date: /home/ti5/ws_moveit2/install/moveit_common/share/ament_index/resource_index/packages/moveit_common
[1.801s] -- Up-to-date: /home/ti5/ws_moveit2/install/moveit_common/share/moveit_common/cmake/moveit_common-extras.cmake
[1.802s] -- Up-to-date: /home/ti5/ws_moveit2/install/moveit_common/share/moveit_common/cmake/moveit_commonConfig.cmake
[1.803s] -- Up-to-date: /home/ti5/ws_moveit2/install/moveit_common/share/moveit_common/cmake/moveit_commonConfig-version.cmake
[1.804s] -- Up-to-date: /home/ti5/ws_moveit2/install/moveit_common/share/moveit_common/package.xml
[1.806s] -- Up-to-date: /home/ti5/ws_moveit2/install/moveit_common/share/moveit_common/cmake
[1.808s] -- Up-to-date: /home/ti5/ws_moveit2/install/moveit_common/share/moveit_common/cmake/moveit_package.cmake
[1.817s] Invoked command in '/home/ti5/ws_moveit2/build/moveit_common' returned '0': CMAKE_PREFIX_PATH=/opt/ros/humble /usr/bin/cmake --install /home/ti5/ws_moveit2/build/moveit_common
