[0.354s] Invoking command in '/home/ti5/ws_moveit2/build/pilz_industrial_motion_planner': AMENT_PREFIX_PATH=/home/ti5/ws_moveit2/install/moveit_resources_prbt_pg70_support:/home/ti5/ws_moveit2/install/moveit_ros_planning_interface:/home/ti5/ws_moveit2/install/moveit_resources_prbt_moveit_config:/home/ti5/ws_moveit2/install/moveit_ros_move_group:/home/ti5/ws_moveit2/install/moveit_ros_warehouse:/home/ti5/ws_moveit2/install/moveit_kinematics:/home/ti5/ws_moveit2/install/moveit_ros_planning:/home/ti5/ws_moveit2/install/pilz_industrial_motion_planner_testutils:/home/ti5/ws_moveit2/install/moveit_ros_occupancy_map_monitor:/home/ti5/ws_moveit2/install/moveit_resources_prbt_ikfast_manipulator_plugin:/home/ti5/ws_moveit2/install/moveit_core:/home/ti5/ws_moveit2/install/moveit_resources_panda_moveit_config:/home/ti5/ws_moveit2/install/moveit_configs_utils:/home/ti5/ws_moveit2/install/srdfdom:/home/ti5/ws_moveit2/install/moveit_resources_prbt_support:/home/ti5/ws_moveit2/install/moveit_resources_panda_description:/home/ti5/ws_moveit2/install/moveit_common:/home/ti5/ws_moveit2/install/launch_param_builder:${AMENT_PREFIX_PATH} CMAKE_PREFIX_PATH=/home/ti5/ws_moveit2/install/moveit_resources_prbt_pg70_support:/home/ti5/ws_moveit2/install/moveit_ros_planning_interface:/home/ti5/ws_moveit2/install/moveit_resources_prbt_moveit_config:/home/ti5/ws_moveit2/install/moveit_ros_move_group:/home/ti5/ws_moveit2/install/moveit_ros_warehouse:/home/ti5/ws_moveit2/install/moveit_kinematics:/home/ti5/ws_moveit2/install/moveit_ros_planning:/home/ti5/ws_moveit2/install/pilz_industrial_motion_planner_testutils:/home/ti5/ws_moveit2/install/moveit_ros_occupancy_map_monitor:/home/ti5/ws_moveit2/install/moveit_resources_prbt_ikfast_manipulator_plugin:/home/ti5/ws_moveit2/install/moveit_core:/home/ti5/ws_moveit2/install/moveit_resources_panda_moveit_config:/home/ti5/ws_moveit2/install/srdfdom:/home/ti5/ws_moveit2/install/moveit_resources_prbt_support:/home/ti5/ws_moveit2/install/moveit_resources_panda_description:/home/ti5/ws_moveit2/install/moveit_common:/opt/ros/humble LD_LIBRARY_PATH=/home/ti5/ws_moveit2/install/moveit_ros_planning_interface/lib:/home/ti5/ws_moveit2/install/moveit_ros_move_group/lib:/home/ti5/ws_moveit2/install/moveit_ros_warehouse/lib:/home/ti5/ws_moveit2/install/moveit_kinematics/lib:/home/ti5/ws_moveit2/install/moveit_ros_planning/lib:/home/ti5/ws_moveit2/install/pilz_industrial_motion_planner_testutils/lib:/home/ti5/ws_moveit2/install/moveit_ros_occupancy_map_monitor/lib:/home/ti5/ws_moveit2/install/moveit_resources_prbt_ikfast_manipulator_plugin/lib:/home/ti5/ws_moveit2/install/moveit_core/lib:/home/ti5/ws_moveit2/install/srdfdom/lib:${LD_LIBRARY_PATH} PATH=/home/ti5/ws_moveit2/install/moveit_core/bin:${PATH} PYTHONPATH=/home/ti5/ws_moveit2/install/moveit_configs_utils/lib/python3.10/site-packages:/home/ti5/ws_moveit2/install/srdfdom/local/lib/python3.10/dist-packages:/home/ti5/ws_moveit2/install/launch_param_builder/lib/python3.10/site-packages:${PYTHONPATH} /usr/bin/cmake --build /home/ti5/ws_moveit2/build/pilz_industrial_motion_planner -- -j4 -l4
[1.222s] [  2%] Built target gtest_main
[1.352s] [  4%] Built target planning_context_loader_base
[1.442s] [  7%] Built target gtest
[1.486s] [ 15%] Built target joint_limits_common
[1.654s] [ 20%] Built target trajectory_generation_common
[1.749s] [ 22%] Built target gmock_main
[1.819s] [ 26%] Built target gmock
[2.032s] [ 28%] Built target pilz_industrial_motion_planner
[2.223s] [ 31%] Built target unittest_joint_limit
[2.313s] [ 33%] Built target unittest_joint_limits_aggregator
[2.321s] [ 36%] Built target unittest_joint_limits_container
[2.368s] [ 38%] Built target unittest_joint_limits_validator
[2.489s] [35m[1mConsolidate compiler generated dependencies of target unittest_get_solver_tip_frame[0m
[2.570s] [ 40%] Built target unittest_cartesian_limits_aggregator
[2.719s] [ 44%] Built target command_list_manager
[2.838s] [ 46%] Built target unittest_get_solver_tip_frame
[2.860s] [ 51%] Built target planning_context_loader_ptp
[3.034s] [ 56%] Built target planning_context_loader_lin
[3.154s] [ 61%] Built target planning_context_loader_circ
[3.218s] [35m[1mConsolidate compiler generated dependencies of target unittest_pilz_industrial_motion_planner_direct[0m
[3.522s] [ 63%] Built target pilz_industrial_motion_planner_test_utils
[3.556s] [ 67%] Built target sequence_capability
[3.557s] [ 71%] Built target unittest_velocity_profile_atrap
[3.632s] [35m[1mConsolidate compiler generated dependencies of target unittest_trajectory_generator[0m
[3.642s] [ 73%] Built target unittest_pilz_industrial_motion_planner_direct
[3.787s] [35m[1mConsolidate compiler generated dependencies of target unittest_trajectory_generator_common[0m
[4.016s] [ 77%] Built target unittest_trajectory_generator
[4.018s] [ 79%] Built target unittest_trajectory_functions
[4.024s] [ 83%] Built target unittest_trajectory_blender_transition_window
[4.147s] [ 85%] Built target unittest_trajectory_generator_common
[4.296s] [35m[1mConsolidate compiler generated dependencies of target unittest_pilz_industrial_motion_planner[0m
[4.322s] [ 87%] Built target unittest_trajectory_generator_ptp
[4.383s] [ 90%] Built target unittest_trajectory_generator_lin
[4.400s] [ 92%] Built target unittest_trajectory_generator_circ
[4.442s] [35m[1mConsolidate compiler generated dependencies of target unittest_planning_context_loaders[0m
[4.495s] [35m[1mConsolidate compiler generated dependencies of target unittest_planning_context[0m
[4.557s] [ 95%] Built target unittest_pilz_industrial_motion_planner
[4.633s] [ 97%] Built target unittest_planning_context_loaders
[4.666s] [100%] Built target unittest_planning_context
