[0.078s] Invoking command in '/home/ti5/ws_moveit2/build/rosparam_shortcuts': CMAKE_PREFIX_PATH=/opt/ros/humble /usr/bin/cmake --build /home/ti5/ws_moveit2/build/rosparam_shortcuts -- -j4 -l4
[0.542s] [ 15%] Built target gtest
[0.589s] [ 30%] Built target gtest_main
[0.687s] [ 53%] Built target rosparam_shortcuts
[1.008s] [ 69%] Built target test_node_parameters
[1.073s] [ 84%] Built target rosparam_shortcuts_example
[1.085s] [100%] Built target rosparam_shortcuts_node_parameters_example
[1.172s] Invoked command in '/home/ti5/ws_moveit2/build/rosparam_shortcuts' returned '0': CMAKE_PREFIX_PATH=/opt/ros/humble /usr/bin/cmake --build /home/ti5/ws_moveit2/build/rosparam_shortcuts -- -j4 -l4
[1.697s] Invoking command in '/home/ti5/ws_moveit2/build/rosparam_shortcuts': CMAKE_PREFIX_PATH=/opt/ros/humble /usr/bin/cmake --install /home/ti5/ws_moveit2/build/rosparam_shortcuts
[1.768s] -- Install configuration: ""
[1.777s] -- Up-to-date: /home/ti5/ws_moveit2/install/rosparam_shortcuts/lib/librosparam_shortcuts.so
[1.784s] -- Up-to-date: /home/ti5/ws_moveit2/install/rosparam_shortcuts/lib/rosparam_shortcuts/example
[1.790s] -- Up-to-date: /home/ti5/ws_moveit2/install/rosparam_shortcuts/lib/rosparam_shortcuts/node_parameters_example
[1.792s] -- Up-to-date: /home/ti5/ws_moveit2/install/rosparam_shortcuts/include
[1.793s] -- Up-to-date: /home/ti5/ws_moveit2/install/rosparam_shortcuts/include/rosparam_shortcuts
[1.794s] -- Up-to-date: /home/ti5/ws_moveit2/install/rosparam_shortcuts/include/rosparam_shortcuts/node_parameters.h
[1.795s] -- Up-to-date: /home/ti5/ws_moveit2/install/rosparam_shortcuts/include/rosparam_shortcuts/rosparam_shortcuts.h
[1.796s] -- Up-to-date: /home/ti5/ws_moveit2/install/rosparam_shortcuts/share/rosparam_shortcuts/launch
[1.801s] -- Up-to-date: /home/ti5/ws_moveit2/install/rosparam_shortcuts/share/rosparam_shortcuts/launch/example.launch.py
[1.802s] -- Up-to-date: /home/ti5/ws_moveit2/install/rosparam_shortcuts/share/rosparam_shortcuts/config
[1.804s] -- Up-to-date: /home/ti5/ws_moveit2/install/rosparam_shortcuts/share/rosparam_shortcuts/config/example.yaml
[1.806s] -- Up-to-date: /home/ti5/ws_moveit2/install/rosparam_shortcuts/share/rosparam_shortcuts/environment/library_path.sh
[1.807s] -- Up-to-date: /home/ti5/ws_moveit2/install/rosparam_shortcuts/share/rosparam_shortcuts/environment/library_path.dsv
[1.810s] -- Up-to-date: /home/ti5/ws_moveit2/install/rosparam_shortcuts/share/ament_index/resource_index/package_run_dependencies/rosparam_shortcuts
[1.812s] -- Up-to-date: /home/ti5/ws_moveit2/install/rosparam_shortcuts/share/ament_index/resource_index/parent_prefix_path/rosparam_shortcuts
[1.813s] -- Up-to-date: /home/ti5/ws_moveit2/install/rosparam_shortcuts/share/rosparam_shortcuts/environment/ament_prefix_path.sh
[1.813s] -- Up-to-date: /home/ti5/ws_moveit2/install/rosparam_shortcuts/share/rosparam_shortcuts/environment/ament_prefix_path.dsv
[1.814s] -- Up-to-date: /home/ti5/ws_moveit2/install/rosparam_shortcuts/share/rosparam_shortcuts/environment/path.sh
[1.817s] -- Up-to-date: /home/ti5/ws_moveit2/install/rosparam_shortcuts/share/rosparam_shortcuts/environment/path.dsv
[1.817s] -- Up-to-date: /home/ti5/ws_moveit2/install/rosparam_shortcuts/share/rosparam_shortcuts/local_setup.bash
[1.818s] -- Up-to-date: /home/ti5/ws_moveit2/install/rosparam_shortcuts/share/rosparam_shortcuts/local_setup.sh
[1.818s] -- Up-to-date: /home/ti5/ws_moveit2/install/rosparam_shortcuts/share/rosparam_shortcuts/local_setup.zsh
[1.819s] -- Up-to-date: /home/ti5/ws_moveit2/install/rosparam_shortcuts/share/rosparam_shortcuts/local_setup.dsv
[1.827s] -- Installing: /home/ti5/ws_moveit2/install/rosparam_shortcuts/share/rosparam_shortcuts/package.dsv
[1.828s] -- Up-to-date: /home/ti5/ws_moveit2/install/rosparam_shortcuts/share/ament_index/resource_index/packages/rosparam_shortcuts
[1.833s] -- Up-to-date: /home/ti5/ws_moveit2/install/rosparam_shortcuts/share/rosparam_shortcuts/cmake/export_rosparam_shortcutsExport.cmake
[1.843s] -- Up-to-date: /home/ti5/ws_moveit2/install/rosparam_shortcuts/share/rosparam_shortcuts/cmake/export_rosparam_shortcutsExport-noconfig.cmake
[1.843s] -- Up-to-date: /home/ti5/ws_moveit2/install/rosparam_shortcuts/share/rosparam_shortcuts/cmake/ament_cmake_export_targets-extras.cmake
[1.844s] -- Up-to-date: /home/ti5/ws_moveit2/install/rosparam_shortcuts/share/rosparam_shortcuts/cmake/ament_cmake_export_dependencies-extras.cmake
[1.844s] -- Up-to-date: /home/ti5/ws_moveit2/install/rosparam_shortcuts/share/rosparam_shortcuts/cmake/rosparam_shortcutsConfig.cmake
[1.845s] -- Up-to-date: /home/ti5/ws_moveit2/install/rosparam_shortcuts/share/rosparam_shortcuts/cmake/rosparam_shortcutsConfig-version.cmake
[1.845s] -- Up-to-date: /home/ti5/ws_moveit2/install/rosparam_shortcuts/share/rosparam_shortcuts/package.xml
[3.607s] Invoked command in '/home/ti5/ws_moveit2/build/rosparam_shortcuts' returned '0': CMAKE_PREFIX_PATH=/opt/ros/humble /usr/bin/cmake --install /home/ti5/ws_moveit2/build/rosparam_shortcuts
