[0.311s] Invoking command in '/home/ti5/ws_moveit2/build/moveit_common': CMAKE_PREFIX_PATH=${CMAKE_PREFIX_PATH}:/home/ti5/ws_moveit2/install/moveit_configs_utils:/home/ti5/ws_moveit2/install/launch_param_builder:/opt/ros/humble /usr/bin/cmake --build /home/ti5/ws_moveit2/build/moveit_common -- -j4 -l4
[2.527s] Invoked command in '/home/ti5/ws_moveit2/build/moveit_common' returned '0': CMAKE_PREFIX_PATH=${CMAKE_PREFIX_PATH}:/home/ti5/ws_moveit2/install/moveit_configs_utils:/home/ti5/ws_moveit2/install/launch_param_builder:/opt/ros/humble /usr/bin/cmake --build /home/ti5/ws_moveit2/build/moveit_common -- -j4 -l4
[3.205s] Invoking command in '/home/ti5/ws_moveit2/build/moveit_common': CMAKE_PREFIX_PATH=${CMAKE_PREFIX_PATH}:/home/ti5/ws_moveit2/install/moveit_configs_utils:/home/ti5/ws_moveit2/install/launch_param_builder:/opt/ros/humble /usr/bin/cmake --install /home/ti5/ws_moveit2/build/moveit_common
[3.315s] -- Install configuration: "Release"
[3.315s] -- Up-to-date: /home/ti5/ws_moveit2/install/moveit_common/share/ament_index/resource_index/package_run_dependencies/moveit_common
[3.326s] -- Up-to-date: /home/ti5/ws_moveit2/install/moveit_common/share/ament_index/resource_index/parent_prefix_path/moveit_common
[3.327s] -- Up-to-date: /home/ti5/ws_moveit2/install/moveit_common/share/moveit_common/environment/ament_prefix_path.sh
[3.327s] -- Up-to-date: /home/ti5/ws_moveit2/install/moveit_common/share/moveit_common/environment/ament_prefix_path.dsv
[3.328s] -- Up-to-date: /home/ti5/ws_moveit2/install/moveit_common/share/moveit_common/environment/path.sh
[3.328s] -- Up-to-date: /home/ti5/ws_moveit2/install/moveit_common/share/moveit_common/environment/path.dsv
[3.329s] -- Up-to-date: /home/ti5/ws_moveit2/install/moveit_common/share/moveit_common/local_setup.bash
[3.334s] -- Up-to-date: /home/ti5/ws_moveit2/install/moveit_common/share/moveit_common/local_setup.sh
[3.335s] -- Up-to-date: /home/ti5/ws_moveit2/install/moveit_common/share/moveit_common/local_setup.zsh
[3.335s] -- Up-to-date: /home/ti5/ws_moveit2/install/moveit_common/share/moveit_common/local_setup.dsv
[3.336s] -- Installing: /home/ti5/ws_moveit2/install/moveit_common/share/moveit_common/package.dsv
[3.336s] -- Up-to-date: /home/ti5/ws_moveit2/install/moveit_common/share/ament_index/resource_index/packages/moveit_common
[3.345s] -- Up-to-date: /home/ti5/ws_moveit2/install/moveit_common/share/moveit_common/cmake/moveit_common-extras.cmake
[3.346s] -- Up-to-date: /home/ti5/ws_moveit2/install/moveit_common/share/moveit_common/cmake/moveit_commonConfig.cmake
[3.347s] -- Up-to-date: /home/ti5/ws_moveit2/install/moveit_common/share/moveit_common/cmake/moveit_commonConfig-version.cmake
[3.347s] -- Up-to-date: /home/ti5/ws_moveit2/install/moveit_common/share/moveit_common/package.xml
[3.348s] -- Up-to-date: /home/ti5/ws_moveit2/install/moveit_common/share/moveit_common/cmake
[3.348s] -- Up-to-date: /home/ti5/ws_moveit2/install/moveit_common/share/moveit_common/cmake/moveit_package.cmake
[3.369s] Invoked command in '/home/ti5/ws_moveit2/build/moveit_common' returned '0': CMAKE_PREFIX_PATH=${CMAKE_PREFIX_PATH}:/home/ti5/ws_moveit2/install/moveit_configs_utils:/home/ti5/ws_moveit2/install/launch_param_builder:/opt/ros/humble /usr/bin/cmake --install /home/ti5/ws_moveit2/build/moveit_common
