[0.179s] Invoking command in '/home/ti5/ws_moveit2/build/moveit_hybrid_planning': AMENT_PREFIX_PATH=/home/ti5/ws_moveit2/install/moveit_ros_planning_interface:/home/ti5/ws_moveit2/install/moveit_ros_move_group:/home/ti5/ws_moveit2/install/moveit_ros_warehouse:/home/ti5/ws_moveit2/install/moveit_planners_ompl:/home/ti5/ws_moveit2/install/moveit_kinematics:/home/ti5/ws_moveit2/install/moveit_ros_planning:/home/ti5/ws_moveit2/install/moveit_ros_occupancy_map_monitor:/home/ti5/ws_moveit2/install/moveit_core:/home/ti5/ws_moveit2/install/moveit_resources_panda_moveit_config:/home/ti5/ws_moveit2/install/srdfdom:/home/ti5/ws_moveit2/install/moveit_resources_panda_description:/home/ti5/ws_moveit2/install/moveit_common:${AMENT_PREFIX_PATH} CMAKE_PREFIX_PATH=/home/ti5/ws_moveit2/install/moveit_ros_planning_interface:/home/ti5/ws_moveit2/install/moveit_ros_move_group:/home/ti5/ws_moveit2/install/moveit_ros_warehouse:/home/ti5/ws_moveit2/install/moveit_planners_ompl:/home/ti5/ws_moveit2/install/moveit_kinematics:/home/ti5/ws_moveit2/install/moveit_ros_planning:/home/ti5/ws_moveit2/install/moveit_ros_occupancy_map_monitor:/home/ti5/ws_moveit2/install/moveit_core:/home/ti5/ws_moveit2/install/moveit_resources_panda_moveit_config:/home/ti5/ws_moveit2/install/srdfdom:/home/ti5/ws_moveit2/install/moveit_resources_panda_description:/home/ti5/ws_moveit2/install/moveit_common:/opt/ros/humble LD_LIBRARY_PATH=/home/ti5/ws_moveit2/install/moveit_ros_planning_interface/lib:/home/ti5/ws_moveit2/install/moveit_ros_move_group/lib:/home/ti5/ws_moveit2/install/moveit_ros_warehouse/lib:/home/ti5/ws_moveit2/install/moveit_planners_ompl/lib:/home/ti5/ws_moveit2/install/moveit_kinematics/lib:/home/ti5/ws_moveit2/install/moveit_ros_planning/lib:/home/ti5/ws_moveit2/install/moveit_ros_occupancy_map_monitor/lib:/home/ti5/ws_moveit2/install/moveit_core/lib:/home/ti5/ws_moveit2/install/srdfdom/lib:${LD_LIBRARY_PATH} PATH=/home/ti5/ws_moveit2/install/moveit_core/bin:${PATH} PYTHONPATH=/home/ti5/ws_moveit2/install/srdfdom/local/lib/python3.10/dist-packages:${PYTHONPATH} /usr/bin/cmake --build /home/ti5/ws_moveit2/build/moveit_hybrid_planning -- -j4 -l4
[0.799s] [ 10%] Built target moveit_hybrid_planning_manager
[1.049s] [ 20%] Built target moveit_local_planner_component
[1.091s] [ 30%] Built target motion_planning_pipeline_plugin
[1.246s] [ 40%] Built target moveit_global_planner_component
[1.502s] [ 50%] Built target single_plan_execution_plugin
[1.515s] [ 60%] Built target simple_sampler_plugin
[1.820s] [ 70%] Built target forward_trajectory_plugin
[1.964s] [ 80%] Built target replan_invalidated_trajectory_plugin
[2.260s] [ 90%] Built target cancel_action
[2.364s] [100%] Built target hybrid_planning_demo_node
[2.442s] Invoked command in '/home/ti5/ws_moveit2/build/moveit_hybrid_planning' returned '0': AMENT_PREFIX_PATH=/home/ti5/ws_moveit2/install/moveit_ros_planning_interface:/home/ti5/ws_moveit2/install/moveit_ros_move_group:/home/ti5/ws_moveit2/install/moveit_ros_warehouse:/home/ti5/ws_moveit2/install/moveit_planners_ompl:/home/ti5/ws_moveit2/install/moveit_kinematics:/home/ti5/ws_moveit2/install/moveit_ros_planning:/home/ti5/ws_moveit2/install/moveit_ros_occupancy_map_monitor:/home/ti5/ws_moveit2/install/moveit_core:/home/ti5/ws_moveit2/install/moveit_resources_panda_moveit_config:/home/ti5/ws_moveit2/install/srdfdom:/home/ti5/ws_moveit2/install/moveit_resources_panda_description:/home/ti5/ws_moveit2/install/moveit_common:${AMENT_PREFIX_PATH} CMAKE_PREFIX_PATH=/home/ti5/ws_moveit2/install/moveit_ros_planning_interface:/home/ti5/ws_moveit2/install/moveit_ros_move_group:/home/ti5/ws_moveit2/install/moveit_ros_warehouse:/home/ti5/ws_moveit2/install/moveit_planners_ompl:/home/ti5/ws_moveit2/install/moveit_kinematics:/home/ti5/ws_moveit2/install/moveit_ros_planning:/home/ti5/ws_moveit2/install/moveit_ros_occupancy_map_monitor:/home/ti5/ws_moveit2/install/moveit_core:/home/ti5/ws_moveit2/install/moveit_resources_panda_moveit_config:/home/ti5/ws_moveit2/install/srdfdom:/home/ti5/ws_moveit2/install/moveit_resources_panda_description:/home/ti5/ws_moveit2/install/moveit_common:/opt/ros/humble LD_LIBRARY_PATH=/home/ti5/ws_moveit2/install/moveit_ros_planning_interface/lib:/home/ti5/ws_moveit2/install/moveit_ros_move_group/lib:/home/ti5/ws_moveit2/install/moveit_ros_warehouse/lib:/home/ti5/ws_moveit2/install/moveit_planners_ompl/lib:/home/ti5/ws_moveit2/install/moveit_kinematics/lib:/home/ti5/ws_moveit2/install/moveit_ros_planning/lib:/home/ti5/ws_moveit2/install/moveit_ros_occupancy_map_monitor/lib:/home/ti5/ws_moveit2/install/moveit_core/lib:/home/ti5/ws_moveit2/install/srdfdom/lib:${LD_LIBRARY_PATH} PATH=/home/ti5/ws_moveit2/install/moveit_core/bin:${PATH} PYTHONPATH=/home/ti5/ws_moveit2/install/srdfdom/local/lib/python3.10/dist-packages:${PYTHONPATH} /usr/bin/cmake --build /home/ti5/ws_moveit2/build/moveit_hybrid_planning -- -j4 -l4
[2.608s] Invoking command in '/home/ti5/ws_moveit2/build/moveit_hybrid_planning': AMENT_PREFIX_PATH=/home/ti5/ws_moveit2/install/moveit_ros_planning_interface:/home/ti5/ws_moveit2/install/moveit_ros_move_group:/home/ti5/ws_moveit2/install/moveit_ros_warehouse:/home/ti5/ws_moveit2/install/moveit_planners_ompl:/home/ti5/ws_moveit2/install/moveit_kinematics:/home/ti5/ws_moveit2/install/moveit_ros_planning:/home/ti5/ws_moveit2/install/moveit_ros_occupancy_map_monitor:/home/ti5/ws_moveit2/install/moveit_core:/home/ti5/ws_moveit2/install/moveit_resources_panda_moveit_config:/home/ti5/ws_moveit2/install/srdfdom:/home/ti5/ws_moveit2/install/moveit_resources_panda_description:/home/ti5/ws_moveit2/install/moveit_common:${AMENT_PREFIX_PATH} CMAKE_PREFIX_PATH=/home/ti5/ws_moveit2/install/moveit_ros_planning_interface:/home/ti5/ws_moveit2/install/moveit_ros_move_group:/home/ti5/ws_moveit2/install/moveit_ros_warehouse:/home/ti5/ws_moveit2/install/moveit_planners_ompl:/home/ti5/ws_moveit2/install/moveit_kinematics:/home/ti5/ws_moveit2/install/moveit_ros_planning:/home/ti5/ws_moveit2/install/moveit_ros_occupancy_map_monitor:/home/ti5/ws_moveit2/install/moveit_core:/home/ti5/ws_moveit2/install/moveit_resources_panda_moveit_config:/home/ti5/ws_moveit2/install/srdfdom:/home/ti5/ws_moveit2/install/moveit_resources_panda_description:/home/ti5/ws_moveit2/install/moveit_common:/opt/ros/humble LD_LIBRARY_PATH=/home/ti5/ws_moveit2/install/moveit_ros_planning_interface/lib:/home/ti5/ws_moveit2/install/moveit_ros_move_group/lib:/home/ti5/ws_moveit2/install/moveit_ros_warehouse/lib:/home/ti5/ws_moveit2/install/moveit_planners_ompl/lib:/home/ti5/ws_moveit2/install/moveit_kinematics/lib:/home/ti5/ws_moveit2/install/moveit_ros_planning/lib:/home/ti5/ws_moveit2/install/moveit_ros_occupancy_map_monitor/lib:/home/ti5/ws_moveit2/install/moveit_core/lib:/home/ti5/ws_moveit2/install/srdfdom/lib:${LD_LIBRARY_PATH} PATH=/home/ti5/ws_moveit2/install/moveit_core/bin:${PATH} PYTHONPATH=/home/ti5/ws_moveit2/install/srdfdom/local/lib/python3.10/dist-packages:${PYTHONPATH} /usr/bin/cmake --install /home/ti5/ws_moveit2/build/moveit_hybrid_planning
[2.652s] -- Install configuration: "Release"
[2.667s] -- Up-to-date: /home/ti5/ws_moveit2/install/moveit_hybrid_planning/lib/libmoveit_global_planner_component.so.2.5.5
[2.668s] -- Up-to-date: /home/ti5/ws_moveit2/install/moveit_hybrid_planning/lib/libmoveit_global_planner_component.so
[2.671s] -- Up-to-date: /home/ti5/ws_moveit2/install/moveit_hybrid_planning/lib/libmoveit_hybrid_planning_manager.so.2.5.5
[2.673s] -- Up-to-date: /home/ti5/ws_moveit2/install/moveit_hybrid_planning/lib/libmoveit_hybrid_planning_manager.so
[2.676s] -- Up-to-date: /home/ti5/ws_moveit2/install/moveit_hybrid_planning/lib/libmoveit_local_planner_component.so.2.5.5
[2.678s] -- Up-to-date: /home/ti5/ws_moveit2/install/moveit_hybrid_planning/lib/libmoveit_local_planner_component.so
[2.680s] -- Up-to-date: /home/ti5/ws_moveit2/install/moveit_hybrid_planning/lib/libforward_trajectory_plugin.so.2.5.5
[2.682s] -- Up-to-date: /home/ti5/ws_moveit2/install/moveit_hybrid_planning/lib/libforward_trajectory_plugin.so
[2.689s] -- Up-to-date: /home/ti5/ws_moveit2/install/moveit_hybrid_planning/lib/libmotion_planning_pipeline_plugin.so.2.5.5
[2.690s] -- Up-to-date: /home/ti5/ws_moveit2/install/moveit_hybrid_planning/lib/libmotion_planning_pipeline_plugin.so
[2.692s] -- Up-to-date: /home/ti5/ws_moveit2/install/moveit_hybrid_planning/lib/libreplan_invalidated_trajectory_plugin.so.2.5.5
[2.694s] -- Up-to-date: /home/ti5/ws_moveit2/install/moveit_hybrid_planning/lib/libreplan_invalidated_trajectory_plugin.so
[2.698s] -- Up-to-date: /home/ti5/ws_moveit2/install/moveit_hybrid_planning/lib/libsimple_sampler_plugin.so.2.5.5
[2.699s] -- Up-to-date: /home/ti5/ws_moveit2/install/moveit_hybrid_planning/lib/libsimple_sampler_plugin.so
[2.702s] -- Up-to-date: /home/ti5/ws_moveit2/install/moveit_hybrid_planning/lib/libsingle_plan_execution_plugin.so.2.5.5
[2.703s] -- Up-to-date: /home/ti5/ws_moveit2/install/moveit_hybrid_planning/lib/libsingle_plan_execution_plugin.so
[2.706s] -- Up-to-date: /home/ti5/ws_moveit2/install/moveit_hybrid_planning/lib/moveit_hybrid_planning/cancel_action
[2.710s] -- Up-to-date: /home/ti5/ws_moveit2/install/moveit_hybrid_planning/lib/moveit_hybrid_planning/hybrid_planning_demo_node
[2.712s] -- Up-to-date: /home/ti5/ws_moveit2/install/moveit_hybrid_planning/include
[2.712s] -- Up-to-date: /home/ti5/ws_moveit2/install/moveit_hybrid_planning/include/moveit
[2.713s] -- Up-to-date: /home/ti5/ws_moveit2/install/moveit_hybrid_planning/include/moveit/global_planner
[2.714s] -- Up-to-date: /home/ti5/ws_moveit2/install/moveit_hybrid_planning/include/moveit/global_planner/global_planner_component.h
[2.716s] -- Up-to-date: /home/ti5/ws_moveit2/install/moveit_hybrid_planning/include/moveit/global_planner/global_planner_interface.h
[2.716s] -- Up-to-date: /home/ti5/ws_moveit2/install/moveit_hybrid_planning/include
[2.717s] -- Up-to-date: /home/ti5/ws_moveit2/install/moveit_hybrid_planning/include/moveit
[2.718s] -- Up-to-date: /home/ti5/ws_moveit2/install/moveit_hybrid_planning/include/moveit/global_planner
[2.719s] -- Up-to-date: /home/ti5/ws_moveit2/install/moveit_hybrid_planning/include/moveit/global_planner/moveit_planning_pipeline.h
[2.720s] -- Up-to-date: /home/ti5/ws_moveit2/install/moveit_hybrid_planning/include
[2.721s] -- Up-to-date: /home/ti5/ws_moveit2/install/moveit_hybrid_planning/include/moveit
[2.723s] -- Up-to-date: /home/ti5/ws_moveit2/install/moveit_hybrid_planning/include/moveit/hybrid_planning_manager
[2.723s] -- Up-to-date: /home/ti5/ws_moveit2/install/moveit_hybrid_planning/include/moveit/hybrid_planning_manager/hybrid_planning_manager.h
[2.724s] -- Up-to-date: /home/ti5/ws_moveit2/install/moveit_hybrid_planning/include/moveit/hybrid_planning_manager/planner_logic_interface.h
[2.724s] -- Up-to-date: /home/ti5/ws_moveit2/install/moveit_hybrid_planning/include/moveit/hybrid_planning_manager/hybrid_planning_events.h
[2.724s] -- Up-to-date: /home/ti5/ws_moveit2/install/moveit_hybrid_planning/include/moveit/hybrid_planning_manager/moveit_error_code_interface.h
[2.725s] -- Up-to-date: /home/ti5/ws_moveit2/install/moveit_hybrid_planning/include
[2.725s] -- Up-to-date: /home/ti5/ws_moveit2/install/moveit_hybrid_planning/include/moveit
[2.726s] -- Up-to-date: /home/ti5/ws_moveit2/install/moveit_hybrid_planning/include/moveit/planner_logic_plugins
[2.728s] -- Up-to-date: /home/ti5/ws_moveit2/install/moveit_hybrid_planning/include/moveit/planner_logic_plugins/single_plan_execution.h
[2.728s] -- Up-to-date: /home/ti5/ws_moveit2/install/moveit_hybrid_planning/include/moveit/planner_logic_plugins/replan_invalidated_trajectory.h
[2.729s] -- Up-to-date: /home/ti5/ws_moveit2/install/moveit_hybrid_planning/include
[2.729s] -- Up-to-date: /home/ti5/ws_moveit2/install/moveit_hybrid_planning/include/moveit
[2.729s] -- Up-to-date: /home/ti5/ws_moveit2/install/moveit_hybrid_planning/include/moveit/local_planner
[2.731s] -- Up-to-date: /home/ti5/ws_moveit2/install/moveit_hybrid_planning/include/moveit/local_planner/trajectory_operator_interface.h
[2.733s] -- Up-to-date: /home/ti5/ws_moveit2/install/moveit_hybrid_planning/include/moveit/local_planner/local_planner_component.h
[2.734s] -- Up-to-date: /home/ti5/ws_moveit2/install/moveit_hybrid_planning/include/moveit/local_planner/local_constraint_solver_interface.h
[2.735s] -- Up-to-date: /home/ti5/ws_moveit2/install/moveit_hybrid_planning/include/moveit/local_planner/feedback_types.h
[2.735s] -- Up-to-date: /home/ti5/ws_moveit2/install/moveit_hybrid_planning/include
[2.736s] -- Up-to-date: /home/ti5/ws_moveit2/install/moveit_hybrid_planning/include/moveit
[2.736s] -- Up-to-date: /home/ti5/ws_moveit2/install/moveit_hybrid_planning/include/moveit/trajectory_operator_plugins
[2.737s] -- Up-to-date: /home/ti5/ws_moveit2/install/moveit_hybrid_planning/include/moveit/trajectory_operator_plugins/simple_sampler.h
[2.737s] -- Up-to-date: /home/ti5/ws_moveit2/install/moveit_hybrid_planning/include
[2.739s] -- Up-to-date: /home/ti5/ws_moveit2/install/moveit_hybrid_planning/include/moveit
[2.740s] -- Up-to-date: /home/ti5/ws_moveit2/install/moveit_hybrid_planning/include/moveit/local_constraint_solver_plugins
[2.740s] -- Up-to-date: /home/ti5/ws_moveit2/install/moveit_hybrid_planning/include/moveit/local_constraint_solver_plugins/forward_trajectory.h
[2.741s] -- Up-to-date: /home/ti5/ws_moveit2/install/moveit_hybrid_planning/share/moveit_hybrid_planning/launch
[2.743s] -- Up-to-date: /home/ti5/ws_moveit2/install/moveit_hybrid_planning/share/moveit_hybrid_planning/launch/hybrid_planning_demo.launch.py
[2.743s] -- Up-to-date: /home/ti5/ws_moveit2/install/moveit_hybrid_planning/share/moveit_hybrid_planning/launch/hybrid_planning_common.py
[2.744s] -- Up-to-date: /home/ti5/ws_moveit2/install/moveit_hybrid_planning/share/moveit_hybrid_planning/launch/test_basic_integration.test.py
[2.744s] -- Up-to-date: /home/ti5/ws_moveit2/install/moveit_hybrid_planning/share/moveit_hybrid_planning/config
[2.744s] -- Up-to-date: /home/ti5/ws_moveit2/install/moveit_hybrid_planning/share/moveit_hybrid_planning/config/local_planner.yaml
[2.745s] -- Up-to-date: /home/ti5/ws_moveit2/install/moveit_hybrid_planning/share/moveit_hybrid_planning/config/demo_controller.yaml
[2.745s] -- Up-to-date: /home/ti5/ws_moveit2/install/moveit_hybrid_planning/share/moveit_hybrid_planning/config/hybrid_planning_demo.rviz
[2.746s] -- Up-to-date: /home/ti5/ws_moveit2/install/moveit_hybrid_planning/share/moveit_hybrid_planning/config/hybrid_planning_manager.yaml
[2.746s] -- Up-to-date: /home/ti5/ws_moveit2/install/moveit_hybrid_planning/share/moveit_hybrid_planning/config/global_planner.yaml
[2.746s] -- Up-to-date: /home/ti5/ws_moveit2/install/moveit_hybrid_planning/share/moveit_hybrid_planning/config/common_hybrid_planning_params.yaml
[2.747s] -- Up-to-date: /home/ti5/ws_moveit2/install/moveit_hybrid_planning/share/moveit_hybrid_planning/single_plan_execution_plugin.xml
[2.747s] -- Up-to-date: /home/ti5/ws_moveit2/install/moveit_hybrid_planning/share/moveit_hybrid_planning/moveit_planning_pipeline_plugin.xml
[2.748s] -- Up-to-date: /home/ti5/ws_moveit2/install/moveit_hybrid_planning/share/moveit_hybrid_planning/simple_sampler_plugin.xml
[2.748s] -- Up-to-date: /home/ti5/ws_moveit2/install/moveit_hybrid_planning/share/moveit_hybrid_planning/replan_invalidated_trajectory_plugin.xml
[2.749s] -- Up-to-date: /home/ti5/ws_moveit2/install/moveit_hybrid_planning/share/moveit_hybrid_planning/forward_trajectory_plugin.xml
[2.749s] -- Up-to-date: /home/ti5/ws_moveit2/install/moveit_hybrid_planning/share/moveit_hybrid_planning/environment/library_path.sh
[2.750s] -- Up-to-date: /home/ti5/ws_moveit2/install/moveit_hybrid_planning/share/moveit_hybrid_planning/environment/library_path.dsv
[2.751s] -- Up-to-date: /home/ti5/ws_moveit2/install/moveit_hybrid_planning/share/ament_index/resource_index/package_run_dependencies/moveit_hybrid_planning
[2.751s] -- Up-to-date: /home/ti5/ws_moveit2/install/moveit_hybrid_planning/share/ament_index/resource_index/parent_prefix_path/moveit_hybrid_planning
[2.752s] -- Up-to-date: /home/ti5/ws_moveit2/install/moveit_hybrid_planning/share/moveit_hybrid_planning/environment/ament_prefix_path.sh
[2.752s] -- Up-to-date: /home/ti5/ws_moveit2/install/moveit_hybrid_planning/share/moveit_hybrid_planning/environment/ament_prefix_path.dsv
[2.752s] -- Up-to-date: /home/ti5/ws_moveit2/install/moveit_hybrid_planning/share/moveit_hybrid_planning/environment/path.sh
[2.754s] -- Up-to-date: /home/ti5/ws_moveit2/install/moveit_hybrid_planning/share/moveit_hybrid_planning/environment/path.dsv
[2.754s] -- Up-to-date: /home/ti5/ws_moveit2/install/moveit_hybrid_planning/share/moveit_hybrid_planning/local_setup.bash
[2.755s] -- Up-to-date: /home/ti5/ws_moveit2/install/moveit_hybrid_planning/share/moveit_hybrid_planning/local_setup.sh
[2.755s] -- Up-to-date: /home/ti5/ws_moveit2/install/moveit_hybrid_planning/share/moveit_hybrid_planning/local_setup.zsh
[2.756s] -- Up-to-date: /home/ti5/ws_moveit2/install/moveit_hybrid_planning/share/moveit_hybrid_planning/local_setup.dsv
[2.757s] -- Installing: /home/ti5/ws_moveit2/install/moveit_hybrid_planning/share/moveit_hybrid_planning/package.dsv
[2.758s] -- Up-to-date: /home/ti5/ws_moveit2/install/moveit_hybrid_planning/share/ament_index/resource_index/packages/moveit_hybrid_planning
[2.759s] -- Up-to-date: /home/ti5/ws_moveit2/install/moveit_hybrid_planning/share/ament_index/resource_index/moveit_hybrid_planning__pluginlib__plugin/moveit_hybrid_planning
[2.759s] -- Up-to-date: /home/ti5/ws_moveit2/install/moveit_hybrid_planning/share/ament_index/resource_index/rclcpp_components/moveit_hybrid_planning
[2.760s] -- Up-to-date: /home/ti5/ws_moveit2/install/moveit_hybrid_planning/share/moveit_hybrid_planning/cmake/export_moveit_hybrid_planningExport.cmake
[2.760s] -- Up-to-date: /home/ti5/ws_moveit2/install/moveit_hybrid_planning/share/moveit_hybrid_planning/cmake/export_moveit_hybrid_planningExport-release.cmake
[2.761s] -- Up-to-date: /home/ti5/ws_moveit2/install/moveit_hybrid_planning/share/moveit_hybrid_planning/cmake/ament_cmake_export_include_directories-extras.cmake
[2.761s] -- Up-to-date: /home/ti5/ws_moveit2/install/moveit_hybrid_planning/share/moveit_hybrid_planning/cmake/ament_cmake_export_libraries-extras.cmake
[2.762s] -- Up-to-date: /home/ti5/ws_moveit2/install/moveit_hybrid_planning/share/moveit_hybrid_planning/cmake/ament_cmake_export_dependencies-extras.cmake
[2.762s] -- Up-to-date: /home/ti5/ws_moveit2/install/moveit_hybrid_planning/share/moveit_hybrid_planning/cmake/ament_cmake_export_targets-extras.cmake
[2.767s] -- Up-to-date: /home/ti5/ws_moveit2/install/moveit_hybrid_planning/share/moveit_hybrid_planning/cmake/moveit_hybrid_planningConfig.cmake
[2.769s] -- Up-to-date: /home/ti5/ws_moveit2/install/moveit_hybrid_planning/share/moveit_hybrid_planning/cmake/moveit_hybrid_planningConfig-version.cmake
[2.770s] -- Up-to-date: /home/ti5/ws_moveit2/install/moveit_hybrid_planning/share/moveit_hybrid_planning/package.xml
[2.771s] Invoked command in '/home/ti5/ws_moveit2/build/moveit_hybrid_planning' returned '0': AMENT_PREFIX_PATH=/home/ti5/ws_moveit2/install/moveit_ros_planning_interface:/home/ti5/ws_moveit2/install/moveit_ros_move_group:/home/ti5/ws_moveit2/install/moveit_ros_warehouse:/home/ti5/ws_moveit2/install/moveit_planners_ompl:/home/ti5/ws_moveit2/install/moveit_kinematics:/home/ti5/ws_moveit2/install/moveit_ros_planning:/home/ti5/ws_moveit2/install/moveit_ros_occupancy_map_monitor:/home/ti5/ws_moveit2/install/moveit_core:/home/ti5/ws_moveit2/install/moveit_resources_panda_moveit_config:/home/ti5/ws_moveit2/install/srdfdom:/home/ti5/ws_moveit2/install/moveit_resources_panda_description:/home/ti5/ws_moveit2/install/moveit_common:${AMENT_PREFIX_PATH} CMAKE_PREFIX_PATH=/home/ti5/ws_moveit2/install/moveit_ros_planning_interface:/home/ti5/ws_moveit2/install/moveit_ros_move_group:/home/ti5/ws_moveit2/install/moveit_ros_warehouse:/home/ti5/ws_moveit2/install/moveit_planners_ompl:/home/ti5/ws_moveit2/install/moveit_kinematics:/home/ti5/ws_moveit2/install/moveit_ros_planning:/home/ti5/ws_moveit2/install/moveit_ros_occupancy_map_monitor:/home/ti5/ws_moveit2/install/moveit_core:/home/ti5/ws_moveit2/install/moveit_resources_panda_moveit_config:/home/ti5/ws_moveit2/install/srdfdom:/home/ti5/ws_moveit2/install/moveit_resources_panda_description:/home/ti5/ws_moveit2/install/moveit_common:/opt/ros/humble LD_LIBRARY_PATH=/home/ti5/ws_moveit2/install/moveit_ros_planning_interface/lib:/home/ti5/ws_moveit2/install/moveit_ros_move_group/lib:/home/ti5/ws_moveit2/install/moveit_ros_warehouse/lib:/home/ti5/ws_moveit2/install/moveit_planners_ompl/lib:/home/ti5/ws_moveit2/install/moveit_kinematics/lib:/home/ti5/ws_moveit2/install/moveit_ros_planning/lib:/home/ti5/ws_moveit2/install/moveit_ros_occupancy_map_monitor/lib:/home/ti5/ws_moveit2/install/moveit_core/lib:/home/ti5/ws_moveit2/install/srdfdom/lib:${LD_LIBRARY_PATH} PATH=/home/ti5/ws_moveit2/install/moveit_core/bin:${PATH} PYTHONPATH=/home/ti5/ws_moveit2/install/srdfdom/local/lib/python3.10/dist-packages:${PYTHONPATH} /usr/bin/cmake --install /home/ti5/ws_moveit2/build/moveit_hybrid_planning
