[0.069s] Invoking command in '/home/ti5/ws_moveit2/build/rviz_marker_tools': AMENT_PREFIX_PATH=/home/ti5/ws_moveit2/install/moveit_common:${AMENT_PREFIX_PATH} CMAKE_PREFIX_PATH=/home/ti5/ws_moveit2/install/moveit_common:/opt/ros/humble /usr/bin/cmake --build /home/ti5/ws_moveit2/build/rviz_marker_tools -- -j4 -l4
[0.613s] [100%] Built target rviz_marker_tools
[0.728s] Invoked command in '/home/ti5/ws_moveit2/build/rviz_marker_tools' returned '0': AMENT_PREFIX_PATH=/home/ti5/ws_moveit2/install/moveit_common:${AMENT_PREFIX_PATH} CMAKE_PREFIX_PATH=/home/ti5/ws_moveit2/install/moveit_common:/opt/ros/humble /usr/bin/cmake --build /home/ti5/ws_moveit2/build/rviz_marker_tools -- -j4 -l4
[1.160s] Invoking command in '/home/ti5/ws_moveit2/build/rviz_marker_tools': AMENT_PREFIX_PATH=/home/ti5/ws_moveit2/install/moveit_common:${AMENT_PREFIX_PATH} CMAKE_PREFIX_PATH=/home/ti5/ws_moveit2/install/moveit_common:/opt/ros/humble /usr/bin/cmake --install /home/ti5/ws_moveit2/build/rviz_marker_tools
[1.212s] -- Install configuration: "Release"
[1.213s] -- Up-to-date: /home/ti5/ws_moveit2/install/rviz_marker_tools/include
[1.215s] -- Up-to-date: /home/ti5/ws_moveit2/install/rviz_marker_tools/include/rviz_marker_tools
[1.216s] -- Up-to-date: /home/ti5/ws_moveit2/install/rviz_marker_tools/include/rviz_marker_tools/marker_creation.h
[1.221s] -- Up-to-date: /home/ti5/ws_moveit2/install/rviz_marker_tools/lib/librviz_marker_tools.so
[1.229s] -- Up-to-date: /home/ti5/ws_moveit2/install/rviz_marker_tools/share/rviz_marker_tools/environment/library_path.sh
[1.230s] -- Up-to-date: /home/ti5/ws_moveit2/install/rviz_marker_tools/share/rviz_marker_tools/environment/library_path.dsv
[1.231s] -- Up-to-date: /home/ti5/ws_moveit2/install/rviz_marker_tools/share/ament_index/resource_index/package_run_dependencies/rviz_marker_tools
[1.232s] -- Up-to-date: /home/ti5/ws_moveit2/install/rviz_marker_tools/share/ament_index/resource_index/parent_prefix_path/rviz_marker_tools
[1.233s] -- Up-to-date: /home/ti5/ws_moveit2/install/rviz_marker_tools/share/rviz_marker_tools/environment/ament_prefix_path.sh
[1.234s] -- Up-to-date: /home/ti5/ws_moveit2/install/rviz_marker_tools/share/rviz_marker_tools/environment/ament_prefix_path.dsv
[1.235s] -- Up-to-date: /home/ti5/ws_moveit2/install/rviz_marker_tools/share/rviz_marker_tools/environment/path.sh
[1.236s] -- Up-to-date: /home/ti5/ws_moveit2/install/rviz_marker_tools/share/rviz_marker_tools/environment/path.dsv
[1.236s] -- Up-to-date: /home/ti5/ws_moveit2/install/rviz_marker_tools/share/rviz_marker_tools/local_setup.bash
[1.237s] -- Up-to-date: /home/ti5/ws_moveit2/install/rviz_marker_tools/share/rviz_marker_tools/local_setup.sh
[1.238s] -- Up-to-date: /home/ti5/ws_moveit2/install/rviz_marker_tools/share/rviz_marker_tools/local_setup.zsh
[1.238s] -- Up-to-date: /home/ti5/ws_moveit2/install/rviz_marker_tools/share/rviz_marker_tools/local_setup.dsv
[1.239s] -- Installing: /home/ti5/ws_moveit2/install/rviz_marker_tools/share/rviz_marker_tools/package.dsv
[1.239s] -- Up-to-date: /home/ti5/ws_moveit2/install/rviz_marker_tools/share/ament_index/resource_index/packages/rviz_marker_tools
[1.244s] -- Up-to-date: /home/ti5/ws_moveit2/install/rviz_marker_tools/share/rviz_marker_tools/cmake/rviz_marker_toolsTargetsExport.cmake
[1.244s] -- Up-to-date: /home/ti5/ws_moveit2/install/rviz_marker_tools/share/rviz_marker_tools/cmake/rviz_marker_toolsTargetsExport-release.cmake
[1.248s] -- Up-to-date: /home/ti5/ws_moveit2/install/rviz_marker_tools/share/rviz_marker_tools/cmake/ament_cmake_export_targets-extras.cmake
[1.248s] -- Up-to-date: /home/ti5/ws_moveit2/install/rviz_marker_tools/share/rviz_marker_tools/cmake/ament_cmake_export_dependencies-extras.cmake
[1.249s] -- Up-to-date: /home/ti5/ws_moveit2/install/rviz_marker_tools/share/rviz_marker_tools/cmake/rviz_marker_toolsConfig.cmake
[1.249s] -- Up-to-date: /home/ti5/ws_moveit2/install/rviz_marker_tools/share/rviz_marker_tools/cmake/rviz_marker_toolsConfig-version.cmake
[1.249s] -- Up-to-date: /home/ti5/ws_moveit2/install/rviz_marker_tools/share/rviz_marker_tools/package.xml
[1.257s] Invoked command in '/home/ti5/ws_moveit2/build/rviz_marker_tools' returned '0': AMENT_PREFIX_PATH=/home/ti5/ws_moveit2/install/moveit_common:${AMENT_PREFIX_PATH} CMAKE_PREFIX_PATH=/home/ti5/ws_moveit2/install/moveit_common:/opt/ros/humble /usr/bin/cmake --install /home/ti5/ws_moveit2/build/rviz_marker_tools
