[0.208s] Invoking command in '/home/ti5/ws_moveit2/build/srdfdom': CMAKE_PREFIX_PATH=${CMAKE_PREFIX_PATH}:/home/ti5/ws_moveit2/install/moveit_configs_utils:/home/ti5/ws_moveit2/install/launch_param_builder:/opt/ros/humble /usr/bin/cmake --build /home/ti5/ws_moveit2/build/srdfdom -- -j4 -l4
[1.858s] [ 18%] Built target gtest_main
[1.859s] [ 45%] Built target srdfdom
[1.859s] [ 63%] Built target gtest
[1.860s] [ 63%] Built target ament_cmake_python_copy_srdfdom
[1.860s] [100%] Built target test_cpp_C
[1.861s] [ 81%] Built target test_cpp_nl_NL.UTF-8
[2.355s] running egg_info
[2.359s] writing srdfdom.egg-info/PKG-INFO
[2.360s] writing dependency_links to srdfdom.egg-info/dependency_links.txt
[2.361s] writing top-level names to srdfdom.egg-info/top_level.txt
[2.375s] reading manifest file 'srdfdom.egg-info/SOURCES.txt'
[2.380s] writing manifest file 'srdfdom.egg-info/SOURCES.txt'
[2.559s] [100%] Built target ament_cmake_python_build_srdfdom_egg
[2.682s] Invoked command in '/home/ti5/ws_moveit2/build/srdfdom' returned '0': CMAKE_PREFIX_PATH=${CMAKE_PREFIX_PATH}:/home/ti5/ws_moveit2/install/moveit_configs_utils:/home/ti5/ws_moveit2/install/launch_param_builder:/opt/ros/humble /usr/bin/cmake --build /home/ti5/ws_moveit2/build/srdfdom -- -j4 -l4
[3.061s] Invoking command in '/home/ti5/ws_moveit2/build/srdfdom': CMAKE_PREFIX_PATH=${CMAKE_PREFIX_PATH}:/home/ti5/ws_moveit2/install/moveit_configs_utils:/home/ti5/ws_moveit2/install/launch_param_builder:/opt/ros/humble /usr/bin/cmake --install /home/ti5/ws_moveit2/build/srdfdom
[3.132s] -- Install configuration: "Release"
[3.134s] -- Up-to-date: /home/ti5/ws_moveit2/install/srdfdom/lib/libsrdfdom.so.2.0.4
[3.136s] -- Up-to-date: /home/ti5/ws_moveit2/install/srdfdom/lib/libsrdfdom.so
[3.137s] -- Up-to-date: /home/ti5/ws_moveit2/install/srdfdom/include/srdfdom
[3.138s] -- Up-to-date: /home/ti5/ws_moveit2/install/srdfdom/include/srdfdom/visibility_control.h
[3.138s] -- Up-to-date: /home/ti5/ws_moveit2/install/srdfdom/include/srdfdom/srdf_writer.h
[3.139s] -- Up-to-date: /home/ti5/ws_moveit2/install/srdfdom/include/srdfdom/model.h
[3.139s] -- Up-to-date: /home/ti5/ws_moveit2/install/srdfdom/lib/srdfdom/display_srdf
[3.140s] -- Up-to-date: /home/ti5/ws_moveit2/install/srdfdom/share/srdfdom/environment/pythonpath.sh
[3.141s] -- Up-to-date: /home/ti5/ws_moveit2/install/srdfdom/share/srdfdom/environment/pythonpath.dsv
[3.142s] -- Up-to-date: /home/ti5/ws_moveit2/install/srdfdom/local/lib/python3.10/dist-packages/srdfdom-2.0.4-py3.10.egg-info
[3.143s] -- Installing: /home/ti5/ws_moveit2/install/srdfdom/local/lib/python3.10/dist-packages/srdfdom-2.0.4-py3.10.egg-info/dependency_links.txt
[3.143s] -- Installing: /home/ti5/ws_moveit2/install/srdfdom/local/lib/python3.10/dist-packages/srdfdom-2.0.4-py3.10.egg-info/PKG-INFO
[3.144s] -- Installing: /home/ti5/ws_moveit2/install/srdfdom/local/lib/python3.10/dist-packages/srdfdom-2.0.4-py3.10.egg-info/top_level.txt
[3.144s] -- Installing: /home/ti5/ws_moveit2/install/srdfdom/local/lib/python3.10/dist-packages/srdfdom-2.0.4-py3.10.egg-info/SOURCES.txt
[3.145s] -- Up-to-date: /home/ti5/ws_moveit2/install/srdfdom/local/lib/python3.10/dist-packages/srdfdom
[3.145s] -- Up-to-date: /home/ti5/ws_moveit2/install/srdfdom/local/lib/python3.10/dist-packages/srdfdom/__init__.py
[3.146s] -- Up-to-date: /home/ti5/ws_moveit2/install/srdfdom/local/lib/python3.10/dist-packages/srdfdom/srdf.py
[3.349s] Listing '/home/ti5/ws_moveit2/install/srdfdom/local/lib/python3.10/dist-packages/srdfdom'...
[3.359s] -- Up-to-date: /home/ti5/ws_moveit2/install/srdfdom/share/srdfdom/environment/library_path.sh
[3.362s] -- Up-to-date: /home/ti5/ws_moveit2/install/srdfdom/share/srdfdom/environment/library_path.dsv
[3.363s] -- Up-to-date: /home/ti5/ws_moveit2/install/srdfdom/share/ament_index/resource_index/package_run_dependencies/srdfdom
[3.365s] -- Up-to-date: /home/ti5/ws_moveit2/install/srdfdom/share/ament_index/resource_index/parent_prefix_path/srdfdom
[3.365s] -- Up-to-date: /home/ti5/ws_moveit2/install/srdfdom/share/srdfdom/environment/ament_prefix_path.sh
[3.366s] -- Up-to-date: /home/ti5/ws_moveit2/install/srdfdom/share/srdfdom/environment/ament_prefix_path.dsv
[3.366s] -- Up-to-date: /home/ti5/ws_moveit2/install/srdfdom/share/srdfdom/environment/path.sh
[3.367s] -- Up-to-date: /home/ti5/ws_moveit2/install/srdfdom/share/srdfdom/environment/path.dsv
[3.368s] -- Up-to-date: /home/ti5/ws_moveit2/install/srdfdom/share/srdfdom/local_setup.bash
[3.369s] -- Up-to-date: /home/ti5/ws_moveit2/install/srdfdom/share/srdfdom/local_setup.sh
[3.370s] -- Up-to-date: /home/ti5/ws_moveit2/install/srdfdom/share/srdfdom/local_setup.zsh
[3.370s] -- Up-to-date: /home/ti5/ws_moveit2/install/srdfdom/share/srdfdom/local_setup.dsv
[3.371s] -- Installing: /home/ti5/ws_moveit2/install/srdfdom/share/srdfdom/package.dsv
[3.374s] -- Up-to-date: /home/ti5/ws_moveit2/install/srdfdom/share/ament_index/resource_index/packages/srdfdom
[3.375s] -- Up-to-date: /home/ti5/ws_moveit2/install/srdfdom/share/srdfdom/cmake/srdfdomTargetsExport.cmake
[3.376s] -- Up-to-date: /home/ti5/ws_moveit2/install/srdfdom/share/srdfdom/cmake/srdfdomTargetsExport-release.cmake
[3.377s] -- Up-to-date: /home/ti5/ws_moveit2/install/srdfdom/share/srdfdom/cmake/ament_cmake_export_targets-extras.cmake
[3.379s] -- Up-to-date: /home/ti5/ws_moveit2/install/srdfdom/share/srdfdom/cmake/ament_cmake_export_dependencies-extras.cmake
[3.382s] -- Up-to-date: /home/ti5/ws_moveit2/install/srdfdom/share/srdfdom/cmake/srdfdomConfig.cmake
[3.384s] -- Up-to-date: /home/ti5/ws_moveit2/install/srdfdom/share/srdfdom/cmake/srdfdomConfig-version.cmake
[3.396s] -- Up-to-date: /home/ti5/ws_moveit2/install/srdfdom/share/srdfdom/package.xml
[3.398s] Invoked command in '/home/ti5/ws_moveit2/build/srdfdom' returned '0': CMAKE_PREFIX_PATH=${CMAKE_PREFIX_PATH}:/home/ti5/ws_moveit2/install/moveit_configs_utils:/home/ti5/ws_moveit2/install/launch_param_builder:/opt/ros/humble /usr/bin/cmake --install /home/ti5/ws_moveit2/build/srdfdom
