[0.079s] Invoking command in '/home/ti5/ws_moveit2/build/moveit_resources': AMENT_PREFIX_PATH=/home/ti5/ws_moveit2/install/moveit_resources_panda_moveit_config:/home/ti5/ws_moveit2/install/moveit_resources_fanuc_moveit_config:/home/ti5/ws_moveit2/install/moveit_resources_pr2_description:/home/ti5/ws_moveit2/install/moveit_resources_panda_description:/home/ti5/ws_moveit2/install/moveit_resources_fanuc_description:${AMENT_PREFIX_PATH} CMAKE_PREFIX_PATH=/home/ti5/ws_moveit2/install/moveit_resources_panda_moveit_config:/home/ti5/ws_moveit2/install/moveit_resources_fanuc_moveit_config:/home/ti5/ws_moveit2/install/moveit_resources_pr2_description:/home/ti5/ws_moveit2/install/moveit_resources_panda_description:/home/ti5/ws_moveit2/install/moveit_resources_fanuc_description:/opt/ros/humble /usr/bin/cmake /home/ti5/ws_moveit2/moveit_resources/moveit_resources -DCMAKE_INSTALL_PREFIX=/home/ti5/ws_moveit2/install/moveit_resources
[0.144s] -- Found ament_cmake: 1.3.8 (/opt/ros/humble/share/ament_cmake/cmake)
[1.147s] -- Configuring done
[1.187s] -- Generating done
[1.193s] -- Build files have been written to: /home/ti5/ws_moveit2/build/moveit_resources
[1.204s] Invoked command in '/home/ti5/ws_moveit2/build/moveit_resources' returned '0': AMENT_PREFIX_PATH=/home/ti5/ws_moveit2/install/moveit_resources_panda_moveit_config:/home/ti5/ws_moveit2/install/moveit_resources_fanuc_moveit_config:/home/ti5/ws_moveit2/install/moveit_resources_pr2_description:/home/ti5/ws_moveit2/install/moveit_resources_panda_description:/home/ti5/ws_moveit2/install/moveit_resources_fanuc_description:${AMENT_PREFIX_PATH} CMAKE_PREFIX_PATH=/home/ti5/ws_moveit2/install/moveit_resources_panda_moveit_config:/home/ti5/ws_moveit2/install/moveit_resources_fanuc_moveit_config:/home/ti5/ws_moveit2/install/moveit_resources_pr2_description:/home/ti5/ws_moveit2/install/moveit_resources_panda_description:/home/ti5/ws_moveit2/install/moveit_resources_fanuc_description:/opt/ros/humble /usr/bin/cmake /home/ti5/ws_moveit2/moveit_resources/moveit_resources -DCMAKE_INSTALL_PREFIX=/home/ti5/ws_moveit2/install/moveit_resources
[1.209s] Invoking command in '/home/ti5/ws_moveit2/build/moveit_resources': AMENT_PREFIX_PATH=/home/ti5/ws_moveit2/install/moveit_resources_panda_moveit_config:/home/ti5/ws_moveit2/install/moveit_resources_fanuc_moveit_config:/home/ti5/ws_moveit2/install/moveit_resources_pr2_description:/home/ti5/ws_moveit2/install/moveit_resources_panda_description:/home/ti5/ws_moveit2/install/moveit_resources_fanuc_description:${AMENT_PREFIX_PATH} CMAKE_PREFIX_PATH=/home/ti5/ws_moveit2/install/moveit_resources_panda_moveit_config:/home/ti5/ws_moveit2/install/moveit_resources_fanuc_moveit_config:/home/ti5/ws_moveit2/install/moveit_resources_pr2_description:/home/ti5/ws_moveit2/install/moveit_resources_panda_description:/home/ti5/ws_moveit2/install/moveit_resources_fanuc_description:/opt/ros/humble /usr/bin/cmake --build /home/ti5/ws_moveit2/build/moveit_resources -- -j4 -l4
[1.478s] Invoked command in '/home/ti5/ws_moveit2/build/moveit_resources' returned '0': AMENT_PREFIX_PATH=/home/ti5/ws_moveit2/install/moveit_resources_panda_moveit_config:/home/ti5/ws_moveit2/install/moveit_resources_fanuc_moveit_config:/home/ti5/ws_moveit2/install/moveit_resources_pr2_description:/home/ti5/ws_moveit2/install/moveit_resources_panda_description:/home/ti5/ws_moveit2/install/moveit_resources_fanuc_description:${AMENT_PREFIX_PATH} CMAKE_PREFIX_PATH=/home/ti5/ws_moveit2/install/moveit_resources_panda_moveit_config:/home/ti5/ws_moveit2/install/moveit_resources_fanuc_moveit_config:/home/ti5/ws_moveit2/install/moveit_resources_pr2_description:/home/ti5/ws_moveit2/install/moveit_resources_panda_description:/home/ti5/ws_moveit2/install/moveit_resources_fanuc_description:/opt/ros/humble /usr/bin/cmake --build /home/ti5/ws_moveit2/build/moveit_resources -- -j4 -l4
[1.645s] Invoking command in '/home/ti5/ws_moveit2/build/moveit_resources': AMENT_PREFIX_PATH=/home/ti5/ws_moveit2/install/moveit_resources_panda_moveit_config:/home/ti5/ws_moveit2/install/moveit_resources_fanuc_moveit_config:/home/ti5/ws_moveit2/install/moveit_resources_pr2_description:/home/ti5/ws_moveit2/install/moveit_resources_panda_description:/home/ti5/ws_moveit2/install/moveit_resources_fanuc_description:${AMENT_PREFIX_PATH} CMAKE_PREFIX_PATH=/home/ti5/ws_moveit2/install/moveit_resources_panda_moveit_config:/home/ti5/ws_moveit2/install/moveit_resources_fanuc_moveit_config:/home/ti5/ws_moveit2/install/moveit_resources_pr2_description:/home/ti5/ws_moveit2/install/moveit_resources_panda_description:/home/ti5/ws_moveit2/install/moveit_resources_fanuc_description:/opt/ros/humble /usr/bin/cmake --install /home/ti5/ws_moveit2/build/moveit_resources
[1.680s] -- Install configuration: "Release"
[1.682s] -- Up-to-date: /home/ti5/ws_moveit2/install/moveit_resources/share/ament_index/resource_index/package_run_dependencies/moveit_resources
[1.683s] -- Installing: /home/ti5/ws_moveit2/install/moveit_resources/share/ament_index/resource_index/parent_prefix_path/moveit_resources
[1.684s] -- Up-to-date: /home/ti5/ws_moveit2/install/moveit_resources/share/moveit_resources/environment/ament_prefix_path.sh
[1.686s] -- Installing: /home/ti5/ws_moveit2/install/moveit_resources/share/moveit_resources/environment/ament_prefix_path.dsv
[1.687s] -- Up-to-date: /home/ti5/ws_moveit2/install/moveit_resources/share/moveit_resources/environment/path.sh
[1.688s] -- Installing: /home/ti5/ws_moveit2/install/moveit_resources/share/moveit_resources/environment/path.dsv
[1.688s] -- Up-to-date: /home/ti5/ws_moveit2/install/moveit_resources/share/moveit_resources/local_setup.bash
[1.689s] -- Up-to-date: /home/ti5/ws_moveit2/install/moveit_resources/share/moveit_resources/local_setup.sh
[1.689s] -- Up-to-date: /home/ti5/ws_moveit2/install/moveit_resources/share/moveit_resources/local_setup.zsh
[1.690s] -- Installing: /home/ti5/ws_moveit2/install/moveit_resources/share/moveit_resources/local_setup.dsv
[1.691s] -- Installing: /home/ti5/ws_moveit2/install/moveit_resources/share/moveit_resources/package.dsv
[1.692s] -- Up-to-date: /home/ti5/ws_moveit2/install/moveit_resources/share/ament_index/resource_index/packages/moveit_resources
[1.692s] -- Up-to-date: /home/ti5/ws_moveit2/install/moveit_resources/share/moveit_resources/cmake/moveit_resourcesConfig.cmake
[1.693s] -- Up-to-date: /home/ti5/ws_moveit2/install/moveit_resources/share/moveit_resources/cmake/moveit_resourcesConfig-version.cmake
[1.693s] -- Up-to-date: /home/ti5/ws_moveit2/install/moveit_resources/share/moveit_resources/package.xml
[1.702s] Invoked command in '/home/ti5/ws_moveit2/build/moveit_resources' returned '0': AMENT_PREFIX_PATH=/home/ti5/ws_moveit2/install/moveit_resources_panda_moveit_config:/home/ti5/ws_moveit2/install/moveit_resources_fanuc_moveit_config:/home/ti5/ws_moveit2/install/moveit_resources_pr2_description:/home/ti5/ws_moveit2/install/moveit_resources_panda_description:/home/ti5/ws_moveit2/install/moveit_resources_fanuc_description:${AMENT_PREFIX_PATH} CMAKE_PREFIX_PATH=/home/ti5/ws_moveit2/install/moveit_resources_panda_moveit_config:/home/ti5/ws_moveit2/install/moveit_resources_fanuc_moveit_config:/home/ti5/ws_moveit2/install/moveit_resources_pr2_description:/home/ti5/ws_moveit2/install/moveit_resources_panda_description:/home/ti5/ws_moveit2/install/moveit_resources_fanuc_description:/opt/ros/humble /usr/bin/cmake --install /home/ti5/ws_moveit2/build/moveit_resources
