[2.326s] Invoking command in '/home/ti5/ws_moveit2/build/moveit_resources_panda_description': CMAKE_PREFIX_PATH=${CMAKE_PREFIX_PATH}:/home/ti5/ws_moveit2/install/moveit_configs_utils:/home/ti5/ws_moveit2/install/launch_param_builder:/opt/ros/humble /usr/bin/cmake --build /home/ti5/ws_moveit2/build/moveit_resources_panda_description -- -j4 -l4
[2.863s] Invoked command in '/home/ti5/ws_moveit2/build/moveit_resources_panda_description' returned '0': CMAKE_PREFIX_PATH=${CMAKE_PREFIX_PATH}:/home/ti5/ws_moveit2/install/moveit_configs_utils:/home/ti5/ws_moveit2/install/launch_param_builder:/opt/ros/humble /usr/bin/cmake --build /home/ti5/ws_moveit2/build/moveit_resources_panda_description -- -j4 -l4
[3.201s] Invoking command in '/home/ti5/ws_moveit2/build/moveit_resources_panda_description': CMAKE_PREFIX_PATH=${CMAKE_PREFIX_PATH}:/home/ti5/ws_moveit2/install/moveit_configs_utils:/home/ti5/ws_moveit2/install/launch_param_builder:/opt/ros/humble /usr/bin/cmake --install /home/ti5/ws_moveit2/build/moveit_resources_panda_description
[3.309s] -- Install configuration: "Release"
[3.311s] -- Up-to-date: /home/ti5/ws_moveit2/install/moveit_resources_panda_description/share/ament_index/resource_index/package_run_dependencies/moveit_resources_panda_description
[3.312s] -- Up-to-date: /home/ti5/ws_moveit2/install/moveit_resources_panda_description/share/ament_index/resource_index/parent_prefix_path/moveit_resources_panda_description
[3.313s] -- Up-to-date: /home/ti5/ws_moveit2/install/moveit_resources_panda_description/share/moveit_resources_panda_description/environment/ament_prefix_path.sh
[3.313s] -- Up-to-date: /home/ti5/ws_moveit2/install/moveit_resources_panda_description/share/moveit_resources_panda_description/environment/ament_prefix_path.dsv
[3.316s] -- Up-to-date: /home/ti5/ws_moveit2/install/moveit_resources_panda_description/share/moveit_resources_panda_description/environment/path.sh
[3.326s] -- Up-to-date: /home/ti5/ws_moveit2/install/moveit_resources_panda_description/share/moveit_resources_panda_description/environment/path.dsv
[3.327s] -- Up-to-date: /home/ti5/ws_moveit2/install/moveit_resources_panda_description/share/moveit_resources_panda_description/local_setup.bash
[3.327s] -- Up-to-date: /home/ti5/ws_moveit2/install/moveit_resources_panda_description/share/moveit_resources_panda_description/local_setup.sh
[3.328s] -- Up-to-date: /home/ti5/ws_moveit2/install/moveit_resources_panda_description/share/moveit_resources_panda_description/local_setup.zsh
[3.329s] -- Up-to-date: /home/ti5/ws_moveit2/install/moveit_resources_panda_description/share/moveit_resources_panda_description/local_setup.dsv
[3.329s] -- Installing: /home/ti5/ws_moveit2/install/moveit_resources_panda_description/share/moveit_resources_panda_description/package.dsv
[3.329s] -- Up-to-date: /home/ti5/ws_moveit2/install/moveit_resources_panda_description/share/ament_index/resource_index/packages/moveit_resources_panda_description
[3.331s] -- Up-to-date: /home/ti5/ws_moveit2/install/moveit_resources_panda_description/share/moveit_resources_panda_description/cmake/moveit_resources_panda_descriptionConfig.cmake
[3.331s] -- Up-to-date: /home/ti5/ws_moveit2/install/moveit_resources_panda_description/share/moveit_resources_panda_description/cmake/moveit_resources_panda_descriptionConfig-version.cmake
[3.332s] -- Up-to-date: /home/ti5/ws_moveit2/install/moveit_resources_panda_description/share/moveit_resources_panda_description/package.xml
[3.332s] -- Up-to-date: /home/ti5/ws_moveit2/install/moveit_resources_panda_description/share/moveit_resources_panda_description/meshes
[3.332s] -- Up-to-date: /home/ti5/ws_moveit2/install/moveit_resources_panda_description/share/moveit_resources_panda_description/meshes/collision
[3.333s] -- Up-to-date: /home/ti5/ws_moveit2/install/moveit_resources_panda_description/share/moveit_resources_panda_description/meshes/collision/link2.stl
[3.336s] -- Up-to-date: /home/ti5/ws_moveit2/install/moveit_resources_panda_description/share/moveit_resources_panda_description/meshes/collision/hand.stl
[3.336s] -- Up-to-date: /home/ti5/ws_moveit2/install/moveit_resources_panda_description/share/moveit_resources_panda_description/meshes/collision/link0.stl
[3.337s] -- Up-to-date: /home/ti5/ws_moveit2/install/moveit_resources_panda_description/share/moveit_resources_panda_description/meshes/collision/link6.stl
[3.337s] -- Up-to-date: /home/ti5/ws_moveit2/install/moveit_resources_panda_description/share/moveit_resources_panda_description/meshes/collision/finger.stl
[3.338s] -- Up-to-date: /home/ti5/ws_moveit2/install/moveit_resources_panda_description/share/moveit_resources_panda_description/meshes/collision/link4.stl
[3.338s] -- Up-to-date: /home/ti5/ws_moveit2/install/moveit_resources_panda_description/share/moveit_resources_panda_description/meshes/collision/link3.stl
[3.339s] -- Up-to-date: /home/ti5/ws_moveit2/install/moveit_resources_panda_description/share/moveit_resources_panda_description/meshes/collision/link7.stl
[3.340s] -- Up-to-date: /home/ti5/ws_moveit2/install/moveit_resources_panda_description/share/moveit_resources_panda_description/meshes/collision/link1.stl
[3.341s] -- Up-to-date: /home/ti5/ws_moveit2/install/moveit_resources_panda_description/share/moveit_resources_panda_description/meshes/collision/link5.stl
[3.342s] -- Up-to-date: /home/ti5/ws_moveit2/install/moveit_resources_panda_description/share/moveit_resources_panda_description/meshes/visual
[3.343s] -- Up-to-date: /home/ti5/ws_moveit2/install/moveit_resources_panda_description/share/moveit_resources_panda_description/meshes/visual/link7.dae
[3.344s] -- Up-to-date: /home/ti5/ws_moveit2/install/moveit_resources_panda_description/share/moveit_resources_panda_description/meshes/visual/link5.dae
[3.344s] -- Up-to-date: /home/ti5/ws_moveit2/install/moveit_resources_panda_description/share/moveit_resources_panda_description/meshes/visual/link3.dae
[3.345s] -- Up-to-date: /home/ti5/ws_moveit2/install/moveit_resources_panda_description/share/moveit_resources_panda_description/meshes/visual/link1.dae
[3.355s] -- Up-to-date: /home/ti5/ws_moveit2/install/moveit_resources_panda_description/share/moveit_resources_panda_description/meshes/visual/hand.dae
[3.357s] -- Up-to-date: /home/ti5/ws_moveit2/install/moveit_resources_panda_description/share/moveit_resources_panda_description/meshes/visual/link4.dae
[3.359s] -- Up-to-date: /home/ti5/ws_moveit2/install/moveit_resources_panda_description/share/moveit_resources_panda_description/meshes/visual/link2.dae
[3.362s] -- Up-to-date: /home/ti5/ws_moveit2/install/moveit_resources_panda_description/share/moveit_resources_panda_description/meshes/visual/link6.dae
[3.364s] -- Up-to-date: /home/ti5/ws_moveit2/install/moveit_resources_panda_description/share/moveit_resources_panda_description/meshes/visual/finger.dae
[3.365s] -- Up-to-date: /home/ti5/ws_moveit2/install/moveit_resources_panda_description/share/moveit_resources_panda_description/meshes/visual/link0.dae
[3.367s] -- Up-to-date: /home/ti5/ws_moveit2/install/moveit_resources_panda_description/share/moveit_resources_panda_description/urdf
[3.370s] -- Up-to-date: /home/ti5/ws_moveit2/install/moveit_resources_panda_description/share/moveit_resources_panda_description/urdf/panda.urdf
[3.372s] Invoked command in '/home/ti5/ws_moveit2/build/moveit_resources_panda_description' returned '0': CMAKE_PREFIX_PATH=${CMAKE_PREFIX_PATH}:/home/ti5/ws_moveit2/install/moveit_configs_utils:/home/ti5/ws_moveit2/install/launch_param_builder:/opt/ros/humble /usr/bin/cmake --install /home/ti5/ws_moveit2/build/moveit_resources_panda_description
