[0.105s] Invoking command in '/home/ti5/ws_moveit2/build/demo': CMAKE_PREFIX_PATH=${CMAKE_PREFIX_PATH}:/home/ti5/ws_moveit2/install/moveit_configs_utils:/home/ti5/ws_moveit2/install/launch_param_builder:/opt/ros/humble /usr/bin/cmake --build /home/ti5/ws_moveit2/build/demo -- -j4 -l4
[0.497s] [35m[1mConsolidate compiler generated dependencies of target demo[0m
[0.633s] [100%] Built target demo
[0.705s] Invoked command in '/home/ti5/ws_moveit2/build/demo' returned '0': CMAKE_PREFIX_PATH=${CMAKE_PREFIX_PATH}:/home/ti5/ws_moveit2/install/moveit_configs_utils:/home/ti5/ws_moveit2/install/launch_param_builder:/opt/ros/humble /usr/bin/cmake --build /home/ti5/ws_moveit2/build/demo -- -j4 -l4
[0.986s] Invoking command in '/home/ti5/ws_moveit2/build/demo': CMAKE_PREFIX_PATH=${CMAKE_PREFIX_PATH}:/home/ti5/ws_moveit2/install/moveit_configs_utils:/home/ti5/ws_moveit2/install/launch_param_builder:/opt/ros/humble /usr/bin/cmake --install /home/ti5/ws_moveit2/build/demo
[1.058s] -- Install configuration: "Release"
[1.059s] -- Up-to-date: /home/ti5/ws_moveit2/install/demo/share/ament_index/resource_index/package_run_dependencies/demo
[1.060s] -- Up-to-date: /home/ti5/ws_moveit2/install/demo/share/ament_index/resource_index/parent_prefix_path/demo
[1.060s] -- Up-to-date: /home/ti5/ws_moveit2/install/demo/share/demo/environment/ament_prefix_path.sh
[1.061s] -- Up-to-date: /home/ti5/ws_moveit2/install/demo/share/demo/environment/ament_prefix_path.dsv
[1.061s] -- Up-to-date: /home/ti5/ws_moveit2/install/demo/share/demo/environment/path.sh
[1.061s] -- Up-to-date: /home/ti5/ws_moveit2/install/demo/share/demo/environment/path.dsv
[1.062s] -- Up-to-date: /home/ti5/ws_moveit2/install/demo/share/demo/local_setup.bash
[1.062s] -- Up-to-date: /home/ti5/ws_moveit2/install/demo/share/demo/local_setup.sh
[1.063s] -- Up-to-date: /home/ti5/ws_moveit2/install/demo/share/demo/local_setup.zsh
[1.063s] -- Up-to-date: /home/ti5/ws_moveit2/install/demo/share/demo/local_setup.dsv
[1.064s] -- Installing: /home/ti5/ws_moveit2/install/demo/share/demo/package.dsv
[1.064s] -- Up-to-date: /home/ti5/ws_moveit2/install/demo/share/ament_index/resource_index/packages/demo
[1.065s] -- Up-to-date: /home/ti5/ws_moveit2/install/demo/share/demo/cmake/demoConfig.cmake
[1.066s] -- Up-to-date: /home/ti5/ws_moveit2/install/demo/share/demo/cmake/demoConfig-version.cmake
[1.066s] -- Up-to-date: /home/ti5/ws_moveit2/install/demo/share/demo/package.xml
[1.068s] -- Up-to-date: /home/ti5/ws_moveit2/install/demo/lib/demo/demo
[1.088s] Invoked command in '/home/ti5/ws_moveit2/build/demo' returned '0': CMAKE_PREFIX_PATH=${CMAKE_PREFIX_PATH}:/home/ti5/ws_moveit2/install/moveit_configs_utils:/home/ti5/ws_moveit2/install/launch_param_builder:/opt/ros/humble /usr/bin/cmake --install /home/ti5/ws_moveit2/build/demo
